[2.773s] Invoking command in '/home/delewlew/software_for_robotics_part2/src/example_urdf_robot': PYTHONPATH=/home/delewlew/software_for_robotics_part2/build/example_urdf_robot/prefix_override:/usr/lib/python3/dist-packages/colcon_core/task/python/colcon_distutils_commands:/home/delewlew/software_for_robotics_part2/install/example_urdf_robot/lib/python3.10/site-packages:${PYTHONPATH} /usr/bin/python3 -W ignore:setup.py install is deprecated setup.py egg_info --egg-base ../../build/example_urdf_robot build --build-base /home/delewlew/software_for_robotics_part2/build/example_urdf_robot/build install --record /home/delewlew/software_for_robotics_part2/build/example_urdf_robot/install.log --single-version-externally-managed install_data
[3.441s] running egg_info
[3.442s] writing ../../build/example_urdf_robot/example_urdf_robot.egg-info/PKG-INFO
[3.442s] writing dependency_links to ../../build/example_urdf_robot/example_urdf_robot.egg-info/dependency_links.txt
[3.443s] writing entry points to ../../build/example_urdf_robot/example_urdf_robot.egg-info/entry_points.txt
[3.443s] writing requirements to ../../build/example_urdf_robot/example_urdf_robot.egg-info/requires.txt
[3.443s] writing top-level names to ../../build/example_urdf_robot/example_urdf_robot.egg-info/top_level.txt
[3.445s] reading manifest file '../../build/example_urdf_robot/example_urdf_robot.egg-info/SOURCES.txt'
[3.446s] adding license file 'LICENSE'
[3.447s] writing manifest file '../../build/example_urdf_robot/example_urdf_robot.egg-info/SOURCES.txt'
[3.447s] running build
[3.447s] running build_py
[3.447s] running install
[3.448s] running install_lib
[3.450s] running install_data
[3.450s] running install_egg_info
[3.457s] removing '/home/delewlew/software_for_robotics_part2/install/example_urdf_robot/lib/python3.10/site-packages/example_urdf_robot-0.0.0-py3.10.egg-info' (and everything under it)
[3.457s] Copying ../../build/example_urdf_robot/example_urdf_robot.egg-info to /home/delewlew/software_for_robotics_part2/install/example_urdf_robot/lib/python3.10/site-packages/example_urdf_robot-0.0.0-py3.10.egg-info
[3.457s] running install_scripts
[3.486s] writing list of installed files to '/home/delewlew/software_for_robotics_part2/build/example_urdf_robot/install.log'
[3.522s] Invoked command in '/home/delewlew/software_for_robotics_part2/src/example_urdf_robot' returned '0': PYTHONPATH=/home/delewlew/software_for_robotics_part2/build/example_urdf_robot/prefix_override:/usr/lib/python3/dist-packages/colcon_core/task/python/colcon_distutils_commands:/home/delewlew/software_for_robotics_part2/install/example_urdf_robot/lib/python3.10/site-packages:${PYTHONPATH} /usr/bin/python3 -W ignore:setup.py install is deprecated setup.py egg_info --egg-base ../../build/example_urdf_robot build --build-base /home/delewlew/software_for_robotics_part2/build/example_urdf_robot/build install --record /home/delewlew/software_for_robotics_part2/build/example_urdf_robot/install.log --single-version-externally-managed install_data
