[3.225s] Invoking command in '/home/delewlew/ros2_tutorial_workspace_2/src/python_package_that_uses_the_services': PYTHONPATH=/home/delewlew/ros2_tutorial_workspace_2/build/python_package_that_uses_the_services/prefix_override:/usr/lib/python3/dist-packages/colcon_core/task/python/colcon_distutils_commands:/home/delewlew/ros2_tutorial_workspace_2/install/python_package_that_uses_the_services/lib/python3.10/site-packages:${PYTHONPATH} /usr/bin/python3 -W ignore:setup.py install is deprecated setup.py egg_info --egg-base ../../build/python_package_that_uses_the_services build --build-base /home/delewlew/ros2_tutorial_workspace_2/build/python_package_that_uses_the_services/build install --record /home/delewlew/ros2_tutorial_workspace_2/build/python_package_that_uses_the_services/install.log --single-version-externally-managed install_data
[4.027s] running egg_info
[4.029s] writing ../../build/python_package_that_uses_the_services/python_package_that_uses_the_services.egg-info/PKG-INFO
[4.030s] writing dependency_links to ../../build/python_package_that_uses_the_services/python_package_that_uses_the_services.egg-info/dependency_links.txt
[4.034s] writing entry points to ../../build/python_package_that_uses_the_services/python_package_that_uses_the_services.egg-info/entry_points.txt
[4.034s] writing requirements to ../../build/python_package_that_uses_the_services/python_package_that_uses_the_services.egg-info/requires.txt
[4.034s] writing top-level names to ../../build/python_package_that_uses_the_services/python_package_that_uses_the_services.egg-info/top_level.txt
[4.038s] reading manifest file '../../build/python_package_that_uses_the_services/python_package_that_uses_the_services.egg-info/SOURCES.txt'
[4.042s] writing manifest file '../../build/python_package_that_uses_the_services/python_package_that_uses_the_services.egg-info/SOURCES.txt'
[4.042s] running build
[4.043s] running build_py
[4.044s] running install
[4.046s] running install_lib
[4.060s] running install_data
[4.060s] running install_egg_info
[4.060s] removing '/home/delewlew/ros2_tutorial_workspace_2/install/python_package_that_uses_the_services/lib/python3.10/site-packages/python_package_that_uses_the_services-0.0.0-py3.10.egg-info' (and everything under it)
[4.061s] Copying ../../build/python_package_that_uses_the_services/python_package_that_uses_the_services.egg-info to /home/delewlew/ros2_tutorial_workspace_2/install/python_package_that_uses_the_services/lib/python3.10/site-packages/python_package_that_uses_the_services-0.0.0-py3.10.egg-info
[4.061s] running install_scripts
[4.112s] Installing what_is_the_point_service_client_node script to /home/delewlew/ros2_tutorial_workspace_2/install/python_package_that_uses_the_services/lib/python_package_that_uses_the_services
[4.113s] Installing what_is_the_point_service_server_node script to /home/delewlew/ros2_tutorial_workspace_2/install/python_package_that_uses_the_services/lib/python_package_that_uses_the_services
[4.113s] writing list of installed files to '/home/delewlew/ros2_tutorial_workspace_2/build/python_package_that_uses_the_services/install.log'
[4.336s] Invoked command in '/home/delewlew/ros2_tutorial_workspace_2/src/python_package_that_uses_the_services' returned '0': PYTHONPATH=/home/delewlew/ros2_tutorial_workspace_2/build/python_package_that_uses_the_services/prefix_override:/usr/lib/python3/dist-packages/colcon_core/task/python/colcon_distutils_commands:/home/delewlew/ros2_tutorial_workspace_2/install/python_package_that_uses_the_services/lib/python3.10/site-packages:${PYTHONPATH} /usr/bin/python3 -W ignore:setup.py install is deprecated setup.py egg_info --egg-base ../../build/python_package_that_uses_the_services build --build-base /home/delewlew/ros2_tutorial_workspace_2/build/python_package_that_uses_the_services/build install --record /home/delewlew/ros2_tutorial_workspace_2/build/python_package_that_uses_the_services/install.log --single-version-externally-managed install_data
