[0.897s] Invoking command in '/home/delewlew/ros2_tutorial_workspace_2/src/python_package_that_uses_the_library': AMENT_PREFIX_PATH=/home/delewlew/ros2_tutorial_workspace_2/src/install/python_package_with_a_library:${AMENT_PREFIX_PATH} PYTHONPATH=/home/delewlew/ros2_tutorial_workspace_2/src/build/python_package_that_uses_the_library/prefix_override:/usr/lib/python3/dist-packages/colcon_core/task/python/colcon_distutils_commands:/home/delewlew/ros2_tutorial_workspace_2/src/install/python_package_that_uses_the_library/lib/python3.10/site-packages:/home/delewlew/ros2_tutorial_workspace_2/src/install/python_package_with_a_library/lib/python3.10/site-packages:${PYTHONPATH} /usr/bin/python3 -W ignore:setup.py install is deprecated setup.py egg_info --egg-base ../build/python_package_that_uses_the_library build --build-base /home/delewlew/ros2_tutorial_workspace_2/src/build/python_package_that_uses_the_library/build install --record /home/delewlew/ros2_tutorial_workspace_2/src/build/python_package_that_uses_the_library/install.log --single-version-externally-managed install_data
[1.267s] running egg_info
[1.268s] creating ../build/python_package_that_uses_the_library/python_package_that_uses_the_library.egg-info
[1.268s] writing ../build/python_package_that_uses_the_library/python_package_that_uses_the_library.egg-info/PKG-INFO
[1.268s] writing dependency_links to ../build/python_package_that_uses_the_library/python_package_that_uses_the_library.egg-info/dependency_links.txt
[1.268s] writing entry points to ../build/python_package_that_uses_the_library/python_package_that_uses_the_library.egg-info/entry_points.txt
[1.269s] writing requirements to ../build/python_package_that_uses_the_library/python_package_that_uses_the_library.egg-info/requires.txt
[1.269s] writing top-level names to ../build/python_package_that_uses_the_library/python_package_that_uses_the_library.egg-info/top_level.txt
[1.269s] writing manifest file '../build/python_package_that_uses_the_library/python_package_that_uses_the_library.egg-info/SOURCES.txt'
[1.271s] reading manifest file '../build/python_package_that_uses_the_library/python_package_that_uses_the_library.egg-info/SOURCES.txt'
[1.272s] writing manifest file '../build/python_package_that_uses_the_library/python_package_that_uses_the_library.egg-info/SOURCES.txt'
[1.272s] running build
[1.272s] running build_py
[1.272s] creating /home/delewlew/ros2_tutorial_workspace_2/src/build/python_package_that_uses_the_library/build
[1.272s] creating /home/delewlew/ros2_tutorial_workspace_2/src/build/python_package_that_uses_the_library/build/lib
[1.272s] creating /home/delewlew/ros2_tutorial_workspace_2/src/build/python_package_that_uses_the_library/build/lib/python_package_that_uses_the_library
[1.272s] copying python_package_that_uses_the_library/node_that_uses_the_library.py -> /home/delewlew/ros2_tutorial_workspace_2/src/build/python_package_that_uses_the_library/build/lib/python_package_that_uses_the_library
[1.273s] copying python_package_that_uses_the_library/__init__.py -> /home/delewlew/ros2_tutorial_workspace_2/src/build/python_package_that_uses_the_library/build/lib/python_package_that_uses_the_library
[1.273s] running install
[1.273s] running install_lib
[1.274s] creating /home/delewlew/ros2_tutorial_workspace_2/src/install/python_package_that_uses_the_library/lib/python3.10/site-packages/python_package_that_uses_the_library
[1.274s] copying /home/delewlew/ros2_tutorial_workspace_2/src/build/python_package_that_uses_the_library/build/lib/python_package_that_uses_the_library/node_that_uses_the_library.py -> /home/delewlew/ros2_tutorial_workspace_2/src/install/python_package_that_uses_the_library/lib/python3.10/site-packages/python_package_that_uses_the_library
[1.274s] copying /home/delewlew/ros2_tutorial_workspace_2/src/build/python_package_that_uses_the_library/build/lib/python_package_that_uses_the_library/__init__.py -> /home/delewlew/ros2_tutorial_workspace_2/src/install/python_package_that_uses_the_library/lib/python3.10/site-packages/python_package_that_uses_the_library
[1.275s] byte-compiling /home/delewlew/ros2_tutorial_workspace_2/src/install/python_package_that_uses_the_library/lib/python3.10/site-packages/python_package_that_uses_the_library/node_that_uses_the_library.py to node_that_uses_the_library.cpython-310.pyc
[1.276s] byte-compiling /home/delewlew/ros2_tutorial_workspace_2/src/install/python_package_that_uses_the_library/lib/python3.10/site-packages/python_package_that_uses_the_library/__init__.py to __init__.cpython-310.pyc
[1.276s]   File "/home/delewlew/ros2_tutorial_workspace_2/src/install/python_package_that_uses_the_library/lib/python3.10/site-packages/python_package_that_uses_the_library/node_that_uses_the_library.py", line 5
[1.276s]     from python_package_with_a_library
[1.276s]                                       ^
[1.276s] SyntaxError: invalid syntax
[1.276s] 
[1.276s] running install_data
[1.276s] creating /home/delewlew/ros2_tutorial_workspace_2/src/install/python_package_that_uses_the_library/share/ament_index
[1.276s] creating /home/delewlew/ros2_tutorial_workspace_2/src/install/python_package_that_uses_the_library/share/ament_index/resource_index
[1.276s] creating /home/delewlew/ros2_tutorial_workspace_2/src/install/python_package_that_uses_the_library/share/ament_index/resource_index/packages
[1.277s] copying resource/python_package_that_uses_the_library -> /home/delewlew/ros2_tutorial_workspace_2/src/install/python_package_that_uses_the_library/share/ament_index/resource_index/packages
[1.277s] copying package.xml -> /home/delewlew/ros2_tutorial_workspace_2/src/install/python_package_that_uses_the_library/share/python_package_that_uses_the_library
[1.277s] running install_egg_info
[1.280s] Copying ../build/python_package_that_uses_the_library/python_package_that_uses_the_library.egg-info to /home/delewlew/ros2_tutorial_workspace_2/src/install/python_package_that_uses_the_library/lib/python3.10/site-packages/python_package_that_uses_the_library-0.0.0-py3.10.egg-info
[1.280s] running install_scripts
[1.334s] Installing node_that_uses_the_library script to /home/delewlew/ros2_tutorial_workspace_2/src/install/python_package_that_uses_the_library/lib/python_package_that_uses_the_library
[1.335s] writing list of installed files to '/home/delewlew/ros2_tutorial_workspace_2/src/build/python_package_that_uses_the_library/install.log'
[1.364s] Invoked command in '/home/delewlew/ros2_tutorial_workspace_2/src/python_package_that_uses_the_library' returned '0': AMENT_PREFIX_PATH=/home/delewlew/ros2_tutorial_workspace_2/src/install/python_package_with_a_library:${AMENT_PREFIX_PATH} PYTHONPATH=/home/delewlew/ros2_tutorial_workspace_2/src/build/python_package_that_uses_the_library/prefix_override:/usr/lib/python3/dist-packages/colcon_core/task/python/colcon_distutils_commands:/home/delewlew/ros2_tutorial_workspace_2/src/install/python_package_that_uses_the_library/lib/python3.10/site-packages:/home/delewlew/ros2_tutorial_workspace_2/src/install/python_package_with_a_library/lib/python3.10/site-packages:${PYTHONPATH} /usr/bin/python3 -W ignore:setup.py install is deprecated setup.py egg_info --egg-base ../build/python_package_that_uses_the_library build --build-base /home/delewlew/ros2_tutorial_workspace_2/src/build/python_package_that_uses_the_library/build install --record /home/delewlew/ros2_tutorial_workspace_2/src/build/python_package_that_uses_the_library/install.log --single-version-externally-managed install_data
