[1.193s] Invoking command in '/home/delewlew/ros2_tutorial_workspace_2/src/python_package_that_uses_paramameters_and_launch_files': PYTHONPATH=/home/delewlew/ros2_tutorial_workspace_2/src/build/python_package_that_uses_paramameters_and_launch_files/prefix_override:/usr/lib/python3/dist-packages/colcon_core/task/python/colcon_distutils_commands:/home/delewlew/ros2_tutorial_workspace_2/src/install/python_package_that_uses_paramameters_and_launch_files/lib/python3.10/site-packages:${PYTHONPATH} /usr/bin/python3 -W ignore:setup.py install is deprecated setup.py egg_info --egg-base ../build/python_package_that_uses_paramameters_and_launch_files build --build-base /home/delewlew/ros2_tutorial_workspace_2/src/build/python_package_that_uses_paramameters_and_launch_files/build install --record /home/delewlew/ros2_tutorial_workspace_2/src/build/python_package_that_uses_paramameters_and_launch_files/install.log --single-version-externally-managed install_data
[1.486s] running egg_info
[1.486s] creating ../build/python_package_that_uses_paramameters_and_launch_files/python_package_that_uses_paramameters_and_launch_files.egg-info
[1.487s] writing ../build/python_package_that_uses_paramameters_and_launch_files/python_package_that_uses_paramameters_and_launch_files.egg-info/PKG-INFO
[1.487s] writing dependency_links to ../build/python_package_that_uses_paramameters_and_launch_files/python_package_that_uses_paramameters_and_launch_files.egg-info/dependency_links.txt
[1.487s] writing entry points to ../build/python_package_that_uses_paramameters_and_launch_files/python_package_that_uses_paramameters_and_launch_files.egg-info/entry_points.txt
[1.487s] writing requirements to ../build/python_package_that_uses_paramameters_and_launch_files/python_package_that_uses_paramameters_and_launch_files.egg-info/requires.txt
[1.487s] writing top-level names to ../build/python_package_that_uses_paramameters_and_launch_files/python_package_that_uses_paramameters_and_launch_files.egg-info/top_level.txt
[1.488s] writing manifest file '../build/python_package_that_uses_paramameters_and_launch_files/python_package_that_uses_paramameters_and_launch_files.egg-info/SOURCES.txt'
[1.489s] reading manifest file '../build/python_package_that_uses_paramameters_and_launch_files/python_package_that_uses_paramameters_and_launch_files.egg-info/SOURCES.txt'
[1.490s] writing manifest file '../build/python_package_that_uses_paramameters_and_launch_files/python_package_that_uses_paramameters_and_launch_files.egg-info/SOURCES.txt'
[1.490s] running build
[1.490s] running build_py
[1.490s] creating /home/delewlew/ros2_tutorial_workspace_2/src/build/python_package_that_uses_paramameters_and_launch_files/build
[1.491s] creating /home/delewlew/ros2_tutorial_workspace_2/src/build/python_package_that_uses_paramameters_and_launch_files/build/lib
[1.491s] creating /home/delewlew/ros2_tutorial_workspace_2/src/build/python_package_that_uses_paramameters_and_launch_files/build/lib/python_package_that_uses_paramameters_and_launch_files
[1.491s] copying python_package_that_uses_paramameters_and_launch_files/amazing_quote_configurable_publisher_node.py -> /home/delewlew/ros2_tutorial_workspace_2/src/build/python_package_that_uses_paramameters_and_launch_files/build/lib/python_package_that_uses_paramameters_and_launch_files
[1.491s] copying python_package_that_uses_paramameters_and_launch_files/__init__.py -> /home/delewlew/ros2_tutorial_workspace_2/src/build/python_package_that_uses_paramameters_and_launch_files/build/lib/python_package_that_uses_paramameters_and_launch_files
[1.491s] running install
[1.491s] running install_lib
[1.492s] creating /home/delewlew/ros2_tutorial_workspace_2/src/install/python_package_that_uses_paramameters_and_launch_files/lib/python3.10/site-packages/python_package_that_uses_paramameters_and_launch_files
[1.492s] copying /home/delewlew/ros2_tutorial_workspace_2/src/build/python_package_that_uses_paramameters_and_launch_files/build/lib/python_package_that_uses_paramameters_and_launch_files/amazing_quote_configurable_publisher_node.py -> /home/delewlew/ros2_tutorial_workspace_2/src/install/python_package_that_uses_paramameters_and_launch_files/lib/python3.10/site-packages/python_package_that_uses_paramameters_and_launch_files
[1.492s] copying /home/delewlew/ros2_tutorial_workspace_2/src/build/python_package_that_uses_paramameters_and_launch_files/build/lib/python_package_that_uses_paramameters_and_launch_files/__init__.py -> /home/delewlew/ros2_tutorial_workspace_2/src/install/python_package_that_uses_paramameters_and_launch_files/lib/python3.10/site-packages/python_package_that_uses_paramameters_and_launch_files
[1.492s] byte-compiling /home/delewlew/ros2_tutorial_workspace_2/src/install/python_package_that_uses_paramameters_and_launch_files/lib/python3.10/site-packages/python_package_that_uses_paramameters_and_launch_files/amazing_quote_configurable_publisher_node.py to amazing_quote_configurable_publisher_node.cpython-310.pyc
[1.493s] byte-compiling /home/delewlew/ros2_tutorial_workspace_2/src/install/python_package_that_uses_paramameters_and_launch_files/lib/python3.10/site-packages/python_package_that_uses_paramameters_and_launch_files/__init__.py to __init__.cpython-310.pyc
[1.493s] running install_data
[1.494s] creating /home/delewlew/ros2_tutorial_workspace_2/src/install/python_package_that_uses_paramameters_and_launch_files/share/ament_index
[1.494s] creating /home/delewlew/ros2_tutorial_workspace_2/src/install/python_package_that_uses_paramameters_and_launch_files/share/ament_index/resource_index
[1.494s] creating /home/delewlew/ros2_tutorial_workspace_2/src/install/python_package_that_uses_paramameters_and_launch_files/share/ament_index/resource_index/packages
[1.494s] copying resource/python_package_that_uses_paramameters_and_launch_files -> /home/delewlew/ros2_tutorial_workspace_2/src/install/python_package_that_uses_paramameters_and_launch_files/share/ament_index/resource_index/packages
[1.494s] copying package.xml -> /home/delewlew/ros2_tutorial_workspace_2/src/install/python_package_that_uses_paramameters_and_launch_files/share/python_package_that_uses_paramameters_and_launch_files
[1.494s] running install_egg_info
[1.496s] Copying ../build/python_package_that_uses_paramameters_and_launch_files/python_package_that_uses_paramameters_and_launch_files.egg-info to /home/delewlew/ros2_tutorial_workspace_2/src/install/python_package_that_uses_paramameters_and_launch_files/lib/python3.10/site-packages/python_package_that_uses_paramameters_and_launch_files-0.0.0-py3.10.egg-info
[1.496s] running install_scripts
[1.516s] writing list of installed files to '/home/delewlew/ros2_tutorial_workspace_2/src/build/python_package_that_uses_paramameters_and_launch_files/install.log'
[1.584s] Invoked command in '/home/delewlew/ros2_tutorial_workspace_2/src/python_package_that_uses_paramameters_and_launch_files' returned '0': PYTHONPATH=/home/delewlew/ros2_tutorial_workspace_2/src/build/python_package_that_uses_paramameters_and_launch_files/prefix_override:/usr/lib/python3/dist-packages/colcon_core/task/python/colcon_distutils_commands:/home/delewlew/ros2_tutorial_workspace_2/src/install/python_package_that_uses_paramameters_and_launch_files/lib/python3.10/site-packages:${PYTHONPATH} /usr/bin/python3 -W ignore:setup.py install is deprecated setup.py egg_info --egg-base ../build/python_package_that_uses_paramameters_and_launch_files build --build-base /home/delewlew/ros2_tutorial_workspace_2/src/build/python_package_that_uses_paramameters_and_launch_files/build install --record /home/delewlew/ros2_tutorial_workspace_2/src/build/python_package_that_uses_paramameters_and_launch_files/install.log --single-version-externally-managed install_data
