[3.243s] Invoking command in '/home/delewlew/ros2_tutorial_workspace_2/src/example_urdf_description': PYTHONPATH=/home/delewlew/ros2_tutorial_workspace_2/build/example_urdf_description/prefix_override:/usr/lib/python3/dist-packages/colcon_core/task/python/colcon_distutils_commands:/home/delewlew/ros2_tutorial_workspace_2/install/example_urdf_description/lib/python3.10/site-packages:${PYTHONPATH} /usr/bin/python3 -W ignore:setup.py install is deprecated setup.py egg_info --egg-base ../../build/example_urdf_description build --build-base /home/delewlew/ros2_tutorial_workspace_2/build/example_urdf_description/build install --record /home/delewlew/ros2_tutorial_workspace_2/build/example_urdf_description/install.log --single-version-externally-managed install_data
[3.733s] running egg_info
[3.735s] writing ../../build/example_urdf_description/example_urdf_description.egg-info/PKG-INFO
[3.735s] writing dependency_links to ../../build/example_urdf_description/example_urdf_description.egg-info/dependency_links.txt
[3.736s] writing entry points to ../../build/example_urdf_description/example_urdf_description.egg-info/entry_points.txt
[3.737s] writing requirements to ../../build/example_urdf_description/example_urdf_description.egg-info/requires.txt
[3.738s] writing top-level names to ../../build/example_urdf_description/example_urdf_description.egg-info/top_level.txt
[3.747s] reading manifest file '../../build/example_urdf_description/example_urdf_description.egg-info/SOURCES.txt'
[3.748s] adding license file 'LICENSE'
[3.748s] writing manifest file '../../build/example_urdf_description/example_urdf_description.egg-info/SOURCES.txt'
[3.748s] running build
[3.749s] running build_py
[3.749s] running install
[3.750s] running install_lib
[3.750s] running install_data
[3.750s] running install_egg_info
[3.757s] removing '/home/delewlew/ros2_tutorial_workspace_2/install/example_urdf_description/lib/python3.10/site-packages/example_urdf_description-0.0.0-py3.10.egg-info' (and everything under it)
[3.759s] Copying ../../build/example_urdf_description/example_urdf_description.egg-info to /home/delewlew/ros2_tutorial_workspace_2/install/example_urdf_description/lib/python3.10/site-packages/example_urdf_description-0.0.0-py3.10.egg-info
[3.770s] running install_scripts
[3.841s] writing list of installed files to '/home/delewlew/ros2_tutorial_workspace_2/build/example_urdf_description/install.log'
[3.930s] Invoked command in '/home/delewlew/ros2_tutorial_workspace_2/src/example_urdf_description' returned '0': PYTHONPATH=/home/delewlew/ros2_tutorial_workspace_2/build/example_urdf_description/prefix_override:/usr/lib/python3/dist-packages/colcon_core/task/python/colcon_distutils_commands:/home/delewlew/ros2_tutorial_workspace_2/install/example_urdf_description/lib/python3.10/site-packages:${PYTHONPATH} /usr/bin/python3 -W ignore:setup.py install is deprecated setup.py egg_info --egg-base ../../build/example_urdf_description build --build-base /home/delewlew/ros2_tutorial_workspace_2/build/example_urdf_description/build install --record /home/delewlew/ros2_tutorial_workspace_2/build/example_urdf_description/install.log --single-version-externally-managed install_data
