running egg_info
creating ../build/cooing_code_pkg/cooing_code_pkg.egg-info
writing ../build/cooing_code_pkg/cooing_code_pkg.egg-info/PKG-INFO
writing dependency_links to ../build/cooing_code_pkg/cooing_code_pkg.egg-info/dependency_links.txt
writing entry points to ../build/cooing_code_pkg/cooing_code_pkg.egg-info/entry_points.txt
writing requirements to ../build/cooing_code_pkg/cooing_code_pkg.egg-info/requires.txt
writing top-level names to ../build/cooing_code_pkg/cooing_code_pkg.egg-info/top_level.txt
writing manifest file '../build/cooing_code_pkg/cooing_code_pkg.egg-info/SOURCES.txt'
reading manifest file '../build/cooing_code_pkg/cooing_code_pkg.egg-info/SOURCES.txt'
writing manifest file '../build/cooing_code_pkg/cooing_code_pkg.egg-info/SOURCES.txt'
running build
running build_py
creating /home/delewlew/assessments/coursework1/src/build/cooing_code_pkg/build
creating /home/delewlew/assessments/coursework1/src/build/cooing_code_pkg/build/lib
creating /home/delewlew/assessments/coursework1/src/build/cooing_code_pkg/build/lib/cooing_code_pkg
copying cooing_code_pkg/cooing_code_node.py -> /home/delewlew/assessments/coursework1/src/build/cooing_code_pkg/build/lib/cooing_code_pkg
copying cooing_code_pkg/__init__.py -> /home/delewlew/assessments/coursework1/src/build/cooing_code_pkg/build/lib/cooing_code_pkg
running install
running install_lib
creating /home/delewlew/assessments/coursework1/src/install/cooing_code_pkg/lib/python3.10/site-packages/cooing_code_pkg
copying /home/delewlew/assessments/coursework1/src/build/cooing_code_pkg/build/lib/cooing_code_pkg/cooing_code_node.py -> /home/delewlew/assessments/coursework1/src/install/cooing_code_pkg/lib/python3.10/site-packages/cooing_code_pkg
copying /home/delewlew/assessments/coursework1/src/build/cooing_code_pkg/build/lib/cooing_code_pkg/__init__.py -> /home/delewlew/assessments/coursework1/src/install/cooing_code_pkg/lib/python3.10/site-packages/cooing_code_pkg
byte-compiling /home/delewlew/assessments/coursework1/src/install/cooing_code_pkg/lib/python3.10/site-packages/cooing_code_pkg/cooing_code_node.py to cooing_code_node.cpython-310.pyc
byte-compiling /home/delewlew/assessments/coursework1/src/install/cooing_code_pkg/lib/python3.10/site-packages/cooing_code_pkg/__init__.py to __init__.cpython-310.pyc
running install_data
creating /home/delewlew/assessments/coursework1/src/install/cooing_code_pkg/share/ament_index
creating /home/delewlew/assessments/coursework1/src/install/cooing_code_pkg/share/ament_index/resource_index
creating /home/delewlew/assessments/coursework1/src/install/cooing_code_pkg/share/ament_index/resource_index/packages
copying resource/cooing_code_pkg -> /home/delewlew/assessments/coursework1/src/install/cooing_code_pkg/share/ament_index/resource_index/packages
copying package.xml -> /home/delewlew/assessments/coursework1/src/install/cooing_code_pkg/share/cooing_code_pkg
running install_egg_info
Copying ../build/cooing_code_pkg/cooing_code_pkg.egg-info to /home/delewlew/assessments/coursework1/src/install/cooing_code_pkg/lib/python3.10/site-packages/cooing_code_pkg-0.0.0-py3.10.egg-info
running install_scripts
Installing cooing_code_node script to /home/delewlew/assessments/coursework1/src/install/cooing_code_pkg/lib/cooing_code_pkg
writing list of installed files to '/home/delewlew/assessments/coursework1/src/build/cooing_code_pkg/install.log'
