[0.059s] Invoking command in '/home/delewlew/assessments/coursework1/build/cooing_code_interfaces': CMAKE_PREFIX_PATH=/home/delewlew/assessments/coursework2/install/coursework_support:/home/delewlew/assessments/coursework2/install/ada_lovelace_description:/opt/ros/humble /usr/bin/cmake --build /home/delewlew/assessments/coursework1/build/cooing_code_interfaces -- -j9 -l9
[0.308s] [35m[1mConsolidate compiler generated dependencies of target cooing_code_interfaces__rosidl_generator_c[0m
[0.333s] [  1%] Built target cooing_code_interfaces__cpp
[0.370s] [ 12%] Built target cooing_code_interfaces__rosidl_generator_c
[0.377s] [35m[1mConsolidate compiler generated dependencies of target cooing_code_interfaces__rosidl_typesupport_cpp[0m
[0.385s] [35m[1mConsolidate compiler generated dependencies of target cooing_code_interfaces__rosidl_typesupport_fastrtps_cpp[0m
[0.416s] [35m[1mConsolidate compiler generated dependencies of target cooing_code_interfaces__rosidl_typesupport_introspection_cpp[0m
[0.416s] [ 12%] Built target ament_cmake_python_copy_cooing_code_interfaces
[0.441s] [35m[1mConsolidate compiler generated dependencies of target cooing_code_interfaces__rosidl_typesupport_c[0m
[0.445s] [35m[1mConsolidate compiler generated dependencies of target cooing_code_interfaces__rosidl_typesupport_fastrtps_c[0m
[0.464s] [ 23%] Built target cooing_code_interfaces__rosidl_typesupport_fastrtps_cpp
[0.475s] [35m[1mConsolidate compiler generated dependencies of target cooing_code_interfaces__rosidl_typesupport_introspection_c[0m
[0.480s] [ 34%] Built target cooing_code_interfaces__rosidl_typesupport_cpp
[0.483s] [ 45%] Built target cooing_code_interfaces__rosidl_typesupport_introspection_cpp
[0.488s] [ 56%] Built target cooing_code_interfaces__rosidl_typesupport_fastrtps_c
[0.506s] [ 67%] Built target cooing_code_interfaces__rosidl_typesupport_c
[0.536s] [ 78%] Built target cooing_code_interfaces__rosidl_typesupport_introspection_c
[0.627s] [ 78%] Built target cooing_code_interfaces
[0.694s] [ 80%] Built target cooing_code_interfaces__py
[0.728s] [35m[1mConsolidate compiler generated dependencies of target cooing_code_interfaces__rosidl_generator_py[0m
[0.771s] [ 89%] Built target cooing_code_interfaces__rosidl_generator_py
[0.811s] [35m[1mConsolidate compiler generated dependencies of target cooing_code_interfaces__rosidl_typesupport_fastrtps_c__pyext[0m
[0.816s] [35m[1mConsolidate compiler generated dependencies of target cooing_code_interfaces__rosidl_typesupport_introspection_c__pyext[0m
[0.838s] [35m[1mConsolidate compiler generated dependencies of target cooing_code_interfaces__rosidl_typesupport_c__pyext[0m
[0.867s] [ 92%] Built target cooing_code_interfaces__rosidl_typesupport_fastrtps_c__pyext
[0.884s] [ 96%] Built target cooing_code_interfaces__rosidl_typesupport_introspection_c__pyext
[0.887s] [100%] Built target cooing_code_interfaces__rosidl_typesupport_c__pyext
[1.215s] running egg_info
[1.218s] writing cooing_code_interfaces.egg-info/PKG-INFO
[1.219s] writing dependency_links to cooing_code_interfaces.egg-info/dependency_links.txt
[1.219s] writing top-level names to cooing_code_interfaces.egg-info/top_level.txt
[1.228s] reading manifest file 'cooing_code_interfaces.egg-info/SOURCES.txt'
[1.233s] writing manifest file 'cooing_code_interfaces.egg-info/SOURCES.txt'
[1.327s] [100%] Built target ament_cmake_python_build_cooing_code_interfaces_egg
[1.365s] Invoked command in '/home/delewlew/assessments/coursework1/build/cooing_code_interfaces' returned '0': CMAKE_PREFIX_PATH=/home/delewlew/assessments/coursework2/install/coursework_support:/home/delewlew/assessments/coursework2/install/ada_lovelace_description:/opt/ros/humble /usr/bin/cmake --build /home/delewlew/assessments/coursework1/build/cooing_code_interfaces -- -j9 -l9
[1.780s] Invoking command in '/home/delewlew/assessments/coursework1/build/cooing_code_interfaces': CMAKE_PREFIX_PATH=/home/delewlew/assessments/coursework2/install/coursework_support:/home/delewlew/assessments/coursework2/install/ada_lovelace_description:/opt/ros/humble /usr/bin/cmake --install /home/delewlew/assessments/coursework1/build/cooing_code_interfaces
[1.830s] -- Install configuration: ""
[1.830s] -- Up-to-date: /home/delewlew/assessments/coursework1/install/cooing_code_interfaces/share/ament_index/resource_index/rosidl_interfaces/cooing_code_interfaces
[1.831s] -- Up-to-date: /home/delewlew/assessments/coursework1/install/cooing_code_interfaces/include/cooing_code_interfaces/cooing_code_interfaces
[1.831s] -- Up-to-date: /home/delewlew/assessments/coursework1/install/cooing_code_interfaces/include/cooing_code_interfaces/cooing_code_interfaces/msg
[1.832s] -- Up-to-date: /home/delewlew/assessments/coursework1/install/cooing_code_interfaces/include/cooing_code_interfaces/cooing_code_interfaces/msg/wheel_velocities.h
[1.832s] -- Up-to-date: /home/delewlew/assessments/coursework1/install/cooing_code_interfaces/include/cooing_code_interfaces/cooing_code_interfaces/msg/rosidl_generator_c__visibility_control.h
[1.832s] -- Up-to-date: /home/delewlew/assessments/coursework1/install/cooing_code_interfaces/include/cooing_code_interfaces/cooing_code_interfaces/msg/detail
[1.833s] -- Up-to-date: /home/delewlew/assessments/coursework1/install/cooing_code_interfaces/include/cooing_code_interfaces/cooing_code_interfaces/msg/detail/wheel_velocities__functions.h
[1.833s] -- Up-to-date: /home/delewlew/assessments/coursework1/install/cooing_code_interfaces/include/cooing_code_interfaces/cooing_code_interfaces/msg/detail/task_space_pose__type_support.h
[1.833s] -- Up-to-date: /home/delewlew/assessments/coursework1/install/cooing_code_interfaces/include/cooing_code_interfaces/cooing_code_interfaces/msg/detail/wheel_velocities__struct.h
[1.834s] -- Up-to-date: /home/delewlew/assessments/coursework1/install/cooing_code_interfaces/include/cooing_code_interfaces/cooing_code_interfaces/msg/detail/task_space_pose__functions.c
[1.834s] -- Up-to-date: /home/delewlew/assessments/coursework1/install/cooing_code_interfaces/include/cooing_code_interfaces/cooing_code_interfaces/msg/detail/wheel_velocities__functions.c
[1.834s] -- Up-to-date: /home/delewlew/assessments/coursework1/install/cooing_code_interfaces/include/cooing_code_interfaces/cooing_code_interfaces/msg/detail/task_space_pose__struct.h
[1.834s] -- Up-to-date: /home/delewlew/assessments/coursework1/install/cooing_code_interfaces/include/cooing_code_interfaces/cooing_code_interfaces/msg/detail/task_space_pose__functions.h
[1.835s] -- Up-to-date: /home/delewlew/assessments/coursework1/install/cooing_code_interfaces/include/cooing_code_interfaces/cooing_code_interfaces/msg/detail/wheel_velocities__type_support.h
[1.835s] -- Up-to-date: /home/delewlew/assessments/coursework1/install/cooing_code_interfaces/include/cooing_code_interfaces/cooing_code_interfaces/msg/task_space_pose.h
[1.835s] -- Up-to-date: /home/delewlew/assessments/coursework1/install/cooing_code_interfaces/include/cooing_code_interfaces/cooing_code_interfaces/srv
[1.835s] -- Up-to-date: /home/delewlew/assessments/coursework1/install/cooing_code_interfaces/include/cooing_code_interfaces/cooing_code_interfaces/srv/turn_robot_off.h
[1.839s] -- Up-to-date: /home/delewlew/assessments/coursework1/install/cooing_code_interfaces/include/cooing_code_interfaces/cooing_code_interfaces/srv/detail
[1.839s] -- Up-to-date: /home/delewlew/assessments/coursework1/install/cooing_code_interfaces/include/cooing_code_interfaces/cooing_code_interfaces/srv/detail/turn_robot_on__functions.c
[1.842s] -- Up-to-date: /home/delewlew/assessments/coursework1/install/cooing_code_interfaces/include/cooing_code_interfaces/cooing_code_interfaces/srv/detail/turn_robot_on__type_support.h
[1.842s] -- Up-to-date: /home/delewlew/assessments/coursework1/install/cooing_code_interfaces/include/cooing_code_interfaces/cooing_code_interfaces/srv/detail/turn_robot_off__type_support.h
[1.842s] -- Up-to-date: /home/delewlew/assessments/coursework1/install/cooing_code_interfaces/include/cooing_code_interfaces/cooing_code_interfaces/srv/detail/turn_robot_off__struct.h
[1.842s] -- Up-to-date: /home/delewlew/assessments/coursework1/install/cooing_code_interfaces/include/cooing_code_interfaces/cooing_code_interfaces/srv/detail/turn_robot_off__functions.c
[1.842s] -- Up-to-date: /home/delewlew/assessments/coursework1/install/cooing_code_interfaces/include/cooing_code_interfaces/cooing_code_interfaces/srv/detail/turn_robot_off__functions.h
[1.843s] -- Up-to-date: /home/delewlew/assessments/coursework1/install/cooing_code_interfaces/include/cooing_code_interfaces/cooing_code_interfaces/srv/detail/turn_robot_on__struct.h
[1.843s] -- Up-to-date: /home/delewlew/assessments/coursework1/install/cooing_code_interfaces/include/cooing_code_interfaces/cooing_code_interfaces/srv/detail/turn_robot_on__functions.h
[1.843s] -- Up-to-date: /home/delewlew/assessments/coursework1/install/cooing_code_interfaces/include/cooing_code_interfaces/cooing_code_interfaces/srv/turn_robot_on.h
[1.843s] -- Up-to-date: /home/delewlew/assessments/coursework1/install/cooing_code_interfaces/share/cooing_code_interfaces/environment/library_path.sh
[1.843s] -- Up-to-date: /home/delewlew/assessments/coursework1/install/cooing_code_interfaces/share/cooing_code_interfaces/environment/library_path.dsv
[1.844s] -- Up-to-date: /home/delewlew/assessments/coursework1/install/cooing_code_interfaces/lib/libcooing_code_interfaces__rosidl_generator_c.so
[1.844s] -- Up-to-date: /home/delewlew/assessments/coursework1/install/cooing_code_interfaces/include/cooing_code_interfaces/cooing_code_interfaces
[1.844s] -- Up-to-date: /home/delewlew/assessments/coursework1/install/cooing_code_interfaces/include/cooing_code_interfaces/cooing_code_interfaces/msg
[1.845s] -- Up-to-date: /home/delewlew/assessments/coursework1/install/cooing_code_interfaces/include/cooing_code_interfaces/cooing_code_interfaces/msg/detail
[1.845s] -- Up-to-date: /home/delewlew/assessments/coursework1/install/cooing_code_interfaces/include/cooing_code_interfaces/cooing_code_interfaces/msg/detail/task_space_pose__rosidl_typesupport_fastrtps_c.h
[1.845s] -- Up-to-date: /home/delewlew/assessments/coursework1/install/cooing_code_interfaces/include/cooing_code_interfaces/cooing_code_interfaces/msg/detail/wheel_velocities__rosidl_typesupport_fastrtps_c.h
[1.846s] -- Up-to-date: /home/delewlew/assessments/coursework1/install/cooing_code_interfaces/include/cooing_code_interfaces/cooing_code_interfaces/msg/rosidl_typesupport_fastrtps_c__visibility_control.h
[1.846s] -- Up-to-date: /home/delewlew/assessments/coursework1/install/cooing_code_interfaces/include/cooing_code_interfaces/cooing_code_interfaces/srv
[1.846s] -- Up-to-date: /home/delewlew/assessments/coursework1/install/cooing_code_interfaces/include/cooing_code_interfaces/cooing_code_interfaces/srv/detail
[1.846s] -- Up-to-date: /home/delewlew/assessments/coursework1/install/cooing_code_interfaces/include/cooing_code_interfaces/cooing_code_interfaces/srv/detail/turn_robot_off__rosidl_typesupport_fastrtps_c.h
[1.846s] -- Up-to-date: /home/delewlew/assessments/coursework1/install/cooing_code_interfaces/include/cooing_code_interfaces/cooing_code_interfaces/srv/detail/turn_robot_on__rosidl_typesupport_fastrtps_c.h
[1.846s] -- Up-to-date: /home/delewlew/assessments/coursework1/install/cooing_code_interfaces/lib/libcooing_code_interfaces__rosidl_typesupport_fastrtps_c.so
[1.847s] -- Up-to-date: /home/delewlew/assessments/coursework1/install/cooing_code_interfaces/include/cooing_code_interfaces/cooing_code_interfaces
[1.847s] -- Up-to-date: /home/delewlew/assessments/coursework1/install/cooing_code_interfaces/include/cooing_code_interfaces/cooing_code_interfaces/msg
[1.847s] -- Up-to-date: /home/delewlew/assessments/coursework1/install/cooing_code_interfaces/include/cooing_code_interfaces/cooing_code_interfaces/msg/rosidl_typesupport_introspection_c__visibility_control.h
[1.847s] -- Up-to-date: /home/delewlew/assessments/coursework1/install/cooing_code_interfaces/include/cooing_code_interfaces/cooing_code_interfaces/msg/detail
[1.847s] -- Up-to-date: /home/delewlew/assessments/coursework1/install/cooing_code_interfaces/include/cooing_code_interfaces/cooing_code_interfaces/msg/detail/wheel_velocities__type_support.c
[1.848s] -- Up-to-date: /home/delewlew/assessments/coursework1/install/cooing_code_interfaces/include/cooing_code_interfaces/cooing_code_interfaces/msg/detail/wheel_velocities__rosidl_typesupport_introspection_c.h
[1.848s] -- Up-to-date: /home/delewlew/assessments/coursework1/install/cooing_code_interfaces/include/cooing_code_interfaces/cooing_code_interfaces/msg/detail/task_space_pose__type_support.c
[1.848s] -- Up-to-date: /home/delewlew/assessments/coursework1/install/cooing_code_interfaces/include/cooing_code_interfaces/cooing_code_interfaces/msg/detail/task_space_pose__rosidl_typesupport_introspection_c.h
[1.848s] -- Up-to-date: /home/delewlew/assessments/coursework1/install/cooing_code_interfaces/include/cooing_code_interfaces/cooing_code_interfaces/srv
[1.849s] -- Up-to-date: /home/delewlew/assessments/coursework1/install/cooing_code_interfaces/include/cooing_code_interfaces/cooing_code_interfaces/srv/detail
[1.849s] -- Up-to-date: /home/delewlew/assessments/coursework1/install/cooing_code_interfaces/include/cooing_code_interfaces/cooing_code_interfaces/srv/detail/turn_robot_off__rosidl_typesupport_introspection_c.h
[1.849s] -- Up-to-date: /home/delewlew/assessments/coursework1/install/cooing_code_interfaces/include/cooing_code_interfaces/cooing_code_interfaces/srv/detail/turn_robot_on__type_support.c
[1.849s] -- Up-to-date: /home/delewlew/assessments/coursework1/install/cooing_code_interfaces/include/cooing_code_interfaces/cooing_code_interfaces/srv/detail/turn_robot_on__rosidl_typesupport_introspection_c.h
[1.850s] -- Up-to-date: /home/delewlew/assessments/coursework1/install/cooing_code_interfaces/include/cooing_code_interfaces/cooing_code_interfaces/srv/detail/turn_robot_off__type_support.c
[1.850s] -- Up-to-date: /home/delewlew/assessments/coursework1/install/cooing_code_interfaces/lib/libcooing_code_interfaces__rosidl_typesupport_introspection_c.so
[1.852s] -- Up-to-date: /home/delewlew/assessments/coursework1/install/cooing_code_interfaces/lib/libcooing_code_interfaces__rosidl_typesupport_c.so
[1.852s] -- Up-to-date: /home/delewlew/assessments/coursework1/install/cooing_code_interfaces/include/cooing_code_interfaces/cooing_code_interfaces
[1.853s] -- Up-to-date: /home/delewlew/assessments/coursework1/install/cooing_code_interfaces/include/cooing_code_interfaces/cooing_code_interfaces/msg
[1.853s] -- Up-to-date: /home/delewlew/assessments/coursework1/install/cooing_code_interfaces/include/cooing_code_interfaces/cooing_code_interfaces/msg/detail
[1.853s] -- Up-to-date: /home/delewlew/assessments/coursework1/install/cooing_code_interfaces/include/cooing_code_interfaces/cooing_code_interfaces/msg/detail/task_space_pose__struct.hpp
[1.853s] -- Up-to-date: /home/delewlew/assessments/coursework1/install/cooing_code_interfaces/include/cooing_code_interfaces/cooing_code_interfaces/msg/detail/wheel_velocities__builder.hpp
[1.853s] -- Up-to-date: /home/delewlew/assessments/coursework1/install/cooing_code_interfaces/include/cooing_code_interfaces/cooing_code_interfaces/msg/detail/wheel_velocities__struct.hpp
[1.854s] -- Up-to-date: /home/delewlew/assessments/coursework1/install/cooing_code_interfaces/include/cooing_code_interfaces/cooing_code_interfaces/msg/detail/task_space_pose__builder.hpp
[1.854s] -- Up-to-date: /home/delewlew/assessments/coursework1/install/cooing_code_interfaces/include/cooing_code_interfaces/cooing_code_interfaces/msg/detail/task_space_pose__traits.hpp
[1.854s] -- Up-to-date: /home/delewlew/assessments/coursework1/install/cooing_code_interfaces/include/cooing_code_interfaces/cooing_code_interfaces/msg/detail/wheel_velocities__traits.hpp
[1.854s] -- Up-to-date: /home/delewlew/assessments/coursework1/install/cooing_code_interfaces/include/cooing_code_interfaces/cooing_code_interfaces/msg/wheel_velocities.hpp
[1.855s] -- Up-to-date: /home/delewlew/assessments/coursework1/install/cooing_code_interfaces/include/cooing_code_interfaces/cooing_code_interfaces/msg/task_space_pose.hpp
[1.855s] -- Up-to-date: /home/delewlew/assessments/coursework1/install/cooing_code_interfaces/include/cooing_code_interfaces/cooing_code_interfaces/srv
[1.856s] -- Up-to-date: /home/delewlew/assessments/coursework1/install/cooing_code_interfaces/include/cooing_code_interfaces/cooing_code_interfaces/srv/turn_robot_on.hpp
[1.856s] -- Up-to-date: /home/delewlew/assessments/coursework1/install/cooing_code_interfaces/include/cooing_code_interfaces/cooing_code_interfaces/srv/turn_robot_off.hpp
[1.856s] -- Up-to-date: /home/delewlew/assessments/coursework1/install/cooing_code_interfaces/include/cooing_code_interfaces/cooing_code_interfaces/srv/detail
[1.857s] -- Up-to-date: /home/delewlew/assessments/coursework1/install/cooing_code_interfaces/include/cooing_code_interfaces/cooing_code_interfaces/srv/detail/turn_robot_on__builder.hpp
[1.857s] -- Up-to-date: /home/delewlew/assessments/coursework1/install/cooing_code_interfaces/include/cooing_code_interfaces/cooing_code_interfaces/srv/detail/turn_robot_off__builder.hpp
[1.858s] -- Up-to-date: /home/delewlew/assessments/coursework1/install/cooing_code_interfaces/include/cooing_code_interfaces/cooing_code_interfaces/srv/detail/turn_robot_off__struct.hpp
[1.858s] -- Up-to-date: /home/delewlew/assessments/coursework1/install/cooing_code_interfaces/include/cooing_code_interfaces/cooing_code_interfaces/srv/detail/turn_robot_on__struct.hpp
[1.858s] -- Up-to-date: /home/delewlew/assessments/coursework1/install/cooing_code_interfaces/include/cooing_code_interfaces/cooing_code_interfaces/srv/detail/turn_robot_off__traits.hpp
[1.859s] -- Up-to-date: /home/delewlew/assessments/coursework1/install/cooing_code_interfaces/include/cooing_code_interfaces/cooing_code_interfaces/srv/detail/turn_robot_on__traits.hpp
[1.859s] -- Up-to-date: /home/delewlew/assessments/coursework1/install/cooing_code_interfaces/include/cooing_code_interfaces/cooing_code_interfaces
[1.859s] -- Up-to-date: /home/delewlew/assessments/coursework1/install/cooing_code_interfaces/include/cooing_code_interfaces/cooing_code_interfaces/msg
[1.859s] -- Up-to-date: /home/delewlew/assessments/coursework1/install/cooing_code_interfaces/include/cooing_code_interfaces/cooing_code_interfaces/msg/rosidl_typesupport_fastrtps_cpp__visibility_control.h
[1.859s] -- Up-to-date: /home/delewlew/assessments/coursework1/install/cooing_code_interfaces/include/cooing_code_interfaces/cooing_code_interfaces/msg/detail
[1.860s] -- Up-to-date: /home/delewlew/assessments/coursework1/install/cooing_code_interfaces/include/cooing_code_interfaces/cooing_code_interfaces/msg/detail/wheel_velocities__rosidl_typesupport_fastrtps_cpp.hpp
[1.860s] -- Up-to-date: /home/delewlew/assessments/coursework1/install/cooing_code_interfaces/include/cooing_code_interfaces/cooing_code_interfaces/msg/detail/dds_fastrtps
[1.860s] -- Up-to-date: /home/delewlew/assessments/coursework1/install/cooing_code_interfaces/include/cooing_code_interfaces/cooing_code_interfaces/msg/detail/task_space_pose__rosidl_typesupport_fastrtps_cpp.hpp
[1.860s] -- Up-to-date: /home/delewlew/assessments/coursework1/install/cooing_code_interfaces/include/cooing_code_interfaces/cooing_code_interfaces/srv
[1.861s] -- Up-to-date: /home/delewlew/assessments/coursework1/install/cooing_code_interfaces/include/cooing_code_interfaces/cooing_code_interfaces/srv/detail
[1.861s] -- Up-to-date: /home/delewlew/assessments/coursework1/install/cooing_code_interfaces/include/cooing_code_interfaces/cooing_code_interfaces/srv/detail/dds_fastrtps
[1.861s] -- Up-to-date: /home/delewlew/assessments/coursework1/install/cooing_code_interfaces/include/cooing_code_interfaces/cooing_code_interfaces/srv/detail/turn_robot_on__rosidl_typesupport_fastrtps_cpp.hpp
[1.861s] -- Up-to-date: /home/delewlew/assessments/coursework1/install/cooing_code_interfaces/include/cooing_code_interfaces/cooing_code_interfaces/srv/detail/turn_robot_off__rosidl_typesupport_fastrtps_cpp.hpp
[1.861s] -- Up-to-date: /home/delewlew/assessments/coursework1/install/cooing_code_interfaces/lib/libcooing_code_interfaces__rosidl_typesupport_fastrtps_cpp.so
[1.862s] -- Up-to-date: /home/delewlew/assessments/coursework1/install/cooing_code_interfaces/include/cooing_code_interfaces/cooing_code_interfaces
[1.862s] -- Up-to-date: /home/delewlew/assessments/coursework1/install/cooing_code_interfaces/include/cooing_code_interfaces/cooing_code_interfaces/msg
[1.862s] -- Up-to-date: /home/delewlew/assessments/coursework1/install/cooing_code_interfaces/include/cooing_code_interfaces/cooing_code_interfaces/msg/detail
[1.862s] -- Up-to-date: /home/delewlew/assessments/coursework1/install/cooing_code_interfaces/include/cooing_code_interfaces/cooing_code_interfaces/msg/detail/task_space_pose__type_support.cpp
[1.862s] -- Up-to-date: /home/delewlew/assessments/coursework1/install/cooing_code_interfaces/include/cooing_code_interfaces/cooing_code_interfaces/msg/detail/task_space_pose__rosidl_typesupport_introspection_cpp.hpp
[1.863s] -- Up-to-date: /home/delewlew/assessments/coursework1/install/cooing_code_interfaces/include/cooing_code_interfaces/cooing_code_interfaces/msg/detail/wheel_velocities__type_support.cpp
[1.863s] -- Up-to-date: /home/delewlew/assessments/coursework1/install/cooing_code_interfaces/include/cooing_code_interfaces/cooing_code_interfaces/msg/detail/wheel_velocities__rosidl_typesupport_introspection_cpp.hpp
[1.863s] -- Up-to-date: /home/delewlew/assessments/coursework1/install/cooing_code_interfaces/include/cooing_code_interfaces/cooing_code_interfaces/srv
[1.864s] -- Up-to-date: /home/delewlew/assessments/coursework1/install/cooing_code_interfaces/include/cooing_code_interfaces/cooing_code_interfaces/srv/detail
[1.864s] -- Up-to-date: /home/delewlew/assessments/coursework1/install/cooing_code_interfaces/include/cooing_code_interfaces/cooing_code_interfaces/srv/detail/turn_robot_on__rosidl_typesupport_introspection_cpp.hpp
[1.864s] -- Up-to-date: /home/delewlew/assessments/coursework1/install/cooing_code_interfaces/include/cooing_code_interfaces/cooing_code_interfaces/srv/detail/turn_robot_on__type_support.cpp
[1.864s] -- Up-to-date: /home/delewlew/assessments/coursework1/install/cooing_code_interfaces/include/cooing_code_interfaces/cooing_code_interfaces/srv/detail/turn_robot_off__type_support.cpp
[1.865s] -- Up-to-date: /home/delewlew/assessments/coursework1/install/cooing_code_interfaces/include/cooing_code_interfaces/cooing_code_interfaces/srv/detail/turn_robot_off__rosidl_typesupport_introspection_cpp.hpp
[1.865s] -- Up-to-date: /home/delewlew/assessments/coursework1/install/cooing_code_interfaces/lib/libcooing_code_interfaces__rosidl_typesupport_introspection_cpp.so
[1.865s] -- Up-to-date: /home/delewlew/assessments/coursework1/install/cooing_code_interfaces/lib/libcooing_code_interfaces__rosidl_typesupport_cpp.so
[1.865s] -- Up-to-date: /home/delewlew/assessments/coursework1/install/cooing_code_interfaces/share/cooing_code_interfaces/environment/pythonpath.sh
[1.866s] -- Up-to-date: /home/delewlew/assessments/coursework1/install/cooing_code_interfaces/share/cooing_code_interfaces/environment/pythonpath.dsv
[1.866s] -- Up-to-date: /home/delewlew/assessments/coursework1/install/cooing_code_interfaces/local/lib/python3.10/dist-packages/cooing_code_interfaces-0.0.0-py3.10.egg-info
[1.866s] -- Installing: /home/delewlew/assessments/coursework1/install/cooing_code_interfaces/local/lib/python3.10/dist-packages/cooing_code_interfaces-0.0.0-py3.10.egg-info/PKG-INFO
[1.867s] -- Installing: /home/delewlew/assessments/coursework1/install/cooing_code_interfaces/local/lib/python3.10/dist-packages/cooing_code_interfaces-0.0.0-py3.10.egg-info/dependency_links.txt
[1.867s] -- Installing: /home/delewlew/assessments/coursework1/install/cooing_code_interfaces/local/lib/python3.10/dist-packages/cooing_code_interfaces-0.0.0-py3.10.egg-info/SOURCES.txt
[1.867s] -- Installing: /home/delewlew/assessments/coursework1/install/cooing_code_interfaces/local/lib/python3.10/dist-packages/cooing_code_interfaces-0.0.0-py3.10.egg-info/top_level.txt
[1.867s] -- Up-to-date: /home/delewlew/assessments/coursework1/install/cooing_code_interfaces/local/lib/python3.10/dist-packages/cooing_code_interfaces
[1.867s] -- Up-to-date: /home/delewlew/assessments/coursework1/install/cooing_code_interfaces/local/lib/python3.10/dist-packages/cooing_code_interfaces/libcooing_code_interfaces__rosidl_generator_py.so
[1.868s] -- Up-to-date: /home/delewlew/assessments/coursework1/install/cooing_code_interfaces/local/lib/python3.10/dist-packages/cooing_code_interfaces/cooing_code_interfaces_s__rosidl_typesupport_fastrtps_c.cpython-310-x86_64-linux-gnu.so
[1.868s] -- Up-to-date: /home/delewlew/assessments/coursework1/install/cooing_code_interfaces/local/lib/python3.10/dist-packages/cooing_code_interfaces/cooing_code_interfaces_s__rosidl_typesupport_c.cpython-310-x86_64-linux-gnu.so
[1.868s] -- Up-to-date: /home/delewlew/assessments/coursework1/install/cooing_code_interfaces/local/lib/python3.10/dist-packages/cooing_code_interfaces/cooing_code_interfaces_s__rosidl_typesupport_introspection_c.cpython-310-x86_64-linux-gnu.so
[1.868s] -- Up-to-date: /home/delewlew/assessments/coursework1/install/cooing_code_interfaces/local/lib/python3.10/dist-packages/cooing_code_interfaces/_cooing_code_interfaces_s.ep.rosidl_typesupport_c.c
[1.868s] -- Up-to-date: /home/delewlew/assessments/coursework1/install/cooing_code_interfaces/local/lib/python3.10/dist-packages/cooing_code_interfaces/_cooing_code_interfaces_s.ep.rosidl_typesupport_fastrtps_c.c
[1.869s] -- Up-to-date: /home/delewlew/assessments/coursework1/install/cooing_code_interfaces/local/lib/python3.10/dist-packages/cooing_code_interfaces/_cooing_code_interfaces_s.ep.rosidl_typesupport_introspection_c.c
[1.869s] -- Up-to-date: /home/delewlew/assessments/coursework1/install/cooing_code_interfaces/local/lib/python3.10/dist-packages/cooing_code_interfaces/msg
[1.869s] -- Up-to-date: /home/delewlew/assessments/coursework1/install/cooing_code_interfaces/local/lib/python3.10/dist-packages/cooing_code_interfaces/msg/_task_space_pose.py
[1.870s] -- Up-to-date: /home/delewlew/assessments/coursework1/install/cooing_code_interfaces/local/lib/python3.10/dist-packages/cooing_code_interfaces/msg/_wheel_velocities_s.c
[1.870s] -- Up-to-date: /home/delewlew/assessments/coursework1/install/cooing_code_interfaces/local/lib/python3.10/dist-packages/cooing_code_interfaces/msg/_task_space_pose_s.c
[1.870s] -- Up-to-date: /home/delewlew/assessments/coursework1/install/cooing_code_interfaces/local/lib/python3.10/dist-packages/cooing_code_interfaces/msg/_wheel_velocities.py
[1.870s] -- Up-to-date: /home/delewlew/assessments/coursework1/install/cooing_code_interfaces/local/lib/python3.10/dist-packages/cooing_code_interfaces/msg/__init__.py
[1.871s] -- Up-to-date: /home/delewlew/assessments/coursework1/install/cooing_code_interfaces/local/lib/python3.10/dist-packages/cooing_code_interfaces/srv
[1.871s] -- Up-to-date: /home/delewlew/assessments/coursework1/install/cooing_code_interfaces/local/lib/python3.10/dist-packages/cooing_code_interfaces/srv/_turn_robot_on.py
[1.871s] -- Up-to-date: /home/delewlew/assessments/coursework1/install/cooing_code_interfaces/local/lib/python3.10/dist-packages/cooing_code_interfaces/srv/_turn_robot_off.py
[1.871s] -- Up-to-date: /home/delewlew/assessments/coursework1/install/cooing_code_interfaces/local/lib/python3.10/dist-packages/cooing_code_interfaces/srv/_turn_robot_on_s.c
[1.871s] -- Up-to-date: /home/delewlew/assessments/coursework1/install/cooing_code_interfaces/local/lib/python3.10/dist-packages/cooing_code_interfaces/srv/_turn_robot_off_s.c
[1.872s] -- Up-to-date: /home/delewlew/assessments/coursework1/install/cooing_code_interfaces/local/lib/python3.10/dist-packages/cooing_code_interfaces/srv/__init__.py
[1.872s] -- Up-to-date: /home/delewlew/assessments/coursework1/install/cooing_code_interfaces/local/lib/python3.10/dist-packages/cooing_code_interfaces/__init__.py
[2.006s] Listing '/home/delewlew/assessments/coursework1/install/cooing_code_interfaces/local/lib/python3.10/dist-packages/cooing_code_interfaces'...
[2.006s] Listing '/home/delewlew/assessments/coursework1/install/cooing_code_interfaces/local/lib/python3.10/dist-packages/cooing_code_interfaces/msg'...
[2.006s] Listing '/home/delewlew/assessments/coursework1/install/cooing_code_interfaces/local/lib/python3.10/dist-packages/cooing_code_interfaces/srv'...
[2.023s] -- Up-to-date: /home/delewlew/assessments/coursework1/install/cooing_code_interfaces/local/lib/python3.10/dist-packages/cooing_code_interfaces/cooing_code_interfaces_s__rosidl_typesupport_fastrtps_c.cpython-310-x86_64-linux-gnu.so
[2.026s] -- Up-to-date: /home/delewlew/assessments/coursework1/install/cooing_code_interfaces/local/lib/python3.10/dist-packages/cooing_code_interfaces/cooing_code_interfaces_s__rosidl_typesupport_introspection_c.cpython-310-x86_64-linux-gnu.so
[2.028s] -- Up-to-date: /home/delewlew/assessments/coursework1/install/cooing_code_interfaces/local/lib/python3.10/dist-packages/cooing_code_interfaces/cooing_code_interfaces_s__rosidl_typesupport_c.cpython-310-x86_64-linux-gnu.so
[2.030s] -- Up-to-date: /home/delewlew/assessments/coursework1/install/cooing_code_interfaces/lib/libcooing_code_interfaces__rosidl_generator_py.so
[2.031s] -- Up-to-date: /home/delewlew/assessments/coursework1/install/cooing_code_interfaces/share/cooing_code_interfaces/msg/WheelVelocities.idl
[2.031s] -- Up-to-date: /home/delewlew/assessments/coursework1/install/cooing_code_interfaces/share/cooing_code_interfaces/msg/TaskSpacePose.idl
[2.031s] -- Up-to-date: /home/delewlew/assessments/coursework1/install/cooing_code_interfaces/share/cooing_code_interfaces/srv/TurnRobotOn.idl
[2.031s] -- Up-to-date: /home/delewlew/assessments/coursework1/install/cooing_code_interfaces/share/cooing_code_interfaces/srv/TurnRobotOff.idl
[2.033s] -- Up-to-date: /home/delewlew/assessments/coursework1/install/cooing_code_interfaces/share/cooing_code_interfaces/msg/WheelVelocities.msg
[2.034s] -- Up-to-date: /home/delewlew/assessments/coursework1/install/cooing_code_interfaces/share/cooing_code_interfaces/msg/TaskSpacePose.msg
[2.034s] -- Up-to-date: /home/delewlew/assessments/coursework1/install/cooing_code_interfaces/share/cooing_code_interfaces/srv/TurnRobotOn.srv
[2.036s] -- Up-to-date: /home/delewlew/assessments/coursework1/install/cooing_code_interfaces/share/cooing_code_interfaces/srv/TurnRobotOn_Request.msg
[2.037s] -- Up-to-date: /home/delewlew/assessments/coursework1/install/cooing_code_interfaces/share/cooing_code_interfaces/srv/TurnRobotOn_Response.msg
[2.037s] -- Up-to-date: /home/delewlew/assessments/coursework1/install/cooing_code_interfaces/share/cooing_code_interfaces/srv/TurnRobotOff.srv
[2.037s] -- Up-to-date: /home/delewlew/assessments/coursework1/install/cooing_code_interfaces/share/cooing_code_interfaces/srv/TurnRobotOff_Request.msg
[2.037s] -- Up-to-date: /home/delewlew/assessments/coursework1/install/cooing_code_interfaces/share/cooing_code_interfaces/srv/TurnRobotOff_Response.msg
[2.038s] -- Up-to-date: /home/delewlew/assessments/coursework1/install/cooing_code_interfaces/share/ament_index/resource_index/package_run_dependencies/cooing_code_interfaces
[2.038s] -- Up-to-date: /home/delewlew/assessments/coursework1/install/cooing_code_interfaces/share/ament_index/resource_index/parent_prefix_path/cooing_code_interfaces
[2.039s] -- Up-to-date: /home/delewlew/assessments/coursework1/install/cooing_code_interfaces/share/cooing_code_interfaces/environment/ament_prefix_path.sh
[2.039s] -- Up-to-date: /home/delewlew/assessments/coursework1/install/cooing_code_interfaces/share/cooing_code_interfaces/environment/ament_prefix_path.dsv
[2.042s] -- Up-to-date: /home/delewlew/assessments/coursework1/install/cooing_code_interfaces/share/cooing_code_interfaces/environment/path.sh
[2.042s] -- Up-to-date: /home/delewlew/assessments/coursework1/install/cooing_code_interfaces/share/cooing_code_interfaces/environment/path.dsv
[2.043s] -- Up-to-date: /home/delewlew/assessments/coursework1/install/cooing_code_interfaces/share/cooing_code_interfaces/local_setup.bash
[2.043s] -- Up-to-date: /home/delewlew/assessments/coursework1/install/cooing_code_interfaces/share/cooing_code_interfaces/local_setup.sh
[2.043s] -- Up-to-date: /home/delewlew/assessments/coursework1/install/cooing_code_interfaces/share/cooing_code_interfaces/local_setup.zsh
[2.043s] -- Up-to-date: /home/delewlew/assessments/coursework1/install/cooing_code_interfaces/share/cooing_code_interfaces/local_setup.dsv
[2.044s] -- Installing: /home/delewlew/assessments/coursework1/install/cooing_code_interfaces/share/cooing_code_interfaces/package.dsv
[2.044s] -- Up-to-date: /home/delewlew/assessments/coursework1/install/cooing_code_interfaces/share/ament_index/resource_index/packages/cooing_code_interfaces
[2.044s] -- Up-to-date: /home/delewlew/assessments/coursework1/install/cooing_code_interfaces/share/cooing_code_interfaces/cmake/export_cooing_code_interfaces__rosidl_generator_cExport.cmake
[2.044s] -- Up-to-date: /home/delewlew/assessments/coursework1/install/cooing_code_interfaces/share/cooing_code_interfaces/cmake/export_cooing_code_interfaces__rosidl_generator_cExport-noconfig.cmake
[2.047s] -- Up-to-date: /home/delewlew/assessments/coursework1/install/cooing_code_interfaces/share/cooing_code_interfaces/cmake/export_cooing_code_interfaces__rosidl_typesupport_fastrtps_cExport.cmake
[2.047s] -- Up-to-date: /home/delewlew/assessments/coursework1/install/cooing_code_interfaces/share/cooing_code_interfaces/cmake/export_cooing_code_interfaces__rosidl_typesupport_fastrtps_cExport-noconfig.cmake
[2.048s] -- Up-to-date: /home/delewlew/assessments/coursework1/install/cooing_code_interfaces/share/cooing_code_interfaces/cmake/cooing_code_interfaces__rosidl_typesupport_introspection_cExport.cmake
[2.048s] -- Up-to-date: /home/delewlew/assessments/coursework1/install/cooing_code_interfaces/share/cooing_code_interfaces/cmake/cooing_code_interfaces__rosidl_typesupport_introspection_cExport-noconfig.cmake
[2.049s] -- Up-to-date: /home/delewlew/assessments/coursework1/install/cooing_code_interfaces/share/cooing_code_interfaces/cmake/cooing_code_interfaces__rosidl_typesupport_cExport.cmake
[2.049s] -- Up-to-date: /home/delewlew/assessments/coursework1/install/cooing_code_interfaces/share/cooing_code_interfaces/cmake/cooing_code_interfaces__rosidl_typesupport_cExport-noconfig.cmake
[2.050s] -- Up-to-date: /home/delewlew/assessments/coursework1/install/cooing_code_interfaces/share/cooing_code_interfaces/cmake/export_cooing_code_interfaces__rosidl_generator_cppExport.cmake
[2.051s] -- Up-to-date: /home/delewlew/assessments/coursework1/install/cooing_code_interfaces/share/cooing_code_interfaces/cmake/export_cooing_code_interfaces__rosidl_typesupport_fastrtps_cppExport.cmake
[2.051s] -- Up-to-date: /home/delewlew/assessments/coursework1/install/cooing_code_interfaces/share/cooing_code_interfaces/cmake/export_cooing_code_interfaces__rosidl_typesupport_fastrtps_cppExport-noconfig.cmake
[2.052s] -- Up-to-date: /home/delewlew/assessments/coursework1/install/cooing_code_interfaces/share/cooing_code_interfaces/cmake/cooing_code_interfaces__rosidl_typesupport_introspection_cppExport.cmake
[2.052s] -- Up-to-date: /home/delewlew/assessments/coursework1/install/cooing_code_interfaces/share/cooing_code_interfaces/cmake/cooing_code_interfaces__rosidl_typesupport_introspection_cppExport-noconfig.cmake
[2.053s] -- Up-to-date: /home/delewlew/assessments/coursework1/install/cooing_code_interfaces/share/cooing_code_interfaces/cmake/cooing_code_interfaces__rosidl_typesupport_cppExport.cmake
[2.053s] -- Up-to-date: /home/delewlew/assessments/coursework1/install/cooing_code_interfaces/share/cooing_code_interfaces/cmake/cooing_code_interfaces__rosidl_typesupport_cppExport-noconfig.cmake
[2.054s] -- Up-to-date: /home/delewlew/assessments/coursework1/install/cooing_code_interfaces/share/cooing_code_interfaces/cmake/export_cooing_code_interfaces__rosidl_generator_pyExport.cmake
[2.056s] -- Up-to-date: /home/delewlew/assessments/coursework1/install/cooing_code_interfaces/share/cooing_code_interfaces/cmake/export_cooing_code_interfaces__rosidl_generator_pyExport-noconfig.cmake
[2.056s] -- Up-to-date: /home/delewlew/assessments/coursework1/install/cooing_code_interfaces/share/cooing_code_interfaces/cmake/rosidl_cmake-extras.cmake
[2.057s] -- Up-to-date: /home/delewlew/assessments/coursework1/install/cooing_code_interfaces/share/cooing_code_interfaces/cmake/ament_cmake_export_include_directories-extras.cmake
[2.057s] -- Up-to-date: /home/delewlew/assessments/coursework1/install/cooing_code_interfaces/share/cooing_code_interfaces/cmake/ament_cmake_export_libraries-extras.cmake
[2.057s] -- Up-to-date: /home/delewlew/assessments/coursework1/install/cooing_code_interfaces/share/cooing_code_interfaces/cmake/ament_cmake_export_targets-extras.cmake
[2.057s] -- Up-to-date: /home/delewlew/assessments/coursework1/install/cooing_code_interfaces/share/cooing_code_interfaces/cmake/rosidl_cmake_export_typesupport_targets-extras.cmake
[2.058s] -- Up-to-date: /home/delewlew/assessments/coursework1/install/cooing_code_interfaces/share/cooing_code_interfaces/cmake/ament_cmake_export_dependencies-extras.cmake
[2.058s] -- Up-to-date: /home/delewlew/assessments/coursework1/install/cooing_code_interfaces/share/cooing_code_interfaces/cmake/rosidl_cmake_export_typesupport_libraries-extras.cmake
[2.058s] -- Up-to-date: /home/delewlew/assessments/coursework1/install/cooing_code_interfaces/share/cooing_code_interfaces/cmake/cooing_code_interfacesConfig.cmake
[2.058s] -- Up-to-date: /home/delewlew/assessments/coursework1/install/cooing_code_interfaces/share/cooing_code_interfaces/cmake/cooing_code_interfacesConfig-version.cmake
[2.058s] -- Up-to-date: /home/delewlew/assessments/coursework1/install/cooing_code_interfaces/share/cooing_code_interfaces/package.xml
[2.068s] Invoked command in '/home/delewlew/assessments/coursework1/build/cooing_code_interfaces' returned '0': CMAKE_PREFIX_PATH=/home/delewlew/assessments/coursework2/install/coursework_support:/home/delewlew/assessments/coursework2/install/ada_lovelace_description:/opt/ros/humble /usr/bin/cmake --install /home/delewlew/assessments/coursework1/build/cooing_code_interfaces
