[0.267s] DEBUG:colcon:Command line arguments: ['/usr/bin/colcon', 'list', '-p', '--base-paths', '/home/delewlew/assessments/week7']
[0.267s] DEBUG:colcon:Parsed command line arguments: Namespace(log_base=None, log_level=None, verb_name='list', build_base='build', ignore_user_meta=False, metas=['./colcon.meta'], base_paths=['/home/delewlew/assessments/week7'], packages_ignore=None, packages_ignore_regex=None, paths=None, packages_up_to=None, packages_up_to_regex=None, packages_above=None, packages_above_and_dependencies=None, packages_above_depth=None, packages_select_by_dep=None, packages_skip_by_dep=None, packages_skip_up_to=None, packages_select_build_failed=False, packages_skip_build_finished=False, packages_select_test_failures=False, packages_skip_test_passed=False, packages_select=None, packages_skip=None, packages_select_regex=None, packages_skip_regex=None, packages_start=None, packages_end=None, allow_overriding=[], topological_order=False, names_only=False, paths_only=True, topological_graph=False, topological_graph_dot=False, topological_graph_density=False, topological_graph_legend=False, topological_graph_dot_cluster=False, topological_graph_dot_include_skipped=False, mixin_files=None, mixin=None, verb_parser=<colcon_mixin.mixin.mixin_argument.MixinArgumentDecorator object at 0x71c09164e770>, verb_extension=<colcon_package_information.verb.list.ListVerb object at 0x71c09164d7e0>, main=<bound method ListVerb.main of <colcon_package_information.verb.list.ListVerb object at 0x71c09164d7e0>>, mixin_verb=('list',))
[0.638s] Level 1:colcon.colcon_core.package_discovery:discover_packages(colcon_meta) check parameters
[0.639s] Level 1:colcon.colcon_core.package_discovery:discover_packages(recursive) check parameters
[0.639s] Level 1:colcon.colcon_core.package_discovery:discover_packages(ignore) check parameters
[0.639s] Level 1:colcon.colcon_core.package_discovery:discover_packages(path) check parameters
[0.639s] Level 1:colcon.colcon_core.package_discovery:discover_packages(recursive) discover
[0.639s] INFO:colcon.colcon_core.package_discovery:Crawling recursively for packages in '/home/delewlew/assessments/week7'
[0.639s] Level 1:colcon.colcon_core.package_identification:_identify(/home/delewlew/assessments/week7) by extensions ['ignore', 'ignore_ament_install']
[0.640s] Level 1:colcon.colcon_core.package_identification:_identify(/home/delewlew/assessments/week7) by extension 'ignore'
[0.640s] Level 1:colcon.colcon_core.package_identification:_identify(/home/delewlew/assessments/week7) by extension 'ignore_ament_install'
[0.640s] Level 1:colcon.colcon_core.package_identification:_identify(/home/delewlew/assessments/week7) by extensions ['colcon_pkg']
[0.640s] Level 1:colcon.colcon_core.package_identification:_identify(/home/delewlew/assessments/week7) by extension 'colcon_pkg'
[0.640s] Level 1:colcon.colcon_core.package_identification:_identify(/home/delewlew/assessments/week7) by extensions ['colcon_meta']
[0.640s] Level 1:colcon.colcon_core.package_identification:_identify(/home/delewlew/assessments/week7) by extension 'colcon_meta'
[0.640s] Level 1:colcon.colcon_core.package_identification:_identify(/home/delewlew/assessments/week7) by extensions ['ros']
[0.640s] Level 1:colcon.colcon_core.package_identification:_identify(/home/delewlew/assessments/week7) by extension 'ros'
[0.663s] Level 1:colcon.colcon_core.package_identification:_identify(/home/delewlew/assessments/week7) by extensions ['cmake', 'python']
[0.663s] Level 1:colcon.colcon_core.package_identification:_identify(/home/delewlew/assessments/week7) by extension 'cmake'
[0.663s] Level 1:colcon.colcon_core.package_identification:_identify(/home/delewlew/assessments/week7) by extension 'python'
[0.663s] Level 1:colcon.colcon_core.package_identification:_identify(/home/delewlew/assessments/week7) by extensions ['python_setup_py']
[0.663s] Level 1:colcon.colcon_core.package_identification:_identify(/home/delewlew/assessments/week7) by extension 'python_setup_py'
[0.663s] Level 1:colcon.colcon_core.package_identification:_identify(/home/delewlew/assessments/week7/log) by extensions ['ignore', 'ignore_ament_install']
[0.664s] Level 1:colcon.colcon_core.package_identification:_identify(/home/delewlew/assessments/week7/log) by extension 'ignore'
[0.664s] Level 1:colcon.colcon_core.package_identification:_identify(/home/delewlew/assessments/week7/log) ignored
[0.664s] Level 1:colcon.colcon_core.package_identification:_identify(/home/delewlew/assessments/week7/src) by extensions ['ignore', 'ignore_ament_install']
[0.664s] Level 1:colcon.colcon_core.package_identification:_identify(/home/delewlew/assessments/week7/src) by extension 'ignore'
[0.664s] Level 1:colcon.colcon_core.package_identification:_identify(/home/delewlew/assessments/week7/src) by extension 'ignore_ament_install'
[0.664s] Level 1:colcon.colcon_core.package_identification:_identify(/home/delewlew/assessments/week7/src) by extensions ['colcon_pkg']
[0.664s] Level 1:colcon.colcon_core.package_identification:_identify(/home/delewlew/assessments/week7/src) by extension 'colcon_pkg'
[0.664s] Level 1:colcon.colcon_core.package_identification:_identify(/home/delewlew/assessments/week7/src) by extensions ['colcon_meta']
[0.664s] Level 1:colcon.colcon_core.package_identification:_identify(/home/delewlew/assessments/week7/src) by extension 'colcon_meta'
[0.665s] Level 1:colcon.colcon_core.package_identification:_identify(/home/delewlew/assessments/week7/src) by extensions ['ros']
[0.665s] Level 1:colcon.colcon_core.package_identification:_identify(/home/delewlew/assessments/week7/src) by extension 'ros'
[0.665s] Level 1:colcon.colcon_core.package_identification:_identify(/home/delewlew/assessments/week7/src) by extensions ['cmake', 'python']
[0.665s] Level 1:colcon.colcon_core.package_identification:_identify(/home/delewlew/assessments/week7/src) by extension 'cmake'
[0.665s] Level 1:colcon.colcon_core.package_identification:_identify(/home/delewlew/assessments/week7/src) by extension 'python'
[0.665s] Level 1:colcon.colcon_core.package_identification:_identify(/home/delewlew/assessments/week7/src) by extensions ['python_setup_py']
[0.665s] Level 1:colcon.colcon_core.package_identification:_identify(/home/delewlew/assessments/week7/src) by extension 'python_setup_py'
[0.665s] Level 1:colcon.colcon_core.package_identification:_identify(/home/delewlew/assessments/week7/src/rat_description_pkg) by extensions ['ignore', 'ignore_ament_install']
[0.665s] Level 1:colcon.colcon_core.package_identification:_identify(/home/delewlew/assessments/week7/src/rat_description_pkg) by extension 'ignore'
[0.665s] Level 1:colcon.colcon_core.package_identification:_identify(/home/delewlew/assessments/week7/src/rat_description_pkg) by extension 'ignore_ament_install'
[0.665s] Level 1:colcon.colcon_core.package_identification:_identify(/home/delewlew/assessments/week7/src/rat_description_pkg) by extensions ['colcon_pkg']
[0.665s] Level 1:colcon.colcon_core.package_identification:_identify(/home/delewlew/assessments/week7/src/rat_description_pkg) by extension 'colcon_pkg'
[0.665s] Level 1:colcon.colcon_core.package_identification:_identify(/home/delewlew/assessments/week7/src/rat_description_pkg) by extensions ['colcon_meta']
[0.665s] Level 1:colcon.colcon_core.package_identification:_identify(/home/delewlew/assessments/week7/src/rat_description_pkg) by extension 'colcon_meta'
[0.666s] Level 1:colcon.colcon_core.package_identification:_identify(/home/delewlew/assessments/week7/src/rat_description_pkg) by extensions ['ros']
[0.666s] Level 1:colcon.colcon_core.package_identification:_identify(/home/delewlew/assessments/week7/src/rat_description_pkg) by extension 'ros'
[0.670s] DEBUG:colcon.colcon_core.package_identification:Package '/home/delewlew/assessments/week7/src/rat_description_pkg' with type 'ros.ament_python' and name 'rat_description_pkg'
[0.671s] Level 1:colcon.colcon_core.package_discovery:discover_packages(recursive) using defaults
