[0.086s] DEBUG:colcon:Command line arguments: ['/usr/bin/colcon', 'build']
[0.086s] DEBUG:colcon:Parsed command line arguments: Namespace(log_base=None, log_level=None, verb_name='build', build_base='build', install_base='install', merge_install=False, symlink_install=False, test_result_base=None, continue_on_error=False, executor='parallel', parallel_workers=12, event_handlers=None, ignore_user_meta=False, metas=['./colcon.meta'], base_paths=['.'], packages_ignore=None, packages_ignore_regex=None, paths=None, packages_up_to=None, packages_up_to_regex=None, packages_above=None, packages_above_and_dependencies=None, packages_above_depth=None, packages_select_by_dep=None, packages_skip_by_dep=None, packages_skip_up_to=None, packages_select_build_failed=False, packages_skip_build_finished=False, packages_select_test_failures=False, packages_skip_test_passed=False, packages_select=None, packages_skip=None, packages_select_regex=None, packages_skip_regex=None, packages_start=None, packages_end=None, allow_overriding=[], cmake_args=None, cmake_target=None, cmake_target_skip_unavailable=False, cmake_clean_cache=False, cmake_clean_first=False, cmake_force_configure=False, ament_cmake_args=None, catkin_cmake_args=None, catkin_skip_building_tests=False, mixin_files=None, mixin=None, verb_parser=<colcon_mixin.mixin.mixin_argument.MixinArgumentDecorator object at 0x7d06397bdbd0>, verb_extension=<colcon_core.verb.build.BuildVerb object at 0x7d06399462f0>, main=<bound method BuildVerb.main of <colcon_core.verb.build.BuildVerb object at 0x7d06399462f0>>, mixin_verb=('build',))
[0.196s] Level 1:colcon.colcon_core.package_discovery:discover_packages(colcon_meta) check parameters
[0.197s] Level 1:colcon.colcon_core.package_discovery:discover_packages(recursive) check parameters
[0.197s] Level 1:colcon.colcon_core.package_discovery:discover_packages(ignore) check parameters
[0.197s] Level 1:colcon.colcon_core.package_discovery:discover_packages(path) check parameters
[0.197s] Level 1:colcon.colcon_core.package_discovery:discover_packages(colcon_meta) discover
[0.197s] Level 1:colcon.colcon_core.package_discovery:discover_packages(recursive) discover
[0.197s] INFO:colcon.colcon_core.package_discovery:Crawling recursively for packages in '/home/delewlew/assessments/coursework1/src'
[0.197s] Level 1:colcon.colcon_core.package_identification:_identify(.) by extensions ['ignore', 'ignore_ament_install']
[0.197s] Level 1:colcon.colcon_core.package_identification:_identify(.) by extension 'ignore'
[0.197s] Level 1:colcon.colcon_core.package_identification:_identify(.) by extension 'ignore_ament_install'
[0.197s] Level 1:colcon.colcon_core.package_identification:_identify(.) by extensions ['colcon_pkg']
[0.197s] Level 1:colcon.colcon_core.package_identification:_identify(.) by extension 'colcon_pkg'
[0.197s] Level 1:colcon.colcon_core.package_identification:_identify(.) by extensions ['colcon_meta']
[0.197s] Level 1:colcon.colcon_core.package_identification:_identify(.) by extension 'colcon_meta'
[0.197s] Level 1:colcon.colcon_core.package_identification:_identify(.) by extensions ['ros']
[0.197s] Level 1:colcon.colcon_core.package_identification:_identify(.) by extension 'ros'
[0.207s] Level 1:colcon.colcon_core.package_identification:_identify(.) by extensions ['cmake', 'python']
[0.208s] Level 1:colcon.colcon_core.package_identification:_identify(.) by extension 'cmake'
[0.208s] Level 1:colcon.colcon_core.package_identification:_identify(.) by extension 'python'
[0.208s] Level 1:colcon.colcon_core.package_identification:_identify(.) by extensions ['python_setup_py']
[0.208s] Level 1:colcon.colcon_core.package_identification:_identify(.) by extension 'python_setup_py'
[0.208s] Level 1:colcon.colcon_core.package_identification:_identify(build) by extensions ['ignore', 'ignore_ament_install']
[0.208s] Level 1:colcon.colcon_core.package_identification:_identify(build) by extension 'ignore'
[0.208s] Level 1:colcon.colcon_core.package_identification:_identify(build) ignored
[0.208s] Level 1:colcon.colcon_core.package_identification:_identify(cooing_code_controller) by extensions ['ignore', 'ignore_ament_install']
[0.208s] Level 1:colcon.colcon_core.package_identification:_identify(cooing_code_controller) by extension 'ignore'
[0.209s] Level 1:colcon.colcon_core.package_identification:_identify(cooing_code_controller) by extension 'ignore_ament_install'
[0.209s] Level 1:colcon.colcon_core.package_identification:_identify(cooing_code_controller) by extensions ['colcon_pkg']
[0.209s] Level 1:colcon.colcon_core.package_identification:_identify(cooing_code_controller) by extension 'colcon_pkg'
[0.209s] Level 1:colcon.colcon_core.package_identification:_identify(cooing_code_controller) by extensions ['colcon_meta']
[0.209s] Level 1:colcon.colcon_core.package_identification:_identify(cooing_code_controller) by extension 'colcon_meta'
[0.209s] Level 1:colcon.colcon_core.package_identification:_identify(cooing_code_controller) by extensions ['ros']
[0.209s] Level 1:colcon.colcon_core.package_identification:_identify(cooing_code_controller) by extension 'ros'
[0.210s] DEBUG:colcon.colcon_core.package_identification:Package 'cooing_code_controller' with type 'ros.ament_python' and name 'cooing_code_controller'
[0.211s] Level 1:colcon.colcon_core.package_identification:_identify(cooing_code_interfaces) by extensions ['ignore', 'ignore_ament_install']
[0.211s] Level 1:colcon.colcon_core.package_identification:_identify(cooing_code_interfaces) by extension 'ignore'
[0.211s] Level 1:colcon.colcon_core.package_identification:_identify(cooing_code_interfaces) by extension 'ignore_ament_install'
[0.211s] Level 1:colcon.colcon_core.package_identification:_identify(cooing_code_interfaces) by extensions ['colcon_pkg']
[0.211s] Level 1:colcon.colcon_core.package_identification:_identify(cooing_code_interfaces) by extension 'colcon_pkg'
[0.211s] Level 1:colcon.colcon_core.package_identification:_identify(cooing_code_interfaces) by extensions ['colcon_meta']
[0.211s] Level 1:colcon.colcon_core.package_identification:_identify(cooing_code_interfaces) by extension 'colcon_meta'
[0.211s] Level 1:colcon.colcon_core.package_identification:_identify(cooing_code_interfaces) by extensions ['ros']
[0.211s] Level 1:colcon.colcon_core.package_identification:_identify(cooing_code_interfaces) by extension 'ros'
[0.211s] DEBUG:colcon.colcon_core.package_identification:Package 'cooing_code_interfaces' with type 'ros.ament_cmake' and name 'cooing_code_interfaces'
[0.211s] Level 1:colcon.colcon_core.package_identification:_identify(cooing_code_pkg) by extensions ['ignore', 'ignore_ament_install']
[0.211s] Level 1:colcon.colcon_core.package_identification:_identify(cooing_code_pkg) by extension 'ignore'
[0.211s] Level 1:colcon.colcon_core.package_identification:_identify(cooing_code_pkg) by extension 'ignore_ament_install'
[0.211s] Level 1:colcon.colcon_core.package_identification:_identify(cooing_code_pkg) by extensions ['colcon_pkg']
[0.211s] Level 1:colcon.colcon_core.package_identification:_identify(cooing_code_pkg) by extension 'colcon_pkg'
[0.212s] Level 1:colcon.colcon_core.package_identification:_identify(cooing_code_pkg) by extensions ['colcon_meta']
[0.212s] Level 1:colcon.colcon_core.package_identification:_identify(cooing_code_pkg) by extension 'colcon_meta'
[0.212s] Level 1:colcon.colcon_core.package_identification:_identify(cooing_code_pkg) by extensions ['ros']
[0.212s] Level 1:colcon.colcon_core.package_identification:_identify(cooing_code_pkg) by extension 'ros'
[0.213s] DEBUG:colcon.colcon_core.package_identification:Package 'cooing_code_pkg' with type 'ros.ament_python' and name 'cooing_code_pkg'
[0.213s] Level 1:colcon.colcon_core.package_identification:_identify(install) by extensions ['ignore', 'ignore_ament_install']
[0.213s] Level 1:colcon.colcon_core.package_identification:_identify(install) by extension 'ignore'
[0.213s] Level 1:colcon.colcon_core.package_identification:_identify(install) ignored
[0.213s] Level 1:colcon.colcon_core.package_identification:_identify(log) by extensions ['ignore', 'ignore_ament_install']
[0.213s] Level 1:colcon.colcon_core.package_identification:_identify(log) by extension 'ignore'
[0.213s] Level 1:colcon.colcon_core.package_identification:_identify(log) ignored
[0.213s] Level 1:colcon.colcon_core.package_discovery:discover_packages(recursive) using defaults
[0.213s] Level 1:colcon.colcon_core.package_discovery:discover_packages(ignore) discover
[0.214s] Level 1:colcon.colcon_core.package_discovery:discover_packages(ignore) using defaults
[0.214s] Level 1:colcon.colcon_core.package_discovery:discover_packages(path) discover
[0.214s] Level 1:colcon.colcon_core.package_discovery:discover_packages(path) using defaults
[0.237s] Level 1:colcon.colcon_core.package_discovery:discover_packages(prefix_path) check parameters
[0.237s] Level 1:colcon.colcon_core.package_discovery:discover_packages(prefix_path) discover
[0.239s] DEBUG:colcon.colcon_installed_package_information.package_discovery:Found 274 installed packages in /opt/ros/humble
[0.240s] Level 1:colcon.colcon_core.package_discovery:discover_packages(prefix_path) using defaults
[0.265s] Level 5:colcon.colcon_core.verb:set package 'cooing_code_controller' build argument 'cmake_args' from command line to 'None'
[0.265s] Level 5:colcon.colcon_core.verb:set package 'cooing_code_controller' build argument 'cmake_target' from command line to 'None'
[0.265s] Level 5:colcon.colcon_core.verb:set package 'cooing_code_controller' build argument 'cmake_target_skip_unavailable' from command line to 'False'
[0.265s] Level 5:colcon.colcon_core.verb:set package 'cooing_code_controller' build argument 'cmake_clean_cache' from command line to 'False'
[0.265s] Level 5:colcon.colcon_core.verb:set package 'cooing_code_controller' build argument 'cmake_clean_first' from command line to 'False'
[0.265s] Level 5:colcon.colcon_core.verb:set package 'cooing_code_controller' build argument 'cmake_force_configure' from command line to 'False'
[0.265s] Level 5:colcon.colcon_core.verb:set package 'cooing_code_controller' build argument 'ament_cmake_args' from command line to 'None'
[0.265s] Level 5:colcon.colcon_core.verb:set package 'cooing_code_controller' build argument 'catkin_cmake_args' from command line to 'None'
[0.265s] Level 5:colcon.colcon_core.verb:set package 'cooing_code_controller' build argument 'catkin_skip_building_tests' from command line to 'False'
[0.265s] DEBUG:colcon.colcon_core.verb:Building package 'cooing_code_controller' with the following arguments: {'ament_cmake_args': None, 'build_base': '/home/delewlew/assessments/coursework1/src/build/cooing_code_controller', 'catkin_cmake_args': None, 'catkin_skip_building_tests': False, 'cmake_args': None, 'cmake_clean_cache': False, 'cmake_clean_first': False, 'cmake_force_configure': False, 'cmake_target': None, 'cmake_target_skip_unavailable': False, 'install_base': '/home/delewlew/assessments/coursework1/src/install/cooing_code_controller', 'merge_install': False, 'path': '/home/delewlew/assessments/coursework1/src/cooing_code_controller', 'symlink_install': False, 'test_result_base': None}
[0.266s] Level 5:colcon.colcon_core.verb:set package 'cooing_code_interfaces' build argument 'cmake_args' from command line to 'None'
[0.266s] Level 5:colcon.colcon_core.verb:set package 'cooing_code_interfaces' build argument 'cmake_target' from command line to 'None'
[0.266s] Level 5:colcon.colcon_core.verb:set package 'cooing_code_interfaces' build argument 'cmake_target_skip_unavailable' from command line to 'False'
[0.266s] Level 5:colcon.colcon_core.verb:set package 'cooing_code_interfaces' build argument 'cmake_clean_cache' from command line to 'False'
[0.266s] Level 5:colcon.colcon_core.verb:set package 'cooing_code_interfaces' build argument 'cmake_clean_first' from command line to 'False'
[0.266s] Level 5:colcon.colcon_core.verb:set package 'cooing_code_interfaces' build argument 'cmake_force_configure' from command line to 'False'
[0.266s] Level 5:colcon.colcon_core.verb:set package 'cooing_code_interfaces' build argument 'ament_cmake_args' from command line to 'None'
[0.266s] Level 5:colcon.colcon_core.verb:set package 'cooing_code_interfaces' build argument 'catkin_cmake_args' from command line to 'None'
[0.266s] Level 5:colcon.colcon_core.verb:set package 'cooing_code_interfaces' build argument 'catkin_skip_building_tests' from command line to 'False'
[0.266s] DEBUG:colcon.colcon_core.verb:Building package 'cooing_code_interfaces' with the following arguments: {'ament_cmake_args': None, 'build_base': '/home/delewlew/assessments/coursework1/src/build/cooing_code_interfaces', 'catkin_cmake_args': None, 'catkin_skip_building_tests': False, 'cmake_args': None, 'cmake_clean_cache': False, 'cmake_clean_first': False, 'cmake_force_configure': False, 'cmake_target': None, 'cmake_target_skip_unavailable': False, 'install_base': '/home/delewlew/assessments/coursework1/src/install/cooing_code_interfaces', 'merge_install': False, 'path': '/home/delewlew/assessments/coursework1/src/cooing_code_interfaces', 'symlink_install': False, 'test_result_base': None}
[0.266s] Level 5:colcon.colcon_core.verb:set package 'cooing_code_pkg' build argument 'cmake_args' from command line to 'None'
[0.266s] Level 5:colcon.colcon_core.verb:set package 'cooing_code_pkg' build argument 'cmake_target' from command line to 'None'
[0.266s] Level 5:colcon.colcon_core.verb:set package 'cooing_code_pkg' build argument 'cmake_target_skip_unavailable' from command line to 'False'
[0.266s] Level 5:colcon.colcon_core.verb:set package 'cooing_code_pkg' build argument 'cmake_clean_cache' from command line to 'False'
[0.266s] Level 5:colcon.colcon_core.verb:set package 'cooing_code_pkg' build argument 'cmake_clean_first' from command line to 'False'
[0.266s] Level 5:colcon.colcon_core.verb:set package 'cooing_code_pkg' build argument 'cmake_force_configure' from command line to 'False'
[0.266s] Level 5:colcon.colcon_core.verb:set package 'cooing_code_pkg' build argument 'ament_cmake_args' from command line to 'None'
[0.266s] Level 5:colcon.colcon_core.verb:set package 'cooing_code_pkg' build argument 'catkin_cmake_args' from command line to 'None'
[0.266s] Level 5:colcon.colcon_core.verb:set package 'cooing_code_pkg' build argument 'catkin_skip_building_tests' from command line to 'False'
[0.266s] DEBUG:colcon.colcon_core.verb:Building package 'cooing_code_pkg' with the following arguments: {'ament_cmake_args': None, 'build_base': '/home/delewlew/assessments/coursework1/src/build/cooing_code_pkg', 'catkin_cmake_args': None, 'catkin_skip_building_tests': False, 'cmake_args': None, 'cmake_clean_cache': False, 'cmake_clean_first': False, 'cmake_force_configure': False, 'cmake_target': None, 'cmake_target_skip_unavailable': False, 'install_base': '/home/delewlew/assessments/coursework1/src/install/cooing_code_pkg', 'merge_install': False, 'path': '/home/delewlew/assessments/coursework1/src/cooing_code_pkg', 'symlink_install': False, 'test_result_base': None}
[0.266s] INFO:colcon.colcon_core.executor:Executing jobs using 'parallel' executor
[0.268s] DEBUG:colcon.colcon_parallel_executor.executor.parallel:run_until_complete
[0.268s] INFO:colcon.colcon_ros.task.ament_cmake.build:Building ROS package in '/home/delewlew/assessments/coursework1/src/cooing_code_interfaces' with build type 'ament_cmake'
[0.268s] INFO:colcon.colcon_cmake.task.cmake.build:Building CMake package in '/home/delewlew/assessments/coursework1/src/cooing_code_interfaces'
[0.270s] INFO:colcon.colcon_core.plugin_system:Skipping extension 'colcon_core.shell.bat': Not used on non-Windows systems
[0.270s] INFO:colcon.colcon_core.shell:Skip shell extension 'powershell' for command environment: Not usable outside of PowerShell
[0.270s] DEBUG:colcon.colcon_core.shell:Skip shell extension 'dsv' for command environment
[0.274s] INFO:colcon.colcon_ros.task.ament_python.build:Building ROS package in '/home/delewlew/assessments/coursework1/src/cooing_code_controller' with build type 'ament_python'
[0.274s] Level 1:colcon.colcon_core.shell:create_environment_hook('cooing_code_controller', 'ament_prefix_path')
[0.274s] INFO:colcon.colcon_core.shell:Creating environment hook '/home/delewlew/assessments/coursework1/src/install/cooing_code_controller/share/cooing_code_controller/hook/ament_prefix_path.ps1'
[0.276s] INFO:colcon.colcon_core.shell:Creating environment descriptor '/home/delewlew/assessments/coursework1/src/install/cooing_code_controller/share/cooing_code_controller/hook/ament_prefix_path.dsv'
[0.276s] INFO:colcon.colcon_core.shell:Creating environment hook '/home/delewlew/assessments/coursework1/src/install/cooing_code_controller/share/cooing_code_controller/hook/ament_prefix_path.sh'
[0.278s] INFO:colcon.colcon_core.shell:Skip shell extension 'powershell' for command environment: Not usable outside of PowerShell
[0.278s] DEBUG:colcon.colcon_core.shell:Skip shell extension 'dsv' for command environment
[0.300s] DEBUG:colcon.colcon_core.event_handler.log_command:Invoking command in '/home/delewlew/assessments/coursework1/src/build/cooing_code_interfaces': CMAKE_PREFIX_PATH=/opt/ros/humble /usr/bin/cmake --build /home/delewlew/assessments/coursework1/src/build/cooing_code_interfaces -- -j12 -l12
[0.827s] INFO:colcon.colcon_core.task.python.build:Building Python package in '/home/delewlew/assessments/coursework1/src/cooing_code_controller'
[0.828s] INFO:colcon.colcon_core.shell:Skip shell extension 'powershell' for command environment: Not usable outside of PowerShell
[0.828s] DEBUG:colcon.colcon_core.shell:Skip shell extension 'dsv' for command environment
[0.856s] DEBUG:colcon.colcon_core.event_handler.log_command:Invoked command in '/home/delewlew/assessments/coursework1/src/build/cooing_code_interfaces' returned '0': CMAKE_PREFIX_PATH=/opt/ros/humble /usr/bin/cmake --build /home/delewlew/assessments/coursework1/src/build/cooing_code_interfaces -- -j12 -l12
[1.123s] DEBUG:colcon.colcon_core.event_handler.log_command:Invoking command in '/home/delewlew/assessments/coursework1/src/build/cooing_code_interfaces': CMAKE_PREFIX_PATH=/opt/ros/humble /usr/bin/cmake --install /home/delewlew/assessments/coursework1/src/build/cooing_code_interfaces
[1.196s] Level 1:colcon.colcon_core.environment:create_environment_scripts_only(cooing_code_interfaces)
[1.204s] DEBUG:colcon.colcon_core.event_handler.log_command:Invoked command in '/home/delewlew/assessments/coursework1/src/build/cooing_code_interfaces' returned '0': CMAKE_PREFIX_PATH=/opt/ros/humble /usr/bin/cmake --install /home/delewlew/assessments/coursework1/src/build/cooing_code_interfaces
[1.209s] Level 1:colcon.colcon_core.environment:checking '/home/delewlew/assessments/coursework1/src/install/cooing_code_interfaces' for CMake module files
[1.210s] Level 1:colcon.colcon_core.environment:checking '/home/delewlew/assessments/coursework1/src/install/cooing_code_interfaces' for CMake config files
[1.212s] Level 1:colcon.colcon_core.shell:create_environment_hook('cooing_code_interfaces', 'cmake_prefix_path')
[1.212s] INFO:colcon.colcon_core.shell:Creating environment hook '/home/delewlew/assessments/coursework1/src/install/cooing_code_interfaces/share/cooing_code_interfaces/hook/cmake_prefix_path.ps1'
[1.213s] INFO:colcon.colcon_core.shell:Creating environment descriptor '/home/delewlew/assessments/coursework1/src/install/cooing_code_interfaces/share/cooing_code_interfaces/hook/cmake_prefix_path.dsv'
[1.214s] INFO:colcon.colcon_core.shell:Creating environment hook '/home/delewlew/assessments/coursework1/src/install/cooing_code_interfaces/share/cooing_code_interfaces/hook/cmake_prefix_path.sh'
[1.215s] Level 1:colcon.colcon_core.environment:checking '/home/delewlew/assessments/coursework1/src/install/cooing_code_interfaces/lib'
[1.216s] Level 1:colcon.colcon_core.shell:create_environment_hook('cooing_code_interfaces', 'ld_library_path_lib')
[1.216s] INFO:colcon.colcon_core.shell:Creating environment hook '/home/delewlew/assessments/coursework1/src/install/cooing_code_interfaces/share/cooing_code_interfaces/hook/ld_library_path_lib.ps1'
[1.217s] INFO:colcon.colcon_core.shell:Creating environment descriptor '/home/delewlew/assessments/coursework1/src/install/cooing_code_interfaces/share/cooing_code_interfaces/hook/ld_library_path_lib.dsv'
[1.218s] INFO:colcon.colcon_core.shell:Creating environment hook '/home/delewlew/assessments/coursework1/src/install/cooing_code_interfaces/share/cooing_code_interfaces/hook/ld_library_path_lib.sh'
[1.218s] Level 1:colcon.colcon_core.environment:checking '/home/delewlew/assessments/coursework1/src/install/cooing_code_interfaces/bin'
[1.218s] Level 1:colcon.colcon_core.environment:checking '/home/delewlew/assessments/coursework1/src/install/cooing_code_interfaces/lib/pkgconfig/cooing_code_interfaces.pc'
[1.219s] Level 1:colcon.colcon_core.environment:checking '/home/delewlew/assessments/coursework1/src/install/cooing_code_interfaces/lib/python3.10/site-packages'
[1.219s] Level 1:colcon.colcon_core.environment:checking '/home/delewlew/assessments/coursework1/src/install/cooing_code_interfaces/bin'
[1.220s] INFO:colcon.colcon_core.shell:Creating package script '/home/delewlew/assessments/coursework1/src/install/cooing_code_interfaces/share/cooing_code_interfaces/package.ps1'
[1.221s] INFO:colcon.colcon_core.shell:Creating package descriptor '/home/delewlew/assessments/coursework1/src/install/cooing_code_interfaces/share/cooing_code_interfaces/package.dsv'
[1.222s] INFO:colcon.colcon_core.shell:Creating package script '/home/delewlew/assessments/coursework1/src/install/cooing_code_interfaces/share/cooing_code_interfaces/package.sh'
[1.223s] INFO:colcon.colcon_core.shell:Creating package script '/home/delewlew/assessments/coursework1/src/install/cooing_code_interfaces/share/cooing_code_interfaces/package.bash'
[1.225s] INFO:colcon.colcon_core.shell:Creating package script '/home/delewlew/assessments/coursework1/src/install/cooing_code_interfaces/share/cooing_code_interfaces/package.zsh'
[1.226s] Level 1:colcon.colcon_core.environment:create_file_with_runtime_dependencies(/home/delewlew/assessments/coursework1/src/install/cooing_code_interfaces/share/colcon-core/packages/cooing_code_interfaces)
[1.277s] DEBUG:colcon.colcon_core.event_handler.log_command:Invoking command in '/home/delewlew/assessments/coursework1/src/cooing_code_controller': PYTHONPATH=/home/delewlew/assessments/coursework1/src/build/cooing_code_controller/prefix_override:/usr/lib/python3/dist-packages/colcon_core/task/python/colcon_distutils_commands:/home/delewlew/assessments/coursework1/src/install/cooing_code_controller/lib/python3.10/site-packages:${PYTHONPATH} /usr/bin/python3 -W ignore:setup.py install is deprecated setup.py egg_info --egg-base ../build/cooing_code_controller build --build-base /home/delewlew/assessments/coursework1/src/build/cooing_code_controller/build install --record /home/delewlew/assessments/coursework1/src/build/cooing_code_controller/install.log --single-version-externally-managed install_data
[1.461s] Level 1:colcon.colcon_core.environment:create_environment_scripts_only(cooing_code_interfaces)
[1.462s] Level 1:colcon.colcon_core.environment:checking '/home/delewlew/assessments/coursework1/src/install/cooing_code_interfaces' for CMake module files
[1.464s] Level 1:colcon.colcon_core.environment:checking '/home/delewlew/assessments/coursework1/src/install/cooing_code_interfaces' for CMake config files
[1.465s] Level 1:colcon.colcon_core.shell:create_environment_hook('cooing_code_interfaces', 'cmake_prefix_path')
[1.466s] INFO:colcon.colcon_core.shell:Creating environment hook '/home/delewlew/assessments/coursework1/src/install/cooing_code_interfaces/share/cooing_code_interfaces/hook/cmake_prefix_path.ps1'
[1.467s] INFO:colcon.colcon_core.shell:Creating environment descriptor '/home/delewlew/assessments/coursework1/src/install/cooing_code_interfaces/share/cooing_code_interfaces/hook/cmake_prefix_path.dsv'
[1.469s] INFO:colcon.colcon_core.shell:Creating environment hook '/home/delewlew/assessments/coursework1/src/install/cooing_code_interfaces/share/cooing_code_interfaces/hook/cmake_prefix_path.sh'
[1.470s] Level 1:colcon.colcon_core.environment:checking '/home/delewlew/assessments/coursework1/src/install/cooing_code_interfaces/lib'
[1.471s] Level 1:colcon.colcon_core.shell:create_environment_hook('cooing_code_interfaces', 'ld_library_path_lib')
[1.471s] INFO:colcon.colcon_core.shell:Creating environment hook '/home/delewlew/assessments/coursework1/src/install/cooing_code_interfaces/share/cooing_code_interfaces/hook/ld_library_path_lib.ps1'
[1.473s] INFO:colcon.colcon_core.shell:Creating environment descriptor '/home/delewlew/assessments/coursework1/src/install/cooing_code_interfaces/share/cooing_code_interfaces/hook/ld_library_path_lib.dsv'
[1.474s] INFO:colcon.colcon_core.shell:Creating environment hook '/home/delewlew/assessments/coursework1/src/install/cooing_code_interfaces/share/cooing_code_interfaces/hook/ld_library_path_lib.sh'
[1.475s] Level 1:colcon.colcon_core.environment:checking '/home/delewlew/assessments/coursework1/src/install/cooing_code_interfaces/bin'
[1.476s] Level 1:colcon.colcon_core.environment:checking '/home/delewlew/assessments/coursework1/src/install/cooing_code_interfaces/lib/pkgconfig/cooing_code_interfaces.pc'
[1.476s] Level 1:colcon.colcon_core.environment:checking '/home/delewlew/assessments/coursework1/src/install/cooing_code_interfaces/lib/python3.10/site-packages'
[1.477s] Level 1:colcon.colcon_core.environment:checking '/home/delewlew/assessments/coursework1/src/install/cooing_code_interfaces/bin'
[1.478s] INFO:colcon.colcon_core.shell:Creating package script '/home/delewlew/assessments/coursework1/src/install/cooing_code_interfaces/share/cooing_code_interfaces/package.ps1'
[1.479s] INFO:colcon.colcon_core.shell:Creating package descriptor '/home/delewlew/assessments/coursework1/src/install/cooing_code_interfaces/share/cooing_code_interfaces/package.dsv'
[1.481s] INFO:colcon.colcon_core.shell:Creating package script '/home/delewlew/assessments/coursework1/src/install/cooing_code_interfaces/share/cooing_code_interfaces/package.sh'
[1.482s] INFO:colcon.colcon_core.shell:Creating package script '/home/delewlew/assessments/coursework1/src/install/cooing_code_interfaces/share/cooing_code_interfaces/package.bash'
[1.483s] INFO:colcon.colcon_core.shell:Creating package script '/home/delewlew/assessments/coursework1/src/install/cooing_code_interfaces/share/cooing_code_interfaces/package.zsh'
[1.485s] Level 1:colcon.colcon_core.environment:create_file_with_runtime_dependencies(/home/delewlew/assessments/coursework1/src/install/cooing_code_interfaces/share/colcon-core/packages/cooing_code_interfaces)
[1.485s] INFO:colcon.colcon_ros.task.ament_python.build:Building ROS package in '/home/delewlew/assessments/coursework1/src/cooing_code_pkg' with build type 'ament_python'
[1.486s] Level 1:colcon.colcon_core.shell:create_environment_hook('cooing_code_pkg', 'ament_prefix_path')
[1.487s] INFO:colcon.colcon_core.shell:Creating environment hook '/home/delewlew/assessments/coursework1/src/install/cooing_code_pkg/share/cooing_code_pkg/hook/ament_prefix_path.ps1'
[1.488s] INFO:colcon.colcon_core.shell:Creating environment descriptor '/home/delewlew/assessments/coursework1/src/install/cooing_code_pkg/share/cooing_code_pkg/hook/ament_prefix_path.dsv'
[1.489s] INFO:colcon.colcon_core.shell:Creating environment hook '/home/delewlew/assessments/coursework1/src/install/cooing_code_pkg/share/cooing_code_pkg/hook/ament_prefix_path.sh'
[1.490s] INFO:colcon.colcon_core.shell:Skip shell extension 'powershell' for command environment: Not usable outside of PowerShell
[1.490s] DEBUG:colcon.colcon_core.shell:Skip shell extension 'dsv' for command environment
[1.766s] INFO:colcon.colcon_core.task.python.build:Building Python package in '/home/delewlew/assessments/coursework1/src/cooing_code_pkg'
[1.766s] INFO:colcon.colcon_core.shell:Skip shell extension 'powershell' for command environment: Not usable outside of PowerShell
[1.767s] DEBUG:colcon.colcon_core.shell:Skip shell extension 'dsv' for command environment
[1.771s] Level 1:colcon.colcon_core.environment:checking '/home/delewlew/assessments/coursework1/src/install/cooing_code_controller' for CMake module files
[1.772s] DEBUG:colcon.colcon_core.event_handler.log_command:Invoked command in '/home/delewlew/assessments/coursework1/src/cooing_code_controller' returned '0': PYTHONPATH=/home/delewlew/assessments/coursework1/src/build/cooing_code_controller/prefix_override:/usr/lib/python3/dist-packages/colcon_core/task/python/colcon_distutils_commands:/home/delewlew/assessments/coursework1/src/install/cooing_code_controller/lib/python3.10/site-packages:${PYTHONPATH} /usr/bin/python3 -W ignore:setup.py install is deprecated setup.py egg_info --egg-base ../build/cooing_code_controller build --build-base /home/delewlew/assessments/coursework1/src/build/cooing_code_controller/build install --record /home/delewlew/assessments/coursework1/src/build/cooing_code_controller/install.log --single-version-externally-managed install_data
[1.772s] Level 1:colcon.colcon_core.environment:checking '/home/delewlew/assessments/coursework1/src/install/cooing_code_controller' for CMake config files
[1.773s] Level 1:colcon.colcon_core.environment:checking '/home/delewlew/assessments/coursework1/src/install/cooing_code_controller/lib'
[1.773s] Level 1:colcon.colcon_core.environment:checking '/home/delewlew/assessments/coursework1/src/install/cooing_code_controller/bin'
[1.773s] Level 1:colcon.colcon_core.environment:checking '/home/delewlew/assessments/coursework1/src/install/cooing_code_controller/lib/pkgconfig/cooing_code_controller.pc'
[1.773s] Level 1:colcon.colcon_core.environment:checking '/home/delewlew/assessments/coursework1/src/install/cooing_code_controller/lib/python3.10/site-packages'
[1.773s] Level 1:colcon.colcon_core.shell:create_environment_hook('cooing_code_controller', 'pythonpath')
[1.774s] INFO:colcon.colcon_core.shell:Creating environment hook '/home/delewlew/assessments/coursework1/src/install/cooing_code_controller/share/cooing_code_controller/hook/pythonpath.ps1'
[1.774s] INFO:colcon.colcon_core.shell:Creating environment descriptor '/home/delewlew/assessments/coursework1/src/install/cooing_code_controller/share/cooing_code_controller/hook/pythonpath.dsv'
[1.775s] INFO:colcon.colcon_core.shell:Creating environment hook '/home/delewlew/assessments/coursework1/src/install/cooing_code_controller/share/cooing_code_controller/hook/pythonpath.sh'
[1.776s] Level 1:colcon.colcon_core.environment:checking '/home/delewlew/assessments/coursework1/src/install/cooing_code_controller/bin'
[1.776s] Level 1:colcon.colcon_core.environment:create_environment_scripts_only(cooing_code_controller)
[1.776s] INFO:colcon.colcon_core.shell:Creating package script '/home/delewlew/assessments/coursework1/src/install/cooing_code_controller/share/cooing_code_controller/package.ps1'
[1.777s] INFO:colcon.colcon_core.shell:Creating package descriptor '/home/delewlew/assessments/coursework1/src/install/cooing_code_controller/share/cooing_code_controller/package.dsv'
[1.778s] INFO:colcon.colcon_core.shell:Creating package script '/home/delewlew/assessments/coursework1/src/install/cooing_code_controller/share/cooing_code_controller/package.sh'
[1.778s] INFO:colcon.colcon_core.shell:Creating package script '/home/delewlew/assessments/coursework1/src/install/cooing_code_controller/share/cooing_code_controller/package.bash'
[1.778s] INFO:colcon.colcon_core.shell:Creating package script '/home/delewlew/assessments/coursework1/src/install/cooing_code_controller/share/cooing_code_controller/package.zsh'
[1.779s] Level 1:colcon.colcon_core.environment:create_file_with_runtime_dependencies(/home/delewlew/assessments/coursework1/src/install/cooing_code_controller/share/colcon-core/packages/cooing_code_controller)
[2.064s] DEBUG:colcon.colcon_core.event_handler.log_command:Invoking command in '/home/delewlew/assessments/coursework1/src/cooing_code_pkg': AMENT_PREFIX_PATH=/home/delewlew/assessments/coursework1/src/install/cooing_code_interfaces:${AMENT_PREFIX_PATH} CMAKE_PREFIX_PATH=/home/delewlew/assessments/coursework1/src/install/cooing_code_interfaces LD_LIBRARY_PATH=/home/delewlew/assessments/coursework1/src/install/cooing_code_interfaces/lib:${LD_LIBRARY_PATH} PYTHONPATH=/home/delewlew/assessments/coursework1/src/build/cooing_code_pkg/prefix_override:/usr/lib/python3/dist-packages/colcon_core/task/python/colcon_distutils_commands:/home/delewlew/assessments/coursework1/src/install/cooing_code_pkg/lib/python3.10/site-packages:/home/delewlew/assessments/coursework1/src/install/cooing_code_interfaces/local/lib/python3.10/dist-packages:${PYTHONPATH} /usr/bin/python3 -W ignore:setup.py install is deprecated setup.py egg_info --egg-base ../build/cooing_code_pkg build --build-base /home/delewlew/assessments/coursework1/src/build/cooing_code_pkg/build install --record /home/delewlew/assessments/coursework1/src/build/cooing_code_pkg/install.log --single-version-externally-managed install_data
[2.305s] Level 1:colcon.colcon_core.environment:checking '/home/delewlew/assessments/coursework1/src/install/cooing_code_pkg' for CMake module files
[2.306s] DEBUG:colcon.colcon_core.event_handler.log_command:Invoked command in '/home/delewlew/assessments/coursework1/src/cooing_code_pkg' returned '0': AMENT_PREFIX_PATH=/home/delewlew/assessments/coursework1/src/install/cooing_code_interfaces:${AMENT_PREFIX_PATH} CMAKE_PREFIX_PATH=/home/delewlew/assessments/coursework1/src/install/cooing_code_interfaces LD_LIBRARY_PATH=/home/delewlew/assessments/coursework1/src/install/cooing_code_interfaces/lib:${LD_LIBRARY_PATH} PYTHONPATH=/home/delewlew/assessments/coursework1/src/build/cooing_code_pkg/prefix_override:/usr/lib/python3/dist-packages/colcon_core/task/python/colcon_distutils_commands:/home/delewlew/assessments/coursework1/src/install/cooing_code_pkg/lib/python3.10/site-packages:/home/delewlew/assessments/coursework1/src/install/cooing_code_interfaces/local/lib/python3.10/dist-packages:${PYTHONPATH} /usr/bin/python3 -W ignore:setup.py install is deprecated setup.py egg_info --egg-base ../build/cooing_code_pkg build --build-base /home/delewlew/assessments/coursework1/src/build/cooing_code_pkg/build install --record /home/delewlew/assessments/coursework1/src/build/cooing_code_pkg/install.log --single-version-externally-managed install_data
[2.306s] Level 1:colcon.colcon_core.environment:checking '/home/delewlew/assessments/coursework1/src/install/cooing_code_pkg' for CMake config files
[2.307s] Level 1:colcon.colcon_core.environment:checking '/home/delewlew/assessments/coursework1/src/install/cooing_code_pkg/lib'
[2.307s] Level 1:colcon.colcon_core.environment:checking '/home/delewlew/assessments/coursework1/src/install/cooing_code_pkg/bin'
[2.308s] Level 1:colcon.colcon_core.environment:checking '/home/delewlew/assessments/coursework1/src/install/cooing_code_pkg/lib/pkgconfig/cooing_code_pkg.pc'
[2.308s] Level 1:colcon.colcon_core.environment:checking '/home/delewlew/assessments/coursework1/src/install/cooing_code_pkg/lib/python3.10/site-packages'
[2.308s] Level 1:colcon.colcon_core.shell:create_environment_hook('cooing_code_pkg', 'pythonpath')
[2.309s] INFO:colcon.colcon_core.shell:Creating environment hook '/home/delewlew/assessments/coursework1/src/install/cooing_code_pkg/share/cooing_code_pkg/hook/pythonpath.ps1'
[2.310s] INFO:colcon.colcon_core.shell:Creating environment descriptor '/home/delewlew/assessments/coursework1/src/install/cooing_code_pkg/share/cooing_code_pkg/hook/pythonpath.dsv'
[2.311s] INFO:colcon.colcon_core.shell:Creating environment hook '/home/delewlew/assessments/coursework1/src/install/cooing_code_pkg/share/cooing_code_pkg/hook/pythonpath.sh'
[2.313s] Level 1:colcon.colcon_core.environment:checking '/home/delewlew/assessments/coursework1/src/install/cooing_code_pkg/bin'
[2.313s] Level 1:colcon.colcon_core.environment:create_environment_scripts_only(cooing_code_pkg)
[2.314s] INFO:colcon.colcon_core.shell:Creating package script '/home/delewlew/assessments/coursework1/src/install/cooing_code_pkg/share/cooing_code_pkg/package.ps1'
[2.315s] INFO:colcon.colcon_core.shell:Creating package descriptor '/home/delewlew/assessments/coursework1/src/install/cooing_code_pkg/share/cooing_code_pkg/package.dsv'
[2.316s] INFO:colcon.colcon_core.shell:Creating package script '/home/delewlew/assessments/coursework1/src/install/cooing_code_pkg/share/cooing_code_pkg/package.sh'
[2.316s] INFO:colcon.colcon_core.shell:Creating package script '/home/delewlew/assessments/coursework1/src/install/cooing_code_pkg/share/cooing_code_pkg/package.bash'
[2.317s] INFO:colcon.colcon_core.shell:Creating package script '/home/delewlew/assessments/coursework1/src/install/cooing_code_pkg/share/cooing_code_pkg/package.zsh'
[2.318s] Level 1:colcon.colcon_core.environment:create_file_with_runtime_dependencies(/home/delewlew/assessments/coursework1/src/install/cooing_code_pkg/share/colcon-core/packages/cooing_code_pkg)
[2.318s] DEBUG:colcon.colcon_parallel_executor.executor.parallel:closing loop
[2.318s] DEBUG:colcon.colcon_parallel_executor.executor.parallel:loop closed
[2.319s] DEBUG:colcon.colcon_parallel_executor.executor.parallel:run_until_complete finished with '0'
[2.319s] DEBUG:colcon.colcon_core.event_reactor:joining thread
[2.329s] INFO:colcon.colcon_core.plugin_system:Skipping extension 'colcon_notification.desktop_notification.terminal_notifier': Not used on non-Darwin systems
[2.329s] INFO:colcon.colcon_core.plugin_system:Skipping extension 'colcon_notification.desktop_notification.win32': Not used on non-Windows systems
[2.329s] INFO:colcon.colcon_notification.desktop_notification:Sending desktop notification using 'notify2'
[2.350s] DEBUG:colcon.colcon_core.event_reactor:joined thread
[2.351s] INFO:colcon.colcon_core.shell:Creating prefix script '/home/delewlew/assessments/coursework1/src/install/local_setup.ps1'
[2.354s] INFO:colcon.colcon_core.shell:Creating prefix util module '/home/delewlew/assessments/coursework1/src/install/_local_setup_util_ps1.py'
[2.358s] INFO:colcon.colcon_core.shell:Creating prefix chain script '/home/delewlew/assessments/coursework1/src/install/setup.ps1'
[2.362s] INFO:colcon.colcon_core.shell:Creating prefix script '/home/delewlew/assessments/coursework1/src/install/local_setup.sh'
[2.364s] INFO:colcon.colcon_core.shell:Creating prefix util module '/home/delewlew/assessments/coursework1/src/install/_local_setup_util_sh.py'
[2.366s] INFO:colcon.colcon_core.shell:Creating prefix chain script '/home/delewlew/assessments/coursework1/src/install/setup.sh'
[2.369s] INFO:colcon.colcon_core.shell:Creating prefix script '/home/delewlew/assessments/coursework1/src/install/local_setup.bash'
[2.371s] INFO:colcon.colcon_core.shell:Creating prefix chain script '/home/delewlew/assessments/coursework1/src/install/setup.bash'
[2.375s] INFO:colcon.colcon_core.shell:Creating prefix script '/home/delewlew/assessments/coursework1/src/install/local_setup.zsh'
[2.377s] INFO:colcon.colcon_core.shell:Creating prefix chain script '/home/delewlew/assessments/coursework1/src/install/setup.zsh'
