[8.004s] Invoking command in '/home/delewlew/software_for_robotics_part2/src/bt_demos': PYTHONPATH=/home/delewlew/software_for_robotics_part2/build/bt_demos/prefix_override:/usr/lib/python3/dist-packages/colcon_core/task/python/colcon_distutils_commands:/home/delewlew/software_for_robotics_part2/install/bt_demos/lib/python3.10/site-packages:${PYTHONPATH} /usr/bin/python3 -W ignore:setup.py install is deprecated setup.py egg_info --egg-base ../../build/bt_demos build --build-base /home/delewlew/software_for_robotics_part2/build/bt_demos/build install --record /home/delewlew/software_for_robotics_part2/build/bt_demos/install.log --single-version-externally-managed install_data
[9.091s] running egg_info
[9.096s] writing ../../build/bt_demos/bt_demos.egg-info/PKG-INFO
[9.105s] writing dependency_links to ../../build/bt_demos/bt_demos.egg-info/dependency_links.txt
[9.106s] writing entry points to ../../build/bt_demos/bt_demos.egg-info/entry_points.txt
[9.106s] writing requirements to ../../build/bt_demos/bt_demos.egg-info/requires.txt
[9.112s] writing top-level names to ../../build/bt_demos/bt_demos.egg-info/top_level.txt
[9.120s] reading manifest file '../../build/bt_demos/bt_demos.egg-info/SOURCES.txt'
[9.130s] writing manifest file '../../build/bt_demos/bt_demos.egg-info/SOURCES.txt'
[9.131s] running build
[9.133s] running build_py
[9.140s] running install
[9.140s] running install_lib
[9.147s] running install_data
[9.149s] running install_egg_info
[9.159s] removing '/home/delewlew/software_for_robotics_part2/install/bt_demos/lib/python3.10/site-packages/bt_demos-0.0.0-py3.10.egg-info' (and everything under it)
[9.160s] Copying ../../build/bt_demos/bt_demos.egg-info to /home/delewlew/software_for_robotics_part2/install/bt_demos/lib/python3.10/site-packages/bt_demos-0.0.0-py3.10.egg-info
[9.164s] running install_scripts
[9.252s] writing list of installed files to '/home/delewlew/software_for_robotics_part2/build/bt_demos/install.log'
[9.374s] Invoked command in '/home/delewlew/software_for_robotics_part2/src/bt_demos' returned '0': PYTHONPATH=/home/delewlew/software_for_robotics_part2/build/bt_demos/prefix_override:/usr/lib/python3/dist-packages/colcon_core/task/python/colcon_distutils_commands:/home/delewlew/software_for_robotics_part2/install/bt_demos/lib/python3.10/site-packages:${PYTHONPATH} /usr/bin/python3 -W ignore:setup.py install is deprecated setup.py egg_info --egg-base ../../build/bt_demos build --build-base /home/delewlew/software_for_robotics_part2/build/bt_demos/build install --record /home/delewlew/software_for_robotics_part2/build/bt_demos/install.log --single-version-externally-managed install_data
