[1.761s] Invoking command in '/home/delewlew/ros2_tutorial_workspace_2/src/python_package_with_a_node': PYTHONPATH=/home/delewlew/ros2_tutorial_workspace_2/build/python_package_with_a_node/prefix_override:/usr/lib/python3/dist-packages/colcon_core/task/python/colcon_distutils_commands:/home/delewlew/ros2_tutorial_workspace_2/install/python_package_with_a_node/lib/python3.10/site-packages:${PYTHONPATH} /usr/bin/python3 -W ignore:setup.py install is deprecated setup.py egg_info --egg-base ../../build/python_package_with_a_node build --build-base /home/delewlew/ros2_tutorial_workspace_2/build/python_package_with_a_node/build install --record /home/delewlew/ros2_tutorial_workspace_2/build/python_package_with_a_node/install.log --single-version-externally-managed install_data
[2.098s] running egg_info
[2.099s] writing ../../build/python_package_with_a_node/python_package_with_a_node.egg-info/PKG-INFO
[2.100s] writing dependency_links to ../../build/python_package_with_a_node/python_package_with_a_node.egg-info/dependency_links.txt
[2.101s] writing entry points to ../../build/python_package_with_a_node/python_package_with_a_node.egg-info/entry_points.txt
[2.101s] writing requirements to ../../build/python_package_with_a_node/python_package_with_a_node.egg-info/requires.txt
[2.101s] writing top-level names to ../../build/python_package_with_a_node/python_package_with_a_node.egg-info/top_level.txt
[2.104s] reading manifest file '../../build/python_package_with_a_node/python_package_with_a_node.egg-info/SOURCES.txt'
[2.110s] writing manifest file '../../build/python_package_with_a_node/python_package_with_a_node.egg-info/SOURCES.txt'
[2.110s] running build
[2.110s] running build_py
[2.114s] running install
[2.115s] running install_lib
[2.128s] running install_data
[2.130s] running install_egg_info
[2.136s] removing '/home/delewlew/ros2_tutorial_workspace_2/install/python_package_with_a_node/lib/python3.10/site-packages/python_package_with_a_node-0.0.0-py3.10.egg-info' (and everything under it)
[2.137s] Copying ../../build/python_package_with_a_node/python_package_with_a_node.egg-info to /home/delewlew/ros2_tutorial_workspace_2/install/python_package_with_a_node/lib/python3.10/site-packages/python_package_with_a_node-0.0.0-py3.10.egg-info
[2.141s] running install_scripts
[2.178s] Installing print_forever_node script to /home/delewlew/ros2_tutorial_workspace_2/install/python_package_with_a_node/lib/python_package_with_a_node
[2.179s] Installing sample_python_node script to /home/delewlew/ros2_tutorial_workspace_2/install/python_package_with_a_node/lib/python_package_with_a_node
[2.180s] writing list of installed files to '/home/delewlew/ros2_tutorial_workspace_2/build/python_package_with_a_node/install.log'
[2.222s] Invoked command in '/home/delewlew/ros2_tutorial_workspace_2/src/python_package_with_a_node' returned '0': PYTHONPATH=/home/delewlew/ros2_tutorial_workspace_2/build/python_package_with_a_node/prefix_override:/usr/lib/python3/dist-packages/colcon_core/task/python/colcon_distutils_commands:/home/delewlew/ros2_tutorial_workspace_2/install/python_package_with_a_node/lib/python3.10/site-packages:${PYTHONPATH} /usr/bin/python3 -W ignore:setup.py install is deprecated setup.py egg_info --egg-base ../../build/python_package_with_a_node build --build-base /home/delewlew/ros2_tutorial_workspace_2/build/python_package_with_a_node/build install --record /home/delewlew/ros2_tutorial_workspace_2/build/python_package_with_a_node/install.log --single-version-externally-managed install_data
