[0.143s] DEBUG:colcon:Command line arguments: ['/usr/bin/colcon', 'build']
[0.143s] DEBUG:colcon:Parsed command line arguments: Namespace(log_base=None, log_level=None, verb_name='build', build_base='build', install_base='install', merge_install=False, symlink_install=False, test_result_base=None, continue_on_error=False, executor='parallel', parallel_workers=9, event_handlers=None, ignore_user_meta=False, metas=['./colcon.meta'], base_paths=['.'], packages_ignore=None, packages_ignore_regex=None, paths=None, packages_up_to=None, packages_up_to_regex=None, packages_above=None, packages_above_and_dependencies=None, packages_above_depth=None, packages_select_by_dep=None, packages_skip_by_dep=None, packages_skip_up_to=None, packages_select_build_failed=False, packages_skip_build_finished=False, packages_select_test_failures=False, packages_skip_test_passed=False, packages_select=None, packages_skip=None, packages_select_regex=None, packages_skip_regex=None, packages_start=None, packages_end=None, allow_overriding=[], cmake_args=None, cmake_target=None, cmake_target_skip_unavailable=False, cmake_clean_cache=False, cmake_clean_first=False, cmake_force_configure=False, ament_cmake_args=None, catkin_cmake_args=None, catkin_skip_building_tests=False, mixin_files=None, mixin=None, verb_parser=<colcon_mixin.mixin.mixin_argument.MixinArgumentDecorator object at 0x7a9ec2756d40>, verb_extension=<colcon_core.verb.build.BuildVerb object at 0x7a9ec28633d0>, main=<bound method BuildVerb.main of <colcon_core.verb.build.BuildVerb object at 0x7a9ec28633d0>>, mixin_verb=('build',))
[0.271s] Level 1:colcon.colcon_core.package_discovery:discover_packages(colcon_meta) check parameters
[0.271s] Level 1:colcon.colcon_core.package_discovery:discover_packages(recursive) check parameters
[0.271s] Level 1:colcon.colcon_core.package_discovery:discover_packages(ignore) check parameters
[0.271s] Level 1:colcon.colcon_core.package_discovery:discover_packages(path) check parameters
[0.271s] Level 1:colcon.colcon_core.package_discovery:discover_packages(colcon_meta) discover
[0.271s] Level 1:colcon.colcon_core.package_discovery:discover_packages(recursive) discover
[0.271s] INFO:colcon.colcon_core.package_discovery:Crawling recursively for packages in '/home/delewlew/assessments/coursework1'
[0.271s] Level 1:colcon.colcon_core.package_identification:_identify(.) by extensions ['ignore', 'ignore_ament_install']
[0.271s] Level 1:colcon.colcon_core.package_identification:_identify(.) by extension 'ignore'
[0.271s] Level 1:colcon.colcon_core.package_identification:_identify(.) by extension 'ignore_ament_install'
[0.272s] Level 1:colcon.colcon_core.package_identification:_identify(.) by extensions ['colcon_pkg']
[0.272s] Level 1:colcon.colcon_core.package_identification:_identify(.) by extension 'colcon_pkg'
[0.272s] Level 1:colcon.colcon_core.package_identification:_identify(.) by extensions ['colcon_meta']
[0.272s] Level 1:colcon.colcon_core.package_identification:_identify(.) by extension 'colcon_meta'
[0.272s] Level 1:colcon.colcon_core.package_identification:_identify(.) by extensions ['ros']
[0.272s] Level 1:colcon.colcon_core.package_identification:_identify(.) by extension 'ros'
[0.280s] Level 1:colcon.colcon_core.package_identification:_identify(.) by extensions ['cmake', 'python']
[0.280s] Level 1:colcon.colcon_core.package_identification:_identify(.) by extension 'cmake'
[0.280s] Level 1:colcon.colcon_core.package_identification:_identify(.) by extension 'python'
[0.280s] Level 1:colcon.colcon_core.package_identification:_identify(.) by extensions ['python_setup_py']
[0.280s] Level 1:colcon.colcon_core.package_identification:_identify(.) by extension 'python_setup_py'
[0.280s] Level 1:colcon.colcon_core.package_identification:_identify(build) by extensions ['ignore', 'ignore_ament_install']
[0.280s] Level 1:colcon.colcon_core.package_identification:_identify(build) by extension 'ignore'
[0.280s] Level 1:colcon.colcon_core.package_identification:_identify(build) ignored
[0.281s] Level 1:colcon.colcon_core.package_identification:_identify(install) by extensions ['ignore', 'ignore_ament_install']
[0.281s] Level 1:colcon.colcon_core.package_identification:_identify(install) by extension 'ignore'
[0.281s] Level 1:colcon.colcon_core.package_identification:_identify(install) ignored
[0.281s] Level 1:colcon.colcon_core.package_identification:_identify(log) by extensions ['ignore', 'ignore_ament_install']
[0.281s] Level 1:colcon.colcon_core.package_identification:_identify(log) by extension 'ignore'
[0.281s] Level 1:colcon.colcon_core.package_identification:_identify(log) ignored
[0.281s] Level 1:colcon.colcon_core.package_identification:_identify(src) by extensions ['ignore', 'ignore_ament_install']
[0.281s] Level 1:colcon.colcon_core.package_identification:_identify(src) by extension 'ignore'
[0.281s] Level 1:colcon.colcon_core.package_identification:_identify(src) by extension 'ignore_ament_install'
[0.281s] Level 1:colcon.colcon_core.package_identification:_identify(src) by extensions ['colcon_pkg']
[0.281s] Level 1:colcon.colcon_core.package_identification:_identify(src) by extension 'colcon_pkg'
[0.281s] Level 1:colcon.colcon_core.package_identification:_identify(src) by extensions ['colcon_meta']
[0.281s] Level 1:colcon.colcon_core.package_identification:_identify(src) by extension 'colcon_meta'
[0.282s] Level 1:colcon.colcon_core.package_identification:_identify(src) by extensions ['ros']
[0.282s] Level 1:colcon.colcon_core.package_identification:_identify(src) by extension 'ros'
[0.282s] Level 1:colcon.colcon_core.package_identification:_identify(src) by extensions ['cmake', 'python']
[0.282s] Level 1:colcon.colcon_core.package_identification:_identify(src) by extension 'cmake'
[0.282s] Level 1:colcon.colcon_core.package_identification:_identify(src) by extension 'python'
[0.282s] Level 1:colcon.colcon_core.package_identification:_identify(src) by extensions ['python_setup_py']
[0.282s] Level 1:colcon.colcon_core.package_identification:_identify(src) by extension 'python_setup_py'
[0.282s] Level 1:colcon.colcon_core.package_identification:_identify(src/build) by extensions ['ignore', 'ignore_ament_install']
[0.282s] Level 1:colcon.colcon_core.package_identification:_identify(src/build) by extension 'ignore'
[0.282s] Level 1:colcon.colcon_core.package_identification:_identify(src/build) ignored
[0.282s] Level 1:colcon.colcon_core.package_identification:_identify(src/cooing_code_controller) by extensions ['ignore', 'ignore_ament_install']
[0.282s] Level 1:colcon.colcon_core.package_identification:_identify(src/cooing_code_controller) by extension 'ignore'
[0.282s] Level 1:colcon.colcon_core.package_identification:_identify(src/cooing_code_controller) by extension 'ignore_ament_install'
[0.282s] Level 1:colcon.colcon_core.package_identification:_identify(src/cooing_code_controller) by extensions ['colcon_pkg']
[0.282s] Level 1:colcon.colcon_core.package_identification:_identify(src/cooing_code_controller) by extension 'colcon_pkg'
[0.282s] Level 1:colcon.colcon_core.package_identification:_identify(src/cooing_code_controller) by extensions ['colcon_meta']
[0.282s] Level 1:colcon.colcon_core.package_identification:_identify(src/cooing_code_controller) by extension 'colcon_meta'
[0.282s] Level 1:colcon.colcon_core.package_identification:_identify(src/cooing_code_controller) by extensions ['ros']
[0.283s] Level 1:colcon.colcon_core.package_identification:_identify(src/cooing_code_controller) by extension 'ros'
[0.284s] DEBUG:colcon.colcon_core.package_identification:Package 'src/cooing_code_controller' with type 'ros.ament_python' and name 'cooing_code_controller'
[0.285s] Level 1:colcon.colcon_core.package_identification:_identify(src/cooing_code_interfaces) by extensions ['ignore', 'ignore_ament_install']
[0.285s] Level 1:colcon.colcon_core.package_identification:_identify(src/cooing_code_interfaces) by extension 'ignore'
[0.285s] Level 1:colcon.colcon_core.package_identification:_identify(src/cooing_code_interfaces) by extension 'ignore_ament_install'
[0.285s] Level 1:colcon.colcon_core.package_identification:_identify(src/cooing_code_interfaces) by extensions ['colcon_pkg']
[0.285s] Level 1:colcon.colcon_core.package_identification:_identify(src/cooing_code_interfaces) by extension 'colcon_pkg'
[0.285s] Level 1:colcon.colcon_core.package_identification:_identify(src/cooing_code_interfaces) by extensions ['colcon_meta']
[0.285s] Level 1:colcon.colcon_core.package_identification:_identify(src/cooing_code_interfaces) by extension 'colcon_meta'
[0.285s] Level 1:colcon.colcon_core.package_identification:_identify(src/cooing_code_interfaces) by extensions ['ros']
[0.285s] Level 1:colcon.colcon_core.package_identification:_identify(src/cooing_code_interfaces) by extension 'ros'
[0.286s] DEBUG:colcon.colcon_core.package_identification:Package 'src/cooing_code_interfaces' with type 'ros.ament_cmake' and name 'cooing_code_interfaces'
[0.286s] Level 1:colcon.colcon_core.package_identification:_identify(src/cooing_code_pkg) by extensions ['ignore', 'ignore_ament_install']
[0.286s] Level 1:colcon.colcon_core.package_identification:_identify(src/cooing_code_pkg) by extension 'ignore'
[0.286s] Level 1:colcon.colcon_core.package_identification:_identify(src/cooing_code_pkg) by extension 'ignore_ament_install'
[0.286s] Level 1:colcon.colcon_core.package_identification:_identify(src/cooing_code_pkg) by extensions ['colcon_pkg']
[0.286s] Level 1:colcon.colcon_core.package_identification:_identify(src/cooing_code_pkg) by extension 'colcon_pkg'
[0.286s] Level 1:colcon.colcon_core.package_identification:_identify(src/cooing_code_pkg) by extensions ['colcon_meta']
[0.286s] Level 1:colcon.colcon_core.package_identification:_identify(src/cooing_code_pkg) by extension 'colcon_meta'
[0.286s] Level 1:colcon.colcon_core.package_identification:_identify(src/cooing_code_pkg) by extensions ['ros']
[0.286s] Level 1:colcon.colcon_core.package_identification:_identify(src/cooing_code_pkg) by extension 'ros'
[0.287s] DEBUG:colcon.colcon_core.package_identification:Package 'src/cooing_code_pkg' with type 'ros.ament_python' and name 'cooing_code_pkg'
[0.287s] Level 1:colcon.colcon_core.package_identification:_identify(src/install) by extensions ['ignore', 'ignore_ament_install']
[0.287s] Level 1:colcon.colcon_core.package_identification:_identify(src/install) by extension 'ignore'
[0.287s] Level 1:colcon.colcon_core.package_identification:_identify(src/install) ignored
[0.287s] Level 1:colcon.colcon_core.package_identification:_identify(src/log) by extensions ['ignore', 'ignore_ament_install']
[0.287s] Level 1:colcon.colcon_core.package_identification:_identify(src/log) by extension 'ignore'
[0.287s] Level 1:colcon.colcon_core.package_identification:_identify(src/log) ignored
[0.287s] Level 1:colcon.colcon_core.package_discovery:discover_packages(recursive) using defaults
[0.288s] Level 1:colcon.colcon_core.package_discovery:discover_packages(ignore) discover
[0.288s] Level 1:colcon.colcon_core.package_discovery:discover_packages(ignore) using defaults
[0.288s] Level 1:colcon.colcon_core.package_discovery:discover_packages(path) discover
[0.288s] Level 1:colcon.colcon_core.package_discovery:discover_packages(path) using defaults
[0.314s] Level 1:colcon.colcon_core.package_discovery:discover_packages(prefix_path) check parameters
[0.314s] Level 1:colcon.colcon_core.package_discovery:discover_packages(prefix_path) discover
[0.322s] DEBUG:colcon.colcon_installed_package_information.package_discovery:Found 338 installed packages in /opt/ros/humble
[0.324s] Level 1:colcon.colcon_core.package_discovery:discover_packages(prefix_path) using defaults
[0.357s] Level 5:colcon.colcon_core.verb:set package 'cooing_code_controller' build argument 'cmake_args' from command line to 'None'
[0.358s] Level 5:colcon.colcon_core.verb:set package 'cooing_code_controller' build argument 'cmake_target' from command line to 'None'
[0.358s] Level 5:colcon.colcon_core.verb:set package 'cooing_code_controller' build argument 'cmake_target_skip_unavailable' from command line to 'False'
[0.358s] Level 5:colcon.colcon_core.verb:set package 'cooing_code_controller' build argument 'cmake_clean_cache' from command line to 'False'
[0.358s] Level 5:colcon.colcon_core.verb:set package 'cooing_code_controller' build argument 'cmake_clean_first' from command line to 'False'
[0.358s] Level 5:colcon.colcon_core.verb:set package 'cooing_code_controller' build argument 'cmake_force_configure' from command line to 'False'
[0.358s] Level 5:colcon.colcon_core.verb:set package 'cooing_code_controller' build argument 'ament_cmake_args' from command line to 'None'
[0.358s] Level 5:colcon.colcon_core.verb:set package 'cooing_code_controller' build argument 'catkin_cmake_args' from command line to 'None'
[0.358s] Level 5:colcon.colcon_core.verb:set package 'cooing_code_controller' build argument 'catkin_skip_building_tests' from command line to 'False'
[0.358s] DEBUG:colcon.colcon_core.verb:Building package 'cooing_code_controller' with the following arguments: {'ament_cmake_args': None, 'build_base': '/home/delewlew/assessments/coursework1/build/cooing_code_controller', 'catkin_cmake_args': None, 'catkin_skip_building_tests': False, 'cmake_args': None, 'cmake_clean_cache': False, 'cmake_clean_first': False, 'cmake_force_configure': False, 'cmake_target': None, 'cmake_target_skip_unavailable': False, 'install_base': '/home/delewlew/assessments/coursework1/install/cooing_code_controller', 'merge_install': False, 'path': '/home/delewlew/assessments/coursework1/src/cooing_code_controller', 'symlink_install': False, 'test_result_base': None}
[0.358s] Level 5:colcon.colcon_core.verb:set package 'cooing_code_interfaces' build argument 'cmake_args' from command line to 'None'
[0.358s] Level 5:colcon.colcon_core.verb:set package 'cooing_code_interfaces' build argument 'cmake_target' from command line to 'None'
[0.358s] Level 5:colcon.colcon_core.verb:set package 'cooing_code_interfaces' build argument 'cmake_target_skip_unavailable' from command line to 'False'
[0.358s] Level 5:colcon.colcon_core.verb:set package 'cooing_code_interfaces' build argument 'cmake_clean_cache' from command line to 'False'
[0.358s] Level 5:colcon.colcon_core.verb:set package 'cooing_code_interfaces' build argument 'cmake_clean_first' from command line to 'False'
[0.358s] Level 5:colcon.colcon_core.verb:set package 'cooing_code_interfaces' build argument 'cmake_force_configure' from command line to 'False'
[0.358s] Level 5:colcon.colcon_core.verb:set package 'cooing_code_interfaces' build argument 'ament_cmake_args' from command line to 'None'
[0.358s] Level 5:colcon.colcon_core.verb:set package 'cooing_code_interfaces' build argument 'catkin_cmake_args' from command line to 'None'
[0.358s] Level 5:colcon.colcon_core.verb:set package 'cooing_code_interfaces' build argument 'catkin_skip_building_tests' from command line to 'False'
[0.358s] DEBUG:colcon.colcon_core.verb:Building package 'cooing_code_interfaces' with the following arguments: {'ament_cmake_args': None, 'build_base': '/home/delewlew/assessments/coursework1/build/cooing_code_interfaces', 'catkin_cmake_args': None, 'catkin_skip_building_tests': False, 'cmake_args': None, 'cmake_clean_cache': False, 'cmake_clean_first': False, 'cmake_force_configure': False, 'cmake_target': None, 'cmake_target_skip_unavailable': False, 'install_base': '/home/delewlew/assessments/coursework1/install/cooing_code_interfaces', 'merge_install': False, 'path': '/home/delewlew/assessments/coursework1/src/cooing_code_interfaces', 'symlink_install': False, 'test_result_base': None}
[0.359s] Level 5:colcon.colcon_core.verb:set package 'cooing_code_pkg' build argument 'cmake_args' from command line to 'None'
[0.359s] Level 5:colcon.colcon_core.verb:set package 'cooing_code_pkg' build argument 'cmake_target' from command line to 'None'
[0.359s] Level 5:colcon.colcon_core.verb:set package 'cooing_code_pkg' build argument 'cmake_target_skip_unavailable' from command line to 'False'
[0.359s] Level 5:colcon.colcon_core.verb:set package 'cooing_code_pkg' build argument 'cmake_clean_cache' from command line to 'False'
[0.359s] Level 5:colcon.colcon_core.verb:set package 'cooing_code_pkg' build argument 'cmake_clean_first' from command line to 'False'
[0.359s] Level 5:colcon.colcon_core.verb:set package 'cooing_code_pkg' build argument 'cmake_force_configure' from command line to 'False'
[0.359s] Level 5:colcon.colcon_core.verb:set package 'cooing_code_pkg' build argument 'ament_cmake_args' from command line to 'None'
[0.359s] Level 5:colcon.colcon_core.verb:set package 'cooing_code_pkg' build argument 'catkin_cmake_args' from command line to 'None'
[0.359s] Level 5:colcon.colcon_core.verb:set package 'cooing_code_pkg' build argument 'catkin_skip_building_tests' from command line to 'False'
[0.359s] DEBUG:colcon.colcon_core.verb:Building package 'cooing_code_pkg' with the following arguments: {'ament_cmake_args': None, 'build_base': '/home/delewlew/assessments/coursework1/build/cooing_code_pkg', 'catkin_cmake_args': None, 'catkin_skip_building_tests': False, 'cmake_args': None, 'cmake_clean_cache': False, 'cmake_clean_first': False, 'cmake_force_configure': False, 'cmake_target': None, 'cmake_target_skip_unavailable': False, 'install_base': '/home/delewlew/assessments/coursework1/install/cooing_code_pkg', 'merge_install': False, 'path': '/home/delewlew/assessments/coursework1/src/cooing_code_pkg', 'symlink_install': False, 'test_result_base': None}
[0.359s] INFO:colcon.colcon_core.executor:Executing jobs using 'parallel' executor
[0.361s] DEBUG:colcon.colcon_parallel_executor.executor.parallel:run_until_complete
[0.361s] INFO:colcon.colcon_ros.task.ament_cmake.build:Building ROS package in '/home/delewlew/assessments/coursework1/src/cooing_code_interfaces' with build type 'ament_cmake'
[0.362s] INFO:colcon.colcon_cmake.task.cmake.build:Building CMake package in '/home/delewlew/assessments/coursework1/src/cooing_code_interfaces'
[0.369s] INFO:colcon.colcon_core.plugin_system:Skipping extension 'colcon_core.shell.bat': Not used on non-Windows systems
[0.370s] INFO:colcon.colcon_core.shell:Skip shell extension 'powershell' for command environment: Not usable outside of PowerShell
[0.370s] DEBUG:colcon.colcon_core.shell:Skip shell extension 'dsv' for command environment
[0.374s] INFO:colcon.colcon_ros.task.ament_python.build:Building ROS package in '/home/delewlew/assessments/coursework1/src/cooing_code_controller' with build type 'ament_python'
[0.375s] Level 1:colcon.colcon_core.shell:create_environment_hook('cooing_code_controller', 'ament_prefix_path')
[0.375s] INFO:colcon.colcon_core.shell:Creating environment hook '/home/delewlew/assessments/coursework1/install/cooing_code_controller/share/cooing_code_controller/hook/ament_prefix_path.ps1'
[0.377s] INFO:colcon.colcon_core.shell:Creating environment descriptor '/home/delewlew/assessments/coursework1/install/cooing_code_controller/share/cooing_code_controller/hook/ament_prefix_path.dsv'
[0.378s] INFO:colcon.colcon_core.shell:Creating environment hook '/home/delewlew/assessments/coursework1/install/cooing_code_controller/share/cooing_code_controller/hook/ament_prefix_path.sh'
[0.379s] INFO:colcon.colcon_core.shell:Skip shell extension 'powershell' for command environment: Not usable outside of PowerShell
[0.379s] DEBUG:colcon.colcon_core.shell:Skip shell extension 'dsv' for command environment
[0.391s] DEBUG:colcon.colcon_core.event_handler.log_command:Invoking command in '/home/delewlew/assessments/coursework1/build/cooing_code_interfaces': CMAKE_PREFIX_PATH=/opt/ros/humble /usr/bin/cmake /home/delewlew/assessments/coursework1/src/cooing_code_interfaces -DCMAKE_INSTALL_PREFIX=/home/delewlew/assessments/coursework1/install/cooing_code_interfaces
[0.722s] INFO:colcon.colcon_core.task.python.build:Building Python package in '/home/delewlew/assessments/coursework1/src/cooing_code_controller'
[0.723s] INFO:colcon.colcon_core.shell:Skip shell extension 'powershell' for command environment: Not usable outside of PowerShell
[0.723s] DEBUG:colcon.colcon_core.shell:Skip shell extension 'dsv' for command environment
[1.252s] DEBUG:colcon.colcon_core.event_handler.log_command:Invoking command in '/home/delewlew/assessments/coursework1/src/cooing_code_controller': PYTHONPATH=/home/delewlew/assessments/coursework1/build/cooing_code_controller/prefix_override:/usr/lib/python3/dist-packages/colcon_core/task/python/colcon_distutils_commands:/home/delewlew/assessments/coursework1/install/cooing_code_controller/lib/python3.10/site-packages:${PYTHONPATH} /usr/bin/python3 -W ignore:setup.py install is deprecated setup.py egg_info --egg-base ../../build/cooing_code_controller build --build-base /home/delewlew/assessments/coursework1/build/cooing_code_controller/build install --record /home/delewlew/assessments/coursework1/build/cooing_code_controller/install.log --single-version-externally-managed install_data
[1.579s] DEBUG:colcon.colcon_core.event_handler.log_command:Invoked command in '/home/delewlew/assessments/coursework1/src/cooing_code_controller' returned '0': PYTHONPATH=/home/delewlew/assessments/coursework1/build/cooing_code_controller/prefix_override:/usr/lib/python3/dist-packages/colcon_core/task/python/colcon_distutils_commands:/home/delewlew/assessments/coursework1/install/cooing_code_controller/lib/python3.10/site-packages:${PYTHONPATH} /usr/bin/python3 -W ignore:setup.py install is deprecated setup.py egg_info --egg-base ../../build/cooing_code_controller build --build-base /home/delewlew/assessments/coursework1/build/cooing_code_controller/build install --record /home/delewlew/assessments/coursework1/build/cooing_code_controller/install.log --single-version-externally-managed install_data
[1.584s] Level 1:colcon.colcon_core.environment:checking '/home/delewlew/assessments/coursework1/install/cooing_code_controller' for CMake module files
[1.585s] Level 1:colcon.colcon_core.environment:checking '/home/delewlew/assessments/coursework1/install/cooing_code_controller' for CMake config files
[1.586s] Level 1:colcon.colcon_core.environment:checking '/home/delewlew/assessments/coursework1/install/cooing_code_controller/lib'
[1.586s] Level 1:colcon.colcon_core.environment:checking '/home/delewlew/assessments/coursework1/install/cooing_code_controller/bin'
[1.587s] Level 1:colcon.colcon_core.environment:checking '/home/delewlew/assessments/coursework1/install/cooing_code_controller/lib/pkgconfig/cooing_code_controller.pc'
[1.587s] Level 1:colcon.colcon_core.environment:checking '/home/delewlew/assessments/coursework1/install/cooing_code_controller/lib/python3.10/site-packages'
[1.587s] Level 1:colcon.colcon_core.shell:create_environment_hook('cooing_code_controller', 'pythonpath')
[1.587s] INFO:colcon.colcon_core.shell:Creating environment hook '/home/delewlew/assessments/coursework1/install/cooing_code_controller/share/cooing_code_controller/hook/pythonpath.ps1'
[1.588s] INFO:colcon.colcon_core.shell:Creating environment descriptor '/home/delewlew/assessments/coursework1/install/cooing_code_controller/share/cooing_code_controller/hook/pythonpath.dsv'
[1.589s] INFO:colcon.colcon_core.shell:Creating environment hook '/home/delewlew/assessments/coursework1/install/cooing_code_controller/share/cooing_code_controller/hook/pythonpath.sh'
[1.590s] Level 1:colcon.colcon_core.environment:checking '/home/delewlew/assessments/coursework1/install/cooing_code_controller/bin'
[1.590s] Level 1:colcon.colcon_core.environment:create_environment_scripts_only(cooing_code_controller)
[1.590s] INFO:colcon.colcon_core.shell:Creating package script '/home/delewlew/assessments/coursework1/install/cooing_code_controller/share/cooing_code_controller/package.ps1'
[1.593s] INFO:colcon.colcon_core.shell:Creating package descriptor '/home/delewlew/assessments/coursework1/install/cooing_code_controller/share/cooing_code_controller/package.dsv'
[1.595s] INFO:colcon.colcon_core.shell:Creating package script '/home/delewlew/assessments/coursework1/install/cooing_code_controller/share/cooing_code_controller/package.sh'
[1.596s] INFO:colcon.colcon_core.shell:Creating package script '/home/delewlew/assessments/coursework1/install/cooing_code_controller/share/cooing_code_controller/package.bash'
[1.601s] INFO:colcon.colcon_core.shell:Creating package script '/home/delewlew/assessments/coursework1/install/cooing_code_controller/share/cooing_code_controller/package.zsh'
[1.603s] Level 1:colcon.colcon_core.environment:create_file_with_runtime_dependencies(/home/delewlew/assessments/coursework1/install/cooing_code_controller/share/colcon-core/packages/cooing_code_controller)
[2.842s] DEBUG:colcon.colcon_core.event_handler.log_command:Invoked command in '/home/delewlew/assessments/coursework1/build/cooing_code_interfaces' returned '0': CMAKE_PREFIX_PATH=/opt/ros/humble /usr/bin/cmake /home/delewlew/assessments/coursework1/src/cooing_code_interfaces -DCMAKE_INSTALL_PREFIX=/home/delewlew/assessments/coursework1/install/cooing_code_interfaces
[2.845s] DEBUG:colcon.colcon_core.event_handler.log_command:Invoking command in '/home/delewlew/assessments/coursework1/build/cooing_code_interfaces': CMAKE_PREFIX_PATH=/opt/ros/humble /usr/bin/cmake --build /home/delewlew/assessments/coursework1/build/cooing_code_interfaces -- -j9 -l9
[8.220s] DEBUG:colcon.colcon_core.event_handler.log_command:Invoked command in '/home/delewlew/assessments/coursework1/build/cooing_code_interfaces' returned '0': CMAKE_PREFIX_PATH=/opt/ros/humble /usr/bin/cmake --build /home/delewlew/assessments/coursework1/build/cooing_code_interfaces -- -j9 -l9
[8.464s] DEBUG:colcon.colcon_core.event_handler.log_command:Invoking command in '/home/delewlew/assessments/coursework1/build/cooing_code_interfaces': CMAKE_PREFIX_PATH=/opt/ros/humble /usr/bin/cmake --install /home/delewlew/assessments/coursework1/build/cooing_code_interfaces
[8.554s] Level 1:colcon.colcon_core.environment:create_environment_scripts_only(cooing_code_interfaces)
[8.555s] DEBUG:colcon.colcon_core.event_handler.log_command:Invoked command in '/home/delewlew/assessments/coursework1/build/cooing_code_interfaces' returned '0': CMAKE_PREFIX_PATH=/opt/ros/humble /usr/bin/cmake --install /home/delewlew/assessments/coursework1/build/cooing_code_interfaces
[8.555s] Level 1:colcon.colcon_core.environment:checking '/home/delewlew/assessments/coursework1/install/cooing_code_interfaces' for CMake module files
[8.557s] Level 1:colcon.colcon_core.environment:checking '/home/delewlew/assessments/coursework1/install/cooing_code_interfaces' for CMake config files
[8.558s] Level 1:colcon.colcon_core.shell:create_environment_hook('cooing_code_interfaces', 'cmake_prefix_path')
[8.559s] INFO:colcon.colcon_core.shell:Creating environment hook '/home/delewlew/assessments/coursework1/install/cooing_code_interfaces/share/cooing_code_interfaces/hook/cmake_prefix_path.ps1'
[8.560s] INFO:colcon.colcon_core.shell:Creating environment descriptor '/home/delewlew/assessments/coursework1/install/cooing_code_interfaces/share/cooing_code_interfaces/hook/cmake_prefix_path.dsv'
[8.560s] INFO:colcon.colcon_core.shell:Creating environment hook '/home/delewlew/assessments/coursework1/install/cooing_code_interfaces/share/cooing_code_interfaces/hook/cmake_prefix_path.sh'
[8.561s] Level 1:colcon.colcon_core.environment:checking '/home/delewlew/assessments/coursework1/install/cooing_code_interfaces/lib'
[8.561s] Level 1:colcon.colcon_core.shell:create_environment_hook('cooing_code_interfaces', 'ld_library_path_lib')
[8.562s] INFO:colcon.colcon_core.shell:Creating environment hook '/home/delewlew/assessments/coursework1/install/cooing_code_interfaces/share/cooing_code_interfaces/hook/ld_library_path_lib.ps1'
[8.562s] INFO:colcon.colcon_core.shell:Creating environment descriptor '/home/delewlew/assessments/coursework1/install/cooing_code_interfaces/share/cooing_code_interfaces/hook/ld_library_path_lib.dsv'
[8.563s] INFO:colcon.colcon_core.shell:Creating environment hook '/home/delewlew/assessments/coursework1/install/cooing_code_interfaces/share/cooing_code_interfaces/hook/ld_library_path_lib.sh'
[8.563s] Level 1:colcon.colcon_core.environment:checking '/home/delewlew/assessments/coursework1/install/cooing_code_interfaces/bin'
[8.563s] Level 1:colcon.colcon_core.environment:checking '/home/delewlew/assessments/coursework1/install/cooing_code_interfaces/lib/pkgconfig/cooing_code_interfaces.pc'
[8.564s] Level 1:colcon.colcon_core.environment:checking '/home/delewlew/assessments/coursework1/install/cooing_code_interfaces/lib/python3.10/site-packages'
[8.564s] Level 1:colcon.colcon_core.environment:checking '/home/delewlew/assessments/coursework1/install/cooing_code_interfaces/bin'
[8.565s] INFO:colcon.colcon_core.shell:Creating package script '/home/delewlew/assessments/coursework1/install/cooing_code_interfaces/share/cooing_code_interfaces/package.ps1'
[8.566s] INFO:colcon.colcon_core.shell:Creating package descriptor '/home/delewlew/assessments/coursework1/install/cooing_code_interfaces/share/cooing_code_interfaces/package.dsv'
[8.567s] INFO:colcon.colcon_core.shell:Creating package script '/home/delewlew/assessments/coursework1/install/cooing_code_interfaces/share/cooing_code_interfaces/package.sh'
[8.567s] INFO:colcon.colcon_core.shell:Creating package script '/home/delewlew/assessments/coursework1/install/cooing_code_interfaces/share/cooing_code_interfaces/package.bash'
[8.568s] INFO:colcon.colcon_core.shell:Creating package script '/home/delewlew/assessments/coursework1/install/cooing_code_interfaces/share/cooing_code_interfaces/package.zsh'
[8.568s] Level 1:colcon.colcon_core.environment:create_file_with_runtime_dependencies(/home/delewlew/assessments/coursework1/install/cooing_code_interfaces/share/colcon-core/packages/cooing_code_interfaces)
[8.758s] Level 1:colcon.colcon_core.environment:create_environment_scripts_only(cooing_code_interfaces)
[8.758s] Level 1:colcon.colcon_core.environment:checking '/home/delewlew/assessments/coursework1/install/cooing_code_interfaces' for CMake module files
[8.759s] Level 1:colcon.colcon_core.environment:checking '/home/delewlew/assessments/coursework1/install/cooing_code_interfaces' for CMake config files
[8.760s] Level 1:colcon.colcon_core.shell:create_environment_hook('cooing_code_interfaces', 'cmake_prefix_path')
[8.761s] INFO:colcon.colcon_core.shell:Creating environment hook '/home/delewlew/assessments/coursework1/install/cooing_code_interfaces/share/cooing_code_interfaces/hook/cmake_prefix_path.ps1'
[8.761s] INFO:colcon.colcon_core.shell:Creating environment descriptor '/home/delewlew/assessments/coursework1/install/cooing_code_interfaces/share/cooing_code_interfaces/hook/cmake_prefix_path.dsv'
[8.762s] INFO:colcon.colcon_core.shell:Creating environment hook '/home/delewlew/assessments/coursework1/install/cooing_code_interfaces/share/cooing_code_interfaces/hook/cmake_prefix_path.sh'
[8.763s] Level 1:colcon.colcon_core.environment:checking '/home/delewlew/assessments/coursework1/install/cooing_code_interfaces/lib'
[8.763s] Level 1:colcon.colcon_core.shell:create_environment_hook('cooing_code_interfaces', 'ld_library_path_lib')
[8.763s] INFO:colcon.colcon_core.shell:Creating environment hook '/home/delewlew/assessments/coursework1/install/cooing_code_interfaces/share/cooing_code_interfaces/hook/ld_library_path_lib.ps1'
[8.764s] INFO:colcon.colcon_core.shell:Creating environment descriptor '/home/delewlew/assessments/coursework1/install/cooing_code_interfaces/share/cooing_code_interfaces/hook/ld_library_path_lib.dsv'
[8.764s] INFO:colcon.colcon_core.shell:Creating environment hook '/home/delewlew/assessments/coursework1/install/cooing_code_interfaces/share/cooing_code_interfaces/hook/ld_library_path_lib.sh'
[8.765s] Level 1:colcon.colcon_core.environment:checking '/home/delewlew/assessments/coursework1/install/cooing_code_interfaces/bin'
[8.765s] Level 1:colcon.colcon_core.environment:checking '/home/delewlew/assessments/coursework1/install/cooing_code_interfaces/lib/pkgconfig/cooing_code_interfaces.pc'
[8.766s] Level 1:colcon.colcon_core.environment:checking '/home/delewlew/assessments/coursework1/install/cooing_code_interfaces/lib/python3.10/site-packages'
[8.766s] Level 1:colcon.colcon_core.environment:checking '/home/delewlew/assessments/coursework1/install/cooing_code_interfaces/bin'
[8.767s] INFO:colcon.colcon_core.shell:Creating package script '/home/delewlew/assessments/coursework1/install/cooing_code_interfaces/share/cooing_code_interfaces/package.ps1'
[8.767s] INFO:colcon.colcon_core.shell:Creating package descriptor '/home/delewlew/assessments/coursework1/install/cooing_code_interfaces/share/cooing_code_interfaces/package.dsv'
[8.768s] INFO:colcon.colcon_core.shell:Creating package script '/home/delewlew/assessments/coursework1/install/cooing_code_interfaces/share/cooing_code_interfaces/package.sh'
[8.768s] INFO:colcon.colcon_core.shell:Creating package script '/home/delewlew/assessments/coursework1/install/cooing_code_interfaces/share/cooing_code_interfaces/package.bash'
[8.769s] INFO:colcon.colcon_core.shell:Creating package script '/home/delewlew/assessments/coursework1/install/cooing_code_interfaces/share/cooing_code_interfaces/package.zsh'
[8.770s] Level 1:colcon.colcon_core.environment:create_file_with_runtime_dependencies(/home/delewlew/assessments/coursework1/install/cooing_code_interfaces/share/colcon-core/packages/cooing_code_interfaces)
[8.770s] INFO:colcon.colcon_ros.task.ament_python.build:Building ROS package in '/home/delewlew/assessments/coursework1/src/cooing_code_pkg' with build type 'ament_python'
[8.770s] Level 1:colcon.colcon_core.shell:create_environment_hook('cooing_code_pkg', 'ament_prefix_path')
[8.771s] INFO:colcon.colcon_core.shell:Creating environment hook '/home/delewlew/assessments/coursework1/install/cooing_code_pkg/share/cooing_code_pkg/hook/ament_prefix_path.ps1'
[8.772s] INFO:colcon.colcon_core.shell:Creating environment descriptor '/home/delewlew/assessments/coursework1/install/cooing_code_pkg/share/cooing_code_pkg/hook/ament_prefix_path.dsv'
[8.772s] INFO:colcon.colcon_core.shell:Creating environment hook '/home/delewlew/assessments/coursework1/install/cooing_code_pkg/share/cooing_code_pkg/hook/ament_prefix_path.sh'
[8.773s] INFO:colcon.colcon_core.shell:Skip shell extension 'powershell' for command environment: Not usable outside of PowerShell
[8.773s] DEBUG:colcon.colcon_core.shell:Skip shell extension 'dsv' for command environment
[9.008s] INFO:colcon.colcon_core.task.python.build:Building Python package in '/home/delewlew/assessments/coursework1/src/cooing_code_pkg'
[9.009s] INFO:colcon.colcon_core.shell:Skip shell extension 'powershell' for command environment: Not usable outside of PowerShell
[9.009s] DEBUG:colcon.colcon_core.shell:Skip shell extension 'dsv' for command environment
[9.319s] DEBUG:colcon.colcon_core.event_handler.log_command:Invoking command in '/home/delewlew/assessments/coursework1/src/cooing_code_pkg': AMENT_PREFIX_PATH=/home/delewlew/assessments/coursework1/install/cooing_code_interfaces:${AMENT_PREFIX_PATH} CMAKE_PREFIX_PATH=/home/delewlew/assessments/coursework1/install/cooing_code_interfaces LD_LIBRARY_PATH=/home/delewlew/assessments/coursework1/install/cooing_code_interfaces/lib:${LD_LIBRARY_PATH} PYTHONPATH=/home/delewlew/assessments/coursework1/build/cooing_code_pkg/prefix_override:/usr/lib/python3/dist-packages/colcon_core/task/python/colcon_distutils_commands:/home/delewlew/assessments/coursework1/install/cooing_code_pkg/lib/python3.10/site-packages:/home/delewlew/assessments/coursework1/install/cooing_code_interfaces/local/lib/python3.10/dist-packages:${PYTHONPATH} /usr/bin/python3 -W ignore:setup.py install is deprecated setup.py egg_info --egg-base ../../build/cooing_code_pkg build --build-base /home/delewlew/assessments/coursework1/build/cooing_code_pkg/build install --record /home/delewlew/assessments/coursework1/build/cooing_code_pkg/install.log --single-version-externally-managed install_data
[9.605s] Level 1:colcon.colcon_core.environment:checking '/home/delewlew/assessments/coursework1/install/cooing_code_pkg' for CMake module files
[9.606s] DEBUG:colcon.colcon_core.event_handler.log_command:Invoked command in '/home/delewlew/assessments/coursework1/src/cooing_code_pkg' returned '0': AMENT_PREFIX_PATH=/home/delewlew/assessments/coursework1/install/cooing_code_interfaces:${AMENT_PREFIX_PATH} CMAKE_PREFIX_PATH=/home/delewlew/assessments/coursework1/install/cooing_code_interfaces LD_LIBRARY_PATH=/home/delewlew/assessments/coursework1/install/cooing_code_interfaces/lib:${LD_LIBRARY_PATH} PYTHONPATH=/home/delewlew/assessments/coursework1/build/cooing_code_pkg/prefix_override:/usr/lib/python3/dist-packages/colcon_core/task/python/colcon_distutils_commands:/home/delewlew/assessments/coursework1/install/cooing_code_pkg/lib/python3.10/site-packages:/home/delewlew/assessments/coursework1/install/cooing_code_interfaces/local/lib/python3.10/dist-packages:${PYTHONPATH} /usr/bin/python3 -W ignore:setup.py install is deprecated setup.py egg_info --egg-base ../../build/cooing_code_pkg build --build-base /home/delewlew/assessments/coursework1/build/cooing_code_pkg/build install --record /home/delewlew/assessments/coursework1/build/cooing_code_pkg/install.log --single-version-externally-managed install_data
[9.606s] Level 1:colcon.colcon_core.environment:checking '/home/delewlew/assessments/coursework1/install/cooing_code_pkg' for CMake config files
[9.607s] Level 1:colcon.colcon_core.environment:checking '/home/delewlew/assessments/coursework1/install/cooing_code_pkg/lib'
[9.607s] Level 1:colcon.colcon_core.environment:checking '/home/delewlew/assessments/coursework1/install/cooing_code_pkg/bin'
[9.607s] Level 1:colcon.colcon_core.environment:checking '/home/delewlew/assessments/coursework1/install/cooing_code_pkg/lib/pkgconfig/cooing_code_pkg.pc'
[9.607s] Level 1:colcon.colcon_core.environment:checking '/home/delewlew/assessments/coursework1/install/cooing_code_pkg/lib/python3.10/site-packages'
[9.607s] Level 1:colcon.colcon_core.shell:create_environment_hook('cooing_code_pkg', 'pythonpath')
[9.607s] INFO:colcon.colcon_core.shell:Creating environment hook '/home/delewlew/assessments/coursework1/install/cooing_code_pkg/share/cooing_code_pkg/hook/pythonpath.ps1'
[9.608s] INFO:colcon.colcon_core.shell:Creating environment descriptor '/home/delewlew/assessments/coursework1/install/cooing_code_pkg/share/cooing_code_pkg/hook/pythonpath.dsv'
[9.608s] INFO:colcon.colcon_core.shell:Creating environment hook '/home/delewlew/assessments/coursework1/install/cooing_code_pkg/share/cooing_code_pkg/hook/pythonpath.sh'
[9.608s] Level 1:colcon.colcon_core.environment:checking '/home/delewlew/assessments/coursework1/install/cooing_code_pkg/bin'
[9.608s] Level 1:colcon.colcon_core.environment:create_environment_scripts_only(cooing_code_pkg)
[9.609s] INFO:colcon.colcon_core.shell:Creating package script '/home/delewlew/assessments/coursework1/install/cooing_code_pkg/share/cooing_code_pkg/package.ps1'
[9.609s] INFO:colcon.colcon_core.shell:Creating package descriptor '/home/delewlew/assessments/coursework1/install/cooing_code_pkg/share/cooing_code_pkg/package.dsv'
[9.609s] INFO:colcon.colcon_core.shell:Creating package script '/home/delewlew/assessments/coursework1/install/cooing_code_pkg/share/cooing_code_pkg/package.sh'
[9.610s] INFO:colcon.colcon_core.shell:Creating package script '/home/delewlew/assessments/coursework1/install/cooing_code_pkg/share/cooing_code_pkg/package.bash'
[9.610s] INFO:colcon.colcon_core.shell:Creating package script '/home/delewlew/assessments/coursework1/install/cooing_code_pkg/share/cooing_code_pkg/package.zsh'
[9.610s] Level 1:colcon.colcon_core.environment:create_file_with_runtime_dependencies(/home/delewlew/assessments/coursework1/install/cooing_code_pkg/share/colcon-core/packages/cooing_code_pkg)
[9.610s] DEBUG:colcon.colcon_parallel_executor.executor.parallel:closing loop
[9.610s] DEBUG:colcon.colcon_parallel_executor.executor.parallel:loop closed
[9.610s] DEBUG:colcon.colcon_parallel_executor.executor.parallel:run_until_complete finished with '0'
[9.611s] DEBUG:colcon.colcon_core.event_reactor:joining thread
[9.624s] INFO:colcon.colcon_core.plugin_system:Skipping extension 'colcon_notification.desktop_notification.terminal_notifier': Not used on non-Darwin systems
[9.624s] INFO:colcon.colcon_core.plugin_system:Skipping extension 'colcon_notification.desktop_notification.win32': Not used on non-Windows systems
[9.624s] INFO:colcon.colcon_notification.desktop_notification:Sending desktop notification using 'notify2'
[9.674s] DEBUG:colcon.colcon_core.event_reactor:joined thread
[9.674s] INFO:colcon.colcon_core.shell:Creating prefix script '/home/delewlew/assessments/coursework1/install/local_setup.ps1'
[9.677s] INFO:colcon.colcon_core.shell:Creating prefix util module '/home/delewlew/assessments/coursework1/install/_local_setup_util_ps1.py'
[9.680s] INFO:colcon.colcon_core.shell:Creating prefix chain script '/home/delewlew/assessments/coursework1/install/setup.ps1'
[9.684s] INFO:colcon.colcon_core.shell:Creating prefix script '/home/delewlew/assessments/coursework1/install/local_setup.sh'
[9.686s] INFO:colcon.colcon_core.shell:Creating prefix util module '/home/delewlew/assessments/coursework1/install/_local_setup_util_sh.py'
[9.688s] INFO:colcon.colcon_core.shell:Creating prefix chain script '/home/delewlew/assessments/coursework1/install/setup.sh'
[9.692s] INFO:colcon.colcon_core.shell:Creating prefix script '/home/delewlew/assessments/coursework1/install/local_setup.bash'
[9.694s] INFO:colcon.colcon_core.shell:Creating prefix chain script '/home/delewlew/assessments/coursework1/install/setup.bash'
[9.698s] INFO:colcon.colcon_core.shell:Creating prefix script '/home/delewlew/assessments/coursework1/install/local_setup.zsh'
[9.701s] INFO:colcon.colcon_core.shell:Creating prefix chain script '/home/delewlew/assessments/coursework1/install/setup.zsh'
