[1.321s] Invoking command in '/home/delewlew/ros2_tutorial_workspace_2/src/python_package_that_uses_paramameters_and_launch_files': PYTHONPATH=/home/delewlew/ros2_tutorial_workspace_2/src/build/python_package_that_uses_paramameters_and_launch_files/prefix_override:/usr/lib/python3/dist-packages/colcon_core/task/python/colcon_distutils_commands:/home/delewlew/ros2_tutorial_workspace_2/src/install/python_package_that_uses_paramameters_and_launch_files/lib/python3.10/site-packages:${PYTHONPATH} /usr/bin/python3 -W ignore:setup.py install is deprecated setup.py egg_info --egg-base ../build/python_package_that_uses_paramameters_and_launch_files build --build-base /home/delewlew/ros2_tutorial_workspace_2/src/build/python_package_that_uses_paramameters_and_launch_files/build install --record /home/delewlew/ros2_tutorial_workspace_2/src/build/python_package_that_uses_paramameters_and_launch_files/install.log --single-version-externally-managed install_data
[1.568s] running egg_info
[1.570s] writing ../build/python_package_that_uses_paramameters_and_launch_files/python_package_that_uses_paramameters_and_launch_files.egg-info/PKG-INFO
[1.570s] writing dependency_links to ../build/python_package_that_uses_paramameters_and_launch_files/python_package_that_uses_paramameters_and_launch_files.egg-info/dependency_links.txt
[1.570s] writing entry points to ../build/python_package_that_uses_paramameters_and_launch_files/python_package_that_uses_paramameters_and_launch_files.egg-info/entry_points.txt
[1.571s] writing requirements to ../build/python_package_that_uses_paramameters_and_launch_files/python_package_that_uses_paramameters_and_launch_files.egg-info/requires.txt
[1.571s] writing top-level names to ../build/python_package_that_uses_paramameters_and_launch_files/python_package_that_uses_paramameters_and_launch_files.egg-info/top_level.txt
[1.573s] reading manifest file '../build/python_package_that_uses_paramameters_and_launch_files/python_package_that_uses_paramameters_and_launch_files.egg-info/SOURCES.txt'
[1.574s] writing manifest file '../build/python_package_that_uses_paramameters_and_launch_files/python_package_that_uses_paramameters_and_launch_files.egg-info/SOURCES.txt'
[1.575s] running build
[1.575s] running build_py
[1.576s] running install
[1.576s] running install_lib
[1.577s] running install_data
[1.578s] running install_egg_info
[1.581s] removing '/home/delewlew/ros2_tutorial_workspace_2/src/install/python_package_that_uses_paramameters_and_launch_files/lib/python3.10/site-packages/python_package_that_uses_paramameters_and_launch_files-0.0.0-py3.10.egg-info' (and everything under it)
[1.581s] Copying ../build/python_package_that_uses_paramameters_and_launch_files/python_package_that_uses_paramameters_and_launch_files.egg-info to /home/delewlew/ros2_tutorial_workspace_2/src/install/python_package_that_uses_paramameters_and_launch_files/lib/python3.10/site-packages/python_package_that_uses_paramameters_and_launch_files-0.0.0-py3.10.egg-info
[1.583s] running install_scripts
[1.609s] Installing amazing_quote_configurable_publisher_node script to /home/delewlew/ros2_tutorial_workspace_2/src/install/python_package_that_uses_paramameters_and_launch_files/lib/python_package_that_uses_paramameters_and_launch_files
[1.609s] writing list of installed files to '/home/delewlew/ros2_tutorial_workspace_2/src/build/python_package_that_uses_paramameters_and_launch_files/install.log'
[1.634s] Invoked command in '/home/delewlew/ros2_tutorial_workspace_2/src/python_package_that_uses_paramameters_and_launch_files' returned '0': PYTHONPATH=/home/delewlew/ros2_tutorial_workspace_2/src/build/python_package_that_uses_paramameters_and_launch_files/prefix_override:/usr/lib/python3/dist-packages/colcon_core/task/python/colcon_distutils_commands:/home/delewlew/ros2_tutorial_workspace_2/src/install/python_package_that_uses_paramameters_and_launch_files/lib/python3.10/site-packages:${PYTHONPATH} /usr/bin/python3 -W ignore:setup.py install is deprecated setup.py egg_info --egg-base ../build/python_package_that_uses_paramameters_and_launch_files build --build-base /home/delewlew/ros2_tutorial_workspace_2/src/build/python_package_that_uses_paramameters_and_launch_files/build install --record /home/delewlew/ros2_tutorial_workspace_2/src/build/python_package_that_uses_paramameters_and_launch_files/install.log --single-version-externally-managed install_data
