[2.316s] Invoking command in '/home/delewlew/ros2_tutorial_workspace_2/src/python_package_that_uses_the_services': PYTHONPATH=/home/delewlew/ros2_tutorial_workspace_2/src/build/python_package_that_uses_the_services/prefix_override:/usr/lib/python3/dist-packages/colcon_core/task/python/colcon_distutils_commands:/home/delewlew/ros2_tutorial_workspace_2/src/install/python_package_that_uses_the_services/lib/python3.10/site-packages:${PYTHONPATH} /usr/bin/python3 -W ignore:setup.py install is deprecated setup.py egg_info --egg-base ../build/python_package_that_uses_the_services build --build-base /home/delewlew/ros2_tutorial_workspace_2/src/build/python_package_that_uses_the_services/build install --record /home/delewlew/ros2_tutorial_workspace_2/src/build/python_package_that_uses_the_services/install.log --single-version-externally-managed install_data
[2.872s] running egg_info
[2.872s] writing ../build/python_package_that_uses_the_services/python_package_that_uses_the_services.egg-info/PKG-INFO
[2.873s] writing dependency_links to ../build/python_package_that_uses_the_services/python_package_that_uses_the_services.egg-info/dependency_links.txt
[2.873s] writing entry points to ../build/python_package_that_uses_the_services/python_package_that_uses_the_services.egg-info/entry_points.txt
[2.873s] writing requirements to ../build/python_package_that_uses_the_services/python_package_that_uses_the_services.egg-info/requires.txt
[2.873s] writing top-level names to ../build/python_package_that_uses_the_services/python_package_that_uses_the_services.egg-info/top_level.txt
[2.876s] reading manifest file '../build/python_package_that_uses_the_services/python_package_that_uses_the_services.egg-info/SOURCES.txt'
[2.877s] writing manifest file '../build/python_package_that_uses_the_services/python_package_that_uses_the_services.egg-info/SOURCES.txt'
[2.877s] running build
[2.877s] running build_py
[2.877s] copying python_package_that_uses_the_services/what_is_the_point_service_client_node.py -> /home/delewlew/ros2_tutorial_workspace_2/src/build/python_package_that_uses_the_services/build/lib/python_package_that_uses_the_services
[2.878s] copying python_package_that_uses_the_services/what_is_the_point_service_server_node.py -> /home/delewlew/ros2_tutorial_workspace_2/src/build/python_package_that_uses_the_services/build/lib/python_package_that_uses_the_services
[2.878s] running install
[2.878s] running install_lib
[2.881s] copying /home/delewlew/ros2_tutorial_workspace_2/src/build/python_package_that_uses_the_services/build/lib/python_package_that_uses_the_services/what_is_the_point_service_client_node.py -> /home/delewlew/ros2_tutorial_workspace_2/src/install/python_package_that_uses_the_services/lib/python3.10/site-packages/python_package_that_uses_the_services
[2.881s] copying /home/delewlew/ros2_tutorial_workspace_2/src/build/python_package_that_uses_the_services/build/lib/python_package_that_uses_the_services/what_is_the_point_service_server_node.py -> /home/delewlew/ros2_tutorial_workspace_2/src/install/python_package_that_uses_the_services/lib/python3.10/site-packages/python_package_that_uses_the_services
[2.882s] byte-compiling /home/delewlew/ros2_tutorial_workspace_2/src/install/python_package_that_uses_the_services/lib/python3.10/site-packages/python_package_that_uses_the_services/what_is_the_point_service_client_node.py to what_is_the_point_service_client_node.cpython-310.pyc
[2.883s] byte-compiling /home/delewlew/ros2_tutorial_workspace_2/src/install/python_package_that_uses_the_services/lib/python3.10/site-packages/python_package_that_uses_the_services/what_is_the_point_service_server_node.py to what_is_the_point_service_server_node.cpython-310.pyc
[2.883s] running install_data
[2.884s] running install_egg_info
[2.885s] removing '/home/delewlew/ros2_tutorial_workspace_2/src/install/python_package_that_uses_the_services/lib/python3.10/site-packages/python_package_that_uses_the_services-0.0.0-py3.10.egg-info' (and everything under it)
[2.886s] Copying ../build/python_package_that_uses_the_services/python_package_that_uses_the_services.egg-info to /home/delewlew/ros2_tutorial_workspace_2/src/install/python_package_that_uses_the_services/lib/python3.10/site-packages/python_package_that_uses_the_services-0.0.0-py3.10.egg-info
[2.886s] running install_scripts
[2.908s] Installing what_is_the_point_service_client_node script to /home/delewlew/ros2_tutorial_workspace_2/src/install/python_package_that_uses_the_services/lib/python_package_that_uses_the_services
[2.909s] Installing what_is_the_point_service_server_node script to /home/delewlew/ros2_tutorial_workspace_2/src/install/python_package_that_uses_the_services/lib/python_package_that_uses_the_services
[2.909s] writing list of installed files to '/home/delewlew/ros2_tutorial_workspace_2/src/build/python_package_that_uses_the_services/install.log'
[3.019s] Invoked command in '/home/delewlew/ros2_tutorial_workspace_2/src/python_package_that_uses_the_services' returned '0': PYTHONPATH=/home/delewlew/ros2_tutorial_workspace_2/src/build/python_package_that_uses_the_services/prefix_override:/usr/lib/python3/dist-packages/colcon_core/task/python/colcon_distutils_commands:/home/delewlew/ros2_tutorial_workspace_2/src/install/python_package_that_uses_the_services/lib/python3.10/site-packages:${PYTHONPATH} /usr/bin/python3 -W ignore:setup.py install is deprecated setup.py egg_info --egg-base ../build/python_package_that_uses_the_services build --build-base /home/delewlew/ros2_tutorial_workspace_2/src/build/python_package_that_uses_the_services/build install --record /home/delewlew/ros2_tutorial_workspace_2/src/build/python_package_that_uses_the_services/install.log --single-version-externally-managed install_data
