[0.125s] DEBUG:colcon:Command line arguments: ['/usr/bin/colcon', 'build']
[0.125s] DEBUG:colcon:Parsed command line arguments: Namespace(log_base=None, log_level=None, verb_name='build', build_base='build', install_base='install', merge_install=False, symlink_install=False, test_result_base=None, continue_on_error=False, executor='parallel', parallel_workers=12, event_handlers=None, ignore_user_meta=False, metas=['./colcon.meta'], base_paths=['.'], packages_ignore=None, packages_ignore_regex=None, paths=None, packages_up_to=None, packages_up_to_regex=None, packages_above=None, packages_above_and_dependencies=None, packages_above_depth=None, packages_select_by_dep=None, packages_skip_by_dep=None, packages_skip_up_to=None, packages_select_build_failed=False, packages_skip_build_finished=False, packages_select_test_failures=False, packages_skip_test_passed=False, packages_select=None, packages_skip=None, packages_select_regex=None, packages_skip_regex=None, packages_start=None, packages_end=None, allow_overriding=[], cmake_args=None, cmake_target=None, cmake_target_skip_unavailable=False, cmake_clean_cache=False, cmake_clean_first=False, cmake_force_configure=False, ament_cmake_args=None, catkin_cmake_args=None, catkin_skip_building_tests=False, mixin_files=None, mixin=None, verb_parser=<colcon_mixin.mixin.mixin_argument.MixinArgumentDecorator object at 0x7fc518a459f0>, verb_extension=<colcon_core.verb.build.BuildVerb object at 0x7fc518b4dff0>, main=<bound method BuildVerb.main of <colcon_core.verb.build.BuildVerb object at 0x7fc518b4dff0>>, mixin_verb=('build',))
[0.309s] Level 1:colcon.colcon_core.package_discovery:discover_packages(colcon_meta) check parameters
[0.309s] Level 1:colcon.colcon_core.package_discovery:discover_packages(recursive) check parameters
[0.309s] Level 1:colcon.colcon_core.package_discovery:discover_packages(ignore) check parameters
[0.309s] Level 1:colcon.colcon_core.package_discovery:discover_packages(path) check parameters
[0.309s] Level 1:colcon.colcon_core.package_discovery:discover_packages(colcon_meta) discover
[0.309s] Level 1:colcon.colcon_core.package_discovery:discover_packages(recursive) discover
[0.309s] INFO:colcon.colcon_core.package_discovery:Crawling recursively for packages in '/home/delewlew/assessments/coursework1/src'
[0.309s] Level 1:colcon.colcon_core.package_identification:_identify(.) by extensions ['ignore', 'ignore_ament_install']
[0.310s] Level 1:colcon.colcon_core.package_identification:_identify(.) by extension 'ignore'
[0.310s] Level 1:colcon.colcon_core.package_identification:_identify(.) by extension 'ignore_ament_install'
[0.310s] Level 1:colcon.colcon_core.package_identification:_identify(.) by extensions ['colcon_pkg']
[0.310s] Level 1:colcon.colcon_core.package_identification:_identify(.) by extension 'colcon_pkg'
[0.310s] Level 1:colcon.colcon_core.package_identification:_identify(.) by extensions ['colcon_meta']
[0.310s] Level 1:colcon.colcon_core.package_identification:_identify(.) by extension 'colcon_meta'
[0.310s] Level 1:colcon.colcon_core.package_identification:_identify(.) by extensions ['ros']
[0.310s] Level 1:colcon.colcon_core.package_identification:_identify(.) by extension 'ros'
[0.318s] Level 1:colcon.colcon_core.package_identification:_identify(.) by extensions ['cmake', 'python']
[0.318s] Level 1:colcon.colcon_core.package_identification:_identify(.) by extension 'cmake'
[0.318s] Level 1:colcon.colcon_core.package_identification:_identify(.) by extension 'python'
[0.318s] Level 1:colcon.colcon_core.package_identification:_identify(.) by extensions ['python_setup_py']
[0.318s] Level 1:colcon.colcon_core.package_identification:_identify(.) by extension 'python_setup_py'
[0.318s] Level 1:colcon.colcon_core.package_identification:_identify(build) by extensions ['ignore', 'ignore_ament_install']
[0.318s] Level 1:colcon.colcon_core.package_identification:_identify(build) by extension 'ignore'
[0.318s] Level 1:colcon.colcon_core.package_identification:_identify(build) ignored
[0.319s] Level 1:colcon.colcon_core.package_identification:_identify(cooing_code_controller) by extensions ['ignore', 'ignore_ament_install']
[0.319s] Level 1:colcon.colcon_core.package_identification:_identify(cooing_code_controller) by extension 'ignore'
[0.319s] Level 1:colcon.colcon_core.package_identification:_identify(cooing_code_controller) by extension 'ignore_ament_install'
[0.319s] Level 1:colcon.colcon_core.package_identification:_identify(cooing_code_controller) by extensions ['colcon_pkg']
[0.319s] Level 1:colcon.colcon_core.package_identification:_identify(cooing_code_controller) by extension 'colcon_pkg'
[0.319s] Level 1:colcon.colcon_core.package_identification:_identify(cooing_code_controller) by extensions ['colcon_meta']
[0.319s] Level 1:colcon.colcon_core.package_identification:_identify(cooing_code_controller) by extension 'colcon_meta'
[0.319s] Level 1:colcon.colcon_core.package_identification:_identify(cooing_code_controller) by extensions ['ros']
[0.319s] Level 1:colcon.colcon_core.package_identification:_identify(cooing_code_controller) by extension 'ros'
[0.322s] DEBUG:colcon.colcon_core.package_identification:Package 'cooing_code_controller' with type 'ros.ament_python' and name 'cooing_code_controller'
[0.322s] Level 1:colcon.colcon_core.package_identification:_identify(cooing_code_interfaces) by extensions ['ignore', 'ignore_ament_install']
[0.322s] Level 1:colcon.colcon_core.package_identification:_identify(cooing_code_interfaces) by extension 'ignore'
[0.322s] Level 1:colcon.colcon_core.package_identification:_identify(cooing_code_interfaces) by extension 'ignore_ament_install'
[0.322s] Level 1:colcon.colcon_core.package_identification:_identify(cooing_code_interfaces) by extensions ['colcon_pkg']
[0.322s] Level 1:colcon.colcon_core.package_identification:_identify(cooing_code_interfaces) by extension 'colcon_pkg'
[0.322s] Level 1:colcon.colcon_core.package_identification:_identify(cooing_code_interfaces) by extensions ['colcon_meta']
[0.322s] Level 1:colcon.colcon_core.package_identification:_identify(cooing_code_interfaces) by extension 'colcon_meta'
[0.322s] Level 1:colcon.colcon_core.package_identification:_identify(cooing_code_interfaces) by extensions ['ros']
[0.322s] Level 1:colcon.colcon_core.package_identification:_identify(cooing_code_interfaces) by extension 'ros'
[0.323s] DEBUG:colcon.colcon_core.package_identification:Package 'cooing_code_interfaces' with type 'ros.ament_cmake' and name 'cooing_code_interfaces'
[0.323s] Level 1:colcon.colcon_core.package_identification:_identify(cooing_code_pkg) by extensions ['ignore', 'ignore_ament_install']
[0.323s] Level 1:colcon.colcon_core.package_identification:_identify(cooing_code_pkg) by extension 'ignore'
[0.323s] Level 1:colcon.colcon_core.package_identification:_identify(cooing_code_pkg) by extension 'ignore_ament_install'
[0.323s] Level 1:colcon.colcon_core.package_identification:_identify(cooing_code_pkg) by extensions ['colcon_pkg']
[0.323s] Level 1:colcon.colcon_core.package_identification:_identify(cooing_code_pkg) by extension 'colcon_pkg'
[0.323s] Level 1:colcon.colcon_core.package_identification:_identify(cooing_code_pkg) by extensions ['colcon_meta']
[0.323s] Level 1:colcon.colcon_core.package_identification:_identify(cooing_code_pkg) by extension 'colcon_meta'
[0.323s] Level 1:colcon.colcon_core.package_identification:_identify(cooing_code_pkg) by extensions ['ros']
[0.323s] Level 1:colcon.colcon_core.package_identification:_identify(cooing_code_pkg) by extension 'ros'
[0.324s] DEBUG:colcon.colcon_core.package_identification:Package 'cooing_code_pkg' with type 'ros.ament_python' and name 'cooing_code_pkg'
[0.324s] Level 1:colcon.colcon_core.package_identification:_identify(install) by extensions ['ignore', 'ignore_ament_install']
[0.324s] Level 1:colcon.colcon_core.package_identification:_identify(install) by extension 'ignore'
[0.324s] Level 1:colcon.colcon_core.package_identification:_identify(install) ignored
[0.324s] Level 1:colcon.colcon_core.package_identification:_identify(log) by extensions ['ignore', 'ignore_ament_install']
[0.324s] Level 1:colcon.colcon_core.package_identification:_identify(log) by extension 'ignore'
[0.324s] Level 1:colcon.colcon_core.package_identification:_identify(log) ignored
[0.324s] Level 1:colcon.colcon_core.package_discovery:discover_packages(recursive) using defaults
[0.324s] Level 1:colcon.colcon_core.package_discovery:discover_packages(ignore) discover
[0.324s] Level 1:colcon.colcon_core.package_discovery:discover_packages(ignore) using defaults
[0.324s] Level 1:colcon.colcon_core.package_discovery:discover_packages(path) discover
[0.324s] Level 1:colcon.colcon_core.package_discovery:discover_packages(path) using defaults
[0.347s] Level 1:colcon.colcon_core.package_discovery:discover_packages(prefix_path) check parameters
[0.348s] Level 1:colcon.colcon_core.package_discovery:discover_packages(prefix_path) discover
[0.349s] DEBUG:colcon.colcon_installed_package_information.package_discovery:Found 3 installed packages in /home/delewlew/assessments/coursework1/src/install
[0.349s] DEBUG:colcon.colcon_installed_package_information.package_discovery:Found 288 installed packages in /opt/ros/humble
[0.350s] Level 1:colcon.colcon_core.package_discovery:discover_packages(prefix_path) using defaults
[0.376s] Level 5:colcon.colcon_core.verb:set package 'cooing_code_controller' build argument 'cmake_args' from command line to 'None'
[0.376s] Level 5:colcon.colcon_core.verb:set package 'cooing_code_controller' build argument 'cmake_target' from command line to 'None'
[0.376s] Level 5:colcon.colcon_core.verb:set package 'cooing_code_controller' build argument 'cmake_target_skip_unavailable' from command line to 'False'
[0.376s] Level 5:colcon.colcon_core.verb:set package 'cooing_code_controller' build argument 'cmake_clean_cache' from command line to 'False'
[0.376s] Level 5:colcon.colcon_core.verb:set package 'cooing_code_controller' build argument 'cmake_clean_first' from command line to 'False'
[0.376s] Level 5:colcon.colcon_core.verb:set package 'cooing_code_controller' build argument 'cmake_force_configure' from command line to 'False'
[0.376s] Level 5:colcon.colcon_core.verb:set package 'cooing_code_controller' build argument 'ament_cmake_args' from command line to 'None'
[0.376s] Level 5:colcon.colcon_core.verb:set package 'cooing_code_controller' build argument 'catkin_cmake_args' from command line to 'None'
[0.376s] Level 5:colcon.colcon_core.verb:set package 'cooing_code_controller' build argument 'catkin_skip_building_tests' from command line to 'False'
[0.376s] DEBUG:colcon.colcon_core.verb:Building package 'cooing_code_controller' with the following arguments: {'ament_cmake_args': None, 'build_base': '/home/delewlew/assessments/coursework1/src/build/cooing_code_controller', 'catkin_cmake_args': None, 'catkin_skip_building_tests': False, 'cmake_args': None, 'cmake_clean_cache': False, 'cmake_clean_first': False, 'cmake_force_configure': False, 'cmake_target': None, 'cmake_target_skip_unavailable': False, 'install_base': '/home/delewlew/assessments/coursework1/src/install/cooing_code_controller', 'merge_install': False, 'path': '/home/delewlew/assessments/coursework1/src/cooing_code_controller', 'symlink_install': False, 'test_result_base': None}
[0.377s] Level 5:colcon.colcon_core.verb:set package 'cooing_code_interfaces' build argument 'cmake_args' from command line to 'None'
[0.377s] Level 5:colcon.colcon_core.verb:set package 'cooing_code_interfaces' build argument 'cmake_target' from command line to 'None'
[0.377s] Level 5:colcon.colcon_core.verb:set package 'cooing_code_interfaces' build argument 'cmake_target_skip_unavailable' from command line to 'False'
[0.377s] Level 5:colcon.colcon_core.verb:set package 'cooing_code_interfaces' build argument 'cmake_clean_cache' from command line to 'False'
[0.377s] Level 5:colcon.colcon_core.verb:set package 'cooing_code_interfaces' build argument 'cmake_clean_first' from command line to 'False'
[0.377s] Level 5:colcon.colcon_core.verb:set package 'cooing_code_interfaces' build argument 'cmake_force_configure' from command line to 'False'
[0.377s] Level 5:colcon.colcon_core.verb:set package 'cooing_code_interfaces' build argument 'ament_cmake_args' from command line to 'None'
[0.377s] Level 5:colcon.colcon_core.verb:set package 'cooing_code_interfaces' build argument 'catkin_cmake_args' from command line to 'None'
[0.377s] Level 5:colcon.colcon_core.verb:set package 'cooing_code_interfaces' build argument 'catkin_skip_building_tests' from command line to 'False'
[0.377s] DEBUG:colcon.colcon_core.verb:Building package 'cooing_code_interfaces' with the following arguments: {'ament_cmake_args': None, 'build_base': '/home/delewlew/assessments/coursework1/src/build/cooing_code_interfaces', 'catkin_cmake_args': None, 'catkin_skip_building_tests': False, 'cmake_args': None, 'cmake_clean_cache': False, 'cmake_clean_first': False, 'cmake_force_configure': False, 'cmake_target': None, 'cmake_target_skip_unavailable': False, 'install_base': '/home/delewlew/assessments/coursework1/src/install/cooing_code_interfaces', 'merge_install': False, 'path': '/home/delewlew/assessments/coursework1/src/cooing_code_interfaces', 'symlink_install': False, 'test_result_base': None}
[0.377s] Level 5:colcon.colcon_core.verb:set package 'cooing_code_pkg' build argument 'cmake_args' from command line to 'None'
[0.377s] Level 5:colcon.colcon_core.verb:set package 'cooing_code_pkg' build argument 'cmake_target' from command line to 'None'
[0.377s] Level 5:colcon.colcon_core.verb:set package 'cooing_code_pkg' build argument 'cmake_target_skip_unavailable' from command line to 'False'
[0.377s] Level 5:colcon.colcon_core.verb:set package 'cooing_code_pkg' build argument 'cmake_clean_cache' from command line to 'False'
[0.377s] Level 5:colcon.colcon_core.verb:set package 'cooing_code_pkg' build argument 'cmake_clean_first' from command line to 'False'
[0.377s] Level 5:colcon.colcon_core.verb:set package 'cooing_code_pkg' build argument 'cmake_force_configure' from command line to 'False'
[0.377s] Level 5:colcon.colcon_core.verb:set package 'cooing_code_pkg' build argument 'ament_cmake_args' from command line to 'None'
[0.377s] Level 5:colcon.colcon_core.verb:set package 'cooing_code_pkg' build argument 'catkin_cmake_args' from command line to 'None'
[0.377s] Level 5:colcon.colcon_core.verb:set package 'cooing_code_pkg' build argument 'catkin_skip_building_tests' from command line to 'False'
[0.377s] DEBUG:colcon.colcon_core.verb:Building package 'cooing_code_pkg' with the following arguments: {'ament_cmake_args': None, 'build_base': '/home/delewlew/assessments/coursework1/src/build/cooing_code_pkg', 'catkin_cmake_args': None, 'catkin_skip_building_tests': False, 'cmake_args': None, 'cmake_clean_cache': False, 'cmake_clean_first': False, 'cmake_force_configure': False, 'cmake_target': None, 'cmake_target_skip_unavailable': False, 'install_base': '/home/delewlew/assessments/coursework1/src/install/cooing_code_pkg', 'merge_install': False, 'path': '/home/delewlew/assessments/coursework1/src/cooing_code_pkg', 'symlink_install': False, 'test_result_base': None}
[0.377s] INFO:colcon.colcon_core.executor:Executing jobs using 'parallel' executor
[0.379s] DEBUG:colcon.colcon_parallel_executor.executor.parallel:run_until_complete
[0.379s] INFO:colcon.colcon_ros.task.ament_cmake.build:Building ROS package in '/home/delewlew/assessments/coursework1/src/cooing_code_interfaces' with build type 'ament_cmake'
[0.379s] INFO:colcon.colcon_cmake.task.cmake.build:Building CMake package in '/home/delewlew/assessments/coursework1/src/cooing_code_interfaces'
[0.381s] INFO:colcon.colcon_core.plugin_system:Skipping extension 'colcon_core.shell.bat': Not used on non-Windows systems
[0.381s] INFO:colcon.colcon_core.shell:Skip shell extension 'powershell' for command environment: Not usable outside of PowerShell
[0.382s] DEBUG:colcon.colcon_core.shell:Skip shell extension 'dsv' for command environment
[0.385s] INFO:colcon.colcon_ros.task.ament_python.build:Building ROS package in '/home/delewlew/assessments/coursework1/src/cooing_code_controller' with build type 'ament_python'
[0.386s] Level 1:colcon.colcon_core.shell:create_environment_hook('cooing_code_controller', 'ament_prefix_path')
[0.386s] INFO:colcon.colcon_core.shell:Creating environment hook '/home/delewlew/assessments/coursework1/src/install/cooing_code_controller/share/cooing_code_controller/hook/ament_prefix_path.ps1'
[0.387s] INFO:colcon.colcon_core.shell:Creating environment descriptor '/home/delewlew/assessments/coursework1/src/install/cooing_code_controller/share/cooing_code_controller/hook/ament_prefix_path.dsv'
[0.388s] INFO:colcon.colcon_core.shell:Creating environment hook '/home/delewlew/assessments/coursework1/src/install/cooing_code_controller/share/cooing_code_controller/hook/ament_prefix_path.sh'
[0.389s] INFO:colcon.colcon_core.shell:Skip shell extension 'powershell' for command environment: Not usable outside of PowerShell
[0.389s] DEBUG:colcon.colcon_core.shell:Skip shell extension 'dsv' for command environment
[0.404s] DEBUG:colcon.colcon_core.event_handler.log_command:Invoking command in '/home/delewlew/assessments/coursework1/src/build/cooing_code_interfaces': CMAKE_PREFIX_PATH=${CMAKE_PREFIX_PATH}:/home/delewlew/assessments/coursework1/src/install/cooing_code_pkg:/home/delewlew/assessments/coursework1/src/install/cooing_code_controller:/opt/ros/humble /usr/bin/cmake --build /home/delewlew/assessments/coursework1/src/build/cooing_code_interfaces -- -j12 -l12
[0.797s] INFO:colcon.colcon_core.task.python.build:Building Python package in '/home/delewlew/assessments/coursework1/src/cooing_code_controller'
[0.798s] INFO:colcon.colcon_core.shell:Skip shell extension 'powershell' for command environment: Not usable outside of PowerShell
[0.798s] DEBUG:colcon.colcon_core.shell:Skip shell extension 'dsv' for command environment
[0.938s] DEBUG:colcon.colcon_core.event_handler.log_command:Invoked command in '/home/delewlew/assessments/coursework1/src/build/cooing_code_interfaces' returned '0': CMAKE_PREFIX_PATH=${CMAKE_PREFIX_PATH}:/home/delewlew/assessments/coursework1/src/install/cooing_code_pkg:/home/delewlew/assessments/coursework1/src/install/cooing_code_controller:/opt/ros/humble /usr/bin/cmake --build /home/delewlew/assessments/coursework1/src/build/cooing_code_interfaces -- -j12 -l12
[1.166s] DEBUG:colcon.colcon_core.event_handler.log_command:Invoking command in '/home/delewlew/assessments/coursework1/src/build/cooing_code_interfaces': CMAKE_PREFIX_PATH=${CMAKE_PREFIX_PATH}:/home/delewlew/assessments/coursework1/src/install/cooing_code_pkg:/home/delewlew/assessments/coursework1/src/install/cooing_code_controller:/opt/ros/humble /usr/bin/cmake --install /home/delewlew/assessments/coursework1/src/build/cooing_code_interfaces
[1.231s] DEBUG:colcon.colcon_core.event_handler.log_command:Invoking command in '/home/delewlew/assessments/coursework1/src/cooing_code_controller': PYTHONPATH=/home/delewlew/assessments/coursework1/src/build/cooing_code_controller/prefix_override:/usr/lib/python3/dist-packages/colcon_core/task/python/colcon_distutils_commands:/home/delewlew/assessments/coursework1/src/install/cooing_code_controller/lib/python3.10/site-packages:${PYTHONPATH} /usr/bin/python3 -W ignore:setup.py install is deprecated setup.py egg_info --egg-base ../build/cooing_code_controller build --build-base /home/delewlew/assessments/coursework1/src/build/cooing_code_controller/build install --record /home/delewlew/assessments/coursework1/src/build/cooing_code_controller/install.log --single-version-externally-managed install_data
[1.248s] Level 1:colcon.colcon_core.environment:create_environment_scripts_only(cooing_code_interfaces)
[1.249s] DEBUG:colcon.colcon_core.event_handler.log_command:Invoked command in '/home/delewlew/assessments/coursework1/src/build/cooing_code_interfaces' returned '0': CMAKE_PREFIX_PATH=${CMAKE_PREFIX_PATH}:/home/delewlew/assessments/coursework1/src/install/cooing_code_pkg:/home/delewlew/assessments/coursework1/src/install/cooing_code_controller:/opt/ros/humble /usr/bin/cmake --install /home/delewlew/assessments/coursework1/src/build/cooing_code_interfaces
[1.253s] Level 1:colcon.colcon_core.environment:checking '/home/delewlew/assessments/coursework1/src/install/cooing_code_interfaces' for CMake module files
[1.254s] Level 1:colcon.colcon_core.environment:checking '/home/delewlew/assessments/coursework1/src/install/cooing_code_interfaces' for CMake config files
[1.255s] Level 1:colcon.colcon_core.shell:create_environment_hook('cooing_code_interfaces', 'cmake_prefix_path')
[1.255s] INFO:colcon.colcon_core.shell:Creating environment hook '/home/delewlew/assessments/coursework1/src/install/cooing_code_interfaces/share/cooing_code_interfaces/hook/cmake_prefix_path.ps1'
[1.256s] INFO:colcon.colcon_core.shell:Creating environment descriptor '/home/delewlew/assessments/coursework1/src/install/cooing_code_interfaces/share/cooing_code_interfaces/hook/cmake_prefix_path.dsv'
[1.258s] INFO:colcon.colcon_core.shell:Creating environment hook '/home/delewlew/assessments/coursework1/src/install/cooing_code_interfaces/share/cooing_code_interfaces/hook/cmake_prefix_path.sh'
[1.260s] Level 1:colcon.colcon_core.environment:checking '/home/delewlew/assessments/coursework1/src/install/cooing_code_interfaces/lib'
[1.261s] Level 1:colcon.colcon_core.shell:create_environment_hook('cooing_code_interfaces', 'ld_library_path_lib')
[1.261s] INFO:colcon.colcon_core.shell:Creating environment hook '/home/delewlew/assessments/coursework1/src/install/cooing_code_interfaces/share/cooing_code_interfaces/hook/ld_library_path_lib.ps1'
[1.262s] INFO:colcon.colcon_core.shell:Creating environment descriptor '/home/delewlew/assessments/coursework1/src/install/cooing_code_interfaces/share/cooing_code_interfaces/hook/ld_library_path_lib.dsv'
[1.263s] INFO:colcon.colcon_core.shell:Creating environment hook '/home/delewlew/assessments/coursework1/src/install/cooing_code_interfaces/share/cooing_code_interfaces/hook/ld_library_path_lib.sh'
[1.264s] Level 1:colcon.colcon_core.environment:checking '/home/delewlew/assessments/coursework1/src/install/cooing_code_interfaces/bin'
[1.265s] Level 1:colcon.colcon_core.environment:checking '/home/delewlew/assessments/coursework1/src/install/cooing_code_interfaces/lib/pkgconfig/cooing_code_interfaces.pc'
[1.266s] Level 1:colcon.colcon_core.environment:checking '/home/delewlew/assessments/coursework1/src/install/cooing_code_interfaces/lib/python3.10/site-packages'
[1.266s] Level 1:colcon.colcon_core.environment:checking '/home/delewlew/assessments/coursework1/src/install/cooing_code_interfaces/bin'
[1.267s] INFO:colcon.colcon_core.shell:Creating package script '/home/delewlew/assessments/coursework1/src/install/cooing_code_interfaces/share/cooing_code_interfaces/package.ps1'
[1.268s] INFO:colcon.colcon_core.shell:Creating package descriptor '/home/delewlew/assessments/coursework1/src/install/cooing_code_interfaces/share/cooing_code_interfaces/package.dsv'
[1.269s] INFO:colcon.colcon_core.shell:Creating package script '/home/delewlew/assessments/coursework1/src/install/cooing_code_interfaces/share/cooing_code_interfaces/package.sh'
[1.270s] INFO:colcon.colcon_core.shell:Creating package script '/home/delewlew/assessments/coursework1/src/install/cooing_code_interfaces/share/cooing_code_interfaces/package.bash'
[1.271s] INFO:colcon.colcon_core.shell:Creating package script '/home/delewlew/assessments/coursework1/src/install/cooing_code_interfaces/share/cooing_code_interfaces/package.zsh'
[1.272s] Level 1:colcon.colcon_core.environment:create_file_with_runtime_dependencies(/home/delewlew/assessments/coursework1/src/install/cooing_code_interfaces/share/colcon-core/packages/cooing_code_interfaces)
[1.516s] Level 1:colcon.colcon_core.environment:create_environment_scripts_only(cooing_code_interfaces)
[1.516s] Level 1:colcon.colcon_core.environment:checking '/home/delewlew/assessments/coursework1/src/install/cooing_code_interfaces' for CMake module files
[1.518s] Level 1:colcon.colcon_core.environment:checking '/home/delewlew/assessments/coursework1/src/install/cooing_code_interfaces' for CMake config files
[1.520s] Level 1:colcon.colcon_core.shell:create_environment_hook('cooing_code_interfaces', 'cmake_prefix_path')
[1.521s] INFO:colcon.colcon_core.shell:Creating environment hook '/home/delewlew/assessments/coursework1/src/install/cooing_code_interfaces/share/cooing_code_interfaces/hook/cmake_prefix_path.ps1'
[1.522s] INFO:colcon.colcon_core.shell:Creating environment descriptor '/home/delewlew/assessments/coursework1/src/install/cooing_code_interfaces/share/cooing_code_interfaces/hook/cmake_prefix_path.dsv'
[1.523s] INFO:colcon.colcon_core.shell:Creating environment hook '/home/delewlew/assessments/coursework1/src/install/cooing_code_interfaces/share/cooing_code_interfaces/hook/cmake_prefix_path.sh'
[1.525s] Level 1:colcon.colcon_core.environment:checking '/home/delewlew/assessments/coursework1/src/install/cooing_code_interfaces/lib'
[1.525s] Level 1:colcon.colcon_core.shell:create_environment_hook('cooing_code_interfaces', 'ld_library_path_lib')
[1.526s] INFO:colcon.colcon_core.shell:Creating environment hook '/home/delewlew/assessments/coursework1/src/install/cooing_code_interfaces/share/cooing_code_interfaces/hook/ld_library_path_lib.ps1'
[1.527s] INFO:colcon.colcon_core.shell:Creating environment descriptor '/home/delewlew/assessments/coursework1/src/install/cooing_code_interfaces/share/cooing_code_interfaces/hook/ld_library_path_lib.dsv'
[1.528s] INFO:colcon.colcon_core.shell:Creating environment hook '/home/delewlew/assessments/coursework1/src/install/cooing_code_interfaces/share/cooing_code_interfaces/hook/ld_library_path_lib.sh'
[1.528s] Level 1:colcon.colcon_core.environment:checking '/home/delewlew/assessments/coursework1/src/install/cooing_code_interfaces/bin'
[1.529s] Level 1:colcon.colcon_core.environment:checking '/home/delewlew/assessments/coursework1/src/install/cooing_code_interfaces/lib/pkgconfig/cooing_code_interfaces.pc'
[1.529s] Level 1:colcon.colcon_core.environment:checking '/home/delewlew/assessments/coursework1/src/install/cooing_code_interfaces/lib/python3.10/site-packages'
[1.530s] Level 1:colcon.colcon_core.environment:checking '/home/delewlew/assessments/coursework1/src/install/cooing_code_interfaces/bin'
[1.530s] INFO:colcon.colcon_core.shell:Creating package script '/home/delewlew/assessments/coursework1/src/install/cooing_code_interfaces/share/cooing_code_interfaces/package.ps1'
[1.531s] INFO:colcon.colcon_core.shell:Creating package descriptor '/home/delewlew/assessments/coursework1/src/install/cooing_code_interfaces/share/cooing_code_interfaces/package.dsv'
[1.532s] INFO:colcon.colcon_core.shell:Creating package script '/home/delewlew/assessments/coursework1/src/install/cooing_code_interfaces/share/cooing_code_interfaces/package.sh'
[1.534s] INFO:colcon.colcon_core.shell:Creating package script '/home/delewlew/assessments/coursework1/src/install/cooing_code_interfaces/share/cooing_code_interfaces/package.bash'
[1.535s] INFO:colcon.colcon_core.shell:Creating package script '/home/delewlew/assessments/coursework1/src/install/cooing_code_interfaces/share/cooing_code_interfaces/package.zsh'
[1.535s] Level 1:colcon.colcon_core.environment:create_file_with_runtime_dependencies(/home/delewlew/assessments/coursework1/src/install/cooing_code_interfaces/share/colcon-core/packages/cooing_code_interfaces)
[1.536s] INFO:colcon.colcon_ros.task.ament_python.build:Building ROS package in '/home/delewlew/assessments/coursework1/src/cooing_code_pkg' with build type 'ament_python'
[1.537s] Level 1:colcon.colcon_core.shell:create_environment_hook('cooing_code_pkg', 'ament_prefix_path')
[1.537s] INFO:colcon.colcon_core.shell:Creating environment hook '/home/delewlew/assessments/coursework1/src/install/cooing_code_pkg/share/cooing_code_pkg/hook/ament_prefix_path.ps1'
[1.540s] INFO:colcon.colcon_core.shell:Creating environment descriptor '/home/delewlew/assessments/coursework1/src/install/cooing_code_pkg/share/cooing_code_pkg/hook/ament_prefix_path.dsv'
[1.541s] INFO:colcon.colcon_core.shell:Creating environment hook '/home/delewlew/assessments/coursework1/src/install/cooing_code_pkg/share/cooing_code_pkg/hook/ament_prefix_path.sh'
[1.543s] INFO:colcon.colcon_core.shell:Skip shell extension 'powershell' for command environment: Not usable outside of PowerShell
[1.543s] DEBUG:colcon.colcon_core.shell:Skip shell extension 'dsv' for command environment
[1.799s] INFO:colcon.colcon_core.task.python.build:Building Python package in '/home/delewlew/assessments/coursework1/src/cooing_code_pkg'
[1.799s] INFO:colcon.colcon_core.shell:Skip shell extension 'powershell' for command environment: Not usable outside of PowerShell
[1.799s] DEBUG:colcon.colcon_core.shell:Skip shell extension 'dsv' for command environment
[1.806s] Level 1:colcon.colcon_core.environment:checking '/home/delewlew/assessments/coursework1/src/install/cooing_code_controller' for CMake module files
[1.807s] DEBUG:colcon.colcon_core.event_handler.log_command:Invoked command in '/home/delewlew/assessments/coursework1/src/cooing_code_controller' returned '0': PYTHONPATH=/home/delewlew/assessments/coursework1/src/build/cooing_code_controller/prefix_override:/usr/lib/python3/dist-packages/colcon_core/task/python/colcon_distutils_commands:/home/delewlew/assessments/coursework1/src/install/cooing_code_controller/lib/python3.10/site-packages:${PYTHONPATH} /usr/bin/python3 -W ignore:setup.py install is deprecated setup.py egg_info --egg-base ../build/cooing_code_controller build --build-base /home/delewlew/assessments/coursework1/src/build/cooing_code_controller/build install --record /home/delewlew/assessments/coursework1/src/build/cooing_code_controller/install.log --single-version-externally-managed install_data
[1.807s] Level 1:colcon.colcon_core.environment:checking '/home/delewlew/assessments/coursework1/src/install/cooing_code_controller' for CMake config files
[1.808s] Level 1:colcon.colcon_core.environment:checking '/home/delewlew/assessments/coursework1/src/install/cooing_code_controller/lib'
[1.808s] Level 1:colcon.colcon_core.environment:checking '/home/delewlew/assessments/coursework1/src/install/cooing_code_controller/bin'
[1.808s] Level 1:colcon.colcon_core.environment:checking '/home/delewlew/assessments/coursework1/src/install/cooing_code_controller/lib/pkgconfig/cooing_code_controller.pc'
[1.808s] Level 1:colcon.colcon_core.environment:checking '/home/delewlew/assessments/coursework1/src/install/cooing_code_controller/lib/python3.10/site-packages'
[1.808s] Level 1:colcon.colcon_core.shell:create_environment_hook('cooing_code_controller', 'pythonpath')
[1.808s] INFO:colcon.colcon_core.shell:Creating environment hook '/home/delewlew/assessments/coursework1/src/install/cooing_code_controller/share/cooing_code_controller/hook/pythonpath.ps1'
[1.809s] INFO:colcon.colcon_core.shell:Creating environment descriptor '/home/delewlew/assessments/coursework1/src/install/cooing_code_controller/share/cooing_code_controller/hook/pythonpath.dsv'
[1.809s] INFO:colcon.colcon_core.shell:Creating environment hook '/home/delewlew/assessments/coursework1/src/install/cooing_code_controller/share/cooing_code_controller/hook/pythonpath.sh'
[1.810s] Level 1:colcon.colcon_core.environment:checking '/home/delewlew/assessments/coursework1/src/install/cooing_code_controller/bin'
[1.810s] Level 1:colcon.colcon_core.environment:create_environment_scripts_only(cooing_code_controller)
[1.810s] INFO:colcon.colcon_core.shell:Creating package script '/home/delewlew/assessments/coursework1/src/install/cooing_code_controller/share/cooing_code_controller/package.ps1'
[1.811s] INFO:colcon.colcon_core.shell:Creating package descriptor '/home/delewlew/assessments/coursework1/src/install/cooing_code_controller/share/cooing_code_controller/package.dsv'
[1.811s] INFO:colcon.colcon_core.shell:Creating package script '/home/delewlew/assessments/coursework1/src/install/cooing_code_controller/share/cooing_code_controller/package.sh'
[1.812s] INFO:colcon.colcon_core.shell:Creating package script '/home/delewlew/assessments/coursework1/src/install/cooing_code_controller/share/cooing_code_controller/package.bash'
[1.813s] INFO:colcon.colcon_core.shell:Creating package script '/home/delewlew/assessments/coursework1/src/install/cooing_code_controller/share/cooing_code_controller/package.zsh'
[1.813s] Level 1:colcon.colcon_core.environment:create_file_with_runtime_dependencies(/home/delewlew/assessments/coursework1/src/install/cooing_code_controller/share/colcon-core/packages/cooing_code_controller)
[2.162s] DEBUG:colcon.colcon_core.event_handler.log_command:Invoking command in '/home/delewlew/assessments/coursework1/src/cooing_code_pkg': PYTHONPATH=/home/delewlew/assessments/coursework1/src/build/cooing_code_pkg/prefix_override:/usr/lib/python3/dist-packages/colcon_core/task/python/colcon_distutils_commands:/home/delewlew/assessments/coursework1/src/install/cooing_code_pkg/lib/python3.10/site-packages:${PYTHONPATH} /usr/bin/python3 -W ignore:setup.py install is deprecated setup.py egg_info --egg-base ../build/cooing_code_pkg build --build-base /home/delewlew/assessments/coursework1/src/build/cooing_code_pkg/build install --record /home/delewlew/assessments/coursework1/src/build/cooing_code_pkg/install.log --single-version-externally-managed install_data
[2.395s] Level 1:colcon.colcon_core.environment:checking '/home/delewlew/assessments/coursework1/src/install/cooing_code_pkg' for CMake module files
[2.395s] DEBUG:colcon.colcon_core.event_handler.log_command:Invoked command in '/home/delewlew/assessments/coursework1/src/cooing_code_pkg' returned '0': PYTHONPATH=/home/delewlew/assessments/coursework1/src/build/cooing_code_pkg/prefix_override:/usr/lib/python3/dist-packages/colcon_core/task/python/colcon_distutils_commands:/home/delewlew/assessments/coursework1/src/install/cooing_code_pkg/lib/python3.10/site-packages:${PYTHONPATH} /usr/bin/python3 -W ignore:setup.py install is deprecated setup.py egg_info --egg-base ../build/cooing_code_pkg build --build-base /home/delewlew/assessments/coursework1/src/build/cooing_code_pkg/build install --record /home/delewlew/assessments/coursework1/src/build/cooing_code_pkg/install.log --single-version-externally-managed install_data
[2.396s] Level 1:colcon.colcon_core.environment:checking '/home/delewlew/assessments/coursework1/src/install/cooing_code_pkg' for CMake config files
[2.396s] Level 1:colcon.colcon_core.environment:checking '/home/delewlew/assessments/coursework1/src/install/cooing_code_pkg/lib'
[2.396s] Level 1:colcon.colcon_core.environment:checking '/home/delewlew/assessments/coursework1/src/install/cooing_code_pkg/bin'
[2.396s] Level 1:colcon.colcon_core.environment:checking '/home/delewlew/assessments/coursework1/src/install/cooing_code_pkg/lib/pkgconfig/cooing_code_pkg.pc'
[2.396s] Level 1:colcon.colcon_core.environment:checking '/home/delewlew/assessments/coursework1/src/install/cooing_code_pkg/lib/python3.10/site-packages'
[2.396s] Level 1:colcon.colcon_core.shell:create_environment_hook('cooing_code_pkg', 'pythonpath')
[2.397s] INFO:colcon.colcon_core.shell:Creating environment hook '/home/delewlew/assessments/coursework1/src/install/cooing_code_pkg/share/cooing_code_pkg/hook/pythonpath.ps1'
[2.397s] INFO:colcon.colcon_core.shell:Creating environment descriptor '/home/delewlew/assessments/coursework1/src/install/cooing_code_pkg/share/cooing_code_pkg/hook/pythonpath.dsv'
[2.397s] INFO:colcon.colcon_core.shell:Creating environment hook '/home/delewlew/assessments/coursework1/src/install/cooing_code_pkg/share/cooing_code_pkg/hook/pythonpath.sh'
[2.398s] Level 1:colcon.colcon_core.environment:checking '/home/delewlew/assessments/coursework1/src/install/cooing_code_pkg/bin'
[2.398s] Level 1:colcon.colcon_core.environment:create_environment_scripts_only(cooing_code_pkg)
[2.399s] INFO:colcon.colcon_core.shell:Creating package script '/home/delewlew/assessments/coursework1/src/install/cooing_code_pkg/share/cooing_code_pkg/package.ps1'
[2.399s] INFO:colcon.colcon_core.shell:Creating package descriptor '/home/delewlew/assessments/coursework1/src/install/cooing_code_pkg/share/cooing_code_pkg/package.dsv'
[2.399s] INFO:colcon.colcon_core.shell:Creating package script '/home/delewlew/assessments/coursework1/src/install/cooing_code_pkg/share/cooing_code_pkg/package.sh'
[2.400s] INFO:colcon.colcon_core.shell:Creating package script '/home/delewlew/assessments/coursework1/src/install/cooing_code_pkg/share/cooing_code_pkg/package.bash'
[2.400s] INFO:colcon.colcon_core.shell:Creating package script '/home/delewlew/assessments/coursework1/src/install/cooing_code_pkg/share/cooing_code_pkg/package.zsh'
[2.401s] Level 1:colcon.colcon_core.environment:create_file_with_runtime_dependencies(/home/delewlew/assessments/coursework1/src/install/cooing_code_pkg/share/colcon-core/packages/cooing_code_pkg)
[2.402s] DEBUG:colcon.colcon_parallel_executor.executor.parallel:closing loop
[2.402s] DEBUG:colcon.colcon_parallel_executor.executor.parallel:loop closed
[2.402s] DEBUG:colcon.colcon_parallel_executor.executor.parallel:run_until_complete finished with '0'
[2.402s] DEBUG:colcon.colcon_core.event_reactor:joining thread
[2.410s] INFO:colcon.colcon_core.plugin_system:Skipping extension 'colcon_notification.desktop_notification.terminal_notifier': Not used on non-Darwin systems
[2.411s] INFO:colcon.colcon_core.plugin_system:Skipping extension 'colcon_notification.desktop_notification.win32': Not used on non-Windows systems
[2.411s] INFO:colcon.colcon_notification.desktop_notification:Sending desktop notification using 'notify2'
[2.424s] DEBUG:colcon.colcon_core.event_reactor:joined thread
[2.425s] INFO:colcon.colcon_core.shell:Creating prefix script '/home/delewlew/assessments/coursework1/src/install/local_setup.ps1'
[2.426s] INFO:colcon.colcon_core.shell:Creating prefix util module '/home/delewlew/assessments/coursework1/src/install/_local_setup_util_ps1.py'
[2.427s] INFO:colcon.colcon_core.shell:Creating prefix chain script '/home/delewlew/assessments/coursework1/src/install/setup.ps1'
[2.428s] INFO:colcon.colcon_core.shell:Creating prefix script '/home/delewlew/assessments/coursework1/src/install/local_setup.sh'
[2.429s] INFO:colcon.colcon_core.shell:Creating prefix util module '/home/delewlew/assessments/coursework1/src/install/_local_setup_util_sh.py'
[2.429s] INFO:colcon.colcon_core.shell:Creating prefix chain script '/home/delewlew/assessments/coursework1/src/install/setup.sh'
[2.430s] INFO:colcon.colcon_core.shell:Creating prefix script '/home/delewlew/assessments/coursework1/src/install/local_setup.bash'
[2.431s] INFO:colcon.colcon_core.shell:Creating prefix chain script '/home/delewlew/assessments/coursework1/src/install/setup.bash'
[2.432s] INFO:colcon.colcon_core.shell:Creating prefix script '/home/delewlew/assessments/coursework1/src/install/local_setup.zsh'
[2.432s] INFO:colcon.colcon_core.shell:Creating prefix chain script '/home/delewlew/assessments/coursework1/src/install/setup.zsh'
