[2.492s] Invoking command in '/home/delewlew/software_for_robotics_part2/src/example_gz_robot': PYTHONPATH=/home/delewlew/software_for_robotics_part2/build/example_gz_robot/prefix_override:/usr/lib/python3/dist-packages/colcon_core/task/python/colcon_distutils_commands:/home/delewlew/software_for_robotics_part2/install/example_gz_robot/lib/python3.10/site-packages:${PYTHONPATH} /usr/bin/python3 -W ignore:setup.py install is deprecated setup.py egg_info --egg-base ../../build/example_gz_robot build --build-base /home/delewlew/software_for_robotics_part2/build/example_gz_robot/build install --record /home/delewlew/software_for_robotics_part2/build/example_gz_robot/install.log --single-version-externally-managed install_data
[2.886s] running egg_info
[2.887s] creating ../../build/example_gz_robot/example_gz_robot.egg-info
[2.888s] writing ../../build/example_gz_robot/example_gz_robot.egg-info/PKG-INFO
[2.889s] writing dependency_links to ../../build/example_gz_robot/example_gz_robot.egg-info/dependency_links.txt
[2.889s] writing entry points to ../../build/example_gz_robot/example_gz_robot.egg-info/entry_points.txt
[2.889s] writing requirements to ../../build/example_gz_robot/example_gz_robot.egg-info/requires.txt
[2.889s] writing top-level names to ../../build/example_gz_robot/example_gz_robot.egg-info/top_level.txt
[2.889s] writing manifest file '../../build/example_gz_robot/example_gz_robot.egg-info/SOURCES.txt'
[2.891s] reading manifest file '../../build/example_gz_robot/example_gz_robot.egg-info/SOURCES.txt'
[2.893s] writing manifest file '../../build/example_gz_robot/example_gz_robot.egg-info/SOURCES.txt'
[2.894s] running build
[2.894s] running build_py
[2.894s] creating /home/delewlew/software_for_robotics_part2/build/example_gz_robot/build
[2.895s] creating /home/delewlew/software_for_robotics_part2/build/example_gz_robot/build/lib
[2.895s] creating /home/delewlew/software_for_robotics_part2/build/example_gz_robot/build/lib/example_gz_robot
[2.895s] copying example_gz_robot/__init__.py -> /home/delewlew/software_for_robotics_part2/build/example_gz_robot/build/lib/example_gz_robot
[2.895s] running install
[2.895s] running install_lib
[2.895s] creating /home/delewlew/software_for_robotics_part2/install/example_gz_robot/lib/python3.10/site-packages/example_gz_robot
[2.896s] copying /home/delewlew/software_for_robotics_part2/build/example_gz_robot/build/lib/example_gz_robot/__init__.py -> /home/delewlew/software_for_robotics_part2/install/example_gz_robot/lib/python3.10/site-packages/example_gz_robot
[2.896s] byte-compiling /home/delewlew/software_for_robotics_part2/install/example_gz_robot/lib/python3.10/site-packages/example_gz_robot/__init__.py to __init__.cpython-310.pyc
[2.897s] running install_data
[2.898s] creating /home/delewlew/software_for_robotics_part2/install/example_gz_robot/share/ament_index
[2.898s] creating /home/delewlew/software_for_robotics_part2/install/example_gz_robot/share/ament_index/resource_index
[2.898s] creating /home/delewlew/software_for_robotics_part2/install/example_gz_robot/share/ament_index/resource_index/packages
[2.899s] copying resource/example_gz_robot -> /home/delewlew/software_for_robotics_part2/install/example_gz_robot/share/ament_index/resource_index/packages
[2.899s] copying package.xml -> /home/delewlew/software_for_robotics_part2/install/example_gz_robot/share/example_gz_robot
[2.899s] creating /home/delewlew/software_for_robotics_part2/install/example_gz_robot/share/example_gz_robot/launch
[2.899s] copying launch/simulation_bringup.launch.py -> /home/delewlew/software_for_robotics_part2/install/example_gz_robot/share/example_gz_robot/launch
[2.899s] copying launch/sim_robot.launch.py -> /home/delewlew/software_for_robotics_part2/install/example_gz_robot/share/example_gz_robot/launch
[2.900s] copying launch/localisation.launch.py -> /home/delewlew/software_for_robotics_part2/install/example_gz_robot/share/example_gz_robot/launch
[2.900s] copying launch/map_server.launch.py -> /home/delewlew/software_for_robotics_part2/install/example_gz_robot/share/example_gz_robot/launch
[2.900s] copying launch/slam.launch.py -> /home/delewlew/software_for_robotics_part2/install/example_gz_robot/share/example_gz_robot/launch
[2.900s] creating /home/delewlew/software_for_robotics_part2/install/example_gz_robot/share/example_gz_robot/rviz
[2.901s] copying rviz/localisation.rviz -> /home/delewlew/software_for_robotics_part2/install/example_gz_robot/share/example_gz_robot/rviz
[2.901s] copying rviz/slam.rviz -> /home/delewlew/software_for_robotics_part2/install/example_gz_robot/share/example_gz_robot/rviz
[2.901s] creating /home/delewlew/software_for_robotics_part2/install/example_gz_robot/share/example_gz_robot/worlds
[2.901s] copying worlds/model.sdf -> /home/delewlew/software_for_robotics_part2/install/example_gz_robot/share/example_gz_robot/worlds
[2.901s] copying worlds/tb3.sdf -> /home/delewlew/software_for_robotics_part2/install/example_gz_robot/share/example_gz_robot/worlds
[2.901s] copying worlds/meshes/wall.dae -> /home/delewlew/software_for_robotics_part2/install/example_gz_robot/share/example_gz_robot/worlds
[2.901s] copying worlds/meshes/hexagon.dae -> /home/delewlew/software_for_robotics_part2/install/example_gz_robot/share/example_gz_robot/worlds
[2.902s] copying worlds/meshes/custom_map.stl -> /home/delewlew/software_for_robotics_part2/install/example_gz_robot/share/example_gz_robot/worlds
[2.902s] copying worlds/meshes/we_already_have_this_but_useful_exercise.stl -> /home/delewlew/software_for_robotics_part2/install/example_gz_robot/share/example_gz_robot/worlds
[2.902s] copying worlds/meshes/tester_map_2.stl -> /home/delewlew/software_for_robotics_part2/install/example_gz_robot/share/example_gz_robot/worlds
[2.902s] creating /home/delewlew/software_for_robotics_part2/install/example_gz_robot/share/example_gz_robot/config
[2.902s] creating /home/delewlew/software_for_robotics_part2/install/example_gz_robot/share/example_gz_robot/maps
[2.902s] copying maps/turtlebot3_world.yaml -> /home/delewlew/software_for_robotics_part2/install/example_gz_robot/share/example_gz_robot/maps
[2.902s] copying maps/turtlebot3_world.pgm -> /home/delewlew/software_for_robotics_part2/install/example_gz_robot/share/example_gz_robot/maps
[2.902s] running install_egg_info
[2.903s] Copying ../../build/example_gz_robot/example_gz_robot.egg-info to /home/delewlew/software_for_robotics_part2/install/example_gz_robot/lib/python3.10/site-packages/example_gz_robot-0.0.0-py3.10.egg-info
[2.904s] running install_scripts
[2.933s] writing list of installed files to '/home/delewlew/software_for_robotics_part2/build/example_gz_robot/install.log'
[2.969s] Invoked command in '/home/delewlew/software_for_robotics_part2/src/example_gz_robot' returned '0': PYTHONPATH=/home/delewlew/software_for_robotics_part2/build/example_gz_robot/prefix_override:/usr/lib/python3/dist-packages/colcon_core/task/python/colcon_distutils_commands:/home/delewlew/software_for_robotics_part2/install/example_gz_robot/lib/python3.10/site-packages:${PYTHONPATH} /usr/bin/python3 -W ignore:setup.py install is deprecated setup.py egg_info --egg-base ../../build/example_gz_robot build --build-base /home/delewlew/software_for_robotics_part2/build/example_gz_robot/build install --record /home/delewlew/software_for_robotics_part2/build/example_gz_robot/install.log --single-version-externally-managed install_data
