[0.026s] Invoking command in '/home/delewlew/ros2_tutorial_workspace/build/package_with_interfaces': CMAKE_PREFIX_PATH=${CMAKE_PREFIX_PATH}:/home/delewlew/ros2_tutorial_workspace/install/python_package_that_uses_the_messages:/home/delewlew/ros2_tutorial_workspace/install/python_package_that_uses_parameters_and_launch_files:/home/delewlew/ros2_tutorial_workspace/install/custom_publisher_package:/opt/ros/humble /usr/bin/cmake --build /home/delewlew/ros2_tutorial_workspace/build/package_with_interfaces -- -j12 -l12
[0.108s] [  2%] Built target package_with_interfaces__cpp
[0.115s] [ 12%] Built target package_with_interfaces__rosidl_generator_c
[0.121s] [ 12%] Built target ament_cmake_python_copy_package_with_interfaces
[0.164s] [ 23%] Built target package_with_interfaces__rosidl_typesupport_cpp
[0.171s] [ 33%] Built target package_with_interfaces__rosidl_typesupport_introspection_cpp
[0.177s] [ 43%] Built target package_with_interfaces__rosidl_typesupport_fastrtps_cpp
[0.186s] [ 53%] Built target package_with_interfaces__rosidl_typesupport_c
[0.186s] [ 74%] Built target package_with_interfaces__rosidl_typesupport_introspection_c
[0.187s] [ 74%] Built target package_with_interfaces__rosidl_typesupport_fastrtps_c
[0.221s] [ 74%] Built target package_with_interfaces
[0.258s] [ 76%] Built target package_with_interfaces__py
[0.293s] [ 84%] Built target package_with_interfaces__rosidl_generator_py
[0.337s] [ 89%] Built target package_with_interfaces__rosidl_typesupport_fastrtps_c__pyext
[0.339s] [ 94%] Built target package_with_interfaces__rosidl_typesupport_c__pyext
[0.340s] [100%] Built target package_with_interfaces__rosidl_typesupport_introspection_c__pyext
[0.498s] running egg_info
[0.499s] writing package_with_interfaces.egg-info/PKG-INFO
[0.499s] writing dependency_links to package_with_interfaces.egg-info/dependency_links.txt
[0.500s] writing top-level names to package_with_interfaces.egg-info/top_level.txt
[0.502s] reading manifest file 'package_with_interfaces.egg-info/SOURCES.txt'
[0.503s] writing manifest file 'package_with_interfaces.egg-info/SOURCES.txt'
[0.536s] [100%] Built target ament_cmake_python_build_package_with_interfaces_egg
[0.552s] Invoked command in '/home/delewlew/ros2_tutorial_workspace/build/package_with_interfaces' returned '0': CMAKE_PREFIX_PATH=${CMAKE_PREFIX_PATH}:/home/delewlew/ros2_tutorial_workspace/install/python_package_that_uses_the_messages:/home/delewlew/ros2_tutorial_workspace/install/python_package_that_uses_parameters_and_launch_files:/home/delewlew/ros2_tutorial_workspace/install/custom_publisher_package:/opt/ros/humble /usr/bin/cmake --build /home/delewlew/ros2_tutorial_workspace/build/package_with_interfaces -- -j12 -l12
[0.710s] Invoking command in '/home/delewlew/ros2_tutorial_workspace/build/package_with_interfaces': CMAKE_PREFIX_PATH=${CMAKE_PREFIX_PATH}:/home/delewlew/ros2_tutorial_workspace/install/python_package_that_uses_the_messages:/home/delewlew/ros2_tutorial_workspace/install/python_package_that_uses_parameters_and_launch_files:/home/delewlew/ros2_tutorial_workspace/install/custom_publisher_package:/opt/ros/humble /usr/bin/cmake --install /home/delewlew/ros2_tutorial_workspace/build/package_with_interfaces
[0.724s] -- Install configuration: ""
[0.724s] -- Up-to-date: /home/delewlew/ros2_tutorial_workspace/install/package_with_interfaces/share/ament_index/resource_index/rosidl_interfaces/package_with_interfaces
[0.725s] -- Up-to-date: /home/delewlew/ros2_tutorial_workspace/install/package_with_interfaces/include/package_with_interfaces/package_with_interfaces
[0.725s] -- Up-to-date: /home/delewlew/ros2_tutorial_workspace/install/package_with_interfaces/include/package_with_interfaces/package_with_interfaces/msg
[0.725s] -- Up-to-date: /home/delewlew/ros2_tutorial_workspace/install/package_with_interfaces/include/package_with_interfaces/package_with_interfaces/msg/amazing_quote.h
[0.726s] -- Up-to-date: /home/delewlew/ros2_tutorial_workspace/install/package_with_interfaces/include/package_with_interfaces/package_with_interfaces/msg/rosidl_generator_c__visibility_control.h
[0.726s] -- Up-to-date: /home/delewlew/ros2_tutorial_workspace/install/package_with_interfaces/include/package_with_interfaces/package_with_interfaces/msg/detail
[0.726s] -- Up-to-date: /home/delewlew/ros2_tutorial_workspace/install/package_with_interfaces/include/package_with_interfaces/package_with_interfaces/msg/detail/amazing_quote__functions.c
[0.727s] -- Up-to-date: /home/delewlew/ros2_tutorial_workspace/install/package_with_interfaces/include/package_with_interfaces/package_with_interfaces/msg/detail/amazing_quote__type_support.h
[0.727s] -- Up-to-date: /home/delewlew/ros2_tutorial_workspace/install/package_with_interfaces/include/package_with_interfaces/package_with_interfaces/msg/detail/amazing_quote__struct.h
[0.727s] -- Up-to-date: /home/delewlew/ros2_tutorial_workspace/install/package_with_interfaces/include/package_with_interfaces/package_with_interfaces/msg/detail/amazing_quote__functions.h
[0.727s] -- Up-to-date: /home/delewlew/ros2_tutorial_workspace/install/package_with_interfaces/include/package_with_interfaces/package_with_interfaces/srv
[0.727s] -- Up-to-date: /home/delewlew/ros2_tutorial_workspace/install/package_with_interfaces/include/package_with_interfaces/package_with_interfaces/srv/what_is_the_point.h
[0.728s] -- Up-to-date: /home/delewlew/ros2_tutorial_workspace/install/package_with_interfaces/include/package_with_interfaces/package_with_interfaces/srv/detail
[0.728s] -- Up-to-date: /home/delewlew/ros2_tutorial_workspace/install/package_with_interfaces/include/package_with_interfaces/package_with_interfaces/srv/detail/what_is_the_point__functions.c
[0.728s] -- Up-to-date: /home/delewlew/ros2_tutorial_workspace/install/package_with_interfaces/include/package_with_interfaces/package_with_interfaces/srv/detail/what_is_the_point__struct.h
[0.729s] -- Up-to-date: /home/delewlew/ros2_tutorial_workspace/install/package_with_interfaces/include/package_with_interfaces/package_with_interfaces/srv/detail/what_is_the_point__functions.h
[0.729s] -- Up-to-date: /home/delewlew/ros2_tutorial_workspace/install/package_with_interfaces/include/package_with_interfaces/package_with_interfaces/srv/detail/what_is_the_point__type_support.h
[0.730s] -- Up-to-date: /home/delewlew/ros2_tutorial_workspace/install/package_with_interfaces/share/package_with_interfaces/environment/library_path.sh
[0.730s] -- Up-to-date: /home/delewlew/ros2_tutorial_workspace/install/package_with_interfaces/share/package_with_interfaces/environment/library_path.dsv
[0.730s] -- Up-to-date: /home/delewlew/ros2_tutorial_workspace/install/package_with_interfaces/lib/libpackage_with_interfaces__rosidl_generator_c.so
[0.731s] -- Up-to-date: /home/delewlew/ros2_tutorial_workspace/install/package_with_interfaces/include/package_with_interfaces/package_with_interfaces
[0.731s] -- Up-to-date: /home/delewlew/ros2_tutorial_workspace/install/package_with_interfaces/include/package_with_interfaces/package_with_interfaces/msg
[0.732s] -- Up-to-date: /home/delewlew/ros2_tutorial_workspace/install/package_with_interfaces/include/package_with_interfaces/package_with_interfaces/msg/detail
[0.732s] -- Up-to-date: /home/delewlew/ros2_tutorial_workspace/install/package_with_interfaces/include/package_with_interfaces/package_with_interfaces/msg/detail/amazing_quote__rosidl_typesupport_fastrtps_c.h
[0.732s] -- Up-to-date: /home/delewlew/ros2_tutorial_workspace/install/package_with_interfaces/include/package_with_interfaces/package_with_interfaces/msg/rosidl_typesupport_fastrtps_c__visibility_control.h
[0.732s] -- Up-to-date: /home/delewlew/ros2_tutorial_workspace/install/package_with_interfaces/include/package_with_interfaces/package_with_interfaces/srv
[0.733s] -- Up-to-date: /home/delewlew/ros2_tutorial_workspace/install/package_with_interfaces/include/package_with_interfaces/package_with_interfaces/srv/detail
[0.733s] -- Up-to-date: /home/delewlew/ros2_tutorial_workspace/install/package_with_interfaces/include/package_with_interfaces/package_with_interfaces/srv/detail/what_is_the_point__rosidl_typesupport_fastrtps_c.h
[0.733s] -- Up-to-date: /home/delewlew/ros2_tutorial_workspace/install/package_with_interfaces/lib/libpackage_with_interfaces__rosidl_typesupport_fastrtps_c.so
[0.734s] -- Up-to-date: /home/delewlew/ros2_tutorial_workspace/install/package_with_interfaces/include/package_with_interfaces/package_with_interfaces
[0.734s] -- Up-to-date: /home/delewlew/ros2_tutorial_workspace/install/package_with_interfaces/include/package_with_interfaces/package_with_interfaces/msg
[0.734s] -- Up-to-date: /home/delewlew/ros2_tutorial_workspace/install/package_with_interfaces/include/package_with_interfaces/package_with_interfaces/msg/amazing_quote.hpp
[0.735s] -- Up-to-date: /home/delewlew/ros2_tutorial_workspace/install/package_with_interfaces/include/package_with_interfaces/package_with_interfaces/msg/detail
[0.735s] -- Up-to-date: /home/delewlew/ros2_tutorial_workspace/install/package_with_interfaces/include/package_with_interfaces/package_with_interfaces/msg/detail/amazing_quote__builder.hpp
[0.735s] -- Up-to-date: /home/delewlew/ros2_tutorial_workspace/install/package_with_interfaces/include/package_with_interfaces/package_with_interfaces/msg/detail/amazing_quote__struct.hpp
[0.735s] -- Up-to-date: /home/delewlew/ros2_tutorial_workspace/install/package_with_interfaces/include/package_with_interfaces/package_with_interfaces/msg/detail/amazing_quote__traits.hpp
[0.736s] -- Up-to-date: /home/delewlew/ros2_tutorial_workspace/install/package_with_interfaces/include/package_with_interfaces/package_with_interfaces/srv
[0.736s] -- Up-to-date: /home/delewlew/ros2_tutorial_workspace/install/package_with_interfaces/include/package_with_interfaces/package_with_interfaces/srv/detail
[0.736s] -- Up-to-date: /home/delewlew/ros2_tutorial_workspace/install/package_with_interfaces/include/package_with_interfaces/package_with_interfaces/srv/detail/what_is_the_point__builder.hpp
[0.736s] -- Up-to-date: /home/delewlew/ros2_tutorial_workspace/install/package_with_interfaces/include/package_with_interfaces/package_with_interfaces/srv/detail/what_is_the_point__struct.hpp
[0.736s] -- Up-to-date: /home/delewlew/ros2_tutorial_workspace/install/package_with_interfaces/include/package_with_interfaces/package_with_interfaces/srv/detail/what_is_the_point__traits.hpp
[0.737s] -- Up-to-date: /home/delewlew/ros2_tutorial_workspace/install/package_with_interfaces/include/package_with_interfaces/package_with_interfaces/srv/what_is_the_point.hpp
[0.737s] -- Up-to-date: /home/delewlew/ros2_tutorial_workspace/install/package_with_interfaces/include/package_with_interfaces/package_with_interfaces
[0.737s] -- Up-to-date: /home/delewlew/ros2_tutorial_workspace/install/package_with_interfaces/include/package_with_interfaces/package_with_interfaces/msg
[0.737s] -- Up-to-date: /home/delewlew/ros2_tutorial_workspace/install/package_with_interfaces/include/package_with_interfaces/package_with_interfaces/msg/rosidl_typesupport_fastrtps_cpp__visibility_control.h
[0.737s] -- Up-to-date: /home/delewlew/ros2_tutorial_workspace/install/package_with_interfaces/include/package_with_interfaces/package_with_interfaces/msg/detail
[0.737s] -- Up-to-date: /home/delewlew/ros2_tutorial_workspace/install/package_with_interfaces/include/package_with_interfaces/package_with_interfaces/msg/detail/amazing_quote__rosidl_typesupport_fastrtps_cpp.hpp
[0.738s] -- Up-to-date: /home/delewlew/ros2_tutorial_workspace/install/package_with_interfaces/include/package_with_interfaces/package_with_interfaces/msg/detail/dds_fastrtps
[0.738s] -- Up-to-date: /home/delewlew/ros2_tutorial_workspace/install/package_with_interfaces/include/package_with_interfaces/package_with_interfaces/srv
[0.738s] -- Up-to-date: /home/delewlew/ros2_tutorial_workspace/install/package_with_interfaces/include/package_with_interfaces/package_with_interfaces/srv/detail
[0.738s] -- Up-to-date: /home/delewlew/ros2_tutorial_workspace/install/package_with_interfaces/include/package_with_interfaces/package_with_interfaces/srv/detail/what_is_the_point__rosidl_typesupport_fastrtps_cpp.hpp
[0.739s] -- Up-to-date: /home/delewlew/ros2_tutorial_workspace/install/package_with_interfaces/include/package_with_interfaces/package_with_interfaces/srv/detail/dds_fastrtps
[0.739s] -- Up-to-date: /home/delewlew/ros2_tutorial_workspace/install/package_with_interfaces/lib/libpackage_with_interfaces__rosidl_typesupport_fastrtps_cpp.so
[0.739s] -- Up-to-date: /home/delewlew/ros2_tutorial_workspace/install/package_with_interfaces/include/package_with_interfaces/package_with_interfaces
[0.739s] -- Up-to-date: /home/delewlew/ros2_tutorial_workspace/install/package_with_interfaces/include/package_with_interfaces/package_with_interfaces/msg
[0.739s] -- Up-to-date: /home/delewlew/ros2_tutorial_workspace/install/package_with_interfaces/include/package_with_interfaces/package_with_interfaces/msg/rosidl_typesupport_introspection_c__visibility_control.h
[0.739s] -- Up-to-date: /home/delewlew/ros2_tutorial_workspace/install/package_with_interfaces/include/package_with_interfaces/package_with_interfaces/msg/detail
[0.739s] -- Up-to-date: /home/delewlew/ros2_tutorial_workspace/install/package_with_interfaces/include/package_with_interfaces/package_with_interfaces/msg/detail/amazing_quote__rosidl_typesupport_introspection_c.h
[0.740s] -- Up-to-date: /home/delewlew/ros2_tutorial_workspace/install/package_with_interfaces/include/package_with_interfaces/package_with_interfaces/msg/detail/amazing_quote__type_support.c
[0.740s] -- Up-to-date: /home/delewlew/ros2_tutorial_workspace/install/package_with_interfaces/include/package_with_interfaces/package_with_interfaces/srv
[0.740s] -- Up-to-date: /home/delewlew/ros2_tutorial_workspace/install/package_with_interfaces/include/package_with_interfaces/package_with_interfaces/srv/detail
[0.740s] -- Up-to-date: /home/delewlew/ros2_tutorial_workspace/install/package_with_interfaces/include/package_with_interfaces/package_with_interfaces/srv/detail/what_is_the_point__rosidl_typesupport_introspection_c.h
[0.740s] -- Up-to-date: /home/delewlew/ros2_tutorial_workspace/install/package_with_interfaces/include/package_with_interfaces/package_with_interfaces/srv/detail/what_is_the_point__type_support.c
[0.740s] -- Up-to-date: /home/delewlew/ros2_tutorial_workspace/install/package_with_interfaces/lib/libpackage_with_interfaces__rosidl_typesupport_introspection_c.so
[0.741s] -- Up-to-date: /home/delewlew/ros2_tutorial_workspace/install/package_with_interfaces/lib/libpackage_with_interfaces__rosidl_typesupport_c.so
[0.741s] -- Up-to-date: /home/delewlew/ros2_tutorial_workspace/install/package_with_interfaces/include/package_with_interfaces/package_with_interfaces
[0.741s] -- Up-to-date: /home/delewlew/ros2_tutorial_workspace/install/package_with_interfaces/include/package_with_interfaces/package_with_interfaces/msg
[0.741s] -- Up-to-date: /home/delewlew/ros2_tutorial_workspace/install/package_with_interfaces/include/package_with_interfaces/package_with_interfaces/msg/detail
[0.741s] -- Up-to-date: /home/delewlew/ros2_tutorial_workspace/install/package_with_interfaces/include/package_with_interfaces/package_with_interfaces/msg/detail/amazing_quote__rosidl_typesupport_introspection_cpp.hpp
[0.741s] -- Up-to-date: /home/delewlew/ros2_tutorial_workspace/install/package_with_interfaces/include/package_with_interfaces/package_with_interfaces/msg/detail/amazing_quote__type_support.cpp
[0.741s] -- Up-to-date: /home/delewlew/ros2_tutorial_workspace/install/package_with_interfaces/include/package_with_interfaces/package_with_interfaces/srv
[0.742s] -- Up-to-date: /home/delewlew/ros2_tutorial_workspace/install/package_with_interfaces/include/package_with_interfaces/package_with_interfaces/srv/detail
[0.742s] -- Up-to-date: /home/delewlew/ros2_tutorial_workspace/install/package_with_interfaces/include/package_with_interfaces/package_with_interfaces/srv/detail/what_is_the_point__type_support.cpp
[0.742s] -- Up-to-date: /home/delewlew/ros2_tutorial_workspace/install/package_with_interfaces/include/package_with_interfaces/package_with_interfaces/srv/detail/what_is_the_point__rosidl_typesupport_introspection_cpp.hpp
[0.742s] -- Up-to-date: /home/delewlew/ros2_tutorial_workspace/install/package_with_interfaces/lib/libpackage_with_interfaces__rosidl_typesupport_introspection_cpp.so
[0.742s] -- Up-to-date: /home/delewlew/ros2_tutorial_workspace/install/package_with_interfaces/lib/libpackage_with_interfaces__rosidl_typesupport_cpp.so
[0.742s] -- Up-to-date: /home/delewlew/ros2_tutorial_workspace/install/package_with_interfaces/share/package_with_interfaces/environment/pythonpath.sh
[0.742s] -- Up-to-date: /home/delewlew/ros2_tutorial_workspace/install/package_with_interfaces/share/package_with_interfaces/environment/pythonpath.dsv
[0.742s] -- Up-to-date: /home/delewlew/ros2_tutorial_workspace/install/package_with_interfaces/local/lib/python3.10/dist-packages/package_with_interfaces-0.0.0-py3.10.egg-info
[0.742s] -- Installing: /home/delewlew/ros2_tutorial_workspace/install/package_with_interfaces/local/lib/python3.10/dist-packages/package_with_interfaces-0.0.0-py3.10.egg-info/PKG-INFO
[0.742s] -- Installing: /home/delewlew/ros2_tutorial_workspace/install/package_with_interfaces/local/lib/python3.10/dist-packages/package_with_interfaces-0.0.0-py3.10.egg-info/dependency_links.txt
[0.743s] -- Installing: /home/delewlew/ros2_tutorial_workspace/install/package_with_interfaces/local/lib/python3.10/dist-packages/package_with_interfaces-0.0.0-py3.10.egg-info/SOURCES.txt
[0.743s] -- Installing: /home/delewlew/ros2_tutorial_workspace/install/package_with_interfaces/local/lib/python3.10/dist-packages/package_with_interfaces-0.0.0-py3.10.egg-info/top_level.txt
[0.743s] -- Up-to-date: /home/delewlew/ros2_tutorial_workspace/install/package_with_interfaces/local/lib/python3.10/dist-packages/package_with_interfaces
[0.743s] -- Up-to-date: /home/delewlew/ros2_tutorial_workspace/install/package_with_interfaces/local/lib/python3.10/dist-packages/package_with_interfaces/_package_with_interfaces_s.ep.rosidl_typesupport_fastrtps_c.c
[0.743s] -- Up-to-date: /home/delewlew/ros2_tutorial_workspace/install/package_with_interfaces/local/lib/python3.10/dist-packages/package_with_interfaces/libpackage_with_interfaces__rosidl_generator_py.so
[0.743s] -- Up-to-date: /home/delewlew/ros2_tutorial_workspace/install/package_with_interfaces/local/lib/python3.10/dist-packages/package_with_interfaces/_package_with_interfaces_s.ep.rosidl_typesupport_introspection_c.c
[0.743s] -- Up-to-date: /home/delewlew/ros2_tutorial_workspace/install/package_with_interfaces/local/lib/python3.10/dist-packages/package_with_interfaces/package_with_interfaces_s__rosidl_typesupport_introspection_c.cpython-310-x86_64-linux-gnu.so
[0.743s] -- Up-to-date: /home/delewlew/ros2_tutorial_workspace/install/package_with_interfaces/local/lib/python3.10/dist-packages/package_with_interfaces/msg
[0.743s] -- Up-to-date: /home/delewlew/ros2_tutorial_workspace/install/package_with_interfaces/local/lib/python3.10/dist-packages/package_with_interfaces/msg/_amazing_quote_s.c
[0.743s] -- Up-to-date: /home/delewlew/ros2_tutorial_workspace/install/package_with_interfaces/local/lib/python3.10/dist-packages/package_with_interfaces/msg/_amazing_quote.py
[0.744s] -- Up-to-date: /home/delewlew/ros2_tutorial_workspace/install/package_with_interfaces/local/lib/python3.10/dist-packages/package_with_interfaces/msg/__init__.py
[0.744s] -- Up-to-date: /home/delewlew/ros2_tutorial_workspace/install/package_with_interfaces/local/lib/python3.10/dist-packages/package_with_interfaces/_package_with_interfaces_s.ep.rosidl_typesupport_c.c
[0.744s] -- Up-to-date: /home/delewlew/ros2_tutorial_workspace/install/package_with_interfaces/local/lib/python3.10/dist-packages/package_with_interfaces/package_with_interfaces_s__rosidl_typesupport_c.cpython-310-x86_64-linux-gnu.so
[0.744s] -- Up-to-date: /home/delewlew/ros2_tutorial_workspace/install/package_with_interfaces/local/lib/python3.10/dist-packages/package_with_interfaces/srv
[0.744s] -- Up-to-date: /home/delewlew/ros2_tutorial_workspace/install/package_with_interfaces/local/lib/python3.10/dist-packages/package_with_interfaces/srv/_what_is_the_point.py
[0.744s] -- Up-to-date: /home/delewlew/ros2_tutorial_workspace/install/package_with_interfaces/local/lib/python3.10/dist-packages/package_with_interfaces/srv/_what_is_the_point_s.c
[0.744s] -- Up-to-date: /home/delewlew/ros2_tutorial_workspace/install/package_with_interfaces/local/lib/python3.10/dist-packages/package_with_interfaces/srv/__init__.py
[0.744s] -- Up-to-date: /home/delewlew/ros2_tutorial_workspace/install/package_with_interfaces/local/lib/python3.10/dist-packages/package_with_interfaces/package_with_interfaces_s__rosidl_typesupport_fastrtps_c.cpython-310-x86_64-linux-gnu.so
[0.744s] -- Up-to-date: /home/delewlew/ros2_tutorial_workspace/install/package_with_interfaces/local/lib/python3.10/dist-packages/package_with_interfaces/__init__.py
[0.772s] Listing '/home/delewlew/ros2_tutorial_workspace/install/package_with_interfaces/local/lib/python3.10/dist-packages/package_with_interfaces'...
[0.772s] Listing '/home/delewlew/ros2_tutorial_workspace/install/package_with_interfaces/local/lib/python3.10/dist-packages/package_with_interfaces/msg'...
[0.772s] Listing '/home/delewlew/ros2_tutorial_workspace/install/package_with_interfaces/local/lib/python3.10/dist-packages/package_with_interfaces/srv'...
[0.777s] -- Up-to-date: /home/delewlew/ros2_tutorial_workspace/install/package_with_interfaces/local/lib/python3.10/dist-packages/package_with_interfaces/package_with_interfaces_s__rosidl_typesupport_fastrtps_c.cpython-310-x86_64-linux-gnu.so
[0.777s] -- Up-to-date: /home/delewlew/ros2_tutorial_workspace/install/package_with_interfaces/local/lib/python3.10/dist-packages/package_with_interfaces/package_with_interfaces_s__rosidl_typesupport_introspection_c.cpython-310-x86_64-linux-gnu.so
[0.777s] -- Up-to-date: /home/delewlew/ros2_tutorial_workspace/install/package_with_interfaces/local/lib/python3.10/dist-packages/package_with_interfaces/package_with_interfaces_s__rosidl_typesupport_c.cpython-310-x86_64-linux-gnu.so
[0.777s] -- Up-to-date: /home/delewlew/ros2_tutorial_workspace/install/package_with_interfaces/lib/libpackage_with_interfaces__rosidl_generator_py.so
[0.778s] -- Up-to-date: /home/delewlew/ros2_tutorial_workspace/install/package_with_interfaces/share/package_with_interfaces/msg/AmazingQuote.idl
[0.778s] -- Up-to-date: /home/delewlew/ros2_tutorial_workspace/install/package_with_interfaces/share/package_with_interfaces/srv/WhatIsThePoint.idl
[0.778s] -- Up-to-date: /home/delewlew/ros2_tutorial_workspace/install/package_with_interfaces/share/package_with_interfaces/msg/AmazingQuote.msg
[0.778s] -- Up-to-date: /home/delewlew/ros2_tutorial_workspace/install/package_with_interfaces/share/package_with_interfaces/srv/WhatIsThePoint.srv
[0.778s] -- Up-to-date: /home/delewlew/ros2_tutorial_workspace/install/package_with_interfaces/share/package_with_interfaces/srv/WhatIsThePoint_Request.msg
[0.778s] -- Up-to-date: /home/delewlew/ros2_tutorial_workspace/install/package_with_interfaces/share/package_with_interfaces/srv/WhatIsThePoint_Response.msg
[0.779s] -- Up-to-date: /home/delewlew/ros2_tutorial_workspace/install/package_with_interfaces/share/ament_index/resource_index/package_run_dependencies/package_with_interfaces
[0.779s] -- Up-to-date: /home/delewlew/ros2_tutorial_workspace/install/package_with_interfaces/share/ament_index/resource_index/parent_prefix_path/package_with_interfaces
[0.779s] -- Up-to-date: /home/delewlew/ros2_tutorial_workspace/install/package_with_interfaces/share/package_with_interfaces/environment/ament_prefix_path.sh
[0.779s] -- Up-to-date: /home/delewlew/ros2_tutorial_workspace/install/package_with_interfaces/share/package_with_interfaces/environment/ament_prefix_path.dsv
[0.779s] -- Up-to-date: /home/delewlew/ros2_tutorial_workspace/install/package_with_interfaces/share/package_with_interfaces/environment/path.sh
[0.779s] -- Up-to-date: /home/delewlew/ros2_tutorial_workspace/install/package_with_interfaces/share/package_with_interfaces/environment/path.dsv
[0.779s] -- Up-to-date: /home/delewlew/ros2_tutorial_workspace/install/package_with_interfaces/share/package_with_interfaces/local_setup.bash
[0.780s] -- Up-to-date: /home/delewlew/ros2_tutorial_workspace/install/package_with_interfaces/share/package_with_interfaces/local_setup.sh
[0.780s] -- Up-to-date: /home/delewlew/ros2_tutorial_workspace/install/package_with_interfaces/share/package_with_interfaces/local_setup.zsh
[0.780s] -- Up-to-date: /home/delewlew/ros2_tutorial_workspace/install/package_with_interfaces/share/package_with_interfaces/local_setup.dsv
[0.780s] -- Installing: /home/delewlew/ros2_tutorial_workspace/install/package_with_interfaces/share/package_with_interfaces/package.dsv
[0.780s] -- Up-to-date: /home/delewlew/ros2_tutorial_workspace/install/package_with_interfaces/share/ament_index/resource_index/packages/package_with_interfaces
[0.780s] -- Up-to-date: /home/delewlew/ros2_tutorial_workspace/install/package_with_interfaces/share/package_with_interfaces/cmake/export_package_with_interfaces__rosidl_generator_cExport.cmake
[0.780s] -- Up-to-date: /home/delewlew/ros2_tutorial_workspace/install/package_with_interfaces/share/package_with_interfaces/cmake/export_package_with_interfaces__rosidl_generator_cExport-noconfig.cmake
[0.780s] -- Up-to-date: /home/delewlew/ros2_tutorial_workspace/install/package_with_interfaces/share/package_with_interfaces/cmake/export_package_with_interfaces__rosidl_typesupport_fastrtps_cExport.cmake
[0.781s] -- Up-to-date: /home/delewlew/ros2_tutorial_workspace/install/package_with_interfaces/share/package_with_interfaces/cmake/export_package_with_interfaces__rosidl_typesupport_fastrtps_cExport-noconfig.cmake
[0.781s] -- Up-to-date: /home/delewlew/ros2_tutorial_workspace/install/package_with_interfaces/share/package_with_interfaces/cmake/export_package_with_interfaces__rosidl_generator_cppExport.cmake
[0.781s] -- Up-to-date: /home/delewlew/ros2_tutorial_workspace/install/package_with_interfaces/share/package_with_interfaces/cmake/export_package_with_interfaces__rosidl_typesupport_fastrtps_cppExport.cmake
[0.781s] -- Up-to-date: /home/delewlew/ros2_tutorial_workspace/install/package_with_interfaces/share/package_with_interfaces/cmake/export_package_with_interfaces__rosidl_typesupport_fastrtps_cppExport-noconfig.cmake
[0.782s] -- Up-to-date: /home/delewlew/ros2_tutorial_workspace/install/package_with_interfaces/share/package_with_interfaces/cmake/package_with_interfaces__rosidl_typesupport_introspection_cExport.cmake
[0.782s] -- Up-to-date: /home/delewlew/ros2_tutorial_workspace/install/package_with_interfaces/share/package_with_interfaces/cmake/package_with_interfaces__rosidl_typesupport_introspection_cExport-noconfig.cmake
[0.783s] -- Up-to-date: /home/delewlew/ros2_tutorial_workspace/install/package_with_interfaces/share/package_with_interfaces/cmake/package_with_interfaces__rosidl_typesupport_cExport.cmake
[0.783s] -- Up-to-date: /home/delewlew/ros2_tutorial_workspace/install/package_with_interfaces/share/package_with_interfaces/cmake/package_with_interfaces__rosidl_typesupport_cExport-noconfig.cmake
[0.784s] -- Up-to-date: /home/delewlew/ros2_tutorial_workspace/install/package_with_interfaces/share/package_with_interfaces/cmake/package_with_interfaces__rosidl_typesupport_introspection_cppExport.cmake
[0.784s] -- Up-to-date: /home/delewlew/ros2_tutorial_workspace/install/package_with_interfaces/share/package_with_interfaces/cmake/package_with_interfaces__rosidl_typesupport_introspection_cppExport-noconfig.cmake
[0.784s] -- Up-to-date: /home/delewlew/ros2_tutorial_workspace/install/package_with_interfaces/share/package_with_interfaces/cmake/package_with_interfaces__rosidl_typesupport_cppExport.cmake
[0.784s] -- Up-to-date: /home/delewlew/ros2_tutorial_workspace/install/package_with_interfaces/share/package_with_interfaces/cmake/package_with_interfaces__rosidl_typesupport_cppExport-noconfig.cmake
[0.784s] -- Up-to-date: /home/delewlew/ros2_tutorial_workspace/install/package_with_interfaces/share/package_with_interfaces/cmake/export_package_with_interfaces__rosidl_generator_pyExport.cmake
[0.785s] -- Up-to-date: /home/delewlew/ros2_tutorial_workspace/install/package_with_interfaces/share/package_with_interfaces/cmake/export_package_with_interfaces__rosidl_generator_pyExport-noconfig.cmake
[0.785s] -- Up-to-date: /home/delewlew/ros2_tutorial_workspace/install/package_with_interfaces/share/package_with_interfaces/cmake/rosidl_cmake-extras.cmake
[0.785s] -- Up-to-date: /home/delewlew/ros2_tutorial_workspace/install/package_with_interfaces/share/package_with_interfaces/cmake/ament_cmake_export_dependencies-extras.cmake
[0.785s] -- Up-to-date: /home/delewlew/ros2_tutorial_workspace/install/package_with_interfaces/share/package_with_interfaces/cmake/ament_cmake_export_include_directories-extras.cmake
[0.786s] -- Up-to-date: /home/delewlew/ros2_tutorial_workspace/install/package_with_interfaces/share/package_with_interfaces/cmake/ament_cmake_export_libraries-extras.cmake
[0.786s] -- Up-to-date: /home/delewlew/ros2_tutorial_workspace/install/package_with_interfaces/share/package_with_interfaces/cmake/ament_cmake_export_targets-extras.cmake
[0.786s] -- Up-to-date: /home/delewlew/ros2_tutorial_workspace/install/package_with_interfaces/share/package_with_interfaces/cmake/rosidl_cmake_export_typesupport_targets-extras.cmake
[0.786s] -- Up-to-date: /home/delewlew/ros2_tutorial_workspace/install/package_with_interfaces/share/package_with_interfaces/cmake/rosidl_cmake_export_typesupport_libraries-extras.cmake
[0.786s] -- Up-to-date: /home/delewlew/ros2_tutorial_workspace/install/package_with_interfaces/share/package_with_interfaces/cmake/package_with_interfacesConfig.cmake
[0.786s] -- Up-to-date: /home/delewlew/ros2_tutorial_workspace/install/package_with_interfaces/share/package_with_interfaces/cmake/package_with_interfacesConfig-version.cmake
[0.786s] -- Up-to-date: /home/delewlew/ros2_tutorial_workspace/install/package_with_interfaces/share/package_with_interfaces/package.xml
[0.786s] Invoked command in '/home/delewlew/ros2_tutorial_workspace/build/package_with_interfaces' returned '0': CMAKE_PREFIX_PATH=${CMAKE_PREFIX_PATH}:/home/delewlew/ros2_tutorial_workspace/install/python_package_that_uses_the_messages:/home/delewlew/ros2_tutorial_workspace/install/python_package_that_uses_parameters_and_launch_files:/home/delewlew/ros2_tutorial_workspace/install/custom_publisher_package:/opt/ros/humble /usr/bin/cmake --install /home/delewlew/ros2_tutorial_workspace/build/package_with_interfaces
