[0.266s] Invoking command in '/home/delewlew/ros2_tutorial_workspace_2/build/package_with_interfaces': CMAKE_PREFIX_PATH=/opt/ros/humble /usr/bin/cmake /home/delewlew/ros2_tutorial_workspace_2/src/package_with_interfaces -DCMAKE_INSTALL_PREFIX=/home/delewlew/ros2_tutorial_workspace_2/install/package_with_interfaces
[0.589s] -- The C compiler identification is GNU 11.4.0
[0.839s] -- The CXX compiler identification is GNU 11.4.0
[0.873s] -- Detecting C compiler ABI info
[1.021s] -- Detecting C compiler ABI info - done
[1.040s] -- Check for working C compiler: /usr/bin/cc - skipped
[1.041s] -- Detecting C compile features
[1.044s] -- Detecting C compile features - done
[1.053s] -- Detecting CXX compiler ABI info
[1.240s] -- Detecting CXX compiler ABI info - done
[1.256s] -- Check for working CXX compiler: /usr/bin/c++ - skipped
[1.256s] -- Detecting CXX compile features
[1.258s] -- Detecting CXX compile features - done
[1.282s] -- Found ament_cmake: 1.3.10 (/opt/ros/humble/share/ament_cmake/cmake)
[1.593s] -- Found Python3: /usr/bin/python3 (found version "3.10.12") found components: Interpreter 
[1.844s] -- Found geometry_msgs: 4.2.4 (/opt/ros/humble/share/geometry_msgs/cmake)
[2.005s] -- Found rosidl_generator_c: 3.1.5 (/opt/ros/humble/share/rosidl_generator_c/cmake)
[2.024s] -- Found rosidl_adapter: 3.1.5 (/opt/ros/humble/share/rosidl_adapter/cmake)
[2.059s] -- Found rosidl_generator_cpp: 3.1.5 (/opt/ros/humble/share/rosidl_generator_cpp/cmake)
[2.103s] -- Using all available rosidl_typesupport_c: rosidl_typesupport_fastrtps_c;rosidl_typesupport_introspection_c
[2.158s] -- Using all available rosidl_typesupport_cpp: rosidl_typesupport_fastrtps_cpp;rosidl_typesupport_introspection_cpp
[2.272s] -- Found rosidl_default_generators: 1.2.0 (/opt/ros/humble/share/rosidl_default_generators/cmake)
[2.757s] -- Found ament_cmake_ros: 0.10.0 (/opt/ros/humble/share/ament_cmake_ros/cmake)
[3.271s] -- Using all available rosidl_typesupport_c: rosidl_typesupport_fastrtps_c;rosidl_typesupport_introspection_c
[3.425s] -- Using all available rosidl_typesupport_cpp: rosidl_typesupport_fastrtps_cpp;rosidl_typesupport_introspection_cpp
[3.455s] -- Found PythonInterp: /usr/bin/python3 (found suitable version "3.10.12", minimum required is "3.6") 
[3.459s] -- Found python_cmake_module: 0.10.0 (/opt/ros/humble/share/python_cmake_module/cmake)
[3.493s] -- Found PythonLibs: /usr/lib/x86_64-linux-gnu/libpython3.10.so (found suitable version "3.10.12", minimum required is "3.5") 
[3.493s] -- Using PYTHON_EXECUTABLE: /usr/bin/python3
[3.493s] -- Using PYTHON_INCLUDE_DIRS: /usr/include/python3.10
[3.493s] -- Using PYTHON_LIBRARIES: /usr/lib/x86_64-linux-gnu/libpython3.10.so
[3.509s] -- Found PythonExtra: .so  
[3.569s] -- Found ament_lint_auto: 0.12.11 (/opt/ros/humble/share/ament_lint_auto/cmake)
[3.602s] -- Added test 'lint_cmake' to check CMake code style
[3.604s] -- Added test 'xmllint' to check XML markup files
[3.607s] -- Configuring done
[3.644s] -- Generating done
[3.646s] -- Build files have been written to: /home/delewlew/ros2_tutorial_workspace_2/build/package_with_interfaces
[3.658s] Invoked command in '/home/delewlew/ros2_tutorial_workspace_2/build/package_with_interfaces' returned '0': CMAKE_PREFIX_PATH=/opt/ros/humble /usr/bin/cmake /home/delewlew/ros2_tutorial_workspace_2/src/package_with_interfaces -DCMAKE_INSTALL_PREFIX=/home/delewlew/ros2_tutorial_workspace_2/install/package_with_interfaces
[3.658s] Invoking command in '/home/delewlew/ros2_tutorial_workspace_2/build/package_with_interfaces': CMAKE_PREFIX_PATH=/opt/ros/humble /usr/bin/cmake --build /home/delewlew/ros2_tutorial_workspace_2/build/package_with_interfaces -- -j12 -l12
[3.721s] [  2%] [34m[1mGenerating C code for ROS interfaces[0m
[3.750s] [  5%] [34m[1mGenerating C++ code for ROS interfaces[0m
[3.758s] [  5%] Built target ament_cmake_python_copy_package_with_interfaces
[4.056s] running egg_info
[4.056s] creating package_with_interfaces.egg-info
[4.057s] writing package_with_interfaces.egg-info/PKG-INFO
[4.057s] writing dependency_links to package_with_interfaces.egg-info/dependency_links.txt
[4.057s] writing top-level names to package_with_interfaces.egg-info/top_level.txt
[4.058s] writing manifest file 'package_with_interfaces.egg-info/SOURCES.txt'
[4.059s] reading manifest file 'package_with_interfaces.egg-info/SOURCES.txt'
[4.060s] writing manifest file 'package_with_interfaces.egg-info/SOURCES.txt'
[4.088s] [  5%] Built target ament_cmake_python_build_package_with_interfaces_egg
[4.134s] [  5%] Built target package_with_interfaces__cpp
[4.153s] [  7%] [34m[1mGenerating C++ type support for eProsima Fast-RTPS[0m
[4.156s] [ 10%] [34m[1mGenerating C++ type support dispatch for ROS interfaces[0m
[4.163s] [ 12%] [34m[1mGenerating C++ introspection for ROS interfaces[0m
[4.464s] [ 17%] [32mBuilding C object CMakeFiles/package_with_interfaces__rosidl_generator_c.dir/rosidl_generator_c/package_with_interfaces/srv/detail/what_is_the_point__functions.c.o[0m
[4.465s] [ 17%] [32mBuilding C object CMakeFiles/package_with_interfaces__rosidl_generator_c.dir/rosidl_generator_c/package_with_interfaces/msg/detail/amazing_quote__functions.c.o[0m
[4.590s] [ 23%] [32mBuilding CXX object CMakeFiles/package_with_interfaces__rosidl_typesupport_cpp.dir/rosidl_typesupport_cpp/package_with_interfaces/srv/what_is_the_point__type_support.cpp.o[0m
[4.591s] [ 23%] [32mBuilding CXX object CMakeFiles/package_with_interfaces__rosidl_typesupport_cpp.dir/rosidl_typesupport_cpp/package_with_interfaces/msg/amazing_quote__type_support.cpp.o[0m
[4.674s] [ 25%] [32m[1mLinking C shared library libpackage_with_interfaces__rosidl_generator_c.so[0m
[4.754s] [ 28%] [32mBuilding CXX object CMakeFiles/package_with_interfaces__rosidl_typesupport_fastrtps_cpp.dir/rosidl_typesupport_fastrtps_cpp/package_with_interfaces/msg/detail/dds_fastrtps/amazing_quote__type_support.cpp.o[0m
[4.756s] [ 30%] [32mBuilding CXX object CMakeFiles/package_with_interfaces__rosidl_typesupport_fastrtps_cpp.dir/rosidl_typesupport_fastrtps_cpp/package_with_interfaces/srv/detail/dds_fastrtps/what_is_the_point__type_support.cpp.o[0m
[4.768s] [ 30%] Built target package_with_interfaces__rosidl_generator_c
[4.791s] [ 33%] [34m[1mGenerating C type support for eProsima Fast-RTPS[0m
[4.803s] [ 35%] [34m[1mGenerating C introspection for ROS interfaces[0m
[4.804s] [ 38%] [34m[1mGenerating C type support dispatch for ROS interfaces[0m
[4.810s] [ 41%] [32mBuilding CXX object CMakeFiles/package_with_interfaces__rosidl_typesupport_introspection_cpp.dir/rosidl_typesupport_introspection_cpp/package_with_interfaces/msg/detail/amazing_quote__type_support.cpp.o[0m
[4.811s] [ 43%] [32mBuilding CXX object CMakeFiles/package_with_interfaces__rosidl_typesupport_introspection_cpp.dir/rosidl_typesupport_introspection_cpp/package_with_interfaces/srv/detail/what_is_the_point__type_support.cpp.o[0m
[5.542s] [ 46%] [32mBuilding C object CMakeFiles/package_with_interfaces__rosidl_typesupport_introspection_c.dir/rosidl_typesupport_introspection_c/package_with_interfaces/srv/detail/what_is_the_point__type_support.c.o[0m
[5.572s] [ 48%] [32mBuilding C object CMakeFiles/package_with_interfaces__rosidl_typesupport_introspection_c.dir/rosidl_typesupport_introspection_c/package_with_interfaces/msg/detail/amazing_quote__type_support.c.o[0m
[5.718s] [ 51%] [32m[1mLinking C shared library libpackage_with_interfaces__rosidl_typesupport_introspection_c.so[0m
[5.920s] [ 51%] Built target package_with_interfaces__rosidl_typesupport_introspection_c
[5.941s] [ 53%] [32m[1mLinking CXX shared library libpackage_with_interfaces__rosidl_typesupport_cpp.so[0m
[6.027s] [ 56%] [32mBuilding CXX object CMakeFiles/package_with_interfaces__rosidl_typesupport_fastrtps_c.dir/rosidl_typesupport_fastrtps_c/package_with_interfaces/srv/detail/what_is_the_point__type_support_c.cpp.o[0m
[6.027s] [ 58%] [32mBuilding CXX object CMakeFiles/package_with_interfaces__rosidl_typesupport_fastrtps_c.dir/rosidl_typesupport_fastrtps_c/package_with_interfaces/msg/detail/amazing_quote__type_support_c.cpp.o[0m
[6.080s] [ 61%] [32mBuilding CXX object CMakeFiles/package_with_interfaces__rosidl_typesupport_c.dir/rosidl_typesupport_c/package_with_interfaces/msg/amazing_quote__type_support.cpp.o[0m
[6.084s] [ 64%] [32mBuilding CXX object CMakeFiles/package_with_interfaces__rosidl_typesupport_c.dir/rosidl_typesupport_c/package_with_interfaces/srv/what_is_the_point__type_support.cpp.o[0m
[6.114s] [ 64%] Built target package_with_interfaces__rosidl_typesupport_cpp
[6.200s] [ 66%] [32m[1mLinking CXX shared library libpackage_with_interfaces__rosidl_typesupport_c.so[0m
[6.392s] [ 66%] Built target package_with_interfaces__rosidl_typesupport_c
[6.615s] [ 69%] [32m[1mLinking CXX shared library libpackage_with_interfaces__rosidl_typesupport_introspection_cpp.so[0m
[6.842s] [ 69%] Built target package_with_interfaces__rosidl_typesupport_introspection_cpp
[6.948s] [ 71%] [32m[1mLinking CXX shared library libpackage_with_interfaces__rosidl_typesupport_fastrtps_cpp.so[0m
[7.021s] [ 74%] [32m[1mLinking CXX shared library libpackage_with_interfaces__rosidl_typesupport_fastrtps_c.so[0m
[7.046s] [ 74%] Built target package_with_interfaces__rosidl_typesupport_fastrtps_cpp
[7.110s] [ 74%] Built target package_with_interfaces__rosidl_typesupport_fastrtps_c
[7.139s] [ 74%] Built target package_with_interfaces
[7.179s] [ 76%] [34m[1mGenerating Python code for ROS interfaces[0m
[7.572s] [ 76%] Built target package_with_interfaces__py
[7.608s] [ 79%] [32mBuilding C object CMakeFiles/package_with_interfaces__rosidl_generator_py.dir/rosidl_generator_py/package_with_interfaces/srv/_what_is_the_point_s.c.o[0m
[7.612s] [ 82%] [32mBuilding C object CMakeFiles/package_with_interfaces__rosidl_generator_py.dir/rosidl_generator_py/package_with_interfaces/msg/_amazing_quote_s.c.o[0m
[7.796s] [ 84%] [32m[1mLinking C shared library rosidl_generator_py/package_with_interfaces/libpackage_with_interfaces__rosidl_generator_py.so[0m
[7.853s] [ 84%] Built target package_with_interfaces__rosidl_generator_py
[7.889s] [ 87%] [32mBuilding C object CMakeFiles/package_with_interfaces__rosidl_typesupport_fastrtps_c__pyext.dir/rosidl_generator_py/package_with_interfaces/_package_with_interfaces_s.ep.rosidl_typesupport_fastrtps_c.c.o[0m
[7.895s] [ 89%] [32mBuilding C object CMakeFiles/package_with_interfaces__rosidl_typesupport_introspection_c__pyext.dir/rosidl_generator_py/package_with_interfaces/_package_with_interfaces_s.ep.rosidl_typesupport_introspection_c.c.o[0m
[7.896s] [ 92%] [32mBuilding C object CMakeFiles/package_with_interfaces__rosidl_typesupport_c__pyext.dir/rosidl_generator_py/package_with_interfaces/_package_with_interfaces_s.ep.rosidl_typesupport_c.c.o[0m
[8.012s] [ 94%] [32m[1mLinking C shared library rosidl_generator_py/package_with_interfaces/package_with_interfaces_s__rosidl_typesupport_c.cpython-310-x86_64-linux-gnu.so[0m
[8.020s] [ 97%] [32m[1mLinking C shared library rosidl_generator_py/package_with_interfaces/package_with_interfaces_s__rosidl_typesupport_introspection_c.cpython-310-x86_64-linux-gnu.so[0m
[8.061s] [100%] [32m[1mLinking C shared library rosidl_generator_py/package_with_interfaces/package_with_interfaces_s__rosidl_typesupport_fastrtps_c.cpython-310-x86_64-linux-gnu.so[0m
[8.083s] [100%] Built target package_with_interfaces__rosidl_typesupport_c__pyext
[8.089s] [100%] Built target package_with_interfaces__rosidl_typesupport_introspection_c__pyext
[8.126s] [100%] Built target package_with_interfaces__rosidl_typesupport_fastrtps_c__pyext
[8.144s] Invoked command in '/home/delewlew/ros2_tutorial_workspace_2/build/package_with_interfaces' returned '0': CMAKE_PREFIX_PATH=/opt/ros/humble /usr/bin/cmake --build /home/delewlew/ros2_tutorial_workspace_2/build/package_with_interfaces -- -j12 -l12
[8.314s] Invoking command in '/home/delewlew/ros2_tutorial_workspace_2/build/package_with_interfaces': CMAKE_PREFIX_PATH=/opt/ros/humble /usr/bin/cmake --install /home/delewlew/ros2_tutorial_workspace_2/build/package_with_interfaces
[8.322s] -- Install configuration: ""
[8.322s] -- Installing: /home/delewlew/ros2_tutorial_workspace_2/install/package_with_interfaces/share/ament_index/resource_index/rosidl_interfaces/package_with_interfaces
[8.322s] -- Installing: /home/delewlew/ros2_tutorial_workspace_2/install/package_with_interfaces/include/package_with_interfaces/package_with_interfaces
[8.322s] -- Installing: /home/delewlew/ros2_tutorial_workspace_2/install/package_with_interfaces/include/package_with_interfaces/package_with_interfaces/msg
[8.323s] -- Installing: /home/delewlew/ros2_tutorial_workspace_2/install/package_with_interfaces/include/package_with_interfaces/package_with_interfaces/msg/amazing_quote.h
[8.323s] -- Installing: /home/delewlew/ros2_tutorial_workspace_2/install/package_with_interfaces/include/package_with_interfaces/package_with_interfaces/msg/rosidl_generator_c__visibility_control.h
[8.323s] -- Installing: /home/delewlew/ros2_tutorial_workspace_2/install/package_with_interfaces/include/package_with_interfaces/package_with_interfaces/msg/detail
[8.323s] -- Installing: /home/delewlew/ros2_tutorial_workspace_2/install/package_with_interfaces/include/package_with_interfaces/package_with_interfaces/msg/detail/amazing_quote__functions.c
[8.323s] -- Installing: /home/delewlew/ros2_tutorial_workspace_2/install/package_with_interfaces/include/package_with_interfaces/package_with_interfaces/msg/detail/amazing_quote__type_support.h
[8.324s] -- Installing: /home/delewlew/ros2_tutorial_workspace_2/install/package_with_interfaces/include/package_with_interfaces/package_with_interfaces/msg/detail/amazing_quote__struct.h
[8.324s] -- Installing: /home/delewlew/ros2_tutorial_workspace_2/install/package_with_interfaces/include/package_with_interfaces/package_with_interfaces/msg/detail/amazing_quote__functions.h
[8.324s] -- Installing: /home/delewlew/ros2_tutorial_workspace_2/install/package_with_interfaces/include/package_with_interfaces/package_with_interfaces/srv
[8.324s] -- Installing: /home/delewlew/ros2_tutorial_workspace_2/install/package_with_interfaces/include/package_with_interfaces/package_with_interfaces/srv/what_is_the_point.h
[8.324s] -- Installing: /home/delewlew/ros2_tutorial_workspace_2/install/package_with_interfaces/include/package_with_interfaces/package_with_interfaces/srv/detail
[8.324s] -- Installing: /home/delewlew/ros2_tutorial_workspace_2/install/package_with_interfaces/include/package_with_interfaces/package_with_interfaces/srv/detail/what_is_the_point__functions.c
[8.324s] -- Installing: /home/delewlew/ros2_tutorial_workspace_2/install/package_with_interfaces/include/package_with_interfaces/package_with_interfaces/srv/detail/what_is_the_point__struct.h
[8.325s] -- Installing: /home/delewlew/ros2_tutorial_workspace_2/install/package_with_interfaces/include/package_with_interfaces/package_with_interfaces/srv/detail/what_is_the_point__functions.h
[8.325s] -- Installing: /home/delewlew/ros2_tutorial_workspace_2/install/package_with_interfaces/include/package_with_interfaces/package_with_interfaces/srv/detail/what_is_the_point__type_support.h
[8.325s] -- Installing: /home/delewlew/ros2_tutorial_workspace_2/install/package_with_interfaces/share/package_with_interfaces/environment/library_path.sh
[8.325s] -- Installing: /home/delewlew/ros2_tutorial_workspace_2/install/package_with_interfaces/share/package_with_interfaces/environment/library_path.dsv
[8.325s] -- Installing: /home/delewlew/ros2_tutorial_workspace_2/install/package_with_interfaces/lib/libpackage_with_interfaces__rosidl_generator_c.so
[8.325s] -- Set runtime path of "/home/delewlew/ros2_tutorial_workspace_2/install/package_with_interfaces/lib/libpackage_with_interfaces__rosidl_generator_c.so" to ""
[8.325s] -- Up-to-date: /home/delewlew/ros2_tutorial_workspace_2/install/package_with_interfaces/include/package_with_interfaces/package_with_interfaces
[8.325s] -- Up-to-date: /home/delewlew/ros2_tutorial_workspace_2/install/package_with_interfaces/include/package_with_interfaces/package_with_interfaces/msg
[8.326s] -- Up-to-date: /home/delewlew/ros2_tutorial_workspace_2/install/package_with_interfaces/include/package_with_interfaces/package_with_interfaces/msg/detail
[8.326s] -- Installing: /home/delewlew/ros2_tutorial_workspace_2/install/package_with_interfaces/include/package_with_interfaces/package_with_interfaces/msg/detail/amazing_quote__rosidl_typesupport_fastrtps_c.h
[8.326s] -- Installing: /home/delewlew/ros2_tutorial_workspace_2/install/package_with_interfaces/include/package_with_interfaces/package_with_interfaces/msg/rosidl_typesupport_fastrtps_c__visibility_control.h
[8.326s] -- Up-to-date: /home/delewlew/ros2_tutorial_workspace_2/install/package_with_interfaces/include/package_with_interfaces/package_with_interfaces/srv
[8.326s] -- Up-to-date: /home/delewlew/ros2_tutorial_workspace_2/install/package_with_interfaces/include/package_with_interfaces/package_with_interfaces/srv/detail
[8.326s] -- Installing: /home/delewlew/ros2_tutorial_workspace_2/install/package_with_interfaces/include/package_with_interfaces/package_with_interfaces/srv/detail/what_is_the_point__rosidl_typesupport_fastrtps_c.h
[8.326s] -- Installing: /home/delewlew/ros2_tutorial_workspace_2/install/package_with_interfaces/lib/libpackage_with_interfaces__rosidl_typesupport_fastrtps_c.so
[8.326s] -- Set runtime path of "/home/delewlew/ros2_tutorial_workspace_2/install/package_with_interfaces/lib/libpackage_with_interfaces__rosidl_typesupport_fastrtps_c.so" to ""
[8.326s] -- Up-to-date: /home/delewlew/ros2_tutorial_workspace_2/install/package_with_interfaces/include/package_with_interfaces/package_with_interfaces
[8.326s] -- Up-to-date: /home/delewlew/ros2_tutorial_workspace_2/install/package_with_interfaces/include/package_with_interfaces/package_with_interfaces/msg
[8.326s] -- Installing: /home/delewlew/ros2_tutorial_workspace_2/install/package_with_interfaces/include/package_with_interfaces/package_with_interfaces/msg/amazing_quote.hpp
[8.327s] -- Up-to-date: /home/delewlew/ros2_tutorial_workspace_2/install/package_with_interfaces/include/package_with_interfaces/package_with_interfaces/msg/detail
[8.327s] -- Installing: /home/delewlew/ros2_tutorial_workspace_2/install/package_with_interfaces/include/package_with_interfaces/package_with_interfaces/msg/detail/amazing_quote__builder.hpp
[8.327s] -- Installing: /home/delewlew/ros2_tutorial_workspace_2/install/package_with_interfaces/include/package_with_interfaces/package_with_interfaces/msg/detail/amazing_quote__struct.hpp
[8.327s] -- Installing: /home/delewlew/ros2_tutorial_workspace_2/install/package_with_interfaces/include/package_with_interfaces/package_with_interfaces/msg/detail/amazing_quote__traits.hpp
[8.327s] -- Up-to-date: /home/delewlew/ros2_tutorial_workspace_2/install/package_with_interfaces/include/package_with_interfaces/package_with_interfaces/srv
[8.327s] -- Up-to-date: /home/delewlew/ros2_tutorial_workspace_2/install/package_with_interfaces/include/package_with_interfaces/package_with_interfaces/srv/detail
[8.327s] -- Installing: /home/delewlew/ros2_tutorial_workspace_2/install/package_with_interfaces/include/package_with_interfaces/package_with_interfaces/srv/detail/what_is_the_point__builder.hpp
[8.327s] -- Installing: /home/delewlew/ros2_tutorial_workspace_2/install/package_with_interfaces/include/package_with_interfaces/package_with_interfaces/srv/detail/what_is_the_point__struct.hpp
[8.327s] -- Installing: /home/delewlew/ros2_tutorial_workspace_2/install/package_with_interfaces/include/package_with_interfaces/package_with_interfaces/srv/detail/what_is_the_point__traits.hpp
[8.327s] -- Installing: /home/delewlew/ros2_tutorial_workspace_2/install/package_with_interfaces/include/package_with_interfaces/package_with_interfaces/srv/what_is_the_point.hpp
[8.327s] -- Up-to-date: /home/delewlew/ros2_tutorial_workspace_2/install/package_with_interfaces/include/package_with_interfaces/package_with_interfaces
[8.327s] -- Up-to-date: /home/delewlew/ros2_tutorial_workspace_2/install/package_with_interfaces/include/package_with_interfaces/package_with_interfaces/msg
[8.328s] -- Installing: /home/delewlew/ros2_tutorial_workspace_2/install/package_with_interfaces/include/package_with_interfaces/package_with_interfaces/msg/rosidl_typesupport_fastrtps_cpp__visibility_control.h
[8.328s] -- Up-to-date: /home/delewlew/ros2_tutorial_workspace_2/install/package_with_interfaces/include/package_with_interfaces/package_with_interfaces/msg/detail
[8.328s] -- Installing: /home/delewlew/ros2_tutorial_workspace_2/install/package_with_interfaces/include/package_with_interfaces/package_with_interfaces/msg/detail/amazing_quote__rosidl_typesupport_fastrtps_cpp.hpp
[8.328s] -- Installing: /home/delewlew/ros2_tutorial_workspace_2/install/package_with_interfaces/include/package_with_interfaces/package_with_interfaces/msg/detail/dds_fastrtps
[8.328s] -- Up-to-date: /home/delewlew/ros2_tutorial_workspace_2/install/package_with_interfaces/include/package_with_interfaces/package_with_interfaces/srv
[8.328s] -- Up-to-date: /home/delewlew/ros2_tutorial_workspace_2/install/package_with_interfaces/include/package_with_interfaces/package_with_interfaces/srv/detail
[8.328s] -- Installing: /home/delewlew/ros2_tutorial_workspace_2/install/package_with_interfaces/include/package_with_interfaces/package_with_interfaces/srv/detail/what_is_the_point__rosidl_typesupport_fastrtps_cpp.hpp
[8.328s] -- Installing: /home/delewlew/ros2_tutorial_workspace_2/install/package_with_interfaces/include/package_with_interfaces/package_with_interfaces/srv/detail/dds_fastrtps
[8.328s] -- Installing: /home/delewlew/ros2_tutorial_workspace_2/install/package_with_interfaces/lib/libpackage_with_interfaces__rosidl_typesupport_fastrtps_cpp.so
[8.328s] -- Set runtime path of "/home/delewlew/ros2_tutorial_workspace_2/install/package_with_interfaces/lib/libpackage_with_interfaces__rosidl_typesupport_fastrtps_cpp.so" to ""
[8.329s] -- Up-to-date: /home/delewlew/ros2_tutorial_workspace_2/install/package_with_interfaces/include/package_with_interfaces/package_with_interfaces
[8.329s] -- Up-to-date: /home/delewlew/ros2_tutorial_workspace_2/install/package_with_interfaces/include/package_with_interfaces/package_with_interfaces/msg
[8.329s] -- Installing: /home/delewlew/ros2_tutorial_workspace_2/install/package_with_interfaces/include/package_with_interfaces/package_with_interfaces/msg/rosidl_typesupport_introspection_c__visibility_control.h
[8.329s] -- Up-to-date: /home/delewlew/ros2_tutorial_workspace_2/install/package_with_interfaces/include/package_with_interfaces/package_with_interfaces/msg/detail
[8.329s] -- Installing: /home/delewlew/ros2_tutorial_workspace_2/install/package_with_interfaces/include/package_with_interfaces/package_with_interfaces/msg/detail/amazing_quote__rosidl_typesupport_introspection_c.h
[8.329s] -- Installing: /home/delewlew/ros2_tutorial_workspace_2/install/package_with_interfaces/include/package_with_interfaces/package_with_interfaces/msg/detail/amazing_quote__type_support.c
[8.329s] -- Up-to-date: /home/delewlew/ros2_tutorial_workspace_2/install/package_with_interfaces/include/package_with_interfaces/package_with_interfaces/srv
[8.329s] -- Up-to-date: /home/delewlew/ros2_tutorial_workspace_2/install/package_with_interfaces/include/package_with_interfaces/package_with_interfaces/srv/detail
[8.329s] -- Installing: /home/delewlew/ros2_tutorial_workspace_2/install/package_with_interfaces/include/package_with_interfaces/package_with_interfaces/srv/detail/what_is_the_point__rosidl_typesupport_introspection_c.h
[8.329s] -- Installing: /home/delewlew/ros2_tutorial_workspace_2/install/package_with_interfaces/include/package_with_interfaces/package_with_interfaces/srv/detail/what_is_the_point__type_support.c
[8.329s] -- Installing: /home/delewlew/ros2_tutorial_workspace_2/install/package_with_interfaces/lib/libpackage_with_interfaces__rosidl_typesupport_introspection_c.so
[8.329s] -- Set runtime path of "/home/delewlew/ros2_tutorial_workspace_2/install/package_with_interfaces/lib/libpackage_with_interfaces__rosidl_typesupport_introspection_c.so" to ""
[8.330s] -- Installing: /home/delewlew/ros2_tutorial_workspace_2/install/package_with_interfaces/lib/libpackage_with_interfaces__rosidl_typesupport_c.so
[8.330s] -- Set runtime path of "/home/delewlew/ros2_tutorial_workspace_2/install/package_with_interfaces/lib/libpackage_with_interfaces__rosidl_typesupport_c.so" to ""
[8.330s] -- Up-to-date: /home/delewlew/ros2_tutorial_workspace_2/install/package_with_interfaces/include/package_with_interfaces/package_with_interfaces
[8.330s] -- Up-to-date: /home/delewlew/ros2_tutorial_workspace_2/install/package_with_interfaces/include/package_with_interfaces/package_with_interfaces/msg
[8.330s] -- Up-to-date: /home/delewlew/ros2_tutorial_workspace_2/install/package_with_interfaces/include/package_with_interfaces/package_with_interfaces/msg/detail
[8.330s] -- Installing: /home/delewlew/ros2_tutorial_workspace_2/install/package_with_interfaces/include/package_with_interfaces/package_with_interfaces/msg/detail/amazing_quote__rosidl_typesupport_introspection_cpp.hpp
[8.330s] -- Installing: /home/delewlew/ros2_tutorial_workspace_2/install/package_with_interfaces/include/package_with_interfaces/package_with_interfaces/msg/detail/amazing_quote__type_support.cpp
[8.330s] -- Up-to-date: /home/delewlew/ros2_tutorial_workspace_2/install/package_with_interfaces/include/package_with_interfaces/package_with_interfaces/srv
[8.331s] -- Up-to-date: /home/delewlew/ros2_tutorial_workspace_2/install/package_with_interfaces/include/package_with_interfaces/package_with_interfaces/srv/detail
[8.331s] -- Installing: /home/delewlew/ros2_tutorial_workspace_2/install/package_with_interfaces/include/package_with_interfaces/package_with_interfaces/srv/detail/what_is_the_point__type_support.cpp
[8.331s] -- Installing: /home/delewlew/ros2_tutorial_workspace_2/install/package_with_interfaces/include/package_with_interfaces/package_with_interfaces/srv/detail/what_is_the_point__rosidl_typesupport_introspection_cpp.hpp
[8.331s] -- Installing: /home/delewlew/ros2_tutorial_workspace_2/install/package_with_interfaces/lib/libpackage_with_interfaces__rosidl_typesupport_introspection_cpp.so
[8.331s] -- Set runtime path of "/home/delewlew/ros2_tutorial_workspace_2/install/package_with_interfaces/lib/libpackage_with_interfaces__rosidl_typesupport_introspection_cpp.so" to ""
[8.331s] -- Installing: /home/delewlew/ros2_tutorial_workspace_2/install/package_with_interfaces/lib/libpackage_with_interfaces__rosidl_typesupport_cpp.so
[8.331s] -- Set runtime path of "/home/delewlew/ros2_tutorial_workspace_2/install/package_with_interfaces/lib/libpackage_with_interfaces__rosidl_typesupport_cpp.so" to ""
[8.331s] -- Installing: /home/delewlew/ros2_tutorial_workspace_2/install/package_with_interfaces/share/package_with_interfaces/environment/pythonpath.sh
[8.331s] -- Installing: /home/delewlew/ros2_tutorial_workspace_2/install/package_with_interfaces/share/package_with_interfaces/environment/pythonpath.dsv
[8.332s] -- Installing: /home/delewlew/ros2_tutorial_workspace_2/install/package_with_interfaces/local/lib/python3.10/dist-packages/package_with_interfaces-0.0.0-py3.10.egg-info
[8.332s] -- Installing: /home/delewlew/ros2_tutorial_workspace_2/install/package_with_interfaces/local/lib/python3.10/dist-packages/package_with_interfaces-0.0.0-py3.10.egg-info/PKG-INFO
[8.332s] -- Installing: /home/delewlew/ros2_tutorial_workspace_2/install/package_with_interfaces/local/lib/python3.10/dist-packages/package_with_interfaces-0.0.0-py3.10.egg-info/dependency_links.txt
[8.332s] -- Installing: /home/delewlew/ros2_tutorial_workspace_2/install/package_with_interfaces/local/lib/python3.10/dist-packages/package_with_interfaces-0.0.0-py3.10.egg-info/SOURCES.txt
[8.332s] -- Installing: /home/delewlew/ros2_tutorial_workspace_2/install/package_with_interfaces/local/lib/python3.10/dist-packages/package_with_interfaces-0.0.0-py3.10.egg-info/top_level.txt
[8.332s] -- Installing: /home/delewlew/ros2_tutorial_workspace_2/install/package_with_interfaces/local/lib/python3.10/dist-packages/package_with_interfaces
[8.332s] -- Installing: /home/delewlew/ros2_tutorial_workspace_2/install/package_with_interfaces/local/lib/python3.10/dist-packages/package_with_interfaces/_package_with_interfaces_s.ep.rosidl_typesupport_fastrtps_c.c
[8.332s] -- Installing: /home/delewlew/ros2_tutorial_workspace_2/install/package_with_interfaces/local/lib/python3.10/dist-packages/package_with_interfaces/libpackage_with_interfaces__rosidl_generator_py.so
[8.332s] -- Installing: /home/delewlew/ros2_tutorial_workspace_2/install/package_with_interfaces/local/lib/python3.10/dist-packages/package_with_interfaces/_package_with_interfaces_s.ep.rosidl_typesupport_introspection_c.c
[8.332s] -- Installing: /home/delewlew/ros2_tutorial_workspace_2/install/package_with_interfaces/local/lib/python3.10/dist-packages/package_with_interfaces/package_with_interfaces_s__rosidl_typesupport_introspection_c.cpython-310-x86_64-linux-gnu.so
[8.332s] -- Installing: /home/delewlew/ros2_tutorial_workspace_2/install/package_with_interfaces/local/lib/python3.10/dist-packages/package_with_interfaces/msg
[8.333s] -- Installing: /home/delewlew/ros2_tutorial_workspace_2/install/package_with_interfaces/local/lib/python3.10/dist-packages/package_with_interfaces/msg/_amazing_quote_s.c
[8.333s] -- Installing: /home/delewlew/ros2_tutorial_workspace_2/install/package_with_interfaces/local/lib/python3.10/dist-packages/package_with_interfaces/msg/_amazing_quote.py
[8.333s] -- Installing: /home/delewlew/ros2_tutorial_workspace_2/install/package_with_interfaces/local/lib/python3.10/dist-packages/package_with_interfaces/msg/__init__.py
[8.333s] -- Installing: /home/delewlew/ros2_tutorial_workspace_2/install/package_with_interfaces/local/lib/python3.10/dist-packages/package_with_interfaces/_package_with_interfaces_s.ep.rosidl_typesupport_c.c
[8.333s] -- Installing: /home/delewlew/ros2_tutorial_workspace_2/install/package_with_interfaces/local/lib/python3.10/dist-packages/package_with_interfaces/package_with_interfaces_s__rosidl_typesupport_c.cpython-310-x86_64-linux-gnu.so
[8.333s] -- Installing: /home/delewlew/ros2_tutorial_workspace_2/install/package_with_interfaces/local/lib/python3.10/dist-packages/package_with_interfaces/srv
[8.333s] -- Installing: /home/delewlew/ros2_tutorial_workspace_2/install/package_with_interfaces/local/lib/python3.10/dist-packages/package_with_interfaces/srv/_what_is_the_point.py
[8.333s] -- Installing: /home/delewlew/ros2_tutorial_workspace_2/install/package_with_interfaces/local/lib/python3.10/dist-packages/package_with_interfaces/srv/_what_is_the_point_s.c
[8.333s] -- Installing: /home/delewlew/ros2_tutorial_workspace_2/install/package_with_interfaces/local/lib/python3.10/dist-packages/package_with_interfaces/srv/__init__.py
[8.333s] -- Installing: /home/delewlew/ros2_tutorial_workspace_2/install/package_with_interfaces/local/lib/python3.10/dist-packages/package_with_interfaces/package_with_interfaces_s__rosidl_typesupport_fastrtps_c.cpython-310-x86_64-linux-gnu.so
[8.333s] -- Installing: /home/delewlew/ros2_tutorial_workspace_2/install/package_with_interfaces/local/lib/python3.10/dist-packages/package_with_interfaces/__init__.py
[8.373s] Listing '/home/delewlew/ros2_tutorial_workspace_2/install/package_with_interfaces/local/lib/python3.10/dist-packages/package_with_interfaces'...
[8.374s] Compiling '/home/delewlew/ros2_tutorial_workspace_2/install/package_with_interfaces/local/lib/python3.10/dist-packages/package_with_interfaces/__init__.py'...
[8.374s] Listing '/home/delewlew/ros2_tutorial_workspace_2/install/package_with_interfaces/local/lib/python3.10/dist-packages/package_with_interfaces/msg'...
[8.374s] Compiling '/home/delewlew/ros2_tutorial_workspace_2/install/package_with_interfaces/local/lib/python3.10/dist-packages/package_with_interfaces/msg/__init__.py'...
[8.374s] Compiling '/home/delewlew/ros2_tutorial_workspace_2/install/package_with_interfaces/local/lib/python3.10/dist-packages/package_with_interfaces/msg/_amazing_quote.py'...
[8.374s] Listing '/home/delewlew/ros2_tutorial_workspace_2/install/package_with_interfaces/local/lib/python3.10/dist-packages/package_with_interfaces/srv'...
[8.374s] Compiling '/home/delewlew/ros2_tutorial_workspace_2/install/package_with_interfaces/local/lib/python3.10/dist-packages/package_with_interfaces/srv/__init__.py'...
[8.374s] Compiling '/home/delewlew/ros2_tutorial_workspace_2/install/package_with_interfaces/local/lib/python3.10/dist-packages/package_with_interfaces/srv/_what_is_the_point.py'...
[8.378s] -- Installing: /home/delewlew/ros2_tutorial_workspace_2/install/package_with_interfaces/local/lib/python3.10/dist-packages/package_with_interfaces/package_with_interfaces_s__rosidl_typesupport_fastrtps_c.cpython-310-x86_64-linux-gnu.so
[8.378s] -- Set runtime path of "/home/delewlew/ros2_tutorial_workspace_2/install/package_with_interfaces/local/lib/python3.10/dist-packages/package_with_interfaces/package_with_interfaces_s__rosidl_typesupport_fastrtps_c.cpython-310-x86_64-linux-gnu.so" to ""
[8.378s] -- Installing: /home/delewlew/ros2_tutorial_workspace_2/install/package_with_interfaces/local/lib/python3.10/dist-packages/package_with_interfaces/package_with_interfaces_s__rosidl_typesupport_introspection_c.cpython-310-x86_64-linux-gnu.so
[8.378s] -- Set runtime path of "/home/delewlew/ros2_tutorial_workspace_2/install/package_with_interfaces/local/lib/python3.10/dist-packages/package_with_interfaces/package_with_interfaces_s__rosidl_typesupport_introspection_c.cpython-310-x86_64-linux-gnu.so" to ""
[8.378s] -- Installing: /home/delewlew/ros2_tutorial_workspace_2/install/package_with_interfaces/local/lib/python3.10/dist-packages/package_with_interfaces/package_with_interfaces_s__rosidl_typesupport_c.cpython-310-x86_64-linux-gnu.so
[8.379s] -- Set runtime path of "/home/delewlew/ros2_tutorial_workspace_2/install/package_with_interfaces/local/lib/python3.10/dist-packages/package_with_interfaces/package_with_interfaces_s__rosidl_typesupport_c.cpython-310-x86_64-linux-gnu.so" to ""
[8.379s] -- Installing: /home/delewlew/ros2_tutorial_workspace_2/install/package_with_interfaces/lib/libpackage_with_interfaces__rosidl_generator_py.so
[8.380s] -- Set runtime path of "/home/delewlew/ros2_tutorial_workspace_2/install/package_with_interfaces/lib/libpackage_with_interfaces__rosidl_generator_py.so" to ""
[8.380s] -- Installing: /home/delewlew/ros2_tutorial_workspace_2/install/package_with_interfaces/share/package_with_interfaces/msg/AmazingQuote.idl
[8.380s] -- Installing: /home/delewlew/ros2_tutorial_workspace_2/install/package_with_interfaces/share/package_with_interfaces/srv/WhatIsThePoint.idl
[8.380s] -- Installing: /home/delewlew/ros2_tutorial_workspace_2/install/package_with_interfaces/share/package_with_interfaces/msg/AmazingQuote.msg
[8.380s] -- Installing: /home/delewlew/ros2_tutorial_workspace_2/install/package_with_interfaces/share/package_with_interfaces/srv/WhatIsThePoint.srv
[8.380s] -- Installing: /home/delewlew/ros2_tutorial_workspace_2/install/package_with_interfaces/share/package_with_interfaces/srv/WhatIsThePoint_Request.msg
[8.380s] -- Installing: /home/delewlew/ros2_tutorial_workspace_2/install/package_with_interfaces/share/package_with_interfaces/srv/WhatIsThePoint_Response.msg
[8.380s] -- Installing: /home/delewlew/ros2_tutorial_workspace_2/install/package_with_interfaces/share/ament_index/resource_index/package_run_dependencies/package_with_interfaces
[8.381s] -- Installing: /home/delewlew/ros2_tutorial_workspace_2/install/package_with_interfaces/share/ament_index/resource_index/parent_prefix_path/package_with_interfaces
[8.381s] -- Installing: /home/delewlew/ros2_tutorial_workspace_2/install/package_with_interfaces/share/package_with_interfaces/environment/ament_prefix_path.sh
[8.381s] -- Installing: /home/delewlew/ros2_tutorial_workspace_2/install/package_with_interfaces/share/package_with_interfaces/environment/ament_prefix_path.dsv
[8.381s] -- Installing: /home/delewlew/ros2_tutorial_workspace_2/install/package_with_interfaces/share/package_with_interfaces/environment/path.sh
[8.381s] -- Installing: /home/delewlew/ros2_tutorial_workspace_2/install/package_with_interfaces/share/package_with_interfaces/environment/path.dsv
[8.381s] -- Installing: /home/delewlew/ros2_tutorial_workspace_2/install/package_with_interfaces/share/package_with_interfaces/local_setup.bash
[8.381s] -- Installing: /home/delewlew/ros2_tutorial_workspace_2/install/package_with_interfaces/share/package_with_interfaces/local_setup.sh
[8.381s] -- Installing: /home/delewlew/ros2_tutorial_workspace_2/install/package_with_interfaces/share/package_with_interfaces/local_setup.zsh
[8.381s] -- Installing: /home/delewlew/ros2_tutorial_workspace_2/install/package_with_interfaces/share/package_with_interfaces/local_setup.dsv
[8.382s] -- Installing: /home/delewlew/ros2_tutorial_workspace_2/install/package_with_interfaces/share/package_with_interfaces/package.dsv
[8.382s] -- Installing: /home/delewlew/ros2_tutorial_workspace_2/install/package_with_interfaces/share/ament_index/resource_index/packages/package_with_interfaces
[8.382s] -- Installing: /home/delewlew/ros2_tutorial_workspace_2/install/package_with_interfaces/share/package_with_interfaces/cmake/export_package_with_interfaces__rosidl_generator_cExport.cmake
[8.382s] -- Installing: /home/delewlew/ros2_tutorial_workspace_2/install/package_with_interfaces/share/package_with_interfaces/cmake/export_package_with_interfaces__rosidl_generator_cExport-noconfig.cmake
[8.382s] -- Installing: /home/delewlew/ros2_tutorial_workspace_2/install/package_with_interfaces/share/package_with_interfaces/cmake/export_package_with_interfaces__rosidl_typesupport_fastrtps_cExport.cmake
[8.382s] -- Installing: /home/delewlew/ros2_tutorial_workspace_2/install/package_with_interfaces/share/package_with_interfaces/cmake/export_package_with_interfaces__rosidl_typesupport_fastrtps_cExport-noconfig.cmake
[8.382s] -- Installing: /home/delewlew/ros2_tutorial_workspace_2/install/package_with_interfaces/share/package_with_interfaces/cmake/export_package_with_interfaces__rosidl_generator_cppExport.cmake
[8.382s] -- Installing: /home/delewlew/ros2_tutorial_workspace_2/install/package_with_interfaces/share/package_with_interfaces/cmake/export_package_with_interfaces__rosidl_typesupport_fastrtps_cppExport.cmake
[8.382s] -- Installing: /home/delewlew/ros2_tutorial_workspace_2/install/package_with_interfaces/share/package_with_interfaces/cmake/export_package_with_interfaces__rosidl_typesupport_fastrtps_cppExport-noconfig.cmake
[8.383s] -- Installing: /home/delewlew/ros2_tutorial_workspace_2/install/package_with_interfaces/share/package_with_interfaces/cmake/package_with_interfaces__rosidl_typesupport_introspection_cExport.cmake
[8.383s] -- Installing: /home/delewlew/ros2_tutorial_workspace_2/install/package_with_interfaces/share/package_with_interfaces/cmake/package_with_interfaces__rosidl_typesupport_introspection_cExport-noconfig.cmake
[8.383s] -- Installing: /home/delewlew/ros2_tutorial_workspace_2/install/package_with_interfaces/share/package_with_interfaces/cmake/package_with_interfaces__rosidl_typesupport_cExport.cmake
[8.383s] -- Installing: /home/delewlew/ros2_tutorial_workspace_2/install/package_with_interfaces/share/package_with_interfaces/cmake/package_with_interfaces__rosidl_typesupport_cExport-noconfig.cmake
[8.383s] -- Installing: /home/delewlew/ros2_tutorial_workspace_2/install/package_with_interfaces/share/package_with_interfaces/cmake/package_with_interfaces__rosidl_typesupport_introspection_cppExport.cmake
[8.383s] -- Installing: /home/delewlew/ros2_tutorial_workspace_2/install/package_with_interfaces/share/package_with_interfaces/cmake/package_with_interfaces__rosidl_typesupport_introspection_cppExport-noconfig.cmake
[8.383s] -- Installing: /home/delewlew/ros2_tutorial_workspace_2/install/package_with_interfaces/share/package_with_interfaces/cmake/package_with_interfaces__rosidl_typesupport_cppExport.cmake
[8.383s] -- Installing: /home/delewlew/ros2_tutorial_workspace_2/install/package_with_interfaces/share/package_with_interfaces/cmake/package_with_interfaces__rosidl_typesupport_cppExport-noconfig.cmake
[8.383s] -- Installing: /home/delewlew/ros2_tutorial_workspace_2/install/package_with_interfaces/share/package_with_interfaces/cmake/export_package_with_interfaces__rosidl_generator_pyExport.cmake
[8.383s] -- Installing: /home/delewlew/ros2_tutorial_workspace_2/install/package_with_interfaces/share/package_with_interfaces/cmake/export_package_with_interfaces__rosidl_generator_pyExport-noconfig.cmake
[8.384s] -- Installing: /home/delewlew/ros2_tutorial_workspace_2/install/package_with_interfaces/share/package_with_interfaces/cmake/rosidl_cmake-extras.cmake
[8.384s] -- Installing: /home/delewlew/ros2_tutorial_workspace_2/install/package_with_interfaces/share/package_with_interfaces/cmake/ament_cmake_export_dependencies-extras.cmake
[8.384s] -- Installing: /home/delewlew/ros2_tutorial_workspace_2/install/package_with_interfaces/share/package_with_interfaces/cmake/ament_cmake_export_include_directories-extras.cmake
[8.384s] -- Installing: /home/delewlew/ros2_tutorial_workspace_2/install/package_with_interfaces/share/package_with_interfaces/cmake/ament_cmake_export_libraries-extras.cmake
[8.384s] -- Installing: /home/delewlew/ros2_tutorial_workspace_2/install/package_with_interfaces/share/package_with_interfaces/cmake/ament_cmake_export_targets-extras.cmake
[8.384s] -- Installing: /home/delewlew/ros2_tutorial_workspace_2/install/package_with_interfaces/share/package_with_interfaces/cmake/rosidl_cmake_export_typesupport_targets-extras.cmake
[8.384s] -- Installing: /home/delewlew/ros2_tutorial_workspace_2/install/package_with_interfaces/share/package_with_interfaces/cmake/rosidl_cmake_export_typesupport_libraries-extras.cmake
[8.384s] -- Installing: /home/delewlew/ros2_tutorial_workspace_2/install/package_with_interfaces/share/package_with_interfaces/cmake/package_with_interfacesConfig.cmake
[8.384s] -- Installing: /home/delewlew/ros2_tutorial_workspace_2/install/package_with_interfaces/share/package_with_interfaces/cmake/package_with_interfacesConfig-version.cmake
[8.384s] -- Installing: /home/delewlew/ros2_tutorial_workspace_2/install/package_with_interfaces/share/package_with_interfaces/package.xml
[8.387s] Invoked command in '/home/delewlew/ros2_tutorial_workspace_2/build/package_with_interfaces' returned '0': CMAKE_PREFIX_PATH=/opt/ros/humble /usr/bin/cmake --install /home/delewlew/ros2_tutorial_workspace_2/build/package_with_interfaces
