[2.592s] Invoking command in '/home/delewlew/software_for_robotics_part2/src/example_gz_robot': PYTHONPATH=/home/delewlew/software_for_robotics_part2/build/example_gz_robot/prefix_override:/usr/lib/python3/dist-packages/colcon_core/task/python/colcon_distutils_commands:/home/delewlew/software_for_robotics_part2/install/example_gz_robot/lib/python3.10/site-packages:${PYTHONPATH} /usr/bin/python3 -W ignore:setup.py install is deprecated setup.py egg_info --egg-base ../../build/example_gz_robot build --build-base /home/delewlew/software_for_robotics_part2/build/example_gz_robot/build install --record /home/delewlew/software_for_robotics_part2/build/example_gz_robot/install.log --single-version-externally-managed install_data
[3.016s] running egg_info
[3.019s] writing ../../build/example_gz_robot/example_gz_robot.egg-info/PKG-INFO
[3.019s] writing dependency_links to ../../build/example_gz_robot/example_gz_robot.egg-info/dependency_links.txt
[3.019s] writing entry points to ../../build/example_gz_robot/example_gz_robot.egg-info/entry_points.txt
[3.020s] writing requirements to ../../build/example_gz_robot/example_gz_robot.egg-info/requires.txt
[3.020s] writing top-level names to ../../build/example_gz_robot/example_gz_robot.egg-info/top_level.txt
[3.022s] reading manifest file '../../build/example_gz_robot/example_gz_robot.egg-info/SOURCES.txt'
[3.024s] writing manifest file '../../build/example_gz_robot/example_gz_robot.egg-info/SOURCES.txt'
[3.024s] running build
[3.024s] running build_py
[3.025s] running install
[3.026s] running install_lib
[3.027s] running install_data
[3.028s] running install_egg_info
[3.031s] removing '/home/delewlew/software_for_robotics_part2/install/example_gz_robot/lib/python3.10/site-packages/example_gz_robot-0.0.0-py3.10.egg-info' (and everything under it)
[3.032s] Copying ../../build/example_gz_robot/example_gz_robot.egg-info to /home/delewlew/software_for_robotics_part2/install/example_gz_robot/lib/python3.10/site-packages/example_gz_robot-0.0.0-py3.10.egg-info
[3.033s] running install_scripts
[3.065s] writing list of installed files to '/home/delewlew/software_for_robotics_part2/build/example_gz_robot/install.log'
[3.103s] Invoked command in '/home/delewlew/software_for_robotics_part2/src/example_gz_robot' returned '0': PYTHONPATH=/home/delewlew/software_for_robotics_part2/build/example_gz_robot/prefix_override:/usr/lib/python3/dist-packages/colcon_core/task/python/colcon_distutils_commands:/home/delewlew/software_for_robotics_part2/install/example_gz_robot/lib/python3.10/site-packages:${PYTHONPATH} /usr/bin/python3 -W ignore:setup.py install is deprecated setup.py egg_info --egg-base ../../build/example_gz_robot build --build-base /home/delewlew/software_for_robotics_part2/build/example_gz_robot/build install --record /home/delewlew/software_for_robotics_part2/build/example_gz_robot/install.log --single-version-externally-managed install_data
