[2.438s] Invoking command in '/home/delewlew/software_for_robotics_part2/src/example_urdf_description': PYTHONPATH=/home/delewlew/software_for_robotics_part2/build/example_urdf_description/prefix_override:/usr/lib/python3/dist-packages/colcon_core/task/python/colcon_distutils_commands:/home/delewlew/software_for_robotics_part2/install/example_urdf_description/lib/python3.10/site-packages:${PYTHONPATH} /usr/bin/python3 -W ignore:setup.py install is deprecated setup.py egg_info --egg-base ../../build/example_urdf_description build --build-base /home/delewlew/software_for_robotics_part2/build/example_urdf_description/build install --record /home/delewlew/software_for_robotics_part2/build/example_urdf_description/install.log --single-version-externally-managed install_data
[3.008s] running egg_info
[3.009s] writing ../../build/example_urdf_description/example_urdf_description.egg-info/PKG-INFO
[3.010s] writing dependency_links to ../../build/example_urdf_description/example_urdf_description.egg-info/dependency_links.txt
[3.010s] writing entry points to ../../build/example_urdf_description/example_urdf_description.egg-info/entry_points.txt
[3.010s] writing requirements to ../../build/example_urdf_description/example_urdf_description.egg-info/requires.txt
[3.011s] writing top-level names to ../../build/example_urdf_description/example_urdf_description.egg-info/top_level.txt
[3.013s] reading manifest file '../../build/example_urdf_description/example_urdf_description.egg-info/SOURCES.txt'
[3.013s] adding license file 'LICENSE'
[3.014s] writing manifest file '../../build/example_urdf_description/example_urdf_description.egg-info/SOURCES.txt'
[3.014s] running build
[3.015s] running build_py
[3.016s] running install
[3.017s] running install_lib
[3.019s] running install_data
[3.019s] running install_egg_info
[3.022s] removing '/home/delewlew/software_for_robotics_part2/install/example_urdf_description/lib/python3.10/site-packages/example_urdf_description-0.0.0-py3.10.egg-info' (and everything under it)
[3.023s] Copying ../../build/example_urdf_description/example_urdf_description.egg-info to /home/delewlew/software_for_robotics_part2/install/example_urdf_description/lib/python3.10/site-packages/example_urdf_description-0.0.0-py3.10.egg-info
[3.023s] running install_scripts
[3.062s] writing list of installed files to '/home/delewlew/software_for_robotics_part2/build/example_urdf_description/install.log'
[3.105s] Invoked command in '/home/delewlew/software_for_robotics_part2/src/example_urdf_description' returned '0': PYTHONPATH=/home/delewlew/software_for_robotics_part2/build/example_urdf_description/prefix_override:/usr/lib/python3/dist-packages/colcon_core/task/python/colcon_distutils_commands:/home/delewlew/software_for_robotics_part2/install/example_urdf_description/lib/python3.10/site-packages:${PYTHONPATH} /usr/bin/python3 -W ignore:setup.py install is deprecated setup.py egg_info --egg-base ../../build/example_urdf_description build --build-base /home/delewlew/software_for_robotics_part2/build/example_urdf_description/build install --record /home/delewlew/software_for_robotics_part2/build/example_urdf_description/install.log --single-version-externally-managed install_data
