[0.814s] Invoking command in '/home/delewlew/assessments/week4/src/residence_hall': PYTHONPATH=/home/delewlew/assessments/week4/src/build/residence_hall/prefix_override:/usr/lib/python3/dist-packages/colcon_core/task/python/colcon_distutils_commands:/home/delewlew/assessments/week4/src/install/residence_hall/lib/python3.10/site-packages:${PYTHONPATH} /usr/bin/python3 -W ignore:setup.py install is deprecated setup.py egg_info --egg-base ../build/residence_hall build --build-base /home/delewlew/assessments/week4/src/build/residence_hall/build install --record /home/delewlew/assessments/week4/src/build/residence_hall/install.log --single-version-externally-managed install_data
[1.056s] running egg_info
[1.056s] creating ../build/residence_hall/residence_hall.egg-info
[1.056s] writing ../build/residence_hall/residence_hall.egg-info/PKG-INFO
[1.057s] writing dependency_links to ../build/residence_hall/residence_hall.egg-info/dependency_links.txt
[1.057s] writing entry points to ../build/residence_hall/residence_hall.egg-info/entry_points.txt
[1.057s] writing requirements to ../build/residence_hall/residence_hall.egg-info/requires.txt
[1.057s] writing top-level names to ../build/residence_hall/residence_hall.egg-info/top_level.txt
[1.057s] writing manifest file '../build/residence_hall/residence_hall.egg-info/SOURCES.txt'
[1.059s] reading manifest file '../build/residence_hall/residence_hall.egg-info/SOURCES.txt'
[1.059s] writing manifest file '../build/residence_hall/residence_hall.egg-info/SOURCES.txt'
[1.060s] running build
[1.060s] running build_py
[1.060s] creating /home/delewlew/assessments/week4/src/build/residence_hall/build
[1.061s] creating /home/delewlew/assessments/week4/src/build/residence_hall/build/lib
[1.061s] creating /home/delewlew/assessments/week4/src/build/residence_hall/build/lib/residence_hall
[1.061s] copying residence_hall/auditorium.py -> /home/delewlew/assessments/week4/src/build/residence_hall/build/lib/residence_hall
[1.061s] copying residence_hall/__init__.py -> /home/delewlew/assessments/week4/src/build/residence_hall/build/lib/residence_hall
[1.061s] running install
[1.061s] running install_lib
[1.062s] creating /home/delewlew/assessments/week4/src/install/residence_hall/lib/python3.10/site-packages/residence_hall
[1.063s] copying /home/delewlew/assessments/week4/src/build/residence_hall/build/lib/residence_hall/auditorium.py -> /home/delewlew/assessments/week4/src/install/residence_hall/lib/python3.10/site-packages/residence_hall
[1.063s] copying /home/delewlew/assessments/week4/src/build/residence_hall/build/lib/residence_hall/__init__.py -> /home/delewlew/assessments/week4/src/install/residence_hall/lib/python3.10/site-packages/residence_hall
[1.063s] byte-compiling /home/delewlew/assessments/week4/src/install/residence_hall/lib/python3.10/site-packages/residence_hall/auditorium.py to auditorium.cpython-310.pyc
[1.063s] byte-compiling /home/delewlew/assessments/week4/src/install/residence_hall/lib/python3.10/site-packages/residence_hall/__init__.py to __init__.cpython-310.pyc
[1.064s] running install_data
[1.064s] creating /home/delewlew/assessments/week4/src/install/residence_hall/share/ament_index
[1.064s] creating /home/delewlew/assessments/week4/src/install/residence_hall/share/ament_index/resource_index
[1.064s] creating /home/delewlew/assessments/week4/src/install/residence_hall/share/ament_index/resource_index/packages
[1.064s] copying resource/residence_hall -> /home/delewlew/assessments/week4/src/install/residence_hall/share/ament_index/resource_index/packages
[1.064s] copying package.xml -> /home/delewlew/assessments/week4/src/install/residence_hall/share/residence_hall
[1.064s] running install_egg_info
[1.067s] Copying ../build/residence_hall/residence_hall.egg-info to /home/delewlew/assessments/week4/src/install/residence_hall/lib/python3.10/site-packages/residence_hall-0.0.0-py3.10.egg-info
[1.067s] running install_scripts
[1.089s] Installing auditorium script to /home/delewlew/assessments/week4/src/install/residence_hall/lib/residence_hall
[1.089s] writing list of installed files to '/home/delewlew/assessments/week4/src/build/residence_hall/install.log'
[1.115s] Invoked command in '/home/delewlew/assessments/week4/src/residence_hall' returned '0': PYTHONPATH=/home/delewlew/assessments/week4/src/build/residence_hall/prefix_override:/usr/lib/python3/dist-packages/colcon_core/task/python/colcon_distutils_commands:/home/delewlew/assessments/week4/src/install/residence_hall/lib/python3.10/site-packages:${PYTHONPATH} /usr/bin/python3 -W ignore:setup.py install is deprecated setup.py egg_info --egg-base ../build/residence_hall build --build-base /home/delewlew/assessments/week4/src/build/residence_hall/build install --record /home/delewlew/assessments/week4/src/build/residence_hall/install.log --single-version-externally-managed install_data
