[4.792s] Invoking command in '/home/delewlew/software_for_robotics_part2/src/example_urdf_description': PYTHONPATH=/home/delewlew/software_for_robotics_part2/build/example_urdf_description/prefix_override:/usr/lib/python3/dist-packages/colcon_core/task/python/colcon_distutils_commands:/home/delewlew/software_for_robotics_part2/install/example_urdf_description/lib/python3.10/site-packages:${PYTHONPATH} /usr/bin/python3 -W ignore:setup.py install is deprecated setup.py egg_info --egg-base ../../build/example_urdf_description build --build-base /home/delewlew/software_for_robotics_part2/build/example_urdf_description/build install --record /home/delewlew/software_for_robotics_part2/build/example_urdf_description/install.log --single-version-externally-managed install_data
[5.503s] running egg_info
[5.504s] writing ../../build/example_urdf_description/example_urdf_description.egg-info/PKG-INFO
[5.505s] writing dependency_links to ../../build/example_urdf_description/example_urdf_description.egg-info/dependency_links.txt
[5.505s] writing entry points to ../../build/example_urdf_description/example_urdf_description.egg-info/entry_points.txt
[5.506s] writing requirements to ../../build/example_urdf_description/example_urdf_description.egg-info/requires.txt
[5.506s] writing top-level names to ../../build/example_urdf_description/example_urdf_description.egg-info/top_level.txt
[5.512s] reading manifest file '../../build/example_urdf_description/example_urdf_description.egg-info/SOURCES.txt'
[5.514s] adding license file 'LICENSE'
[5.517s] writing manifest file '../../build/example_urdf_description/example_urdf_description.egg-info/SOURCES.txt'
[5.519s] running build
[5.519s] running build_py
[5.520s] running install
[5.520s] running install_lib
[5.521s] running install_data
[5.524s] running install_egg_info
[5.527s] removing '/home/delewlew/software_for_robotics_part2/install/example_urdf_description/lib/python3.10/site-packages/example_urdf_description-0.0.0-py3.10.egg-info' (and everything under it)
[5.530s] Copying ../../build/example_urdf_description/example_urdf_description.egg-info to /home/delewlew/software_for_robotics_part2/install/example_urdf_description/lib/python3.10/site-packages/example_urdf_description-0.0.0-py3.10.egg-info
[5.534s] running install_scripts
[5.574s] writing list of installed files to '/home/delewlew/software_for_robotics_part2/build/example_urdf_description/install.log'
[5.620s] Invoked command in '/home/delewlew/software_for_robotics_part2/src/example_urdf_description' returned '0': PYTHONPATH=/home/delewlew/software_for_robotics_part2/build/example_urdf_description/prefix_override:/usr/lib/python3/dist-packages/colcon_core/task/python/colcon_distutils_commands:/home/delewlew/software_for_robotics_part2/install/example_urdf_description/lib/python3.10/site-packages:${PYTHONPATH} /usr/bin/python3 -W ignore:setup.py install is deprecated setup.py egg_info --egg-base ../../build/example_urdf_description build --build-base /home/delewlew/software_for_robotics_part2/build/example_urdf_description/build install --record /home/delewlew/software_for_robotics_part2/build/example_urdf_description/install.log --single-version-externally-managed install_data
