[0.797s] Invoking command in '/home/delewlew/ros2_tutorial_workspace_2/src/the_simplest_python_package': PYTHONPATH=/home/delewlew/ros2_tutorial_workspace_2/build/the_simplest_python_package/prefix_override:/usr/lib/python3/dist-packages/colcon_core/task/python/colcon_distutils_commands:/home/delewlew/ros2_tutorial_workspace_2/install/the_simplest_python_package/lib/python3.10/site-packages:${PYTHONPATH} /usr/bin/python3 -W ignore:setup.py install is deprecated setup.py egg_info --egg-base ../../build/the_simplest_python_package build --build-base /home/delewlew/ros2_tutorial_workspace_2/build/the_simplest_python_package/build install --record /home/delewlew/ros2_tutorial_workspace_2/build/the_simplest_python_package/install.log --single-version-externally-managed install_data
[1.020s] running egg_info
[1.021s] writing ../../build/the_simplest_python_package/the_simplest_python_package.egg-info/PKG-INFO
[1.022s] writing dependency_links to ../../build/the_simplest_python_package/the_simplest_python_package.egg-info/dependency_links.txt
[1.022s] writing entry points to ../../build/the_simplest_python_package/the_simplest_python_package.egg-info/entry_points.txt
[1.022s] writing requirements to ../../build/the_simplest_python_package/the_simplest_python_package.egg-info/requires.txt
[1.023s] writing top-level names to ../../build/the_simplest_python_package/the_simplest_python_package.egg-info/top_level.txt
[1.025s] reading manifest file '../../build/the_simplest_python_package/the_simplest_python_package.egg-info/SOURCES.txt'
[1.026s] writing manifest file '../../build/the_simplest_python_package/the_simplest_python_package.egg-info/SOURCES.txt'
[1.027s] running build
[1.027s] running build_py
[1.027s] running install
[1.027s] running install_lib
[1.029s] running install_data
[1.029s] running install_egg_info
[1.036s] removing '/home/delewlew/ros2_tutorial_workspace_2/install/the_simplest_python_package/lib/python3.10/site-packages/the_simplest_python_package-0.0.0-py3.10.egg-info' (and everything under it)
[1.036s] Copying ../../build/the_simplest_python_package/the_simplest_python_package.egg-info to /home/delewlew/ros2_tutorial_workspace_2/install/the_simplest_python_package/lib/python3.10/site-packages/the_simplest_python_package-0.0.0-py3.10.egg-info
[1.037s] running install_scripts
[1.059s] writing list of installed files to '/home/delewlew/ros2_tutorial_workspace_2/build/the_simplest_python_package/install.log'
[1.086s] Invoked command in '/home/delewlew/ros2_tutorial_workspace_2/src/the_simplest_python_package' returned '0': PYTHONPATH=/home/delewlew/ros2_tutorial_workspace_2/build/the_simplest_python_package/prefix_override:/usr/lib/python3/dist-packages/colcon_core/task/python/colcon_distutils_commands:/home/delewlew/ros2_tutorial_workspace_2/install/the_simplest_python_package/lib/python3.10/site-packages:${PYTHONPATH} /usr/bin/python3 -W ignore:setup.py install is deprecated setup.py egg_info --egg-base ../../build/the_simplest_python_package build --build-base /home/delewlew/ros2_tutorial_workspace_2/build/the_simplest_python_package/build install --record /home/delewlew/ros2_tutorial_workspace_2/build/the_simplest_python_package/install.log --single-version-externally-managed install_data
