[1.961s] Invoking command in '/home/delewlew/assessments/coursework1/src/cooing_code_controller': PYTHONPATH=/home/delewlew/assessments/coursework1/src/build/cooing_code_controller/prefix_override:/usr/lib/python3/dist-packages/colcon_core/task/python/colcon_distutils_commands:/home/delewlew/assessments/coursework1/src/install/cooing_code_controller/lib/python3.10/site-packages:${PYTHONPATH} /usr/bin/python3 -W ignore:setup.py install is deprecated setup.py egg_info --egg-base ../build/cooing_code_controller build --build-base /home/delewlew/assessments/coursework1/src/build/cooing_code_controller/build install --record /home/delewlew/assessments/coursework1/src/build/cooing_code_controller/install.log --single-version-externally-managed install_data
[2.861s] running egg_info
[2.865s] writing ../build/cooing_code_controller/cooing_code_controller.egg-info/PKG-INFO
[2.866s] writing dependency_links to ../build/cooing_code_controller/cooing_code_controller.egg-info/dependency_links.txt
[2.866s] writing entry points to ../build/cooing_code_controller/cooing_code_controller.egg-info/entry_points.txt
[2.866s] writing requirements to ../build/cooing_code_controller/cooing_code_controller.egg-info/requires.txt
[2.866s] writing top-level names to ../build/cooing_code_controller/cooing_code_controller.egg-info/top_level.txt
[2.870s] reading manifest file '../build/cooing_code_controller/cooing_code_controller.egg-info/SOURCES.txt'
[2.874s] writing manifest file '../build/cooing_code_controller/cooing_code_controller.egg-info/SOURCES.txt'
[2.874s] running build
[2.874s] running build_py
[2.875s] running install
[2.876s] running install_lib
[2.880s] running install_data
[2.881s] running install_egg_info
[2.887s] removing '/home/delewlew/assessments/coursework1/src/install/cooing_code_controller/lib/python3.10/site-packages/cooing_code_controller-0.0.0-py3.10.egg-info' (and everything under it)
[2.890s] Copying ../build/cooing_code_controller/cooing_code_controller.egg-info to /home/delewlew/assessments/coursework1/src/install/cooing_code_controller/lib/python3.10/site-packages/cooing_code_controller-0.0.0-py3.10.egg-info
[2.891s] running install_scripts
[2.971s] Installing cooing_code_controller_node script to /home/delewlew/assessments/coursework1/src/install/cooing_code_controller/lib/cooing_code_controller
[2.972s] writing list of installed files to '/home/delewlew/assessments/coursework1/src/build/cooing_code_controller/install.log'
[3.635s] Invoked command in '/home/delewlew/assessments/coursework1/src/cooing_code_controller' returned '0': PYTHONPATH=/home/delewlew/assessments/coursework1/src/build/cooing_code_controller/prefix_override:/usr/lib/python3/dist-packages/colcon_core/task/python/colcon_distutils_commands:/home/delewlew/assessments/coursework1/src/install/cooing_code_controller/lib/python3.10/site-packages:${PYTHONPATH} /usr/bin/python3 -W ignore:setup.py install is deprecated setup.py egg_info --egg-base ../build/cooing_code_controller build --build-base /home/delewlew/assessments/coursework1/src/build/cooing_code_controller/build install --record /home/delewlew/assessments/coursework1/src/build/cooing_code_controller/install.log --single-version-externally-managed install_data
