[2.591s] Invoking command in '/home/delewlew/software_for_robotics_part2/src/bt_demos': PYTHONPATH=/home/delewlew/software_for_robotics_part2/build/bt_demos/prefix_override:/usr/lib/python3/dist-packages/colcon_core/task/python/colcon_distutils_commands:/home/delewlew/software_for_robotics_part2/install/bt_demos/lib/python3.10/site-packages:${PYTHONPATH} /usr/bin/python3 -W ignore:setup.py install is deprecated setup.py egg_info --egg-base ../../build/bt_demos build --build-base /home/delewlew/software_for_robotics_part2/build/bt_demos/build install --record /home/delewlew/software_for_robotics_part2/build/bt_demos/install.log --single-version-externally-managed install_data
[2.970s] running egg_info
[2.971s] writing ../../build/bt_demos/bt_demos.egg-info/PKG-INFO
[2.971s] writing dependency_links to ../../build/bt_demos/bt_demos.egg-info/dependency_links.txt
[2.972s] writing entry points to ../../build/bt_demos/bt_demos.egg-info/entry_points.txt
[2.972s] writing requirements to ../../build/bt_demos/bt_demos.egg-info/requires.txt
[2.972s] writing top-level names to ../../build/bt_demos/bt_demos.egg-info/top_level.txt
[2.976s] reading manifest file '../../build/bt_demos/bt_demos.egg-info/SOURCES.txt'
[2.977s] writing manifest file '../../build/bt_demos/bt_demos.egg-info/SOURCES.txt'
[2.977s] running build
[2.977s] running build_py
[2.980s] running install
[2.983s] running install_lib
[2.983s] running install_data
[2.983s] copying behavior_tree_xml/melbourne.xml -> /home/delewlew/software_for_robotics_part2/install/bt_demos/share/bt_demos/behavior_tree_xml
[2.984s] copying launch/bt_demo.launch.py -> /home/delewlew/software_for_robotics_part2/install/bt_demos/share/bt_demos/launch
[2.984s] running install_egg_info
[2.987s] removing '/home/delewlew/software_for_robotics_part2/install/bt_demos/lib/python3.10/site-packages/bt_demos-0.0.0-py3.10.egg-info' (and everything under it)
[2.987s] Copying ../../build/bt_demos/bt_demos.egg-info to /home/delewlew/software_for_robotics_part2/install/bt_demos/lib/python3.10/site-packages/bt_demos-0.0.0-py3.10.egg-info
[2.988s] running install_scripts
[3.023s] writing list of installed files to '/home/delewlew/software_for_robotics_part2/build/bt_demos/install.log'
[3.065s] Invoked command in '/home/delewlew/software_for_robotics_part2/src/bt_demos' returned '0': PYTHONPATH=/home/delewlew/software_for_robotics_part2/build/bt_demos/prefix_override:/usr/lib/python3/dist-packages/colcon_core/task/python/colcon_distutils_commands:/home/delewlew/software_for_robotics_part2/install/bt_demos/lib/python3.10/site-packages:${PYTHONPATH} /usr/bin/python3 -W ignore:setup.py install is deprecated setup.py egg_info --egg-base ../../build/bt_demos build --build-base /home/delewlew/software_for_robotics_part2/build/bt_demos/build install --record /home/delewlew/software_for_robotics_part2/build/bt_demos/install.log --single-version-externally-managed install_data
