[0.488s] Invoking command in '/home/delewlew/ros2_tutorial_workspace_2/src/example_urdf_description': PYTHONPATH=/home/delewlew/ros2_tutorial_workspace_2/build/example_urdf_description/prefix_override:/usr/lib/python3/dist-packages/colcon_core/task/python/colcon_distutils_commands:/home/delewlew/ros2_tutorial_workspace_2/install/example_urdf_description/lib/python3.10/site-packages:${PYTHONPATH} /usr/bin/python3 -W ignore:setup.py install is deprecated setup.py egg_info --egg-base ../../build/example_urdf_description build --build-base /home/delewlew/ros2_tutorial_workspace_2/build/example_urdf_description/build install --record /home/delewlew/ros2_tutorial_workspace_2/build/example_urdf_description/install.log --single-version-externally-managed install_data
[0.670s] running egg_info
[0.671s] writing ../../build/example_urdf_description/example_urdf_description.egg-info/PKG-INFO
[0.671s] writing dependency_links to ../../build/example_urdf_description/example_urdf_description.egg-info/dependency_links.txt
[0.671s] writing entry points to ../../build/example_urdf_description/example_urdf_description.egg-info/entry_points.txt
[0.671s] writing requirements to ../../build/example_urdf_description/example_urdf_description.egg-info/requires.txt
[0.671s] writing top-level names to ../../build/example_urdf_description/example_urdf_description.egg-info/top_level.txt
[0.673s] reading manifest file '../../build/example_urdf_description/example_urdf_description.egg-info/SOURCES.txt'
[0.673s] adding license file 'LICENSE'
[0.674s] writing manifest file '../../build/example_urdf_description/example_urdf_description.egg-info/SOURCES.txt'
[0.674s] running build
[0.674s] running build_py
[0.674s] running install
[0.674s] running install_lib
[0.675s] running install_data
[0.675s] running install_egg_info
[0.677s] removing '/home/delewlew/ros2_tutorial_workspace_2/install/example_urdf_description/lib/python3.10/site-packages/example_urdf_description-0.0.0-py3.10.egg-info' (and everything under it)
[0.677s] Copying ../../build/example_urdf_description/example_urdf_description.egg-info to /home/delewlew/ros2_tutorial_workspace_2/install/example_urdf_description/lib/python3.10/site-packages/example_urdf_description-0.0.0-py3.10.egg-info
[0.677s] running install_scripts
[0.693s] writing list of installed files to '/home/delewlew/ros2_tutorial_workspace_2/build/example_urdf_description/install.log'
[0.711s] Invoked command in '/home/delewlew/ros2_tutorial_workspace_2/src/example_urdf_description' returned '0': PYTHONPATH=/home/delewlew/ros2_tutorial_workspace_2/build/example_urdf_description/prefix_override:/usr/lib/python3/dist-packages/colcon_core/task/python/colcon_distutils_commands:/home/delewlew/ros2_tutorial_workspace_2/install/example_urdf_description/lib/python3.10/site-packages:${PYTHONPATH} /usr/bin/python3 -W ignore:setup.py install is deprecated setup.py egg_info --egg-base ../../build/example_urdf_description build --build-base /home/delewlew/ros2_tutorial_workspace_2/build/example_urdf_description/build install --record /home/delewlew/ros2_tutorial_workspace_2/build/example_urdf_description/install.log --single-version-externally-managed install_data
