[3.149s] Invoking command in '/home/delewlew/ros2_tutorial_workspace_2/src/python_package_with_a_library': PYTHONPATH=/home/delewlew/ros2_tutorial_workspace_2/build/python_package_with_a_library/prefix_override:/usr/lib/python3/dist-packages/colcon_core/task/python/colcon_distutils_commands:/home/delewlew/ros2_tutorial_workspace_2/install/python_package_with_a_library/lib/python3.10/site-packages:${PYTHONPATH} /usr/bin/python3 -W ignore:setup.py install is deprecated setup.py egg_info --egg-base ../../build/python_package_with_a_library build --build-base /home/delewlew/ros2_tutorial_workspace_2/build/python_package_with_a_library/build install --record /home/delewlew/ros2_tutorial_workspace_2/build/python_package_with_a_library/install.log --single-version-externally-managed install_data
[3.586s] running egg_info
[3.587s] writing ../../build/python_package_with_a_library/python_package_with_a_library.egg-info/PKG-INFO
[3.588s] writing dependency_links to ../../build/python_package_with_a_library/python_package_with_a_library.egg-info/dependency_links.txt
[3.588s] writing entry points to ../../build/python_package_with_a_library/python_package_with_a_library.egg-info/entry_points.txt
[3.589s] writing requirements to ../../build/python_package_with_a_library/python_package_with_a_library.egg-info/requires.txt
[3.589s] writing top-level names to ../../build/python_package_with_a_library/python_package_with_a_library.egg-info/top_level.txt
[3.592s] reading manifest file '../../build/python_package_with_a_library/python_package_with_a_library.egg-info/SOURCES.txt'
[3.596s] writing manifest file '../../build/python_package_with_a_library/python_package_with_a_library.egg-info/SOURCES.txt'
[3.596s] running build
[3.596s] running build_py
[3.602s] running install
[3.602s] running install_lib
[3.607s] running install_data
[3.609s] running install_egg_info
[3.616s] removing '/home/delewlew/ros2_tutorial_workspace_2/install/python_package_with_a_library/lib/python3.10/site-packages/python_package_with_a_library-0.0.0-py3.10.egg-info' (and everything under it)
[3.617s] Copying ../../build/python_package_with_a_library/python_package_with_a_library.egg-info to /home/delewlew/ros2_tutorial_workspace_2/install/python_package_with_a_library/lib/python3.10/site-packages/python_package_with_a_library-0.0.0-py3.10.egg-info
[3.620s] running install_scripts
[3.699s] writing list of installed files to '/home/delewlew/ros2_tutorial_workspace_2/build/python_package_with_a_library/install.log'
[3.803s] Invoked command in '/home/delewlew/ros2_tutorial_workspace_2/src/python_package_with_a_library' returned '0': PYTHONPATH=/home/delewlew/ros2_tutorial_workspace_2/build/python_package_with_a_library/prefix_override:/usr/lib/python3/dist-packages/colcon_core/task/python/colcon_distutils_commands:/home/delewlew/ros2_tutorial_workspace_2/install/python_package_with_a_library/lib/python3.10/site-packages:${PYTHONPATH} /usr/bin/python3 -W ignore:setup.py install is deprecated setup.py egg_info --egg-base ../../build/python_package_with_a_library build --build-base /home/delewlew/ros2_tutorial_workspace_2/build/python_package_with_a_library/build install --record /home/delewlew/ros2_tutorial_workspace_2/build/python_package_with_a_library/install.log --single-version-externally-managed install_data
