[2.872s] Invoking command in '/home/delewlew/ros2_tutorial_workspace_2/src/the_simplest_python_package': PYTHONPATH=/home/delewlew/ros2_tutorial_workspace_2/src/build/the_simplest_python_package/prefix_override:/usr/lib/python3/dist-packages/colcon_core/task/python/colcon_distutils_commands:/home/delewlew/ros2_tutorial_workspace_2/src/install/the_simplest_python_package/lib/python3.10/site-packages:${PYTHONPATH} /usr/bin/python3 -W ignore:setup.py install is deprecated setup.py egg_info --egg-base ../build/the_simplest_python_package build --build-base /home/delewlew/ros2_tutorial_workspace_2/src/build/the_simplest_python_package/build install --record /home/delewlew/ros2_tutorial_workspace_2/src/build/the_simplest_python_package/install.log --single-version-externally-managed install_data
[3.730s] running egg_info
[3.730s] writing ../build/the_simplest_python_package/the_simplest_python_package.egg-info/PKG-INFO
[3.730s] writing dependency_links to ../build/the_simplest_python_package/the_simplest_python_package.egg-info/dependency_links.txt
[3.732s] writing entry points to ../build/the_simplest_python_package/the_simplest_python_package.egg-info/entry_points.txt
[3.734s] writing requirements to ../build/the_simplest_python_package/the_simplest_python_package.egg-info/requires.txt
[3.735s] writing top-level names to ../build/the_simplest_python_package/the_simplest_python_package.egg-info/top_level.txt
[3.737s] reading manifest file '../build/the_simplest_python_package/the_simplest_python_package.egg-info/SOURCES.txt'
[3.740s] writing manifest file '../build/the_simplest_python_package/the_simplest_python_package.egg-info/SOURCES.txt'
[3.740s] running build
[3.740s] running build_py
[3.741s] running install
[3.743s] running install_lib
[3.749s] running install_data
[3.749s] running install_egg_info
[3.756s] removing '/home/delewlew/ros2_tutorial_workspace_2/src/install/the_simplest_python_package/lib/python3.10/site-packages/the_simplest_python_package-0.0.0-py3.10.egg-info' (and everything under it)
[3.757s] Copying ../build/the_simplest_python_package/the_simplest_python_package.egg-info to /home/delewlew/ros2_tutorial_workspace_2/src/install/the_simplest_python_package/lib/python3.10/site-packages/the_simplest_python_package-0.0.0-py3.10.egg-info
[3.761s] running install_scripts
[3.849s] writing list of installed files to '/home/delewlew/ros2_tutorial_workspace_2/src/build/the_simplest_python_package/install.log'
[4.056s] Invoked command in '/home/delewlew/ros2_tutorial_workspace_2/src/the_simplest_python_package' returned '0': PYTHONPATH=/home/delewlew/ros2_tutorial_workspace_2/src/build/the_simplest_python_package/prefix_override:/usr/lib/python3/dist-packages/colcon_core/task/python/colcon_distutils_commands:/home/delewlew/ros2_tutorial_workspace_2/src/install/the_simplest_python_package/lib/python3.10/site-packages:${PYTHONPATH} /usr/bin/python3 -W ignore:setup.py install is deprecated setup.py egg_info --egg-base ../build/the_simplest_python_package build --build-base /home/delewlew/ros2_tutorial_workspace_2/src/build/the_simplest_python_package/build install --record /home/delewlew/ros2_tutorial_workspace_2/src/build/the_simplest_python_package/install.log --single-version-externally-managed install_data
