[0.028s] Invoking command in '/home/delewlew/ros2_tutorial_workspace/build/package_with_interfaces': CMAKE_PREFIX_PATH=/opt/ros/humble /usr/bin/cmake --build /home/delewlew/ros2_tutorial_workspace/build/package_with_interfaces -- -j12 -l12
[0.101s] [ 10%] Built target package_with_interfaces__rosidl_generator_c
[0.114s] [ 10%] Built target ament_cmake_python_copy_package_with_interfaces
[0.116s] [ 12%] Built target package_with_interfaces__cpp
[0.164s] [ 23%] Built target package_with_interfaces__rosidl_typesupport_introspection_c
[0.175s] [ 43%] Built target package_with_interfaces__rosidl_typesupport_fastrtps_c
[0.175s] [ 43%] Built target package_with_interfaces__rosidl_typesupport_c
[0.186s] [ 53%] Built target package_with_interfaces__rosidl_typesupport_cpp
[0.190s] [ 64%] Built target package_with_interfaces__rosidl_typesupport_fastrtps_cpp
[0.197s] [ 74%] Built target package_with_interfaces__rosidl_typesupport_introspection_cpp
[0.229s] [ 74%] Built target package_with_interfaces
[0.269s] [ 76%] Built target package_with_interfaces__py
[0.315s] [ 84%] Built target package_with_interfaces__rosidl_generator_py
[0.371s] [ 89%] Built target package_with_interfaces__rosidl_typesupport_introspection_c__pyext
[0.373s] [ 94%] Built target package_with_interfaces__rosidl_typesupport_fastrtps_c__pyext
[0.380s] [100%] Built target package_with_interfaces__rosidl_typesupport_c__pyext
[0.453s] running egg_info
[0.454s] writing package_with_interfaces.egg-info/PKG-INFO
[0.454s] writing dependency_links to package_with_interfaces.egg-info/dependency_links.txt
[0.454s] writing top-level names to package_with_interfaces.egg-info/top_level.txt
[0.457s] reading manifest file 'package_with_interfaces.egg-info/SOURCES.txt'
[0.458s] writing manifest file 'package_with_interfaces.egg-info/SOURCES.txt'
[0.488s] [100%] Built target ament_cmake_python_build_package_with_interfaces_egg
[0.501s] Invoked command in '/home/delewlew/ros2_tutorial_workspace/build/package_with_interfaces' returned '0': CMAKE_PREFIX_PATH=/opt/ros/humble /usr/bin/cmake --build /home/delewlew/ros2_tutorial_workspace/build/package_with_interfaces -- -j12 -l12
[0.660s] Invoking command in '/home/delewlew/ros2_tutorial_workspace/build/package_with_interfaces': CMAKE_PREFIX_PATH=/opt/ros/humble /usr/bin/cmake --install /home/delewlew/ros2_tutorial_workspace/build/package_with_interfaces
[0.668s] -- Install configuration: ""
[0.669s] -- Up-to-date: /home/delewlew/ros2_tutorial_workspace/install/package_with_interfaces/share/ament_index/resource_index/rosidl_interfaces/package_with_interfaces
[0.669s] -- Up-to-date: /home/delewlew/ros2_tutorial_workspace/install/package_with_interfaces/include/package_with_interfaces/package_with_interfaces
[0.669s] -- Up-to-date: /home/delewlew/ros2_tutorial_workspace/install/package_with_interfaces/include/package_with_interfaces/package_with_interfaces/msg
[0.669s] -- Up-to-date: /home/delewlew/ros2_tutorial_workspace/install/package_with_interfaces/include/package_with_interfaces/package_with_interfaces/msg/amazing_quote.h
[0.669s] -- Up-to-date: /home/delewlew/ros2_tutorial_workspace/install/package_with_interfaces/include/package_with_interfaces/package_with_interfaces/msg/rosidl_generator_c__visibility_control.h
[0.669s] -- Up-to-date: /home/delewlew/ros2_tutorial_workspace/install/package_with_interfaces/include/package_with_interfaces/package_with_interfaces/msg/detail
[0.669s] -- Up-to-date: /home/delewlew/ros2_tutorial_workspace/install/package_with_interfaces/include/package_with_interfaces/package_with_interfaces/msg/detail/amazing_quote__functions.c
[0.670s] -- Up-to-date: /home/delewlew/ros2_tutorial_workspace/install/package_with_interfaces/include/package_with_interfaces/package_with_interfaces/msg/detail/amazing_quote__type_support.h
[0.670s] -- Up-to-date: /home/delewlew/ros2_tutorial_workspace/install/package_with_interfaces/include/package_with_interfaces/package_with_interfaces/msg/detail/amazing_quote__struct.h
[0.670s] -- Up-to-date: /home/delewlew/ros2_tutorial_workspace/install/package_with_interfaces/include/package_with_interfaces/package_with_interfaces/msg/detail/amazing_quote__functions.h
[0.670s] -- Up-to-date: /home/delewlew/ros2_tutorial_workspace/install/package_with_interfaces/include/package_with_interfaces/package_with_interfaces/srv
[0.670s] -- Up-to-date: /home/delewlew/ros2_tutorial_workspace/install/package_with_interfaces/include/package_with_interfaces/package_with_interfaces/srv/what_is_the_point.h
[0.670s] -- Up-to-date: /home/delewlew/ros2_tutorial_workspace/install/package_with_interfaces/include/package_with_interfaces/package_with_interfaces/srv/detail
[0.671s] -- Up-to-date: /home/delewlew/ros2_tutorial_workspace/install/package_with_interfaces/include/package_with_interfaces/package_with_interfaces/srv/detail/what_is_the_point__functions.c
[0.671s] -- Up-to-date: /home/delewlew/ros2_tutorial_workspace/install/package_with_interfaces/include/package_with_interfaces/package_with_interfaces/srv/detail/what_is_the_point__struct.h
[0.671s] -- Up-to-date: /home/delewlew/ros2_tutorial_workspace/install/package_with_interfaces/include/package_with_interfaces/package_with_interfaces/srv/detail/what_is_the_point__functions.h
[0.672s] -- Up-to-date: /home/delewlew/ros2_tutorial_workspace/install/package_with_interfaces/include/package_with_interfaces/package_with_interfaces/srv/detail/what_is_the_point__type_support.h
[0.672s] -- Up-to-date: /home/delewlew/ros2_tutorial_workspace/install/package_with_interfaces/share/package_with_interfaces/environment/library_path.sh
[0.672s] -- Up-to-date: /home/delewlew/ros2_tutorial_workspace/install/package_with_interfaces/share/package_with_interfaces/environment/library_path.dsv
[0.672s] -- Up-to-date: /home/delewlew/ros2_tutorial_workspace/install/package_with_interfaces/lib/libpackage_with_interfaces__rosidl_generator_c.so
[0.672s] -- Up-to-date: /home/delewlew/ros2_tutorial_workspace/install/package_with_interfaces/include/package_with_interfaces/package_with_interfaces
[0.672s] -- Up-to-date: /home/delewlew/ros2_tutorial_workspace/install/package_with_interfaces/include/package_with_interfaces/package_with_interfaces/msg
[0.673s] -- Up-to-date: /home/delewlew/ros2_tutorial_workspace/install/package_with_interfaces/include/package_with_interfaces/package_with_interfaces/msg/detail
[0.673s] -- Up-to-date: /home/delewlew/ros2_tutorial_workspace/install/package_with_interfaces/include/package_with_interfaces/package_with_interfaces/msg/detail/amazing_quote__rosidl_typesupport_fastrtps_c.h
[0.673s] -- Up-to-date: /home/delewlew/ros2_tutorial_workspace/install/package_with_interfaces/include/package_with_interfaces/package_with_interfaces/msg/rosidl_typesupport_fastrtps_c__visibility_control.h
[0.673s] -- Up-to-date: /home/delewlew/ros2_tutorial_workspace/install/package_with_interfaces/include/package_with_interfaces/package_with_interfaces/srv
[0.673s] -- Up-to-date: /home/delewlew/ros2_tutorial_workspace/install/package_with_interfaces/include/package_with_interfaces/package_with_interfaces/srv/detail
[0.673s] -- Up-to-date: /home/delewlew/ros2_tutorial_workspace/install/package_with_interfaces/include/package_with_interfaces/package_with_interfaces/srv/detail/what_is_the_point__rosidl_typesupport_fastrtps_c.h
[0.674s] -- Up-to-date: /home/delewlew/ros2_tutorial_workspace/install/package_with_interfaces/lib/libpackage_with_interfaces__rosidl_typesupport_fastrtps_c.so
[0.674s] -- Up-to-date: /home/delewlew/ros2_tutorial_workspace/install/package_with_interfaces/include/package_with_interfaces/package_with_interfaces
[0.674s] -- Up-to-date: /home/delewlew/ros2_tutorial_workspace/install/package_with_interfaces/include/package_with_interfaces/package_with_interfaces/msg
[0.674s] -- Up-to-date: /home/delewlew/ros2_tutorial_workspace/install/package_with_interfaces/include/package_with_interfaces/package_with_interfaces/msg/amazing_quote.hpp
[0.674s] -- Up-to-date: /home/delewlew/ros2_tutorial_workspace/install/package_with_interfaces/include/package_with_interfaces/package_with_interfaces/msg/detail
[0.674s] -- Up-to-date: /home/delewlew/ros2_tutorial_workspace/install/package_with_interfaces/include/package_with_interfaces/package_with_interfaces/msg/detail/amazing_quote__builder.hpp
[0.674s] -- Up-to-date: /home/delewlew/ros2_tutorial_workspace/install/package_with_interfaces/include/package_with_interfaces/package_with_interfaces/msg/detail/amazing_quote__struct.hpp
[0.674s] -- Up-to-date: /home/delewlew/ros2_tutorial_workspace/install/package_with_interfaces/include/package_with_interfaces/package_with_interfaces/msg/detail/amazing_quote__traits.hpp
[0.674s] -- Up-to-date: /home/delewlew/ros2_tutorial_workspace/install/package_with_interfaces/include/package_with_interfaces/package_with_interfaces/srv
[0.675s] -- Up-to-date: /home/delewlew/ros2_tutorial_workspace/install/package_with_interfaces/include/package_with_interfaces/package_with_interfaces/srv/detail
[0.675s] -- Up-to-date: /home/delewlew/ros2_tutorial_workspace/install/package_with_interfaces/include/package_with_interfaces/package_with_interfaces/srv/detail/what_is_the_point__builder.hpp
[0.675s] -- Up-to-date: /home/delewlew/ros2_tutorial_workspace/install/package_with_interfaces/include/package_with_interfaces/package_with_interfaces/srv/detail/what_is_the_point__struct.hpp
[0.675s] -- Up-to-date: /home/delewlew/ros2_tutorial_workspace/install/package_with_interfaces/include/package_with_interfaces/package_with_interfaces/srv/detail/what_is_the_point__traits.hpp
[0.675s] -- Up-to-date: /home/delewlew/ros2_tutorial_workspace/install/package_with_interfaces/include/package_with_interfaces/package_with_interfaces/srv/what_is_the_point.hpp
[0.675s] -- Up-to-date: /home/delewlew/ros2_tutorial_workspace/install/package_with_interfaces/include/package_with_interfaces/package_with_interfaces
[0.675s] -- Up-to-date: /home/delewlew/ros2_tutorial_workspace/install/package_with_interfaces/include/package_with_interfaces/package_with_interfaces/msg
[0.675s] -- Up-to-date: /home/delewlew/ros2_tutorial_workspace/install/package_with_interfaces/include/package_with_interfaces/package_with_interfaces/msg/rosidl_typesupport_fastrtps_cpp__visibility_control.h
[0.675s] -- Up-to-date: /home/delewlew/ros2_tutorial_workspace/install/package_with_interfaces/include/package_with_interfaces/package_with_interfaces/msg/detail
[0.675s] -- Up-to-date: /home/delewlew/ros2_tutorial_workspace/install/package_with_interfaces/include/package_with_interfaces/package_with_interfaces/msg/detail/amazing_quote__rosidl_typesupport_fastrtps_cpp.hpp
[0.676s] -- Up-to-date: /home/delewlew/ros2_tutorial_workspace/install/package_with_interfaces/include/package_with_interfaces/package_with_interfaces/msg/detail/dds_fastrtps
[0.676s] -- Up-to-date: /home/delewlew/ros2_tutorial_workspace/install/package_with_interfaces/include/package_with_interfaces/package_with_interfaces/srv
[0.676s] -- Up-to-date: /home/delewlew/ros2_tutorial_workspace/install/package_with_interfaces/include/package_with_interfaces/package_with_interfaces/srv/detail
[0.676s] -- Up-to-date: /home/delewlew/ros2_tutorial_workspace/install/package_with_interfaces/include/package_with_interfaces/package_with_interfaces/srv/detail/what_is_the_point__rosidl_typesupport_fastrtps_cpp.hpp
[0.676s] -- Up-to-date: /home/delewlew/ros2_tutorial_workspace/install/package_with_interfaces/include/package_with_interfaces/package_with_interfaces/srv/detail/dds_fastrtps
[0.676s] -- Up-to-date: /home/delewlew/ros2_tutorial_workspace/install/package_with_interfaces/lib/libpackage_with_interfaces__rosidl_typesupport_fastrtps_cpp.so
[0.676s] -- Up-to-date: /home/delewlew/ros2_tutorial_workspace/install/package_with_interfaces/include/package_with_interfaces/package_with_interfaces
[0.676s] -- Up-to-date: /home/delewlew/ros2_tutorial_workspace/install/package_with_interfaces/include/package_with_interfaces/package_with_interfaces/msg
[0.676s] -- Up-to-date: /home/delewlew/ros2_tutorial_workspace/install/package_with_interfaces/include/package_with_interfaces/package_with_interfaces/msg/rosidl_typesupport_introspection_c__visibility_control.h
[0.676s] -- Up-to-date: /home/delewlew/ros2_tutorial_workspace/install/package_with_interfaces/include/package_with_interfaces/package_with_interfaces/msg/detail
[0.677s] -- Up-to-date: /home/delewlew/ros2_tutorial_workspace/install/package_with_interfaces/include/package_with_interfaces/package_with_interfaces/msg/detail/amazing_quote__rosidl_typesupport_introspection_c.h
[0.677s] -- Up-to-date: /home/delewlew/ros2_tutorial_workspace/install/package_with_interfaces/include/package_with_interfaces/package_with_interfaces/msg/detail/amazing_quote__type_support.c
[0.677s] -- Up-to-date: /home/delewlew/ros2_tutorial_workspace/install/package_with_interfaces/include/package_with_interfaces/package_with_interfaces/srv
[0.677s] -- Up-to-date: /home/delewlew/ros2_tutorial_workspace/install/package_with_interfaces/include/package_with_interfaces/package_with_interfaces/srv/detail
[0.677s] -- Up-to-date: /home/delewlew/ros2_tutorial_workspace/install/package_with_interfaces/include/package_with_interfaces/package_with_interfaces/srv/detail/what_is_the_point__rosidl_typesupport_introspection_c.h
[0.677s] -- Up-to-date: /home/delewlew/ros2_tutorial_workspace/install/package_with_interfaces/include/package_with_interfaces/package_with_interfaces/srv/detail/what_is_the_point__type_support.c
[0.677s] -- Up-to-date: /home/delewlew/ros2_tutorial_workspace/install/package_with_interfaces/lib/libpackage_with_interfaces__rosidl_typesupport_introspection_c.so
[0.677s] -- Up-to-date: /home/delewlew/ros2_tutorial_workspace/install/package_with_interfaces/lib/libpackage_with_interfaces__rosidl_typesupport_c.so
[0.677s] -- Up-to-date: /home/delewlew/ros2_tutorial_workspace/install/package_with_interfaces/include/package_with_interfaces/package_with_interfaces
[0.677s] -- Up-to-date: /home/delewlew/ros2_tutorial_workspace/install/package_with_interfaces/include/package_with_interfaces/package_with_interfaces/msg
[0.677s] -- Up-to-date: /home/delewlew/ros2_tutorial_workspace/install/package_with_interfaces/include/package_with_interfaces/package_with_interfaces/msg/detail
[0.678s] -- Up-to-date: /home/delewlew/ros2_tutorial_workspace/install/package_with_interfaces/include/package_with_interfaces/package_with_interfaces/msg/detail/amazing_quote__rosidl_typesupport_introspection_cpp.hpp
[0.678s] -- Up-to-date: /home/delewlew/ros2_tutorial_workspace/install/package_with_interfaces/include/package_with_interfaces/package_with_interfaces/msg/detail/amazing_quote__type_support.cpp
[0.678s] -- Up-to-date: /home/delewlew/ros2_tutorial_workspace/install/package_with_interfaces/include/package_with_interfaces/package_with_interfaces/srv
[0.678s] -- Up-to-date: /home/delewlew/ros2_tutorial_workspace/install/package_with_interfaces/include/package_with_interfaces/package_with_interfaces/srv/detail
[0.678s] -- Up-to-date: /home/delewlew/ros2_tutorial_workspace/install/package_with_interfaces/include/package_with_interfaces/package_with_interfaces/srv/detail/what_is_the_point__type_support.cpp
[0.678s] -- Up-to-date: /home/delewlew/ros2_tutorial_workspace/install/package_with_interfaces/include/package_with_interfaces/package_with_interfaces/srv/detail/what_is_the_point__rosidl_typesupport_introspection_cpp.hpp
[0.678s] -- Up-to-date: /home/delewlew/ros2_tutorial_workspace/install/package_with_interfaces/lib/libpackage_with_interfaces__rosidl_typesupport_introspection_cpp.so
[0.678s] -- Up-to-date: /home/delewlew/ros2_tutorial_workspace/install/package_with_interfaces/lib/libpackage_with_interfaces__rosidl_typesupport_cpp.so
[0.678s] -- Up-to-date: /home/delewlew/ros2_tutorial_workspace/install/package_with_interfaces/share/package_with_interfaces/environment/pythonpath.sh
[0.678s] -- Up-to-date: /home/delewlew/ros2_tutorial_workspace/install/package_with_interfaces/share/package_with_interfaces/environment/pythonpath.dsv
[0.678s] -- Up-to-date: /home/delewlew/ros2_tutorial_workspace/install/package_with_interfaces/local/lib/python3.10/dist-packages/package_with_interfaces-0.0.0-py3.10.egg-info
[0.679s] -- Installing: /home/delewlew/ros2_tutorial_workspace/install/package_with_interfaces/local/lib/python3.10/dist-packages/package_with_interfaces-0.0.0-py3.10.egg-info/PKG-INFO
[0.679s] -- Installing: /home/delewlew/ros2_tutorial_workspace/install/package_with_interfaces/local/lib/python3.10/dist-packages/package_with_interfaces-0.0.0-py3.10.egg-info/dependency_links.txt
[0.679s] -- Installing: /home/delewlew/ros2_tutorial_workspace/install/package_with_interfaces/local/lib/python3.10/dist-packages/package_with_interfaces-0.0.0-py3.10.egg-info/SOURCES.txt
[0.679s] -- Installing: /home/delewlew/ros2_tutorial_workspace/install/package_with_interfaces/local/lib/python3.10/dist-packages/package_with_interfaces-0.0.0-py3.10.egg-info/top_level.txt
[0.679s] -- Up-to-date: /home/delewlew/ros2_tutorial_workspace/install/package_with_interfaces/local/lib/python3.10/dist-packages/package_with_interfaces
[0.679s] -- Up-to-date: /home/delewlew/ros2_tutorial_workspace/install/package_with_interfaces/local/lib/python3.10/dist-packages/package_with_interfaces/_package_with_interfaces_s.ep.rosidl_typesupport_fastrtps_c.c
[0.679s] -- Up-to-date: /home/delewlew/ros2_tutorial_workspace/install/package_with_interfaces/local/lib/python3.10/dist-packages/package_with_interfaces/libpackage_with_interfaces__rosidl_generator_py.so
[0.679s] -- Up-to-date: /home/delewlew/ros2_tutorial_workspace/install/package_with_interfaces/local/lib/python3.10/dist-packages/package_with_interfaces/_package_with_interfaces_s.ep.rosidl_typesupport_introspection_c.c
[0.679s] -- Up-to-date: /home/delewlew/ros2_tutorial_workspace/install/package_with_interfaces/local/lib/python3.10/dist-packages/package_with_interfaces/package_with_interfaces_s__rosidl_typesupport_introspection_c.cpython-310-x86_64-linux-gnu.so
[0.679s] -- Up-to-date: /home/delewlew/ros2_tutorial_workspace/install/package_with_interfaces/local/lib/python3.10/dist-packages/package_with_interfaces/msg
[0.679s] -- Up-to-date: /home/delewlew/ros2_tutorial_workspace/install/package_with_interfaces/local/lib/python3.10/dist-packages/package_with_interfaces/msg/_amazing_quote_s.c
[0.680s] -- Up-to-date: /home/delewlew/ros2_tutorial_workspace/install/package_with_interfaces/local/lib/python3.10/dist-packages/package_with_interfaces/msg/_amazing_quote.py
[0.680s] -- Up-to-date: /home/delewlew/ros2_tutorial_workspace/install/package_with_interfaces/local/lib/python3.10/dist-packages/package_with_interfaces/msg/__init__.py
[0.680s] -- Up-to-date: /home/delewlew/ros2_tutorial_workspace/install/package_with_interfaces/local/lib/python3.10/dist-packages/package_with_interfaces/_package_with_interfaces_s.ep.rosidl_typesupport_c.c
[0.680s] -- Up-to-date: /home/delewlew/ros2_tutorial_workspace/install/package_with_interfaces/local/lib/python3.10/dist-packages/package_with_interfaces/package_with_interfaces_s__rosidl_typesupport_c.cpython-310-x86_64-linux-gnu.so
[0.680s] -- Up-to-date: /home/delewlew/ros2_tutorial_workspace/install/package_with_interfaces/local/lib/python3.10/dist-packages/package_with_interfaces/srv
[0.680s] -- Up-to-date: /home/delewlew/ros2_tutorial_workspace/install/package_with_interfaces/local/lib/python3.10/dist-packages/package_with_interfaces/srv/_what_is_the_point.py
[0.680s] -- Up-to-date: /home/delewlew/ros2_tutorial_workspace/install/package_with_interfaces/local/lib/python3.10/dist-packages/package_with_interfaces/srv/_what_is_the_point_s.c
[0.680s] -- Up-to-date: /home/delewlew/ros2_tutorial_workspace/install/package_with_interfaces/local/lib/python3.10/dist-packages/package_with_interfaces/srv/__init__.py
[0.680s] -- Up-to-date: /home/delewlew/ros2_tutorial_workspace/install/package_with_interfaces/local/lib/python3.10/dist-packages/package_with_interfaces/package_with_interfaces_s__rosidl_typesupport_fastrtps_c.cpython-310-x86_64-linux-gnu.so
[0.680s] -- Up-to-date: /home/delewlew/ros2_tutorial_workspace/install/package_with_interfaces/local/lib/python3.10/dist-packages/package_with_interfaces/__init__.py
[0.721s] Listing '/home/delewlew/ros2_tutorial_workspace/install/package_with_interfaces/local/lib/python3.10/dist-packages/package_with_interfaces'...
[0.721s] Listing '/home/delewlew/ros2_tutorial_workspace/install/package_with_interfaces/local/lib/python3.10/dist-packages/package_with_interfaces/msg'...
[0.721s] Listing '/home/delewlew/ros2_tutorial_workspace/install/package_with_interfaces/local/lib/python3.10/dist-packages/package_with_interfaces/srv'...
[0.726s] -- Up-to-date: /home/delewlew/ros2_tutorial_workspace/install/package_with_interfaces/local/lib/python3.10/dist-packages/package_with_interfaces/package_with_interfaces_s__rosidl_typesupport_fastrtps_c.cpython-310-x86_64-linux-gnu.so
[0.726s] -- Up-to-date: /home/delewlew/ros2_tutorial_workspace/install/package_with_interfaces/local/lib/python3.10/dist-packages/package_with_interfaces/package_with_interfaces_s__rosidl_typesupport_introspection_c.cpython-310-x86_64-linux-gnu.so
[0.727s] -- Up-to-date: /home/delewlew/ros2_tutorial_workspace/install/package_with_interfaces/local/lib/python3.10/dist-packages/package_with_interfaces/package_with_interfaces_s__rosidl_typesupport_c.cpython-310-x86_64-linux-gnu.so
[0.728s] -- Up-to-date: /home/delewlew/ros2_tutorial_workspace/install/package_with_interfaces/lib/libpackage_with_interfaces__rosidl_generator_py.so
[0.728s] -- Up-to-date: /home/delewlew/ros2_tutorial_workspace/install/package_with_interfaces/share/package_with_interfaces/msg/AmazingQuote.idl
[0.728s] -- Up-to-date: /home/delewlew/ros2_tutorial_workspace/install/package_with_interfaces/share/package_with_interfaces/srv/WhatIsThePoint.idl
[0.728s] -- Up-to-date: /home/delewlew/ros2_tutorial_workspace/install/package_with_interfaces/share/package_with_interfaces/msg/AmazingQuote.msg
[0.728s] -- Up-to-date: /home/delewlew/ros2_tutorial_workspace/install/package_with_interfaces/share/package_with_interfaces/srv/WhatIsThePoint.srv
[0.729s] -- Up-to-date: /home/delewlew/ros2_tutorial_workspace/install/package_with_interfaces/share/package_with_interfaces/srv/WhatIsThePoint_Request.msg
[0.729s] -- Up-to-date: /home/delewlew/ros2_tutorial_workspace/install/package_with_interfaces/share/package_with_interfaces/srv/WhatIsThePoint_Response.msg
[0.729s] -- Up-to-date: /home/delewlew/ros2_tutorial_workspace/install/package_with_interfaces/share/ament_index/resource_index/package_run_dependencies/package_with_interfaces
[0.729s] -- Up-to-date: /home/delewlew/ros2_tutorial_workspace/install/package_with_interfaces/share/ament_index/resource_index/parent_prefix_path/package_with_interfaces
[0.729s] -- Up-to-date: /home/delewlew/ros2_tutorial_workspace/install/package_with_interfaces/share/package_with_interfaces/environment/ament_prefix_path.sh
[0.729s] -- Up-to-date: /home/delewlew/ros2_tutorial_workspace/install/package_with_interfaces/share/package_with_interfaces/environment/ament_prefix_path.dsv
[0.729s] -- Up-to-date: /home/delewlew/ros2_tutorial_workspace/install/package_with_interfaces/share/package_with_interfaces/environment/path.sh
[0.730s] -- Up-to-date: /home/delewlew/ros2_tutorial_workspace/install/package_with_interfaces/share/package_with_interfaces/environment/path.dsv
[0.730s] -- Up-to-date: /home/delewlew/ros2_tutorial_workspace/install/package_with_interfaces/share/package_with_interfaces/local_setup.bash
[0.730s] -- Up-to-date: /home/delewlew/ros2_tutorial_workspace/install/package_with_interfaces/share/package_with_interfaces/local_setup.sh
[0.730s] -- Up-to-date: /home/delewlew/ros2_tutorial_workspace/install/package_with_interfaces/share/package_with_interfaces/local_setup.zsh
[0.730s] -- Up-to-date: /home/delewlew/ros2_tutorial_workspace/install/package_with_interfaces/share/package_with_interfaces/local_setup.dsv
[0.731s] -- Installing: /home/delewlew/ros2_tutorial_workspace/install/package_with_interfaces/share/package_with_interfaces/package.dsv
[0.731s] -- Up-to-date: /home/delewlew/ros2_tutorial_workspace/install/package_with_interfaces/share/ament_index/resource_index/packages/package_with_interfaces
[0.731s] -- Up-to-date: /home/delewlew/ros2_tutorial_workspace/install/package_with_interfaces/share/package_with_interfaces/cmake/export_package_with_interfaces__rosidl_generator_cExport.cmake
[0.731s] -- Up-to-date: /home/delewlew/ros2_tutorial_workspace/install/package_with_interfaces/share/package_with_interfaces/cmake/export_package_with_interfaces__rosidl_generator_cExport-noconfig.cmake
[0.731s] -- Up-to-date: /home/delewlew/ros2_tutorial_workspace/install/package_with_interfaces/share/package_with_interfaces/cmake/export_package_with_interfaces__rosidl_typesupport_fastrtps_cExport.cmake
[0.731s] -- Up-to-date: /home/delewlew/ros2_tutorial_workspace/install/package_with_interfaces/share/package_with_interfaces/cmake/export_package_with_interfaces__rosidl_typesupport_fastrtps_cExport-noconfig.cmake
[0.732s] -- Up-to-date: /home/delewlew/ros2_tutorial_workspace/install/package_with_interfaces/share/package_with_interfaces/cmake/export_package_with_interfaces__rosidl_generator_cppExport.cmake
[0.732s] -- Up-to-date: /home/delewlew/ros2_tutorial_workspace/install/package_with_interfaces/share/package_with_interfaces/cmake/export_package_with_interfaces__rosidl_typesupport_fastrtps_cppExport.cmake
[0.732s] -- Up-to-date: /home/delewlew/ros2_tutorial_workspace/install/package_with_interfaces/share/package_with_interfaces/cmake/export_package_with_interfaces__rosidl_typesupport_fastrtps_cppExport-noconfig.cmake
[0.732s] -- Up-to-date: /home/delewlew/ros2_tutorial_workspace/install/package_with_interfaces/share/package_with_interfaces/cmake/package_with_interfaces__rosidl_typesupport_introspection_cExport.cmake
[0.732s] -- Up-to-date: /home/delewlew/ros2_tutorial_workspace/install/package_with_interfaces/share/package_with_interfaces/cmake/package_with_interfaces__rosidl_typesupport_introspection_cExport-noconfig.cmake
[0.732s] -- Up-to-date: /home/delewlew/ros2_tutorial_workspace/install/package_with_interfaces/share/package_with_interfaces/cmake/package_with_interfaces__rosidl_typesupport_cExport.cmake
[0.733s] -- Up-to-date: /home/delewlew/ros2_tutorial_workspace/install/package_with_interfaces/share/package_with_interfaces/cmake/package_with_interfaces__rosidl_typesupport_cExport-noconfig.cmake
[0.733s] -- Up-to-date: /home/delewlew/ros2_tutorial_workspace/install/package_with_interfaces/share/package_with_interfaces/cmake/package_with_interfaces__rosidl_typesupport_introspection_cppExport.cmake
[0.733s] -- Up-to-date: /home/delewlew/ros2_tutorial_workspace/install/package_with_interfaces/share/package_with_interfaces/cmake/package_with_interfaces__rosidl_typesupport_introspection_cppExport-noconfig.cmake
[0.734s] -- Up-to-date: /home/delewlew/ros2_tutorial_workspace/install/package_with_interfaces/share/package_with_interfaces/cmake/package_with_interfaces__rosidl_typesupport_cppExport.cmake
[0.735s] -- Up-to-date: /home/delewlew/ros2_tutorial_workspace/install/package_with_interfaces/share/package_with_interfaces/cmake/package_with_interfaces__rosidl_typesupport_cppExport-noconfig.cmake
[0.735s] -- Up-to-date: /home/delewlew/ros2_tutorial_workspace/install/package_with_interfaces/share/package_with_interfaces/cmake/export_package_with_interfaces__rosidl_generator_pyExport.cmake
[0.735s] -- Up-to-date: /home/delewlew/ros2_tutorial_workspace/install/package_with_interfaces/share/package_with_interfaces/cmake/export_package_with_interfaces__rosidl_generator_pyExport-noconfig.cmake
[0.735s] -- Up-to-date: /home/delewlew/ros2_tutorial_workspace/install/package_with_interfaces/share/package_with_interfaces/cmake/rosidl_cmake-extras.cmake
[0.735s] -- Up-to-date: /home/delewlew/ros2_tutorial_workspace/install/package_with_interfaces/share/package_with_interfaces/cmake/ament_cmake_export_dependencies-extras.cmake
[0.735s] -- Up-to-date: /home/delewlew/ros2_tutorial_workspace/install/package_with_interfaces/share/package_with_interfaces/cmake/ament_cmake_export_include_directories-extras.cmake
[0.735s] -- Up-to-date: /home/delewlew/ros2_tutorial_workspace/install/package_with_interfaces/share/package_with_interfaces/cmake/ament_cmake_export_libraries-extras.cmake
[0.736s] -- Up-to-date: /home/delewlew/ros2_tutorial_workspace/install/package_with_interfaces/share/package_with_interfaces/cmake/ament_cmake_export_targets-extras.cmake
[0.736s] -- Up-to-date: /home/delewlew/ros2_tutorial_workspace/install/package_with_interfaces/share/package_with_interfaces/cmake/rosidl_cmake_export_typesupport_targets-extras.cmake
[0.736s] -- Up-to-date: /home/delewlew/ros2_tutorial_workspace/install/package_with_interfaces/share/package_with_interfaces/cmake/rosidl_cmake_export_typesupport_libraries-extras.cmake
[0.737s] -- Up-to-date: /home/delewlew/ros2_tutorial_workspace/install/package_with_interfaces/share/package_with_interfaces/cmake/package_with_interfacesConfig.cmake
[0.737s] -- Up-to-date: /home/delewlew/ros2_tutorial_workspace/install/package_with_interfaces/share/package_with_interfaces/cmake/package_with_interfacesConfig-version.cmake
[0.737s] -- Up-to-date: /home/delewlew/ros2_tutorial_workspace/install/package_with_interfaces/share/package_with_interfaces/package.xml
[0.740s] Invoked command in '/home/delewlew/ros2_tutorial_workspace/build/package_with_interfaces' returned '0': CMAKE_PREFIX_PATH=/opt/ros/humble /usr/bin/cmake --install /home/delewlew/ros2_tutorial_workspace/build/package_with_interfaces
