[3.113s] Invoking command in '/home/delewlew/ros2_tutorial_workspace_2/src/the_simplest_python_package': PYTHONPATH=/home/delewlew/ros2_tutorial_workspace_2/build/the_simplest_python_package/prefix_override:/usr/lib/python3/dist-packages/colcon_core/task/python/colcon_distutils_commands:/home/delewlew/ros2_tutorial_workspace_2/install/the_simplest_python_package/lib/python3.10/site-packages:${PYTHONPATH} /usr/bin/python3 -W ignore:setup.py install is deprecated setup.py egg_info --egg-base ../../build/the_simplest_python_package build --build-base /home/delewlew/ros2_tutorial_workspace_2/build/the_simplest_python_package/build install --record /home/delewlew/ros2_tutorial_workspace_2/build/the_simplest_python_package/install.log --single-version-externally-managed install_data
[3.902s] running egg_info
[3.905s] writing ../../build/the_simplest_python_package/the_simplest_python_package.egg-info/PKG-INFO
[3.906s] writing dependency_links to ../../build/the_simplest_python_package/the_simplest_python_package.egg-info/dependency_links.txt
[3.907s] writing entry points to ../../build/the_simplest_python_package/the_simplest_python_package.egg-info/entry_points.txt
[3.907s] writing requirements to ../../build/the_simplest_python_package/the_simplest_python_package.egg-info/requires.txt
[3.908s] writing top-level names to ../../build/the_simplest_python_package/the_simplest_python_package.egg-info/top_level.txt
[3.912s] reading manifest file '../../build/the_simplest_python_package/the_simplest_python_package.egg-info/SOURCES.txt'
[3.916s] writing manifest file '../../build/the_simplest_python_package/the_simplest_python_package.egg-info/SOURCES.txt'
[3.917s] running build
[3.917s] running build_py
[3.918s] running install
[3.919s] running install_lib
[3.924s] running install_data
[3.926s] running install_egg_info
[3.931s] removing '/home/delewlew/ros2_tutorial_workspace_2/install/the_simplest_python_package/lib/python3.10/site-packages/the_simplest_python_package-0.0.0-py3.10.egg-info' (and everything under it)
[3.932s] Copying ../../build/the_simplest_python_package/the_simplest_python_package.egg-info to /home/delewlew/ros2_tutorial_workspace_2/install/the_simplest_python_package/lib/python3.10/site-packages/the_simplest_python_package-0.0.0-py3.10.egg-info
[3.936s] running install_scripts
[3.988s] writing list of installed files to '/home/delewlew/ros2_tutorial_workspace_2/build/the_simplest_python_package/install.log'
[4.135s] Invoked command in '/home/delewlew/ros2_tutorial_workspace_2/src/the_simplest_python_package' returned '0': PYTHONPATH=/home/delewlew/ros2_tutorial_workspace_2/build/the_simplest_python_package/prefix_override:/usr/lib/python3/dist-packages/colcon_core/task/python/colcon_distutils_commands:/home/delewlew/ros2_tutorial_workspace_2/install/the_simplest_python_package/lib/python3.10/site-packages:${PYTHONPATH} /usr/bin/python3 -W ignore:setup.py install is deprecated setup.py egg_info --egg-base ../../build/the_simplest_python_package build --build-base /home/delewlew/ros2_tutorial_workspace_2/build/the_simplest_python_package/build install --record /home/delewlew/ros2_tutorial_workspace_2/build/the_simplest_python_package/install.log --single-version-externally-managed install_data
