[2.415s] Invoking command in '/home/delewlew/ros2_tutorial_workspace_2/src/the_simplest_python_package': PYTHONPATH=/home/delewlew/ros2_tutorial_workspace_2/src/build/the_simplest_python_package/prefix_override:/usr/lib/python3/dist-packages/colcon_core/task/python/colcon_distutils_commands:/home/delewlew/ros2_tutorial_workspace_2/src/install/the_simplest_python_package/lib/python3.10/site-packages:${PYTHONPATH} /usr/bin/python3 -W ignore:setup.py install is deprecated setup.py egg_info --egg-base ../build/the_simplest_python_package build --build-base /home/delewlew/ros2_tutorial_workspace_2/src/build/the_simplest_python_package/build install --record /home/delewlew/ros2_tutorial_workspace_2/src/build/the_simplest_python_package/install.log --single-version-externally-managed install_data
[3.063s] running egg_info
[3.066s] writing ../build/the_simplest_python_package/the_simplest_python_package.egg-info/PKG-INFO
[3.067s] writing dependency_links to ../build/the_simplest_python_package/the_simplest_python_package.egg-info/dependency_links.txt
[3.069s] writing entry points to ../build/the_simplest_python_package/the_simplest_python_package.egg-info/entry_points.txt
[3.069s] writing requirements to ../build/the_simplest_python_package/the_simplest_python_package.egg-info/requires.txt
[3.070s] writing top-level names to ../build/the_simplest_python_package/the_simplest_python_package.egg-info/top_level.txt
[3.073s] reading manifest file '../build/the_simplest_python_package/the_simplest_python_package.egg-info/SOURCES.txt'
[3.075s] writing manifest file '../build/the_simplest_python_package/the_simplest_python_package.egg-info/SOURCES.txt'
[3.075s] running build
[3.076s] running build_py
[3.077s] running install
[3.077s] running install_lib
[3.081s] running install_data
[3.081s] running install_egg_info
[3.086s] removing '/home/delewlew/ros2_tutorial_workspace_2/src/install/the_simplest_python_package/lib/python3.10/site-packages/the_simplest_python_package-0.0.0-py3.10.egg-info' (and everything under it)
[3.087s] Copying ../build/the_simplest_python_package/the_simplest_python_package.egg-info to /home/delewlew/ros2_tutorial_workspace_2/src/install/the_simplest_python_package/lib/python3.10/site-packages/the_simplest_python_package-0.0.0-py3.10.egg-info
[3.089s] running install_scripts
[3.147s] writing list of installed files to '/home/delewlew/ros2_tutorial_workspace_2/src/build/the_simplest_python_package/install.log'
[3.189s] Invoked command in '/home/delewlew/ros2_tutorial_workspace_2/src/the_simplest_python_package' returned '0': PYTHONPATH=/home/delewlew/ros2_tutorial_workspace_2/src/build/the_simplest_python_package/prefix_override:/usr/lib/python3/dist-packages/colcon_core/task/python/colcon_distutils_commands:/home/delewlew/ros2_tutorial_workspace_2/src/install/the_simplest_python_package/lib/python3.10/site-packages:${PYTHONPATH} /usr/bin/python3 -W ignore:setup.py install is deprecated setup.py egg_info --egg-base ../build/the_simplest_python_package build --build-base /home/delewlew/ros2_tutorial_workspace_2/src/build/the_simplest_python_package/build install --record /home/delewlew/ros2_tutorial_workspace_2/src/build/the_simplest_python_package/install.log --single-version-externally-managed install_data
