[0.876s] Invoking command in '/home/delewlew/assessments/coursework1/src/cooing_code_controller': PYTHONPATH=/home/delewlew/assessments/coursework1/build/cooing_code_controller/prefix_override:/usr/lib/python3/dist-packages/colcon_core/task/python/colcon_distutils_commands:/home/delewlew/assessments/coursework1/install/cooing_code_controller/lib/python3.10/site-packages:${PYTHONPATH} /usr/bin/python3 -W ignore:setup.py install is deprecated setup.py egg_info --egg-base ../../build/cooing_code_controller build --build-base /home/delewlew/assessments/coursework1/build/cooing_code_controller/build install --record /home/delewlew/assessments/coursework1/build/cooing_code_controller/install.log --single-version-externally-managed install_data
[1.134s] running egg_info
[1.134s] creating ../../build/cooing_code_controller/cooing_code_controller.egg-info
[1.135s] writing ../../build/cooing_code_controller/cooing_code_controller.egg-info/PKG-INFO
[1.135s] writing dependency_links to ../../build/cooing_code_controller/cooing_code_controller.egg-info/dependency_links.txt
[1.135s] writing entry points to ../../build/cooing_code_controller/cooing_code_controller.egg-info/entry_points.txt
[1.135s] writing requirements to ../../build/cooing_code_controller/cooing_code_controller.egg-info/requires.txt
[1.135s] writing top-level names to ../../build/cooing_code_controller/cooing_code_controller.egg-info/top_level.txt
[1.135s] writing manifest file '../../build/cooing_code_controller/cooing_code_controller.egg-info/SOURCES.txt'
[1.137s] reading manifest file '../../build/cooing_code_controller/cooing_code_controller.egg-info/SOURCES.txt'
[1.139s] writing manifest file '../../build/cooing_code_controller/cooing_code_controller.egg-info/SOURCES.txt'
[1.139s] running build
[1.140s] running build_py
[1.140s] creating /home/delewlew/assessments/coursework1/build/cooing_code_controller/build
[1.140s] creating /home/delewlew/assessments/coursework1/build/cooing_code_controller/build/lib
[1.140s] creating /home/delewlew/assessments/coursework1/build/cooing_code_controller/build/lib/cooing_code_controller
[1.140s] copying cooing_code_controller/cooing_code_controller_node.py -> /home/delewlew/assessments/coursework1/build/cooing_code_controller/build/lib/cooing_code_controller
[1.140s] copying cooing_code_controller/__init__.py -> /home/delewlew/assessments/coursework1/build/cooing_code_controller/build/lib/cooing_code_controller
[1.141s] running install
[1.141s] running install_lib
[1.142s] creating /home/delewlew/assessments/coursework1/install/cooing_code_controller/lib/python3.10/site-packages/cooing_code_controller
[1.142s] copying /home/delewlew/assessments/coursework1/build/cooing_code_controller/build/lib/cooing_code_controller/cooing_code_controller_node.py -> /home/delewlew/assessments/coursework1/install/cooing_code_controller/lib/python3.10/site-packages/cooing_code_controller
[1.142s] copying /home/delewlew/assessments/coursework1/build/cooing_code_controller/build/lib/cooing_code_controller/__init__.py -> /home/delewlew/assessments/coursework1/install/cooing_code_controller/lib/python3.10/site-packages/cooing_code_controller
[1.142s] byte-compiling /home/delewlew/assessments/coursework1/install/cooing_code_controller/lib/python3.10/site-packages/cooing_code_controller/cooing_code_controller_node.py to cooing_code_controller_node.cpython-310.pyc
[1.144s] byte-compiling /home/delewlew/assessments/coursework1/install/cooing_code_controller/lib/python3.10/site-packages/cooing_code_controller/__init__.py to __init__.cpython-310.pyc
[1.144s] running install_data
[1.145s] creating /home/delewlew/assessments/coursework1/install/cooing_code_controller/share/ament_index
[1.145s] creating /home/delewlew/assessments/coursework1/install/cooing_code_controller/share/ament_index/resource_index
[1.145s] creating /home/delewlew/assessments/coursework1/install/cooing_code_controller/share/ament_index/resource_index/packages
[1.145s] copying resource/cooing_code_controller -> /home/delewlew/assessments/coursework1/install/cooing_code_controller/share/ament_index/resource_index/packages
[1.145s] copying package.xml -> /home/delewlew/assessments/coursework1/install/cooing_code_controller/share/cooing_code_controller
[1.145s] running install_egg_info
[1.147s] Copying ../../build/cooing_code_controller/cooing_code_controller.egg-info to /home/delewlew/assessments/coursework1/install/cooing_code_controller/lib/python3.10/site-packages/cooing_code_controller-0.0.0-py3.10.egg-info
[1.148s] running install_scripts
[1.173s] Installing cooing_code_controller_node script to /home/delewlew/assessments/coursework1/install/cooing_code_controller/lib/cooing_code_controller
[1.174s] writing list of installed files to '/home/delewlew/assessments/coursework1/build/cooing_code_controller/install.log'
[1.203s] Invoked command in '/home/delewlew/assessments/coursework1/src/cooing_code_controller' returned '0': PYTHONPATH=/home/delewlew/assessments/coursework1/build/cooing_code_controller/prefix_override:/usr/lib/python3/dist-packages/colcon_core/task/python/colcon_distutils_commands:/home/delewlew/assessments/coursework1/install/cooing_code_controller/lib/python3.10/site-packages:${PYTHONPATH} /usr/bin/python3 -W ignore:setup.py install is deprecated setup.py egg_info --egg-base ../../build/cooing_code_controller build --build-base /home/delewlew/assessments/coursework1/build/cooing_code_controller/build install --record /home/delewlew/assessments/coursework1/build/cooing_code_controller/install.log --single-version-externally-managed install_data
