[2.302s] Invoking command in '/home/delewlew/software_for_robotics_part2/src/example_gz_robot': PYTHONPATH=/home/delewlew/software_for_robotics_part2/build/example_gz_robot/prefix_override:/usr/lib/python3/dist-packages/colcon_core/task/python/colcon_distutils_commands:/home/delewlew/software_for_robotics_part2/install/example_gz_robot/lib/python3.10/site-packages:${PYTHONPATH} /usr/bin/python3 -W ignore:setup.py install is deprecated setup.py egg_info --egg-base ../../build/example_gz_robot build --build-base /home/delewlew/software_for_robotics_part2/build/example_gz_robot/build install --record /home/delewlew/software_for_robotics_part2/build/example_gz_robot/install.log --single-version-externally-managed install_data
[2.683s] running egg_info
[2.684s] writing ../../build/example_gz_robot/example_gz_robot.egg-info/PKG-INFO
[2.686s] writing dependency_links to ../../build/example_gz_robot/example_gz_robot.egg-info/dependency_links.txt
[2.686s] writing entry points to ../../build/example_gz_robot/example_gz_robot.egg-info/entry_points.txt
[2.686s] writing requirements to ../../build/example_gz_robot/example_gz_robot.egg-info/requires.txt
[2.686s] writing top-level names to ../../build/example_gz_robot/example_gz_robot.egg-info/top_level.txt
[2.688s] reading manifest file '../../build/example_gz_robot/example_gz_robot.egg-info/SOURCES.txt'
[2.690s] writing manifest file '../../build/example_gz_robot/example_gz_robot.egg-info/SOURCES.txt'
[2.690s] running build
[2.690s] running build_py
[2.692s] running install
[2.693s] running install_lib
[2.694s] running install_data
[2.695s] running install_egg_info
[2.698s] removing '/home/delewlew/software_for_robotics_part2/install/example_gz_robot/lib/python3.10/site-packages/example_gz_robot-0.0.0-py3.10.egg-info' (and everything under it)
[2.701s] Copying ../../build/example_gz_robot/example_gz_robot.egg-info to /home/delewlew/software_for_robotics_part2/install/example_gz_robot/lib/python3.10/site-packages/example_gz_robot-0.0.0-py3.10.egg-info
[2.701s] running install_scripts
[2.729s] writing list of installed files to '/home/delewlew/software_for_robotics_part2/build/example_gz_robot/install.log'
[2.769s] Invoked command in '/home/delewlew/software_for_robotics_part2/src/example_gz_robot' returned '0': PYTHONPATH=/home/delewlew/software_for_robotics_part2/build/example_gz_robot/prefix_override:/usr/lib/python3/dist-packages/colcon_core/task/python/colcon_distutils_commands:/home/delewlew/software_for_robotics_part2/install/example_gz_robot/lib/python3.10/site-packages:${PYTHONPATH} /usr/bin/python3 -W ignore:setup.py install is deprecated setup.py egg_info --egg-base ../../build/example_gz_robot build --build-base /home/delewlew/software_for_robotics_part2/build/example_gz_robot/build install --record /home/delewlew/software_for_robotics_part2/build/example_gz_robot/install.log --single-version-externally-managed install_data
