[0.531s] Invoking command in '/home/delewlew/assessments/week8/src/CA8_package_incomplete': PYTHONPATH=/home/delewlew/assessments/week8/src/build/CA8_package_incomplete/prefix_override:/usr/lib/python3/dist-packages/colcon_core/task/python/colcon_distutils_commands:/home/delewlew/assessments/week8/src/install/CA8_package_incomplete/lib/python3.10/site-packages:${PYTHONPATH} /usr/bin/python3 -W ignore:setup.py install is deprecated setup.py egg_info --egg-base ../build/CA8_package_incomplete build --build-base /home/delewlew/assessments/week8/src/build/CA8_package_incomplete/build install --record /home/delewlew/assessments/week8/src/build/CA8_package_incomplete/install.log --single-version-externally-managed install_data
[0.727s] running egg_info
[0.728s] writing ../build/CA8_package_incomplete/CA8_package_incomplete.egg-info/PKG-INFO
[0.729s] writing dependency_links to ../build/CA8_package_incomplete/CA8_package_incomplete.egg-info/dependency_links.txt
[0.729s] writing entry points to ../build/CA8_package_incomplete/CA8_package_incomplete.egg-info/entry_points.txt
[0.729s] writing requirements to ../build/CA8_package_incomplete/CA8_package_incomplete.egg-info/requires.txt
[0.729s] writing top-level names to ../build/CA8_package_incomplete/CA8_package_incomplete.egg-info/top_level.txt
[0.732s] reading manifest file '../build/CA8_package_incomplete/CA8_package_incomplete.egg-info/SOURCES.txt'
[0.732s] adding license file 'LICENSE'
[0.733s] writing manifest file '../build/CA8_package_incomplete/CA8_package_incomplete.egg-info/SOURCES.txt'
[0.733s] running build
[0.733s] running build_py
[0.734s] running install
[0.734s] running install_lib
[0.736s] running install_data
[0.736s] copying launch/sim_robot.launch.py -> /home/delewlew/assessments/week8/src/install/CA8_package_incomplete/share/CA8_package_incomplete/launch
[0.736s] running install_egg_info
[0.744s] removing '/home/delewlew/assessments/week8/src/install/CA8_package_incomplete/lib/python3.10/site-packages/CA8_package_incomplete-0.0.0-py3.10.egg-info' (and everything under it)
[0.744s] Copying ../build/CA8_package_incomplete/CA8_package_incomplete.egg-info to /home/delewlew/assessments/week8/src/install/CA8_package_incomplete/lib/python3.10/site-packages/CA8_package_incomplete-0.0.0-py3.10.egg-info
[0.744s] running install_scripts
[0.772s] writing list of installed files to '/home/delewlew/assessments/week8/src/build/CA8_package_incomplete/install.log'
[0.791s] Invoked command in '/home/delewlew/assessments/week8/src/CA8_package_incomplete' returned '0': PYTHONPATH=/home/delewlew/assessments/week8/src/build/CA8_package_incomplete/prefix_override:/usr/lib/python3/dist-packages/colcon_core/task/python/colcon_distutils_commands:/home/delewlew/assessments/week8/src/install/CA8_package_incomplete/lib/python3.10/site-packages:${PYTHONPATH} /usr/bin/python3 -W ignore:setup.py install is deprecated setup.py egg_info --egg-base ../build/CA8_package_incomplete build --build-base /home/delewlew/assessments/week8/src/build/CA8_package_incomplete/build install --record /home/delewlew/assessments/week8/src/build/CA8_package_incomplete/install.log --single-version-externally-managed install_data
