[0.407s] Invoking command in '/home/delewlew/assessments/week10/cesky_fousek_pkg': PYTHONPATH=/home/delewlew/assessments/week10/build/cesky_fousek_pkg/prefix_override:/usr/lib/python3/dist-packages/colcon_core/task/python/colcon_distutils_commands:/home/delewlew/assessments/week10/install/cesky_fousek_pkg/lib/python3.10/site-packages:${PYTHONPATH} /usr/bin/python3 -W ignore:setup.py install is deprecated setup.py egg_info --egg-base ../build/cesky_fousek_pkg build --build-base /home/delewlew/assessments/week10/build/cesky_fousek_pkg/build install --record /home/delewlew/assessments/week10/build/cesky_fousek_pkg/install.log --single-version-externally-managed install_data
[0.578s] running egg_info
[0.579s] writing ../build/cesky_fousek_pkg/cesky_fousek_pkg.egg-info/PKG-INFO
[0.579s] writing dependency_links to ../build/cesky_fousek_pkg/cesky_fousek_pkg.egg-info/dependency_links.txt
[0.579s] writing entry points to ../build/cesky_fousek_pkg/cesky_fousek_pkg.egg-info/entry_points.txt
[0.579s] writing requirements to ../build/cesky_fousek_pkg/cesky_fousek_pkg.egg-info/requires.txt
[0.579s] writing top-level names to ../build/cesky_fousek_pkg/cesky_fousek_pkg.egg-info/top_level.txt
[0.581s] reading manifest file '../build/cesky_fousek_pkg/cesky_fousek_pkg.egg-info/SOURCES.txt'
[0.581s] writing manifest file '../build/cesky_fousek_pkg/cesky_fousek_pkg.egg-info/SOURCES.txt'
[0.581s] running build
[0.581s] running build_py
[0.581s] running install
[0.581s] running install_lib
[0.582s] running install_data
[0.582s] running install_egg_info
[0.583s] removing '/home/delewlew/assessments/week10/install/cesky_fousek_pkg/lib/python3.10/site-packages/cesky_fousek_pkg-0.0.0-py3.10.egg-info' (and everything under it)
[0.583s] Copying ../build/cesky_fousek_pkg/cesky_fousek_pkg.egg-info to /home/delewlew/assessments/week10/install/cesky_fousek_pkg/lib/python3.10/site-packages/cesky_fousek_pkg-0.0.0-py3.10.egg-info
[0.584s] running install_scripts
[0.598s] writing list of installed files to '/home/delewlew/assessments/week10/build/cesky_fousek_pkg/install.log'
[0.615s] Invoked command in '/home/delewlew/assessments/week10/cesky_fousek_pkg' returned '0': PYTHONPATH=/home/delewlew/assessments/week10/build/cesky_fousek_pkg/prefix_override:/usr/lib/python3/dist-packages/colcon_core/task/python/colcon_distutils_commands:/home/delewlew/assessments/week10/install/cesky_fousek_pkg/lib/python3.10/site-packages:${PYTHONPATH} /usr/bin/python3 -W ignore:setup.py install is deprecated setup.py egg_info --egg-base ../build/cesky_fousek_pkg build --build-base /home/delewlew/assessments/week10/build/cesky_fousek_pkg/build install --record /home/delewlew/assessments/week10/build/cesky_fousek_pkg/install.log --single-version-externally-managed install_data
