[0.444s] Invoking command in '/home/delewlew/ros2_tutorial_workspace_2/src/example_urdf_description': PYTHONPATH=/home/delewlew/ros2_tutorial_workspace_2/build/example_urdf_description/prefix_override:/usr/lib/python3/dist-packages/colcon_core/task/python/colcon_distutils_commands:/home/delewlew/ros2_tutorial_workspace_2/install/example_urdf_description/lib/python3.10/site-packages:${PYTHONPATH} /usr/bin/python3 -W ignore:setup.py install is deprecated setup.py egg_info --egg-base ../../build/example_urdf_description build --build-base /home/delewlew/ros2_tutorial_workspace_2/build/example_urdf_description/build install --record /home/delewlew/ros2_tutorial_workspace_2/build/example_urdf_description/install.log --single-version-externally-managed install_data
[0.592s] running egg_info
[0.593s] creating ../../build/example_urdf_description/example_urdf_description.egg-info
[0.593s] writing ../../build/example_urdf_description/example_urdf_description.egg-info/PKG-INFO
[0.593s] writing dependency_links to ../../build/example_urdf_description/example_urdf_description.egg-info/dependency_links.txt
[0.593s] writing entry points to ../../build/example_urdf_description/example_urdf_description.egg-info/entry_points.txt
[0.593s] writing requirements to ../../build/example_urdf_description/example_urdf_description.egg-info/requires.txt
[0.593s] writing top-level names to ../../build/example_urdf_description/example_urdf_description.egg-info/top_level.txt
[0.593s] writing manifest file '../../build/example_urdf_description/example_urdf_description.egg-info/SOURCES.txt'
[0.594s] reading manifest file '../../build/example_urdf_description/example_urdf_description.egg-info/SOURCES.txt'
[0.594s] adding license file 'LICENSE'
[0.594s] writing manifest file '../../build/example_urdf_description/example_urdf_description.egg-info/SOURCES.txt'
[0.594s] running build
[0.595s] running build_py
[0.595s] creating /home/delewlew/ros2_tutorial_workspace_2/build/example_urdf_description/build
[0.595s] creating /home/delewlew/ros2_tutorial_workspace_2/build/example_urdf_description/build/lib
[0.595s] creating /home/delewlew/ros2_tutorial_workspace_2/build/example_urdf_description/build/lib/example_urdf_description
[0.595s] copying example_urdf_description/__init__.py -> /home/delewlew/ros2_tutorial_workspace_2/build/example_urdf_description/build/lib/example_urdf_description
[0.595s] running install
[0.595s] running install_lib
[0.595s] creating /home/delewlew/ros2_tutorial_workspace_2/install/example_urdf_description/lib/python3.10/site-packages/example_urdf_description
[0.595s] copying /home/delewlew/ros2_tutorial_workspace_2/build/example_urdf_description/build/lib/example_urdf_description/__init__.py -> /home/delewlew/ros2_tutorial_workspace_2/install/example_urdf_description/lib/python3.10/site-packages/example_urdf_description
[0.596s] byte-compiling /home/delewlew/ros2_tutorial_workspace_2/install/example_urdf_description/lib/python3.10/site-packages/example_urdf_description/__init__.py to __init__.cpython-310.pyc
[0.596s] running install_data
[0.596s] creating /home/delewlew/ros2_tutorial_workspace_2/install/example_urdf_description/share/ament_index
[0.596s] creating /home/delewlew/ros2_tutorial_workspace_2/install/example_urdf_description/share/ament_index/resource_index
[0.596s] creating /home/delewlew/ros2_tutorial_workspace_2/install/example_urdf_description/share/ament_index/resource_index/packages
[0.596s] copying resource/example_urdf_description -> /home/delewlew/ros2_tutorial_workspace_2/install/example_urdf_description/share/ament_index/resource_index/packages
[0.596s] copying package.xml -> /home/delewlew/ros2_tutorial_workspace_2/install/example_urdf_description/share/example_urdf_description
[0.596s] creating /home/delewlew/ros2_tutorial_workspace_2/install/example_urdf_description/share/example_urdf_description/urdf
[0.597s] copying urdf/diff_drive.urdf -> /home/delewlew/ros2_tutorial_workspace_2/install/example_urdf_description/share/example_urdf_description/urdf
[0.597s] creating /home/delewlew/ros2_tutorial_workspace_2/install/example_urdf_description/share/example_urdf_description/meshes
[0.597s] running install_egg_info
[0.597s] Copying ../../build/example_urdf_description/example_urdf_description.egg-info to /home/delewlew/ros2_tutorial_workspace_2/install/example_urdf_description/lib/python3.10/site-packages/example_urdf_description-0.0.0-py3.10.egg-info
[0.598s] running install_scripts
[0.612s] writing list of installed files to '/home/delewlew/ros2_tutorial_workspace_2/build/example_urdf_description/install.log'
[0.629s] Invoked command in '/home/delewlew/ros2_tutorial_workspace_2/src/example_urdf_description' returned '0': PYTHONPATH=/home/delewlew/ros2_tutorial_workspace_2/build/example_urdf_description/prefix_override:/usr/lib/python3/dist-packages/colcon_core/task/python/colcon_distutils_commands:/home/delewlew/ros2_tutorial_workspace_2/install/example_urdf_description/lib/python3.10/site-packages:${PYTHONPATH} /usr/bin/python3 -W ignore:setup.py install is deprecated setup.py egg_info --egg-base ../../build/example_urdf_description build --build-base /home/delewlew/ros2_tutorial_workspace_2/build/example_urdf_description/build install --record /home/delewlew/ros2_tutorial_workspace_2/build/example_urdf_description/install.log --single-version-externally-managed install_data
