running egg_info
creating ../../build/week10_exercise_2/week10_exercise_2.egg-info
writing ../../build/week10_exercise_2/week10_exercise_2.egg-info/PKG-INFO
writing dependency_links to ../../build/week10_exercise_2/week10_exercise_2.egg-info/dependency_links.txt
writing entry points to ../../build/week10_exercise_2/week10_exercise_2.egg-info/entry_points.txt
writing requirements to ../../build/week10_exercise_2/week10_exercise_2.egg-info/requires.txt
writing top-level names to ../../build/week10_exercise_2/week10_exercise_2.egg-info/top_level.txt
writing manifest file '../../build/week10_exercise_2/week10_exercise_2.egg-info/SOURCES.txt'
reading manifest file '../../build/week10_exercise_2/week10_exercise_2.egg-info/SOURCES.txt'
writing manifest file '../../build/week10_exercise_2/week10_exercise_2.egg-info/SOURCES.txt'
running build
running build_py
creating /home/delewlew/software_for_robotics_part2/build/week10_exercise_2/build
creating /home/delewlew/software_for_robotics_part2/build/week10_exercise_2/build/lib
creating /home/delewlew/software_for_robotics_part2/build/week10_exercise_2/build/lib/week10_exercise2
copying week10_exercise2/__init__.py -> /home/delewlew/software_for_robotics_part2/build/week10_exercise_2/build/lib/week10_exercise2
running install
running install_lib
creating /home/delewlew/software_for_robotics_part2/install/week10_exercise_2/lib/python3.10/site-packages/week10_exercise2
copying /home/delewlew/software_for_robotics_part2/build/week10_exercise_2/build/lib/week10_exercise2/__init__.py -> /home/delewlew/software_for_robotics_part2/install/week10_exercise_2/lib/python3.10/site-packages/week10_exercise2
byte-compiling /home/delewlew/software_for_robotics_part2/install/week10_exercise_2/lib/python3.10/site-packages/week10_exercise2/__init__.py to __init__.cpython-310.pyc
running install_data
creating /home/delewlew/software_for_robotics_part2/install/week10_exercise_2/share/ament_index
creating /home/delewlew/software_for_robotics_part2/install/week10_exercise_2/share/ament_index/resource_index
creating /home/delewlew/software_for_robotics_part2/install/week10_exercise_2/share/ament_index/resource_index/packages
copying resource/week10_exercise_2 -> /home/delewlew/software_for_robotics_part2/install/week10_exercise_2/share/ament_index/resource_index/packages
copying package.xml -> /home/delewlew/software_for_robotics_part2/install/week10_exercise_2/share/week10_exercise_2
creating /home/delewlew/software_for_robotics_part2/install/week10_exercise_2/share/week10_exercise_2/launch
copying launch/nav_demo.launch.py -> /home/delewlew/software_for_robotics_part2/install/week10_exercise_2/share/week10_exercise_2/launch
creating /home/delewlew/software_for_robotics_part2/install/week10_exercise_2/share/week10_exercise_2/config
copying config/bt_nav.yaml -> /home/delewlew/software_for_robotics_part2/install/week10_exercise_2/share/week10_exercise_2/config
copying config/controller.yaml -> /home/delewlew/software_for_robotics_part2/install/week10_exercise_2/share/week10_exercise_2/config
copying config/planner.yaml -> /home/delewlew/software_for_robotics_part2/install/week10_exercise_2/share/week10_exercise_2/config
running install_egg_info
Copying ../../build/week10_exercise_2/week10_exercise_2.egg-info to /home/delewlew/software_for_robotics_part2/install/week10_exercise_2/lib/python3.10/site-packages/week10_exercise_2-0.0.0-py3.10.egg-info
running install_scripts
writing list of installed files to '/home/delewlew/software_for_robotics_part2/build/week10_exercise_2/install.log'
