[0.123s] DEBUG:colcon:Command line arguments: ['/usr/bin/colcon', 'build']
[0.123s] DEBUG:colcon:Parsed command line arguments: Namespace(log_base=None, log_level=None, verb_name='build', build_base='build', install_base='install', merge_install=False, symlink_install=False, test_result_base=None, continue_on_error=False, executor='parallel', parallel_workers=12, event_handlers=None, ignore_user_meta=False, metas=['./colcon.meta'], base_paths=['.'], packages_ignore=None, packages_ignore_regex=None, paths=None, packages_up_to=None, packages_up_to_regex=None, packages_above=None, packages_above_and_dependencies=None, packages_above_depth=None, packages_select_by_dep=None, packages_skip_by_dep=None, packages_skip_up_to=None, packages_select_build_failed=False, packages_skip_build_finished=False, packages_select_test_failures=False, packages_skip_test_passed=False, packages_select=None, packages_skip=None, packages_select_regex=None, packages_skip_regex=None, packages_start=None, packages_end=None, allow_overriding=[], cmake_args=None, cmake_target=None, cmake_target_skip_unavailable=False, cmake_clean_cache=False, cmake_clean_first=False, cmake_force_configure=False, ament_cmake_args=None, catkin_cmake_args=None, catkin_skip_building_tests=False, mixin_files=None, mixin=None, verb_parser=<colcon_mixin.mixin.mixin_argument.MixinArgumentDecorator object at 0x7ee658a159f0>, verb_extension=<colcon_core.verb.build.BuildVerb object at 0x7ee658b3dff0>, main=<bound method BuildVerb.main of <colcon_core.verb.build.BuildVerb object at 0x7ee658b3dff0>>, mixin_verb=('build',))
[0.280s] Level 1:colcon.colcon_core.package_discovery:discover_packages(colcon_meta) check parameters
[0.280s] Level 1:colcon.colcon_core.package_discovery:discover_packages(recursive) check parameters
[0.280s] Level 1:colcon.colcon_core.package_discovery:discover_packages(ignore) check parameters
[0.280s] Level 1:colcon.colcon_core.package_discovery:discover_packages(path) check parameters
[0.280s] Level 1:colcon.colcon_core.package_discovery:discover_packages(colcon_meta) discover
[0.280s] Level 1:colcon.colcon_core.package_discovery:discover_packages(recursive) discover
[0.280s] INFO:colcon.colcon_core.package_discovery:Crawling recursively for packages in '/home/delewlew/assessments/coursework1/src'
[0.280s] Level 1:colcon.colcon_core.package_identification:_identify(.) by extensions ['ignore', 'ignore_ament_install']
[0.280s] Level 1:colcon.colcon_core.package_identification:_identify(.) by extension 'ignore'
[0.280s] Level 1:colcon.colcon_core.package_identification:_identify(.) by extension 'ignore_ament_install'
[0.281s] Level 1:colcon.colcon_core.package_identification:_identify(.) by extensions ['colcon_pkg']
[0.281s] Level 1:colcon.colcon_core.package_identification:_identify(.) by extension 'colcon_pkg'
[0.281s] Level 1:colcon.colcon_core.package_identification:_identify(.) by extensions ['colcon_meta']
[0.281s] Level 1:colcon.colcon_core.package_identification:_identify(.) by extension 'colcon_meta'
[0.281s] Level 1:colcon.colcon_core.package_identification:_identify(.) by extensions ['ros']
[0.281s] Level 1:colcon.colcon_core.package_identification:_identify(.) by extension 'ros'
[0.294s] Level 1:colcon.colcon_core.package_identification:_identify(.) by extensions ['cmake', 'python']
[0.294s] Level 1:colcon.colcon_core.package_identification:_identify(.) by extension 'cmake'
[0.295s] Level 1:colcon.colcon_core.package_identification:_identify(.) by extension 'python'
[0.295s] Level 1:colcon.colcon_core.package_identification:_identify(.) by extensions ['python_setup_py']
[0.295s] Level 1:colcon.colcon_core.package_identification:_identify(.) by extension 'python_setup_py'
[0.295s] Level 1:colcon.colcon_core.package_identification:_identify(build) by extensions ['ignore', 'ignore_ament_install']
[0.295s] Level 1:colcon.colcon_core.package_identification:_identify(build) by extension 'ignore'
[0.295s] Level 1:colcon.colcon_core.package_identification:_identify(build) ignored
[0.295s] Level 1:colcon.colcon_core.package_identification:_identify(cooing_code_controller) by extensions ['ignore', 'ignore_ament_install']
[0.295s] Level 1:colcon.colcon_core.package_identification:_identify(cooing_code_controller) by extension 'ignore'
[0.295s] Level 1:colcon.colcon_core.package_identification:_identify(cooing_code_controller) by extension 'ignore_ament_install'
[0.295s] Level 1:colcon.colcon_core.package_identification:_identify(cooing_code_controller) by extensions ['colcon_pkg']
[0.295s] Level 1:colcon.colcon_core.package_identification:_identify(cooing_code_controller) by extension 'colcon_pkg'
[0.295s] Level 1:colcon.colcon_core.package_identification:_identify(cooing_code_controller) by extensions ['colcon_meta']
[0.295s] Level 1:colcon.colcon_core.package_identification:_identify(cooing_code_controller) by extension 'colcon_meta'
[0.295s] Level 1:colcon.colcon_core.package_identification:_identify(cooing_code_controller) by extensions ['ros']
[0.295s] Level 1:colcon.colcon_core.package_identification:_identify(cooing_code_controller) by extension 'ros'
[0.298s] DEBUG:colcon.colcon_core.package_identification:Package 'cooing_code_controller' with type 'ros.ament_python' and name 'cooing_code_controller'
[0.298s] Level 1:colcon.colcon_core.package_identification:_identify(cooing_code_interfaces) by extensions ['ignore', 'ignore_ament_install']
[0.298s] Level 1:colcon.colcon_core.package_identification:_identify(cooing_code_interfaces) by extension 'ignore'
[0.299s] Level 1:colcon.colcon_core.package_identification:_identify(cooing_code_interfaces) by extension 'ignore_ament_install'
[0.299s] Level 1:colcon.colcon_core.package_identification:_identify(cooing_code_interfaces) by extensions ['colcon_pkg']
[0.299s] Level 1:colcon.colcon_core.package_identification:_identify(cooing_code_interfaces) by extension 'colcon_pkg'
[0.299s] Level 1:colcon.colcon_core.package_identification:_identify(cooing_code_interfaces) by extensions ['colcon_meta']
[0.299s] Level 1:colcon.colcon_core.package_identification:_identify(cooing_code_interfaces) by extension 'colcon_meta'
[0.299s] Level 1:colcon.colcon_core.package_identification:_identify(cooing_code_interfaces) by extensions ['ros']
[0.299s] Level 1:colcon.colcon_core.package_identification:_identify(cooing_code_interfaces) by extension 'ros'
[0.299s] DEBUG:colcon.colcon_core.package_identification:Package 'cooing_code_interfaces' with type 'ros.ament_cmake' and name 'cooing_code_interfaces'
[0.300s] Level 1:colcon.colcon_core.package_identification:_identify(cooing_code_pkg) by extensions ['ignore', 'ignore_ament_install']
[0.300s] Level 1:colcon.colcon_core.package_identification:_identify(cooing_code_pkg) by extension 'ignore'
[0.300s] Level 1:colcon.colcon_core.package_identification:_identify(cooing_code_pkg) by extension 'ignore_ament_install'
[0.300s] Level 1:colcon.colcon_core.package_identification:_identify(cooing_code_pkg) by extensions ['colcon_pkg']
[0.300s] Level 1:colcon.colcon_core.package_identification:_identify(cooing_code_pkg) by extension 'colcon_pkg'
[0.300s] Level 1:colcon.colcon_core.package_identification:_identify(cooing_code_pkg) by extensions ['colcon_meta']
[0.300s] Level 1:colcon.colcon_core.package_identification:_identify(cooing_code_pkg) by extension 'colcon_meta'
[0.300s] Level 1:colcon.colcon_core.package_identification:_identify(cooing_code_pkg) by extensions ['ros']
[0.300s] Level 1:colcon.colcon_core.package_identification:_identify(cooing_code_pkg) by extension 'ros'
[0.301s] DEBUG:colcon.colcon_core.package_identification:Package 'cooing_code_pkg' with type 'ros.ament_python' and name 'cooing_code_pkg'
[0.301s] Level 1:colcon.colcon_core.package_identification:_identify(install) by extensions ['ignore', 'ignore_ament_install']
[0.301s] Level 1:colcon.colcon_core.package_identification:_identify(install) by extension 'ignore'
[0.301s] Level 1:colcon.colcon_core.package_identification:_identify(install) ignored
[0.301s] Level 1:colcon.colcon_core.package_identification:_identify(log) by extensions ['ignore', 'ignore_ament_install']
[0.301s] Level 1:colcon.colcon_core.package_identification:_identify(log) by extension 'ignore'
[0.301s] Level 1:colcon.colcon_core.package_identification:_identify(log) ignored
[0.301s] Level 1:colcon.colcon_core.package_discovery:discover_packages(recursive) using defaults
[0.302s] Level 1:colcon.colcon_core.package_discovery:discover_packages(ignore) discover
[0.302s] Level 1:colcon.colcon_core.package_discovery:discover_packages(ignore) using defaults
[0.302s] Level 1:colcon.colcon_core.package_discovery:discover_packages(path) discover
[0.302s] Level 1:colcon.colcon_core.package_discovery:discover_packages(path) using defaults
[0.339s] Level 1:colcon.colcon_core.package_discovery:discover_packages(prefix_path) check parameters
[0.339s] Level 1:colcon.colcon_core.package_discovery:discover_packages(prefix_path) discover
[0.341s] DEBUG:colcon.colcon_installed_package_information.package_discovery:Found 3 installed packages in /home/delewlew/assessments/coursework1/src/install
[0.343s] DEBUG:colcon.colcon_installed_package_information.package_discovery:Found 274 installed packages in /opt/ros/humble
[0.344s] Level 1:colcon.colcon_core.package_discovery:discover_packages(prefix_path) using defaults
[0.388s] Level 5:colcon.colcon_core.verb:set package 'cooing_code_controller' build argument 'cmake_args' from command line to 'None'
[0.389s] Level 5:colcon.colcon_core.verb:set package 'cooing_code_controller' build argument 'cmake_target' from command line to 'None'
[0.389s] Level 5:colcon.colcon_core.verb:set package 'cooing_code_controller' build argument 'cmake_target_skip_unavailable' from command line to 'False'
[0.389s] Level 5:colcon.colcon_core.verb:set package 'cooing_code_controller' build argument 'cmake_clean_cache' from command line to 'False'
[0.389s] Level 5:colcon.colcon_core.verb:set package 'cooing_code_controller' build argument 'cmake_clean_first' from command line to 'False'
[0.389s] Level 5:colcon.colcon_core.verb:set package 'cooing_code_controller' build argument 'cmake_force_configure' from command line to 'False'
[0.389s] Level 5:colcon.colcon_core.verb:set package 'cooing_code_controller' build argument 'ament_cmake_args' from command line to 'None'
[0.389s] Level 5:colcon.colcon_core.verb:set package 'cooing_code_controller' build argument 'catkin_cmake_args' from command line to 'None'
[0.389s] Level 5:colcon.colcon_core.verb:set package 'cooing_code_controller' build argument 'catkin_skip_building_tests' from command line to 'False'
[0.389s] DEBUG:colcon.colcon_core.verb:Building package 'cooing_code_controller' with the following arguments: {'ament_cmake_args': None, 'build_base': '/home/delewlew/assessments/coursework1/src/build/cooing_code_controller', 'catkin_cmake_args': None, 'catkin_skip_building_tests': False, 'cmake_args': None, 'cmake_clean_cache': False, 'cmake_clean_first': False, 'cmake_force_configure': False, 'cmake_target': None, 'cmake_target_skip_unavailable': False, 'install_base': '/home/delewlew/assessments/coursework1/src/install/cooing_code_controller', 'merge_install': False, 'path': '/home/delewlew/assessments/coursework1/src/cooing_code_controller', 'symlink_install': False, 'test_result_base': None}
[0.389s] Level 5:colcon.colcon_core.verb:set package 'cooing_code_interfaces' build argument 'cmake_args' from command line to 'None'
[0.389s] Level 5:colcon.colcon_core.verb:set package 'cooing_code_interfaces' build argument 'cmake_target' from command line to 'None'
[0.389s] Level 5:colcon.colcon_core.verb:set package 'cooing_code_interfaces' build argument 'cmake_target_skip_unavailable' from command line to 'False'
[0.389s] Level 5:colcon.colcon_core.verb:set package 'cooing_code_interfaces' build argument 'cmake_clean_cache' from command line to 'False'
[0.389s] Level 5:colcon.colcon_core.verb:set package 'cooing_code_interfaces' build argument 'cmake_clean_first' from command line to 'False'
[0.389s] Level 5:colcon.colcon_core.verb:set package 'cooing_code_interfaces' build argument 'cmake_force_configure' from command line to 'False'
[0.389s] Level 5:colcon.colcon_core.verb:set package 'cooing_code_interfaces' build argument 'ament_cmake_args' from command line to 'None'
[0.390s] Level 5:colcon.colcon_core.verb:set package 'cooing_code_interfaces' build argument 'catkin_cmake_args' from command line to 'None'
[0.390s] Level 5:colcon.colcon_core.verb:set package 'cooing_code_interfaces' build argument 'catkin_skip_building_tests' from command line to 'False'
[0.390s] DEBUG:colcon.colcon_core.verb:Building package 'cooing_code_interfaces' with the following arguments: {'ament_cmake_args': None, 'build_base': '/home/delewlew/assessments/coursework1/src/build/cooing_code_interfaces', 'catkin_cmake_args': None, 'catkin_skip_building_tests': False, 'cmake_args': None, 'cmake_clean_cache': False, 'cmake_clean_first': False, 'cmake_force_configure': False, 'cmake_target': None, 'cmake_target_skip_unavailable': False, 'install_base': '/home/delewlew/assessments/coursework1/src/install/cooing_code_interfaces', 'merge_install': False, 'path': '/home/delewlew/assessments/coursework1/src/cooing_code_interfaces', 'symlink_install': False, 'test_result_base': None}
[0.390s] Level 5:colcon.colcon_core.verb:set package 'cooing_code_pkg' build argument 'cmake_args' from command line to 'None'
[0.390s] Level 5:colcon.colcon_core.verb:set package 'cooing_code_pkg' build argument 'cmake_target' from command line to 'None'
[0.390s] Level 5:colcon.colcon_core.verb:set package 'cooing_code_pkg' build argument 'cmake_target_skip_unavailable' from command line to 'False'
[0.390s] Level 5:colcon.colcon_core.verb:set package 'cooing_code_pkg' build argument 'cmake_clean_cache' from command line to 'False'
[0.390s] Level 5:colcon.colcon_core.verb:set package 'cooing_code_pkg' build argument 'cmake_clean_first' from command line to 'False'
[0.390s] Level 5:colcon.colcon_core.verb:set package 'cooing_code_pkg' build argument 'cmake_force_configure' from command line to 'False'
[0.390s] Level 5:colcon.colcon_core.verb:set package 'cooing_code_pkg' build argument 'ament_cmake_args' from command line to 'None'
[0.390s] Level 5:colcon.colcon_core.verb:set package 'cooing_code_pkg' build argument 'catkin_cmake_args' from command line to 'None'
[0.390s] Level 5:colcon.colcon_core.verb:set package 'cooing_code_pkg' build argument 'catkin_skip_building_tests' from command line to 'False'
[0.390s] DEBUG:colcon.colcon_core.verb:Building package 'cooing_code_pkg' with the following arguments: {'ament_cmake_args': None, 'build_base': '/home/delewlew/assessments/coursework1/src/build/cooing_code_pkg', 'catkin_cmake_args': None, 'catkin_skip_building_tests': False, 'cmake_args': None, 'cmake_clean_cache': False, 'cmake_clean_first': False, 'cmake_force_configure': False, 'cmake_target': None, 'cmake_target_skip_unavailable': False, 'install_base': '/home/delewlew/assessments/coursework1/src/install/cooing_code_pkg', 'merge_install': False, 'path': '/home/delewlew/assessments/coursework1/src/cooing_code_pkg', 'symlink_install': False, 'test_result_base': None}
[0.390s] INFO:colcon.colcon_core.executor:Executing jobs using 'parallel' executor
[0.393s] DEBUG:colcon.colcon_parallel_executor.executor.parallel:run_until_complete
[0.393s] INFO:colcon.colcon_ros.task.ament_cmake.build:Building ROS package in '/home/delewlew/assessments/coursework1/src/cooing_code_interfaces' with build type 'ament_cmake'
[0.394s] INFO:colcon.colcon_cmake.task.cmake.build:Building CMake package in '/home/delewlew/assessments/coursework1/src/cooing_code_interfaces'
[0.397s] INFO:colcon.colcon_core.plugin_system:Skipping extension 'colcon_core.shell.bat': Not used on non-Windows systems
[0.397s] INFO:colcon.colcon_core.shell:Skip shell extension 'powershell' for command environment: Not usable outside of PowerShell
[0.397s] DEBUG:colcon.colcon_core.shell:Skip shell extension 'dsv' for command environment
[0.402s] INFO:colcon.colcon_ros.task.ament_python.build:Building ROS package in '/home/delewlew/assessments/coursework1/src/cooing_code_controller' with build type 'ament_python'
[0.402s] Level 1:colcon.colcon_core.shell:create_environment_hook('cooing_code_controller', 'ament_prefix_path')
[0.403s] INFO:colcon.colcon_core.shell:Creating environment hook '/home/delewlew/assessments/coursework1/src/install/cooing_code_controller/share/cooing_code_controller/hook/ament_prefix_path.ps1'
[0.404s] INFO:colcon.colcon_core.shell:Creating environment descriptor '/home/delewlew/assessments/coursework1/src/install/cooing_code_controller/share/cooing_code_controller/hook/ament_prefix_path.dsv'
[0.405s] INFO:colcon.colcon_core.shell:Creating environment hook '/home/delewlew/assessments/coursework1/src/install/cooing_code_controller/share/cooing_code_controller/hook/ament_prefix_path.sh'
[0.408s] INFO:colcon.colcon_core.shell:Skip shell extension 'powershell' for command environment: Not usable outside of PowerShell
[0.409s] DEBUG:colcon.colcon_core.shell:Skip shell extension 'dsv' for command environment
[0.435s] DEBUG:colcon.colcon_core.event_handler.log_command:Invoking command in '/home/delewlew/assessments/coursework1/src/build/cooing_code_interfaces': CMAKE_PREFIX_PATH=${CMAKE_PREFIX_PATH}:/home/delewlew/assessments/coursework1/src/install/cooing_code_pkg:/home/delewlew/assessments/coursework1/src/install/cooing_code_controller:/opt/ros/humble /usr/bin/cmake --build /home/delewlew/assessments/coursework1/src/build/cooing_code_interfaces -- -j12 -l12
[1.055s] INFO:colcon.colcon_core.task.python.build:Building Python package in '/home/delewlew/assessments/coursework1/src/cooing_code_controller'
[1.056s] INFO:colcon.colcon_core.shell:Skip shell extension 'powershell' for command environment: Not usable outside of PowerShell
[1.056s] DEBUG:colcon.colcon_core.shell:Skip shell extension 'dsv' for command environment
[1.271s] DEBUG:colcon.colcon_core.event_handler.log_command:Invoked command in '/home/delewlew/assessments/coursework1/src/build/cooing_code_interfaces' returned '0': CMAKE_PREFIX_PATH=${CMAKE_PREFIX_PATH}:/home/delewlew/assessments/coursework1/src/install/cooing_code_pkg:/home/delewlew/assessments/coursework1/src/install/cooing_code_controller:/opt/ros/humble /usr/bin/cmake --build /home/delewlew/assessments/coursework1/src/build/cooing_code_interfaces -- -j12 -l12
[1.594s] DEBUG:colcon.colcon_core.event_handler.log_command:Invoking command in '/home/delewlew/assessments/coursework1/src/build/cooing_code_interfaces': CMAKE_PREFIX_PATH=${CMAKE_PREFIX_PATH}:/home/delewlew/assessments/coursework1/src/install/cooing_code_pkg:/home/delewlew/assessments/coursework1/src/install/cooing_code_controller:/opt/ros/humble /usr/bin/cmake --install /home/delewlew/assessments/coursework1/src/build/cooing_code_interfaces
[1.678s] DEBUG:colcon.colcon_core.event_handler.log_command:Invoking command in '/home/delewlew/assessments/coursework1/src/cooing_code_controller': PYTHONPATH=/home/delewlew/assessments/coursework1/src/build/cooing_code_controller/prefix_override:/usr/lib/python3/dist-packages/colcon_core/task/python/colcon_distutils_commands:/home/delewlew/assessments/coursework1/src/install/cooing_code_controller/lib/python3.10/site-packages:${PYTHONPATH} /usr/bin/python3 -W ignore:setup.py install is deprecated setup.py egg_info --egg-base ../build/cooing_code_controller build --build-base /home/delewlew/assessments/coursework1/src/build/cooing_code_controller/build install --record /home/delewlew/assessments/coursework1/src/build/cooing_code_controller/install.log --single-version-externally-managed install_data
[1.733s] Level 1:colcon.colcon_core.environment:create_environment_scripts_only(cooing_code_interfaces)
[1.734s] DEBUG:colcon.colcon_core.event_handler.log_command:Invoked command in '/home/delewlew/assessments/coursework1/src/build/cooing_code_interfaces' returned '0': CMAKE_PREFIX_PATH=${CMAKE_PREFIX_PATH}:/home/delewlew/assessments/coursework1/src/install/cooing_code_pkg:/home/delewlew/assessments/coursework1/src/install/cooing_code_controller:/opt/ros/humble /usr/bin/cmake --install /home/delewlew/assessments/coursework1/src/build/cooing_code_interfaces
[1.742s] Level 1:colcon.colcon_core.environment:checking '/home/delewlew/assessments/coursework1/src/install/cooing_code_interfaces' for CMake module files
[1.744s] Level 1:colcon.colcon_core.environment:checking '/home/delewlew/assessments/coursework1/src/install/cooing_code_interfaces' for CMake config files
[1.747s] Level 1:colcon.colcon_core.shell:create_environment_hook('cooing_code_interfaces', 'cmake_prefix_path')
[1.748s] INFO:colcon.colcon_core.shell:Creating environment hook '/home/delewlew/assessments/coursework1/src/install/cooing_code_interfaces/share/cooing_code_interfaces/hook/cmake_prefix_path.ps1'
[1.749s] INFO:colcon.colcon_core.shell:Creating environment descriptor '/home/delewlew/assessments/coursework1/src/install/cooing_code_interfaces/share/cooing_code_interfaces/hook/cmake_prefix_path.dsv'
[1.750s] INFO:colcon.colcon_core.shell:Creating environment hook '/home/delewlew/assessments/coursework1/src/install/cooing_code_interfaces/share/cooing_code_interfaces/hook/cmake_prefix_path.sh'
[1.753s] Level 1:colcon.colcon_core.environment:checking '/home/delewlew/assessments/coursework1/src/install/cooing_code_interfaces/lib'
[1.753s] Level 1:colcon.colcon_core.shell:create_environment_hook('cooing_code_interfaces', 'ld_library_path_lib')
[1.754s] INFO:colcon.colcon_core.shell:Creating environment hook '/home/delewlew/assessments/coursework1/src/install/cooing_code_interfaces/share/cooing_code_interfaces/hook/ld_library_path_lib.ps1'
[1.755s] INFO:colcon.colcon_core.shell:Creating environment descriptor '/home/delewlew/assessments/coursework1/src/install/cooing_code_interfaces/share/cooing_code_interfaces/hook/ld_library_path_lib.dsv'
[1.756s] INFO:colcon.colcon_core.shell:Creating environment hook '/home/delewlew/assessments/coursework1/src/install/cooing_code_interfaces/share/cooing_code_interfaces/hook/ld_library_path_lib.sh'
[1.757s] Level 1:colcon.colcon_core.environment:checking '/home/delewlew/assessments/coursework1/src/install/cooing_code_interfaces/bin'
[1.757s] Level 1:colcon.colcon_core.environment:checking '/home/delewlew/assessments/coursework1/src/install/cooing_code_interfaces/lib/pkgconfig/cooing_code_interfaces.pc'
[1.758s] Level 1:colcon.colcon_core.environment:checking '/home/delewlew/assessments/coursework1/src/install/cooing_code_interfaces/lib/python3.10/site-packages'
[1.759s] Level 1:colcon.colcon_core.environment:checking '/home/delewlew/assessments/coursework1/src/install/cooing_code_interfaces/bin'
[1.759s] INFO:colcon.colcon_core.shell:Creating package script '/home/delewlew/assessments/coursework1/src/install/cooing_code_interfaces/share/cooing_code_interfaces/package.ps1'
[1.761s] INFO:colcon.colcon_core.shell:Creating package descriptor '/home/delewlew/assessments/coursework1/src/install/cooing_code_interfaces/share/cooing_code_interfaces/package.dsv'
[1.763s] INFO:colcon.colcon_core.shell:Creating package script '/home/delewlew/assessments/coursework1/src/install/cooing_code_interfaces/share/cooing_code_interfaces/package.sh'
[1.764s] INFO:colcon.colcon_core.shell:Creating package script '/home/delewlew/assessments/coursework1/src/install/cooing_code_interfaces/share/cooing_code_interfaces/package.bash'
[1.765s] INFO:colcon.colcon_core.shell:Creating package script '/home/delewlew/assessments/coursework1/src/install/cooing_code_interfaces/share/cooing_code_interfaces/package.zsh'
[1.766s] Level 1:colcon.colcon_core.environment:create_file_with_runtime_dependencies(/home/delewlew/assessments/coursework1/src/install/cooing_code_interfaces/share/colcon-core/packages/cooing_code_interfaces)
[2.011s] Level 1:colcon.colcon_core.environment:create_environment_scripts_only(cooing_code_interfaces)
[2.011s] Level 1:colcon.colcon_core.environment:checking '/home/delewlew/assessments/coursework1/src/install/cooing_code_interfaces' for CMake module files
[2.013s] Level 1:colcon.colcon_core.environment:checking '/home/delewlew/assessments/coursework1/src/install/cooing_code_interfaces' for CMake config files
[2.014s] Level 1:colcon.colcon_core.shell:create_environment_hook('cooing_code_interfaces', 'cmake_prefix_path')
[2.015s] INFO:colcon.colcon_core.shell:Creating environment hook '/home/delewlew/assessments/coursework1/src/install/cooing_code_interfaces/share/cooing_code_interfaces/hook/cmake_prefix_path.ps1'
[2.016s] INFO:colcon.colcon_core.shell:Creating environment descriptor '/home/delewlew/assessments/coursework1/src/install/cooing_code_interfaces/share/cooing_code_interfaces/hook/cmake_prefix_path.dsv'
[2.017s] INFO:colcon.colcon_core.shell:Creating environment hook '/home/delewlew/assessments/coursework1/src/install/cooing_code_interfaces/share/cooing_code_interfaces/hook/cmake_prefix_path.sh'
[2.018s] Level 1:colcon.colcon_core.environment:checking '/home/delewlew/assessments/coursework1/src/install/cooing_code_interfaces/lib'
[2.019s] Level 1:colcon.colcon_core.shell:create_environment_hook('cooing_code_interfaces', 'ld_library_path_lib')
[2.019s] INFO:colcon.colcon_core.shell:Creating environment hook '/home/delewlew/assessments/coursework1/src/install/cooing_code_interfaces/share/cooing_code_interfaces/hook/ld_library_path_lib.ps1'
[2.020s] INFO:colcon.colcon_core.shell:Creating environment descriptor '/home/delewlew/assessments/coursework1/src/install/cooing_code_interfaces/share/cooing_code_interfaces/hook/ld_library_path_lib.dsv'
[2.021s] INFO:colcon.colcon_core.shell:Creating environment hook '/home/delewlew/assessments/coursework1/src/install/cooing_code_interfaces/share/cooing_code_interfaces/hook/ld_library_path_lib.sh'
[2.022s] Level 1:colcon.colcon_core.environment:checking '/home/delewlew/assessments/coursework1/src/install/cooing_code_interfaces/bin'
[2.022s] Level 1:colcon.colcon_core.environment:checking '/home/delewlew/assessments/coursework1/src/install/cooing_code_interfaces/lib/pkgconfig/cooing_code_interfaces.pc'
[2.023s] Level 1:colcon.colcon_core.environment:checking '/home/delewlew/assessments/coursework1/src/install/cooing_code_interfaces/lib/python3.10/site-packages'
[2.023s] Level 1:colcon.colcon_core.environment:checking '/home/delewlew/assessments/coursework1/src/install/cooing_code_interfaces/bin'
[2.024s] INFO:colcon.colcon_core.shell:Creating package script '/home/delewlew/assessments/coursework1/src/install/cooing_code_interfaces/share/cooing_code_interfaces/package.ps1'
[2.025s] INFO:colcon.colcon_core.shell:Creating package descriptor '/home/delewlew/assessments/coursework1/src/install/cooing_code_interfaces/share/cooing_code_interfaces/package.dsv'
[2.026s] INFO:colcon.colcon_core.shell:Creating package script '/home/delewlew/assessments/coursework1/src/install/cooing_code_interfaces/share/cooing_code_interfaces/package.sh'
[2.027s] INFO:colcon.colcon_core.shell:Creating package script '/home/delewlew/assessments/coursework1/src/install/cooing_code_interfaces/share/cooing_code_interfaces/package.bash'
[2.028s] INFO:colcon.colcon_core.shell:Creating package script '/home/delewlew/assessments/coursework1/src/install/cooing_code_interfaces/share/cooing_code_interfaces/package.zsh'
[2.029s] Level 1:colcon.colcon_core.environment:create_file_with_runtime_dependencies(/home/delewlew/assessments/coursework1/src/install/cooing_code_interfaces/share/colcon-core/packages/cooing_code_interfaces)
[2.030s] INFO:colcon.colcon_ros.task.ament_python.build:Building ROS package in '/home/delewlew/assessments/coursework1/src/cooing_code_pkg' with build type 'ament_python'
[2.031s] Level 1:colcon.colcon_core.shell:create_environment_hook('cooing_code_pkg', 'ament_prefix_path')
[2.032s] INFO:colcon.colcon_core.shell:Creating environment hook '/home/delewlew/assessments/coursework1/src/install/cooing_code_pkg/share/cooing_code_pkg/hook/ament_prefix_path.ps1'
[2.034s] INFO:colcon.colcon_core.shell:Creating environment descriptor '/home/delewlew/assessments/coursework1/src/install/cooing_code_pkg/share/cooing_code_pkg/hook/ament_prefix_path.dsv'
[2.036s] INFO:colcon.colcon_core.shell:Creating environment hook '/home/delewlew/assessments/coursework1/src/install/cooing_code_pkg/share/cooing_code_pkg/hook/ament_prefix_path.sh'
[2.037s] INFO:colcon.colcon_core.shell:Skip shell extension 'powershell' for command environment: Not usable outside of PowerShell
[2.038s] DEBUG:colcon.colcon_core.shell:Skip shell extension 'dsv' for command environment
[2.564s] INFO:colcon.colcon_core.task.python.build:Building Python package in '/home/delewlew/assessments/coursework1/src/cooing_code_pkg'
[2.564s] INFO:colcon.colcon_core.shell:Skip shell extension 'powershell' for command environment: Not usable outside of PowerShell
[2.564s] DEBUG:colcon.colcon_core.shell:Skip shell extension 'dsv' for command environment
[2.573s] Level 1:colcon.colcon_core.environment:checking '/home/delewlew/assessments/coursework1/src/install/cooing_code_controller' for CMake module files
[2.575s] DEBUG:colcon.colcon_core.event_handler.log_command:Invoked command in '/home/delewlew/assessments/coursework1/src/cooing_code_controller' returned '0': PYTHONPATH=/home/delewlew/assessments/coursework1/src/build/cooing_code_controller/prefix_override:/usr/lib/python3/dist-packages/colcon_core/task/python/colcon_distutils_commands:/home/delewlew/assessments/coursework1/src/install/cooing_code_controller/lib/python3.10/site-packages:${PYTHONPATH} /usr/bin/python3 -W ignore:setup.py install is deprecated setup.py egg_info --egg-base ../build/cooing_code_controller build --build-base /home/delewlew/assessments/coursework1/src/build/cooing_code_controller/build install --record /home/delewlew/assessments/coursework1/src/build/cooing_code_controller/install.log --single-version-externally-managed install_data
[2.575s] Level 1:colcon.colcon_core.environment:checking '/home/delewlew/assessments/coursework1/src/install/cooing_code_controller' for CMake config files
[2.577s] Level 1:colcon.colcon_core.environment:checking '/home/delewlew/assessments/coursework1/src/install/cooing_code_controller/lib'
[2.577s] Level 1:colcon.colcon_core.environment:checking '/home/delewlew/assessments/coursework1/src/install/cooing_code_controller/bin'
[2.577s] Level 1:colcon.colcon_core.environment:checking '/home/delewlew/assessments/coursework1/src/install/cooing_code_controller/lib/pkgconfig/cooing_code_controller.pc'
[2.577s] Level 1:colcon.colcon_core.environment:checking '/home/delewlew/assessments/coursework1/src/install/cooing_code_controller/lib/python3.10/site-packages'
[2.577s] Level 1:colcon.colcon_core.shell:create_environment_hook('cooing_code_controller', 'pythonpath')
[2.578s] INFO:colcon.colcon_core.shell:Creating environment hook '/home/delewlew/assessments/coursework1/src/install/cooing_code_controller/share/cooing_code_controller/hook/pythonpath.ps1'
[2.579s] INFO:colcon.colcon_core.shell:Creating environment descriptor '/home/delewlew/assessments/coursework1/src/install/cooing_code_controller/share/cooing_code_controller/hook/pythonpath.dsv'
[2.579s] INFO:colcon.colcon_core.shell:Creating environment hook '/home/delewlew/assessments/coursework1/src/install/cooing_code_controller/share/cooing_code_controller/hook/pythonpath.sh'
[2.580s] Level 1:colcon.colcon_core.environment:checking '/home/delewlew/assessments/coursework1/src/install/cooing_code_controller/bin'
[2.580s] Level 1:colcon.colcon_core.environment:create_environment_scripts_only(cooing_code_controller)
[2.581s] INFO:colcon.colcon_core.shell:Creating package script '/home/delewlew/assessments/coursework1/src/install/cooing_code_controller/share/cooing_code_controller/package.ps1'
[2.582s] INFO:colcon.colcon_core.shell:Creating package descriptor '/home/delewlew/assessments/coursework1/src/install/cooing_code_controller/share/cooing_code_controller/package.dsv'
[2.583s] INFO:colcon.colcon_core.shell:Creating package script '/home/delewlew/assessments/coursework1/src/install/cooing_code_controller/share/cooing_code_controller/package.sh'
[2.583s] INFO:colcon.colcon_core.shell:Creating package script '/home/delewlew/assessments/coursework1/src/install/cooing_code_controller/share/cooing_code_controller/package.bash'
[2.584s] INFO:colcon.colcon_core.shell:Creating package script '/home/delewlew/assessments/coursework1/src/install/cooing_code_controller/share/cooing_code_controller/package.zsh'
[2.584s] Level 1:colcon.colcon_core.environment:create_file_with_runtime_dependencies(/home/delewlew/assessments/coursework1/src/install/cooing_code_controller/share/colcon-core/packages/cooing_code_controller)
[3.423s] DEBUG:colcon.colcon_core.event_handler.log_command:Invoking command in '/home/delewlew/assessments/coursework1/src/cooing_code_pkg': PYTHONPATH=/home/delewlew/assessments/coursework1/src/build/cooing_code_pkg/prefix_override:/usr/lib/python3/dist-packages/colcon_core/task/python/colcon_distutils_commands:/home/delewlew/assessments/coursework1/src/install/cooing_code_pkg/lib/python3.10/site-packages:${PYTHONPATH} /usr/bin/python3 -W ignore:setup.py install is deprecated setup.py egg_info --egg-base ../build/cooing_code_pkg build --build-base /home/delewlew/assessments/coursework1/src/build/cooing_code_pkg/build install --record /home/delewlew/assessments/coursework1/src/build/cooing_code_pkg/install.log --single-version-externally-managed install_data
[4.120s] Level 1:colcon.colcon_core.environment:checking '/home/delewlew/assessments/coursework1/src/install/cooing_code_pkg' for CMake module files
[4.122s] DEBUG:colcon.colcon_core.event_handler.log_command:Invoked command in '/home/delewlew/assessments/coursework1/src/cooing_code_pkg' returned '0': PYTHONPATH=/home/delewlew/assessments/coursework1/src/build/cooing_code_pkg/prefix_override:/usr/lib/python3/dist-packages/colcon_core/task/python/colcon_distutils_commands:/home/delewlew/assessments/coursework1/src/install/cooing_code_pkg/lib/python3.10/site-packages:${PYTHONPATH} /usr/bin/python3 -W ignore:setup.py install is deprecated setup.py egg_info --egg-base ../build/cooing_code_pkg build --build-base /home/delewlew/assessments/coursework1/src/build/cooing_code_pkg/build install --record /home/delewlew/assessments/coursework1/src/build/cooing_code_pkg/install.log --single-version-externally-managed install_data
[4.123s] Level 1:colcon.colcon_core.environment:checking '/home/delewlew/assessments/coursework1/src/install/cooing_code_pkg' for CMake config files
[4.124s] Level 1:colcon.colcon_core.environment:checking '/home/delewlew/assessments/coursework1/src/install/cooing_code_pkg/lib'
[4.124s] Level 1:colcon.colcon_core.environment:checking '/home/delewlew/assessments/coursework1/src/install/cooing_code_pkg/bin'
[4.124s] Level 1:colcon.colcon_core.environment:checking '/home/delewlew/assessments/coursework1/src/install/cooing_code_pkg/lib/pkgconfig/cooing_code_pkg.pc'
[4.125s] Level 1:colcon.colcon_core.environment:checking '/home/delewlew/assessments/coursework1/src/install/cooing_code_pkg/lib/python3.10/site-packages'
[4.125s] Level 1:colcon.colcon_core.shell:create_environment_hook('cooing_code_pkg', 'pythonpath')
[4.126s] INFO:colcon.colcon_core.shell:Creating environment hook '/home/delewlew/assessments/coursework1/src/install/cooing_code_pkg/share/cooing_code_pkg/hook/pythonpath.ps1'
[4.127s] INFO:colcon.colcon_core.shell:Creating environment descriptor '/home/delewlew/assessments/coursework1/src/install/cooing_code_pkg/share/cooing_code_pkg/hook/pythonpath.dsv'
[4.129s] INFO:colcon.colcon_core.shell:Creating environment hook '/home/delewlew/assessments/coursework1/src/install/cooing_code_pkg/share/cooing_code_pkg/hook/pythonpath.sh'
[4.131s] Level 1:colcon.colcon_core.environment:checking '/home/delewlew/assessments/coursework1/src/install/cooing_code_pkg/bin'
[4.132s] Level 1:colcon.colcon_core.environment:create_environment_scripts_only(cooing_code_pkg)
[4.133s] INFO:colcon.colcon_core.shell:Creating package script '/home/delewlew/assessments/coursework1/src/install/cooing_code_pkg/share/cooing_code_pkg/package.ps1'
[4.135s] INFO:colcon.colcon_core.shell:Creating package descriptor '/home/delewlew/assessments/coursework1/src/install/cooing_code_pkg/share/cooing_code_pkg/package.dsv'
[4.137s] INFO:colcon.colcon_core.shell:Creating package script '/home/delewlew/assessments/coursework1/src/install/cooing_code_pkg/share/cooing_code_pkg/package.sh'
[4.139s] INFO:colcon.colcon_core.shell:Creating package script '/home/delewlew/assessments/coursework1/src/install/cooing_code_pkg/share/cooing_code_pkg/package.bash'
[4.141s] INFO:colcon.colcon_core.shell:Creating package script '/home/delewlew/assessments/coursework1/src/install/cooing_code_pkg/share/cooing_code_pkg/package.zsh'
[4.142s] Level 1:colcon.colcon_core.environment:create_file_with_runtime_dependencies(/home/delewlew/assessments/coursework1/src/install/cooing_code_pkg/share/colcon-core/packages/cooing_code_pkg)
[4.147s] DEBUG:colcon.colcon_parallel_executor.executor.parallel:closing loop
[4.147s] DEBUG:colcon.colcon_parallel_executor.executor.parallel:loop closed
[4.148s] DEBUG:colcon.colcon_parallel_executor.executor.parallel:run_until_complete finished with '0'
[4.148s] DEBUG:colcon.colcon_core.event_reactor:joining thread
[4.166s] INFO:colcon.colcon_core.plugin_system:Skipping extension 'colcon_notification.desktop_notification.terminal_notifier': Not used on non-Darwin systems
[4.166s] INFO:colcon.colcon_core.plugin_system:Skipping extension 'colcon_notification.desktop_notification.win32': Not used on non-Windows systems
[4.167s] INFO:colcon.colcon_notification.desktop_notification:Sending desktop notification using 'notify2'
[4.208s] DEBUG:colcon.colcon_core.event_reactor:joined thread
[4.209s] INFO:colcon.colcon_core.shell:Creating prefix script '/home/delewlew/assessments/coursework1/src/install/local_setup.ps1'
[4.211s] INFO:colcon.colcon_core.shell:Creating prefix util module '/home/delewlew/assessments/coursework1/src/install/_local_setup_util_ps1.py'
[4.215s] INFO:colcon.colcon_core.shell:Creating prefix chain script '/home/delewlew/assessments/coursework1/src/install/setup.ps1'
[4.218s] INFO:colcon.colcon_core.shell:Creating prefix script '/home/delewlew/assessments/coursework1/src/install/local_setup.sh'
[4.219s] INFO:colcon.colcon_core.shell:Creating prefix util module '/home/delewlew/assessments/coursework1/src/install/_local_setup_util_sh.py'
[4.221s] INFO:colcon.colcon_core.shell:Creating prefix chain script '/home/delewlew/assessments/coursework1/src/install/setup.sh'
[4.223s] INFO:colcon.colcon_core.shell:Creating prefix script '/home/delewlew/assessments/coursework1/src/install/local_setup.bash'
[4.225s] INFO:colcon.colcon_core.shell:Creating prefix chain script '/home/delewlew/assessments/coursework1/src/install/setup.bash'
[4.229s] INFO:colcon.colcon_core.shell:Creating prefix script '/home/delewlew/assessments/coursework1/src/install/local_setup.zsh'
[4.231s] INFO:colcon.colcon_core.shell:Creating prefix chain script '/home/delewlew/assessments/coursework1/src/install/setup.zsh'
