[0.079s] Invoking command in '/home/delewlew/ros2_tutorial_workspace_2/src/build/package_with_interfaces': CMAKE_PREFIX_PATH=${CMAKE_PREFIX_PATH}:/home/delewlew/ros2_tutorial_workspace_2/src/install/python_package_that_uses_paramameters_and_launch_files:/home/delewlew/ros2_tutorial_workspace_2/src/install/the_simplest_python_package:/home/delewlew/ros2_tutorial_workspace_2/src/install/python_package_with_a_node:/home/delewlew/ros2_tutorial_workspace_2/src/install/python_package_that_uses_the_library:/home/delewlew/ros2_tutorial_workspace_2/src/install/python_package_with_a_library:/home/delewlew/ros2_tutorial_workspace_2/src/install/python_package_that_uses_the_services:/home/delewlew/ros2_tutorial_workspace_2/src/install/python_package_that_uses_the_messages:/opt/ros/humble /usr/bin/cmake --build /home/delewlew/ros2_tutorial_workspace_2/src/build/package_with_interfaces -- -j12 -l12
[1.210s] [  2%] Built target package_with_interfaces__cpp
[1.211s] [ 12%] Built target package_with_interfaces__rosidl_generator_c
[1.211s] [ 12%] Built target ament_cmake_python_copy_package_with_interfaces
[1.211s] [ 23%] Built target package_with_interfaces__rosidl_typesupport_cpp
[1.211s] [ 33%] Built target package_with_interfaces__rosidl_typesupport_introspection_cpp
[1.211s] [ 43%] Built target package_with_interfaces__rosidl_typesupport_introspection_c
[1.211s] [ 53%] Built target package_with_interfaces__rosidl_typesupport_c
[1.211s] [ 64%] Built target package_with_interfaces__rosidl_typesupport_fastrtps_cpp
[1.211s] [ 74%] Built target package_with_interfaces__rosidl_typesupport_fastrtps_c
[1.211s] [ 74%] Built target package_with_interfaces
[1.212s] [ 76%] Built target package_with_interfaces__py
[1.212s] [ 84%] Built target package_with_interfaces__rosidl_generator_py
[1.212s] [ 89%] Built target package_with_interfaces__rosidl_typesupport_fastrtps_c__pyext
[1.212s] [ 97%] Built target package_with_interfaces__rosidl_typesupport_introspection_c__pyext
[1.212s] [100%] Built target package_with_interfaces__rosidl_typesupport_c__pyext
[1.212s] running egg_info
[1.212s] writing package_with_interfaces.egg-info/PKG-INFO
[1.212s] writing dependency_links to package_with_interfaces.egg-info/dependency_links.txt
[1.212s] writing top-level names to package_with_interfaces.egg-info/top_level.txt
[1.212s] reading manifest file 'package_with_interfaces.egg-info/SOURCES.txt'
[1.213s] writing manifest file 'package_with_interfaces.egg-info/SOURCES.txt'
[1.213s] [100%] Built target ament_cmake_python_build_package_with_interfaces_egg
[1.430s] Invoked command in '/home/delewlew/ros2_tutorial_workspace_2/src/build/package_with_interfaces' returned '0': CMAKE_PREFIX_PATH=${CMAKE_PREFIX_PATH}:/home/delewlew/ros2_tutorial_workspace_2/src/install/python_package_that_uses_paramameters_and_launch_files:/home/delewlew/ros2_tutorial_workspace_2/src/install/the_simplest_python_package:/home/delewlew/ros2_tutorial_workspace_2/src/install/python_package_with_a_node:/home/delewlew/ros2_tutorial_workspace_2/src/install/python_package_that_uses_the_library:/home/delewlew/ros2_tutorial_workspace_2/src/install/python_package_with_a_library:/home/delewlew/ros2_tutorial_workspace_2/src/install/python_package_that_uses_the_services:/home/delewlew/ros2_tutorial_workspace_2/src/install/python_package_that_uses_the_messages:/opt/ros/humble /usr/bin/cmake --build /home/delewlew/ros2_tutorial_workspace_2/src/build/package_with_interfaces -- -j12 -l12
[1.660s] Invoking command in '/home/delewlew/ros2_tutorial_workspace_2/src/build/package_with_interfaces': CMAKE_PREFIX_PATH=${CMAKE_PREFIX_PATH}:/home/delewlew/ros2_tutorial_workspace_2/src/install/python_package_that_uses_paramameters_and_launch_files:/home/delewlew/ros2_tutorial_workspace_2/src/install/the_simplest_python_package:/home/delewlew/ros2_tutorial_workspace_2/src/install/python_package_with_a_node:/home/delewlew/ros2_tutorial_workspace_2/src/install/python_package_that_uses_the_library:/home/delewlew/ros2_tutorial_workspace_2/src/install/python_package_with_a_library:/home/delewlew/ros2_tutorial_workspace_2/src/install/python_package_that_uses_the_services:/home/delewlew/ros2_tutorial_workspace_2/src/install/python_package_that_uses_the_messages:/opt/ros/humble /usr/bin/cmake --install /home/delewlew/ros2_tutorial_workspace_2/src/build/package_with_interfaces
[1.679s] -- Install configuration: ""
[1.679s] -- Up-to-date: /home/delewlew/ros2_tutorial_workspace_2/src/install/package_with_interfaces/share/ament_index/resource_index/rosidl_interfaces/package_with_interfaces
[1.680s] -- Up-to-date: /home/delewlew/ros2_tutorial_workspace_2/src/install/package_with_interfaces/include/package_with_interfaces/package_with_interfaces
[1.680s] -- Up-to-date: /home/delewlew/ros2_tutorial_workspace_2/src/install/package_with_interfaces/include/package_with_interfaces/package_with_interfaces/msg
[1.680s] -- Up-to-date: /home/delewlew/ros2_tutorial_workspace_2/src/install/package_with_interfaces/include/package_with_interfaces/package_with_interfaces/msg/amazing_quote.h
[1.680s] -- Up-to-date: /home/delewlew/ros2_tutorial_workspace_2/src/install/package_with_interfaces/include/package_with_interfaces/package_with_interfaces/msg/rosidl_generator_c__visibility_control.h
[1.680s] -- Up-to-date: /home/delewlew/ros2_tutorial_workspace_2/src/install/package_with_interfaces/include/package_with_interfaces/package_with_interfaces/msg/detail
[1.681s] -- Up-to-date: /home/delewlew/ros2_tutorial_workspace_2/src/install/package_with_interfaces/include/package_with_interfaces/package_with_interfaces/msg/detail/amazing_quote__functions.c
[1.681s] -- Up-to-date: /home/delewlew/ros2_tutorial_workspace_2/src/install/package_with_interfaces/include/package_with_interfaces/package_with_interfaces/msg/detail/amazing_quote__type_support.h
[1.681s] -- Up-to-date: /home/delewlew/ros2_tutorial_workspace_2/src/install/package_with_interfaces/include/package_with_interfaces/package_with_interfaces/msg/detail/amazing_quote__struct.h
[1.681s] -- Up-to-date: /home/delewlew/ros2_tutorial_workspace_2/src/install/package_with_interfaces/include/package_with_interfaces/package_with_interfaces/msg/detail/amazing_quote__functions.h
[1.681s] -- Up-to-date: /home/delewlew/ros2_tutorial_workspace_2/src/install/package_with_interfaces/include/package_with_interfaces/package_with_interfaces/srv
[1.682s] -- Up-to-date: /home/delewlew/ros2_tutorial_workspace_2/src/install/package_with_interfaces/include/package_with_interfaces/package_with_interfaces/srv/what_is_the_point.h
[1.682s] -- Up-to-date: /home/delewlew/ros2_tutorial_workspace_2/src/install/package_with_interfaces/include/package_with_interfaces/package_with_interfaces/srv/detail
[1.682s] -- Up-to-date: /home/delewlew/ros2_tutorial_workspace_2/src/install/package_with_interfaces/include/package_with_interfaces/package_with_interfaces/srv/detail/what_is_the_point__functions.c
[1.682s] -- Up-to-date: /home/delewlew/ros2_tutorial_workspace_2/src/install/package_with_interfaces/include/package_with_interfaces/package_with_interfaces/srv/detail/what_is_the_point__struct.h
[1.683s] -- Up-to-date: /home/delewlew/ros2_tutorial_workspace_2/src/install/package_with_interfaces/include/package_with_interfaces/package_with_interfaces/srv/detail/what_is_the_point__functions.h
[1.683s] -- Up-to-date: /home/delewlew/ros2_tutorial_workspace_2/src/install/package_with_interfaces/include/package_with_interfaces/package_with_interfaces/srv/detail/what_is_the_point__type_support.h
[1.684s] -- Up-to-date: /home/delewlew/ros2_tutorial_workspace_2/src/install/package_with_interfaces/share/package_with_interfaces/environment/library_path.sh
[1.684s] -- Up-to-date: /home/delewlew/ros2_tutorial_workspace_2/src/install/package_with_interfaces/share/package_with_interfaces/environment/library_path.dsv
[1.684s] -- Up-to-date: /home/delewlew/ros2_tutorial_workspace_2/src/install/package_with_interfaces/lib/libpackage_with_interfaces__rosidl_generator_c.so
[1.684s] -- Up-to-date: /home/delewlew/ros2_tutorial_workspace_2/src/install/package_with_interfaces/include/package_with_interfaces/package_with_interfaces
[1.684s] -- Up-to-date: /home/delewlew/ros2_tutorial_workspace_2/src/install/package_with_interfaces/include/package_with_interfaces/package_with_interfaces/msg
[1.685s] -- Up-to-date: /home/delewlew/ros2_tutorial_workspace_2/src/install/package_with_interfaces/include/package_with_interfaces/package_with_interfaces/msg/detail
[1.685s] -- Up-to-date: /home/delewlew/ros2_tutorial_workspace_2/src/install/package_with_interfaces/include/package_with_interfaces/package_with_interfaces/msg/detail/amazing_quote__rosidl_typesupport_fastrtps_c.h
[1.685s] -- Up-to-date: /home/delewlew/ros2_tutorial_workspace_2/src/install/package_with_interfaces/include/package_with_interfaces/package_with_interfaces/msg/rosidl_typesupport_fastrtps_c__visibility_control.h
[1.685s] -- Up-to-date: /home/delewlew/ros2_tutorial_workspace_2/src/install/package_with_interfaces/include/package_with_interfaces/package_with_interfaces/srv
[1.686s] -- Up-to-date: /home/delewlew/ros2_tutorial_workspace_2/src/install/package_with_interfaces/include/package_with_interfaces/package_with_interfaces/srv/detail
[1.686s] -- Up-to-date: /home/delewlew/ros2_tutorial_workspace_2/src/install/package_with_interfaces/include/package_with_interfaces/package_with_interfaces/srv/detail/what_is_the_point__rosidl_typesupport_fastrtps_c.h
[1.686s] -- Up-to-date: /home/delewlew/ros2_tutorial_workspace_2/src/install/package_with_interfaces/lib/libpackage_with_interfaces__rosidl_typesupport_fastrtps_c.so
[1.686s] -- Up-to-date: /home/delewlew/ros2_tutorial_workspace_2/src/install/package_with_interfaces/include/package_with_interfaces/package_with_interfaces
[1.686s] -- Up-to-date: /home/delewlew/ros2_tutorial_workspace_2/src/install/package_with_interfaces/include/package_with_interfaces/package_with_interfaces/msg
[1.687s] -- Up-to-date: /home/delewlew/ros2_tutorial_workspace_2/src/install/package_with_interfaces/include/package_with_interfaces/package_with_interfaces/msg/amazing_quote.hpp
[1.687s] -- Up-to-date: /home/delewlew/ros2_tutorial_workspace_2/src/install/package_with_interfaces/include/package_with_interfaces/package_with_interfaces/msg/detail
[1.687s] -- Up-to-date: /home/delewlew/ros2_tutorial_workspace_2/src/install/package_with_interfaces/include/package_with_interfaces/package_with_interfaces/msg/detail/amazing_quote__builder.hpp
[1.687s] -- Up-to-date: /home/delewlew/ros2_tutorial_workspace_2/src/install/package_with_interfaces/include/package_with_interfaces/package_with_interfaces/msg/detail/amazing_quote__struct.hpp
[1.687s] -- Up-to-date: /home/delewlew/ros2_tutorial_workspace_2/src/install/package_with_interfaces/include/package_with_interfaces/package_with_interfaces/msg/detail/amazing_quote__traits.hpp
[1.688s] -- Up-to-date: /home/delewlew/ros2_tutorial_workspace_2/src/install/package_with_interfaces/include/package_with_interfaces/package_with_interfaces/srv
[1.688s] -- Up-to-date: /home/delewlew/ros2_tutorial_workspace_2/src/install/package_with_interfaces/include/package_with_interfaces/package_with_interfaces/srv/detail
[1.689s] -- Up-to-date: /home/delewlew/ros2_tutorial_workspace_2/src/install/package_with_interfaces/include/package_with_interfaces/package_with_interfaces/srv/detail/what_is_the_point__builder.hpp
[1.690s] -- Up-to-date: /home/delewlew/ros2_tutorial_workspace_2/src/install/package_with_interfaces/include/package_with_interfaces/package_with_interfaces/srv/detail/what_is_the_point__struct.hpp
[1.690s] -- Up-to-date: /home/delewlew/ros2_tutorial_workspace_2/src/install/package_with_interfaces/include/package_with_interfaces/package_with_interfaces/srv/detail/what_is_the_point__traits.hpp
[1.691s] -- Up-to-date: /home/delewlew/ros2_tutorial_workspace_2/src/install/package_with_interfaces/include/package_with_interfaces/package_with_interfaces/srv/what_is_the_point.hpp
[1.691s] -- Up-to-date: /home/delewlew/ros2_tutorial_workspace_2/src/install/package_with_interfaces/include/package_with_interfaces/package_with_interfaces
[1.691s] -- Up-to-date: /home/delewlew/ros2_tutorial_workspace_2/src/install/package_with_interfaces/include/package_with_interfaces/package_with_interfaces/msg
[1.692s] -- Up-to-date: /home/delewlew/ros2_tutorial_workspace_2/src/install/package_with_interfaces/include/package_with_interfaces/package_with_interfaces/msg/rosidl_typesupport_fastrtps_cpp__visibility_control.h
[1.692s] -- Up-to-date: /home/delewlew/ros2_tutorial_workspace_2/src/install/package_with_interfaces/include/package_with_interfaces/package_with_interfaces/msg/detail
[1.692s] -- Up-to-date: /home/delewlew/ros2_tutorial_workspace_2/src/install/package_with_interfaces/include/package_with_interfaces/package_with_interfaces/msg/detail/amazing_quote__rosidl_typesupport_fastrtps_cpp.hpp
[1.692s] -- Up-to-date: /home/delewlew/ros2_tutorial_workspace_2/src/install/package_with_interfaces/include/package_with_interfaces/package_with_interfaces/msg/detail/dds_fastrtps
[1.692s] -- Up-to-date: /home/delewlew/ros2_tutorial_workspace_2/src/install/package_with_interfaces/include/package_with_interfaces/package_with_interfaces/srv
[1.693s] -- Up-to-date: /home/delewlew/ros2_tutorial_workspace_2/src/install/package_with_interfaces/include/package_with_interfaces/package_with_interfaces/srv/detail
[1.693s] -- Up-to-date: /home/delewlew/ros2_tutorial_workspace_2/src/install/package_with_interfaces/include/package_with_interfaces/package_with_interfaces/srv/detail/what_is_the_point__rosidl_typesupport_fastrtps_cpp.hpp
[1.693s] -- Up-to-date: /home/delewlew/ros2_tutorial_workspace_2/src/install/package_with_interfaces/include/package_with_interfaces/package_with_interfaces/srv/detail/dds_fastrtps
[1.694s] -- Up-to-date: /home/delewlew/ros2_tutorial_workspace_2/src/install/package_with_interfaces/lib/libpackage_with_interfaces__rosidl_typesupport_fastrtps_cpp.so
[1.694s] -- Up-to-date: /home/delewlew/ros2_tutorial_workspace_2/src/install/package_with_interfaces/include/package_with_interfaces/package_with_interfaces
[1.695s] -- Up-to-date: /home/delewlew/ros2_tutorial_workspace_2/src/install/package_with_interfaces/include/package_with_interfaces/package_with_interfaces/msg
[1.695s] -- Up-to-date: /home/delewlew/ros2_tutorial_workspace_2/src/install/package_with_interfaces/include/package_with_interfaces/package_with_interfaces/msg/rosidl_typesupport_introspection_c__visibility_control.h
[1.695s] -- Up-to-date: /home/delewlew/ros2_tutorial_workspace_2/src/install/package_with_interfaces/include/package_with_interfaces/package_with_interfaces/msg/detail
[1.695s] -- Up-to-date: /home/delewlew/ros2_tutorial_workspace_2/src/install/package_with_interfaces/include/package_with_interfaces/package_with_interfaces/msg/detail/amazing_quote__rosidl_typesupport_introspection_c.h
[1.696s] -- Up-to-date: /home/delewlew/ros2_tutorial_workspace_2/src/install/package_with_interfaces/include/package_with_interfaces/package_with_interfaces/msg/detail/amazing_quote__type_support.c
[1.696s] -- Up-to-date: /home/delewlew/ros2_tutorial_workspace_2/src/install/package_with_interfaces/include/package_with_interfaces/package_with_interfaces/srv
[1.696s] -- Up-to-date: /home/delewlew/ros2_tutorial_workspace_2/src/install/package_with_interfaces/include/package_with_interfaces/package_with_interfaces/srv/detail
[1.696s] -- Up-to-date: /home/delewlew/ros2_tutorial_workspace_2/src/install/package_with_interfaces/include/package_with_interfaces/package_with_interfaces/srv/detail/what_is_the_point__rosidl_typesupport_introspection_c.h
[1.696s] -- Up-to-date: /home/delewlew/ros2_tutorial_workspace_2/src/install/package_with_interfaces/include/package_with_interfaces/package_with_interfaces/srv/detail/what_is_the_point__type_support.c
[1.697s] -- Up-to-date: /home/delewlew/ros2_tutorial_workspace_2/src/install/package_with_interfaces/lib/libpackage_with_interfaces__rosidl_typesupport_introspection_c.so
[1.697s] -- Up-to-date: /home/delewlew/ros2_tutorial_workspace_2/src/install/package_with_interfaces/lib/libpackage_with_interfaces__rosidl_typesupport_c.so
[1.697s] -- Up-to-date: /home/delewlew/ros2_tutorial_workspace_2/src/install/package_with_interfaces/include/package_with_interfaces/package_with_interfaces
[1.697s] -- Up-to-date: /home/delewlew/ros2_tutorial_workspace_2/src/install/package_with_interfaces/include/package_with_interfaces/package_with_interfaces/msg
[1.697s] -- Up-to-date: /home/delewlew/ros2_tutorial_workspace_2/src/install/package_with_interfaces/include/package_with_interfaces/package_with_interfaces/msg/detail
[1.698s] -- Up-to-date: /home/delewlew/ros2_tutorial_workspace_2/src/install/package_with_interfaces/include/package_with_interfaces/package_with_interfaces/msg/detail/amazing_quote__rosidl_typesupport_introspection_cpp.hpp
[1.698s] -- Up-to-date: /home/delewlew/ros2_tutorial_workspace_2/src/install/package_with_interfaces/include/package_with_interfaces/package_with_interfaces/msg/detail/amazing_quote__type_support.cpp
[1.698s] -- Up-to-date: /home/delewlew/ros2_tutorial_workspace_2/src/install/package_with_interfaces/include/package_with_interfaces/package_with_interfaces/srv
[1.698s] -- Up-to-date: /home/delewlew/ros2_tutorial_workspace_2/src/install/package_with_interfaces/include/package_with_interfaces/package_with_interfaces/srv/detail
[1.698s] -- Up-to-date: /home/delewlew/ros2_tutorial_workspace_2/src/install/package_with_interfaces/include/package_with_interfaces/package_with_interfaces/srv/detail/what_is_the_point__type_support.cpp
[1.698s] -- Up-to-date: /home/delewlew/ros2_tutorial_workspace_2/src/install/package_with_interfaces/include/package_with_interfaces/package_with_interfaces/srv/detail/what_is_the_point__rosidl_typesupport_introspection_cpp.hpp
[1.699s] -- Up-to-date: /home/delewlew/ros2_tutorial_workspace_2/src/install/package_with_interfaces/lib/libpackage_with_interfaces__rosidl_typesupport_introspection_cpp.so
[1.699s] -- Up-to-date: /home/delewlew/ros2_tutorial_workspace_2/src/install/package_with_interfaces/lib/libpackage_with_interfaces__rosidl_typesupport_cpp.so
[1.699s] -- Up-to-date: /home/delewlew/ros2_tutorial_workspace_2/src/install/package_with_interfaces/share/package_with_interfaces/environment/pythonpath.sh
[1.699s] -- Up-to-date: /home/delewlew/ros2_tutorial_workspace_2/src/install/package_with_interfaces/share/package_with_interfaces/environment/pythonpath.dsv
[1.699s] -- Up-to-date: /home/delewlew/ros2_tutorial_workspace_2/src/install/package_with_interfaces/local/lib/python3.10/dist-packages/package_with_interfaces-0.0.0-py3.10.egg-info
[1.699s] -- Installing: /home/delewlew/ros2_tutorial_workspace_2/src/install/package_with_interfaces/local/lib/python3.10/dist-packages/package_with_interfaces-0.0.0-py3.10.egg-info/PKG-INFO
[1.699s] -- Installing: /home/delewlew/ros2_tutorial_workspace_2/src/install/package_with_interfaces/local/lib/python3.10/dist-packages/package_with_interfaces-0.0.0-py3.10.egg-info/dependency_links.txt
[1.700s] -- Installing: /home/delewlew/ros2_tutorial_workspace_2/src/install/package_with_interfaces/local/lib/python3.10/dist-packages/package_with_interfaces-0.0.0-py3.10.egg-info/SOURCES.txt
[1.700s] -- Installing: /home/delewlew/ros2_tutorial_workspace_2/src/install/package_with_interfaces/local/lib/python3.10/dist-packages/package_with_interfaces-0.0.0-py3.10.egg-info/top_level.txt
[1.700s] -- Up-to-date: /home/delewlew/ros2_tutorial_workspace_2/src/install/package_with_interfaces/local/lib/python3.10/dist-packages/package_with_interfaces
[1.700s] -- Up-to-date: /home/delewlew/ros2_tutorial_workspace_2/src/install/package_with_interfaces/local/lib/python3.10/dist-packages/package_with_interfaces/_package_with_interfaces_s.ep.rosidl_typesupport_fastrtps_c.c
[1.700s] -- Up-to-date: /home/delewlew/ros2_tutorial_workspace_2/src/install/package_with_interfaces/local/lib/python3.10/dist-packages/package_with_interfaces/libpackage_with_interfaces__rosidl_generator_py.so
[1.700s] -- Up-to-date: /home/delewlew/ros2_tutorial_workspace_2/src/install/package_with_interfaces/local/lib/python3.10/dist-packages/package_with_interfaces/_package_with_interfaces_s.ep.rosidl_typesupport_introspection_c.c
[1.700s] -- Up-to-date: /home/delewlew/ros2_tutorial_workspace_2/src/install/package_with_interfaces/local/lib/python3.10/dist-packages/package_with_interfaces/package_with_interfaces_s__rosidl_typesupport_introspection_c.cpython-310-x86_64-linux-gnu.so
[1.701s] -- Up-to-date: /home/delewlew/ros2_tutorial_workspace_2/src/install/package_with_interfaces/local/lib/python3.10/dist-packages/package_with_interfaces/msg
[1.701s] -- Up-to-date: /home/delewlew/ros2_tutorial_workspace_2/src/install/package_with_interfaces/local/lib/python3.10/dist-packages/package_with_interfaces/msg/_amazing_quote_s.c
[1.701s] -- Up-to-date: /home/delewlew/ros2_tutorial_workspace_2/src/install/package_with_interfaces/local/lib/python3.10/dist-packages/package_with_interfaces/msg/_amazing_quote.py
[1.701s] -- Up-to-date: /home/delewlew/ros2_tutorial_workspace_2/src/install/package_with_interfaces/local/lib/python3.10/dist-packages/package_with_interfaces/msg/__init__.py
[1.701s] -- Up-to-date: /home/delewlew/ros2_tutorial_workspace_2/src/install/package_with_interfaces/local/lib/python3.10/dist-packages/package_with_interfaces/_package_with_interfaces_s.ep.rosidl_typesupport_c.c
[1.701s] -- Up-to-date: /home/delewlew/ros2_tutorial_workspace_2/src/install/package_with_interfaces/local/lib/python3.10/dist-packages/package_with_interfaces/package_with_interfaces_s__rosidl_typesupport_c.cpython-310-x86_64-linux-gnu.so
[1.701s] -- Up-to-date: /home/delewlew/ros2_tutorial_workspace_2/src/install/package_with_interfaces/local/lib/python3.10/dist-packages/package_with_interfaces/srv
[1.702s] -- Up-to-date: /home/delewlew/ros2_tutorial_workspace_2/src/install/package_with_interfaces/local/lib/python3.10/dist-packages/package_with_interfaces/srv/_what_is_the_point.py
[1.702s] -- Up-to-date: /home/delewlew/ros2_tutorial_workspace_2/src/install/package_with_interfaces/local/lib/python3.10/dist-packages/package_with_interfaces/srv/_what_is_the_point_s.c
[1.702s] -- Up-to-date: /home/delewlew/ros2_tutorial_workspace_2/src/install/package_with_interfaces/local/lib/python3.10/dist-packages/package_with_interfaces/srv/__init__.py
[1.702s] -- Up-to-date: /home/delewlew/ros2_tutorial_workspace_2/src/install/package_with_interfaces/local/lib/python3.10/dist-packages/package_with_interfaces/package_with_interfaces_s__rosidl_typesupport_fastrtps_c.cpython-310-x86_64-linux-gnu.so
[1.702s] -- Up-to-date: /home/delewlew/ros2_tutorial_workspace_2/src/install/package_with_interfaces/local/lib/python3.10/dist-packages/package_with_interfaces/__init__.py
[1.793s] Listing '/home/delewlew/ros2_tutorial_workspace_2/src/install/package_with_interfaces/local/lib/python3.10/dist-packages/package_with_interfaces'...
[1.794s] Listing '/home/delewlew/ros2_tutorial_workspace_2/src/install/package_with_interfaces/local/lib/python3.10/dist-packages/package_with_interfaces/msg'...
[1.794s] Listing '/home/delewlew/ros2_tutorial_workspace_2/src/install/package_with_interfaces/local/lib/python3.10/dist-packages/package_with_interfaces/srv'...
[1.803s] -- Up-to-date: /home/delewlew/ros2_tutorial_workspace_2/src/install/package_with_interfaces/local/lib/python3.10/dist-packages/package_with_interfaces/package_with_interfaces_s__rosidl_typesupport_fastrtps_c.cpython-310-x86_64-linux-gnu.so
[1.804s] -- Up-to-date: /home/delewlew/ros2_tutorial_workspace_2/src/install/package_with_interfaces/local/lib/python3.10/dist-packages/package_with_interfaces/package_with_interfaces_s__rosidl_typesupport_introspection_c.cpython-310-x86_64-linux-gnu.so
[1.804s] -- Up-to-date: /home/delewlew/ros2_tutorial_workspace_2/src/install/package_with_interfaces/local/lib/python3.10/dist-packages/package_with_interfaces/package_with_interfaces_s__rosidl_typesupport_c.cpython-310-x86_64-linux-gnu.so
[1.805s] -- Up-to-date: /home/delewlew/ros2_tutorial_workspace_2/src/install/package_with_interfaces/lib/libpackage_with_interfaces__rosidl_generator_py.so
[1.806s] -- Up-to-date: /home/delewlew/ros2_tutorial_workspace_2/src/install/package_with_interfaces/share/package_with_interfaces/msg/AmazingQuote.idl
[1.806s] -- Up-to-date: /home/delewlew/ros2_tutorial_workspace_2/src/install/package_with_interfaces/share/package_with_interfaces/srv/WhatIsThePoint.idl
[1.806s] -- Up-to-date: /home/delewlew/ros2_tutorial_workspace_2/src/install/package_with_interfaces/share/package_with_interfaces/msg/AmazingQuote.msg
[1.807s] -- Up-to-date: /home/delewlew/ros2_tutorial_workspace_2/src/install/package_with_interfaces/share/package_with_interfaces/srv/WhatIsThePoint.srv
[1.807s] -- Up-to-date: /home/delewlew/ros2_tutorial_workspace_2/src/install/package_with_interfaces/share/package_with_interfaces/srv/WhatIsThePoint_Request.msg
[1.808s] -- Up-to-date: /home/delewlew/ros2_tutorial_workspace_2/src/install/package_with_interfaces/share/package_with_interfaces/srv/WhatIsThePoint_Response.msg
[1.808s] -- Up-to-date: /home/delewlew/ros2_tutorial_workspace_2/src/install/package_with_interfaces/share/ament_index/resource_index/package_run_dependencies/package_with_interfaces
[1.808s] -- Up-to-date: /home/delewlew/ros2_tutorial_workspace_2/src/install/package_with_interfaces/share/ament_index/resource_index/parent_prefix_path/package_with_interfaces
[1.808s] -- Up-to-date: /home/delewlew/ros2_tutorial_workspace_2/src/install/package_with_interfaces/share/package_with_interfaces/environment/ament_prefix_path.sh
[1.809s] -- Up-to-date: /home/delewlew/ros2_tutorial_workspace_2/src/install/package_with_interfaces/share/package_with_interfaces/environment/ament_prefix_path.dsv
[1.809s] -- Up-to-date: /home/delewlew/ros2_tutorial_workspace_2/src/install/package_with_interfaces/share/package_with_interfaces/environment/path.sh
[1.809s] -- Up-to-date: /home/delewlew/ros2_tutorial_workspace_2/src/install/package_with_interfaces/share/package_with_interfaces/environment/path.dsv
[1.809s] -- Up-to-date: /home/delewlew/ros2_tutorial_workspace_2/src/install/package_with_interfaces/share/package_with_interfaces/local_setup.bash
[1.809s] -- Up-to-date: /home/delewlew/ros2_tutorial_workspace_2/src/install/package_with_interfaces/share/package_with_interfaces/local_setup.sh
[1.810s] -- Up-to-date: /home/delewlew/ros2_tutorial_workspace_2/src/install/package_with_interfaces/share/package_with_interfaces/local_setup.zsh
[1.810s] -- Up-to-date: /home/delewlew/ros2_tutorial_workspace_2/src/install/package_with_interfaces/share/package_with_interfaces/local_setup.dsv
[1.811s] -- Installing: /home/delewlew/ros2_tutorial_workspace_2/src/install/package_with_interfaces/share/package_with_interfaces/package.dsv
[1.811s] -- Up-to-date: /home/delewlew/ros2_tutorial_workspace_2/src/install/package_with_interfaces/share/ament_index/resource_index/packages/package_with_interfaces
[1.811s] -- Up-to-date: /home/delewlew/ros2_tutorial_workspace_2/src/install/package_with_interfaces/share/package_with_interfaces/cmake/export_package_with_interfaces__rosidl_generator_cExport.cmake
[1.812s] -- Up-to-date: /home/delewlew/ros2_tutorial_workspace_2/src/install/package_with_interfaces/share/package_with_interfaces/cmake/export_package_with_interfaces__rosidl_generator_cExport-noconfig.cmake
[1.812s] -- Up-to-date: /home/delewlew/ros2_tutorial_workspace_2/src/install/package_with_interfaces/share/package_with_interfaces/cmake/export_package_with_interfaces__rosidl_typesupport_fastrtps_cExport.cmake
[1.812s] -- Up-to-date: /home/delewlew/ros2_tutorial_workspace_2/src/install/package_with_interfaces/share/package_with_interfaces/cmake/export_package_with_interfaces__rosidl_typesupport_fastrtps_cExport-noconfig.cmake
[1.812s] -- Up-to-date: /home/delewlew/ros2_tutorial_workspace_2/src/install/package_with_interfaces/share/package_with_interfaces/cmake/export_package_with_interfaces__rosidl_generator_cppExport.cmake
[1.813s] -- Up-to-date: /home/delewlew/ros2_tutorial_workspace_2/src/install/package_with_interfaces/share/package_with_interfaces/cmake/export_package_with_interfaces__rosidl_typesupport_fastrtps_cppExport.cmake
[1.813s] -- Up-to-date: /home/delewlew/ros2_tutorial_workspace_2/src/install/package_with_interfaces/share/package_with_interfaces/cmake/export_package_with_interfaces__rosidl_typesupport_fastrtps_cppExport-noconfig.cmake
[1.813s] -- Up-to-date: /home/delewlew/ros2_tutorial_workspace_2/src/install/package_with_interfaces/share/package_with_interfaces/cmake/package_with_interfaces__rosidl_typesupport_introspection_cExport.cmake
[1.813s] -- Up-to-date: /home/delewlew/ros2_tutorial_workspace_2/src/install/package_with_interfaces/share/package_with_interfaces/cmake/package_with_interfaces__rosidl_typesupport_introspection_cExport-noconfig.cmake
[1.814s] -- Up-to-date: /home/delewlew/ros2_tutorial_workspace_2/src/install/package_with_interfaces/share/package_with_interfaces/cmake/package_with_interfaces__rosidl_typesupport_cExport.cmake
[1.814s] -- Up-to-date: /home/delewlew/ros2_tutorial_workspace_2/src/install/package_with_interfaces/share/package_with_interfaces/cmake/package_with_interfaces__rosidl_typesupport_cExport-noconfig.cmake
[1.814s] -- Up-to-date: /home/delewlew/ros2_tutorial_workspace_2/src/install/package_with_interfaces/share/package_with_interfaces/cmake/package_with_interfaces__rosidl_typesupport_introspection_cppExport.cmake
[1.814s] -- Up-to-date: /home/delewlew/ros2_tutorial_workspace_2/src/install/package_with_interfaces/share/package_with_interfaces/cmake/package_with_interfaces__rosidl_typesupport_introspection_cppExport-noconfig.cmake
[1.814s] -- Up-to-date: /home/delewlew/ros2_tutorial_workspace_2/src/install/package_with_interfaces/share/package_with_interfaces/cmake/package_with_interfaces__rosidl_typesupport_cppExport.cmake
[1.814s] -- Up-to-date: /home/delewlew/ros2_tutorial_workspace_2/src/install/package_with_interfaces/share/package_with_interfaces/cmake/package_with_interfaces__rosidl_typesupport_cppExport-noconfig.cmake
[1.815s] -- Up-to-date: /home/delewlew/ros2_tutorial_workspace_2/src/install/package_with_interfaces/share/package_with_interfaces/cmake/export_package_with_interfaces__rosidl_generator_pyExport.cmake
[1.815s] -- Up-to-date: /home/delewlew/ros2_tutorial_workspace_2/src/install/package_with_interfaces/share/package_with_interfaces/cmake/export_package_with_interfaces__rosidl_generator_pyExport-noconfig.cmake
[1.815s] -- Up-to-date: /home/delewlew/ros2_tutorial_workspace_2/src/install/package_with_interfaces/share/package_with_interfaces/cmake/rosidl_cmake-extras.cmake
[1.815s] -- Up-to-date: /home/delewlew/ros2_tutorial_workspace_2/src/install/package_with_interfaces/share/package_with_interfaces/cmake/ament_cmake_export_dependencies-extras.cmake
[1.815s] -- Up-to-date: /home/delewlew/ros2_tutorial_workspace_2/src/install/package_with_interfaces/share/package_with_interfaces/cmake/ament_cmake_export_include_directories-extras.cmake
[1.815s] -- Up-to-date: /home/delewlew/ros2_tutorial_workspace_2/src/install/package_with_interfaces/share/package_with_interfaces/cmake/ament_cmake_export_libraries-extras.cmake
[1.815s] -- Up-to-date: /home/delewlew/ros2_tutorial_workspace_2/src/install/package_with_interfaces/share/package_with_interfaces/cmake/ament_cmake_export_targets-extras.cmake
[1.816s] -- Up-to-date: /home/delewlew/ros2_tutorial_workspace_2/src/install/package_with_interfaces/share/package_with_interfaces/cmake/rosidl_cmake_export_typesupport_targets-extras.cmake
[1.816s] -- Up-to-date: /home/delewlew/ros2_tutorial_workspace_2/src/install/package_with_interfaces/share/package_with_interfaces/cmake/rosidl_cmake_export_typesupport_libraries-extras.cmake
[1.816s] -- Up-to-date: /home/delewlew/ros2_tutorial_workspace_2/src/install/package_with_interfaces/share/package_with_interfaces/cmake/package_with_interfacesConfig.cmake
[1.816s] -- Up-to-date: /home/delewlew/ros2_tutorial_workspace_2/src/install/package_with_interfaces/share/package_with_interfaces/cmake/package_with_interfacesConfig-version.cmake
[1.816s] -- Up-to-date: /home/delewlew/ros2_tutorial_workspace_2/src/install/package_with_interfaces/share/package_with_interfaces/package.xml
[1.819s] Invoked command in '/home/delewlew/ros2_tutorial_workspace_2/src/build/package_with_interfaces' returned '0': CMAKE_PREFIX_PATH=${CMAKE_PREFIX_PATH}:/home/delewlew/ros2_tutorial_workspace_2/src/install/python_package_that_uses_paramameters_and_launch_files:/home/delewlew/ros2_tutorial_workspace_2/src/install/the_simplest_python_package:/home/delewlew/ros2_tutorial_workspace_2/src/install/python_package_with_a_node:/home/delewlew/ros2_tutorial_workspace_2/src/install/python_package_that_uses_the_library:/home/delewlew/ros2_tutorial_workspace_2/src/install/python_package_with_a_library:/home/delewlew/ros2_tutorial_workspace_2/src/install/python_package_that_uses_the_services:/home/delewlew/ros2_tutorial_workspace_2/src/install/python_package_that_uses_the_messages:/opt/ros/humble /usr/bin/cmake --install /home/delewlew/ros2_tutorial_workspace_2/src/build/package_with_interfaces
