[0.078s] DEBUG:colcon:Command line arguments: ['/usr/bin/colcon', 'build']
[0.078s] DEBUG:colcon:Parsed command line arguments: Namespace(log_base=None, log_level=None, verb_name='build', build_base='build', install_base='install', merge_install=False, symlink_install=False, test_result_base=None, continue_on_error=False, executor='parallel', parallel_workers=12, event_handlers=None, ignore_user_meta=False, metas=['./colcon.meta'], base_paths=['.'], packages_ignore=None, packages_ignore_regex=None, paths=None, packages_up_to=None, packages_up_to_regex=None, packages_above=None, packages_above_and_dependencies=None, packages_above_depth=None, packages_select_by_dep=None, packages_skip_by_dep=None, packages_skip_up_to=None, packages_select_build_failed=False, packages_skip_build_finished=False, packages_select_test_failures=False, packages_skip_test_passed=False, packages_select=None, packages_skip=None, packages_select_regex=None, packages_skip_regex=None, packages_start=None, packages_end=None, allow_overriding=[], cmake_args=None, cmake_target=None, cmake_target_skip_unavailable=False, cmake_clean_cache=False, cmake_clean_first=False, cmake_force_configure=False, ament_cmake_args=None, catkin_cmake_args=None, catkin_skip_building_tests=False, mixin_files=None, mixin=None, verb_parser=<colcon_mixin.mixin.mixin_argument.MixinArgumentDecorator object at 0x7919bc5de680>, verb_extension=<colcon_core.verb.build.BuildVerb object at 0x7919bc736d10>, main=<bound method BuildVerb.main of <colcon_core.verb.build.BuildVerb object at 0x7919bc736d10>>, mixin_verb=('build',))
[0.187s] Level 1:colcon.colcon_core.package_discovery:discover_packages(colcon_meta) check parameters
[0.187s] Level 1:colcon.colcon_core.package_discovery:discover_packages(recursive) check parameters
[0.187s] Level 1:colcon.colcon_core.package_discovery:discover_packages(ignore) check parameters
[0.187s] Level 1:colcon.colcon_core.package_discovery:discover_packages(path) check parameters
[0.187s] Level 1:colcon.colcon_core.package_discovery:discover_packages(colcon_meta) discover
[0.187s] Level 1:colcon.colcon_core.package_discovery:discover_packages(recursive) discover
[0.187s] INFO:colcon.colcon_core.package_discovery:Crawling recursively for packages in '/home/delewlew/ros2_tutorial_workspace_2/src'
[0.187s] Level 1:colcon.colcon_core.package_identification:_identify(.) by extensions ['ignore', 'ignore_ament_install']
[0.187s] Level 1:colcon.colcon_core.package_identification:_identify(.) by extension 'ignore'
[0.188s] Level 1:colcon.colcon_core.package_identification:_identify(.) by extension 'ignore_ament_install'
[0.188s] Level 1:colcon.colcon_core.package_identification:_identify(.) by extensions ['colcon_pkg']
[0.188s] Level 1:colcon.colcon_core.package_identification:_identify(.) by extension 'colcon_pkg'
[0.188s] Level 1:colcon.colcon_core.package_identification:_identify(.) by extensions ['colcon_meta']
[0.188s] Level 1:colcon.colcon_core.package_identification:_identify(.) by extension 'colcon_meta'
[0.188s] Level 1:colcon.colcon_core.package_identification:_identify(.) by extensions ['ros']
[0.188s] Level 1:colcon.colcon_core.package_identification:_identify(.) by extension 'ros'
[0.196s] Level 1:colcon.colcon_core.package_identification:_identify(.) by extensions ['cmake', 'python']
[0.196s] Level 1:colcon.colcon_core.package_identification:_identify(.) by extension 'cmake'
[0.196s] Level 1:colcon.colcon_core.package_identification:_identify(.) by extension 'python'
[0.196s] Level 1:colcon.colcon_core.package_identification:_identify(.) by extensions ['python_setup_py']
[0.196s] Level 1:colcon.colcon_core.package_identification:_identify(.) by extension 'python_setup_py'
[0.196s] Level 1:colcon.colcon_core.package_identification:_identify(build) by extensions ['ignore', 'ignore_ament_install']
[0.196s] Level 1:colcon.colcon_core.package_identification:_identify(build) by extension 'ignore'
[0.196s] Level 1:colcon.colcon_core.package_identification:_identify(build) ignored
[0.196s] Level 1:colcon.colcon_core.package_identification:_identify(install) by extensions ['ignore', 'ignore_ament_install']
[0.196s] Level 1:colcon.colcon_core.package_identification:_identify(install) by extension 'ignore'
[0.196s] Level 1:colcon.colcon_core.package_identification:_identify(install) ignored
[0.196s] Level 1:colcon.colcon_core.package_identification:_identify(log) by extensions ['ignore', 'ignore_ament_install']
[0.196s] Level 1:colcon.colcon_core.package_identification:_identify(log) by extension 'ignore'
[0.196s] Level 1:colcon.colcon_core.package_identification:_identify(log) ignored
[0.196s] Level 1:colcon.colcon_core.package_identification:_identify(package_with_interfaces) by extensions ['ignore', 'ignore_ament_install']
[0.197s] Level 1:colcon.colcon_core.package_identification:_identify(package_with_interfaces) by extension 'ignore'
[0.197s] Level 1:colcon.colcon_core.package_identification:_identify(package_with_interfaces) by extension 'ignore_ament_install'
[0.197s] Level 1:colcon.colcon_core.package_identification:_identify(package_with_interfaces) by extensions ['colcon_pkg']
[0.197s] Level 1:colcon.colcon_core.package_identification:_identify(package_with_interfaces) by extension 'colcon_pkg'
[0.197s] Level 1:colcon.colcon_core.package_identification:_identify(package_with_interfaces) by extensions ['colcon_meta']
[0.197s] Level 1:colcon.colcon_core.package_identification:_identify(package_with_interfaces) by extension 'colcon_meta'
[0.197s] Level 1:colcon.colcon_core.package_identification:_identify(package_with_interfaces) by extensions ['ros']
[0.197s] Level 1:colcon.colcon_core.package_identification:_identify(package_with_interfaces) by extension 'ros'
[0.198s] DEBUG:colcon.colcon_core.package_identification:Package 'package_with_interfaces' with type 'ros.ament_cmake' and name 'package_with_interfaces'
[0.198s] Level 1:colcon.colcon_core.package_identification:_identify(python_package_that_uses_parameters_and_launch_files) by extensions ['ignore', 'ignore_ament_install']
[0.198s] Level 1:colcon.colcon_core.package_identification:_identify(python_package_that_uses_parameters_and_launch_files) by extension 'ignore'
[0.198s] Level 1:colcon.colcon_core.package_identification:_identify(python_package_that_uses_parameters_and_launch_files) by extension 'ignore_ament_install'
[0.199s] Level 1:colcon.colcon_core.package_identification:_identify(python_package_that_uses_parameters_and_launch_files) by extensions ['colcon_pkg']
[0.199s] Level 1:colcon.colcon_core.package_identification:_identify(python_package_that_uses_parameters_and_launch_files) by extension 'colcon_pkg'
[0.199s] Level 1:colcon.colcon_core.package_identification:_identify(python_package_that_uses_parameters_and_launch_files) by extensions ['colcon_meta']
[0.199s] Level 1:colcon.colcon_core.package_identification:_identify(python_package_that_uses_parameters_and_launch_files) by extension 'colcon_meta'
[0.199s] Level 1:colcon.colcon_core.package_identification:_identify(python_package_that_uses_parameters_and_launch_files) by extensions ['ros']
[0.199s] Level 1:colcon.colcon_core.package_identification:_identify(python_package_that_uses_parameters_and_launch_files) by extension 'ros'
[0.199s] DEBUG:colcon.colcon_core.package_identification:Package 'python_package_that_uses_parameters_and_launch_files' with type 'ros.ament_python' and name 'python_package_that_uses_paramameters_and_launch_files'
[0.199s] Level 1:colcon.colcon_core.package_identification:_identify(python_package_that_uses_the_library) by extensions ['ignore', 'ignore_ament_install']
[0.199s] Level 1:colcon.colcon_core.package_identification:_identify(python_package_that_uses_the_library) by extension 'ignore'
[0.199s] Level 1:colcon.colcon_core.package_identification:_identify(python_package_that_uses_the_library) by extension 'ignore_ament_install'
[0.199s] Level 1:colcon.colcon_core.package_identification:_identify(python_package_that_uses_the_library) by extensions ['colcon_pkg']
[0.199s] Level 1:colcon.colcon_core.package_identification:_identify(python_package_that_uses_the_library) by extension 'colcon_pkg'
[0.199s] Level 1:colcon.colcon_core.package_identification:_identify(python_package_that_uses_the_library) by extensions ['colcon_meta']
[0.199s] Level 1:colcon.colcon_core.package_identification:_identify(python_package_that_uses_the_library) by extension 'colcon_meta'
[0.199s] Level 1:colcon.colcon_core.package_identification:_identify(python_package_that_uses_the_library) by extensions ['ros']
[0.199s] Level 1:colcon.colcon_core.package_identification:_identify(python_package_that_uses_the_library) by extension 'ros'
[0.200s] DEBUG:colcon.colcon_core.package_identification:Package 'python_package_that_uses_the_library' with type 'ros.ament_python' and name 'python_package_that_uses_the_library'
[0.200s] Level 1:colcon.colcon_core.package_identification:_identify(python_package_that_uses_the_messages) by extensions ['ignore', 'ignore_ament_install']
[0.200s] Level 1:colcon.colcon_core.package_identification:_identify(python_package_that_uses_the_messages) by extension 'ignore'
[0.200s] Level 1:colcon.colcon_core.package_identification:_identify(python_package_that_uses_the_messages) by extension 'ignore_ament_install'
[0.200s] Level 1:colcon.colcon_core.package_identification:_identify(python_package_that_uses_the_messages) by extensions ['colcon_pkg']
[0.200s] Level 1:colcon.colcon_core.package_identification:_identify(python_package_that_uses_the_messages) by extension 'colcon_pkg'
[0.200s] Level 1:colcon.colcon_core.package_identification:_identify(python_package_that_uses_the_messages) by extensions ['colcon_meta']
[0.200s] Level 1:colcon.colcon_core.package_identification:_identify(python_package_that_uses_the_messages) by extension 'colcon_meta'
[0.200s] Level 1:colcon.colcon_core.package_identification:_identify(python_package_that_uses_the_messages) by extensions ['ros']
[0.200s] Level 1:colcon.colcon_core.package_identification:_identify(python_package_that_uses_the_messages) by extension 'ros'
[0.200s] DEBUG:colcon.colcon_core.package_identification:Package 'python_package_that_uses_the_messages' with type 'ros.ament_python' and name 'python_package_that_uses_the_messages'
[0.201s] Level 1:colcon.colcon_core.package_identification:_identify(python_package_that_uses_the_services) by extensions ['ignore', 'ignore_ament_install']
[0.201s] Level 1:colcon.colcon_core.package_identification:_identify(python_package_that_uses_the_services) by extension 'ignore'
[0.201s] Level 1:colcon.colcon_core.package_identification:_identify(python_package_that_uses_the_services) by extension 'ignore_ament_install'
[0.201s] Level 1:colcon.colcon_core.package_identification:_identify(python_package_that_uses_the_services) by extensions ['colcon_pkg']
[0.201s] Level 1:colcon.colcon_core.package_identification:_identify(python_package_that_uses_the_services) by extension 'colcon_pkg'
[0.201s] Level 1:colcon.colcon_core.package_identification:_identify(python_package_that_uses_the_services) by extensions ['colcon_meta']
[0.201s] Level 1:colcon.colcon_core.package_identification:_identify(python_package_that_uses_the_services) by extension 'colcon_meta'
[0.201s] Level 1:colcon.colcon_core.package_identification:_identify(python_package_that_uses_the_services) by extensions ['ros']
[0.201s] Level 1:colcon.colcon_core.package_identification:_identify(python_package_that_uses_the_services) by extension 'ros'
[0.201s] DEBUG:colcon.colcon_core.package_identification:Package 'python_package_that_uses_the_services' with type 'ros.ament_python' and name 'python_package_that_uses_the_services'
[0.201s] Level 1:colcon.colcon_core.package_identification:_identify(python_package_with_a_library) by extensions ['ignore', 'ignore_ament_install']
[0.201s] Level 1:colcon.colcon_core.package_identification:_identify(python_package_with_a_library) by extension 'ignore'
[0.201s] Level 1:colcon.colcon_core.package_identification:_identify(python_package_with_a_library) by extension 'ignore_ament_install'
[0.201s] Level 1:colcon.colcon_core.package_identification:_identify(python_package_with_a_library) by extensions ['colcon_pkg']
[0.201s] Level 1:colcon.colcon_core.package_identification:_identify(python_package_with_a_library) by extension 'colcon_pkg'
[0.201s] Level 1:colcon.colcon_core.package_identification:_identify(python_package_with_a_library) by extensions ['colcon_meta']
[0.201s] Level 1:colcon.colcon_core.package_identification:_identify(python_package_with_a_library) by extension 'colcon_meta'
[0.201s] Level 1:colcon.colcon_core.package_identification:_identify(python_package_with_a_library) by extensions ['ros']
[0.201s] Level 1:colcon.colcon_core.package_identification:_identify(python_package_with_a_library) by extension 'ros'
[0.202s] DEBUG:colcon.colcon_core.package_identification:Package 'python_package_with_a_library' with type 'ros.ament_python' and name 'python_package_with_a_library'
[0.202s] Level 1:colcon.colcon_core.package_identification:_identify(python_package_with_a_node) by extensions ['ignore', 'ignore_ament_install']
[0.202s] Level 1:colcon.colcon_core.package_identification:_identify(python_package_with_a_node) by extension 'ignore'
[0.202s] Level 1:colcon.colcon_core.package_identification:_identify(python_package_with_a_node) by extension 'ignore_ament_install'
[0.202s] Level 1:colcon.colcon_core.package_identification:_identify(python_package_with_a_node) by extensions ['colcon_pkg']
[0.202s] Level 1:colcon.colcon_core.package_identification:_identify(python_package_with_a_node) by extension 'colcon_pkg'
[0.202s] Level 1:colcon.colcon_core.package_identification:_identify(python_package_with_a_node) by extensions ['colcon_meta']
[0.202s] Level 1:colcon.colcon_core.package_identification:_identify(python_package_with_a_node) by extension 'colcon_meta'
[0.202s] Level 1:colcon.colcon_core.package_identification:_identify(python_package_with_a_node) by extensions ['ros']
[0.202s] Level 1:colcon.colcon_core.package_identification:_identify(python_package_with_a_node) by extension 'ros'
[0.202s] DEBUG:colcon.colcon_core.package_identification:Package 'python_package_with_a_node' with type 'ros.ament_python' and name 'python_package_with_a_node'
[0.202s] Level 1:colcon.colcon_core.package_identification:_identify(the_simplest_python_package) by extensions ['ignore', 'ignore_ament_install']
[0.202s] Level 1:colcon.colcon_core.package_identification:_identify(the_simplest_python_package) by extension 'ignore'
[0.202s] Level 1:colcon.colcon_core.package_identification:_identify(the_simplest_python_package) by extension 'ignore_ament_install'
[0.202s] Level 1:colcon.colcon_core.package_identification:_identify(the_simplest_python_package) by extensions ['colcon_pkg']
[0.203s] Level 1:colcon.colcon_core.package_identification:_identify(the_simplest_python_package) by extension 'colcon_pkg'
[0.203s] Level 1:colcon.colcon_core.package_identification:_identify(the_simplest_python_package) by extensions ['colcon_meta']
[0.203s] Level 1:colcon.colcon_core.package_identification:_identify(the_simplest_python_package) by extension 'colcon_meta'
[0.203s] Level 1:colcon.colcon_core.package_identification:_identify(the_simplest_python_package) by extensions ['ros']
[0.203s] Level 1:colcon.colcon_core.package_identification:_identify(the_simplest_python_package) by extension 'ros'
[0.203s] DEBUG:colcon.colcon_core.package_identification:Package 'the_simplest_python_package' with type 'ros.ament_python' and name 'the_simplest_python_package'
[0.203s] Level 1:colcon.colcon_core.package_discovery:discover_packages(recursive) using defaults
[0.203s] Level 1:colcon.colcon_core.package_discovery:discover_packages(ignore) discover
[0.203s] Level 1:colcon.colcon_core.package_discovery:discover_packages(ignore) using defaults
[0.203s] Level 1:colcon.colcon_core.package_discovery:discover_packages(path) discover
[0.203s] Level 1:colcon.colcon_core.package_discovery:discover_packages(path) using defaults
[0.227s] Level 1:colcon.colcon_core.package_discovery:discover_packages(prefix_path) check parameters
[0.227s] Level 1:colcon.colcon_core.package_discovery:discover_packages(prefix_path) discover
[0.229s] DEBUG:colcon.colcon_installed_package_information.package_discovery:Found 8 installed packages in /home/delewlew/ros2_tutorial_workspace_2/src/install
[0.229s] DEBUG:colcon.colcon_installed_package_information.package_discovery:Found 270 installed packages in /opt/ros/humble
[0.230s] Level 1:colcon.colcon_core.package_discovery:discover_packages(prefix_path) using defaults
[0.253s] Level 5:colcon.colcon_core.verb:set package 'package_with_interfaces' build argument 'cmake_args' from command line to 'None'
[0.253s] Level 5:colcon.colcon_core.verb:set package 'package_with_interfaces' build argument 'cmake_target' from command line to 'None'
[0.253s] Level 5:colcon.colcon_core.verb:set package 'package_with_interfaces' build argument 'cmake_target_skip_unavailable' from command line to 'False'
[0.253s] Level 5:colcon.colcon_core.verb:set package 'package_with_interfaces' build argument 'cmake_clean_cache' from command line to 'False'
[0.253s] Level 5:colcon.colcon_core.verb:set package 'package_with_interfaces' build argument 'cmake_clean_first' from command line to 'False'
[0.253s] Level 5:colcon.colcon_core.verb:set package 'package_with_interfaces' build argument 'cmake_force_configure' from command line to 'False'
[0.253s] Level 5:colcon.colcon_core.verb:set package 'package_with_interfaces' build argument 'ament_cmake_args' from command line to 'None'
[0.253s] Level 5:colcon.colcon_core.verb:set package 'package_with_interfaces' build argument 'catkin_cmake_args' from command line to 'None'
[0.253s] Level 5:colcon.colcon_core.verb:set package 'package_with_interfaces' build argument 'catkin_skip_building_tests' from command line to 'False'
[0.253s] DEBUG:colcon.colcon_core.verb:Building package 'package_with_interfaces' with the following arguments: {'ament_cmake_args': None, 'build_base': '/home/delewlew/ros2_tutorial_workspace_2/src/build/package_with_interfaces', 'catkin_cmake_args': None, 'catkin_skip_building_tests': False, 'cmake_args': None, 'cmake_clean_cache': False, 'cmake_clean_first': False, 'cmake_force_configure': False, 'cmake_target': None, 'cmake_target_skip_unavailable': False, 'install_base': '/home/delewlew/ros2_tutorial_workspace_2/src/install/package_with_interfaces', 'merge_install': False, 'path': '/home/delewlew/ros2_tutorial_workspace_2/src/package_with_interfaces', 'symlink_install': False, 'test_result_base': None}
[0.254s] Level 5:colcon.colcon_core.verb:set package 'python_package_that_uses_the_messages' build argument 'cmake_args' from command line to 'None'
[0.254s] Level 5:colcon.colcon_core.verb:set package 'python_package_that_uses_the_messages' build argument 'cmake_target' from command line to 'None'
[0.254s] Level 5:colcon.colcon_core.verb:set package 'python_package_that_uses_the_messages' build argument 'cmake_target_skip_unavailable' from command line to 'False'
[0.254s] Level 5:colcon.colcon_core.verb:set package 'python_package_that_uses_the_messages' build argument 'cmake_clean_cache' from command line to 'False'
[0.254s] Level 5:colcon.colcon_core.verb:set package 'python_package_that_uses_the_messages' build argument 'cmake_clean_first' from command line to 'False'
[0.254s] Level 5:colcon.colcon_core.verb:set package 'python_package_that_uses_the_messages' build argument 'cmake_force_configure' from command line to 'False'
[0.254s] Level 5:colcon.colcon_core.verb:set package 'python_package_that_uses_the_messages' build argument 'ament_cmake_args' from command line to 'None'
[0.254s] Level 5:colcon.colcon_core.verb:set package 'python_package_that_uses_the_messages' build argument 'catkin_cmake_args' from command line to 'None'
[0.254s] Level 5:colcon.colcon_core.verb:set package 'python_package_that_uses_the_messages' build argument 'catkin_skip_building_tests' from command line to 'False'
[0.254s] DEBUG:colcon.colcon_core.verb:Building package 'python_package_that_uses_the_messages' with the following arguments: {'ament_cmake_args': None, 'build_base': '/home/delewlew/ros2_tutorial_workspace_2/src/build/python_package_that_uses_the_messages', 'catkin_cmake_args': None, 'catkin_skip_building_tests': False, 'cmake_args': None, 'cmake_clean_cache': False, 'cmake_clean_first': False, 'cmake_force_configure': False, 'cmake_target': None, 'cmake_target_skip_unavailable': False, 'install_base': '/home/delewlew/ros2_tutorial_workspace_2/src/install/python_package_that_uses_the_messages', 'merge_install': False, 'path': '/home/delewlew/ros2_tutorial_workspace_2/src/python_package_that_uses_the_messages', 'symlink_install': False, 'test_result_base': None}
[0.254s] Level 5:colcon.colcon_core.verb:set package 'python_package_that_uses_the_services' build argument 'cmake_args' from command line to 'None'
[0.254s] Level 5:colcon.colcon_core.verb:set package 'python_package_that_uses_the_services' build argument 'cmake_target' from command line to 'None'
[0.254s] Level 5:colcon.colcon_core.verb:set package 'python_package_that_uses_the_services' build argument 'cmake_target_skip_unavailable' from command line to 'False'
[0.254s] Level 5:colcon.colcon_core.verb:set package 'python_package_that_uses_the_services' build argument 'cmake_clean_cache' from command line to 'False'
[0.254s] Level 5:colcon.colcon_core.verb:set package 'python_package_that_uses_the_services' build argument 'cmake_clean_first' from command line to 'False'
[0.254s] Level 5:colcon.colcon_core.verb:set package 'python_package_that_uses_the_services' build argument 'cmake_force_configure' from command line to 'False'
[0.254s] Level 5:colcon.colcon_core.verb:set package 'python_package_that_uses_the_services' build argument 'ament_cmake_args' from command line to 'None'
[0.254s] Level 5:colcon.colcon_core.verb:set package 'python_package_that_uses_the_services' build argument 'catkin_cmake_args' from command line to 'None'
[0.254s] Level 5:colcon.colcon_core.verb:set package 'python_package_that_uses_the_services' build argument 'catkin_skip_building_tests' from command line to 'False'
[0.254s] DEBUG:colcon.colcon_core.verb:Building package 'python_package_that_uses_the_services' with the following arguments: {'ament_cmake_args': None, 'build_base': '/home/delewlew/ros2_tutorial_workspace_2/src/build/python_package_that_uses_the_services', 'catkin_cmake_args': None, 'catkin_skip_building_tests': False, 'cmake_args': None, 'cmake_clean_cache': False, 'cmake_clean_first': False, 'cmake_force_configure': False, 'cmake_target': None, 'cmake_target_skip_unavailable': False, 'install_base': '/home/delewlew/ros2_tutorial_workspace_2/src/install/python_package_that_uses_the_services', 'merge_install': False, 'path': '/home/delewlew/ros2_tutorial_workspace_2/src/python_package_that_uses_the_services', 'symlink_install': False, 'test_result_base': None}
[0.254s] Level 5:colcon.colcon_core.verb:set package 'python_package_with_a_library' build argument 'cmake_args' from command line to 'None'
[0.254s] Level 5:colcon.colcon_core.verb:set package 'python_package_with_a_library' build argument 'cmake_target' from command line to 'None'
[0.254s] Level 5:colcon.colcon_core.verb:set package 'python_package_with_a_library' build argument 'cmake_target_skip_unavailable' from command line to 'False'
[0.254s] Level 5:colcon.colcon_core.verb:set package 'python_package_with_a_library' build argument 'cmake_clean_cache' from command line to 'False'
[0.255s] Level 5:colcon.colcon_core.verb:set package 'python_package_with_a_library' build argument 'cmake_clean_first' from command line to 'False'
[0.255s] Level 5:colcon.colcon_core.verb:set package 'python_package_with_a_library' build argument 'cmake_force_configure' from command line to 'False'
[0.255s] Level 5:colcon.colcon_core.verb:set package 'python_package_with_a_library' build argument 'ament_cmake_args' from command line to 'None'
[0.255s] Level 5:colcon.colcon_core.verb:set package 'python_package_with_a_library' build argument 'catkin_cmake_args' from command line to 'None'
[0.255s] Level 5:colcon.colcon_core.verb:set package 'python_package_with_a_library' build argument 'catkin_skip_building_tests' from command line to 'False'
[0.255s] DEBUG:colcon.colcon_core.verb:Building package 'python_package_with_a_library' with the following arguments: {'ament_cmake_args': None, 'build_base': '/home/delewlew/ros2_tutorial_workspace_2/src/build/python_package_with_a_library', 'catkin_cmake_args': None, 'catkin_skip_building_tests': False, 'cmake_args': None, 'cmake_clean_cache': False, 'cmake_clean_first': False, 'cmake_force_configure': False, 'cmake_target': None, 'cmake_target_skip_unavailable': False, 'install_base': '/home/delewlew/ros2_tutorial_workspace_2/src/install/python_package_with_a_library', 'merge_install': False, 'path': '/home/delewlew/ros2_tutorial_workspace_2/src/python_package_with_a_library', 'symlink_install': False, 'test_result_base': None}
[0.255s] Level 5:colcon.colcon_core.verb:set package 'python_package_with_a_node' build argument 'cmake_args' from command line to 'None'
[0.255s] Level 5:colcon.colcon_core.verb:set package 'python_package_with_a_node' build argument 'cmake_target' from command line to 'None'
[0.255s] Level 5:colcon.colcon_core.verb:set package 'python_package_with_a_node' build argument 'cmake_target_skip_unavailable' from command line to 'False'
[0.255s] Level 5:colcon.colcon_core.verb:set package 'python_package_with_a_node' build argument 'cmake_clean_cache' from command line to 'False'
[0.255s] Level 5:colcon.colcon_core.verb:set package 'python_package_with_a_node' build argument 'cmake_clean_first' from command line to 'False'
[0.255s] Level 5:colcon.colcon_core.verb:set package 'python_package_with_a_node' build argument 'cmake_force_configure' from command line to 'False'
[0.255s] Level 5:colcon.colcon_core.verb:set package 'python_package_with_a_node' build argument 'ament_cmake_args' from command line to 'None'
[0.255s] Level 5:colcon.colcon_core.verb:set package 'python_package_with_a_node' build argument 'catkin_cmake_args' from command line to 'None'
[0.255s] Level 5:colcon.colcon_core.verb:set package 'python_package_with_a_node' build argument 'catkin_skip_building_tests' from command line to 'False'
[0.255s] DEBUG:colcon.colcon_core.verb:Building package 'python_package_with_a_node' with the following arguments: {'ament_cmake_args': None, 'build_base': '/home/delewlew/ros2_tutorial_workspace_2/src/build/python_package_with_a_node', 'catkin_cmake_args': None, 'catkin_skip_building_tests': False, 'cmake_args': None, 'cmake_clean_cache': False, 'cmake_clean_first': False, 'cmake_force_configure': False, 'cmake_target': None, 'cmake_target_skip_unavailable': False, 'install_base': '/home/delewlew/ros2_tutorial_workspace_2/src/install/python_package_with_a_node', 'merge_install': False, 'path': '/home/delewlew/ros2_tutorial_workspace_2/src/python_package_with_a_node', 'symlink_install': False, 'test_result_base': None}
[0.255s] Level 5:colcon.colcon_core.verb:set package 'the_simplest_python_package' build argument 'cmake_args' from command line to 'None'
[0.255s] Level 5:colcon.colcon_core.verb:set package 'the_simplest_python_package' build argument 'cmake_target' from command line to 'None'
[0.255s] Level 5:colcon.colcon_core.verb:set package 'the_simplest_python_package' build argument 'cmake_target_skip_unavailable' from command line to 'False'
[0.255s] Level 5:colcon.colcon_core.verb:set package 'the_simplest_python_package' build argument 'cmake_clean_cache' from command line to 'False'
[0.255s] Level 5:colcon.colcon_core.verb:set package 'the_simplest_python_package' build argument 'cmake_clean_first' from command line to 'False'
[0.255s] Level 5:colcon.colcon_core.verb:set package 'the_simplest_python_package' build argument 'cmake_force_configure' from command line to 'False'
[0.255s] Level 5:colcon.colcon_core.verb:set package 'the_simplest_python_package' build argument 'ament_cmake_args' from command line to 'None'
[0.255s] Level 5:colcon.colcon_core.verb:set package 'the_simplest_python_package' build argument 'catkin_cmake_args' from command line to 'None'
[0.255s] Level 5:colcon.colcon_core.verb:set package 'the_simplest_python_package' build argument 'catkin_skip_building_tests' from command line to 'False'
[0.255s] DEBUG:colcon.colcon_core.verb:Building package 'the_simplest_python_package' with the following arguments: {'ament_cmake_args': None, 'build_base': '/home/delewlew/ros2_tutorial_workspace_2/src/build/the_simplest_python_package', 'catkin_cmake_args': None, 'catkin_skip_building_tests': False, 'cmake_args': None, 'cmake_clean_cache': False, 'cmake_clean_first': False, 'cmake_force_configure': False, 'cmake_target': None, 'cmake_target_skip_unavailable': False, 'install_base': '/home/delewlew/ros2_tutorial_workspace_2/src/install/the_simplest_python_package', 'merge_install': False, 'path': '/home/delewlew/ros2_tutorial_workspace_2/src/the_simplest_python_package', 'symlink_install': False, 'test_result_base': None}
[0.255s] Level 5:colcon.colcon_core.verb:set package 'python_package_that_uses_paramameters_and_launch_files' build argument 'cmake_args' from command line to 'None'
[0.256s] Level 5:colcon.colcon_core.verb:set package 'python_package_that_uses_paramameters_and_launch_files' build argument 'cmake_target' from command line to 'None'
[0.256s] Level 5:colcon.colcon_core.verb:set package 'python_package_that_uses_paramameters_and_launch_files' build argument 'cmake_target_skip_unavailable' from command line to 'False'
[0.256s] Level 5:colcon.colcon_core.verb:set package 'python_package_that_uses_paramameters_and_launch_files' build argument 'cmake_clean_cache' from command line to 'False'
[0.256s] Level 5:colcon.colcon_core.verb:set package 'python_package_that_uses_paramameters_and_launch_files' build argument 'cmake_clean_first' from command line to 'False'
[0.256s] Level 5:colcon.colcon_core.verb:set package 'python_package_that_uses_paramameters_and_launch_files' build argument 'cmake_force_configure' from command line to 'False'
[0.256s] Level 5:colcon.colcon_core.verb:set package 'python_package_that_uses_paramameters_and_launch_files' build argument 'ament_cmake_args' from command line to 'None'
[0.256s] Level 5:colcon.colcon_core.verb:set package 'python_package_that_uses_paramameters_and_launch_files' build argument 'catkin_cmake_args' from command line to 'None'
[0.256s] Level 5:colcon.colcon_core.verb:set package 'python_package_that_uses_paramameters_and_launch_files' build argument 'catkin_skip_building_tests' from command line to 'False'
[0.256s] DEBUG:colcon.colcon_core.verb:Building package 'python_package_that_uses_paramameters_and_launch_files' with the following arguments: {'ament_cmake_args': None, 'build_base': '/home/delewlew/ros2_tutorial_workspace_2/src/build/python_package_that_uses_paramameters_and_launch_files', 'catkin_cmake_args': None, 'catkin_skip_building_tests': False, 'cmake_args': None, 'cmake_clean_cache': False, 'cmake_clean_first': False, 'cmake_force_configure': False, 'cmake_target': None, 'cmake_target_skip_unavailable': False, 'install_base': '/home/delewlew/ros2_tutorial_workspace_2/src/install/python_package_that_uses_paramameters_and_launch_files', 'merge_install': False, 'path': '/home/delewlew/ros2_tutorial_workspace_2/src/python_package_that_uses_parameters_and_launch_files', 'symlink_install': False, 'test_result_base': None}
[0.256s] Level 5:colcon.colcon_core.verb:set package 'python_package_that_uses_the_library' build argument 'cmake_args' from command line to 'None'
[0.256s] Level 5:colcon.colcon_core.verb:set package 'python_package_that_uses_the_library' build argument 'cmake_target' from command line to 'None'
[0.256s] Level 5:colcon.colcon_core.verb:set package 'python_package_that_uses_the_library' build argument 'cmake_target_skip_unavailable' from command line to 'False'
[0.256s] Level 5:colcon.colcon_core.verb:set package 'python_package_that_uses_the_library' build argument 'cmake_clean_cache' from command line to 'False'
[0.256s] Level 5:colcon.colcon_core.verb:set package 'python_package_that_uses_the_library' build argument 'cmake_clean_first' from command line to 'False'
[0.256s] Level 5:colcon.colcon_core.verb:set package 'python_package_that_uses_the_library' build argument 'cmake_force_configure' from command line to 'False'
[0.256s] Level 5:colcon.colcon_core.verb:set package 'python_package_that_uses_the_library' build argument 'ament_cmake_args' from command line to 'None'
[0.256s] Level 5:colcon.colcon_core.verb:set package 'python_package_that_uses_the_library' build argument 'catkin_cmake_args' from command line to 'None'
[0.256s] Level 5:colcon.colcon_core.verb:set package 'python_package_that_uses_the_library' build argument 'catkin_skip_building_tests' from command line to 'False'
[0.256s] DEBUG:colcon.colcon_core.verb:Building package 'python_package_that_uses_the_library' with the following arguments: {'ament_cmake_args': None, 'build_base': '/home/delewlew/ros2_tutorial_workspace_2/src/build/python_package_that_uses_the_library', 'catkin_cmake_args': None, 'catkin_skip_building_tests': False, 'cmake_args': None, 'cmake_clean_cache': False, 'cmake_clean_first': False, 'cmake_force_configure': False, 'cmake_target': None, 'cmake_target_skip_unavailable': False, 'install_base': '/home/delewlew/ros2_tutorial_workspace_2/src/install/python_package_that_uses_the_library', 'merge_install': False, 'path': '/home/delewlew/ros2_tutorial_workspace_2/src/python_package_that_uses_the_library', 'symlink_install': False, 'test_result_base': None}
[0.256s] INFO:colcon.colcon_core.executor:Executing jobs using 'parallel' executor
[0.257s] DEBUG:colcon.colcon_parallel_executor.executor.parallel:run_until_complete
[0.258s] INFO:colcon.colcon_ros.task.ament_cmake.build:Building ROS package in '/home/delewlew/ros2_tutorial_workspace_2/src/package_with_interfaces' with build type 'ament_cmake'
[0.258s] INFO:colcon.colcon_cmake.task.cmake.build:Building CMake package in '/home/delewlew/ros2_tutorial_workspace_2/src/package_with_interfaces'
[0.260s] INFO:colcon.colcon_core.plugin_system:Skipping extension 'colcon_core.shell.bat': Not used on non-Windows systems
[0.261s] INFO:colcon.colcon_core.shell:Skip shell extension 'powershell' for command environment: Not usable outside of PowerShell
[0.261s] DEBUG:colcon.colcon_core.shell:Skip shell extension 'dsv' for command environment
[0.264s] INFO:colcon.colcon_ros.task.ament_python.build:Building ROS package in '/home/delewlew/ros2_tutorial_workspace_2/src/python_package_with_a_library' with build type 'ament_python'
[0.265s] Level 1:colcon.colcon_core.shell:create_environment_hook('python_package_with_a_library', 'ament_prefix_path')
[0.265s] INFO:colcon.colcon_core.shell:Creating environment hook '/home/delewlew/ros2_tutorial_workspace_2/src/install/python_package_with_a_library/share/python_package_with_a_library/hook/ament_prefix_path.ps1'
[0.266s] INFO:colcon.colcon_core.shell:Creating environment descriptor '/home/delewlew/ros2_tutorial_workspace_2/src/install/python_package_with_a_library/share/python_package_with_a_library/hook/ament_prefix_path.dsv'
[0.267s] INFO:colcon.colcon_core.shell:Creating environment hook '/home/delewlew/ros2_tutorial_workspace_2/src/install/python_package_with_a_library/share/python_package_with_a_library/hook/ament_prefix_path.sh'
[0.268s] INFO:colcon.colcon_core.shell:Skip shell extension 'powershell' for command environment: Not usable outside of PowerShell
[0.268s] DEBUG:colcon.colcon_core.shell:Skip shell extension 'dsv' for command environment
[0.272s] INFO:colcon.colcon_ros.task.ament_python.build:Building ROS package in '/home/delewlew/ros2_tutorial_workspace_2/src/python_package_that_uses_the_messages' with build type 'ament_python'
[0.273s] Level 1:colcon.colcon_core.shell:create_environment_hook('python_package_that_uses_the_messages', 'ament_prefix_path')
[0.273s] INFO:colcon.colcon_core.shell:Creating environment hook '/home/delewlew/ros2_tutorial_workspace_2/src/install/python_package_that_uses_the_messages/share/python_package_that_uses_the_messages/hook/ament_prefix_path.ps1'
[0.275s] INFO:colcon.colcon_core.shell:Creating environment descriptor '/home/delewlew/ros2_tutorial_workspace_2/src/install/python_package_that_uses_the_messages/share/python_package_that_uses_the_messages/hook/ament_prefix_path.dsv'
[0.277s] INFO:colcon.colcon_core.shell:Creating environment hook '/home/delewlew/ros2_tutorial_workspace_2/src/install/python_package_that_uses_the_messages/share/python_package_that_uses_the_messages/hook/ament_prefix_path.sh'
[0.278s] INFO:colcon.colcon_core.shell:Skip shell extension 'powershell' for command environment: Not usable outside of PowerShell
[0.278s] DEBUG:colcon.colcon_core.shell:Skip shell extension 'dsv' for command environment
[0.285s] INFO:colcon.colcon_ros.task.ament_python.build:Building ROS package in '/home/delewlew/ros2_tutorial_workspace_2/src/python_package_that_uses_the_services' with build type 'ament_python'
[0.285s] Level 1:colcon.colcon_core.shell:create_environment_hook('python_package_that_uses_the_services', 'ament_prefix_path')
[0.285s] INFO:colcon.colcon_core.shell:Creating environment hook '/home/delewlew/ros2_tutorial_workspace_2/src/install/python_package_that_uses_the_services/share/python_package_that_uses_the_services/hook/ament_prefix_path.ps1'
[0.287s] INFO:colcon.colcon_core.shell:Creating environment descriptor '/home/delewlew/ros2_tutorial_workspace_2/src/install/python_package_that_uses_the_services/share/python_package_that_uses_the_services/hook/ament_prefix_path.dsv'
[0.288s] INFO:colcon.colcon_core.shell:Creating environment hook '/home/delewlew/ros2_tutorial_workspace_2/src/install/python_package_that_uses_the_services/share/python_package_that_uses_the_services/hook/ament_prefix_path.sh'
[0.290s] INFO:colcon.colcon_core.shell:Skip shell extension 'powershell' for command environment: Not usable outside of PowerShell
[0.291s] DEBUG:colcon.colcon_core.shell:Skip shell extension 'dsv' for command environment
[0.298s] INFO:colcon.colcon_ros.task.ament_python.build:Building ROS package in '/home/delewlew/ros2_tutorial_workspace_2/src/python_package_with_a_node' with build type 'ament_python'
[0.299s] Level 1:colcon.colcon_core.shell:create_environment_hook('python_package_with_a_node', 'ament_prefix_path')
[0.300s] INFO:colcon.colcon_core.shell:Creating environment hook '/home/delewlew/ros2_tutorial_workspace_2/src/install/python_package_with_a_node/share/python_package_with_a_node/hook/ament_prefix_path.ps1'
[0.306s] INFO:colcon.colcon_core.shell:Creating environment descriptor '/home/delewlew/ros2_tutorial_workspace_2/src/install/python_package_with_a_node/share/python_package_with_a_node/hook/ament_prefix_path.dsv'
[0.307s] INFO:colcon.colcon_core.shell:Creating environment hook '/home/delewlew/ros2_tutorial_workspace_2/src/install/python_package_with_a_node/share/python_package_with_a_node/hook/ament_prefix_path.sh'
[0.309s] INFO:colcon.colcon_core.shell:Skip shell extension 'powershell' for command environment: Not usable outside of PowerShell
[0.309s] DEBUG:colcon.colcon_core.shell:Skip shell extension 'dsv' for command environment
[0.313s] INFO:colcon.colcon_ros.task.ament_python.build:Building ROS package in '/home/delewlew/ros2_tutorial_workspace_2/src/the_simplest_python_package' with build type 'ament_python'
[0.313s] Level 1:colcon.colcon_core.shell:create_environment_hook('the_simplest_python_package', 'ament_prefix_path')
[0.313s] INFO:colcon.colcon_core.shell:Creating environment hook '/home/delewlew/ros2_tutorial_workspace_2/src/install/the_simplest_python_package/share/the_simplest_python_package/hook/ament_prefix_path.ps1'
[0.315s] INFO:colcon.colcon_core.shell:Creating environment descriptor '/home/delewlew/ros2_tutorial_workspace_2/src/install/the_simplest_python_package/share/the_simplest_python_package/hook/ament_prefix_path.dsv'
[0.316s] INFO:colcon.colcon_core.shell:Creating environment hook '/home/delewlew/ros2_tutorial_workspace_2/src/install/the_simplest_python_package/share/the_simplest_python_package/hook/ament_prefix_path.sh'
[0.317s] INFO:colcon.colcon_core.shell:Skip shell extension 'powershell' for command environment: Not usable outside of PowerShell
[0.317s] DEBUG:colcon.colcon_core.shell:Skip shell extension 'dsv' for command environment
[0.338s] DEBUG:colcon.colcon_core.event_handler.log_command:Invoking command in '/home/delewlew/ros2_tutorial_workspace_2/src/build/package_with_interfaces': CMAKE_PREFIX_PATH=${CMAKE_PREFIX_PATH}:/home/delewlew/ros2_tutorial_workspace_2/src/install/python_package_that_uses_paramameters_and_launch_files:/home/delewlew/ros2_tutorial_workspace_2/src/install/the_simplest_python_package:/home/delewlew/ros2_tutorial_workspace_2/src/install/python_package_with_a_node:/home/delewlew/ros2_tutorial_workspace_2/src/install/python_package_that_uses_the_library:/home/delewlew/ros2_tutorial_workspace_2/src/install/python_package_with_a_library:/home/delewlew/ros2_tutorial_workspace_2/src/install/python_package_that_uses_the_services:/home/delewlew/ros2_tutorial_workspace_2/src/install/python_package_that_uses_the_messages:/opt/ros/humble /usr/bin/cmake --build /home/delewlew/ros2_tutorial_workspace_2/src/build/package_with_interfaces -- -j12 -l12
[0.734s] INFO:colcon.colcon_core.task.python.build:Building Python package in '/home/delewlew/ros2_tutorial_workspace_2/src/python_package_with_a_library'
[0.734s] INFO:colcon.colcon_core.shell:Skip shell extension 'powershell' for command environment: Not usable outside of PowerShell
[0.734s] DEBUG:colcon.colcon_core.shell:Skip shell extension 'dsv' for command environment
[0.997s] INFO:colcon.colcon_core.task.python.build:Building Python package in '/home/delewlew/ros2_tutorial_workspace_2/src/python_package_that_uses_the_messages'
[0.998s] INFO:colcon.colcon_core.shell:Skip shell extension 'powershell' for command environment: Not usable outside of PowerShell
[0.998s] DEBUG:colcon.colcon_core.shell:Skip shell extension 'dsv' for command environment
[1.215s] INFO:colcon.colcon_core.task.python.build:Building Python package in '/home/delewlew/ros2_tutorial_workspace_2/src/python_package_that_uses_the_services'
[1.216s] INFO:colcon.colcon_core.shell:Skip shell extension 'powershell' for command environment: Not usable outside of PowerShell
[1.216s] DEBUG:colcon.colcon_core.shell:Skip shell extension 'dsv' for command environment
[1.428s] INFO:colcon.colcon_core.task.python.build:Building Python package in '/home/delewlew/ros2_tutorial_workspace_2/src/python_package_with_a_node'
[1.428s] INFO:colcon.colcon_core.shell:Skip shell extension 'powershell' for command environment: Not usable outside of PowerShell
[1.428s] DEBUG:colcon.colcon_core.shell:Skip shell extension 'dsv' for command environment
[1.645s] INFO:colcon.colcon_core.task.python.build:Building Python package in '/home/delewlew/ros2_tutorial_workspace_2/src/the_simplest_python_package'
[1.645s] INFO:colcon.colcon_core.shell:Skip shell extension 'powershell' for command environment: Not usable outside of PowerShell
[1.645s] DEBUG:colcon.colcon_core.shell:Skip shell extension 'dsv' for command environment
[1.674s] DEBUG:colcon.colcon_core.event_handler.log_command:Invoked command in '/home/delewlew/ros2_tutorial_workspace_2/src/build/package_with_interfaces' returned '0': CMAKE_PREFIX_PATH=${CMAKE_PREFIX_PATH}:/home/delewlew/ros2_tutorial_workspace_2/src/install/python_package_that_uses_paramameters_and_launch_files:/home/delewlew/ros2_tutorial_workspace_2/src/install/the_simplest_python_package:/home/delewlew/ros2_tutorial_workspace_2/src/install/python_package_with_a_node:/home/delewlew/ros2_tutorial_workspace_2/src/install/python_package_that_uses_the_library:/home/delewlew/ros2_tutorial_workspace_2/src/install/python_package_with_a_library:/home/delewlew/ros2_tutorial_workspace_2/src/install/python_package_that_uses_the_services:/home/delewlew/ros2_tutorial_workspace_2/src/install/python_package_that_uses_the_messages:/opt/ros/humble /usr/bin/cmake --build /home/delewlew/ros2_tutorial_workspace_2/src/build/package_with_interfaces -- -j12 -l12
[1.919s] DEBUG:colcon.colcon_core.event_handler.log_command:Invoking command in '/home/delewlew/ros2_tutorial_workspace_2/src/build/package_with_interfaces': CMAKE_PREFIX_PATH=${CMAKE_PREFIX_PATH}:/home/delewlew/ros2_tutorial_workspace_2/src/install/python_package_that_uses_paramameters_and_launch_files:/home/delewlew/ros2_tutorial_workspace_2/src/install/the_simplest_python_package:/home/delewlew/ros2_tutorial_workspace_2/src/install/python_package_with_a_node:/home/delewlew/ros2_tutorial_workspace_2/src/install/python_package_that_uses_the_library:/home/delewlew/ros2_tutorial_workspace_2/src/install/python_package_with_a_library:/home/delewlew/ros2_tutorial_workspace_2/src/install/python_package_that_uses_the_services:/home/delewlew/ros2_tutorial_workspace_2/src/install/python_package_that_uses_the_messages:/opt/ros/humble /usr/bin/cmake --install /home/delewlew/ros2_tutorial_workspace_2/src/build/package_with_interfaces
[2.080s] Level 1:colcon.colcon_core.environment:create_environment_scripts_only(package_with_interfaces)
[2.082s] DEBUG:colcon.colcon_core.event_handler.log_command:Invoked command in '/home/delewlew/ros2_tutorial_workspace_2/src/build/package_with_interfaces' returned '0': CMAKE_PREFIX_PATH=${CMAKE_PREFIX_PATH}:/home/delewlew/ros2_tutorial_workspace_2/src/install/python_package_that_uses_paramameters_and_launch_files:/home/delewlew/ros2_tutorial_workspace_2/src/install/the_simplest_python_package:/home/delewlew/ros2_tutorial_workspace_2/src/install/python_package_with_a_node:/home/delewlew/ros2_tutorial_workspace_2/src/install/python_package_that_uses_the_library:/home/delewlew/ros2_tutorial_workspace_2/src/install/python_package_with_a_library:/home/delewlew/ros2_tutorial_workspace_2/src/install/python_package_that_uses_the_services:/home/delewlew/ros2_tutorial_workspace_2/src/install/python_package_that_uses_the_messages:/opt/ros/humble /usr/bin/cmake --install /home/delewlew/ros2_tutorial_workspace_2/src/build/package_with_interfaces
[2.087s] Level 1:colcon.colcon_core.environment:checking '/home/delewlew/ros2_tutorial_workspace_2/src/install/package_with_interfaces' for CMake module files
[2.089s] Level 1:colcon.colcon_core.environment:checking '/home/delewlew/ros2_tutorial_workspace_2/src/install/package_with_interfaces' for CMake config files
[2.090s] Level 1:colcon.colcon_core.shell:create_environment_hook('package_with_interfaces', 'cmake_prefix_path')
[2.091s] INFO:colcon.colcon_core.shell:Creating environment hook '/home/delewlew/ros2_tutorial_workspace_2/src/install/package_with_interfaces/share/package_with_interfaces/hook/cmake_prefix_path.ps1'
[2.092s] INFO:colcon.colcon_core.shell:Creating environment descriptor '/home/delewlew/ros2_tutorial_workspace_2/src/install/package_with_interfaces/share/package_with_interfaces/hook/cmake_prefix_path.dsv'
[2.094s] INFO:colcon.colcon_core.shell:Creating environment hook '/home/delewlew/ros2_tutorial_workspace_2/src/install/package_with_interfaces/share/package_with_interfaces/hook/cmake_prefix_path.sh'
[2.096s] Level 1:colcon.colcon_core.environment:checking '/home/delewlew/ros2_tutorial_workspace_2/src/install/package_with_interfaces/lib'
[2.097s] Level 1:colcon.colcon_core.shell:create_environment_hook('package_with_interfaces', 'ld_library_path_lib')
[2.098s] INFO:colcon.colcon_core.shell:Creating environment hook '/home/delewlew/ros2_tutorial_workspace_2/src/install/package_with_interfaces/share/package_with_interfaces/hook/ld_library_path_lib.ps1'
[2.100s] INFO:colcon.colcon_core.shell:Creating environment descriptor '/home/delewlew/ros2_tutorial_workspace_2/src/install/package_with_interfaces/share/package_with_interfaces/hook/ld_library_path_lib.dsv'
[2.101s] INFO:colcon.colcon_core.shell:Creating environment hook '/home/delewlew/ros2_tutorial_workspace_2/src/install/package_with_interfaces/share/package_with_interfaces/hook/ld_library_path_lib.sh'
[2.103s] Level 1:colcon.colcon_core.environment:checking '/home/delewlew/ros2_tutorial_workspace_2/src/install/package_with_interfaces/bin'
[2.104s] Level 1:colcon.colcon_core.environment:checking '/home/delewlew/ros2_tutorial_workspace_2/src/install/package_with_interfaces/lib/pkgconfig/package_with_interfaces.pc'
[2.105s] Level 1:colcon.colcon_core.environment:checking '/home/delewlew/ros2_tutorial_workspace_2/src/install/package_with_interfaces/lib/python3.10/site-packages'
[2.105s] Level 1:colcon.colcon_core.environment:checking '/home/delewlew/ros2_tutorial_workspace_2/src/install/package_with_interfaces/bin'
[2.107s] INFO:colcon.colcon_core.shell:Creating package script '/home/delewlew/ros2_tutorial_workspace_2/src/install/package_with_interfaces/share/package_with_interfaces/package.ps1'
[2.109s] INFO:colcon.colcon_core.shell:Creating package descriptor '/home/delewlew/ros2_tutorial_workspace_2/src/install/package_with_interfaces/share/package_with_interfaces/package.dsv'
[2.111s] INFO:colcon.colcon_core.shell:Creating package script '/home/delewlew/ros2_tutorial_workspace_2/src/install/package_with_interfaces/share/package_with_interfaces/package.sh'
[2.113s] INFO:colcon.colcon_core.shell:Creating package script '/home/delewlew/ros2_tutorial_workspace_2/src/install/package_with_interfaces/share/package_with_interfaces/package.bash'
[2.116s] INFO:colcon.colcon_core.shell:Creating package script '/home/delewlew/ros2_tutorial_workspace_2/src/install/package_with_interfaces/share/package_with_interfaces/package.zsh'
[2.118s] Level 1:colcon.colcon_core.environment:create_file_with_runtime_dependencies(/home/delewlew/ros2_tutorial_workspace_2/src/install/package_with_interfaces/share/colcon-core/packages/package_with_interfaces)
[2.203s] DEBUG:colcon.colcon_core.event_handler.log_command:Invoking command in '/home/delewlew/ros2_tutorial_workspace_2/src/python_package_with_a_library': PYTHONPATH=/home/delewlew/ros2_tutorial_workspace_2/src/build/python_package_with_a_library/prefix_override:/usr/lib/python3/dist-packages/colcon_core/task/python/colcon_distutils_commands:/home/delewlew/ros2_tutorial_workspace_2/src/install/python_package_with_a_library/lib/python3.10/site-packages:${PYTHONPATH} /usr/bin/python3 -W ignore:setup.py install is deprecated setup.py egg_info --egg-base ../build/python_package_with_a_library build --build-base /home/delewlew/ros2_tutorial_workspace_2/src/build/python_package_with_a_library/build install --record /home/delewlew/ros2_tutorial_workspace_2/src/build/python_package_with_a_library/install.log --single-version-externally-managed install_data
[2.334s] DEBUG:colcon.colcon_core.event_handler.log_command:Invoking command in '/home/delewlew/ros2_tutorial_workspace_2/src/the_simplest_python_package': PYTHONPATH=/home/delewlew/ros2_tutorial_workspace_2/src/build/the_simplest_python_package/prefix_override:/usr/lib/python3/dist-packages/colcon_core/task/python/colcon_distutils_commands:/home/delewlew/ros2_tutorial_workspace_2/src/install/the_simplest_python_package/lib/python3.10/site-packages:${PYTHONPATH} /usr/bin/python3 -W ignore:setup.py install is deprecated setup.py egg_info --egg-base ../build/the_simplest_python_package build --build-base /home/delewlew/ros2_tutorial_workspace_2/src/build/the_simplest_python_package/build install --record /home/delewlew/ros2_tutorial_workspace_2/src/build/the_simplest_python_package/install.log --single-version-externally-managed install_data
[2.346s] Level 1:colcon.colcon_core.environment:create_environment_scripts_only(package_with_interfaces)
[2.347s] Level 1:colcon.colcon_core.environment:checking '/home/delewlew/ros2_tutorial_workspace_2/src/install/package_with_interfaces' for CMake module files
[2.348s] Level 1:colcon.colcon_core.environment:checking '/home/delewlew/ros2_tutorial_workspace_2/src/install/package_with_interfaces' for CMake config files
[2.350s] Level 1:colcon.colcon_core.shell:create_environment_hook('package_with_interfaces', 'cmake_prefix_path')
[2.351s] INFO:colcon.colcon_core.shell:Creating environment hook '/home/delewlew/ros2_tutorial_workspace_2/src/install/package_with_interfaces/share/package_with_interfaces/hook/cmake_prefix_path.ps1'
[2.352s] INFO:colcon.colcon_core.shell:Creating environment descriptor '/home/delewlew/ros2_tutorial_workspace_2/src/install/package_with_interfaces/share/package_with_interfaces/hook/cmake_prefix_path.dsv'
[2.353s] INFO:colcon.colcon_core.shell:Creating environment hook '/home/delewlew/ros2_tutorial_workspace_2/src/install/package_with_interfaces/share/package_with_interfaces/hook/cmake_prefix_path.sh'
[2.354s] Level 1:colcon.colcon_core.environment:checking '/home/delewlew/ros2_tutorial_workspace_2/src/install/package_with_interfaces/lib'
[2.354s] Level 1:colcon.colcon_core.shell:create_environment_hook('package_with_interfaces', 'ld_library_path_lib')
[2.355s] INFO:colcon.colcon_core.shell:Creating environment hook '/home/delewlew/ros2_tutorial_workspace_2/src/install/package_with_interfaces/share/package_with_interfaces/hook/ld_library_path_lib.ps1'
[2.357s] INFO:colcon.colcon_core.shell:Creating environment descriptor '/home/delewlew/ros2_tutorial_workspace_2/src/install/package_with_interfaces/share/package_with_interfaces/hook/ld_library_path_lib.dsv'
[2.358s] INFO:colcon.colcon_core.shell:Creating environment hook '/home/delewlew/ros2_tutorial_workspace_2/src/install/package_with_interfaces/share/package_with_interfaces/hook/ld_library_path_lib.sh'
[2.360s] Level 1:colcon.colcon_core.environment:checking '/home/delewlew/ros2_tutorial_workspace_2/src/install/package_with_interfaces/bin'
[2.361s] Level 1:colcon.colcon_core.environment:checking '/home/delewlew/ros2_tutorial_workspace_2/src/install/package_with_interfaces/lib/pkgconfig/package_with_interfaces.pc'
[2.362s] Level 1:colcon.colcon_core.environment:checking '/home/delewlew/ros2_tutorial_workspace_2/src/install/package_with_interfaces/lib/python3.10/site-packages'
[2.362s] Level 1:colcon.colcon_core.environment:checking '/home/delewlew/ros2_tutorial_workspace_2/src/install/package_with_interfaces/bin'
[2.363s] INFO:colcon.colcon_core.shell:Creating package script '/home/delewlew/ros2_tutorial_workspace_2/src/install/package_with_interfaces/share/package_with_interfaces/package.ps1'
[2.365s] INFO:colcon.colcon_core.shell:Creating package descriptor '/home/delewlew/ros2_tutorial_workspace_2/src/install/package_with_interfaces/share/package_with_interfaces/package.dsv'
[2.366s] INFO:colcon.colcon_core.shell:Creating package script '/home/delewlew/ros2_tutorial_workspace_2/src/install/package_with_interfaces/share/package_with_interfaces/package.sh'
[2.367s] INFO:colcon.colcon_core.shell:Creating package script '/home/delewlew/ros2_tutorial_workspace_2/src/install/package_with_interfaces/share/package_with_interfaces/package.bash'
[2.369s] INFO:colcon.colcon_core.shell:Creating package script '/home/delewlew/ros2_tutorial_workspace_2/src/install/package_with_interfaces/share/package_with_interfaces/package.zsh'
[2.371s] Level 1:colcon.colcon_core.environment:create_file_with_runtime_dependencies(/home/delewlew/ros2_tutorial_workspace_2/src/install/package_with_interfaces/share/colcon-core/packages/package_with_interfaces)
[2.373s] INFO:colcon.colcon_ros.task.ament_python.build:Building ROS package in '/home/delewlew/ros2_tutorial_workspace_2/src/python_package_that_uses_parameters_and_launch_files' with build type 'ament_python'
[2.373s] Level 1:colcon.colcon_core.shell:create_environment_hook('python_package_that_uses_paramameters_and_launch_files', 'ament_prefix_path')
[2.373s] INFO:colcon.colcon_core.shell:Creating environment hook '/home/delewlew/ros2_tutorial_workspace_2/src/install/python_package_that_uses_paramameters_and_launch_files/share/python_package_that_uses_paramameters_and_launch_files/hook/ament_prefix_path.ps1'
[2.376s] INFO:colcon.colcon_core.shell:Creating environment descriptor '/home/delewlew/ros2_tutorial_workspace_2/src/install/python_package_that_uses_paramameters_and_launch_files/share/python_package_that_uses_paramameters_and_launch_files/hook/ament_prefix_path.dsv'
[2.378s] INFO:colcon.colcon_core.shell:Creating environment hook '/home/delewlew/ros2_tutorial_workspace_2/src/install/python_package_that_uses_paramameters_and_launch_files/share/python_package_that_uses_paramameters_and_launch_files/hook/ament_prefix_path.sh'
[2.379s] INFO:colcon.colcon_core.shell:Skip shell extension 'powershell' for command environment: Not usable outside of PowerShell
[2.379s] DEBUG:colcon.colcon_core.shell:Skip shell extension 'dsv' for command environment
[2.806s] WARNING:colcon.colcon_ros.task.ament_python.build:Package 'python_package_that_uses_paramameters_and_launch_files' doesn't explicitly install a marker in the package index (colcon-ros currently does it implicitly but that fallback will be removed in the future)
[2.807s] WARNING:colcon.colcon_ros.task.ament_python.build:Package 'python_package_that_uses_paramameters_and_launch_files' doesn't explicitly install the 'package.xml' file (colcon-ros currently does it implicitly but that fallback will be removed in the future)
[2.807s] INFO:colcon.colcon_core.task.python.build:Building Python package in '/home/delewlew/ros2_tutorial_workspace_2/src/python_package_that_uses_parameters_and_launch_files'
[2.808s] INFO:colcon.colcon_core.shell:Skip shell extension 'powershell' for command environment: Not usable outside of PowerShell
[2.808s] DEBUG:colcon.colcon_core.shell:Skip shell extension 'dsv' for command environment
[2.830s] DEBUG:colcon.colcon_core.event_handler.log_command:Invoking command in '/home/delewlew/ros2_tutorial_workspace_2/src/python_package_that_uses_the_services': PYTHONPATH=/home/delewlew/ros2_tutorial_workspace_2/src/build/python_package_that_uses_the_services/prefix_override:/usr/lib/python3/dist-packages/colcon_core/task/python/colcon_distutils_commands:/home/delewlew/ros2_tutorial_workspace_2/src/install/python_package_that_uses_the_services/lib/python3.10/site-packages:${PYTHONPATH} /usr/bin/python3 -W ignore:setup.py install is deprecated setup.py egg_info --egg-base ../build/python_package_that_uses_the_services build --build-base /home/delewlew/ros2_tutorial_workspace_2/src/build/python_package_that_uses_the_services/build install --record /home/delewlew/ros2_tutorial_workspace_2/src/build/python_package_that_uses_the_services/install.log --single-version-externally-managed install_data
[2.833s] Level 1:colcon.colcon_core.environment:checking '/home/delewlew/ros2_tutorial_workspace_2/src/install/python_package_with_a_library' for CMake module files
[2.835s] Level 1:colcon.colcon_core.environment:checking '/home/delewlew/ros2_tutorial_workspace_2/src/install/python_package_with_a_library' for CMake config files
[2.836s] DEBUG:colcon.colcon_core.event_handler.log_command:Invoking command in '/home/delewlew/ros2_tutorial_workspace_2/src/python_package_that_uses_the_messages': PYTHONPATH=/home/delewlew/ros2_tutorial_workspace_2/src/build/python_package_that_uses_the_messages/prefix_override:/usr/lib/python3/dist-packages/colcon_core/task/python/colcon_distutils_commands:/home/delewlew/ros2_tutorial_workspace_2/src/install/python_package_that_uses_the_messages/lib/python3.10/site-packages:${PYTHONPATH} /usr/bin/python3 -W ignore:setup.py install is deprecated setup.py egg_info --egg-base ../build/python_package_that_uses_the_messages build --build-base /home/delewlew/ros2_tutorial_workspace_2/src/build/python_package_that_uses_the_messages/build install --record /home/delewlew/ros2_tutorial_workspace_2/src/build/python_package_that_uses_the_messages/install.log --single-version-externally-managed install_data
[2.839s] DEBUG:colcon.colcon_core.event_handler.log_command:Invoking command in '/home/delewlew/ros2_tutorial_workspace_2/src/python_package_with_a_node': PYTHONPATH=/home/delewlew/ros2_tutorial_workspace_2/src/build/python_package_with_a_node/prefix_override:/usr/lib/python3/dist-packages/colcon_core/task/python/colcon_distutils_commands:/home/delewlew/ros2_tutorial_workspace_2/src/install/python_package_with_a_node/lib/python3.10/site-packages:${PYTHONPATH} /usr/bin/python3 -W ignore:setup.py install is deprecated setup.py egg_info --egg-base ../build/python_package_with_a_node build --build-base /home/delewlew/ros2_tutorial_workspace_2/src/build/python_package_with_a_node/build install --record /home/delewlew/ros2_tutorial_workspace_2/src/build/python_package_with_a_node/install.log --single-version-externally-managed install_data
[2.840s] DEBUG:colcon.colcon_core.event_handler.log_command:Invoked command in '/home/delewlew/ros2_tutorial_workspace_2/src/python_package_with_a_library' returned '0': PYTHONPATH=/home/delewlew/ros2_tutorial_workspace_2/src/build/python_package_with_a_library/prefix_override:/usr/lib/python3/dist-packages/colcon_core/task/python/colcon_distutils_commands:/home/delewlew/ros2_tutorial_workspace_2/src/install/python_package_with_a_library/lib/python3.10/site-packages:${PYTHONPATH} /usr/bin/python3 -W ignore:setup.py install is deprecated setup.py egg_info --egg-base ../build/python_package_with_a_library build --build-base /home/delewlew/ros2_tutorial_workspace_2/src/build/python_package_with_a_library/build install --record /home/delewlew/ros2_tutorial_workspace_2/src/build/python_package_with_a_library/install.log --single-version-externally-managed install_data
[2.842s] Level 1:colcon.colcon_core.environment:checking '/home/delewlew/ros2_tutorial_workspace_2/src/install/python_package_with_a_library/lib'
[2.842s] Level 1:colcon.colcon_core.environment:checking '/home/delewlew/ros2_tutorial_workspace_2/src/install/python_package_with_a_library/bin'
[2.842s] Level 1:colcon.colcon_core.environment:checking '/home/delewlew/ros2_tutorial_workspace_2/src/install/python_package_with_a_library/lib/pkgconfig/python_package_with_a_library.pc'
[2.843s] Level 1:colcon.colcon_core.environment:checking '/home/delewlew/ros2_tutorial_workspace_2/src/install/python_package_with_a_library/lib/python3.10/site-packages'
[2.843s] Level 1:colcon.colcon_core.shell:create_environment_hook('python_package_with_a_library', 'pythonpath')
[2.844s] INFO:colcon.colcon_core.shell:Creating environment hook '/home/delewlew/ros2_tutorial_workspace_2/src/install/python_package_with_a_library/share/python_package_with_a_library/hook/pythonpath.ps1'
[2.845s] INFO:colcon.colcon_core.shell:Creating environment descriptor '/home/delewlew/ros2_tutorial_workspace_2/src/install/python_package_with_a_library/share/python_package_with_a_library/hook/pythonpath.dsv'
[2.846s] INFO:colcon.colcon_core.shell:Creating environment hook '/home/delewlew/ros2_tutorial_workspace_2/src/install/python_package_with_a_library/share/python_package_with_a_library/hook/pythonpath.sh'
[2.848s] Level 1:colcon.colcon_core.environment:checking '/home/delewlew/ros2_tutorial_workspace_2/src/install/python_package_with_a_library/bin'
[2.848s] Level 1:colcon.colcon_core.environment:create_environment_scripts_only(python_package_with_a_library)
[2.849s] INFO:colcon.colcon_core.shell:Creating package script '/home/delewlew/ros2_tutorial_workspace_2/src/install/python_package_with_a_library/share/python_package_with_a_library/package.ps1'
[2.850s] INFO:colcon.colcon_core.shell:Creating package descriptor '/home/delewlew/ros2_tutorial_workspace_2/src/install/python_package_with_a_library/share/python_package_with_a_library/package.dsv'
[2.852s] INFO:colcon.colcon_core.shell:Creating package script '/home/delewlew/ros2_tutorial_workspace_2/src/install/python_package_with_a_library/share/python_package_with_a_library/package.sh'
[2.853s] INFO:colcon.colcon_core.shell:Creating package script '/home/delewlew/ros2_tutorial_workspace_2/src/install/python_package_with_a_library/share/python_package_with_a_library/package.bash'
[2.855s] INFO:colcon.colcon_core.shell:Creating package script '/home/delewlew/ros2_tutorial_workspace_2/src/install/python_package_with_a_library/share/python_package_with_a_library/package.zsh'
[2.856s] Level 1:colcon.colcon_core.environment:create_file_with_runtime_dependencies(/home/delewlew/ros2_tutorial_workspace_2/src/install/python_package_with_a_library/share/colcon-core/packages/python_package_with_a_library)
[2.858s] Level 1:colcon.colcon_core.environment:checking '/home/delewlew/ros2_tutorial_workspace_2/src/install/the_simplest_python_package' for CMake module files
[2.862s] DEBUG:colcon.colcon_core.event_handler.log_command:Invoked command in '/home/delewlew/ros2_tutorial_workspace_2/src/the_simplest_python_package' returned '0': PYTHONPATH=/home/delewlew/ros2_tutorial_workspace_2/src/build/the_simplest_python_package/prefix_override:/usr/lib/python3/dist-packages/colcon_core/task/python/colcon_distutils_commands:/home/delewlew/ros2_tutorial_workspace_2/src/install/the_simplest_python_package/lib/python3.10/site-packages:${PYTHONPATH} /usr/bin/python3 -W ignore:setup.py install is deprecated setup.py egg_info --egg-base ../build/the_simplest_python_package build --build-base /home/delewlew/ros2_tutorial_workspace_2/src/build/the_simplest_python_package/build install --record /home/delewlew/ros2_tutorial_workspace_2/src/build/the_simplest_python_package/install.log --single-version-externally-managed install_data
[2.862s] Level 1:colcon.colcon_core.environment:checking '/home/delewlew/ros2_tutorial_workspace_2/src/install/the_simplest_python_package' for CMake config files
[2.863s] Level 1:colcon.colcon_core.environment:checking '/home/delewlew/ros2_tutorial_workspace_2/src/install/the_simplest_python_package/lib'
[2.864s] Level 1:colcon.colcon_core.environment:checking '/home/delewlew/ros2_tutorial_workspace_2/src/install/the_simplest_python_package/bin'
[2.864s] Level 1:colcon.colcon_core.environment:checking '/home/delewlew/ros2_tutorial_workspace_2/src/install/the_simplest_python_package/lib/pkgconfig/the_simplest_python_package.pc'
[2.864s] Level 1:colcon.colcon_core.environment:checking '/home/delewlew/ros2_tutorial_workspace_2/src/install/the_simplest_python_package/lib/python3.10/site-packages'
[2.864s] Level 1:colcon.colcon_core.shell:create_environment_hook('the_simplest_python_package', 'pythonpath')
[2.865s] INFO:colcon.colcon_core.shell:Creating environment hook '/home/delewlew/ros2_tutorial_workspace_2/src/install/the_simplest_python_package/share/the_simplest_python_package/hook/pythonpath.ps1'
[2.865s] INFO:colcon.colcon_core.shell:Creating environment descriptor '/home/delewlew/ros2_tutorial_workspace_2/src/install/the_simplest_python_package/share/the_simplest_python_package/hook/pythonpath.dsv'
[2.866s] INFO:colcon.colcon_core.shell:Creating environment hook '/home/delewlew/ros2_tutorial_workspace_2/src/install/the_simplest_python_package/share/the_simplest_python_package/hook/pythonpath.sh'
[2.868s] Level 1:colcon.colcon_core.environment:checking '/home/delewlew/ros2_tutorial_workspace_2/src/install/the_simplest_python_package/bin'
[2.868s] Level 1:colcon.colcon_core.environment:create_environment_scripts_only(the_simplest_python_package)
[2.868s] INFO:colcon.colcon_core.shell:Creating package script '/home/delewlew/ros2_tutorial_workspace_2/src/install/the_simplest_python_package/share/the_simplest_python_package/package.ps1'
[2.869s] INFO:colcon.colcon_core.shell:Creating package descriptor '/home/delewlew/ros2_tutorial_workspace_2/src/install/the_simplest_python_package/share/the_simplest_python_package/package.dsv'
[2.871s] INFO:colcon.colcon_core.shell:Creating package script '/home/delewlew/ros2_tutorial_workspace_2/src/install/the_simplest_python_package/share/the_simplest_python_package/package.sh'
[2.872s] INFO:colcon.colcon_core.shell:Creating package script '/home/delewlew/ros2_tutorial_workspace_2/src/install/the_simplest_python_package/share/the_simplest_python_package/package.bash'
[2.873s] INFO:colcon.colcon_core.shell:Creating package script '/home/delewlew/ros2_tutorial_workspace_2/src/install/the_simplest_python_package/share/the_simplest_python_package/package.zsh'
[2.875s] Level 1:colcon.colcon_core.environment:create_file_with_runtime_dependencies(/home/delewlew/ros2_tutorial_workspace_2/src/install/the_simplest_python_package/share/colcon-core/packages/the_simplest_python_package)
[2.879s] INFO:colcon.colcon_ros.task.ament_python.build:Building ROS package in '/home/delewlew/ros2_tutorial_workspace_2/src/python_package_that_uses_the_library' with build type 'ament_python'
[2.879s] Level 1:colcon.colcon_core.shell:create_environment_hook('python_package_that_uses_the_library', 'ament_prefix_path')
[2.880s] INFO:colcon.colcon_core.shell:Creating environment hook '/home/delewlew/ros2_tutorial_workspace_2/src/install/python_package_that_uses_the_library/share/python_package_that_uses_the_library/hook/ament_prefix_path.ps1'
[2.881s] INFO:colcon.colcon_core.shell:Creating environment descriptor '/home/delewlew/ros2_tutorial_workspace_2/src/install/python_package_that_uses_the_library/share/python_package_that_uses_the_library/hook/ament_prefix_path.dsv'
[2.883s] INFO:colcon.colcon_core.shell:Creating environment hook '/home/delewlew/ros2_tutorial_workspace_2/src/install/python_package_that_uses_the_library/share/python_package_that_uses_the_library/hook/ament_prefix_path.sh'
[2.884s] INFO:colcon.colcon_core.shell:Skip shell extension 'powershell' for command environment: Not usable outside of PowerShell
[2.884s] DEBUG:colcon.colcon_core.shell:Skip shell extension 'dsv' for command environment
[3.468s] INFO:colcon.colcon_core.task.python.build:Building Python package in '/home/delewlew/ros2_tutorial_workspace_2/src/python_package_that_uses_the_library'
[3.469s] INFO:colcon.colcon_core.shell:Skip shell extension 'powershell' for command environment: Not usable outside of PowerShell
[3.469s] DEBUG:colcon.colcon_core.shell:Skip shell extension 'dsv' for command environment
[3.479s] Level 1:colcon.colcon_core.environment:checking '/home/delewlew/ros2_tutorial_workspace_2/src/install/python_package_with_a_node' for CMake module files
[3.481s] DEBUG:colcon.colcon_core.event_handler.log_command:Invoked command in '/home/delewlew/ros2_tutorial_workspace_2/src/python_package_with_a_node' returned '0': PYTHONPATH=/home/delewlew/ros2_tutorial_workspace_2/src/build/python_package_with_a_node/prefix_override:/usr/lib/python3/dist-packages/colcon_core/task/python/colcon_distutils_commands:/home/delewlew/ros2_tutorial_workspace_2/src/install/python_package_with_a_node/lib/python3.10/site-packages:${PYTHONPATH} /usr/bin/python3 -W ignore:setup.py install is deprecated setup.py egg_info --egg-base ../build/python_package_with_a_node build --build-base /home/delewlew/ros2_tutorial_workspace_2/src/build/python_package_with_a_node/build install --record /home/delewlew/ros2_tutorial_workspace_2/src/build/python_package_with_a_node/install.log --single-version-externally-managed install_data
[3.482s] Level 1:colcon.colcon_core.environment:checking '/home/delewlew/ros2_tutorial_workspace_2/src/install/python_package_with_a_node' for CMake config files
[3.482s] Level 1:colcon.colcon_core.environment:checking '/home/delewlew/ros2_tutorial_workspace_2/src/install/python_package_with_a_node/lib'
[3.483s] Level 1:colcon.colcon_core.environment:checking '/home/delewlew/ros2_tutorial_workspace_2/src/install/python_package_with_a_node/bin'
[3.483s] Level 1:colcon.colcon_core.environment:checking '/home/delewlew/ros2_tutorial_workspace_2/src/install/python_package_with_a_node/lib/pkgconfig/python_package_with_a_node.pc'
[3.483s] Level 1:colcon.colcon_core.environment:checking '/home/delewlew/ros2_tutorial_workspace_2/src/install/python_package_with_a_node/lib/python3.10/site-packages'
[3.483s] Level 1:colcon.colcon_core.shell:create_environment_hook('python_package_with_a_node', 'pythonpath')
[3.484s] INFO:colcon.colcon_core.shell:Creating environment hook '/home/delewlew/ros2_tutorial_workspace_2/src/install/python_package_with_a_node/share/python_package_with_a_node/hook/pythonpath.ps1'
[3.485s] INFO:colcon.colcon_core.shell:Creating environment descriptor '/home/delewlew/ros2_tutorial_workspace_2/src/install/python_package_with_a_node/share/python_package_with_a_node/hook/pythonpath.dsv'
[3.486s] INFO:colcon.colcon_core.shell:Creating environment hook '/home/delewlew/ros2_tutorial_workspace_2/src/install/python_package_with_a_node/share/python_package_with_a_node/hook/pythonpath.sh'
[3.487s] Level 1:colcon.colcon_core.environment:checking '/home/delewlew/ros2_tutorial_workspace_2/src/install/python_package_with_a_node/bin'
[3.487s] Level 1:colcon.colcon_core.environment:create_environment_scripts_only(python_package_with_a_node)
[3.488s] INFO:colcon.colcon_core.shell:Creating package script '/home/delewlew/ros2_tutorial_workspace_2/src/install/python_package_with_a_node/share/python_package_with_a_node/package.ps1'
[3.489s] INFO:colcon.colcon_core.shell:Creating package descriptor '/home/delewlew/ros2_tutorial_workspace_2/src/install/python_package_with_a_node/share/python_package_with_a_node/package.dsv'
[3.490s] INFO:colcon.colcon_core.shell:Creating package script '/home/delewlew/ros2_tutorial_workspace_2/src/install/python_package_with_a_node/share/python_package_with_a_node/package.sh'
[3.491s] INFO:colcon.colcon_core.shell:Creating package script '/home/delewlew/ros2_tutorial_workspace_2/src/install/python_package_with_a_node/share/python_package_with_a_node/package.bash'
[3.492s] INFO:colcon.colcon_core.shell:Creating package script '/home/delewlew/ros2_tutorial_workspace_2/src/install/python_package_with_a_node/share/python_package_with_a_node/package.zsh'
[3.492s] Level 1:colcon.colcon_core.environment:create_file_with_runtime_dependencies(/home/delewlew/ros2_tutorial_workspace_2/src/install/python_package_with_a_node/share/colcon-core/packages/python_package_with_a_node)
[3.495s] Level 1:colcon.colcon_core.environment:checking '/home/delewlew/ros2_tutorial_workspace_2/src/install/python_package_that_uses_the_messages' for CMake module files
[3.496s] DEBUG:colcon.colcon_core.event_handler.log_command:Invoked command in '/home/delewlew/ros2_tutorial_workspace_2/src/python_package_that_uses_the_messages' returned '0': PYTHONPATH=/home/delewlew/ros2_tutorial_workspace_2/src/build/python_package_that_uses_the_messages/prefix_override:/usr/lib/python3/dist-packages/colcon_core/task/python/colcon_distutils_commands:/home/delewlew/ros2_tutorial_workspace_2/src/install/python_package_that_uses_the_messages/lib/python3.10/site-packages:${PYTHONPATH} /usr/bin/python3 -W ignore:setup.py install is deprecated setup.py egg_info --egg-base ../build/python_package_that_uses_the_messages build --build-base /home/delewlew/ros2_tutorial_workspace_2/src/build/python_package_that_uses_the_messages/build install --record /home/delewlew/ros2_tutorial_workspace_2/src/build/python_package_that_uses_the_messages/install.log --single-version-externally-managed install_data
[3.497s] Level 1:colcon.colcon_core.environment:checking '/home/delewlew/ros2_tutorial_workspace_2/src/install/python_package_that_uses_the_messages' for CMake config files
[3.497s] Level 1:colcon.colcon_core.environment:checking '/home/delewlew/ros2_tutorial_workspace_2/src/install/python_package_that_uses_the_messages/lib'
[3.497s] Level 1:colcon.colcon_core.environment:checking '/home/delewlew/ros2_tutorial_workspace_2/src/install/python_package_that_uses_the_messages/bin'
[3.498s] Level 1:colcon.colcon_core.environment:checking '/home/delewlew/ros2_tutorial_workspace_2/src/install/python_package_that_uses_the_messages/lib/pkgconfig/python_package_that_uses_the_messages.pc'
[3.498s] Level 1:colcon.colcon_core.environment:checking '/home/delewlew/ros2_tutorial_workspace_2/src/install/python_package_that_uses_the_messages/lib/python3.10/site-packages'
[3.498s] Level 1:colcon.colcon_core.shell:create_environment_hook('python_package_that_uses_the_messages', 'pythonpath')
[3.498s] INFO:colcon.colcon_core.shell:Creating environment hook '/home/delewlew/ros2_tutorial_workspace_2/src/install/python_package_that_uses_the_messages/share/python_package_that_uses_the_messages/hook/pythonpath.ps1'
[3.499s] INFO:colcon.colcon_core.shell:Creating environment descriptor '/home/delewlew/ros2_tutorial_workspace_2/src/install/python_package_that_uses_the_messages/share/python_package_that_uses_the_messages/hook/pythonpath.dsv'
[3.500s] INFO:colcon.colcon_core.shell:Creating environment hook '/home/delewlew/ros2_tutorial_workspace_2/src/install/python_package_that_uses_the_messages/share/python_package_that_uses_the_messages/hook/pythonpath.sh'
[3.501s] Level 1:colcon.colcon_core.environment:checking '/home/delewlew/ros2_tutorial_workspace_2/src/install/python_package_that_uses_the_messages/bin'
[3.501s] Level 1:colcon.colcon_core.environment:create_environment_scripts_only(python_package_that_uses_the_messages)
[3.501s] INFO:colcon.colcon_core.shell:Creating package script '/home/delewlew/ros2_tutorial_workspace_2/src/install/python_package_that_uses_the_messages/share/python_package_that_uses_the_messages/package.ps1'
[3.502s] INFO:colcon.colcon_core.shell:Creating package descriptor '/home/delewlew/ros2_tutorial_workspace_2/src/install/python_package_that_uses_the_messages/share/python_package_that_uses_the_messages/package.dsv'
[3.503s] INFO:colcon.colcon_core.shell:Creating package script '/home/delewlew/ros2_tutorial_workspace_2/src/install/python_package_that_uses_the_messages/share/python_package_that_uses_the_messages/package.sh'
[3.504s] INFO:colcon.colcon_core.shell:Creating package script '/home/delewlew/ros2_tutorial_workspace_2/src/install/python_package_that_uses_the_messages/share/python_package_that_uses_the_messages/package.bash'
[3.505s] INFO:colcon.colcon_core.shell:Creating package script '/home/delewlew/ros2_tutorial_workspace_2/src/install/python_package_that_uses_the_messages/share/python_package_that_uses_the_messages/package.zsh'
[3.506s] Level 1:colcon.colcon_core.environment:create_file_with_runtime_dependencies(/home/delewlew/ros2_tutorial_workspace_2/src/install/python_package_that_uses_the_messages/share/colcon-core/packages/python_package_that_uses_the_messages)
[3.507s] Level 1:colcon.colcon_core.environment:checking '/home/delewlew/ros2_tutorial_workspace_2/src/install/python_package_that_uses_the_services' for CMake module files
[3.508s] DEBUG:colcon.colcon_core.event_handler.log_command:Invoked command in '/home/delewlew/ros2_tutorial_workspace_2/src/python_package_that_uses_the_services' returned '0': PYTHONPATH=/home/delewlew/ros2_tutorial_workspace_2/src/build/python_package_that_uses_the_services/prefix_override:/usr/lib/python3/dist-packages/colcon_core/task/python/colcon_distutils_commands:/home/delewlew/ros2_tutorial_workspace_2/src/install/python_package_that_uses_the_services/lib/python3.10/site-packages:${PYTHONPATH} /usr/bin/python3 -W ignore:setup.py install is deprecated setup.py egg_info --egg-base ../build/python_package_that_uses_the_services build --build-base /home/delewlew/ros2_tutorial_workspace_2/src/build/python_package_that_uses_the_services/build install --record /home/delewlew/ros2_tutorial_workspace_2/src/build/python_package_that_uses_the_services/install.log --single-version-externally-managed install_data
[3.509s] Level 1:colcon.colcon_core.environment:checking '/home/delewlew/ros2_tutorial_workspace_2/src/install/python_package_that_uses_the_services' for CMake config files
[3.510s] Level 1:colcon.colcon_core.environment:checking '/home/delewlew/ros2_tutorial_workspace_2/src/install/python_package_that_uses_the_services/lib'
[3.510s] Level 1:colcon.colcon_core.environment:checking '/home/delewlew/ros2_tutorial_workspace_2/src/install/python_package_that_uses_the_services/bin'
[3.510s] Level 1:colcon.colcon_core.environment:checking '/home/delewlew/ros2_tutorial_workspace_2/src/install/python_package_that_uses_the_services/lib/pkgconfig/python_package_that_uses_the_services.pc'
[3.510s] Level 1:colcon.colcon_core.environment:checking '/home/delewlew/ros2_tutorial_workspace_2/src/install/python_package_that_uses_the_services/lib/python3.10/site-packages'
[3.510s] Level 1:colcon.colcon_core.shell:create_environment_hook('python_package_that_uses_the_services', 'pythonpath')
[3.511s] INFO:colcon.colcon_core.shell:Creating environment hook '/home/delewlew/ros2_tutorial_workspace_2/src/install/python_package_that_uses_the_services/share/python_package_that_uses_the_services/hook/pythonpath.ps1'
[3.512s] INFO:colcon.colcon_core.shell:Creating environment descriptor '/home/delewlew/ros2_tutorial_workspace_2/src/install/python_package_that_uses_the_services/share/python_package_that_uses_the_services/hook/pythonpath.dsv'
[3.513s] INFO:colcon.colcon_core.shell:Creating environment hook '/home/delewlew/ros2_tutorial_workspace_2/src/install/python_package_that_uses_the_services/share/python_package_that_uses_the_services/hook/pythonpath.sh'
[3.515s] Level 1:colcon.colcon_core.environment:checking '/home/delewlew/ros2_tutorial_workspace_2/src/install/python_package_that_uses_the_services/bin'
[3.515s] Level 1:colcon.colcon_core.environment:create_environment_scripts_only(python_package_that_uses_the_services)
[3.516s] INFO:colcon.colcon_core.shell:Creating package script '/home/delewlew/ros2_tutorial_workspace_2/src/install/python_package_that_uses_the_services/share/python_package_that_uses_the_services/package.ps1'
[3.518s] INFO:colcon.colcon_core.shell:Creating package descriptor '/home/delewlew/ros2_tutorial_workspace_2/src/install/python_package_that_uses_the_services/share/python_package_that_uses_the_services/package.dsv'
[3.518s] INFO:colcon.colcon_core.shell:Creating package script '/home/delewlew/ros2_tutorial_workspace_2/src/install/python_package_that_uses_the_services/share/python_package_that_uses_the_services/package.sh'
[3.519s] INFO:colcon.colcon_core.shell:Creating package script '/home/delewlew/ros2_tutorial_workspace_2/src/install/python_package_that_uses_the_services/share/python_package_that_uses_the_services/package.bash'
[3.520s] INFO:colcon.colcon_core.shell:Creating package script '/home/delewlew/ros2_tutorial_workspace_2/src/install/python_package_that_uses_the_services/share/python_package_that_uses_the_services/package.zsh'
[3.521s] Level 1:colcon.colcon_core.environment:create_file_with_runtime_dependencies(/home/delewlew/ros2_tutorial_workspace_2/src/install/python_package_that_uses_the_services/share/colcon-core/packages/python_package_that_uses_the_services)
[3.532s] DEBUG:colcon.colcon_core.event_handler.log_command:Invoking command in '/home/delewlew/ros2_tutorial_workspace_2/src/python_package_that_uses_parameters_and_launch_files': PYTHONPATH=/home/delewlew/ros2_tutorial_workspace_2/src/build/python_package_that_uses_paramameters_and_launch_files/prefix_override:/usr/lib/python3/dist-packages/colcon_core/task/python/colcon_distutils_commands:/home/delewlew/ros2_tutorial_workspace_2/src/install/python_package_that_uses_paramameters_and_launch_files/lib/python3.10/site-packages:${PYTHONPATH} /usr/bin/python3 -W ignore:setup.py install is deprecated setup.py egg_info --egg-base ../build/python_package_that_uses_paramameters_and_launch_files build --build-base /home/delewlew/ros2_tutorial_workspace_2/src/build/python_package_that_uses_paramameters_and_launch_files/build install --record /home/delewlew/ros2_tutorial_workspace_2/src/build/python_package_that_uses_paramameters_and_launch_files/install.log --single-version-externally-managed install_data
[3.850s] DEBUG:colcon.colcon_core.event_handler.log_command:Invoked command in '/home/delewlew/ros2_tutorial_workspace_2/src/python_package_that_uses_parameters_and_launch_files' returned '1': PYTHONPATH=/home/delewlew/ros2_tutorial_workspace_2/src/build/python_package_that_uses_paramameters_and_launch_files/prefix_override:/usr/lib/python3/dist-packages/colcon_core/task/python/colcon_distutils_commands:/home/delewlew/ros2_tutorial_workspace_2/src/install/python_package_that_uses_paramameters_and_launch_files/lib/python3.10/site-packages:${PYTHONPATH} /usr/bin/python3 -W ignore:setup.py install is deprecated setup.py egg_info --egg-base ../build/python_package_that_uses_paramameters_and_launch_files build --build-base /home/delewlew/ros2_tutorial_workspace_2/src/build/python_package_that_uses_paramameters_and_launch_files/build install --record /home/delewlew/ros2_tutorial_workspace_2/src/build/python_package_that_uses_paramameters_and_launch_files/install.log --single-version-externally-managed install_data
[3.958s] DEBUG:colcon.colcon_parallel_executor.executor.parallel:closing loop
[3.958s] DEBUG:colcon.colcon_parallel_executor.executor.parallel:loop closed
[3.958s] DEBUG:colcon.colcon_parallel_executor.executor.parallel:run_until_complete finished with '1'
[3.958s] DEBUG:colcon.colcon_core.event_reactor:joining thread
[3.965s] INFO:colcon.colcon_core.plugin_system:Skipping extension 'colcon_notification.desktop_notification.terminal_notifier': Not used on non-Darwin systems
[3.965s] INFO:colcon.colcon_core.plugin_system:Skipping extension 'colcon_notification.desktop_notification.win32': Not used on non-Windows systems
[3.965s] INFO:colcon.colcon_notification.desktop_notification:Sending desktop notification using 'notify2'
[3.992s] DEBUG:colcon.colcon_core.event_reactor:joined thread
[3.992s] INFO:colcon.colcon_core.shell:Creating prefix script '/home/delewlew/ros2_tutorial_workspace_2/src/install/local_setup.ps1'
[3.993s] INFO:colcon.colcon_core.shell:Creating prefix util module '/home/delewlew/ros2_tutorial_workspace_2/src/install/_local_setup_util_ps1.py'
[3.995s] INFO:colcon.colcon_core.shell:Creating prefix chain script '/home/delewlew/ros2_tutorial_workspace_2/src/install/setup.ps1'
[3.997s] INFO:colcon.colcon_core.shell:Creating prefix script '/home/delewlew/ros2_tutorial_workspace_2/src/install/local_setup.sh'
[3.997s] INFO:colcon.colcon_core.shell:Creating prefix util module '/home/delewlew/ros2_tutorial_workspace_2/src/install/_local_setup_util_sh.py'
[3.998s] INFO:colcon.colcon_core.shell:Creating prefix chain script '/home/delewlew/ros2_tutorial_workspace_2/src/install/setup.sh'
[4.000s] INFO:colcon.colcon_core.shell:Creating prefix script '/home/delewlew/ros2_tutorial_workspace_2/src/install/local_setup.bash'
[4.001s] INFO:colcon.colcon_core.shell:Creating prefix chain script '/home/delewlew/ros2_tutorial_workspace_2/src/install/setup.bash'
[4.003s] INFO:colcon.colcon_core.shell:Creating prefix script '/home/delewlew/ros2_tutorial_workspace_2/src/install/local_setup.zsh'
[4.004s] INFO:colcon.colcon_core.shell:Creating prefix chain script '/home/delewlew/ros2_tutorial_workspace_2/src/install/setup.zsh'
