[0.171s] DEBUG:colcon:Command line arguments: ['/usr/bin/colcon', 'build']
[0.171s] DEBUG:colcon:Parsed command line arguments: Namespace(log_base=None, log_level=None, verb_name='build', build_base='build', install_base='install', merge_install=False, symlink_install=False, test_result_base=None, continue_on_error=False, executor='parallel', parallel_workers=12, event_handlers=None, ignore_user_meta=False, metas=['./colcon.meta'], base_paths=['.'], packages_ignore=None, packages_ignore_regex=None, paths=None, packages_up_to=None, packages_up_to_regex=None, packages_above=None, packages_above_and_dependencies=None, packages_above_depth=None, packages_select_by_dep=None, packages_skip_by_dep=None, packages_skip_up_to=None, packages_select_build_failed=False, packages_skip_build_finished=False, packages_select_test_failures=False, packages_skip_test_passed=False, packages_select=None, packages_skip=None, packages_select_regex=None, packages_skip_regex=None, packages_start=None, packages_end=None, allow_overriding=[], cmake_args=None, cmake_target=None, cmake_target_skip_unavailable=False, cmake_clean_cache=False, cmake_clean_first=False, cmake_force_configure=False, ament_cmake_args=None, catkin_cmake_args=None, catkin_skip_building_tests=False, mixin_files=None, mixin=None, verb_parser=<colcon_mixin.mixin.mixin_argument.MixinArgumentDecorator object at 0x7a08f16b9a50>, verb_extension=<colcon_core.verb.build.BuildVerb object at 0x7a08f1846170>, main=<bound method BuildVerb.main of <colcon_core.verb.build.BuildVerb object at 0x7a08f1846170>>, mixin_verb=('build',))
[0.315s] Level 1:colcon.colcon_core.package_discovery:discover_packages(colcon_meta) check parameters
[0.315s] Level 1:colcon.colcon_core.package_discovery:discover_packages(recursive) check parameters
[0.315s] Level 1:colcon.colcon_core.package_discovery:discover_packages(ignore) check parameters
[0.315s] Level 1:colcon.colcon_core.package_discovery:discover_packages(path) check parameters
[0.315s] Level 1:colcon.colcon_core.package_discovery:discover_packages(colcon_meta) discover
[0.315s] Level 1:colcon.colcon_core.package_discovery:discover_packages(recursive) discover
[0.315s] INFO:colcon.colcon_core.package_discovery:Crawling recursively for packages in '/home/delewlew/assessments/week4/src'
[0.315s] Level 1:colcon.colcon_core.package_identification:_identify(.) by extensions ['ignore', 'ignore_ament_install']
[0.315s] Level 1:colcon.colcon_core.package_identification:_identify(.) by extension 'ignore'
[0.315s] Level 1:colcon.colcon_core.package_identification:_identify(.) by extension 'ignore_ament_install'
[0.316s] Level 1:colcon.colcon_core.package_identification:_identify(.) by extensions ['colcon_pkg']
[0.316s] Level 1:colcon.colcon_core.package_identification:_identify(.) by extension 'colcon_pkg'
[0.316s] Level 1:colcon.colcon_core.package_identification:_identify(.) by extensions ['colcon_meta']
[0.316s] Level 1:colcon.colcon_core.package_identification:_identify(.) by extension 'colcon_meta'
[0.316s] Level 1:colcon.colcon_core.package_identification:_identify(.) by extensions ['ros']
[0.316s] Level 1:colcon.colcon_core.package_identification:_identify(.) by extension 'ros'
[0.325s] Level 1:colcon.colcon_core.package_identification:_identify(.) by extensions ['cmake', 'python']
[0.325s] Level 1:colcon.colcon_core.package_identification:_identify(.) by extension 'cmake'
[0.325s] Level 1:colcon.colcon_core.package_identification:_identify(.) by extension 'python'
[0.325s] Level 1:colcon.colcon_core.package_identification:_identify(.) by extensions ['python_setup_py']
[0.325s] Level 1:colcon.colcon_core.package_identification:_identify(.) by extension 'python_setup_py'
[0.325s] Level 1:colcon.colcon_core.package_identification:_identify(build) by extensions ['ignore', 'ignore_ament_install']
[0.325s] Level 1:colcon.colcon_core.package_identification:_identify(build) by extension 'ignore'
[0.325s] Level 1:colcon.colcon_core.package_identification:_identify(build) ignored
[0.325s] Level 1:colcon.colcon_core.package_identification:_identify(install) by extensions ['ignore', 'ignore_ament_install']
[0.325s] Level 1:colcon.colcon_core.package_identification:_identify(install) by extension 'ignore'
[0.325s] Level 1:colcon.colcon_core.package_identification:_identify(install) ignored
[0.325s] Level 1:colcon.colcon_core.package_identification:_identify(log) by extensions ['ignore', 'ignore_ament_install']
[0.325s] Level 1:colcon.colcon_core.package_identification:_identify(log) by extension 'ignore'
[0.325s] Level 1:colcon.colcon_core.package_identification:_identify(log) ignored
[0.325s] Level 1:colcon.colcon_core.package_identification:_identify(mazda) by extensions ['ignore', 'ignore_ament_install']
[0.325s] Level 1:colcon.colcon_core.package_identification:_identify(mazda) by extension 'ignore'
[0.325s] Level 1:colcon.colcon_core.package_identification:_identify(mazda) by extension 'ignore_ament_install'
[0.325s] Level 1:colcon.colcon_core.package_identification:_identify(mazda) by extensions ['colcon_pkg']
[0.325s] Level 1:colcon.colcon_core.package_identification:_identify(mazda) by extension 'colcon_pkg'
[0.325s] Level 1:colcon.colcon_core.package_identification:_identify(mazda) by extensions ['colcon_meta']
[0.325s] Level 1:colcon.colcon_core.package_identification:_identify(mazda) by extension 'colcon_meta'
[0.325s] Level 1:colcon.colcon_core.package_identification:_identify(mazda) by extensions ['ros']
[0.325s] Level 1:colcon.colcon_core.package_identification:_identify(mazda) by extension 'ros'
[0.329s] DEBUG:colcon.colcon_core.package_identification:Package 'mazda' with type 'ros.ament_python' and name 'mazda'
[0.329s] Level 1:colcon.colcon_core.package_identification:_identify(residence_hall) by extensions ['ignore', 'ignore_ament_install']
[0.329s] Level 1:colcon.colcon_core.package_identification:_identify(residence_hall) by extension 'ignore'
[0.329s] Level 1:colcon.colcon_core.package_identification:_identify(residence_hall) by extension 'ignore_ament_install'
[0.329s] Level 1:colcon.colcon_core.package_identification:_identify(residence_hall) by extensions ['colcon_pkg']
[0.329s] Level 1:colcon.colcon_core.package_identification:_identify(residence_hall) by extension 'colcon_pkg'
[0.329s] Level 1:colcon.colcon_core.package_identification:_identify(residence_hall) by extensions ['colcon_meta']
[0.329s] Level 1:colcon.colcon_core.package_identification:_identify(residence_hall) by extension 'colcon_meta'
[0.329s] Level 1:colcon.colcon_core.package_identification:_identify(residence_hall) by extensions ['ros']
[0.329s] Level 1:colcon.colcon_core.package_identification:_identify(residence_hall) by extension 'ros'
[0.330s] DEBUG:colcon.colcon_core.package_identification:Package 'residence_hall' with type 'ros.ament_python' and name 'residence_hall'
[0.330s] Level 1:colcon.colcon_core.package_discovery:discover_packages(recursive) using defaults
[0.330s] Level 1:colcon.colcon_core.package_discovery:discover_packages(ignore) discover
[0.330s] Level 1:colcon.colcon_core.package_discovery:discover_packages(ignore) using defaults
[0.330s] Level 1:colcon.colcon_core.package_discovery:discover_packages(path) discover
[0.330s] Level 1:colcon.colcon_core.package_discovery:discover_packages(path) using defaults
[0.363s] Level 1:colcon.colcon_core.package_discovery:discover_packages(prefix_path) check parameters
[0.364s] Level 1:colcon.colcon_core.package_discovery:discover_packages(prefix_path) discover
[0.373s] DEBUG:colcon.colcon_installed_package_information.package_discovery:Found 270 installed packages in /opt/ros/humble
[0.381s] Level 1:colcon.colcon_core.package_discovery:discover_packages(prefix_path) using defaults
[0.448s] Level 5:colcon.colcon_core.verb:set package 'mazda' build argument 'cmake_args' from command line to 'None'
[0.448s] Level 5:colcon.colcon_core.verb:set package 'mazda' build argument 'cmake_target' from command line to 'None'
[0.448s] Level 5:colcon.colcon_core.verb:set package 'mazda' build argument 'cmake_target_skip_unavailable' from command line to 'False'
[0.448s] Level 5:colcon.colcon_core.verb:set package 'mazda' build argument 'cmake_clean_cache' from command line to 'False'
[0.448s] Level 5:colcon.colcon_core.verb:set package 'mazda' build argument 'cmake_clean_first' from command line to 'False'
[0.448s] Level 5:colcon.colcon_core.verb:set package 'mazda' build argument 'cmake_force_configure' from command line to 'False'
[0.448s] Level 5:colcon.colcon_core.verb:set package 'mazda' build argument 'ament_cmake_args' from command line to 'None'
[0.448s] Level 5:colcon.colcon_core.verb:set package 'mazda' build argument 'catkin_cmake_args' from command line to 'None'
[0.448s] Level 5:colcon.colcon_core.verb:set package 'mazda' build argument 'catkin_skip_building_tests' from command line to 'False'
[0.448s] DEBUG:colcon.colcon_core.verb:Building package 'mazda' with the following arguments: {'ament_cmake_args': None, 'build_base': '/home/delewlew/assessments/week4/src/build/mazda', 'catkin_cmake_args': None, 'catkin_skip_building_tests': False, 'cmake_args': None, 'cmake_clean_cache': False, 'cmake_clean_first': False, 'cmake_force_configure': False, 'cmake_target': None, 'cmake_target_skip_unavailable': False, 'install_base': '/home/delewlew/assessments/week4/src/install/mazda', 'merge_install': False, 'path': '/home/delewlew/assessments/week4/src/mazda', 'symlink_install': False, 'test_result_base': None}
[0.448s] Level 5:colcon.colcon_core.verb:set package 'residence_hall' build argument 'cmake_args' from command line to 'None'
[0.448s] Level 5:colcon.colcon_core.verb:set package 'residence_hall' build argument 'cmake_target' from command line to 'None'
[0.448s] Level 5:colcon.colcon_core.verb:set package 'residence_hall' build argument 'cmake_target_skip_unavailable' from command line to 'False'
[0.448s] Level 5:colcon.colcon_core.verb:set package 'residence_hall' build argument 'cmake_clean_cache' from command line to 'False'
[0.448s] Level 5:colcon.colcon_core.verb:set package 'residence_hall' build argument 'cmake_clean_first' from command line to 'False'
[0.448s] Level 5:colcon.colcon_core.verb:set package 'residence_hall' build argument 'cmake_force_configure' from command line to 'False'
[0.448s] Level 5:colcon.colcon_core.verb:set package 'residence_hall' build argument 'ament_cmake_args' from command line to 'None'
[0.448s] Level 5:colcon.colcon_core.verb:set package 'residence_hall' build argument 'catkin_cmake_args' from command line to 'None'
[0.448s] Level 5:colcon.colcon_core.verb:set package 'residence_hall' build argument 'catkin_skip_building_tests' from command line to 'False'
[0.448s] DEBUG:colcon.colcon_core.verb:Building package 'residence_hall' with the following arguments: {'ament_cmake_args': None, 'build_base': '/home/delewlew/assessments/week4/src/build/residence_hall', 'catkin_cmake_args': None, 'catkin_skip_building_tests': False, 'cmake_args': None, 'cmake_clean_cache': False, 'cmake_clean_first': False, 'cmake_force_configure': False, 'cmake_target': None, 'cmake_target_skip_unavailable': False, 'install_base': '/home/delewlew/assessments/week4/src/install/residence_hall', 'merge_install': False, 'path': '/home/delewlew/assessments/week4/src/residence_hall', 'symlink_install': False, 'test_result_base': None}
[0.449s] INFO:colcon.colcon_core.executor:Executing jobs using 'parallel' executor
[0.450s] DEBUG:colcon.colcon_parallel_executor.executor.parallel:run_until_complete
[0.451s] INFO:colcon.colcon_ros.task.ament_python.build:Building ROS package in '/home/delewlew/assessments/week4/src/mazda' with build type 'ament_python'
[0.451s] Level 1:colcon.colcon_core.shell:create_environment_hook('mazda', 'ament_prefix_path')
[0.457s] INFO:colcon.colcon_core.plugin_system:Skipping extension 'colcon_core.shell.bat': Not used on non-Windows systems
[0.457s] INFO:colcon.colcon_core.shell:Creating environment hook '/home/delewlew/assessments/week4/src/install/mazda/share/mazda/hook/ament_prefix_path.ps1'
[0.458s] INFO:colcon.colcon_core.shell:Creating environment descriptor '/home/delewlew/assessments/week4/src/install/mazda/share/mazda/hook/ament_prefix_path.dsv'
[0.459s] INFO:colcon.colcon_core.shell:Creating environment hook '/home/delewlew/assessments/week4/src/install/mazda/share/mazda/hook/ament_prefix_path.sh'
[0.461s] INFO:colcon.colcon_core.shell:Skip shell extension 'powershell' for command environment: Not usable outside of PowerShell
[0.461s] DEBUG:colcon.colcon_core.shell:Skip shell extension 'dsv' for command environment
[0.466s] INFO:colcon.colcon_ros.task.ament_python.build:Building ROS package in '/home/delewlew/assessments/week4/src/residence_hall' with build type 'ament_python'
[0.467s] Level 1:colcon.colcon_core.shell:create_environment_hook('residence_hall', 'ament_prefix_path')
[0.467s] INFO:colcon.colcon_core.shell:Creating environment hook '/home/delewlew/assessments/week4/src/install/residence_hall/share/residence_hall/hook/ament_prefix_path.ps1'
[0.468s] INFO:colcon.colcon_core.shell:Creating environment descriptor '/home/delewlew/assessments/week4/src/install/residence_hall/share/residence_hall/hook/ament_prefix_path.dsv'
[0.469s] INFO:colcon.colcon_core.shell:Creating environment hook '/home/delewlew/assessments/week4/src/install/residence_hall/share/residence_hall/hook/ament_prefix_path.sh'
[0.469s] INFO:colcon.colcon_core.shell:Skip shell extension 'powershell' for command environment: Not usable outside of PowerShell
[0.469s] DEBUG:colcon.colcon_core.shell:Skip shell extension 'dsv' for command environment
[0.697s] INFO:colcon.colcon_core.task.python.build:Building Python package in '/home/delewlew/assessments/week4/src/mazda'
[0.697s] INFO:colcon.colcon_core.shell:Skip shell extension 'powershell' for command environment: Not usable outside of PowerShell
[0.697s] DEBUG:colcon.colcon_core.shell:Skip shell extension 'dsv' for command environment
[0.889s] INFO:colcon.colcon_core.task.python.build:Building Python package in '/home/delewlew/assessments/week4/src/residence_hall'
[0.889s] INFO:colcon.colcon_core.shell:Skip shell extension 'powershell' for command environment: Not usable outside of PowerShell
[0.890s] DEBUG:colcon.colcon_core.shell:Skip shell extension 'dsv' for command environment
[1.282s] DEBUG:colcon.colcon_core.event_handler.log_command:Invoking command in '/home/delewlew/assessments/week4/src/residence_hall': PYTHONPATH=/home/delewlew/assessments/week4/src/build/residence_hall/prefix_override:/usr/lib/python3/dist-packages/colcon_core/task/python/colcon_distutils_commands:/home/delewlew/assessments/week4/src/install/residence_hall/lib/python3.10/site-packages:${PYTHONPATH} /usr/bin/python3 -W ignore:setup.py install is deprecated setup.py egg_info --egg-base ../build/residence_hall build --build-base /home/delewlew/assessments/week4/src/build/residence_hall/build install --record /home/delewlew/assessments/week4/src/build/residence_hall/install.log --single-version-externally-managed install_data
[1.295s] DEBUG:colcon.colcon_core.event_handler.log_command:Invoking command in '/home/delewlew/assessments/week4/src/mazda': PYTHONPATH=/home/delewlew/assessments/week4/src/build/mazda/prefix_override:/usr/lib/python3/dist-packages/colcon_core/task/python/colcon_distutils_commands:/home/delewlew/assessments/week4/src/install/mazda/lib/python3.10/site-packages:${PYTHONPATH} /usr/bin/python3 -W ignore:setup.py install is deprecated setup.py egg_info --egg-base ../build/mazda build --build-base /home/delewlew/assessments/week4/src/build/mazda/build install --record /home/delewlew/assessments/week4/src/build/mazda/install.log --single-version-externally-managed install_data
[1.583s] DEBUG:colcon.colcon_core.event_handler.log_command:Invoked command in '/home/delewlew/assessments/week4/src/residence_hall' returned '0': PYTHONPATH=/home/delewlew/assessments/week4/src/build/residence_hall/prefix_override:/usr/lib/python3/dist-packages/colcon_core/task/python/colcon_distutils_commands:/home/delewlew/assessments/week4/src/install/residence_hall/lib/python3.10/site-packages:${PYTHONPATH} /usr/bin/python3 -W ignore:setup.py install is deprecated setup.py egg_info --egg-base ../build/residence_hall build --build-base /home/delewlew/assessments/week4/src/build/residence_hall/build install --record /home/delewlew/assessments/week4/src/build/residence_hall/install.log --single-version-externally-managed install_data
[1.591s] Level 1:colcon.colcon_core.environment:checking '/home/delewlew/assessments/week4/src/install/residence_hall' for CMake module files
[1.592s] Level 1:colcon.colcon_core.environment:checking '/home/delewlew/assessments/week4/src/install/residence_hall' for CMake config files
[1.592s] Level 1:colcon.colcon_core.environment:checking '/home/delewlew/assessments/week4/src/install/residence_hall/lib'
[1.593s] Level 1:colcon.colcon_core.environment:checking '/home/delewlew/assessments/week4/src/install/residence_hall/bin'
[1.593s] Level 1:colcon.colcon_core.environment:checking '/home/delewlew/assessments/week4/src/install/residence_hall/lib/pkgconfig/residence_hall.pc'
[1.593s] Level 1:colcon.colcon_core.environment:checking '/home/delewlew/assessments/week4/src/install/residence_hall/lib/python3.10/site-packages'
[1.593s] Level 1:colcon.colcon_core.shell:create_environment_hook('residence_hall', 'pythonpath')
[1.593s] INFO:colcon.colcon_core.shell:Creating environment hook '/home/delewlew/assessments/week4/src/install/residence_hall/share/residence_hall/hook/pythonpath.ps1'
[1.593s] INFO:colcon.colcon_core.shell:Creating environment descriptor '/home/delewlew/assessments/week4/src/install/residence_hall/share/residence_hall/hook/pythonpath.dsv'
[1.594s] INFO:colcon.colcon_core.shell:Creating environment hook '/home/delewlew/assessments/week4/src/install/residence_hall/share/residence_hall/hook/pythonpath.sh'
[1.594s] Level 1:colcon.colcon_core.environment:checking '/home/delewlew/assessments/week4/src/install/residence_hall/bin'
[1.594s] Level 1:colcon.colcon_core.environment:create_environment_scripts_only(residence_hall)
[1.594s] INFO:colcon.colcon_core.shell:Creating package script '/home/delewlew/assessments/week4/src/install/residence_hall/share/residence_hall/package.ps1'
[1.595s] INFO:colcon.colcon_core.shell:Creating package descriptor '/home/delewlew/assessments/week4/src/install/residence_hall/share/residence_hall/package.dsv'
[1.596s] INFO:colcon.colcon_core.shell:Creating package script '/home/delewlew/assessments/week4/src/install/residence_hall/share/residence_hall/package.sh'
[1.597s] INFO:colcon.colcon_core.shell:Creating package script '/home/delewlew/assessments/week4/src/install/residence_hall/share/residence_hall/package.bash'
[1.598s] INFO:colcon.colcon_core.shell:Creating package script '/home/delewlew/assessments/week4/src/install/residence_hall/share/residence_hall/package.zsh'
[1.598s] Level 1:colcon.colcon_core.environment:create_file_with_runtime_dependencies(/home/delewlew/assessments/week4/src/install/residence_hall/share/colcon-core/packages/residence_hall)
[1.601s] Level 1:colcon.colcon_core.environment:checking '/home/delewlew/assessments/week4/src/install/mazda' for CMake module files
[1.602s] DEBUG:colcon.colcon_core.event_handler.log_command:Invoked command in '/home/delewlew/assessments/week4/src/mazda' returned '0': PYTHONPATH=/home/delewlew/assessments/week4/src/build/mazda/prefix_override:/usr/lib/python3/dist-packages/colcon_core/task/python/colcon_distutils_commands:/home/delewlew/assessments/week4/src/install/mazda/lib/python3.10/site-packages:${PYTHONPATH} /usr/bin/python3 -W ignore:setup.py install is deprecated setup.py egg_info --egg-base ../build/mazda build --build-base /home/delewlew/assessments/week4/src/build/mazda/build install --record /home/delewlew/assessments/week4/src/build/mazda/install.log --single-version-externally-managed install_data
[1.602s] Level 1:colcon.colcon_core.environment:checking '/home/delewlew/assessments/week4/src/install/mazda' for CMake config files
[1.602s] Level 1:colcon.colcon_core.environment:checking '/home/delewlew/assessments/week4/src/install/mazda/lib'
[1.602s] Level 1:colcon.colcon_core.environment:checking '/home/delewlew/assessments/week4/src/install/mazda/bin'
[1.602s] Level 1:colcon.colcon_core.environment:checking '/home/delewlew/assessments/week4/src/install/mazda/lib/pkgconfig/mazda.pc'
[1.603s] Level 1:colcon.colcon_core.environment:checking '/home/delewlew/assessments/week4/src/install/mazda/lib/python3.10/site-packages'
[1.603s] Level 1:colcon.colcon_core.shell:create_environment_hook('mazda', 'pythonpath')
[1.603s] INFO:colcon.colcon_core.shell:Creating environment hook '/home/delewlew/assessments/week4/src/install/mazda/share/mazda/hook/pythonpath.ps1'
[1.603s] INFO:colcon.colcon_core.shell:Creating environment descriptor '/home/delewlew/assessments/week4/src/install/mazda/share/mazda/hook/pythonpath.dsv'
[1.603s] INFO:colcon.colcon_core.shell:Creating environment hook '/home/delewlew/assessments/week4/src/install/mazda/share/mazda/hook/pythonpath.sh'
[1.604s] Level 1:colcon.colcon_core.environment:checking '/home/delewlew/assessments/week4/src/install/mazda/bin'
[1.604s] Level 1:colcon.colcon_core.environment:create_environment_scripts_only(mazda)
[1.604s] INFO:colcon.colcon_core.shell:Creating package script '/home/delewlew/assessments/week4/src/install/mazda/share/mazda/package.ps1'
[1.604s] INFO:colcon.colcon_core.shell:Creating package descriptor '/home/delewlew/assessments/week4/src/install/mazda/share/mazda/package.dsv'
[1.605s] INFO:colcon.colcon_core.shell:Creating package script '/home/delewlew/assessments/week4/src/install/mazda/share/mazda/package.sh'
[1.605s] INFO:colcon.colcon_core.shell:Creating package script '/home/delewlew/assessments/week4/src/install/mazda/share/mazda/package.bash'
[1.605s] INFO:colcon.colcon_core.shell:Creating package script '/home/delewlew/assessments/week4/src/install/mazda/share/mazda/package.zsh'
[1.605s] Level 1:colcon.colcon_core.environment:create_file_with_runtime_dependencies(/home/delewlew/assessments/week4/src/install/mazda/share/colcon-core/packages/mazda)
[1.605s] DEBUG:colcon.colcon_parallel_executor.executor.parallel:closing loop
[1.606s] DEBUG:colcon.colcon_parallel_executor.executor.parallel:loop closed
[1.606s] DEBUG:colcon.colcon_parallel_executor.executor.parallel:run_until_complete finished with '0'
[1.606s] DEBUG:colcon.colcon_core.event_reactor:joining thread
[1.631s] INFO:colcon.colcon_core.plugin_system:Skipping extension 'colcon_notification.desktop_notification.terminal_notifier': Not used on non-Darwin systems
[1.631s] INFO:colcon.colcon_core.plugin_system:Skipping extension 'colcon_notification.desktop_notification.win32': Not used on non-Windows systems
[1.631s] INFO:colcon.colcon_notification.desktop_notification:Sending desktop notification using 'notify2'
[1.735s] DEBUG:colcon.colcon_core.event_reactor:joined thread
[1.736s] INFO:colcon.colcon_core.shell:Creating prefix script '/home/delewlew/assessments/week4/src/install/local_setup.ps1'
[1.739s] INFO:colcon.colcon_core.shell:Creating prefix util module '/home/delewlew/assessments/week4/src/install/_local_setup_util_ps1.py'
[1.743s] INFO:colcon.colcon_core.shell:Creating prefix chain script '/home/delewlew/assessments/week4/src/install/setup.ps1'
[1.746s] INFO:colcon.colcon_core.shell:Creating prefix script '/home/delewlew/assessments/week4/src/install/local_setup.sh'
[1.748s] INFO:colcon.colcon_core.shell:Creating prefix util module '/home/delewlew/assessments/week4/src/install/_local_setup_util_sh.py'
[1.749s] INFO:colcon.colcon_core.shell:Creating prefix chain script '/home/delewlew/assessments/week4/src/install/setup.sh'
[1.751s] INFO:colcon.colcon_core.shell:Creating prefix script '/home/delewlew/assessments/week4/src/install/local_setup.bash'
[1.752s] INFO:colcon.colcon_core.shell:Creating prefix chain script '/home/delewlew/assessments/week4/src/install/setup.bash'
[1.753s] INFO:colcon.colcon_core.shell:Creating prefix script '/home/delewlew/assessments/week4/src/install/local_setup.zsh'
[1.754s] INFO:colcon.colcon_core.shell:Creating prefix chain script '/home/delewlew/assessments/week4/src/install/setup.zsh'
