[1.137s] Invoking command in '/home/delewlew/ros2_tutorial_workspace_2/src/python_package_with_a_node': PYTHONPATH=/home/delewlew/ros2_tutorial_workspace_2/src/build/python_package_with_a_node/prefix_override:/usr/lib/python3/dist-packages/colcon_core/task/python/colcon_distutils_commands:/home/delewlew/ros2_tutorial_workspace_2/src/install/python_package_with_a_node/lib/python3.10/site-packages:${PYTHONPATH} /usr/bin/python3 -W ignore:setup.py install is deprecated setup.py egg_info --egg-base ../build/python_package_with_a_node build --build-base /home/delewlew/ros2_tutorial_workspace_2/src/build/python_package_with_a_node/build install --record /home/delewlew/ros2_tutorial_workspace_2/src/build/python_package_with_a_node/install.log --single-version-externally-managed install_data
[1.409s] running egg_info
[1.410s] writing ../build/python_package_with_a_node/python_package_with_a_node.egg-info/PKG-INFO
[1.410s] writing dependency_links to ../build/python_package_with_a_node/python_package_with_a_node.egg-info/dependency_links.txt
[1.410s] writing entry points to ../build/python_package_with_a_node/python_package_with_a_node.egg-info/entry_points.txt
[1.410s] writing requirements to ../build/python_package_with_a_node/python_package_with_a_node.egg-info/requires.txt
[1.410s] writing top-level names to ../build/python_package_with_a_node/python_package_with_a_node.egg-info/top_level.txt
[1.414s] reading manifest file '../build/python_package_with_a_node/python_package_with_a_node.egg-info/SOURCES.txt'
[1.419s] writing manifest file '../build/python_package_with_a_node/python_package_with_a_node.egg-info/SOURCES.txt'
[1.419s] running build
[1.419s] running build_py
[1.420s] running install
[1.420s] running install_lib
[1.420s] running install_data
[1.420s] running install_egg_info
[1.424s] removing '/home/delewlew/ros2_tutorial_workspace_2/src/install/python_package_with_a_node/lib/python3.10/site-packages/python_package_with_a_node-0.0.0-py3.10.egg-info' (and everything under it)
[1.425s] Copying ../build/python_package_with_a_node/python_package_with_a_node.egg-info to /home/delewlew/ros2_tutorial_workspace_2/src/install/python_package_with_a_node/lib/python3.10/site-packages/python_package_with_a_node-0.0.0-py3.10.egg-info
[1.427s] running install_scripts
[1.475s] Installing print_forever_node script to /home/delewlew/ros2_tutorial_workspace_2/src/install/python_package_with_a_node/lib/python_package_with_a_node
[1.475s] Installing sample_python_node script to /home/delewlew/ros2_tutorial_workspace_2/src/install/python_package_with_a_node/lib/python_package_with_a_node
[1.476s] writing list of installed files to '/home/delewlew/ros2_tutorial_workspace_2/src/build/python_package_with_a_node/install.log'
[1.509s] Invoked command in '/home/delewlew/ros2_tutorial_workspace_2/src/python_package_with_a_node' returned '0': PYTHONPATH=/home/delewlew/ros2_tutorial_workspace_2/src/build/python_package_with_a_node/prefix_override:/usr/lib/python3/dist-packages/colcon_core/task/python/colcon_distutils_commands:/home/delewlew/ros2_tutorial_workspace_2/src/install/python_package_with_a_node/lib/python3.10/site-packages:${PYTHONPATH} /usr/bin/python3 -W ignore:setup.py install is deprecated setup.py egg_info --egg-base ../build/python_package_with_a_node build --build-base /home/delewlew/ros2_tutorial_workspace_2/src/build/python_package_with_a_node/build install --record /home/delewlew/ros2_tutorial_workspace_2/src/build/python_package_with_a_node/install.log --single-version-externally-managed install_data
