[0.606s] Invoking command in '/home/delewlew/assessments/coursework2/src/ada_lovelace_description': PYTHONPATH=/home/delewlew/assessments/coursework2/build/ada_lovelace_description/prefix_override:/usr/lib/python3/dist-packages/colcon_core/task/python/colcon_distutils_commands:/home/delewlew/assessments/coursework2/install/ada_lovelace_description/lib/python3.10/site-packages:${PYTHONPATH} /usr/bin/python3 -W ignore:setup.py install is deprecated setup.py egg_info --egg-base ../../build/ada_lovelace_description build --build-base /home/delewlew/assessments/coursework2/build/ada_lovelace_description/build install --record /home/delewlew/assessments/coursework2/build/ada_lovelace_description/install.log --single-version-externally-managed install_data
[0.836s] running egg_info
[0.837s] writing ../../build/ada_lovelace_description/ada_lovelace_description.egg-info/PKG-INFO
[0.838s] writing dependency_links to ../../build/ada_lovelace_description/ada_lovelace_description.egg-info/dependency_links.txt
[0.839s] writing entry points to ../../build/ada_lovelace_description/ada_lovelace_description.egg-info/entry_points.txt
[0.840s] writing requirements to ../../build/ada_lovelace_description/ada_lovelace_description.egg-info/requires.txt
[0.841s] writing top-level names to ../../build/ada_lovelace_description/ada_lovelace_description.egg-info/top_level.txt
[0.843s] reading manifest file '../../build/ada_lovelace_description/ada_lovelace_description.egg-info/SOURCES.txt'
[0.846s] writing manifest file '../../build/ada_lovelace_description/ada_lovelace_description.egg-info/SOURCES.txt'
[0.846s] running build
[0.846s] running build_py
[0.847s] running install
[0.847s] running install_lib
[0.848s] running install_data
[0.849s] running install_egg_info
[0.852s] removing '/home/delewlew/assessments/coursework2/install/ada_lovelace_description/lib/python3.10/site-packages/ada_lovelace_description-0.0.0-py3.10.egg-info' (and everything under it)
[0.852s] Copying ../../build/ada_lovelace_description/ada_lovelace_description.egg-info to /home/delewlew/assessments/coursework2/install/ada_lovelace_description/lib/python3.10/site-packages/ada_lovelace_description-0.0.0-py3.10.egg-info
[0.853s] running install_scripts
[0.876s] writing list of installed files to '/home/delewlew/assessments/coursework2/build/ada_lovelace_description/install.log'
[0.899s] Invoked command in '/home/delewlew/assessments/coursework2/src/ada_lovelace_description' returned '0': PYTHONPATH=/home/delewlew/assessments/coursework2/build/ada_lovelace_description/prefix_override:/usr/lib/python3/dist-packages/colcon_core/task/python/colcon_distutils_commands:/home/delewlew/assessments/coursework2/install/ada_lovelace_description/lib/python3.10/site-packages:${PYTHONPATH} /usr/bin/python3 -W ignore:setup.py install is deprecated setup.py egg_info --egg-base ../../build/ada_lovelace_description build --build-base /home/delewlew/assessments/coursework2/build/ada_lovelace_description/build install --record /home/delewlew/assessments/coursework2/build/ada_lovelace_description/install.log --single-version-externally-managed install_data
