[0.104s] DEBUG:colcon:Command line arguments: ['/usr/bin/colcon', 'build']
[0.104s] DEBUG:colcon:Parsed command line arguments: Namespace(log_base=None, log_level=None, verb_name='build', build_base='build', install_base='install', merge_install=False, symlink_install=False, test_result_base=None, continue_on_error=False, executor='parallel', parallel_workers=9, event_handlers=None, ignore_user_meta=False, metas=['./colcon.meta'], base_paths=['.'], packages_ignore=None, packages_ignore_regex=None, paths=None, packages_up_to=None, packages_up_to_regex=None, packages_above=None, packages_above_and_dependencies=None, packages_above_depth=None, packages_select_by_dep=None, packages_skip_by_dep=None, packages_skip_up_to=None, packages_select_build_failed=False, packages_skip_build_finished=False, packages_select_test_failures=False, packages_skip_test_passed=False, packages_select=None, packages_skip=None, packages_select_regex=None, packages_skip_regex=None, packages_start=None, packages_end=None, allow_overriding=[], cmake_args=None, cmake_target=None, cmake_target_skip_unavailable=False, cmake_clean_cache=False, cmake_clean_first=False, cmake_force_configure=False, ament_cmake_args=None, catkin_cmake_args=None, catkin_skip_building_tests=False, mixin_files=None, mixin=None, verb_parser=<colcon_mixin.mixin.mixin_argument.MixinArgumentDecorator object at 0x7a53a4652ec0>, verb_extension=<colcon_core.verb.build.BuildVerb object at 0x7a53a475b550>, main=<bound method BuildVerb.main of <colcon_core.verb.build.BuildVerb object at 0x7a53a475b550>>, mixin_verb=('build',))
[0.250s] Level 1:colcon.colcon_core.package_discovery:discover_packages(colcon_meta) check parameters
[0.250s] Level 1:colcon.colcon_core.package_discovery:discover_packages(recursive) check parameters
[0.250s] Level 1:colcon.colcon_core.package_discovery:discover_packages(ignore) check parameters
[0.250s] Level 1:colcon.colcon_core.package_discovery:discover_packages(path) check parameters
[0.250s] Level 1:colcon.colcon_core.package_discovery:discover_packages(colcon_meta) discover
[0.250s] Level 1:colcon.colcon_core.package_discovery:discover_packages(recursive) discover
[0.250s] INFO:colcon.colcon_core.package_discovery:Crawling recursively for packages in '/home/delewlew/assessments/coursework2'
[0.250s] Level 1:colcon.colcon_core.package_identification:_identify(.) by extensions ['ignore', 'ignore_ament_install']
[0.250s] Level 1:colcon.colcon_core.package_identification:_identify(.) by extension 'ignore'
[0.251s] Level 1:colcon.colcon_core.package_identification:_identify(.) by extension 'ignore_ament_install'
[0.251s] Level 1:colcon.colcon_core.package_identification:_identify(.) by extensions ['colcon_pkg']
[0.251s] Level 1:colcon.colcon_core.package_identification:_identify(.) by extension 'colcon_pkg'
[0.251s] Level 1:colcon.colcon_core.package_identification:_identify(.) by extensions ['colcon_meta']
[0.251s] Level 1:colcon.colcon_core.package_identification:_identify(.) by extension 'colcon_meta'
[0.251s] Level 1:colcon.colcon_core.package_identification:_identify(.) by extensions ['ros']
[0.251s] Level 1:colcon.colcon_core.package_identification:_identify(.) by extension 'ros'
[0.262s] Level 1:colcon.colcon_core.package_identification:_identify(.) by extensions ['cmake', 'python']
[0.262s] Level 1:colcon.colcon_core.package_identification:_identify(.) by extension 'cmake'
[0.262s] Level 1:colcon.colcon_core.package_identification:_identify(.) by extension 'python'
[0.262s] Level 1:colcon.colcon_core.package_identification:_identify(.) by extensions ['python_setup_py']
[0.262s] Level 1:colcon.colcon_core.package_identification:_identify(.) by extension 'python_setup_py'
[0.262s] Level 1:colcon.colcon_core.package_identification:_identify(build) by extensions ['ignore', 'ignore_ament_install']
[0.262s] Level 1:colcon.colcon_core.package_identification:_identify(build) by extension 'ignore'
[0.262s] Level 1:colcon.colcon_core.package_identification:_identify(build) ignored
[0.263s] Level 1:colcon.colcon_core.package_identification:_identify(install) by extensions ['ignore', 'ignore_ament_install']
[0.263s] Level 1:colcon.colcon_core.package_identification:_identify(install) by extension 'ignore'
[0.263s] Level 1:colcon.colcon_core.package_identification:_identify(install) ignored
[0.263s] Level 1:colcon.colcon_core.package_identification:_identify(log) by extensions ['ignore', 'ignore_ament_install']
[0.264s] Level 1:colcon.colcon_core.package_identification:_identify(log) by extension 'ignore'
[0.264s] Level 1:colcon.colcon_core.package_identification:_identify(log) ignored
[0.264s] Level 1:colcon.colcon_core.package_identification:_identify(src) by extensions ['ignore', 'ignore_ament_install']
[0.264s] Level 1:colcon.colcon_core.package_identification:_identify(src) by extension 'ignore'
[0.264s] Level 1:colcon.colcon_core.package_identification:_identify(src) by extension 'ignore_ament_install'
[0.264s] Level 1:colcon.colcon_core.package_identification:_identify(src) by extensions ['colcon_pkg']
[0.264s] Level 1:colcon.colcon_core.package_identification:_identify(src) by extension 'colcon_pkg'
[0.264s] Level 1:colcon.colcon_core.package_identification:_identify(src) by extensions ['colcon_meta']
[0.264s] Level 1:colcon.colcon_core.package_identification:_identify(src) by extension 'colcon_meta'
[0.265s] Level 1:colcon.colcon_core.package_identification:_identify(src) by extensions ['ros']
[0.265s] Level 1:colcon.colcon_core.package_identification:_identify(src) by extension 'ros'
[0.265s] Level 1:colcon.colcon_core.package_identification:_identify(src) by extensions ['cmake', 'python']
[0.265s] Level 1:colcon.colcon_core.package_identification:_identify(src) by extension 'cmake'
[0.265s] Level 1:colcon.colcon_core.package_identification:_identify(src) by extension 'python'
[0.265s] Level 1:colcon.colcon_core.package_identification:_identify(src) by extensions ['python_setup_py']
[0.265s] Level 1:colcon.colcon_core.package_identification:_identify(src) by extension 'python_setup_py'
[0.265s] Level 1:colcon.colcon_core.package_identification:_identify(src/ada_lovelace_description) by extensions ['ignore', 'ignore_ament_install']
[0.266s] Level 1:colcon.colcon_core.package_identification:_identify(src/ada_lovelace_description) by extension 'ignore'
[0.266s] Level 1:colcon.colcon_core.package_identification:_identify(src/ada_lovelace_description) by extension 'ignore_ament_install'
[0.266s] Level 1:colcon.colcon_core.package_identification:_identify(src/ada_lovelace_description) by extensions ['colcon_pkg']
[0.266s] Level 1:colcon.colcon_core.package_identification:_identify(src/ada_lovelace_description) by extension 'colcon_pkg'
[0.266s] Level 1:colcon.colcon_core.package_identification:_identify(src/ada_lovelace_description) by extensions ['colcon_meta']
[0.266s] Level 1:colcon.colcon_core.package_identification:_identify(src/ada_lovelace_description) by extension 'colcon_meta'
[0.266s] Level 1:colcon.colcon_core.package_identification:_identify(src/ada_lovelace_description) by extensions ['ros']
[0.266s] Level 1:colcon.colcon_core.package_identification:_identify(src/ada_lovelace_description) by extension 'ros'
[0.270s] DEBUG:colcon.colcon_core.package_identification:Package 'src/ada_lovelace_description' with type 'ros.ament_python' and name 'ada_lovelace_description'
[0.270s] Level 1:colcon.colcon_core.package_identification:_identify(src/coursework_support) by extensions ['ignore', 'ignore_ament_install']
[0.270s] Level 1:colcon.colcon_core.package_identification:_identify(src/coursework_support) by extension 'ignore'
[0.270s] Level 1:colcon.colcon_core.package_identification:_identify(src/coursework_support) by extension 'ignore_ament_install'
[0.270s] Level 1:colcon.colcon_core.package_identification:_identify(src/coursework_support) by extensions ['colcon_pkg']
[0.270s] Level 1:colcon.colcon_core.package_identification:_identify(src/coursework_support) by extension 'colcon_pkg'
[0.270s] Level 1:colcon.colcon_core.package_identification:_identify(src/coursework_support) by extensions ['colcon_meta']
[0.270s] Level 1:colcon.colcon_core.package_identification:_identify(src/coursework_support) by extension 'colcon_meta'
[0.271s] Level 1:colcon.colcon_core.package_identification:_identify(src/coursework_support) by extensions ['ros']
[0.271s] Level 1:colcon.colcon_core.package_identification:_identify(src/coursework_support) by extension 'ros'
[0.272s] DEBUG:colcon.colcon_core.package_identification:Package 'src/coursework_support' with type 'ros.ament_python' and name 'coursework_support'
[0.272s] Level 1:colcon.colcon_core.package_discovery:discover_packages(recursive) using defaults
[0.272s] Level 1:colcon.colcon_core.package_discovery:discover_packages(ignore) discover
[0.272s] Level 1:colcon.colcon_core.package_discovery:discover_packages(ignore) using defaults
[0.272s] Level 1:colcon.colcon_core.package_discovery:discover_packages(path) discover
[0.272s] Level 1:colcon.colcon_core.package_discovery:discover_packages(path) using defaults
[0.309s] Level 1:colcon.colcon_core.package_discovery:discover_packages(prefix_path) check parameters
[0.309s] Level 1:colcon.colcon_core.package_discovery:discover_packages(prefix_path) discover
[0.310s] DEBUG:colcon.colcon_installed_package_information.package_discovery:Found 2 installed packages in /home/delewlew/assessments/coursework2/install
[0.311s] DEBUG:colcon.colcon_installed_package_information.package_discovery:Found 338 installed packages in /opt/ros/humble
[0.313s] Level 1:colcon.colcon_core.package_discovery:discover_packages(prefix_path) using defaults
[0.347s] Level 5:colcon.colcon_core.verb:set package 'ada_lovelace_description' build argument 'cmake_args' from command line to 'None'
[0.347s] Level 5:colcon.colcon_core.verb:set package 'ada_lovelace_description' build argument 'cmake_target' from command line to 'None'
[0.347s] Level 5:colcon.colcon_core.verb:set package 'ada_lovelace_description' build argument 'cmake_target_skip_unavailable' from command line to 'False'
[0.347s] Level 5:colcon.colcon_core.verb:set package 'ada_lovelace_description' build argument 'cmake_clean_cache' from command line to 'False'
[0.347s] Level 5:colcon.colcon_core.verb:set package 'ada_lovelace_description' build argument 'cmake_clean_first' from command line to 'False'
[0.347s] Level 5:colcon.colcon_core.verb:set package 'ada_lovelace_description' build argument 'cmake_force_configure' from command line to 'False'
[0.347s] Level 5:colcon.colcon_core.verb:set package 'ada_lovelace_description' build argument 'ament_cmake_args' from command line to 'None'
[0.347s] Level 5:colcon.colcon_core.verb:set package 'ada_lovelace_description' build argument 'catkin_cmake_args' from command line to 'None'
[0.347s] Level 5:colcon.colcon_core.verb:set package 'ada_lovelace_description' build argument 'catkin_skip_building_tests' from command line to 'False'
[0.347s] DEBUG:colcon.colcon_core.verb:Building package 'ada_lovelace_description' with the following arguments: {'ament_cmake_args': None, 'build_base': '/home/delewlew/assessments/coursework2/build/ada_lovelace_description', 'catkin_cmake_args': None, 'catkin_skip_building_tests': False, 'cmake_args': None, 'cmake_clean_cache': False, 'cmake_clean_first': False, 'cmake_force_configure': False, 'cmake_target': None, 'cmake_target_skip_unavailable': False, 'install_base': '/home/delewlew/assessments/coursework2/install/ada_lovelace_description', 'merge_install': False, 'path': '/home/delewlew/assessments/coursework2/src/ada_lovelace_description', 'symlink_install': False, 'test_result_base': None}
[0.348s] Level 5:colcon.colcon_core.verb:set package 'coursework_support' build argument 'cmake_args' from command line to 'None'
[0.348s] Level 5:colcon.colcon_core.verb:set package 'coursework_support' build argument 'cmake_target' from command line to 'None'
[0.348s] Level 5:colcon.colcon_core.verb:set package 'coursework_support' build argument 'cmake_target_skip_unavailable' from command line to 'False'
[0.348s] Level 5:colcon.colcon_core.verb:set package 'coursework_support' build argument 'cmake_clean_cache' from command line to 'False'
[0.348s] Level 5:colcon.colcon_core.verb:set package 'coursework_support' build argument 'cmake_clean_first' from command line to 'False'
[0.348s] Level 5:colcon.colcon_core.verb:set package 'coursework_support' build argument 'cmake_force_configure' from command line to 'False'
[0.348s] Level 5:colcon.colcon_core.verb:set package 'coursework_support' build argument 'ament_cmake_args' from command line to 'None'
[0.348s] Level 5:colcon.colcon_core.verb:set package 'coursework_support' build argument 'catkin_cmake_args' from command line to 'None'
[0.348s] Level 5:colcon.colcon_core.verb:set package 'coursework_support' build argument 'catkin_skip_building_tests' from command line to 'False'
[0.348s] DEBUG:colcon.colcon_core.verb:Building package 'coursework_support' with the following arguments: {'ament_cmake_args': None, 'build_base': '/home/delewlew/assessments/coursework2/build/coursework_support', 'catkin_cmake_args': None, 'catkin_skip_building_tests': False, 'cmake_args': None, 'cmake_clean_cache': False, 'cmake_clean_first': False, 'cmake_force_configure': False, 'cmake_target': None, 'cmake_target_skip_unavailable': False, 'install_base': '/home/delewlew/assessments/coursework2/install/coursework_support', 'merge_install': False, 'path': '/home/delewlew/assessments/coursework2/src/coursework_support', 'symlink_install': False, 'test_result_base': None}
[0.348s] INFO:colcon.colcon_core.executor:Executing jobs using 'parallel' executor
[0.349s] DEBUG:colcon.colcon_parallel_executor.executor.parallel:run_until_complete
[0.350s] INFO:colcon.colcon_ros.task.ament_python.build:Building ROS package in '/home/delewlew/assessments/coursework2/src/ada_lovelace_description' with build type 'ament_python'
[0.350s] Level 1:colcon.colcon_core.shell:create_environment_hook('ada_lovelace_description', 'ament_prefix_path')
[0.353s] INFO:colcon.colcon_core.plugin_system:Skipping extension 'colcon_core.shell.bat': Not used on non-Windows systems
[0.353s] INFO:colcon.colcon_core.shell:Creating environment hook '/home/delewlew/assessments/coursework2/install/ada_lovelace_description/share/ada_lovelace_description/hook/ament_prefix_path.ps1'
[0.354s] INFO:colcon.colcon_core.shell:Creating environment descriptor '/home/delewlew/assessments/coursework2/install/ada_lovelace_description/share/ada_lovelace_description/hook/ament_prefix_path.dsv'
[0.354s] INFO:colcon.colcon_core.shell:Creating environment hook '/home/delewlew/assessments/coursework2/install/ada_lovelace_description/share/ada_lovelace_description/hook/ament_prefix_path.sh'
[0.356s] INFO:colcon.colcon_core.shell:Skip shell extension 'powershell' for command environment: Not usable outside of PowerShell
[0.356s] DEBUG:colcon.colcon_core.shell:Skip shell extension 'dsv' for command environment
[0.359s] INFO:colcon.colcon_ros.task.ament_python.build:Building ROS package in '/home/delewlew/assessments/coursework2/src/coursework_support' with build type 'ament_python'
[0.360s] Level 1:colcon.colcon_core.shell:create_environment_hook('coursework_support', 'ament_prefix_path')
[0.361s] INFO:colcon.colcon_core.shell:Creating environment hook '/home/delewlew/assessments/coursework2/install/coursework_support/share/coursework_support/hook/ament_prefix_path.ps1'
[0.362s] INFO:colcon.colcon_core.shell:Creating environment descriptor '/home/delewlew/assessments/coursework2/install/coursework_support/share/coursework_support/hook/ament_prefix_path.dsv'
[0.364s] INFO:colcon.colcon_core.shell:Creating environment hook '/home/delewlew/assessments/coursework2/install/coursework_support/share/coursework_support/hook/ament_prefix_path.sh'
[0.366s] INFO:colcon.colcon_core.shell:Skip shell extension 'powershell' for command environment: Not usable outside of PowerShell
[0.366s] DEBUG:colcon.colcon_core.shell:Skip shell extension 'dsv' for command environment
[0.627s] INFO:colcon.colcon_core.task.python.build:Building Python package in '/home/delewlew/assessments/coursework2/src/ada_lovelace_description'
[0.627s] INFO:colcon.colcon_core.shell:Skip shell extension 'powershell' for command environment: Not usable outside of PowerShell
[0.627s] DEBUG:colcon.colcon_core.shell:Skip shell extension 'dsv' for command environment
[0.892s] INFO:colcon.colcon_core.task.python.build:Building Python package in '/home/delewlew/assessments/coursework2/src/coursework_support'
[0.892s] INFO:colcon.colcon_core.shell:Skip shell extension 'powershell' for command environment: Not usable outside of PowerShell
[0.893s] DEBUG:colcon.colcon_core.shell:Skip shell extension 'dsv' for command environment
[1.276s] DEBUG:colcon.colcon_core.event_handler.log_command:Invoking command in '/home/delewlew/assessments/coursework2/src/coursework_support': PYTHONPATH=/home/delewlew/assessments/coursework2/build/coursework_support/prefix_override:/usr/lib/python3/dist-packages/colcon_core/task/python/colcon_distutils_commands:/home/delewlew/assessments/coursework2/install/coursework_support/lib/python3.10/site-packages:${PYTHONPATH} /usr/bin/python3 -W ignore:setup.py install is deprecated setup.py egg_info --egg-base ../../build/coursework_support build --build-base /home/delewlew/assessments/coursework2/build/coursework_support/build install --record /home/delewlew/assessments/coursework2/build/coursework_support/install.log --single-version-externally-managed install_data
[1.301s] DEBUG:colcon.colcon_core.event_handler.log_command:Invoking command in '/home/delewlew/assessments/coursework2/src/ada_lovelace_description': PYTHONPATH=/home/delewlew/assessments/coursework2/build/ada_lovelace_description/prefix_override:/usr/lib/python3/dist-packages/colcon_core/task/python/colcon_distutils_commands:/home/delewlew/assessments/coursework2/install/ada_lovelace_description/lib/python3.10/site-packages:${PYTHONPATH} /usr/bin/python3 -W ignore:setup.py install is deprecated setup.py egg_info --egg-base ../../build/ada_lovelace_description build --build-base /home/delewlew/assessments/coursework2/build/ada_lovelace_description/build install --record /home/delewlew/assessments/coursework2/build/ada_lovelace_description/install.log --single-version-externally-managed install_data
[1.624s] DEBUG:colcon.colcon_core.event_handler.log_command:Invoked command in '/home/delewlew/assessments/coursework2/src/coursework_support' returned '0': PYTHONPATH=/home/delewlew/assessments/coursework2/build/coursework_support/prefix_override:/usr/lib/python3/dist-packages/colcon_core/task/python/colcon_distutils_commands:/home/delewlew/assessments/coursework2/install/coursework_support/lib/python3.10/site-packages:${PYTHONPATH} /usr/bin/python3 -W ignore:setup.py install is deprecated setup.py egg_info --egg-base ../../build/coursework_support build --build-base /home/delewlew/assessments/coursework2/build/coursework_support/build install --record /home/delewlew/assessments/coursework2/build/coursework_support/install.log --single-version-externally-managed install_data
[1.629s] Level 1:colcon.colcon_core.environment:checking '/home/delewlew/assessments/coursework2/install/coursework_support' for CMake module files
[1.630s] Level 1:colcon.colcon_core.environment:checking '/home/delewlew/assessments/coursework2/install/coursework_support' for CMake config files
[1.631s] Level 1:colcon.colcon_core.environment:checking '/home/delewlew/assessments/coursework2/install/coursework_support/lib'
[1.631s] Level 1:colcon.colcon_core.environment:checking '/home/delewlew/assessments/coursework2/install/coursework_support/bin'
[1.631s] Level 1:colcon.colcon_core.environment:checking '/home/delewlew/assessments/coursework2/install/coursework_support/lib/pkgconfig/coursework_support.pc'
[1.632s] Level 1:colcon.colcon_core.environment:checking '/home/delewlew/assessments/coursework2/install/coursework_support/lib/python3.10/site-packages'
[1.632s] Level 1:colcon.colcon_core.shell:create_environment_hook('coursework_support', 'pythonpath')
[1.633s] INFO:colcon.colcon_core.shell:Creating environment hook '/home/delewlew/assessments/coursework2/install/coursework_support/share/coursework_support/hook/pythonpath.ps1'
[1.634s] INFO:colcon.colcon_core.shell:Creating environment descriptor '/home/delewlew/assessments/coursework2/install/coursework_support/share/coursework_support/hook/pythonpath.dsv'
[1.634s] INFO:colcon.colcon_core.shell:Creating environment hook '/home/delewlew/assessments/coursework2/install/coursework_support/share/coursework_support/hook/pythonpath.sh'
[1.636s] Level 1:colcon.colcon_core.environment:checking '/home/delewlew/assessments/coursework2/install/coursework_support/bin'
[1.636s] Level 1:colcon.colcon_core.environment:create_environment_scripts_only(coursework_support)
[1.637s] INFO:colcon.colcon_core.shell:Creating package script '/home/delewlew/assessments/coursework2/install/coursework_support/share/coursework_support/package.ps1'
[1.640s] INFO:colcon.colcon_core.shell:Creating package descriptor '/home/delewlew/assessments/coursework2/install/coursework_support/share/coursework_support/package.dsv'
[1.642s] INFO:colcon.colcon_core.shell:Creating package script '/home/delewlew/assessments/coursework2/install/coursework_support/share/coursework_support/package.sh'
[1.644s] INFO:colcon.colcon_core.shell:Creating package script '/home/delewlew/assessments/coursework2/install/coursework_support/share/coursework_support/package.bash'
[1.646s] INFO:colcon.colcon_core.shell:Creating package script '/home/delewlew/assessments/coursework2/install/coursework_support/share/coursework_support/package.zsh'
[1.648s] Level 1:colcon.colcon_core.environment:create_file_with_runtime_dependencies(/home/delewlew/assessments/coursework2/install/coursework_support/share/colcon-core/packages/coursework_support)
[1.703s] Level 1:colcon.colcon_core.environment:checking '/home/delewlew/assessments/coursework2/install/ada_lovelace_description' for CMake module files
[1.703s] DEBUG:colcon.colcon_core.event_handler.log_command:Invoked command in '/home/delewlew/assessments/coursework2/src/ada_lovelace_description' returned '0': PYTHONPATH=/home/delewlew/assessments/coursework2/build/ada_lovelace_description/prefix_override:/usr/lib/python3/dist-packages/colcon_core/task/python/colcon_distutils_commands:/home/delewlew/assessments/coursework2/install/ada_lovelace_description/lib/python3.10/site-packages:${PYTHONPATH} /usr/bin/python3 -W ignore:setup.py install is deprecated setup.py egg_info --egg-base ../../build/ada_lovelace_description build --build-base /home/delewlew/assessments/coursework2/build/ada_lovelace_description/build install --record /home/delewlew/assessments/coursework2/build/ada_lovelace_description/install.log --single-version-externally-managed install_data
[1.705s] Level 1:colcon.colcon_core.environment:checking '/home/delewlew/assessments/coursework2/install/ada_lovelace_description' for CMake config files
[1.708s] Level 1:colcon.colcon_core.environment:checking '/home/delewlew/assessments/coursework2/install/ada_lovelace_description/lib'
[1.708s] Level 1:colcon.colcon_core.environment:checking '/home/delewlew/assessments/coursework2/install/ada_lovelace_description/bin'
[1.708s] Level 1:colcon.colcon_core.environment:checking '/home/delewlew/assessments/coursework2/install/ada_lovelace_description/lib/pkgconfig/ada_lovelace_description.pc'
[1.709s] Level 1:colcon.colcon_core.environment:checking '/home/delewlew/assessments/coursework2/install/ada_lovelace_description/lib/python3.10/site-packages'
[1.709s] Level 1:colcon.colcon_core.shell:create_environment_hook('ada_lovelace_description', 'pythonpath')
[1.710s] INFO:colcon.colcon_core.shell:Creating environment hook '/home/delewlew/assessments/coursework2/install/ada_lovelace_description/share/ada_lovelace_description/hook/pythonpath.ps1'
[1.711s] INFO:colcon.colcon_core.shell:Creating environment descriptor '/home/delewlew/assessments/coursework2/install/ada_lovelace_description/share/ada_lovelace_description/hook/pythonpath.dsv'
[1.712s] INFO:colcon.colcon_core.shell:Creating environment hook '/home/delewlew/assessments/coursework2/install/ada_lovelace_description/share/ada_lovelace_description/hook/pythonpath.sh'
[1.713s] Level 1:colcon.colcon_core.environment:checking '/home/delewlew/assessments/coursework2/install/ada_lovelace_description/bin'
[1.714s] Level 1:colcon.colcon_core.environment:create_environment_scripts_only(ada_lovelace_description)
[1.714s] INFO:colcon.colcon_core.shell:Creating package script '/home/delewlew/assessments/coursework2/install/ada_lovelace_description/share/ada_lovelace_description/package.ps1'
[1.715s] INFO:colcon.colcon_core.shell:Creating package descriptor '/home/delewlew/assessments/coursework2/install/ada_lovelace_description/share/ada_lovelace_description/package.dsv'
[1.715s] INFO:colcon.colcon_core.shell:Creating package script '/home/delewlew/assessments/coursework2/install/ada_lovelace_description/share/ada_lovelace_description/package.sh'
[1.716s] INFO:colcon.colcon_core.shell:Creating package script '/home/delewlew/assessments/coursework2/install/ada_lovelace_description/share/ada_lovelace_description/package.bash'
[1.716s] INFO:colcon.colcon_core.shell:Creating package script '/home/delewlew/assessments/coursework2/install/ada_lovelace_description/share/ada_lovelace_description/package.zsh'
[1.716s] Level 1:colcon.colcon_core.environment:create_file_with_runtime_dependencies(/home/delewlew/assessments/coursework2/install/ada_lovelace_description/share/colcon-core/packages/ada_lovelace_description)
[1.717s] DEBUG:colcon.colcon_parallel_executor.executor.parallel:closing loop
[1.717s] DEBUG:colcon.colcon_parallel_executor.executor.parallel:loop closed
[1.717s] DEBUG:colcon.colcon_parallel_executor.executor.parallel:run_until_complete finished with '0'
[1.718s] DEBUG:colcon.colcon_core.event_reactor:joining thread
[1.728s] INFO:colcon.colcon_core.plugin_system:Skipping extension 'colcon_notification.desktop_notification.terminal_notifier': Not used on non-Darwin systems
[1.728s] INFO:colcon.colcon_core.plugin_system:Skipping extension 'colcon_notification.desktop_notification.win32': Not used on non-Windows systems
[1.728s] INFO:colcon.colcon_notification.desktop_notification:Sending desktop notification using 'notify2'
[1.756s] DEBUG:colcon.colcon_core.event_reactor:joined thread
[1.756s] INFO:colcon.colcon_core.shell:Creating prefix script '/home/delewlew/assessments/coursework2/install/local_setup.ps1'
[1.758s] INFO:colcon.colcon_core.shell:Creating prefix util module '/home/delewlew/assessments/coursework2/install/_local_setup_util_ps1.py'
[1.760s] INFO:colcon.colcon_core.shell:Creating prefix chain script '/home/delewlew/assessments/coursework2/install/setup.ps1'
[1.762s] INFO:colcon.colcon_core.shell:Creating prefix script '/home/delewlew/assessments/coursework2/install/local_setup.sh'
[1.764s] INFO:colcon.colcon_core.shell:Creating prefix util module '/home/delewlew/assessments/coursework2/install/_local_setup_util_sh.py'
[1.766s] INFO:colcon.colcon_core.shell:Creating prefix chain script '/home/delewlew/assessments/coursework2/install/setup.sh'
[1.769s] INFO:colcon.colcon_core.shell:Creating prefix script '/home/delewlew/assessments/coursework2/install/local_setup.bash'
[1.770s] INFO:colcon.colcon_core.shell:Creating prefix chain script '/home/delewlew/assessments/coursework2/install/setup.bash'
[1.773s] INFO:colcon.colcon_core.shell:Creating prefix script '/home/delewlew/assessments/coursework2/install/local_setup.zsh'
[1.774s] INFO:colcon.colcon_core.shell:Creating prefix chain script '/home/delewlew/assessments/coursework2/install/setup.zsh'
