[2.886s] Invoking command in '/home/delewlew/ros2_tutorial_workspace_2/src/python_package_with_a_node': PYTHONPATH=/home/delewlew/ros2_tutorial_workspace_2/src/build/python_package_with_a_node/prefix_override:/usr/lib/python3/dist-packages/colcon_core/task/python/colcon_distutils_commands:/home/delewlew/ros2_tutorial_workspace_2/src/install/python_package_with_a_node/lib/python3.10/site-packages:${PYTHONPATH} /usr/bin/python3 -W ignore:setup.py install is deprecated setup.py egg_info --egg-base ../build/python_package_with_a_node build --build-base /home/delewlew/ros2_tutorial_workspace_2/src/build/python_package_with_a_node/build install --record /home/delewlew/ros2_tutorial_workspace_2/src/build/python_package_with_a_node/install.log --single-version-externally-managed install_data
[3.673s] running egg_info
[3.674s] writing ../build/python_package_with_a_node/python_package_with_a_node.egg-info/PKG-INFO
[3.675s] writing dependency_links to ../build/python_package_with_a_node/python_package_with_a_node.egg-info/dependency_links.txt
[3.676s] writing entry points to ../build/python_package_with_a_node/python_package_with_a_node.egg-info/entry_points.txt
[3.677s] writing requirements to ../build/python_package_with_a_node/python_package_with_a_node.egg-info/requires.txt
[3.677s] writing top-level names to ../build/python_package_with_a_node/python_package_with_a_node.egg-info/top_level.txt
[3.686s] reading manifest file '../build/python_package_with_a_node/python_package_with_a_node.egg-info/SOURCES.txt'
[3.691s] writing manifest file '../build/python_package_with_a_node/python_package_with_a_node.egg-info/SOURCES.txt'
[3.691s] running build
[3.691s] running build_py
[3.691s] running install
[3.691s] running install_lib
[3.696s] running install_data
[3.697s] running install_egg_info
[3.703s] removing '/home/delewlew/ros2_tutorial_workspace_2/src/install/python_package_with_a_node/lib/python3.10/site-packages/python_package_with_a_node-0.0.0-py3.10.egg-info' (and everything under it)
[3.704s] Copying ../build/python_package_with_a_node/python_package_with_a_node.egg-info to /home/delewlew/ros2_tutorial_workspace_2/src/install/python_package_with_a_node/lib/python3.10/site-packages/python_package_with_a_node-0.0.0-py3.10.egg-info
[3.706s] running install_scripts
[3.786s] Installing print_forever_node script to /home/delewlew/ros2_tutorial_workspace_2/src/install/python_package_with_a_node/lib/python_package_with_a_node
[3.786s] Installing sample_python_node script to /home/delewlew/ros2_tutorial_workspace_2/src/install/python_package_with_a_node/lib/python_package_with_a_node
[3.787s] writing list of installed files to '/home/delewlew/ros2_tutorial_workspace_2/src/build/python_package_with_a_node/install.log'
[4.063s] Invoked command in '/home/delewlew/ros2_tutorial_workspace_2/src/python_package_with_a_node' returned '0': PYTHONPATH=/home/delewlew/ros2_tutorial_workspace_2/src/build/python_package_with_a_node/prefix_override:/usr/lib/python3/dist-packages/colcon_core/task/python/colcon_distutils_commands:/home/delewlew/ros2_tutorial_workspace_2/src/install/python_package_with_a_node/lib/python3.10/site-packages:${PYTHONPATH} /usr/bin/python3 -W ignore:setup.py install is deprecated setup.py egg_info --egg-base ../build/python_package_with_a_node build --build-base /home/delewlew/ros2_tutorial_workspace_2/src/build/python_package_with_a_node/build install --record /home/delewlew/ros2_tutorial_workspace_2/src/build/python_package_with_a_node/install.log --single-version-externally-managed install_data
