[2.337s] Invoking command in '/home/delewlew/software_for_robotics_part2/src/example_urdf_robot': PYTHONPATH=/home/delewlew/software_for_robotics_part2/build/example_urdf_robot/prefix_override:/usr/lib/python3/dist-packages/colcon_core/task/python/colcon_distutils_commands:/home/delewlew/software_for_robotics_part2/install/example_urdf_robot/lib/python3.10/site-packages:${PYTHONPATH} /usr/bin/python3 -W ignore:setup.py install is deprecated setup.py egg_info --egg-base ../../build/example_urdf_robot build --build-base /home/delewlew/software_for_robotics_part2/build/example_urdf_robot/build install --record /home/delewlew/software_for_robotics_part2/build/example_urdf_robot/install.log --single-version-externally-managed install_data
[2.949s] running egg_info
[2.952s] writing ../../build/example_urdf_robot/example_urdf_robot.egg-info/PKG-INFO
[2.953s] writing dependency_links to ../../build/example_urdf_robot/example_urdf_robot.egg-info/dependency_links.txt
[2.953s] writing entry points to ../../build/example_urdf_robot/example_urdf_robot.egg-info/entry_points.txt
[2.954s] writing requirements to ../../build/example_urdf_robot/example_urdf_robot.egg-info/requires.txt
[2.955s] writing top-level names to ../../build/example_urdf_robot/example_urdf_robot.egg-info/top_level.txt
[2.962s] reading manifest file '../../build/example_urdf_robot/example_urdf_robot.egg-info/SOURCES.txt'
[2.962s] adding license file 'LICENSE'
[2.965s] writing manifest file '../../build/example_urdf_robot/example_urdf_robot.egg-info/SOURCES.txt'
[2.965s] running build
[2.965s] running build_py
[2.968s] running install
[2.969s] running install_lib
[2.971s] running install_data
[2.972s] running install_egg_info
[2.976s] removing '/home/delewlew/software_for_robotics_part2/install/example_urdf_robot/lib/python3.10/site-packages/example_urdf_robot-0.0.0-py3.10.egg-info' (and everything under it)
[2.977s] Copying ../../build/example_urdf_robot/example_urdf_robot.egg-info to /home/delewlew/software_for_robotics_part2/install/example_urdf_robot/lib/python3.10/site-packages/example_urdf_robot-0.0.0-py3.10.egg-info
[2.980s] running install_scripts
[3.038s] writing list of installed files to '/home/delewlew/software_for_robotics_part2/build/example_urdf_robot/install.log'
[3.110s] Invoked command in '/home/delewlew/software_for_robotics_part2/src/example_urdf_robot' returned '0': PYTHONPATH=/home/delewlew/software_for_robotics_part2/build/example_urdf_robot/prefix_override:/usr/lib/python3/dist-packages/colcon_core/task/python/colcon_distutils_commands:/home/delewlew/software_for_robotics_part2/install/example_urdf_robot/lib/python3.10/site-packages:${PYTHONPATH} /usr/bin/python3 -W ignore:setup.py install is deprecated setup.py egg_info --egg-base ../../build/example_urdf_robot build --build-base /home/delewlew/software_for_robotics_part2/build/example_urdf_robot/build install --record /home/delewlew/software_for_robotics_part2/build/example_urdf_robot/install.log --single-version-externally-managed install_data
