[0.572s] Invoking command in '/home/delewlew/ros2_tutorial_workspace_2/src/python_package_that_uses_the_library': AMENT_PREFIX_PATH=/home/delewlew/ros2_tutorial_workspace_2/src/install/python_package_with_a_library:${AMENT_PREFIX_PATH} PYTHONPATH=/home/delewlew/ros2_tutorial_workspace_2/src/build/python_package_that_uses_the_library/prefix_override:/usr/lib/python3/dist-packages/colcon_core/task/python/colcon_distutils_commands:/home/delewlew/ros2_tutorial_workspace_2/src/install/python_package_that_uses_the_library/lib/python3.10/site-packages:/home/delewlew/ros2_tutorial_workspace_2/src/install/python_package_with_a_library/lib/python3.10/site-packages:${PYTHONPATH} /usr/bin/python3 -W ignore:setup.py install is deprecated setup.py egg_info --egg-base ../build/python_package_that_uses_the_library build --build-base /home/delewlew/ros2_tutorial_workspace_2/src/build/python_package_that_uses_the_library/build install --record /home/delewlew/ros2_tutorial_workspace_2/src/build/python_package_that_uses_the_library/install.log --single-version-externally-managed install_data
[0.936s] running egg_info
[0.937s] writing ../build/python_package_that_uses_the_library/python_package_that_uses_the_library.egg-info/PKG-INFO
[0.938s] writing dependency_links to ../build/python_package_that_uses_the_library/python_package_that_uses_the_library.egg-info/dependency_links.txt
[0.938s] writing entry points to ../build/python_package_that_uses_the_library/python_package_that_uses_the_library.egg-info/entry_points.txt
[0.938s] writing requirements to ../build/python_package_that_uses_the_library/python_package_that_uses_the_library.egg-info/requires.txt
[0.938s] writing top-level names to ../build/python_package_that_uses_the_library/python_package_that_uses_the_library.egg-info/top_level.txt
[0.940s] reading manifest file '../build/python_package_that_uses_the_library/python_package_that_uses_the_library.egg-info/SOURCES.txt'
[0.942s] writing manifest file '../build/python_package_that_uses_the_library/python_package_that_uses_the_library.egg-info/SOURCES.txt'
[0.943s] running build
[0.943s] running build_py
[0.945s] running install
[0.946s] running install_lib
[0.948s] running install_data
[0.949s] running install_egg_info
[0.952s] removing '/home/delewlew/ros2_tutorial_workspace_2/src/install/python_package_that_uses_the_library/lib/python3.10/site-packages/python_package_that_uses_the_library-0.0.0-py3.10.egg-info' (and everything under it)
[0.953s] Copying ../build/python_package_that_uses_the_library/python_package_that_uses_the_library.egg-info to /home/delewlew/ros2_tutorial_workspace_2/src/install/python_package_that_uses_the_library/lib/python3.10/site-packages/python_package_that_uses_the_library-0.0.0-py3.10.egg-info
[0.953s] running install_scripts
[0.982s] Installing node_that_uses_the_library script to /home/delewlew/ros2_tutorial_workspace_2/src/install/python_package_that_uses_the_library/lib/python_package_that_uses_the_library
[0.985s] writing list of installed files to '/home/delewlew/ros2_tutorial_workspace_2/src/build/python_package_that_uses_the_library/install.log'
[1.019s] Invoked command in '/home/delewlew/ros2_tutorial_workspace_2/src/python_package_that_uses_the_library' returned '0': AMENT_PREFIX_PATH=/home/delewlew/ros2_tutorial_workspace_2/src/install/python_package_with_a_library:${AMENT_PREFIX_PATH} PYTHONPATH=/home/delewlew/ros2_tutorial_workspace_2/src/build/python_package_that_uses_the_library/prefix_override:/usr/lib/python3/dist-packages/colcon_core/task/python/colcon_distutils_commands:/home/delewlew/ros2_tutorial_workspace_2/src/install/python_package_that_uses_the_library/lib/python3.10/site-packages:/home/delewlew/ros2_tutorial_workspace_2/src/install/python_package_with_a_library/lib/python3.10/site-packages:${PYTHONPATH} /usr/bin/python3 -W ignore:setup.py install is deprecated setup.py egg_info --egg-base ../build/python_package_that_uses_the_library build --build-base /home/delewlew/ros2_tutorial_workspace_2/src/build/python_package_that_uses_the_library/build install --record /home/delewlew/ros2_tutorial_workspace_2/src/build/python_package_that_uses_the_library/install.log --single-version-externally-managed install_data
