[2.491s] Invoking command in '/home/delewlew/ros2_tutorial_workspace_2/src/python_package_with_a_library': PYTHONPATH=/home/delewlew/ros2_tutorial_workspace_2/src/build/python_package_with_a_library/prefix_override:/usr/lib/python3/dist-packages/colcon_core/task/python/colcon_distutils_commands:/home/delewlew/ros2_tutorial_workspace_2/src/install/python_package_with_a_library/lib/python3.10/site-packages:${PYTHONPATH} /usr/bin/python3 -W ignore:setup.py install is deprecated setup.py egg_info --egg-base ../build/python_package_with_a_library build --build-base /home/delewlew/ros2_tutorial_workspace_2/src/build/python_package_with_a_library/build install --record /home/delewlew/ros2_tutorial_workspace_2/src/build/python_package_with_a_library/install.log --single-version-externally-managed install_data
[3.093s] running egg_info
[3.095s] writing ../build/python_package_with_a_library/python_package_with_a_library.egg-info/PKG-INFO
[3.096s] writing dependency_links to ../build/python_package_with_a_library/python_package_with_a_library.egg-info/dependency_links.txt
[3.096s] writing entry points to ../build/python_package_with_a_library/python_package_with_a_library.egg-info/entry_points.txt
[3.096s] writing requirements to ../build/python_package_with_a_library/python_package_with_a_library.egg-info/requires.txt
[3.097s] writing top-level names to ../build/python_package_with_a_library/python_package_with_a_library.egg-info/top_level.txt
[3.100s] reading manifest file '../build/python_package_with_a_library/python_package_with_a_library.egg-info/SOURCES.txt'
[3.103s] writing manifest file '../build/python_package_with_a_library/python_package_with_a_library.egg-info/SOURCES.txt'
[3.104s] running build
[3.104s] running build_py
[3.107s] running install
[3.108s] running install_lib
[3.114s] running install_data
[3.116s] running install_egg_info
[3.122s] removing '/home/delewlew/ros2_tutorial_workspace_2/src/install/python_package_with_a_library/lib/python3.10/site-packages/python_package_with_a_library-0.0.0-py3.10.egg-info' (and everything under it)
[3.123s] Copying ../build/python_package_with_a_library/python_package_with_a_library.egg-info to /home/delewlew/ros2_tutorial_workspace_2/src/install/python_package_with_a_library/lib/python3.10/site-packages/python_package_with_a_library-0.0.0-py3.10.egg-info
[3.125s] running install_scripts
[3.166s] writing list of installed files to '/home/delewlew/ros2_tutorial_workspace_2/src/build/python_package_with_a_library/install.log'
[3.199s] Invoked command in '/home/delewlew/ros2_tutorial_workspace_2/src/python_package_with_a_library' returned '0': PYTHONPATH=/home/delewlew/ros2_tutorial_workspace_2/src/build/python_package_with_a_library/prefix_override:/usr/lib/python3/dist-packages/colcon_core/task/python/colcon_distutils_commands:/home/delewlew/ros2_tutorial_workspace_2/src/install/python_package_with_a_library/lib/python3.10/site-packages:${PYTHONPATH} /usr/bin/python3 -W ignore:setup.py install is deprecated setup.py egg_info --egg-base ../build/python_package_with_a_library build --build-base /home/delewlew/ros2_tutorial_workspace_2/src/build/python_package_with_a_library/build install --record /home/delewlew/ros2_tutorial_workspace_2/src/build/python_package_with_a_library/install.log --single-version-externally-managed install_data
