[0.812s] Invoking command in '/home/delewlew/ros2_tutorial_workspace_2/src/python_package_with_a_node': PYTHONPATH=/home/delewlew/ros2_tutorial_workspace_2/build/python_package_with_a_node/prefix_override:/usr/lib/python3/dist-packages/colcon_core/task/python/colcon_distutils_commands:/home/delewlew/ros2_tutorial_workspace_2/install/python_package_with_a_node/lib/python3.10/site-packages:${PYTHONPATH} /usr/bin/python3 -W ignore:setup.py install is deprecated setup.py egg_info --egg-base ../../build/python_package_with_a_node build --build-base /home/delewlew/ros2_tutorial_workspace_2/build/python_package_with_a_node/build install --record /home/delewlew/ros2_tutorial_workspace_2/build/python_package_with_a_node/install.log --single-version-externally-managed install_data
[1.074s] running egg_info
[1.075s] writing ../../build/python_package_with_a_node/python_package_with_a_node.egg-info/PKG-INFO
[1.075s] writing dependency_links to ../../build/python_package_with_a_node/python_package_with_a_node.egg-info/dependency_links.txt
[1.076s] writing entry points to ../../build/python_package_with_a_node/python_package_with_a_node.egg-info/entry_points.txt
[1.076s] writing requirements to ../../build/python_package_with_a_node/python_package_with_a_node.egg-info/requires.txt
[1.076s] writing top-level names to ../../build/python_package_with_a_node/python_package_with_a_node.egg-info/top_level.txt
[1.078s] reading manifest file '../../build/python_package_with_a_node/python_package_with_a_node.egg-info/SOURCES.txt'
[1.079s] writing manifest file '../../build/python_package_with_a_node/python_package_with_a_node.egg-info/SOURCES.txt'
[1.079s] running build
[1.079s] running build_py
[1.080s] copying python_package_with_a_node/print_forever_node.py -> /home/delewlew/ros2_tutorial_workspace_2/build/python_package_with_a_node/build/lib/python_package_with_a_node
[1.080s] running install
[1.080s] running install_lib
[1.081s] copying /home/delewlew/ros2_tutorial_workspace_2/build/python_package_with_a_node/build/lib/python_package_with_a_node/print_forever_node.py -> /home/delewlew/ros2_tutorial_workspace_2/install/python_package_with_a_node/lib/python3.10/site-packages/python_package_with_a_node
[1.082s] byte-compiling /home/delewlew/ros2_tutorial_workspace_2/install/python_package_with_a_node/lib/python3.10/site-packages/python_package_with_a_node/print_forever_node.py to print_forever_node.cpython-310.pyc
[1.082s] running install_data
[1.082s] copying package.xml -> /home/delewlew/ros2_tutorial_workspace_2/install/python_package_with_a_node/share/python_package_with_a_node
[1.083s] running install_egg_info
[1.084s] removing '/home/delewlew/ros2_tutorial_workspace_2/install/python_package_with_a_node/lib/python3.10/site-packages/python_package_with_a_node-0.0.0-py3.10.egg-info' (and everything under it)
[1.085s] Copying ../../build/python_package_with_a_node/python_package_with_a_node.egg-info to /home/delewlew/ros2_tutorial_workspace_2/install/python_package_with_a_node/lib/python3.10/site-packages/python_package_with_a_node-0.0.0-py3.10.egg-info
[1.085s] running install_scripts
[1.108s] Installing sample_python_node script to /home/delewlew/ros2_tutorial_workspace_2/install/python_package_with_a_node/lib/python_package_with_a_node
[1.108s] writing list of installed files to '/home/delewlew/ros2_tutorial_workspace_2/build/python_package_with_a_node/install.log'
[1.130s] Invoked command in '/home/delewlew/ros2_tutorial_workspace_2/src/python_package_with_a_node' returned '0': PYTHONPATH=/home/delewlew/ros2_tutorial_workspace_2/build/python_package_with_a_node/prefix_override:/usr/lib/python3/dist-packages/colcon_core/task/python/colcon_distutils_commands:/home/delewlew/ros2_tutorial_workspace_2/install/python_package_with_a_node/lib/python3.10/site-packages:${PYTHONPATH} /usr/bin/python3 -W ignore:setup.py install is deprecated setup.py egg_info --egg-base ../../build/python_package_with_a_node build --build-base /home/delewlew/ros2_tutorial_workspace_2/build/python_package_with_a_node/build install --record /home/delewlew/ros2_tutorial_workspace_2/build/python_package_with_a_node/install.log --single-version-externally-managed install_data
