[0.017s] Invoking command in '/home/delewlew/assessments/coursework1/src/build/cooing_code_interfaces': CMAKE_PREFIX_PATH=${CMAKE_PREFIX_PATH}:/home/delewlew/assessments/coursework1/src/install/cooing_code_pkg:/opt/ros/humble /usr/bin/cmake --build /home/delewlew/assessments/coursework1/src/build/cooing_code_interfaces -- -j12 -l12
[0.097s] [ 10%] Built target cooing_code_interfaces__rosidl_generator_c
[0.100s] [ 12%] Built target cooing_code_interfaces__cpp
[0.130s] [ 12%] Built target ament_cmake_python_copy_cooing_code_interfaces
[0.156s] [ 23%] Built target cooing_code_interfaces__rosidl_typesupport_c
[0.161s] [ 54%] Built target cooing_code_interfaces__rosidl_typesupport_fastrtps_cpp
[0.161s] [ 54%] Built target cooing_code_interfaces__rosidl_typesupport_introspection_c
[0.161s] [ 56%] Built target cooing_code_interfaces__rosidl_typesupport_cpp
[0.162s] [ 67%] Built target cooing_code_interfaces__rosidl_typesupport_fastrtps_c
[0.178s] [ 78%] Built target cooing_code_interfaces__rosidl_typesupport_introspection_cpp
[0.224s] [ 78%] Built target cooing_code_interfaces
[0.265s] [ 80%] Built target cooing_code_interfaces__py
[0.303s] [ 89%] Built target cooing_code_interfaces__rosidl_generator_py
[0.354s] [ 92%] Built target cooing_code_interfaces__rosidl_typesupport_introspection_c__pyext
[0.360s] [ 96%] Built target cooing_code_interfaces__rosidl_typesupport_fastrtps_c__pyext
[0.365s] [100%] Built target cooing_code_interfaces__rosidl_typesupport_c__pyext
[0.447s] running egg_info
[0.448s] writing cooing_code_interfaces.egg-info/PKG-INFO
[0.449s] writing dependency_links to cooing_code_interfaces.egg-info/dependency_links.txt
[0.449s] writing top-level names to cooing_code_interfaces.egg-info/top_level.txt
[0.452s] reading manifest file 'cooing_code_interfaces.egg-info/SOURCES.txt'
[0.452s] writing manifest file 'cooing_code_interfaces.egg-info/SOURCES.txt'
[0.479s] [100%] Built target ament_cmake_python_build_cooing_code_interfaces_egg
[0.497s] Invoked command in '/home/delewlew/assessments/coursework1/src/build/cooing_code_interfaces' returned '0': CMAKE_PREFIX_PATH=${CMAKE_PREFIX_PATH}:/home/delewlew/assessments/coursework1/src/install/cooing_code_pkg:/opt/ros/humble /usr/bin/cmake --build /home/delewlew/assessments/coursework1/src/build/cooing_code_interfaces -- -j12 -l12
[0.745s] Invoking command in '/home/delewlew/assessments/coursework1/src/build/cooing_code_interfaces': CMAKE_PREFIX_PATH=${CMAKE_PREFIX_PATH}:/home/delewlew/assessments/coursework1/src/install/cooing_code_pkg:/opt/ros/humble /usr/bin/cmake --install /home/delewlew/assessments/coursework1/src/build/cooing_code_interfaces
[0.758s] -- Install configuration: ""
[0.758s] -- Up-to-date: /home/delewlew/assessments/coursework1/src/install/cooing_code_interfaces/share/ament_index/resource_index/rosidl_interfaces/cooing_code_interfaces
[0.758s] -- Up-to-date: /home/delewlew/assessments/coursework1/src/install/cooing_code_interfaces/include/cooing_code_interfaces/cooing_code_interfaces
[0.758s] -- Up-to-date: /home/delewlew/assessments/coursework1/src/install/cooing_code_interfaces/include/cooing_code_interfaces/cooing_code_interfaces/msg
[0.758s] -- Up-to-date: /home/delewlew/assessments/coursework1/src/install/cooing_code_interfaces/include/cooing_code_interfaces/cooing_code_interfaces/msg/wheel_velocities.h
[0.758s] -- Up-to-date: /home/delewlew/assessments/coursework1/src/install/cooing_code_interfaces/include/cooing_code_interfaces/cooing_code_interfaces/msg/rosidl_generator_c__visibility_control.h
[0.758s] -- Up-to-date: /home/delewlew/assessments/coursework1/src/install/cooing_code_interfaces/include/cooing_code_interfaces/cooing_code_interfaces/msg/detail
[0.758s] -- Up-to-date: /home/delewlew/assessments/coursework1/src/install/cooing_code_interfaces/include/cooing_code_interfaces/cooing_code_interfaces/msg/detail/wheel_velocities__functions.h
[0.759s] -- Up-to-date: /home/delewlew/assessments/coursework1/src/install/cooing_code_interfaces/include/cooing_code_interfaces/cooing_code_interfaces/msg/detail/task_space_pose__type_support.h
[0.759s] -- Up-to-date: /home/delewlew/assessments/coursework1/src/install/cooing_code_interfaces/include/cooing_code_interfaces/cooing_code_interfaces/msg/detail/wheel_velocities__struct.h
[0.759s] -- Up-to-date: /home/delewlew/assessments/coursework1/src/install/cooing_code_interfaces/include/cooing_code_interfaces/cooing_code_interfaces/msg/detail/task_space_pose__functions.c
[0.759s] -- Up-to-date: /home/delewlew/assessments/coursework1/src/install/cooing_code_interfaces/include/cooing_code_interfaces/cooing_code_interfaces/msg/detail/wheel_velocities__functions.c
[0.759s] -- Up-to-date: /home/delewlew/assessments/coursework1/src/install/cooing_code_interfaces/include/cooing_code_interfaces/cooing_code_interfaces/msg/detail/task_space_pose__struct.h
[0.759s] -- Up-to-date: /home/delewlew/assessments/coursework1/src/install/cooing_code_interfaces/include/cooing_code_interfaces/cooing_code_interfaces/msg/detail/task_space_pose__functions.h
[0.759s] -- Up-to-date: /home/delewlew/assessments/coursework1/src/install/cooing_code_interfaces/include/cooing_code_interfaces/cooing_code_interfaces/msg/detail/wheel_velocities__type_support.h
[0.759s] -- Up-to-date: /home/delewlew/assessments/coursework1/src/install/cooing_code_interfaces/include/cooing_code_interfaces/cooing_code_interfaces/msg/task_space_pose.h
[0.760s] -- Up-to-date: /home/delewlew/assessments/coursework1/src/install/cooing_code_interfaces/include/cooing_code_interfaces/cooing_code_interfaces/srv
[0.760s] -- Up-to-date: /home/delewlew/assessments/coursework1/src/install/cooing_code_interfaces/include/cooing_code_interfaces/cooing_code_interfaces/srv/turn_robot_off.h
[0.760s] -- Up-to-date: /home/delewlew/assessments/coursework1/src/install/cooing_code_interfaces/include/cooing_code_interfaces/cooing_code_interfaces/srv/detail
[0.760s] -- Up-to-date: /home/delewlew/assessments/coursework1/src/install/cooing_code_interfaces/include/cooing_code_interfaces/cooing_code_interfaces/srv/detail/turn_robot_on__functions.c
[0.760s] -- Up-to-date: /home/delewlew/assessments/coursework1/src/install/cooing_code_interfaces/include/cooing_code_interfaces/cooing_code_interfaces/srv/detail/turn_robot_on__type_support.h
[0.760s] -- Up-to-date: /home/delewlew/assessments/coursework1/src/install/cooing_code_interfaces/include/cooing_code_interfaces/cooing_code_interfaces/srv/detail/turn_robot_off__type_support.h
[0.760s] -- Up-to-date: /home/delewlew/assessments/coursework1/src/install/cooing_code_interfaces/include/cooing_code_interfaces/cooing_code_interfaces/srv/detail/turn_robot_off__struct.h
[0.760s] -- Up-to-date: /home/delewlew/assessments/coursework1/src/install/cooing_code_interfaces/include/cooing_code_interfaces/cooing_code_interfaces/srv/detail/turn_robot_off__functions.c
[0.760s] -- Up-to-date: /home/delewlew/assessments/coursework1/src/install/cooing_code_interfaces/include/cooing_code_interfaces/cooing_code_interfaces/srv/detail/turn_robot_off__functions.h
[0.761s] -- Up-to-date: /home/delewlew/assessments/coursework1/src/install/cooing_code_interfaces/include/cooing_code_interfaces/cooing_code_interfaces/srv/detail/turn_robot_on__struct.h
[0.761s] -- Up-to-date: /home/delewlew/assessments/coursework1/src/install/cooing_code_interfaces/include/cooing_code_interfaces/cooing_code_interfaces/srv/detail/turn_robot_on__functions.h
[0.761s] -- Up-to-date: /home/delewlew/assessments/coursework1/src/install/cooing_code_interfaces/include/cooing_code_interfaces/cooing_code_interfaces/srv/turn_robot_on.h
[0.761s] -- Up-to-date: /home/delewlew/assessments/coursework1/src/install/cooing_code_interfaces/share/cooing_code_interfaces/environment/library_path.sh
[0.761s] -- Up-to-date: /home/delewlew/assessments/coursework1/src/install/cooing_code_interfaces/share/cooing_code_interfaces/environment/library_path.dsv
[0.761s] -- Up-to-date: /home/delewlew/assessments/coursework1/src/install/cooing_code_interfaces/lib/libcooing_code_interfaces__rosidl_generator_c.so
[0.761s] -- Up-to-date: /home/delewlew/assessments/coursework1/src/install/cooing_code_interfaces/include/cooing_code_interfaces/cooing_code_interfaces
[0.761s] -- Up-to-date: /home/delewlew/assessments/coursework1/src/install/cooing_code_interfaces/include/cooing_code_interfaces/cooing_code_interfaces/msg
[0.761s] -- Up-to-date: /home/delewlew/assessments/coursework1/src/install/cooing_code_interfaces/include/cooing_code_interfaces/cooing_code_interfaces/msg/detail
[0.761s] -- Up-to-date: /home/delewlew/assessments/coursework1/src/install/cooing_code_interfaces/include/cooing_code_interfaces/cooing_code_interfaces/msg/detail/task_space_pose__rosidl_typesupport_fastrtps_c.h
[0.761s] -- Up-to-date: /home/delewlew/assessments/coursework1/src/install/cooing_code_interfaces/include/cooing_code_interfaces/cooing_code_interfaces/msg/detail/wheel_velocities__rosidl_typesupport_fastrtps_c.h
[0.762s] -- Up-to-date: /home/delewlew/assessments/coursework1/src/install/cooing_code_interfaces/include/cooing_code_interfaces/cooing_code_interfaces/msg/rosidl_typesupport_fastrtps_c__visibility_control.h
[0.762s] -- Up-to-date: /home/delewlew/assessments/coursework1/src/install/cooing_code_interfaces/include/cooing_code_interfaces/cooing_code_interfaces/srv
[0.762s] -- Up-to-date: /home/delewlew/assessments/coursework1/src/install/cooing_code_interfaces/include/cooing_code_interfaces/cooing_code_interfaces/srv/detail
[0.762s] -- Up-to-date: /home/delewlew/assessments/coursework1/src/install/cooing_code_interfaces/include/cooing_code_interfaces/cooing_code_interfaces/srv/detail/turn_robot_off__rosidl_typesupport_fastrtps_c.h
[0.762s] -- Up-to-date: /home/delewlew/assessments/coursework1/src/install/cooing_code_interfaces/include/cooing_code_interfaces/cooing_code_interfaces/srv/detail/turn_robot_on__rosidl_typesupport_fastrtps_c.h
[0.762s] -- Up-to-date: /home/delewlew/assessments/coursework1/src/install/cooing_code_interfaces/lib/libcooing_code_interfaces__rosidl_typesupport_fastrtps_c.so
[0.762s] -- Up-to-date: /home/delewlew/assessments/coursework1/src/install/cooing_code_interfaces/include/cooing_code_interfaces/cooing_code_interfaces
[0.762s] -- Up-to-date: /home/delewlew/assessments/coursework1/src/install/cooing_code_interfaces/include/cooing_code_interfaces/cooing_code_interfaces/msg
[0.762s] -- Up-to-date: /home/delewlew/assessments/coursework1/src/install/cooing_code_interfaces/include/cooing_code_interfaces/cooing_code_interfaces/msg/rosidl_typesupport_introspection_c__visibility_control.h
[0.762s] -- Up-to-date: /home/delewlew/assessments/coursework1/src/install/cooing_code_interfaces/include/cooing_code_interfaces/cooing_code_interfaces/msg/detail
[0.762s] -- Up-to-date: /home/delewlew/assessments/coursework1/src/install/cooing_code_interfaces/include/cooing_code_interfaces/cooing_code_interfaces/msg/detail/wheel_velocities__type_support.c
[0.762s] -- Up-to-date: /home/delewlew/assessments/coursework1/src/install/cooing_code_interfaces/include/cooing_code_interfaces/cooing_code_interfaces/msg/detail/wheel_velocities__rosidl_typesupport_introspection_c.h
[0.763s] -- Up-to-date: /home/delewlew/assessments/coursework1/src/install/cooing_code_interfaces/include/cooing_code_interfaces/cooing_code_interfaces/msg/detail/task_space_pose__type_support.c
[0.763s] -- Up-to-date: /home/delewlew/assessments/coursework1/src/install/cooing_code_interfaces/include/cooing_code_interfaces/cooing_code_interfaces/msg/detail/task_space_pose__rosidl_typesupport_introspection_c.h
[0.763s] -- Up-to-date: /home/delewlew/assessments/coursework1/src/install/cooing_code_interfaces/include/cooing_code_interfaces/cooing_code_interfaces/srv
[0.763s] -- Up-to-date: /home/delewlew/assessments/coursework1/src/install/cooing_code_interfaces/include/cooing_code_interfaces/cooing_code_interfaces/srv/detail
[0.763s] -- Up-to-date: /home/delewlew/assessments/coursework1/src/install/cooing_code_interfaces/include/cooing_code_interfaces/cooing_code_interfaces/srv/detail/turn_robot_off__rosidl_typesupport_introspection_c.h
[0.763s] -- Up-to-date: /home/delewlew/assessments/coursework1/src/install/cooing_code_interfaces/include/cooing_code_interfaces/cooing_code_interfaces/srv/detail/turn_robot_on__type_support.c
[0.763s] -- Up-to-date: /home/delewlew/assessments/coursework1/src/install/cooing_code_interfaces/include/cooing_code_interfaces/cooing_code_interfaces/srv/detail/turn_robot_on__rosidl_typesupport_introspection_c.h
[0.763s] -- Up-to-date: /home/delewlew/assessments/coursework1/src/install/cooing_code_interfaces/include/cooing_code_interfaces/cooing_code_interfaces/srv/detail/turn_robot_off__type_support.c
[0.763s] -- Up-to-date: /home/delewlew/assessments/coursework1/src/install/cooing_code_interfaces/lib/libcooing_code_interfaces__rosidl_typesupport_introspection_c.so
[0.763s] -- Up-to-date: /home/delewlew/assessments/coursework1/src/install/cooing_code_interfaces/lib/libcooing_code_interfaces__rosidl_typesupport_c.so
[0.764s] -- Up-to-date: /home/delewlew/assessments/coursework1/src/install/cooing_code_interfaces/include/cooing_code_interfaces/cooing_code_interfaces
[0.764s] -- Up-to-date: /home/delewlew/assessments/coursework1/src/install/cooing_code_interfaces/include/cooing_code_interfaces/cooing_code_interfaces/msg
[0.764s] -- Up-to-date: /home/delewlew/assessments/coursework1/src/install/cooing_code_interfaces/include/cooing_code_interfaces/cooing_code_interfaces/msg/detail
[0.764s] -- Up-to-date: /home/delewlew/assessments/coursework1/src/install/cooing_code_interfaces/include/cooing_code_interfaces/cooing_code_interfaces/msg/detail/task_space_pose__struct.hpp
[0.764s] -- Up-to-date: /home/delewlew/assessments/coursework1/src/install/cooing_code_interfaces/include/cooing_code_interfaces/cooing_code_interfaces/msg/detail/wheel_velocities__builder.hpp
[0.764s] -- Up-to-date: /home/delewlew/assessments/coursework1/src/install/cooing_code_interfaces/include/cooing_code_interfaces/cooing_code_interfaces/msg/detail/wheel_velocities__struct.hpp
[0.765s] -- Up-to-date: /home/delewlew/assessments/coursework1/src/install/cooing_code_interfaces/include/cooing_code_interfaces/cooing_code_interfaces/msg/detail/task_space_pose__builder.hpp
[0.765s] -- Up-to-date: /home/delewlew/assessments/coursework1/src/install/cooing_code_interfaces/include/cooing_code_interfaces/cooing_code_interfaces/msg/detail/task_space_pose__traits.hpp
[0.765s] -- Up-to-date: /home/delewlew/assessments/coursework1/src/install/cooing_code_interfaces/include/cooing_code_interfaces/cooing_code_interfaces/msg/detail/wheel_velocities__traits.hpp
[0.765s] -- Up-to-date: /home/delewlew/assessments/coursework1/src/install/cooing_code_interfaces/include/cooing_code_interfaces/cooing_code_interfaces/msg/wheel_velocities.hpp
[0.765s] -- Up-to-date: /home/delewlew/assessments/coursework1/src/install/cooing_code_interfaces/include/cooing_code_interfaces/cooing_code_interfaces/msg/task_space_pose.hpp
[0.765s] -- Up-to-date: /home/delewlew/assessments/coursework1/src/install/cooing_code_interfaces/include/cooing_code_interfaces/cooing_code_interfaces/srv
[0.765s] -- Up-to-date: /home/delewlew/assessments/coursework1/src/install/cooing_code_interfaces/include/cooing_code_interfaces/cooing_code_interfaces/srv/turn_robot_on.hpp
[0.765s] -- Up-to-date: /home/delewlew/assessments/coursework1/src/install/cooing_code_interfaces/include/cooing_code_interfaces/cooing_code_interfaces/srv/turn_robot_off.hpp
[0.765s] -- Up-to-date: /home/delewlew/assessments/coursework1/src/install/cooing_code_interfaces/include/cooing_code_interfaces/cooing_code_interfaces/srv/detail
[0.765s] -- Up-to-date: /home/delewlew/assessments/coursework1/src/install/cooing_code_interfaces/include/cooing_code_interfaces/cooing_code_interfaces/srv/detail/turn_robot_on__builder.hpp
[0.766s] -- Up-to-date: /home/delewlew/assessments/coursework1/src/install/cooing_code_interfaces/include/cooing_code_interfaces/cooing_code_interfaces/srv/detail/turn_robot_off__builder.hpp
[0.766s] -- Up-to-date: /home/delewlew/assessments/coursework1/src/install/cooing_code_interfaces/include/cooing_code_interfaces/cooing_code_interfaces/srv/detail/turn_robot_off__struct.hpp
[0.766s] -- Up-to-date: /home/delewlew/assessments/coursework1/src/install/cooing_code_interfaces/include/cooing_code_interfaces/cooing_code_interfaces/srv/detail/turn_robot_on__struct.hpp
[0.766s] -- Up-to-date: /home/delewlew/assessments/coursework1/src/install/cooing_code_interfaces/include/cooing_code_interfaces/cooing_code_interfaces/srv/detail/turn_robot_off__traits.hpp
[0.766s] -- Up-to-date: /home/delewlew/assessments/coursework1/src/install/cooing_code_interfaces/include/cooing_code_interfaces/cooing_code_interfaces/srv/detail/turn_robot_on__traits.hpp
[0.766s] -- Up-to-date: /home/delewlew/assessments/coursework1/src/install/cooing_code_interfaces/include/cooing_code_interfaces/cooing_code_interfaces
[0.766s] -- Up-to-date: /home/delewlew/assessments/coursework1/src/install/cooing_code_interfaces/include/cooing_code_interfaces/cooing_code_interfaces/msg
[0.766s] -- Up-to-date: /home/delewlew/assessments/coursework1/src/install/cooing_code_interfaces/include/cooing_code_interfaces/cooing_code_interfaces/msg/rosidl_typesupport_fastrtps_cpp__visibility_control.h
[0.766s] -- Up-to-date: /home/delewlew/assessments/coursework1/src/install/cooing_code_interfaces/include/cooing_code_interfaces/cooing_code_interfaces/msg/detail
[0.766s] -- Up-to-date: /home/delewlew/assessments/coursework1/src/install/cooing_code_interfaces/include/cooing_code_interfaces/cooing_code_interfaces/msg/detail/wheel_velocities__rosidl_typesupport_fastrtps_cpp.hpp
[0.766s] -- Up-to-date: /home/delewlew/assessments/coursework1/src/install/cooing_code_interfaces/include/cooing_code_interfaces/cooing_code_interfaces/msg/detail/dds_fastrtps
[0.766s] -- Up-to-date: /home/delewlew/assessments/coursework1/src/install/cooing_code_interfaces/include/cooing_code_interfaces/cooing_code_interfaces/msg/detail/task_space_pose__rosidl_typesupport_fastrtps_cpp.hpp
[0.766s] -- Up-to-date: /home/delewlew/assessments/coursework1/src/install/cooing_code_interfaces/include/cooing_code_interfaces/cooing_code_interfaces/srv
[0.766s] -- Up-to-date: /home/delewlew/assessments/coursework1/src/install/cooing_code_interfaces/include/cooing_code_interfaces/cooing_code_interfaces/srv/detail
[0.766s] -- Up-to-date: /home/delewlew/assessments/coursework1/src/install/cooing_code_interfaces/include/cooing_code_interfaces/cooing_code_interfaces/srv/detail/dds_fastrtps
[0.766s] -- Up-to-date: /home/delewlew/assessments/coursework1/src/install/cooing_code_interfaces/include/cooing_code_interfaces/cooing_code_interfaces/srv/detail/turn_robot_on__rosidl_typesupport_fastrtps_cpp.hpp
[0.767s] -- Up-to-date: /home/delewlew/assessments/coursework1/src/install/cooing_code_interfaces/include/cooing_code_interfaces/cooing_code_interfaces/srv/detail/turn_robot_off__rosidl_typesupport_fastrtps_cpp.hpp
[0.767s] -- Up-to-date: /home/delewlew/assessments/coursework1/src/install/cooing_code_interfaces/lib/libcooing_code_interfaces__rosidl_typesupport_fastrtps_cpp.so
[0.767s] -- Up-to-date: /home/delewlew/assessments/coursework1/src/install/cooing_code_interfaces/include/cooing_code_interfaces/cooing_code_interfaces
[0.767s] -- Up-to-date: /home/delewlew/assessments/coursework1/src/install/cooing_code_interfaces/include/cooing_code_interfaces/cooing_code_interfaces/msg
[0.767s] -- Up-to-date: /home/delewlew/assessments/coursework1/src/install/cooing_code_interfaces/include/cooing_code_interfaces/cooing_code_interfaces/msg/detail
[0.767s] -- Up-to-date: /home/delewlew/assessments/coursework1/src/install/cooing_code_interfaces/include/cooing_code_interfaces/cooing_code_interfaces/msg/detail/task_space_pose__type_support.cpp
[0.767s] -- Up-to-date: /home/delewlew/assessments/coursework1/src/install/cooing_code_interfaces/include/cooing_code_interfaces/cooing_code_interfaces/msg/detail/task_space_pose__rosidl_typesupport_introspection_cpp.hpp
[0.767s] -- Up-to-date: /home/delewlew/assessments/coursework1/src/install/cooing_code_interfaces/include/cooing_code_interfaces/cooing_code_interfaces/msg/detail/wheel_velocities__type_support.cpp
[0.767s] -- Up-to-date: /home/delewlew/assessments/coursework1/src/install/cooing_code_interfaces/include/cooing_code_interfaces/cooing_code_interfaces/msg/detail/wheel_velocities__rosidl_typesupport_introspection_cpp.hpp
[0.767s] -- Up-to-date: /home/delewlew/assessments/coursework1/src/install/cooing_code_interfaces/include/cooing_code_interfaces/cooing_code_interfaces/srv
[0.767s] -- Up-to-date: /home/delewlew/assessments/coursework1/src/install/cooing_code_interfaces/include/cooing_code_interfaces/cooing_code_interfaces/srv/detail
[0.767s] -- Up-to-date: /home/delewlew/assessments/coursework1/src/install/cooing_code_interfaces/include/cooing_code_interfaces/cooing_code_interfaces/srv/detail/turn_robot_on__rosidl_typesupport_introspection_cpp.hpp
[0.767s] -- Up-to-date: /home/delewlew/assessments/coursework1/src/install/cooing_code_interfaces/include/cooing_code_interfaces/cooing_code_interfaces/srv/detail/turn_robot_on__type_support.cpp
[0.767s] -- Up-to-date: /home/delewlew/assessments/coursework1/src/install/cooing_code_interfaces/include/cooing_code_interfaces/cooing_code_interfaces/srv/detail/turn_robot_off__type_support.cpp
[0.767s] -- Up-to-date: /home/delewlew/assessments/coursework1/src/install/cooing_code_interfaces/include/cooing_code_interfaces/cooing_code_interfaces/srv/detail/turn_robot_off__rosidl_typesupport_introspection_cpp.hpp
[0.767s] -- Up-to-date: /home/delewlew/assessments/coursework1/src/install/cooing_code_interfaces/lib/libcooing_code_interfaces__rosidl_typesupport_introspection_cpp.so
[0.767s] -- Up-to-date: /home/delewlew/assessments/coursework1/src/install/cooing_code_interfaces/lib/libcooing_code_interfaces__rosidl_typesupport_cpp.so
[0.767s] -- Up-to-date: /home/delewlew/assessments/coursework1/src/install/cooing_code_interfaces/share/cooing_code_interfaces/environment/pythonpath.sh
[0.767s] -- Up-to-date: /home/delewlew/assessments/coursework1/src/install/cooing_code_interfaces/share/cooing_code_interfaces/environment/pythonpath.dsv
[0.767s] -- Up-to-date: /home/delewlew/assessments/coursework1/src/install/cooing_code_interfaces/local/lib/python3.10/dist-packages/cooing_code_interfaces-0.0.0-py3.10.egg-info
[0.767s] -- Installing: /home/delewlew/assessments/coursework1/src/install/cooing_code_interfaces/local/lib/python3.10/dist-packages/cooing_code_interfaces-0.0.0-py3.10.egg-info/PKG-INFO
[0.767s] -- Installing: /home/delewlew/assessments/coursework1/src/install/cooing_code_interfaces/local/lib/python3.10/dist-packages/cooing_code_interfaces-0.0.0-py3.10.egg-info/dependency_links.txt
[0.767s] -- Installing: /home/delewlew/assessments/coursework1/src/install/cooing_code_interfaces/local/lib/python3.10/dist-packages/cooing_code_interfaces-0.0.0-py3.10.egg-info/SOURCES.txt
[0.767s] -- Installing: /home/delewlew/assessments/coursework1/src/install/cooing_code_interfaces/local/lib/python3.10/dist-packages/cooing_code_interfaces-0.0.0-py3.10.egg-info/top_level.txt
[0.767s] -- Up-to-date: /home/delewlew/assessments/coursework1/src/install/cooing_code_interfaces/local/lib/python3.10/dist-packages/cooing_code_interfaces
[0.768s] -- Up-to-date: /home/delewlew/assessments/coursework1/src/install/cooing_code_interfaces/local/lib/python3.10/dist-packages/cooing_code_interfaces/libcooing_code_interfaces__rosidl_generator_py.so
[0.768s] -- Up-to-date: /home/delewlew/assessments/coursework1/src/install/cooing_code_interfaces/local/lib/python3.10/dist-packages/cooing_code_interfaces/cooing_code_interfaces_s__rosidl_typesupport_fastrtps_c.cpython-310-x86_64-linux-gnu.so
[0.768s] -- Up-to-date: /home/delewlew/assessments/coursework1/src/install/cooing_code_interfaces/local/lib/python3.10/dist-packages/cooing_code_interfaces/cooing_code_interfaces_s__rosidl_typesupport_c.cpython-310-x86_64-linux-gnu.so
[0.768s] -- Up-to-date: /home/delewlew/assessments/coursework1/src/install/cooing_code_interfaces/local/lib/python3.10/dist-packages/cooing_code_interfaces/cooing_code_interfaces_s__rosidl_typesupport_introspection_c.cpython-310-x86_64-linux-gnu.so
[0.768s] -- Up-to-date: /home/delewlew/assessments/coursework1/src/install/cooing_code_interfaces/local/lib/python3.10/dist-packages/cooing_code_interfaces/_cooing_code_interfaces_s.ep.rosidl_typesupport_c.c
[0.768s] -- Up-to-date: /home/delewlew/assessments/coursework1/src/install/cooing_code_interfaces/local/lib/python3.10/dist-packages/cooing_code_interfaces/_cooing_code_interfaces_s.ep.rosidl_typesupport_fastrtps_c.c
[0.768s] -- Up-to-date: /home/delewlew/assessments/coursework1/src/install/cooing_code_interfaces/local/lib/python3.10/dist-packages/cooing_code_interfaces/_cooing_code_interfaces_s.ep.rosidl_typesupport_introspection_c.c
[0.768s] -- Up-to-date: /home/delewlew/assessments/coursework1/src/install/cooing_code_interfaces/local/lib/python3.10/dist-packages/cooing_code_interfaces/msg
[0.768s] -- Up-to-date: /home/delewlew/assessments/coursework1/src/install/cooing_code_interfaces/local/lib/python3.10/dist-packages/cooing_code_interfaces/msg/_task_space_pose.py
[0.768s] -- Up-to-date: /home/delewlew/assessments/coursework1/src/install/cooing_code_interfaces/local/lib/python3.10/dist-packages/cooing_code_interfaces/msg/_wheel_velocities_s.c
[0.768s] -- Up-to-date: /home/delewlew/assessments/coursework1/src/install/cooing_code_interfaces/local/lib/python3.10/dist-packages/cooing_code_interfaces/msg/_task_space_pose_s.c
[0.768s] -- Up-to-date: /home/delewlew/assessments/coursework1/src/install/cooing_code_interfaces/local/lib/python3.10/dist-packages/cooing_code_interfaces/msg/_wheel_velocities.py
[0.768s] -- Up-to-date: /home/delewlew/assessments/coursework1/src/install/cooing_code_interfaces/local/lib/python3.10/dist-packages/cooing_code_interfaces/msg/__init__.py
[0.768s] -- Up-to-date: /home/delewlew/assessments/coursework1/src/install/cooing_code_interfaces/local/lib/python3.10/dist-packages/cooing_code_interfaces/srv
[0.768s] -- Up-to-date: /home/delewlew/assessments/coursework1/src/install/cooing_code_interfaces/local/lib/python3.10/dist-packages/cooing_code_interfaces/srv/_turn_robot_on.py
[0.768s] -- Up-to-date: /home/delewlew/assessments/coursework1/src/install/cooing_code_interfaces/local/lib/python3.10/dist-packages/cooing_code_interfaces/srv/_turn_robot_off.py
[0.768s] -- Up-to-date: /home/delewlew/assessments/coursework1/src/install/cooing_code_interfaces/local/lib/python3.10/dist-packages/cooing_code_interfaces/srv/_turn_robot_on_s.c
[0.768s] -- Up-to-date: /home/delewlew/assessments/coursework1/src/install/cooing_code_interfaces/local/lib/python3.10/dist-packages/cooing_code_interfaces/srv/_turn_robot_off_s.c
[0.768s] -- Up-to-date: /home/delewlew/assessments/coursework1/src/install/cooing_code_interfaces/local/lib/python3.10/dist-packages/cooing_code_interfaces/srv/__init__.py
[0.768s] -- Up-to-date: /home/delewlew/assessments/coursework1/src/install/cooing_code_interfaces/local/lib/python3.10/dist-packages/cooing_code_interfaces/__init__.py
[0.794s] Listing '/home/delewlew/assessments/coursework1/src/install/cooing_code_interfaces/local/lib/python3.10/dist-packages/cooing_code_interfaces'...
[0.794s] Listing '/home/delewlew/assessments/coursework1/src/install/cooing_code_interfaces/local/lib/python3.10/dist-packages/cooing_code_interfaces/msg'...
[0.794s] Listing '/home/delewlew/assessments/coursework1/src/install/cooing_code_interfaces/local/lib/python3.10/dist-packages/cooing_code_interfaces/srv'...
[0.797s] -- Up-to-date: /home/delewlew/assessments/coursework1/src/install/cooing_code_interfaces/local/lib/python3.10/dist-packages/cooing_code_interfaces/cooing_code_interfaces_s__rosidl_typesupport_fastrtps_c.cpython-310-x86_64-linux-gnu.so
[0.797s] -- Up-to-date: /home/delewlew/assessments/coursework1/src/install/cooing_code_interfaces/local/lib/python3.10/dist-packages/cooing_code_interfaces/cooing_code_interfaces_s__rosidl_typesupport_introspection_c.cpython-310-x86_64-linux-gnu.so
[0.797s] -- Up-to-date: /home/delewlew/assessments/coursework1/src/install/cooing_code_interfaces/local/lib/python3.10/dist-packages/cooing_code_interfaces/cooing_code_interfaces_s__rosidl_typesupport_c.cpython-310-x86_64-linux-gnu.so
[0.798s] -- Up-to-date: /home/delewlew/assessments/coursework1/src/install/cooing_code_interfaces/lib/libcooing_code_interfaces__rosidl_generator_py.so
[0.798s] -- Up-to-date: /home/delewlew/assessments/coursework1/src/install/cooing_code_interfaces/share/cooing_code_interfaces/msg/WheelVelocities.idl
[0.798s] -- Up-to-date: /home/delewlew/assessments/coursework1/src/install/cooing_code_interfaces/share/cooing_code_interfaces/msg/TaskSpacePose.idl
[0.798s] -- Up-to-date: /home/delewlew/assessments/coursework1/src/install/cooing_code_interfaces/share/cooing_code_interfaces/srv/TurnRobotOn.idl
[0.798s] -- Up-to-date: /home/delewlew/assessments/coursework1/src/install/cooing_code_interfaces/share/cooing_code_interfaces/srv/TurnRobotOff.idl
[0.798s] -- Up-to-date: /home/delewlew/assessments/coursework1/src/install/cooing_code_interfaces/share/cooing_code_interfaces/msg/WheelVelocities.msg
[0.798s] -- Up-to-date: /home/delewlew/assessments/coursework1/src/install/cooing_code_interfaces/share/cooing_code_interfaces/msg/TaskSpacePose.msg
[0.799s] -- Up-to-date: /home/delewlew/assessments/coursework1/src/install/cooing_code_interfaces/share/cooing_code_interfaces/srv/TurnRobotOn.srv
[0.799s] -- Up-to-date: /home/delewlew/assessments/coursework1/src/install/cooing_code_interfaces/share/cooing_code_interfaces/srv/TurnRobotOn_Request.msg
[0.799s] -- Up-to-date: /home/delewlew/assessments/coursework1/src/install/cooing_code_interfaces/share/cooing_code_interfaces/srv/TurnRobotOn_Response.msg
[0.799s] -- Up-to-date: /home/delewlew/assessments/coursework1/src/install/cooing_code_interfaces/share/cooing_code_interfaces/srv/TurnRobotOff.srv
[0.799s] -- Up-to-date: /home/delewlew/assessments/coursework1/src/install/cooing_code_interfaces/share/cooing_code_interfaces/srv/TurnRobotOff_Request.msg
[0.799s] -- Up-to-date: /home/delewlew/assessments/coursework1/src/install/cooing_code_interfaces/share/cooing_code_interfaces/srv/TurnRobotOff_Response.msg
[0.799s] -- Up-to-date: /home/delewlew/assessments/coursework1/src/install/cooing_code_interfaces/share/ament_index/resource_index/package_run_dependencies/cooing_code_interfaces
[0.799s] -- Up-to-date: /home/delewlew/assessments/coursework1/src/install/cooing_code_interfaces/share/ament_index/resource_index/parent_prefix_path/cooing_code_interfaces
[0.799s] -- Up-to-date: /home/delewlew/assessments/coursework1/src/install/cooing_code_interfaces/share/cooing_code_interfaces/environment/ament_prefix_path.sh
[0.799s] -- Up-to-date: /home/delewlew/assessments/coursework1/src/install/cooing_code_interfaces/share/cooing_code_interfaces/environment/ament_prefix_path.dsv
[0.799s] -- Up-to-date: /home/delewlew/assessments/coursework1/src/install/cooing_code_interfaces/share/cooing_code_interfaces/environment/path.sh
[0.799s] -- Up-to-date: /home/delewlew/assessments/coursework1/src/install/cooing_code_interfaces/share/cooing_code_interfaces/environment/path.dsv
[0.799s] -- Up-to-date: /home/delewlew/assessments/coursework1/src/install/cooing_code_interfaces/share/cooing_code_interfaces/local_setup.bash
[0.800s] -- Up-to-date: /home/delewlew/assessments/coursework1/src/install/cooing_code_interfaces/share/cooing_code_interfaces/local_setup.sh
[0.800s] -- Up-to-date: /home/delewlew/assessments/coursework1/src/install/cooing_code_interfaces/share/cooing_code_interfaces/local_setup.zsh
[0.800s] -- Up-to-date: /home/delewlew/assessments/coursework1/src/install/cooing_code_interfaces/share/cooing_code_interfaces/local_setup.dsv
[0.800s] -- Installing: /home/delewlew/assessments/coursework1/src/install/cooing_code_interfaces/share/cooing_code_interfaces/package.dsv
[0.800s] -- Up-to-date: /home/delewlew/assessments/coursework1/src/install/cooing_code_interfaces/share/ament_index/resource_index/packages/cooing_code_interfaces
[0.800s] -- Up-to-date: /home/delewlew/assessments/coursework1/src/install/cooing_code_interfaces/share/cooing_code_interfaces/cmake/export_cooing_code_interfaces__rosidl_generator_cExport.cmake
[0.800s] -- Up-to-date: /home/delewlew/assessments/coursework1/src/install/cooing_code_interfaces/share/cooing_code_interfaces/cmake/export_cooing_code_interfaces__rosidl_generator_cExport-noconfig.cmake
[0.800s] -- Up-to-date: /home/delewlew/assessments/coursework1/src/install/cooing_code_interfaces/share/cooing_code_interfaces/cmake/export_cooing_code_interfaces__rosidl_typesupport_fastrtps_cExport.cmake
[0.800s] -- Up-to-date: /home/delewlew/assessments/coursework1/src/install/cooing_code_interfaces/share/cooing_code_interfaces/cmake/export_cooing_code_interfaces__rosidl_typesupport_fastrtps_cExport-noconfig.cmake
[0.800s] -- Up-to-date: /home/delewlew/assessments/coursework1/src/install/cooing_code_interfaces/share/cooing_code_interfaces/cmake/cooing_code_interfaces__rosidl_typesupport_introspection_cExport.cmake
[0.801s] -- Up-to-date: /home/delewlew/assessments/coursework1/src/install/cooing_code_interfaces/share/cooing_code_interfaces/cmake/cooing_code_interfaces__rosidl_typesupport_introspection_cExport-noconfig.cmake
[0.801s] -- Up-to-date: /home/delewlew/assessments/coursework1/src/install/cooing_code_interfaces/share/cooing_code_interfaces/cmake/cooing_code_interfaces__rosidl_typesupport_cExport.cmake
[0.801s] -- Up-to-date: /home/delewlew/assessments/coursework1/src/install/cooing_code_interfaces/share/cooing_code_interfaces/cmake/cooing_code_interfaces__rosidl_typesupport_cExport-noconfig.cmake
[0.801s] -- Up-to-date: /home/delewlew/assessments/coursework1/src/install/cooing_code_interfaces/share/cooing_code_interfaces/cmake/export_cooing_code_interfaces__rosidl_generator_cppExport.cmake
[0.801s] -- Up-to-date: /home/delewlew/assessments/coursework1/src/install/cooing_code_interfaces/share/cooing_code_interfaces/cmake/export_cooing_code_interfaces__rosidl_typesupport_fastrtps_cppExport.cmake
[0.801s] -- Up-to-date: /home/delewlew/assessments/coursework1/src/install/cooing_code_interfaces/share/cooing_code_interfaces/cmake/export_cooing_code_interfaces__rosidl_typesupport_fastrtps_cppExport-noconfig.cmake
[0.801s] -- Up-to-date: /home/delewlew/assessments/coursework1/src/install/cooing_code_interfaces/share/cooing_code_interfaces/cmake/cooing_code_interfaces__rosidl_typesupport_introspection_cppExport.cmake
[0.801s] -- Up-to-date: /home/delewlew/assessments/coursework1/src/install/cooing_code_interfaces/share/cooing_code_interfaces/cmake/cooing_code_interfaces__rosidl_typesupport_introspection_cppExport-noconfig.cmake
[0.801s] -- Up-to-date: /home/delewlew/assessments/coursework1/src/install/cooing_code_interfaces/share/cooing_code_interfaces/cmake/cooing_code_interfaces__rosidl_typesupport_cppExport.cmake
[0.801s] -- Up-to-date: /home/delewlew/assessments/coursework1/src/install/cooing_code_interfaces/share/cooing_code_interfaces/cmake/cooing_code_interfaces__rosidl_typesupport_cppExport-noconfig.cmake
[0.801s] -- Up-to-date: /home/delewlew/assessments/coursework1/src/install/cooing_code_interfaces/share/cooing_code_interfaces/cmake/export_cooing_code_interfaces__rosidl_generator_pyExport.cmake
[0.801s] -- Up-to-date: /home/delewlew/assessments/coursework1/src/install/cooing_code_interfaces/share/cooing_code_interfaces/cmake/export_cooing_code_interfaces__rosidl_generator_pyExport-noconfig.cmake
[0.802s] -- Up-to-date: /home/delewlew/assessments/coursework1/src/install/cooing_code_interfaces/share/cooing_code_interfaces/cmake/rosidl_cmake-extras.cmake
[0.802s] -- Up-to-date: /home/delewlew/assessments/coursework1/src/install/cooing_code_interfaces/share/cooing_code_interfaces/cmake/ament_cmake_export_include_directories-extras.cmake
[0.802s] -- Up-to-date: /home/delewlew/assessments/coursework1/src/install/cooing_code_interfaces/share/cooing_code_interfaces/cmake/ament_cmake_export_libraries-extras.cmake
[0.802s] -- Up-to-date: /home/delewlew/assessments/coursework1/src/install/cooing_code_interfaces/share/cooing_code_interfaces/cmake/ament_cmake_export_targets-extras.cmake
[0.802s] -- Up-to-date: /home/delewlew/assessments/coursework1/src/install/cooing_code_interfaces/share/cooing_code_interfaces/cmake/rosidl_cmake_export_typesupport_targets-extras.cmake
[0.802s] -- Up-to-date: /home/delewlew/assessments/coursework1/src/install/cooing_code_interfaces/share/cooing_code_interfaces/cmake/ament_cmake_export_dependencies-extras.cmake
[0.802s] -- Up-to-date: /home/delewlew/assessments/coursework1/src/install/cooing_code_interfaces/share/cooing_code_interfaces/cmake/rosidl_cmake_export_typesupport_libraries-extras.cmake
[0.802s] -- Up-to-date: /home/delewlew/assessments/coursework1/src/install/cooing_code_interfaces/share/cooing_code_interfaces/cmake/cooing_code_interfacesConfig.cmake
[0.802s] -- Up-to-date: /home/delewlew/assessments/coursework1/src/install/cooing_code_interfaces/share/cooing_code_interfaces/cmake/cooing_code_interfacesConfig-version.cmake
[0.802s] -- Up-to-date: /home/delewlew/assessments/coursework1/src/install/cooing_code_interfaces/share/cooing_code_interfaces/package.xml
[0.804s] Invoked command in '/home/delewlew/assessments/coursework1/src/build/cooing_code_interfaces' returned '0': CMAKE_PREFIX_PATH=${CMAKE_PREFIX_PATH}:/home/delewlew/assessments/coursework1/src/install/cooing_code_pkg:/opt/ros/humble /usr/bin/cmake --install /home/delewlew/assessments/coursework1/src/build/cooing_code_interfaces
