[0.344s] DEBUG:colcon:Command line arguments: ['/usr/bin/colcon', 'list', '-p', '--base-paths', '/home/delewlew/assessments/coursework1']
[0.344s] DEBUG:colcon:Parsed command line arguments: Namespace(log_base=None, log_level=None, verb_name='list', build_base='build', ignore_user_meta=False, metas=['./colcon.meta'], base_paths=['/home/delewlew/assessments/coursework1'], packages_ignore=None, packages_ignore_regex=None, paths=None, packages_up_to=None, packages_up_to_regex=None, packages_above=None, packages_above_and_dependencies=None, packages_above_depth=None, packages_select_by_dep=None, packages_skip_by_dep=None, packages_skip_up_to=None, packages_select_build_failed=False, packages_skip_build_finished=False, packages_select_test_failures=False, packages_skip_test_passed=False, packages_select=None, packages_skip=None, packages_select_regex=None, packages_skip_regex=None, packages_start=None, packages_end=None, allow_overriding=[], topological_order=False, names_only=False, paths_only=True, topological_graph=False, topological_graph_dot=False, topological_graph_density=False, topological_graph_legend=False, topological_graph_dot_cluster=False, topological_graph_dot_include_skipped=False, mixin_files=None, mixin=None, verb_parser=<colcon_mixin.mixin.mixin_argument.MixinArgumentDecorator object at 0x7c3521752770>, verb_extension=<colcon_package_information.verb.list.ListVerb object at 0x7c35217517e0>, main=<bound method ListVerb.main of <colcon_package_information.verb.list.ListVerb object at 0x7c35217517e0>>, mixin_verb=('list',))
[0.668s] Level 1:colcon.colcon_core.package_discovery:discover_packages(colcon_meta) check parameters
[0.669s] Level 1:colcon.colcon_core.package_discovery:discover_packages(recursive) check parameters
[0.669s] Level 1:colcon.colcon_core.package_discovery:discover_packages(ignore) check parameters
[0.669s] Level 1:colcon.colcon_core.package_discovery:discover_packages(path) check parameters
[0.669s] Level 1:colcon.colcon_core.package_discovery:discover_packages(recursive) discover
[0.669s] INFO:colcon.colcon_core.package_discovery:Crawling recursively for packages in '/home/delewlew/assessments/coursework1'
[0.669s] Level 1:colcon.colcon_core.package_identification:_identify(/home/delewlew/assessments/coursework1) by extensions ['ignore', 'ignore_ament_install']
[0.670s] Level 1:colcon.colcon_core.package_identification:_identify(/home/delewlew/assessments/coursework1) by extension 'ignore'
[0.670s] Level 1:colcon.colcon_core.package_identification:_identify(/home/delewlew/assessments/coursework1) by extension 'ignore_ament_install'
[0.670s] Level 1:colcon.colcon_core.package_identification:_identify(/home/delewlew/assessments/coursework1) by extensions ['colcon_pkg']
[0.670s] Level 1:colcon.colcon_core.package_identification:_identify(/home/delewlew/assessments/coursework1) by extension 'colcon_pkg'
[0.670s] Level 1:colcon.colcon_core.package_identification:_identify(/home/delewlew/assessments/coursework1) by extensions ['colcon_meta']
[0.670s] Level 1:colcon.colcon_core.package_identification:_identify(/home/delewlew/assessments/coursework1) by extension 'colcon_meta'
[0.670s] Level 1:colcon.colcon_core.package_identification:_identify(/home/delewlew/assessments/coursework1) by extensions ['ros']
[0.670s] Level 1:colcon.colcon_core.package_identification:_identify(/home/delewlew/assessments/coursework1) by extension 'ros'
[0.696s] Level 1:colcon.colcon_core.package_identification:_identify(/home/delewlew/assessments/coursework1) by extensions ['cmake', 'python']
[0.696s] Level 1:colcon.colcon_core.package_identification:_identify(/home/delewlew/assessments/coursework1) by extension 'cmake'
[0.696s] Level 1:colcon.colcon_core.package_identification:_identify(/home/delewlew/assessments/coursework1) by extension 'python'
[0.697s] Level 1:colcon.colcon_core.package_identification:_identify(/home/delewlew/assessments/coursework1) by extensions ['python_setup_py']
[0.697s] Level 1:colcon.colcon_core.package_identification:_identify(/home/delewlew/assessments/coursework1) by extension 'python_setup_py'
[0.697s] Level 1:colcon.colcon_core.package_identification:_identify(/home/delewlew/assessments/coursework1/log) by extensions ['ignore', 'ignore_ament_install']
[0.698s] Level 1:colcon.colcon_core.package_identification:_identify(/home/delewlew/assessments/coursework1/log) by extension 'ignore'
[0.698s] Level 1:colcon.colcon_core.package_identification:_identify(/home/delewlew/assessments/coursework1/log) ignored
[0.698s] Level 1:colcon.colcon_core.package_identification:_identify(/home/delewlew/assessments/coursework1/src) by extensions ['ignore', 'ignore_ament_install']
[0.699s] Level 1:colcon.colcon_core.package_identification:_identify(/home/delewlew/assessments/coursework1/src) by extension 'ignore'
[0.699s] Level 1:colcon.colcon_core.package_identification:_identify(/home/delewlew/assessments/coursework1/src) by extension 'ignore_ament_install'
[0.699s] Level 1:colcon.colcon_core.package_identification:_identify(/home/delewlew/assessments/coursework1/src) by extensions ['colcon_pkg']
[0.699s] Level 1:colcon.colcon_core.package_identification:_identify(/home/delewlew/assessments/coursework1/src) by extension 'colcon_pkg'
[0.699s] Level 1:colcon.colcon_core.package_identification:_identify(/home/delewlew/assessments/coursework1/src) by extensions ['colcon_meta']
[0.699s] Level 1:colcon.colcon_core.package_identification:_identify(/home/delewlew/assessments/coursework1/src) by extension 'colcon_meta'
[0.700s] Level 1:colcon.colcon_core.package_identification:_identify(/home/delewlew/assessments/coursework1/src) by extensions ['ros']
[0.700s] Level 1:colcon.colcon_core.package_identification:_identify(/home/delewlew/assessments/coursework1/src) by extension 'ros'
[0.700s] Level 1:colcon.colcon_core.package_identification:_identify(/home/delewlew/assessments/coursework1/src) by extensions ['cmake', 'python']
[0.700s] Level 1:colcon.colcon_core.package_identification:_identify(/home/delewlew/assessments/coursework1/src) by extension 'cmake'
[0.700s] Level 1:colcon.colcon_core.package_identification:_identify(/home/delewlew/assessments/coursework1/src) by extension 'python'
[0.700s] Level 1:colcon.colcon_core.package_identification:_identify(/home/delewlew/assessments/coursework1/src) by extensions ['python_setup_py']
[0.700s] Level 1:colcon.colcon_core.package_identification:_identify(/home/delewlew/assessments/coursework1/src) by extension 'python_setup_py'
[0.701s] Level 1:colcon.colcon_core.package_identification:_identify(/home/delewlew/assessments/coursework1/src/cooing_code_interfaces) by extensions ['ignore', 'ignore_ament_install']
[0.701s] Level 1:colcon.colcon_core.package_identification:_identify(/home/delewlew/assessments/coursework1/src/cooing_code_interfaces) by extension 'ignore'
[0.701s] Level 1:colcon.colcon_core.package_identification:_identify(/home/delewlew/assessments/coursework1/src/cooing_code_interfaces) by extension 'ignore_ament_install'
[0.701s] Level 1:colcon.colcon_core.package_identification:_identify(/home/delewlew/assessments/coursework1/src/cooing_code_interfaces) by extensions ['colcon_pkg']
[0.701s] Level 1:colcon.colcon_core.package_identification:_identify(/home/delewlew/assessments/coursework1/src/cooing_code_interfaces) by extension 'colcon_pkg'
[0.701s] Level 1:colcon.colcon_core.package_identification:_identify(/home/delewlew/assessments/coursework1/src/cooing_code_interfaces) by extensions ['colcon_meta']
[0.701s] Level 1:colcon.colcon_core.package_identification:_identify(/home/delewlew/assessments/coursework1/src/cooing_code_interfaces) by extension 'colcon_meta'
[0.702s] Level 1:colcon.colcon_core.package_identification:_identify(/home/delewlew/assessments/coursework1/src/cooing_code_interfaces) by extensions ['ros']
[0.702s] Level 1:colcon.colcon_core.package_identification:_identify(/home/delewlew/assessments/coursework1/src/cooing_code_interfaces) by extension 'ros'
[0.709s] DEBUG:colcon.colcon_core.package_identification:Package '/home/delewlew/assessments/coursework1/src/cooing_code_interfaces' with type 'ros.ament_cmake' and name 'cooing_code_interfaces'
[0.709s] Level 1:colcon.colcon_core.package_discovery:discover_packages(recursive) using defaults
