running egg_info
creating ../../build/navigation_demos/navigation_demos.egg-info
writing ../../build/navigation_demos/navigation_demos.egg-info/PKG-INFO
writing dependency_links to ../../build/navigation_demos/navigation_demos.egg-info/dependency_links.txt
writing entry points to ../../build/navigation_demos/navigation_demos.egg-info/entry_points.txt
writing requirements to ../../build/navigation_demos/navigation_demos.egg-info/requires.txt
writing top-level names to ../../build/navigation_demos/navigation_demos.egg-info/top_level.txt
writing manifest file '../../build/navigation_demos/navigation_demos.egg-info/SOURCES.txt'
reading manifest file '../../build/navigation_demos/navigation_demos.egg-info/SOURCES.txt'
writing manifest file '../../build/navigation_demos/navigation_demos.egg-info/SOURCES.txt'
running build
running build_py
creating /home/delewlew/software_for_robotics_part2/build/navigation_demos/build
creating /home/delewlew/software_for_robotics_part2/build/navigation_demos/build/lib
creating /home/delewlew/software_for_robotics_part2/build/navigation_demos/build/lib/navigation_demos
copying navigation_demos/__init__.py -> /home/delewlew/software_for_robotics_part2/build/navigation_demos/build/lib/navigation_demos
running install
running install_lib
creating /home/delewlew/software_for_robotics_part2/install/navigation_demos/lib/python3.10/site-packages/navigation_demos
copying /home/delewlew/software_for_robotics_part2/build/navigation_demos/build/lib/navigation_demos/__init__.py -> /home/delewlew/software_for_robotics_part2/install/navigation_demos/lib/python3.10/site-packages/navigation_demos
byte-compiling /home/delewlew/software_for_robotics_part2/install/navigation_demos/lib/python3.10/site-packages/navigation_demos/__init__.py to __init__.cpython-310.pyc
running install_data
creating /home/delewlew/software_for_robotics_part2/install/navigation_demos/share/ament_index
creating /home/delewlew/software_for_robotics_part2/install/navigation_demos/share/ament_index/resource_index
creating /home/delewlew/software_for_robotics_part2/install/navigation_demos/share/ament_index/resource_index/packages
copying resource/navigation_demos -> /home/delewlew/software_for_robotics_part2/install/navigation_demos/share/ament_index/resource_index/packages
copying package.xml -> /home/delewlew/software_for_robotics_part2/install/navigation_demos/share/navigation_demos
creating /home/delewlew/software_for_robotics_part2/install/navigation_demos/share/navigation_demos/launch
copying launch/nav_demo.launch.py -> /home/delewlew/software_for_robotics_part2/install/navigation_demos/share/navigation_demos/launch
creating /home/delewlew/software_for_robotics_part2/install/navigation_demos/share/navigation_demos/config
copying config/bt_nav.yaml -> /home/delewlew/software_for_robotics_part2/install/navigation_demos/share/navigation_demos/config
copying config/controller.yaml -> /home/delewlew/software_for_robotics_part2/install/navigation_demos/share/navigation_demos/config
copying config/planner.yaml -> /home/delewlew/software_for_robotics_part2/install/navigation_demos/share/navigation_demos/config
running install_egg_info
Copying ../../build/navigation_demos/navigation_demos.egg-info to /home/delewlew/software_for_robotics_part2/install/navigation_demos/lib/python3.10/site-packages/navigation_demos-0.0.0-py3.10.egg-info
running install_scripts
writing list of installed files to '/home/delewlew/software_for_robotics_part2/build/navigation_demos/install.log'
