[0.811s] Invoking command in '/home/delewlew/ros2_tutorial_workspace/src/custom_publisher_package': PYTHONPATH=/home/delewlew/ros2_tutorial_workspace/build/custom_publisher_package/prefix_override:/usr/lib/python3/dist-packages/colcon_core/task/python/colcon_distutils_commands:/home/delewlew/ros2_tutorial_workspace/install/custom_publisher_package/lib/python3.10/site-packages:${PYTHONPATH} /usr/bin/python3 -W ignore:setup.py install is deprecated setup.py egg_info --egg-base ../../build/custom_publisher_package build --build-base /home/delewlew/ros2_tutorial_workspace/build/custom_publisher_package/build install --record /home/delewlew/ros2_tutorial_workspace/build/custom_publisher_package/install.log --single-version-externally-managed install_data
[1.115s] running egg_info
[1.117s] writing ../../build/custom_publisher_package/custom_publisher_package.egg-info/PKG-INFO
[1.117s] writing dependency_links to ../../build/custom_publisher_package/custom_publisher_package.egg-info/dependency_links.txt
[1.118s] writing entry points to ../../build/custom_publisher_package/custom_publisher_package.egg-info/entry_points.txt
[1.118s] writing requirements to ../../build/custom_publisher_package/custom_publisher_package.egg-info/requires.txt
[1.118s] writing top-level names to ../../build/custom_publisher_package/custom_publisher_package.egg-info/top_level.txt
[1.120s] reading manifest file '../../build/custom_publisher_package/custom_publisher_package.egg-info/SOURCES.txt'
[1.121s] writing manifest file '../../build/custom_publisher_package/custom_publisher_package.egg-info/SOURCES.txt'
[1.121s] running build
[1.121s] running build_py
[1.121s] copying custom_publisher_package/custom_publisher_node.py -> /home/delewlew/ros2_tutorial_workspace/build/custom_publisher_package/build/lib/custom_publisher_package
[1.122s] running install
[1.122s] running install_lib
[1.123s] copying /home/delewlew/ros2_tutorial_workspace/build/custom_publisher_package/build/lib/custom_publisher_package/custom_publisher_node.py -> /home/delewlew/ros2_tutorial_workspace/install/custom_publisher_package/lib/python3.10/site-packages/custom_publisher_package
[1.123s] byte-compiling /home/delewlew/ros2_tutorial_workspace/install/custom_publisher_package/lib/python3.10/site-packages/custom_publisher_package/custom_publisher_node.py to custom_publisher_node.cpython-310.pyc
[1.123s] running install_data
[1.124s]   File "/home/delewlew/ros2_tutorial_workspace/install/custom_publisher_package/lib/python3.10/site-packages/custom_publisher_package/custom_publisher_node.py", line 1
[1.124s]     import String from example_interfaces.msg
[1.124s]                   ^^^^
[1.124s] SyntaxError: invalid syntax
[1.124s] 
[1.124s] running install_egg_info
[1.126s] removing '/home/delewlew/ros2_tutorial_workspace/install/custom_publisher_package/lib/python3.10/site-packages/custom_publisher_package-0.0.0-py3.10.egg-info' (and everything under it)
[1.126s] Copying ../../build/custom_publisher_package/custom_publisher_package.egg-info to /home/delewlew/ros2_tutorial_workspace/install/custom_publisher_package/lib/python3.10/site-packages/custom_publisher_package-0.0.0-py3.10.egg-info
[1.127s] running install_scripts
[1.154s] Installing custom_publisher_node script to /home/delewlew/ros2_tutorial_workspace/install/custom_publisher_package/lib/custom_publisher_package
[1.154s] writing list of installed files to '/home/delewlew/ros2_tutorial_workspace/build/custom_publisher_package/install.log'
[1.493s] Invoked command in '/home/delewlew/ros2_tutorial_workspace/src/custom_publisher_package' returned '0': PYTHONPATH=/home/delewlew/ros2_tutorial_workspace/build/custom_publisher_package/prefix_override:/usr/lib/python3/dist-packages/colcon_core/task/python/colcon_distutils_commands:/home/delewlew/ros2_tutorial_workspace/install/custom_publisher_package/lib/python3.10/site-packages:${PYTHONPATH} /usr/bin/python3 -W ignore:setup.py install is deprecated setup.py egg_info --egg-base ../../build/custom_publisher_package build --build-base /home/delewlew/ros2_tutorial_workspace/build/custom_publisher_package/build install --record /home/delewlew/ros2_tutorial_workspace/build/custom_publisher_package/install.log --single-version-externally-managed install_data
