[2.418s] Invoking command in '/home/delewlew/ros2_tutorial_workspace_2/src/python_package_that_uses_the_messages': PYTHONPATH=/home/delewlew/ros2_tutorial_workspace_2/src/build/python_package_that_uses_the_messages/prefix_override:/usr/lib/python3/dist-packages/colcon_core/task/python/colcon_distutils_commands:/home/delewlew/ros2_tutorial_workspace_2/src/install/python_package_that_uses_the_messages/lib/python3.10/site-packages:${PYTHONPATH} /usr/bin/python3 -W ignore:setup.py install is deprecated setup.py egg_info --egg-base ../build/python_package_that_uses_the_messages build --build-base /home/delewlew/ros2_tutorial_workspace_2/src/build/python_package_that_uses_the_messages/build install --record /home/delewlew/ros2_tutorial_workspace_2/src/build/python_package_that_uses_the_messages/install.log --single-version-externally-managed install_data
[2.807s] running egg_info
[2.808s] writing ../build/python_package_that_uses_the_messages/python_package_that_uses_the_messages.egg-info/PKG-INFO
[2.809s] writing dependency_links to ../build/python_package_that_uses_the_messages/python_package_that_uses_the_messages.egg-info/dependency_links.txt
[2.809s] writing entry points to ../build/python_package_that_uses_the_messages/python_package_that_uses_the_messages.egg-info/entry_points.txt
[2.809s] writing requirements to ../build/python_package_that_uses_the_messages/python_package_that_uses_the_messages.egg-info/requires.txt
[2.809s] writing top-level names to ../build/python_package_that_uses_the_messages/python_package_that_uses_the_messages.egg-info/top_level.txt
[2.811s] reading manifest file '../build/python_package_that_uses_the_messages/python_package_that_uses_the_messages.egg-info/SOURCES.txt'
[2.813s] writing manifest file '../build/python_package_that_uses_the_messages/python_package_that_uses_the_messages.egg-info/SOURCES.txt'
[2.813s] running build
[2.813s] running build_py
[2.813s] running install
[2.814s] running install_lib
[2.816s] running install_data
[2.816s] running install_egg_info
[2.818s] removing '/home/delewlew/ros2_tutorial_workspace_2/src/install/python_package_that_uses_the_messages/lib/python3.10/site-packages/python_package_that_uses_the_messages-0.0.0-py3.10.egg-info' (and everything under it)
[2.818s] Copying ../build/python_package_that_uses_the_messages/python_package_that_uses_the_messages.egg-info to /home/delewlew/ros2_tutorial_workspace_2/src/install/python_package_that_uses_the_messages/lib/python3.10/site-packages/python_package_that_uses_the_messages-0.0.0-py3.10.egg-info
[2.819s] running install_scripts
[2.854s] Installing amazing_quote_publisher_node script to /home/delewlew/ros2_tutorial_workspace_2/src/install/python_package_that_uses_the_messages/lib/python_package_that_uses_the_messages
[2.854s] Installing amazing_quote_subscriber_node script to /home/delewlew/ros2_tutorial_workspace_2/src/install/python_package_that_uses_the_messages/lib/python_package_that_uses_the_messages
[2.855s] writing list of installed files to '/home/delewlew/ros2_tutorial_workspace_2/src/build/python_package_that_uses_the_messages/install.log'
[2.889s] Invoked command in '/home/delewlew/ros2_tutorial_workspace_2/src/python_package_that_uses_the_messages' returned '0': PYTHONPATH=/home/delewlew/ros2_tutorial_workspace_2/src/build/python_package_that_uses_the_messages/prefix_override:/usr/lib/python3/dist-packages/colcon_core/task/python/colcon_distutils_commands:/home/delewlew/ros2_tutorial_workspace_2/src/install/python_package_that_uses_the_messages/lib/python3.10/site-packages:${PYTHONPATH} /usr/bin/python3 -W ignore:setup.py install is deprecated setup.py egg_info --egg-base ../build/python_package_that_uses_the_messages build --build-base /home/delewlew/ros2_tutorial_workspace_2/src/build/python_package_that_uses_the_messages/build install --record /home/delewlew/ros2_tutorial_workspace_2/src/build/python_package_that_uses_the_messages/install.log --single-version-externally-managed install_data
