[35m[1mConsolidate compiler generated dependencies of target package_with_interfaces__rosidl_generator_c[0m
[  2%] Built target package_with_interfaces__cpp
[ 12%] Built target package_with_interfaces__rosidl_generator_c
[ 12%] Built target ament_cmake_python_copy_package_with_interfaces
[35m[1mConsolidate compiler generated dependencies of target package_with_interfaces__rosidl_typesupport_introspection_cpp[0m
[35m[1mConsolidate compiler generated dependencies of target package_with_interfaces__rosidl_typesupport_cpp[0m
[35m[1mConsolidate compiler generated dependencies of target package_with_interfaces__rosidl_typesupport_fastrtps_cpp[0m
[35m[1mConsolidate compiler generated dependencies of target package_with_interfaces__rosidl_typesupport_c[0m
[35m[1mConsolidate compiler generated dependencies of target package_with_interfaces__rosidl_typesupport_introspection_c[0m
[35m[1mConsolidate compiler generated dependencies of target package_with_interfaces__rosidl_typesupport_fastrtps_c[0m
[ 23%] Built target package_with_interfaces__rosidl_typesupport_c
[ 33%] Built target package_with_interfaces__rosidl_typesupport_fastrtps_cpp
[ 43%] Built target package_with_interfaces__rosidl_typesupport_introspection_cpp
[ 53%] Built target package_with_interfaces__rosidl_typesupport_cpp
[ 64%] Built target package_with_interfaces__rosidl_typesupport_fastrtps_c
[ 74%] Built target package_with_interfaces__rosidl_typesupport_introspection_c
[ 74%] Built target package_with_interfaces
[ 76%] Built target package_with_interfaces__py
[35m[1mConsolidate compiler generated dependencies of target package_with_interfaces__rosidl_generator_py[0m
[ 84%] Built target package_with_interfaces__rosidl_generator_py
[35m[1mConsolidate compiler generated dependencies of target package_with_interfaces__rosidl_typesupport_introspection_c__pyext[0m
[35m[1mConsolidate compiler generated dependencies of target package_with_interfaces__rosidl_typesupport_c__pyext[0m
[35m[1mConsolidate compiler generated dependencies of target package_with_interfaces__rosidl_typesupport_fastrtps_c__pyext[0m
[ 89%] Built target package_with_interfaces__rosidl_typesupport_introspection_c__pyext
[ 94%] Built target package_with_interfaces__rosidl_typesupport_c__pyext
[100%] Built target package_with_interfaces__rosidl_typesupport_fastrtps_c__pyext
running egg_info
writing package_with_interfaces.egg-info/PKG-INFO
writing dependency_links to package_with_interfaces.egg-info/dependency_links.txt
writing top-level names to package_with_interfaces.egg-info/top_level.txt
reading manifest file 'package_with_interfaces.egg-info/SOURCES.txt'
writing manifest file 'package_with_interfaces.egg-info/SOURCES.txt'
[100%] Built target ament_cmake_python_build_package_with_interfaces_egg
