[0.257s] DEBUG:colcon:Command line arguments: ['/usr/bin/colcon', 'build']
[0.257s] DEBUG:colcon:Parsed command line arguments: Namespace(log_base=None, log_level=None, verb_name='build', build_base='build', install_base='install', merge_install=False, symlink_install=False, test_result_base=None, continue_on_error=False, executor='parallel', parallel_workers=9, event_handlers=None, ignore_user_meta=False, metas=['./colcon.meta'], base_paths=['.'], packages_ignore=None, packages_ignore_regex=None, paths=None, packages_up_to=None, packages_up_to_regex=None, packages_above=None, packages_above_and_dependencies=None, packages_above_depth=None, packages_select_by_dep=None, packages_skip_by_dep=None, packages_skip_up_to=None, packages_select_build_failed=False, packages_skip_build_finished=False, packages_select_test_failures=False, packages_skip_test_passed=False, packages_select=None, packages_skip=None, packages_select_regex=None, packages_skip_regex=None, packages_start=None, packages_end=None, allow_overriding=[], cmake_args=None, cmake_target=None, cmake_target_skip_unavailable=False, cmake_clean_cache=False, cmake_clean_first=False, cmake_force_configure=False, ament_cmake_args=None, catkin_cmake_args=None, catkin_skip_building_tests=False, mixin_files=None, mixin=None, verb_parser=<colcon_mixin.mixin.mixin_argument.MixinArgumentDecorator object at 0x79db21f39db0>, verb_extension=<colcon_core.verb.build.BuildVerb object at 0x79db2206e440>, main=<bound method BuildVerb.main of <colcon_core.verb.build.BuildVerb object at 0x79db2206e440>>, mixin_verb=('build',))
[0.830s] Level 1:colcon.colcon_core.package_discovery:discover_packages(colcon_meta) check parameters
[0.831s] Level 1:colcon.colcon_core.package_discovery:discover_packages(recursive) check parameters
[0.831s] Level 1:colcon.colcon_core.package_discovery:discover_packages(ignore) check parameters
[0.831s] Level 1:colcon.colcon_core.package_discovery:discover_packages(path) check parameters
[0.831s] Level 1:colcon.colcon_core.package_discovery:discover_packages(colcon_meta) discover
[0.831s] Level 1:colcon.colcon_core.package_discovery:discover_packages(recursive) discover
[0.832s] INFO:colcon.colcon_core.package_discovery:Crawling recursively for packages in '/home/delewlew/software_for_robotics_part2'
[0.832s] Level 1:colcon.colcon_core.package_identification:_identify(.) by extensions ['ignore', 'ignore_ament_install']
[0.833s] Level 1:colcon.colcon_core.package_identification:_identify(.) by extension 'ignore'
[0.833s] Level 1:colcon.colcon_core.package_identification:_identify(.) by extension 'ignore_ament_install'
[0.833s] Level 1:colcon.colcon_core.package_identification:_identify(.) by extensions ['colcon_pkg']
[0.833s] Level 1:colcon.colcon_core.package_identification:_identify(.) by extension 'colcon_pkg'
[0.833s] Level 1:colcon.colcon_core.package_identification:_identify(.) by extensions ['colcon_meta']
[0.834s] Level 1:colcon.colcon_core.package_identification:_identify(.) by extension 'colcon_meta'
[0.834s] Level 1:colcon.colcon_core.package_identification:_identify(.) by extensions ['ros']
[0.834s] Level 1:colcon.colcon_core.package_identification:_identify(.) by extension 'ros'
[0.898s] Level 1:colcon.colcon_core.package_identification:_identify(.) by extensions ['cmake', 'python']
[0.898s] Level 1:colcon.colcon_core.package_identification:_identify(.) by extension 'cmake'
[0.898s] Level 1:colcon.colcon_core.package_identification:_identify(.) by extension 'python'
[0.899s] Level 1:colcon.colcon_core.package_identification:_identify(.) by extensions ['python_setup_py']
[0.899s] Level 1:colcon.colcon_core.package_identification:_identify(.) by extension 'python_setup_py'
[0.899s] Level 1:colcon.colcon_core.package_identification:_identify(build) by extensions ['ignore', 'ignore_ament_install']
[0.900s] Level 1:colcon.colcon_core.package_identification:_identify(build) by extension 'ignore'
[0.900s] Level 1:colcon.colcon_core.package_identification:_identify(build) ignored
[0.901s] Level 1:colcon.colcon_core.package_identification:_identify(install) by extensions ['ignore', 'ignore_ament_install']
[0.901s] Level 1:colcon.colcon_core.package_identification:_identify(install) by extension 'ignore'
[0.902s] Level 1:colcon.colcon_core.package_identification:_identify(install) ignored
[0.902s] Level 1:colcon.colcon_core.package_identification:_identify(log) by extensions ['ignore', 'ignore_ament_install']
[0.903s] Level 1:colcon.colcon_core.package_identification:_identify(log) by extension 'ignore'
[0.903s] Level 1:colcon.colcon_core.package_identification:_identify(log) ignored
[0.903s] Level 1:colcon.colcon_core.package_identification:_identify(src) by extensions ['ignore', 'ignore_ament_install']
[0.903s] Level 1:colcon.colcon_core.package_identification:_identify(src) by extension 'ignore'
[0.904s] Level 1:colcon.colcon_core.package_identification:_identify(src) by extension 'ignore_ament_install'
[0.904s] Level 1:colcon.colcon_core.package_identification:_identify(src) by extensions ['colcon_pkg']
[0.904s] Level 1:colcon.colcon_core.package_identification:_identify(src) by extension 'colcon_pkg'
[0.904s] Level 1:colcon.colcon_core.package_identification:_identify(src) by extensions ['colcon_meta']
[0.904s] Level 1:colcon.colcon_core.package_identification:_identify(src) by extension 'colcon_meta'
[0.904s] Level 1:colcon.colcon_core.package_identification:_identify(src) by extensions ['ros']
[0.904s] Level 1:colcon.colcon_core.package_identification:_identify(src) by extension 'ros'
[0.905s] Level 1:colcon.colcon_core.package_identification:_identify(src) by extensions ['cmake', 'python']
[0.905s] Level 1:colcon.colcon_core.package_identification:_identify(src) by extension 'cmake'
[0.905s] Level 1:colcon.colcon_core.package_identification:_identify(src) by extension 'python'
[0.905s] Level 1:colcon.colcon_core.package_identification:_identify(src) by extensions ['python_setup_py']
[0.905s] Level 1:colcon.colcon_core.package_identification:_identify(src) by extension 'python_setup_py'
[0.905s] Level 1:colcon.colcon_core.package_identification:_identify(src/bt_demos) by extensions ['ignore', 'ignore_ament_install']
[0.906s] Level 1:colcon.colcon_core.package_identification:_identify(src/bt_demos) by extension 'ignore'
[0.906s] Level 1:colcon.colcon_core.package_identification:_identify(src/bt_demos) by extension 'ignore_ament_install'
[0.906s] Level 1:colcon.colcon_core.package_identification:_identify(src/bt_demos) by extensions ['colcon_pkg']
[0.906s] Level 1:colcon.colcon_core.package_identification:_identify(src/bt_demos) by extension 'colcon_pkg'
[0.906s] Level 1:colcon.colcon_core.package_identification:_identify(src/bt_demos) by extensions ['colcon_meta']
[0.906s] Level 1:colcon.colcon_core.package_identification:_identify(src/bt_demos) by extension 'colcon_meta'
[0.907s] Level 1:colcon.colcon_core.package_identification:_identify(src/bt_demos) by extensions ['ros']
[0.907s] Level 1:colcon.colcon_core.package_identification:_identify(src/bt_demos) by extension 'ros'
[0.922s] DEBUG:colcon.colcon_core.package_identification:Package 'src/bt_demos' with type 'ros.ament_python' and name 'bt_demos'
[0.923s] Level 1:colcon.colcon_core.package_identification:_identify(src/example_gz_robot) by extensions ['ignore', 'ignore_ament_install']
[0.924s] Level 1:colcon.colcon_core.package_identification:_identify(src/example_gz_robot) by extension 'ignore'
[0.924s] Level 1:colcon.colcon_core.package_identification:_identify(src/example_gz_robot) by extension 'ignore_ament_install'
[0.925s] Level 1:colcon.colcon_core.package_identification:_identify(src/example_gz_robot) by extensions ['colcon_pkg']
[0.925s] Level 1:colcon.colcon_core.package_identification:_identify(src/example_gz_robot) by extension 'colcon_pkg'
[0.925s] Level 1:colcon.colcon_core.package_identification:_identify(src/example_gz_robot) by extensions ['colcon_meta']
[0.925s] Level 1:colcon.colcon_core.package_identification:_identify(src/example_gz_robot) by extension 'colcon_meta'
[0.925s] Level 1:colcon.colcon_core.package_identification:_identify(src/example_gz_robot) by extensions ['ros']
[0.925s] Level 1:colcon.colcon_core.package_identification:_identify(src/example_gz_robot) by extension 'ros'
[0.928s] DEBUG:colcon.colcon_core.package_identification:Package 'src/example_gz_robot' with type 'ros.ament_python' and name 'example_gz_robot'
[0.928s] Level 1:colcon.colcon_core.package_identification:_identify(src/example_urdf_description) by extensions ['ignore', 'ignore_ament_install']
[0.929s] Level 1:colcon.colcon_core.package_identification:_identify(src/example_urdf_description) by extension 'ignore'
[0.929s] Level 1:colcon.colcon_core.package_identification:_identify(src/example_urdf_description) by extension 'ignore_ament_install'
[0.929s] Level 1:colcon.colcon_core.package_identification:_identify(src/example_urdf_description) by extensions ['colcon_pkg']
[0.929s] Level 1:colcon.colcon_core.package_identification:_identify(src/example_urdf_description) by extension 'colcon_pkg'
[0.929s] Level 1:colcon.colcon_core.package_identification:_identify(src/example_urdf_description) by extensions ['colcon_meta']
[0.930s] Level 1:colcon.colcon_core.package_identification:_identify(src/example_urdf_description) by extension 'colcon_meta'
[0.930s] Level 1:colcon.colcon_core.package_identification:_identify(src/example_urdf_description) by extensions ['ros']
[0.930s] Level 1:colcon.colcon_core.package_identification:_identify(src/example_urdf_description) by extension 'ros'
[0.933s] DEBUG:colcon.colcon_core.package_identification:Package 'src/example_urdf_description' with type 'ros.ament_python' and name 'example_urdf_description'
[0.934s] Level 1:colcon.colcon_core.package_identification:_identify(src/example_urdf_robot) by extensions ['ignore', 'ignore_ament_install']
[0.935s] Level 1:colcon.colcon_core.package_identification:_identify(src/example_urdf_robot) by extension 'ignore'
[0.935s] Level 1:colcon.colcon_core.package_identification:_identify(src/example_urdf_robot) by extension 'ignore_ament_install'
[0.935s] Level 1:colcon.colcon_core.package_identification:_identify(src/example_urdf_robot) by extensions ['colcon_pkg']
[0.935s] Level 1:colcon.colcon_core.package_identification:_identify(src/example_urdf_robot) by extension 'colcon_pkg'
[0.935s] Level 1:colcon.colcon_core.package_identification:_identify(src/example_urdf_robot) by extensions ['colcon_meta']
[0.936s] Level 1:colcon.colcon_core.package_identification:_identify(src/example_urdf_robot) by extension 'colcon_meta'
[0.936s] Level 1:colcon.colcon_core.package_identification:_identify(src/example_urdf_robot) by extensions ['ros']
[0.936s] Level 1:colcon.colcon_core.package_identification:_identify(src/example_urdf_robot) by extension 'ros'
[0.938s] DEBUG:colcon.colcon_core.package_identification:Package 'src/example_urdf_robot' with type 'ros.ament_python' and name 'example_urdf_robot'
[0.939s] Level 1:colcon.colcon_core.package_identification:_identify(src/gz_example_robot_description) by extensions ['ignore', 'ignore_ament_install']
[0.939s] Level 1:colcon.colcon_core.package_identification:_identify(src/gz_example_robot_description) by extension 'ignore'
[0.940s] Level 1:colcon.colcon_core.package_identification:_identify(src/gz_example_robot_description) by extension 'ignore_ament_install'
[0.940s] Level 1:colcon.colcon_core.package_identification:_identify(src/gz_example_robot_description) by extensions ['colcon_pkg']
[0.940s] Level 1:colcon.colcon_core.package_identification:_identify(src/gz_example_robot_description) by extension 'colcon_pkg'
[0.940s] Level 1:colcon.colcon_core.package_identification:_identify(src/gz_example_robot_description) by extensions ['colcon_meta']
[0.940s] Level 1:colcon.colcon_core.package_identification:_identify(src/gz_example_robot_description) by extension 'colcon_meta'
[0.940s] Level 1:colcon.colcon_core.package_identification:_identify(src/gz_example_robot_description) by extensions ['ros']
[0.940s] Level 1:colcon.colcon_core.package_identification:_identify(src/gz_example_robot_description) by extension 'ros'
[0.943s] DEBUG:colcon.colcon_core.package_identification:Package 'src/gz_example_robot_description' with type 'ros.ament_python' and name 'gz_example_robot_description'
[0.943s] Level 1:colcon.colcon_core.package_identification:_identify(src/navigation_demos) by extensions ['ignore', 'ignore_ament_install']
[0.944s] Level 1:colcon.colcon_core.package_identification:_identify(src/navigation_demos) by extension 'ignore'
[0.944s] Level 1:colcon.colcon_core.package_identification:_identify(src/navigation_demos) by extension 'ignore_ament_install'
[0.944s] Level 1:colcon.colcon_core.package_identification:_identify(src/navigation_demos) by extensions ['colcon_pkg']
[0.944s] Level 1:colcon.colcon_core.package_identification:_identify(src/navigation_demos) by extension 'colcon_pkg'
[0.944s] Level 1:colcon.colcon_core.package_identification:_identify(src/navigation_demos) by extensions ['colcon_meta']
[0.945s] Level 1:colcon.colcon_core.package_identification:_identify(src/navigation_demos) by extension 'colcon_meta'
[0.945s] Level 1:colcon.colcon_core.package_identification:_identify(src/navigation_demos) by extensions ['ros']
[0.945s] Level 1:colcon.colcon_core.package_identification:_identify(src/navigation_demos) by extension 'ros'
[0.976s] DEBUG:colcon.colcon_core.package_identification:Package 'src/navigation_demos' with type 'ros.ament_python' and name 'navigation_demos'
[0.976s] Level 1:colcon.colcon_core.package_identification:_identify(src/week10_exercise_2) by extensions ['ignore', 'ignore_ament_install']
[0.976s] Level 1:colcon.colcon_core.package_identification:_identify(src/week10_exercise_2) by extension 'ignore'
[0.977s] Level 1:colcon.colcon_core.package_identification:_identify(src/week10_exercise_2) by extension 'ignore_ament_install'
[0.977s] Level 1:colcon.colcon_core.package_identification:_identify(src/week10_exercise_2) by extensions ['colcon_pkg']
[0.977s] Level 1:colcon.colcon_core.package_identification:_identify(src/week10_exercise_2) by extension 'colcon_pkg'
[0.977s] Level 1:colcon.colcon_core.package_identification:_identify(src/week10_exercise_2) by extensions ['colcon_meta']
[0.977s] Level 1:colcon.colcon_core.package_identification:_identify(src/week10_exercise_2) by extension 'colcon_meta'
[0.977s] Level 1:colcon.colcon_core.package_identification:_identify(src/week10_exercise_2) by extensions ['ros']
[0.977s] Level 1:colcon.colcon_core.package_identification:_identify(src/week10_exercise_2) by extension 'ros'
[0.979s] DEBUG:colcon.colcon_core.package_identification:Package 'src/week10_exercise_2' with type 'ros.ament_python' and name 'week10_exercise_2'
[0.979s] Level 1:colcon.colcon_core.package_identification:_identify(src/week9) by extensions ['ignore', 'ignore_ament_install']
[0.980s] Level 1:colcon.colcon_core.package_identification:_identify(src/week9) by extension 'ignore'
[0.980s] Level 1:colcon.colcon_core.package_identification:_identify(src/week9) by extension 'ignore_ament_install'
[0.980s] Level 1:colcon.colcon_core.package_identification:_identify(src/week9) by extensions ['colcon_pkg']
[0.980s] Level 1:colcon.colcon_core.package_identification:_identify(src/week9) by extension 'colcon_pkg'
[0.980s] Level 1:colcon.colcon_core.package_identification:_identify(src/week9) by extensions ['colcon_meta']
[0.980s] Level 1:colcon.colcon_core.package_identification:_identify(src/week9) by extension 'colcon_meta'
[0.980s] Level 1:colcon.colcon_core.package_identification:_identify(src/week9) by extensions ['ros']
[0.980s] Level 1:colcon.colcon_core.package_identification:_identify(src/week9) by extension 'ros'
[0.981s] Level 1:colcon.colcon_core.package_identification:_identify(src/week9) by extensions ['cmake', 'python']
[0.981s] Level 1:colcon.colcon_core.package_identification:_identify(src/week9) by extension 'cmake'
[0.981s] Level 1:colcon.colcon_core.package_identification:_identify(src/week9) by extension 'python'
[0.981s] Level 1:colcon.colcon_core.package_identification:_identify(src/week9) by extensions ['python_setup_py']
[0.981s] Level 1:colcon.colcon_core.package_identification:_identify(src/week9) by extension 'python_setup_py'
[0.981s] Level 1:colcon.colcon_core.package_discovery:discover_packages(recursive) using defaults
[0.981s] Level 1:colcon.colcon_core.package_discovery:discover_packages(ignore) discover
[0.982s] Level 1:colcon.colcon_core.package_discovery:discover_packages(ignore) using defaults
[0.982s] Level 1:colcon.colcon_core.package_discovery:discover_packages(path) discover
[0.982s] Level 1:colcon.colcon_core.package_discovery:discover_packages(path) using defaults
[1.073s] Level 1:colcon.colcon_core.package_discovery:discover_packages(prefix_path) check parameters
[1.073s] Level 1:colcon.colcon_core.package_discovery:discover_packages(prefix_path) discover
[1.084s] DEBUG:colcon.colcon_installed_package_information.package_discovery:Found 341 installed packages in /opt/ros/humble
[1.092s] Level 1:colcon.colcon_core.package_discovery:discover_packages(prefix_path) using defaults
[1.276s] Level 5:colcon.colcon_core.verb:set package 'bt_demos' build argument 'cmake_args' from command line to 'None'
[1.277s] Level 5:colcon.colcon_core.verb:set package 'bt_demos' build argument 'cmake_target' from command line to 'None'
[1.277s] Level 5:colcon.colcon_core.verb:set package 'bt_demos' build argument 'cmake_target_skip_unavailable' from command line to 'False'
[1.277s] Level 5:colcon.colcon_core.verb:set package 'bt_demos' build argument 'cmake_clean_cache' from command line to 'False'
[1.277s] Level 5:colcon.colcon_core.verb:set package 'bt_demos' build argument 'cmake_clean_first' from command line to 'False'
[1.277s] Level 5:colcon.colcon_core.verb:set package 'bt_demos' build argument 'cmake_force_configure' from command line to 'False'
[1.277s] Level 5:colcon.colcon_core.verb:set package 'bt_demos' build argument 'ament_cmake_args' from command line to 'None'
[1.278s] Level 5:colcon.colcon_core.verb:set package 'bt_demos' build argument 'catkin_cmake_args' from command line to 'None'
[1.278s] Level 5:colcon.colcon_core.verb:set package 'bt_demos' build argument 'catkin_skip_building_tests' from command line to 'False'
[1.278s] DEBUG:colcon.colcon_core.verb:Building package 'bt_demos' with the following arguments: {'ament_cmake_args': None, 'build_base': '/home/delewlew/software_for_robotics_part2/build/bt_demos', 'catkin_cmake_args': None, 'catkin_skip_building_tests': False, 'cmake_args': None, 'cmake_clean_cache': False, 'cmake_clean_first': False, 'cmake_force_configure': False, 'cmake_target': None, 'cmake_target_skip_unavailable': False, 'install_base': '/home/delewlew/software_for_robotics_part2/install/bt_demos', 'merge_install': False, 'path': '/home/delewlew/software_for_robotics_part2/src/bt_demos', 'symlink_install': False, 'test_result_base': None}
[1.280s] Level 5:colcon.colcon_core.verb:set package 'example_gz_robot' build argument 'cmake_args' from command line to 'None'
[1.280s] Level 5:colcon.colcon_core.verb:set package 'example_gz_robot' build argument 'cmake_target' from command line to 'None'
[1.280s] Level 5:colcon.colcon_core.verb:set package 'example_gz_robot' build argument 'cmake_target_skip_unavailable' from command line to 'False'
[1.280s] Level 5:colcon.colcon_core.verb:set package 'example_gz_robot' build argument 'cmake_clean_cache' from command line to 'False'
[1.280s] Level 5:colcon.colcon_core.verb:set package 'example_gz_robot' build argument 'cmake_clean_first' from command line to 'False'
[1.281s] Level 5:colcon.colcon_core.verb:set package 'example_gz_robot' build argument 'cmake_force_configure' from command line to 'False'
[1.281s] Level 5:colcon.colcon_core.verb:set package 'example_gz_robot' build argument 'ament_cmake_args' from command line to 'None'
[1.281s] Level 5:colcon.colcon_core.verb:set package 'example_gz_robot' build argument 'catkin_cmake_args' from command line to 'None'
[1.281s] Level 5:colcon.colcon_core.verb:set package 'example_gz_robot' build argument 'catkin_skip_building_tests' from command line to 'False'
[1.281s] DEBUG:colcon.colcon_core.verb:Building package 'example_gz_robot' with the following arguments: {'ament_cmake_args': None, 'build_base': '/home/delewlew/software_for_robotics_part2/build/example_gz_robot', 'catkin_cmake_args': None, 'catkin_skip_building_tests': False, 'cmake_args': None, 'cmake_clean_cache': False, 'cmake_clean_first': False, 'cmake_force_configure': False, 'cmake_target': None, 'cmake_target_skip_unavailable': False, 'install_base': '/home/delewlew/software_for_robotics_part2/install/example_gz_robot', 'merge_install': False, 'path': '/home/delewlew/software_for_robotics_part2/src/example_gz_robot', 'symlink_install': False, 'test_result_base': None}
[1.283s] Level 5:colcon.colcon_core.verb:set package 'example_urdf_description' build argument 'cmake_args' from command line to 'None'
[1.283s] Level 5:colcon.colcon_core.verb:set package 'example_urdf_description' build argument 'cmake_target' from command line to 'None'
[1.283s] Level 5:colcon.colcon_core.verb:set package 'example_urdf_description' build argument 'cmake_target_skip_unavailable' from command line to 'False'
[1.283s] Level 5:colcon.colcon_core.verb:set package 'example_urdf_description' build argument 'cmake_clean_cache' from command line to 'False'
[1.284s] Level 5:colcon.colcon_core.verb:set package 'example_urdf_description' build argument 'cmake_clean_first' from command line to 'False'
[1.284s] Level 5:colcon.colcon_core.verb:set package 'example_urdf_description' build argument 'cmake_force_configure' from command line to 'False'
[1.284s] Level 5:colcon.colcon_core.verb:set package 'example_urdf_description' build argument 'ament_cmake_args' from command line to 'None'
[1.284s] Level 5:colcon.colcon_core.verb:set package 'example_urdf_description' build argument 'catkin_cmake_args' from command line to 'None'
[1.284s] Level 5:colcon.colcon_core.verb:set package 'example_urdf_description' build argument 'catkin_skip_building_tests' from command line to 'False'
[1.284s] DEBUG:colcon.colcon_core.verb:Building package 'example_urdf_description' with the following arguments: {'ament_cmake_args': None, 'build_base': '/home/delewlew/software_for_robotics_part2/build/example_urdf_description', 'catkin_cmake_args': None, 'catkin_skip_building_tests': False, 'cmake_args': None, 'cmake_clean_cache': False, 'cmake_clean_first': False, 'cmake_force_configure': False, 'cmake_target': None, 'cmake_target_skip_unavailable': False, 'install_base': '/home/delewlew/software_for_robotics_part2/install/example_urdf_description', 'merge_install': False, 'path': '/home/delewlew/software_for_robotics_part2/src/example_urdf_description', 'symlink_install': False, 'test_result_base': None}
[1.286s] Level 5:colcon.colcon_core.verb:set package 'example_urdf_robot' build argument 'cmake_args' from command line to 'None'
[1.286s] Level 5:colcon.colcon_core.verb:set package 'example_urdf_robot' build argument 'cmake_target' from command line to 'None'
[1.286s] Level 5:colcon.colcon_core.verb:set package 'example_urdf_robot' build argument 'cmake_target_skip_unavailable' from command line to 'False'
[1.286s] Level 5:colcon.colcon_core.verb:set package 'example_urdf_robot' build argument 'cmake_clean_cache' from command line to 'False'
[1.286s] Level 5:colcon.colcon_core.verb:set package 'example_urdf_robot' build argument 'cmake_clean_first' from command line to 'False'
[1.286s] Level 5:colcon.colcon_core.verb:set package 'example_urdf_robot' build argument 'cmake_force_configure' from command line to 'False'
[1.286s] Level 5:colcon.colcon_core.verb:set package 'example_urdf_robot' build argument 'ament_cmake_args' from command line to 'None'
[1.286s] Level 5:colcon.colcon_core.verb:set package 'example_urdf_robot' build argument 'catkin_cmake_args' from command line to 'None'
[1.286s] Level 5:colcon.colcon_core.verb:set package 'example_urdf_robot' build argument 'catkin_skip_building_tests' from command line to 'False'
[1.286s] DEBUG:colcon.colcon_core.verb:Building package 'example_urdf_robot' with the following arguments: {'ament_cmake_args': None, 'build_base': '/home/delewlew/software_for_robotics_part2/build/example_urdf_robot', 'catkin_cmake_args': None, 'catkin_skip_building_tests': False, 'cmake_args': None, 'cmake_clean_cache': False, 'cmake_clean_first': False, 'cmake_force_configure': False, 'cmake_target': None, 'cmake_target_skip_unavailable': False, 'install_base': '/home/delewlew/software_for_robotics_part2/install/example_urdf_robot', 'merge_install': False, 'path': '/home/delewlew/software_for_robotics_part2/src/example_urdf_robot', 'symlink_install': False, 'test_result_base': None}
[1.288s] Level 5:colcon.colcon_core.verb:set package 'gz_example_robot_description' build argument 'cmake_args' from command line to 'None'
[1.288s] Level 5:colcon.colcon_core.verb:set package 'gz_example_robot_description' build argument 'cmake_target' from command line to 'None'
[1.288s] Level 5:colcon.colcon_core.verb:set package 'gz_example_robot_description' build argument 'cmake_target_skip_unavailable' from command line to 'False'
[1.288s] Level 5:colcon.colcon_core.verb:set package 'gz_example_robot_description' build argument 'cmake_clean_cache' from command line to 'False'
[1.288s] Level 5:colcon.colcon_core.verb:set package 'gz_example_robot_description' build argument 'cmake_clean_first' from command line to 'False'
[1.288s] Level 5:colcon.colcon_core.verb:set package 'gz_example_robot_description' build argument 'cmake_force_configure' from command line to 'False'
[1.288s] Level 5:colcon.colcon_core.verb:set package 'gz_example_robot_description' build argument 'ament_cmake_args' from command line to 'None'
[1.288s] Level 5:colcon.colcon_core.verb:set package 'gz_example_robot_description' build argument 'catkin_cmake_args' from command line to 'None'
[1.288s] Level 5:colcon.colcon_core.verb:set package 'gz_example_robot_description' build argument 'catkin_skip_building_tests' from command line to 'False'
[1.288s] DEBUG:colcon.colcon_core.verb:Building package 'gz_example_robot_description' with the following arguments: {'ament_cmake_args': None, 'build_base': '/home/delewlew/software_for_robotics_part2/build/gz_example_robot_description', 'catkin_cmake_args': None, 'catkin_skip_building_tests': False, 'cmake_args': None, 'cmake_clean_cache': False, 'cmake_clean_first': False, 'cmake_force_configure': False, 'cmake_target': None, 'cmake_target_skip_unavailable': False, 'install_base': '/home/delewlew/software_for_robotics_part2/install/gz_example_robot_description', 'merge_install': False, 'path': '/home/delewlew/software_for_robotics_part2/src/gz_example_robot_description', 'symlink_install': False, 'test_result_base': None}
[1.290s] Level 5:colcon.colcon_core.verb:set package 'navigation_demos' build argument 'cmake_args' from command line to 'None'
[1.290s] Level 5:colcon.colcon_core.verb:set package 'navigation_demos' build argument 'cmake_target' from command line to 'None'
[1.290s] Level 5:colcon.colcon_core.verb:set package 'navigation_demos' build argument 'cmake_target_skip_unavailable' from command line to 'False'
[1.290s] Level 5:colcon.colcon_core.verb:set package 'navigation_demos' build argument 'cmake_clean_cache' from command line to 'False'
[1.290s] Level 5:colcon.colcon_core.verb:set package 'navigation_demos' build argument 'cmake_clean_first' from command line to 'False'
[1.290s] Level 5:colcon.colcon_core.verb:set package 'navigation_demos' build argument 'cmake_force_configure' from command line to 'False'
[1.290s] Level 5:colcon.colcon_core.verb:set package 'navigation_demos' build argument 'ament_cmake_args' from command line to 'None'
[1.290s] Level 5:colcon.colcon_core.verb:set package 'navigation_demos' build argument 'catkin_cmake_args' from command line to 'None'
[1.291s] Level 5:colcon.colcon_core.verb:set package 'navigation_demos' build argument 'catkin_skip_building_tests' from command line to 'False'
[1.291s] DEBUG:colcon.colcon_core.verb:Building package 'navigation_demos' with the following arguments: {'ament_cmake_args': None, 'build_base': '/home/delewlew/software_for_robotics_part2/build/navigation_demos', 'catkin_cmake_args': None, 'catkin_skip_building_tests': False, 'cmake_args': None, 'cmake_clean_cache': False, 'cmake_clean_first': False, 'cmake_force_configure': False, 'cmake_target': None, 'cmake_target_skip_unavailable': False, 'install_base': '/home/delewlew/software_for_robotics_part2/install/navigation_demos', 'merge_install': False, 'path': '/home/delewlew/software_for_robotics_part2/src/navigation_demos', 'symlink_install': False, 'test_result_base': None}
[1.292s] Level 5:colcon.colcon_core.verb:set package 'week10_exercise_2' build argument 'cmake_args' from command line to 'None'
[1.292s] Level 5:colcon.colcon_core.verb:set package 'week10_exercise_2' build argument 'cmake_target' from command line to 'None'
[1.292s] Level 5:colcon.colcon_core.verb:set package 'week10_exercise_2' build argument 'cmake_target_skip_unavailable' from command line to 'False'
[1.292s] Level 5:colcon.colcon_core.verb:set package 'week10_exercise_2' build argument 'cmake_clean_cache' from command line to 'False'
[1.292s] Level 5:colcon.colcon_core.verb:set package 'week10_exercise_2' build argument 'cmake_clean_first' from command line to 'False'
[1.292s] Level 5:colcon.colcon_core.verb:set package 'week10_exercise_2' build argument 'cmake_force_configure' from command line to 'False'
[1.292s] Level 5:colcon.colcon_core.verb:set package 'week10_exercise_2' build argument 'ament_cmake_args' from command line to 'None'
[1.292s] Level 5:colcon.colcon_core.verb:set package 'week10_exercise_2' build argument 'catkin_cmake_args' from command line to 'None'
[1.292s] Level 5:colcon.colcon_core.verb:set package 'week10_exercise_2' build argument 'catkin_skip_building_tests' from command line to 'False'
[1.293s] DEBUG:colcon.colcon_core.verb:Building package 'week10_exercise_2' with the following arguments: {'ament_cmake_args': None, 'build_base': '/home/delewlew/software_for_robotics_part2/build/week10_exercise_2', 'catkin_cmake_args': None, 'catkin_skip_building_tests': False, 'cmake_args': None, 'cmake_clean_cache': False, 'cmake_clean_first': False, 'cmake_force_configure': False, 'cmake_target': None, 'cmake_target_skip_unavailable': False, 'install_base': '/home/delewlew/software_for_robotics_part2/install/week10_exercise_2', 'merge_install': False, 'path': '/home/delewlew/software_for_robotics_part2/src/week10_exercise_2', 'symlink_install': False, 'test_result_base': None}
[1.293s] INFO:colcon.colcon_core.executor:Executing jobs using 'parallel' executor
[1.297s] DEBUG:colcon.colcon_parallel_executor.executor.parallel:run_until_complete
[1.298s] INFO:colcon.colcon_ros.task.ament_python.build:Building ROS package in '/home/delewlew/software_for_robotics_part2/src/bt_demos' with build type 'ament_python'
[1.298s] Level 1:colcon.colcon_core.shell:create_environment_hook('bt_demos', 'ament_prefix_path')
[1.306s] INFO:colcon.colcon_core.plugin_system:Skipping extension 'colcon_core.shell.bat': Not used on non-Windows systems
[1.307s] INFO:colcon.colcon_core.shell:Creating environment hook '/home/delewlew/software_for_robotics_part2/install/bt_demos/share/bt_demos/hook/ament_prefix_path.ps1'
[1.310s] INFO:colcon.colcon_core.shell:Creating environment descriptor '/home/delewlew/software_for_robotics_part2/install/bt_demos/share/bt_demos/hook/ament_prefix_path.dsv'
[1.312s] INFO:colcon.colcon_core.shell:Creating environment hook '/home/delewlew/software_for_robotics_part2/install/bt_demos/share/bt_demos/hook/ament_prefix_path.sh'
[1.316s] INFO:colcon.colcon_core.shell:Skip shell extension 'powershell' for command environment: Not usable outside of PowerShell
[1.317s] DEBUG:colcon.colcon_core.shell:Skip shell extension 'dsv' for command environment
[1.327s] INFO:colcon.colcon_ros.task.ament_python.build:Building ROS package in '/home/delewlew/software_for_robotics_part2/src/example_gz_robot' with build type 'ament_python'
[1.327s] Level 1:colcon.colcon_core.shell:create_environment_hook('example_gz_robot', 'ament_prefix_path')
[1.328s] INFO:colcon.colcon_core.shell:Creating environment hook '/home/delewlew/software_for_robotics_part2/install/example_gz_robot/share/example_gz_robot/hook/ament_prefix_path.ps1'
[1.332s] INFO:colcon.colcon_core.shell:Creating environment descriptor '/home/delewlew/software_for_robotics_part2/install/example_gz_robot/share/example_gz_robot/hook/ament_prefix_path.dsv'
[1.334s] INFO:colcon.colcon_core.shell:Creating environment hook '/home/delewlew/software_for_robotics_part2/install/example_gz_robot/share/example_gz_robot/hook/ament_prefix_path.sh'
[1.342s] INFO:colcon.colcon_core.shell:Skip shell extension 'powershell' for command environment: Not usable outside of PowerShell
[1.342s] DEBUG:colcon.colcon_core.shell:Skip shell extension 'dsv' for command environment
[1.351s] INFO:colcon.colcon_ros.task.ament_python.build:Building ROS package in '/home/delewlew/software_for_robotics_part2/src/example_urdf_description' with build type 'ament_python'
[1.352s] Level 1:colcon.colcon_core.shell:create_environment_hook('example_urdf_description', 'ament_prefix_path')
[1.355s] INFO:colcon.colcon_core.shell:Creating environment hook '/home/delewlew/software_for_robotics_part2/install/example_urdf_description/share/example_urdf_description/hook/ament_prefix_path.ps1'
[1.357s] INFO:colcon.colcon_core.shell:Creating environment descriptor '/home/delewlew/software_for_robotics_part2/install/example_urdf_description/share/example_urdf_description/hook/ament_prefix_path.dsv'
[1.358s] INFO:colcon.colcon_core.shell:Creating environment hook '/home/delewlew/software_for_robotics_part2/install/example_urdf_description/share/example_urdf_description/hook/ament_prefix_path.sh'
[1.361s] INFO:colcon.colcon_core.shell:Skip shell extension 'powershell' for command environment: Not usable outside of PowerShell
[1.361s] DEBUG:colcon.colcon_core.shell:Skip shell extension 'dsv' for command environment
[1.368s] INFO:colcon.colcon_ros.task.ament_python.build:Building ROS package in '/home/delewlew/software_for_robotics_part2/src/example_urdf_robot' with build type 'ament_python'
[1.369s] Level 1:colcon.colcon_core.shell:create_environment_hook('example_urdf_robot', 'ament_prefix_path')
[1.369s] INFO:colcon.colcon_core.shell:Creating environment hook '/home/delewlew/software_for_robotics_part2/install/example_urdf_robot/share/example_urdf_robot/hook/ament_prefix_path.ps1'
[1.370s] INFO:colcon.colcon_core.shell:Creating environment descriptor '/home/delewlew/software_for_robotics_part2/install/example_urdf_robot/share/example_urdf_robot/hook/ament_prefix_path.dsv'
[1.371s] INFO:colcon.colcon_core.shell:Creating environment hook '/home/delewlew/software_for_robotics_part2/install/example_urdf_robot/share/example_urdf_robot/hook/ament_prefix_path.sh'
[1.373s] INFO:colcon.colcon_core.shell:Skip shell extension 'powershell' for command environment: Not usable outside of PowerShell
[1.374s] DEBUG:colcon.colcon_core.shell:Skip shell extension 'dsv' for command environment
[1.380s] INFO:colcon.colcon_ros.task.ament_python.build:Building ROS package in '/home/delewlew/software_for_robotics_part2/src/gz_example_robot_description' with build type 'ament_python'
[1.382s] Level 1:colcon.colcon_core.shell:create_environment_hook('gz_example_robot_description', 'ament_prefix_path')
[1.384s] INFO:colcon.colcon_core.shell:Creating environment hook '/home/delewlew/software_for_robotics_part2/install/gz_example_robot_description/share/gz_example_robot_description/hook/ament_prefix_path.ps1'
[1.386s] INFO:colcon.colcon_core.shell:Creating environment descriptor '/home/delewlew/software_for_robotics_part2/install/gz_example_robot_description/share/gz_example_robot_description/hook/ament_prefix_path.dsv'
[1.388s] INFO:colcon.colcon_core.shell:Creating environment hook '/home/delewlew/software_for_robotics_part2/install/gz_example_robot_description/share/gz_example_robot_description/hook/ament_prefix_path.sh'
[1.391s] INFO:colcon.colcon_core.shell:Skip shell extension 'powershell' for command environment: Not usable outside of PowerShell
[1.391s] DEBUG:colcon.colcon_core.shell:Skip shell extension 'dsv' for command environment
[1.402s] INFO:colcon.colcon_ros.task.ament_python.build:Building ROS package in '/home/delewlew/software_for_robotics_part2/src/navigation_demos' with build type 'ament_python'
[1.403s] Level 1:colcon.colcon_core.shell:create_environment_hook('navigation_demos', 'ament_prefix_path')
[1.404s] INFO:colcon.colcon_core.shell:Creating environment hook '/home/delewlew/software_for_robotics_part2/install/navigation_demos/share/navigation_demos/hook/ament_prefix_path.ps1'
[1.405s] INFO:colcon.colcon_core.shell:Creating environment descriptor '/home/delewlew/software_for_robotics_part2/install/navigation_demos/share/navigation_demos/hook/ament_prefix_path.dsv'
[1.407s] INFO:colcon.colcon_core.shell:Creating environment hook '/home/delewlew/software_for_robotics_part2/install/navigation_demos/share/navigation_demos/hook/ament_prefix_path.sh'
[1.409s] INFO:colcon.colcon_core.shell:Skip shell extension 'powershell' for command environment: Not usable outside of PowerShell
[1.409s] DEBUG:colcon.colcon_core.shell:Skip shell extension 'dsv' for command environment
[1.420s] INFO:colcon.colcon_ros.task.ament_python.build:Building ROS package in '/home/delewlew/software_for_robotics_part2/src/week10_exercise_2' with build type 'ament_python'
[1.422s] Level 1:colcon.colcon_core.shell:create_environment_hook('week10_exercise_2', 'ament_prefix_path')
[1.423s] INFO:colcon.colcon_core.shell:Creating environment hook '/home/delewlew/software_for_robotics_part2/install/week10_exercise_2/share/week10_exercise_2/hook/ament_prefix_path.ps1'
[1.428s] INFO:colcon.colcon_core.shell:Creating environment descriptor '/home/delewlew/software_for_robotics_part2/install/week10_exercise_2/share/week10_exercise_2/hook/ament_prefix_path.dsv'
[1.430s] INFO:colcon.colcon_core.shell:Creating environment hook '/home/delewlew/software_for_robotics_part2/install/week10_exercise_2/share/week10_exercise_2/hook/ament_prefix_path.sh'
[1.434s] INFO:colcon.colcon_core.shell:Skip shell extension 'powershell' for command environment: Not usable outside of PowerShell
[1.434s] DEBUG:colcon.colcon_core.shell:Skip shell extension 'dsv' for command environment
[2.514s] INFO:colcon.colcon_core.task.python.build:Building Python package in '/home/delewlew/software_for_robotics_part2/src/bt_demos'
[2.515s] INFO:colcon.colcon_core.shell:Skip shell extension 'powershell' for command environment: Not usable outside of PowerShell
[2.515s] DEBUG:colcon.colcon_core.shell:Skip shell extension 'dsv' for command environment
[3.637s] INFO:colcon.colcon_core.task.python.build:Building Python package in '/home/delewlew/software_for_robotics_part2/src/example_gz_robot'
[3.638s] INFO:colcon.colcon_core.shell:Skip shell extension 'powershell' for command environment: Not usable outside of PowerShell
[3.639s] DEBUG:colcon.colcon_core.shell:Skip shell extension 'dsv' for command environment
[4.716s] INFO:colcon.colcon_core.task.python.build:Building Python package in '/home/delewlew/software_for_robotics_part2/src/example_urdf_description'
[4.718s] INFO:colcon.colcon_core.shell:Skip shell extension 'powershell' for command environment: Not usable outside of PowerShell
[4.718s] DEBUG:colcon.colcon_core.shell:Skip shell extension 'dsv' for command environment
[5.733s] INFO:colcon.colcon_core.task.python.build:Building Python package in '/home/delewlew/software_for_robotics_part2/src/example_urdf_robot'
[5.734s] INFO:colcon.colcon_core.shell:Skip shell extension 'powershell' for command environment: Not usable outside of PowerShell
[5.734s] DEBUG:colcon.colcon_core.shell:Skip shell extension 'dsv' for command environment
[6.658s] INFO:colcon.colcon_core.task.python.build:Building Python package in '/home/delewlew/software_for_robotics_part2/src/gz_example_robot_description'
[6.660s] INFO:colcon.colcon_core.shell:Skip shell extension 'powershell' for command environment: Not usable outside of PowerShell
[6.660s] DEBUG:colcon.colcon_core.shell:Skip shell extension 'dsv' for command environment
[7.219s] INFO:colcon.colcon_core.task.python.build:Building Python package in '/home/delewlew/software_for_robotics_part2/src/navigation_demos'
[7.219s] INFO:colcon.colcon_core.shell:Skip shell extension 'powershell' for command environment: Not usable outside of PowerShell
[7.219s] DEBUG:colcon.colcon_core.shell:Skip shell extension 'dsv' for command environment
[7.739s] INFO:colcon.colcon_core.task.python.build:Building Python package in '/home/delewlew/software_for_robotics_part2/src/week10_exercise_2'
[7.740s] INFO:colcon.colcon_core.shell:Skip shell extension 'powershell' for command environment: Not usable outside of PowerShell
[7.741s] DEBUG:colcon.colcon_core.shell:Skip shell extension 'dsv' for command environment
[8.738s] DEBUG:colcon.colcon_core.event_handler.log_command:Invoking command in '/home/delewlew/software_for_robotics_part2/src/week10_exercise_2': PYTHONPATH=/home/delewlew/software_for_robotics_part2/build/week10_exercise_2/prefix_override:/usr/lib/python3/dist-packages/colcon_core/task/python/colcon_distutils_commands:/home/delewlew/software_for_robotics_part2/install/week10_exercise_2/lib/python3.10/site-packages:${PYTHONPATH} /usr/bin/python3 -W ignore:setup.py install is deprecated setup.py egg_info --egg-base ../../build/week10_exercise_2 build --build-base /home/delewlew/software_for_robotics_part2/build/week10_exercise_2/build install --record /home/delewlew/software_for_robotics_part2/build/week10_exercise_2/install.log --single-version-externally-managed install_data
[9.304s] DEBUG:colcon.colcon_core.event_handler.log_command:Invoking command in '/home/delewlew/software_for_robotics_part2/src/bt_demos': PYTHONPATH=/home/delewlew/software_for_robotics_part2/build/bt_demos/prefix_override:/usr/lib/python3/dist-packages/colcon_core/task/python/colcon_distutils_commands:/home/delewlew/software_for_robotics_part2/install/bt_demos/lib/python3.10/site-packages:${PYTHONPATH} /usr/bin/python3 -W ignore:setup.py install is deprecated setup.py egg_info --egg-base ../../build/bt_demos build --build-base /home/delewlew/software_for_robotics_part2/build/bt_demos/build install --record /home/delewlew/software_for_robotics_part2/build/bt_demos/install.log --single-version-externally-managed install_data
[9.356s] DEBUG:colcon.colcon_core.event_handler.log_command:Invoking command in '/home/delewlew/software_for_robotics_part2/src/example_urdf_robot': PYTHONPATH=/home/delewlew/software_for_robotics_part2/build/example_urdf_robot/prefix_override:/usr/lib/python3/dist-packages/colcon_core/task/python/colcon_distutils_commands:/home/delewlew/software_for_robotics_part2/install/example_urdf_robot/lib/python3.10/site-packages:${PYTHONPATH} /usr/bin/python3 -W ignore:setup.py install is deprecated setup.py egg_info --egg-base ../../build/example_urdf_robot build --build-base /home/delewlew/software_for_robotics_part2/build/example_urdf_robot/build install --record /home/delewlew/software_for_robotics_part2/build/example_urdf_robot/install.log --single-version-externally-managed install_data
[9.609s] Level 1:colcon.colcon_core.environment:checking '/home/delewlew/software_for_robotics_part2/install/week10_exercise_2' for CMake module files
[9.614s] DEBUG:colcon.colcon_core.event_handler.log_command:Invoked command in '/home/delewlew/software_for_robotics_part2/src/week10_exercise_2' returned '0': PYTHONPATH=/home/delewlew/software_for_robotics_part2/build/week10_exercise_2/prefix_override:/usr/lib/python3/dist-packages/colcon_core/task/python/colcon_distutils_commands:/home/delewlew/software_for_robotics_part2/install/week10_exercise_2/lib/python3.10/site-packages:${PYTHONPATH} /usr/bin/python3 -W ignore:setup.py install is deprecated setup.py egg_info --egg-base ../../build/week10_exercise_2 build --build-base /home/delewlew/software_for_robotics_part2/build/week10_exercise_2/build install --record /home/delewlew/software_for_robotics_part2/build/week10_exercise_2/install.log --single-version-externally-managed install_data
[9.616s] Level 1:colcon.colcon_core.environment:checking '/home/delewlew/software_for_robotics_part2/install/week10_exercise_2' for CMake config files
[9.618s] Level 1:colcon.colcon_core.environment:checking '/home/delewlew/software_for_robotics_part2/install/week10_exercise_2/lib'
[9.618s] Level 1:colcon.colcon_core.environment:checking '/home/delewlew/software_for_robotics_part2/install/week10_exercise_2/bin'
[9.619s] Level 1:colcon.colcon_core.environment:checking '/home/delewlew/software_for_robotics_part2/install/week10_exercise_2/lib/pkgconfig/week10_exercise_2.pc'
[9.619s] Level 1:colcon.colcon_core.environment:checking '/home/delewlew/software_for_robotics_part2/install/week10_exercise_2/lib/python3.10/site-packages'
[9.620s] Level 1:colcon.colcon_core.shell:create_environment_hook('week10_exercise_2', 'pythonpath')
[9.621s] INFO:colcon.colcon_core.shell:Creating environment hook '/home/delewlew/software_for_robotics_part2/install/week10_exercise_2/share/week10_exercise_2/hook/pythonpath.ps1'
[9.622s] INFO:colcon.colcon_core.shell:Creating environment descriptor '/home/delewlew/software_for_robotics_part2/install/week10_exercise_2/share/week10_exercise_2/hook/pythonpath.dsv'
[9.624s] INFO:colcon.colcon_core.shell:Creating environment hook '/home/delewlew/software_for_robotics_part2/install/week10_exercise_2/share/week10_exercise_2/hook/pythonpath.sh'
[9.626s] Level 1:colcon.colcon_core.environment:checking '/home/delewlew/software_for_robotics_part2/install/week10_exercise_2/bin'
[9.627s] Level 1:colcon.colcon_core.environment:create_environment_scripts_only(week10_exercise_2)
[9.628s] INFO:colcon.colcon_core.shell:Creating package script '/home/delewlew/software_for_robotics_part2/install/week10_exercise_2/share/week10_exercise_2/package.ps1'
[9.631s] INFO:colcon.colcon_core.shell:Creating package descriptor '/home/delewlew/software_for_robotics_part2/install/week10_exercise_2/share/week10_exercise_2/package.dsv'
[9.634s] INFO:colcon.colcon_core.shell:Creating package script '/home/delewlew/software_for_robotics_part2/install/week10_exercise_2/share/week10_exercise_2/package.sh'
[9.638s] INFO:colcon.colcon_core.shell:Creating package script '/home/delewlew/software_for_robotics_part2/install/week10_exercise_2/share/week10_exercise_2/package.bash'
[9.642s] INFO:colcon.colcon_core.shell:Creating package script '/home/delewlew/software_for_robotics_part2/install/week10_exercise_2/share/week10_exercise_2/package.zsh'
[9.646s] Level 1:colcon.colcon_core.environment:create_file_with_runtime_dependencies(/home/delewlew/software_for_robotics_part2/install/week10_exercise_2/share/colcon-core/packages/week10_exercise_2)
[9.654s] DEBUG:colcon.colcon_core.event_handler.log_command:Invoking command in '/home/delewlew/software_for_robotics_part2/src/example_gz_robot': PYTHONPATH=/home/delewlew/software_for_robotics_part2/build/example_gz_robot/prefix_override:/usr/lib/python3/dist-packages/colcon_core/task/python/colcon_distutils_commands:/home/delewlew/software_for_robotics_part2/install/example_gz_robot/lib/python3.10/site-packages:${PYTHONPATH} /usr/bin/python3 -W ignore:setup.py install is deprecated setup.py egg_info --egg-base ../../build/example_gz_robot build --build-base /home/delewlew/software_for_robotics_part2/build/example_gz_robot/build install --record /home/delewlew/software_for_robotics_part2/build/example_gz_robot/install.log --single-version-externally-managed install_data
[9.919s] DEBUG:colcon.colcon_core.event_handler.log_command:Invoking command in '/home/delewlew/software_for_robotics_part2/src/example_urdf_description': PYTHONPATH=/home/delewlew/software_for_robotics_part2/build/example_urdf_description/prefix_override:/usr/lib/python3/dist-packages/colcon_core/task/python/colcon_distutils_commands:/home/delewlew/software_for_robotics_part2/install/example_urdf_description/lib/python3.10/site-packages:${PYTHONPATH} /usr/bin/python3 -W ignore:setup.py install is deprecated setup.py egg_info --egg-base ../../build/example_urdf_description build --build-base /home/delewlew/software_for_robotics_part2/build/example_urdf_description/build install --record /home/delewlew/software_for_robotics_part2/build/example_urdf_description/install.log --single-version-externally-managed install_data
[10.042s] DEBUG:colcon.colcon_core.event_handler.log_command:Invoking command in '/home/delewlew/software_for_robotics_part2/src/gz_example_robot_description': PYTHONPATH=/home/delewlew/software_for_robotics_part2/build/gz_example_robot_description/prefix_override:/usr/lib/python3/dist-packages/colcon_core/task/python/colcon_distutils_commands:/home/delewlew/software_for_robotics_part2/install/gz_example_robot_description/lib/python3.10/site-packages:${PYTHONPATH} /usr/bin/python3 -W ignore:setup.py install is deprecated setup.py egg_info --egg-base ../../build/gz_example_robot_description build --build-base /home/delewlew/software_for_robotics_part2/build/gz_example_robot_description/build install --record /home/delewlew/software_for_robotics_part2/build/gz_example_robot_description/install.log --single-version-externally-managed install_data
[10.078s] DEBUG:colcon.colcon_core.event_handler.log_command:Invoking command in '/home/delewlew/software_for_robotics_part2/src/navigation_demos': PYTHONPATH=/home/delewlew/software_for_robotics_part2/build/navigation_demos/prefix_override:/usr/lib/python3/dist-packages/colcon_core/task/python/colcon_distutils_commands:/home/delewlew/software_for_robotics_part2/install/navigation_demos/lib/python3.10/site-packages:${PYTHONPATH} /usr/bin/python3 -W ignore:setup.py install is deprecated setup.py egg_info --egg-base ../../build/navigation_demos build --build-base /home/delewlew/software_for_robotics_part2/build/navigation_demos/build install --record /home/delewlew/software_for_robotics_part2/build/navigation_demos/install.log --single-version-externally-managed install_data
[10.671s] Level 1:colcon.colcon_core.environment:checking '/home/delewlew/software_for_robotics_part2/install/bt_demos' for CMake module files
[10.674s] Level 1:colcon.colcon_core.environment:checking '/home/delewlew/software_for_robotics_part2/install/bt_demos' for CMake config files
[10.675s] DEBUG:colcon.colcon_core.event_handler.log_command:Invoked command in '/home/delewlew/software_for_robotics_part2/src/bt_demos' returned '0': PYTHONPATH=/home/delewlew/software_for_robotics_part2/build/bt_demos/prefix_override:/usr/lib/python3/dist-packages/colcon_core/task/python/colcon_distutils_commands:/home/delewlew/software_for_robotics_part2/install/bt_demos/lib/python3.10/site-packages:${PYTHONPATH} /usr/bin/python3 -W ignore:setup.py install is deprecated setup.py egg_info --egg-base ../../build/bt_demos build --build-base /home/delewlew/software_for_robotics_part2/build/bt_demos/build install --record /home/delewlew/software_for_robotics_part2/build/bt_demos/install.log --single-version-externally-managed install_data
[10.679s] Level 1:colcon.colcon_core.environment:checking '/home/delewlew/software_for_robotics_part2/install/bt_demos/lib'
[10.679s] Level 1:colcon.colcon_core.environment:checking '/home/delewlew/software_for_robotics_part2/install/bt_demos/bin'
[10.680s] Level 1:colcon.colcon_core.environment:checking '/home/delewlew/software_for_robotics_part2/install/bt_demos/lib/pkgconfig/bt_demos.pc'
[10.694s] Level 1:colcon.colcon_core.environment:checking '/home/delewlew/software_for_robotics_part2/install/bt_demos/lib/python3.10/site-packages'
[10.698s] Level 1:colcon.colcon_core.shell:create_environment_hook('bt_demos', 'pythonpath')
[10.700s] INFO:colcon.colcon_core.shell:Creating environment hook '/home/delewlew/software_for_robotics_part2/install/bt_demos/share/bt_demos/hook/pythonpath.ps1'
[10.703s] INFO:colcon.colcon_core.shell:Creating environment descriptor '/home/delewlew/software_for_robotics_part2/install/bt_demos/share/bt_demos/hook/pythonpath.dsv'
[10.705s] INFO:colcon.colcon_core.shell:Creating environment hook '/home/delewlew/software_for_robotics_part2/install/bt_demos/share/bt_demos/hook/pythonpath.sh'
[10.709s] Level 1:colcon.colcon_core.environment:checking '/home/delewlew/software_for_robotics_part2/install/bt_demos/bin'
[10.709s] Level 1:colcon.colcon_core.environment:create_environment_scripts_only(bt_demos)
[10.711s] INFO:colcon.colcon_core.shell:Creating package script '/home/delewlew/software_for_robotics_part2/install/bt_demos/share/bt_demos/package.ps1'
[10.714s] INFO:colcon.colcon_core.shell:Creating package descriptor '/home/delewlew/software_for_robotics_part2/install/bt_demos/share/bt_demos/package.dsv'
[10.717s] INFO:colcon.colcon_core.shell:Creating package script '/home/delewlew/software_for_robotics_part2/install/bt_demos/share/bt_demos/package.sh'
[10.720s] INFO:colcon.colcon_core.shell:Creating package script '/home/delewlew/software_for_robotics_part2/install/bt_demos/share/bt_demos/package.bash'
[10.723s] INFO:colcon.colcon_core.shell:Creating package script '/home/delewlew/software_for_robotics_part2/install/bt_demos/share/bt_demos/package.zsh'
[10.728s] Level 1:colcon.colcon_core.environment:create_file_with_runtime_dependencies(/home/delewlew/software_for_robotics_part2/install/bt_demos/share/colcon-core/packages/bt_demos)
[10.740s] Level 1:colcon.colcon_core.environment:checking '/home/delewlew/software_for_robotics_part2/install/example_urdf_robot' for CMake module files
[10.742s] DEBUG:colcon.colcon_core.event_handler.log_command:Invoked command in '/home/delewlew/software_for_robotics_part2/src/example_urdf_robot' returned '0': PYTHONPATH=/home/delewlew/software_for_robotics_part2/build/example_urdf_robot/prefix_override:/usr/lib/python3/dist-packages/colcon_core/task/python/colcon_distutils_commands:/home/delewlew/software_for_robotics_part2/install/example_urdf_robot/lib/python3.10/site-packages:${PYTHONPATH} /usr/bin/python3 -W ignore:setup.py install is deprecated setup.py egg_info --egg-base ../../build/example_urdf_robot build --build-base /home/delewlew/software_for_robotics_part2/build/example_urdf_robot/build install --record /home/delewlew/software_for_robotics_part2/build/example_urdf_robot/install.log --single-version-externally-managed install_data
[10.747s] Level 1:colcon.colcon_core.environment:checking '/home/delewlew/software_for_robotics_part2/install/example_urdf_robot' for CMake config files
[10.749s] Level 1:colcon.colcon_core.environment:checking '/home/delewlew/software_for_robotics_part2/install/example_urdf_robot/lib'
[10.749s] Level 1:colcon.colcon_core.environment:checking '/home/delewlew/software_for_robotics_part2/install/example_urdf_robot/bin'
[10.749s] Level 1:colcon.colcon_core.environment:checking '/home/delewlew/software_for_robotics_part2/install/example_urdf_robot/lib/pkgconfig/example_urdf_robot.pc'
[10.750s] Level 1:colcon.colcon_core.environment:checking '/home/delewlew/software_for_robotics_part2/install/example_urdf_robot/lib/python3.10/site-packages'
[10.750s] Level 1:colcon.colcon_core.shell:create_environment_hook('example_urdf_robot', 'pythonpath')
[10.751s] INFO:colcon.colcon_core.shell:Creating environment hook '/home/delewlew/software_for_robotics_part2/install/example_urdf_robot/share/example_urdf_robot/hook/pythonpath.ps1'
[10.753s] INFO:colcon.colcon_core.shell:Creating environment descriptor '/home/delewlew/software_for_robotics_part2/install/example_urdf_robot/share/example_urdf_robot/hook/pythonpath.dsv'
[10.755s] INFO:colcon.colcon_core.shell:Creating environment hook '/home/delewlew/software_for_robotics_part2/install/example_urdf_robot/share/example_urdf_robot/hook/pythonpath.sh'
[10.760s] Level 1:colcon.colcon_core.environment:checking '/home/delewlew/software_for_robotics_part2/install/example_urdf_robot/bin'
[10.760s] Level 1:colcon.colcon_core.environment:create_environment_scripts_only(example_urdf_robot)
[10.764s] INFO:colcon.colcon_core.shell:Creating package script '/home/delewlew/software_for_robotics_part2/install/example_urdf_robot/share/example_urdf_robot/package.ps1'
[10.766s] INFO:colcon.colcon_core.shell:Creating package descriptor '/home/delewlew/software_for_robotics_part2/install/example_urdf_robot/share/example_urdf_robot/package.dsv'
[10.768s] INFO:colcon.colcon_core.shell:Creating package script '/home/delewlew/software_for_robotics_part2/install/example_urdf_robot/share/example_urdf_robot/package.sh'
[10.770s] INFO:colcon.colcon_core.shell:Creating package script '/home/delewlew/software_for_robotics_part2/install/example_urdf_robot/share/example_urdf_robot/package.bash'
[10.772s] INFO:colcon.colcon_core.shell:Creating package script '/home/delewlew/software_for_robotics_part2/install/example_urdf_robot/share/example_urdf_robot/package.zsh'
[10.775s] Level 1:colcon.colcon_core.environment:create_file_with_runtime_dependencies(/home/delewlew/software_for_robotics_part2/install/example_urdf_robot/share/colcon-core/packages/example_urdf_robot)
[11.142s] Level 1:colcon.colcon_core.environment:checking '/home/delewlew/software_for_robotics_part2/install/gz_example_robot_description' for CMake module files
[11.147s] Level 1:colcon.colcon_core.environment:checking '/home/delewlew/software_for_robotics_part2/install/gz_example_robot_description' for CMake config files
[11.145s] DEBUG:colcon.colcon_core.event_handler.log_command:Invoked command in '/home/delewlew/software_for_robotics_part2/src/gz_example_robot_description' returned '0': PYTHONPATH=/home/delewlew/software_for_robotics_part2/build/gz_example_robot_description/prefix_override:/usr/lib/python3/dist-packages/colcon_core/task/python/colcon_distutils_commands:/home/delewlew/software_for_robotics_part2/install/gz_example_robot_description/lib/python3.10/site-packages:${PYTHONPATH} /usr/bin/python3 -W ignore:setup.py install is deprecated setup.py egg_info --egg-base ../../build/gz_example_robot_description build --build-base /home/delewlew/software_for_robotics_part2/build/gz_example_robot_description/build install --record /home/delewlew/software_for_robotics_part2/build/gz_example_robot_description/install.log --single-version-externally-managed install_data
[11.153s] Level 1:colcon.colcon_core.environment:checking '/home/delewlew/software_for_robotics_part2/install/gz_example_robot_description/lib'
[11.154s] Level 1:colcon.colcon_core.environment:checking '/home/delewlew/software_for_robotics_part2/install/gz_example_robot_description/bin'
[11.155s] Level 1:colcon.colcon_core.environment:checking '/home/delewlew/software_for_robotics_part2/install/gz_example_robot_description/lib/pkgconfig/gz_example_robot_description.pc'
[11.157s] Level 1:colcon.colcon_core.environment:checking '/home/delewlew/software_for_robotics_part2/install/gz_example_robot_description/lib/python3.10/site-packages'
[11.159s] Level 1:colcon.colcon_core.shell:create_environment_hook('gz_example_robot_description', 'pythonpath')
[11.160s] INFO:colcon.colcon_core.shell:Creating environment hook '/home/delewlew/software_for_robotics_part2/install/gz_example_robot_description/share/gz_example_robot_description/hook/pythonpath.ps1'
[11.169s] INFO:colcon.colcon_core.shell:Creating environment descriptor '/home/delewlew/software_for_robotics_part2/install/gz_example_robot_description/share/gz_example_robot_description/hook/pythonpath.dsv'
[11.172s] INFO:colcon.colcon_core.shell:Creating environment hook '/home/delewlew/software_for_robotics_part2/install/gz_example_robot_description/share/gz_example_robot_description/hook/pythonpath.sh'
[11.180s] Level 1:colcon.colcon_core.environment:checking '/home/delewlew/software_for_robotics_part2/install/gz_example_robot_description/bin'
[11.182s] Level 1:colcon.colcon_core.environment:create_environment_scripts_only(gz_example_robot_description)
[11.183s] INFO:colcon.colcon_core.shell:Creating package script '/home/delewlew/software_for_robotics_part2/install/gz_example_robot_description/share/gz_example_robot_description/package.ps1'
[11.186s] INFO:colcon.colcon_core.shell:Creating package descriptor '/home/delewlew/software_for_robotics_part2/install/gz_example_robot_description/share/gz_example_robot_description/package.dsv'
[11.190s] INFO:colcon.colcon_core.shell:Creating package script '/home/delewlew/software_for_robotics_part2/install/gz_example_robot_description/share/gz_example_robot_description/package.sh'
[11.193s] INFO:colcon.colcon_core.shell:Creating package script '/home/delewlew/software_for_robotics_part2/install/gz_example_robot_description/share/gz_example_robot_description/package.bash'
[11.196s] INFO:colcon.colcon_core.shell:Creating package script '/home/delewlew/software_for_robotics_part2/install/gz_example_robot_description/share/gz_example_robot_description/package.zsh'
[11.198s] Level 1:colcon.colcon_core.environment:create_file_with_runtime_dependencies(/home/delewlew/software_for_robotics_part2/install/gz_example_robot_description/share/colcon-core/packages/gz_example_robot_description)
[11.445s] Level 1:colcon.colcon_core.environment:checking '/home/delewlew/software_for_robotics_part2/install/example_gz_robot' for CMake module files
[11.450s] DEBUG:colcon.colcon_core.event_handler.log_command:Invoked command in '/home/delewlew/software_for_robotics_part2/src/example_gz_robot' returned '0': PYTHONPATH=/home/delewlew/software_for_robotics_part2/build/example_gz_robot/prefix_override:/usr/lib/python3/dist-packages/colcon_core/task/python/colcon_distutils_commands:/home/delewlew/software_for_robotics_part2/install/example_gz_robot/lib/python3.10/site-packages:${PYTHONPATH} /usr/bin/python3 -W ignore:setup.py install is deprecated setup.py egg_info --egg-base ../../build/example_gz_robot build --build-base /home/delewlew/software_for_robotics_part2/build/example_gz_robot/build install --record /home/delewlew/software_for_robotics_part2/build/example_gz_robot/install.log --single-version-externally-managed install_data
[11.454s] Level 1:colcon.colcon_core.environment:checking '/home/delewlew/software_for_robotics_part2/install/example_gz_robot' for CMake config files
[11.466s] Level 1:colcon.colcon_core.environment:checking '/home/delewlew/software_for_robotics_part2/install/example_gz_robot/lib'
[11.470s] Level 1:colcon.colcon_core.environment:checking '/home/delewlew/software_for_robotics_part2/install/example_gz_robot/bin'
[11.470s] Level 1:colcon.colcon_core.environment:checking '/home/delewlew/software_for_robotics_part2/install/example_gz_robot/lib/pkgconfig/example_gz_robot.pc'
[11.471s] Level 1:colcon.colcon_core.environment:checking '/home/delewlew/software_for_robotics_part2/install/example_gz_robot/lib/python3.10/site-packages'
[11.471s] Level 1:colcon.colcon_core.shell:create_environment_hook('example_gz_robot', 'pythonpath')
[11.471s] INFO:colcon.colcon_core.shell:Creating environment hook '/home/delewlew/software_for_robotics_part2/install/example_gz_robot/share/example_gz_robot/hook/pythonpath.ps1'
[11.474s] INFO:colcon.colcon_core.shell:Creating environment descriptor '/home/delewlew/software_for_robotics_part2/install/example_gz_robot/share/example_gz_robot/hook/pythonpath.dsv'
[11.476s] INFO:colcon.colcon_core.shell:Creating environment hook '/home/delewlew/software_for_robotics_part2/install/example_gz_robot/share/example_gz_robot/hook/pythonpath.sh'
[11.478s] Level 1:colcon.colcon_core.environment:checking '/home/delewlew/software_for_robotics_part2/install/example_gz_robot/bin'
[11.478s] Level 1:colcon.colcon_core.environment:create_environment_scripts_only(example_gz_robot)
[11.479s] INFO:colcon.colcon_core.shell:Creating package script '/home/delewlew/software_for_robotics_part2/install/example_gz_robot/share/example_gz_robot/package.ps1'
[11.480s] INFO:colcon.colcon_core.shell:Creating package descriptor '/home/delewlew/software_for_robotics_part2/install/example_gz_robot/share/example_gz_robot/package.dsv'
[11.481s] INFO:colcon.colcon_core.shell:Creating package script '/home/delewlew/software_for_robotics_part2/install/example_gz_robot/share/example_gz_robot/package.sh'
[11.483s] INFO:colcon.colcon_core.shell:Creating package script '/home/delewlew/software_for_robotics_part2/install/example_gz_robot/share/example_gz_robot/package.bash'
[11.483s] INFO:colcon.colcon_core.shell:Creating package script '/home/delewlew/software_for_robotics_part2/install/example_gz_robot/share/example_gz_robot/package.zsh'
[11.484s] Level 1:colcon.colcon_core.environment:create_file_with_runtime_dependencies(/home/delewlew/software_for_robotics_part2/install/example_gz_robot/share/colcon-core/packages/example_gz_robot)
[11.505s] Level 1:colcon.colcon_core.environment:checking '/home/delewlew/software_for_robotics_part2/install/navigation_demos' for CMake module files
[11.506s] Level 1:colcon.colcon_core.environment:checking '/home/delewlew/software_for_robotics_part2/install/navigation_demos' for CMake config files
[11.508s] Level 1:colcon.colcon_core.environment:checking '/home/delewlew/software_for_robotics_part2/install/navigation_demos/lib'
[11.508s] Level 1:colcon.colcon_core.environment:checking '/home/delewlew/software_for_robotics_part2/install/navigation_demos/bin'
[11.508s] Level 1:colcon.colcon_core.environment:checking '/home/delewlew/software_for_robotics_part2/install/navigation_demos/lib/pkgconfig/navigation_demos.pc'
[11.509s] DEBUG:colcon.colcon_core.event_handler.log_command:Invoked command in '/home/delewlew/software_for_robotics_part2/src/navigation_demos' returned '0': PYTHONPATH=/home/delewlew/software_for_robotics_part2/build/navigation_demos/prefix_override:/usr/lib/python3/dist-packages/colcon_core/task/python/colcon_distutils_commands:/home/delewlew/software_for_robotics_part2/install/navigation_demos/lib/python3.10/site-packages:${PYTHONPATH} /usr/bin/python3 -W ignore:setup.py install is deprecated setup.py egg_info --egg-base ../../build/navigation_demos build --build-base /home/delewlew/software_for_robotics_part2/build/navigation_demos/build install --record /home/delewlew/software_for_robotics_part2/build/navigation_demos/install.log --single-version-externally-managed install_data
[11.509s] Level 1:colcon.colcon_core.environment:checking '/home/delewlew/software_for_robotics_part2/install/navigation_demos/lib/python3.10/site-packages'
[11.510s] Level 1:colcon.colcon_core.shell:create_environment_hook('navigation_demos', 'pythonpath')
[11.510s] INFO:colcon.colcon_core.shell:Creating environment hook '/home/delewlew/software_for_robotics_part2/install/navigation_demos/share/navigation_demos/hook/pythonpath.ps1'
[11.511s] INFO:colcon.colcon_core.shell:Creating environment descriptor '/home/delewlew/software_for_robotics_part2/install/navigation_demos/share/navigation_demos/hook/pythonpath.dsv'
[11.512s] INFO:colcon.colcon_core.shell:Creating environment hook '/home/delewlew/software_for_robotics_part2/install/navigation_demos/share/navigation_demos/hook/pythonpath.sh'
[11.513s] Level 1:colcon.colcon_core.environment:checking '/home/delewlew/software_for_robotics_part2/install/navigation_demos/bin'
[11.513s] Level 1:colcon.colcon_core.environment:create_environment_scripts_only(navigation_demos)
[11.514s] INFO:colcon.colcon_core.shell:Creating package script '/home/delewlew/software_for_robotics_part2/install/navigation_demos/share/navigation_demos/package.ps1'
[11.515s] INFO:colcon.colcon_core.shell:Creating package descriptor '/home/delewlew/software_for_robotics_part2/install/navigation_demos/share/navigation_demos/package.dsv'
[11.516s] INFO:colcon.colcon_core.shell:Creating package script '/home/delewlew/software_for_robotics_part2/install/navigation_demos/share/navigation_demos/package.sh'
[11.516s] INFO:colcon.colcon_core.shell:Creating package script '/home/delewlew/software_for_robotics_part2/install/navigation_demos/share/navigation_demos/package.bash'
[11.517s] INFO:colcon.colcon_core.shell:Creating package script '/home/delewlew/software_for_robotics_part2/install/navigation_demos/share/navigation_demos/package.zsh'
[11.518s] Level 1:colcon.colcon_core.environment:create_file_with_runtime_dependencies(/home/delewlew/software_for_robotics_part2/install/navigation_demos/share/colcon-core/packages/navigation_demos)
[11.664s] Level 1:colcon.colcon_core.environment:checking '/home/delewlew/software_for_robotics_part2/install/example_urdf_description' for CMake module files
[11.666s] DEBUG:colcon.colcon_core.event_handler.log_command:Invoked command in '/home/delewlew/software_for_robotics_part2/src/example_urdf_description' returned '0': PYTHONPATH=/home/delewlew/software_for_robotics_part2/build/example_urdf_description/prefix_override:/usr/lib/python3/dist-packages/colcon_core/task/python/colcon_distutils_commands:/home/delewlew/software_for_robotics_part2/install/example_urdf_description/lib/python3.10/site-packages:${PYTHONPATH} /usr/bin/python3 -W ignore:setup.py install is deprecated setup.py egg_info --egg-base ../../build/example_urdf_description build --build-base /home/delewlew/software_for_robotics_part2/build/example_urdf_description/build install --record /home/delewlew/software_for_robotics_part2/build/example_urdf_description/install.log --single-version-externally-managed install_data
[11.667s] Level 1:colcon.colcon_core.environment:checking '/home/delewlew/software_for_robotics_part2/install/example_urdf_description' for CMake config files
[11.668s] Level 1:colcon.colcon_core.environment:checking '/home/delewlew/software_for_robotics_part2/install/example_urdf_description/lib'
[11.669s] Level 1:colcon.colcon_core.environment:checking '/home/delewlew/software_for_robotics_part2/install/example_urdf_description/bin'
[11.669s] Level 1:colcon.colcon_core.environment:checking '/home/delewlew/software_for_robotics_part2/install/example_urdf_description/lib/pkgconfig/example_urdf_description.pc'
[11.671s] Level 1:colcon.colcon_core.environment:checking '/home/delewlew/software_for_robotics_part2/install/example_urdf_description/lib/python3.10/site-packages'
[11.672s] Level 1:colcon.colcon_core.shell:create_environment_hook('example_urdf_description', 'pythonpath')
[11.673s] INFO:colcon.colcon_core.shell:Creating environment hook '/home/delewlew/software_for_robotics_part2/install/example_urdf_description/share/example_urdf_description/hook/pythonpath.ps1'
[11.675s] INFO:colcon.colcon_core.shell:Creating environment descriptor '/home/delewlew/software_for_robotics_part2/install/example_urdf_description/share/example_urdf_description/hook/pythonpath.dsv'
[11.678s] INFO:colcon.colcon_core.shell:Creating environment hook '/home/delewlew/software_for_robotics_part2/install/example_urdf_description/share/example_urdf_description/hook/pythonpath.sh'
[11.680s] Level 1:colcon.colcon_core.environment:checking '/home/delewlew/software_for_robotics_part2/install/example_urdf_description/bin'
[11.680s] Level 1:colcon.colcon_core.environment:create_environment_scripts_only(example_urdf_description)
[11.681s] INFO:colcon.colcon_core.shell:Creating package script '/home/delewlew/software_for_robotics_part2/install/example_urdf_description/share/example_urdf_description/package.ps1'
[11.684s] INFO:colcon.colcon_core.shell:Creating package descriptor '/home/delewlew/software_for_robotics_part2/install/example_urdf_description/share/example_urdf_description/package.dsv'
[11.686s] INFO:colcon.colcon_core.shell:Creating package script '/home/delewlew/software_for_robotics_part2/install/example_urdf_description/share/example_urdf_description/package.sh'
[11.687s] INFO:colcon.colcon_core.shell:Creating package script '/home/delewlew/software_for_robotics_part2/install/example_urdf_description/share/example_urdf_description/package.bash'
[11.689s] INFO:colcon.colcon_core.shell:Creating package script '/home/delewlew/software_for_robotics_part2/install/example_urdf_description/share/example_urdf_description/package.zsh'
[11.692s] Level 1:colcon.colcon_core.environment:create_file_with_runtime_dependencies(/home/delewlew/software_for_robotics_part2/install/example_urdf_description/share/colcon-core/packages/example_urdf_description)
[11.694s] DEBUG:colcon.colcon_parallel_executor.executor.parallel:closing loop
[11.700s] DEBUG:colcon.colcon_parallel_executor.executor.parallel:loop closed
[11.701s] DEBUG:colcon.colcon_parallel_executor.executor.parallel:run_until_complete finished with '0'
[11.701s] DEBUG:colcon.colcon_core.event_reactor:joining thread
[11.720s] INFO:colcon.colcon_core.plugin_system:Skipping extension 'colcon_notification.desktop_notification.terminal_notifier': Not used on non-Darwin systems
[11.721s] INFO:colcon.colcon_core.plugin_system:Skipping extension 'colcon_notification.desktop_notification.win32': Not used on non-Windows systems
[11.721s] INFO:colcon.colcon_notification.desktop_notification:Sending desktop notification using 'notify2'
[11.803s] DEBUG:colcon.colcon_core.event_reactor:joined thread
[11.804s] INFO:colcon.colcon_core.shell:Creating prefix script '/home/delewlew/software_for_robotics_part2/install/local_setup.ps1'
[11.808s] INFO:colcon.colcon_core.shell:Creating prefix util module '/home/delewlew/software_for_robotics_part2/install/_local_setup_util_ps1.py'
[11.812s] INFO:colcon.colcon_core.shell:Creating prefix chain script '/home/delewlew/software_for_robotics_part2/install/setup.ps1'
[11.815s] INFO:colcon.colcon_core.shell:Creating prefix script '/home/delewlew/software_for_robotics_part2/install/local_setup.sh'
[11.817s] INFO:colcon.colcon_core.shell:Creating prefix util module '/home/delewlew/software_for_robotics_part2/install/_local_setup_util_sh.py'
[11.819s] INFO:colcon.colcon_core.shell:Creating prefix chain script '/home/delewlew/software_for_robotics_part2/install/setup.sh'
[11.823s] INFO:colcon.colcon_core.shell:Creating prefix script '/home/delewlew/software_for_robotics_part2/install/local_setup.bash'
[11.826s] INFO:colcon.colcon_core.shell:Creating prefix chain script '/home/delewlew/software_for_robotics_part2/install/setup.bash'
[11.829s] INFO:colcon.colcon_core.shell:Creating prefix script '/home/delewlew/software_for_robotics_part2/install/local_setup.zsh'
[11.831s] INFO:colcon.colcon_core.shell:Creating prefix chain script '/home/delewlew/software_for_robotics_part2/install/setup.zsh'
