[0.050s] Invoking command in '/home/delewlew/assessments/week4/build/leeds': CMAKE_PREFIX_PATH=/opt/ros/humble /usr/bin/cmake /home/delewlew/assessments/week4/src/leeds -DCMAKE_INSTALL_PREFIX=/home/delewlew/assessments/week4/install/leeds
[0.442s] -- The C compiler identification is GNU 11.4.0
[0.589s] -- The CXX compiler identification is GNU 11.4.0
[0.613s] -- Detecting C compiler ABI info
[0.743s] -- Detecting C compiler ABI info - done
[0.761s] -- Check for working C compiler: /usr/bin/cc - skipped
[0.764s] -- Detecting C compile features
[0.764s] -- Detecting C compile features - done
[0.773s] -- Detecting CXX compiler ABI info
[0.916s] -- Detecting CXX compiler ABI info - done
[0.932s] -- Check for working CXX compiler: /usr/bin/c++ - skipped
[0.933s] -- Detecting CXX compile features
[0.938s] -- Detecting CXX compile features - done
[0.953s] -- Found ament_cmake: 1.3.10 (/opt/ros/humble/share/ament_cmake/cmake)
[1.268s] -- Found Python3: /usr/bin/python3 (found version "3.10.12") found components: Interpreter 
[1.458s] -- Found rosidl_default_generators: 1.2.0 (/opt/ros/humble/share/rosidl_default_generators/cmake)
[1.467s] -- Using all available rosidl_typesupport_c: rosidl_typesupport_fastrtps_c;rosidl_typesupport_introspection_c
[1.486s] -- Found rosidl_adapter: 3.1.5 (/opt/ros/humble/share/rosidl_adapter/cmake)
[1.627s] -- Using all available rosidl_typesupport_cpp: rosidl_typesupport_fastrtps_cpp;rosidl_typesupport_introspection_cpp
[1.898s] [31mCMake Error at /opt/ros/humble/share/rosidl_cmake/cmake/rosidl_generate_interfaces.cmake:162 (message):
[1.898s]   rosidl_generate_interfaces() the passed dependency 'String' has not been
[1.898s]   found before using find_package()
[1.898s] Call Stack (most recent call first):
[1.898s]   CMakeLists.txt:34 (rosidl_generate_interfaces)
[1.898s] 
[1.898s] [0m
[1.898s] -- Configuring incomplete, errors occurred!
[1.898s] See also "/home/delewlew/assessments/week4/build/leeds/CMakeFiles/CMakeOutput.log".
[1.908s] Invoked command in '/home/delewlew/assessments/week4/build/leeds' returned '1': CMAKE_PREFIX_PATH=/opt/ros/humble /usr/bin/cmake /home/delewlew/assessments/week4/src/leeds -DCMAKE_INSTALL_PREFIX=/home/delewlew/assessments/week4/install/leeds
