[0.523s] Invoking command in '/home/delewlew/ros2_tutorial_workspace/src/python_package_that_uses_the_messages': PYTHONPATH=/home/delewlew/ros2_tutorial_workspace/build/python_package_that_uses_the_messages/prefix_override:/usr/lib/python3/dist-packages/colcon_core/task/python/colcon_distutils_commands:/home/delewlew/ros2_tutorial_workspace/install/python_package_that_uses_the_messages/lib/python3.10/site-packages:${PYTHONPATH} /usr/bin/python3 -W ignore:setup.py install is deprecated setup.py egg_info --egg-base ../../build/python_package_that_uses_the_messages build --build-base /home/delewlew/ros2_tutorial_workspace/build/python_package_that_uses_the_messages/build install --record /home/delewlew/ros2_tutorial_workspace/build/python_package_that_uses_the_messages/install.log --single-version-externally-managed install_data
[0.696s] running egg_info
[0.697s] creating ../../build/python_package_that_uses_the_messages/python_package_that_uses_the_messages.egg-info
[0.697s] writing ../../build/python_package_that_uses_the_messages/python_package_that_uses_the_messages.egg-info/PKG-INFO
[0.697s] writing dependency_links to ../../build/python_package_that_uses_the_messages/python_package_that_uses_the_messages.egg-info/dependency_links.txt
[0.697s] writing entry points to ../../build/python_package_that_uses_the_messages/python_package_that_uses_the_messages.egg-info/entry_points.txt
[0.697s] writing requirements to ../../build/python_package_that_uses_the_messages/python_package_that_uses_the_messages.egg-info/requires.txt
[0.697s] writing top-level names to ../../build/python_package_that_uses_the_messages/python_package_that_uses_the_messages.egg-info/top_level.txt
[0.698s] writing manifest file '../../build/python_package_that_uses_the_messages/python_package_that_uses_the_messages.egg-info/SOURCES.txt'
[0.698s] reading manifest file '../../build/python_package_that_uses_the_messages/python_package_that_uses_the_messages.egg-info/SOURCES.txt'
[0.699s] writing manifest file '../../build/python_package_that_uses_the_messages/python_package_that_uses_the_messages.egg-info/SOURCES.txt'
[0.699s] running build
[0.699s] running build_py
[0.700s] creating /home/delewlew/ros2_tutorial_workspace/build/python_package_that_uses_the_messages/build
[0.700s] creating /home/delewlew/ros2_tutorial_workspace/build/python_package_that_uses_the_messages/build/lib
[0.700s] creating /home/delewlew/ros2_tutorial_workspace/build/python_package_that_uses_the_messages/build/lib/python_package_that_uses_the_messages
[0.700s] copying python_package_that_uses_the_messages/amazing_quote_publisher_node.py -> /home/delewlew/ros2_tutorial_workspace/build/python_package_that_uses_the_messages/build/lib/python_package_that_uses_the_messages
[0.700s] copying python_package_that_uses_the_messages/amazing_quote_subscriber_node.py -> /home/delewlew/ros2_tutorial_workspace/build/python_package_that_uses_the_messages/build/lib/python_package_that_uses_the_messages
[0.700s] copying python_package_that_uses_the_messages/__init__.py -> /home/delewlew/ros2_tutorial_workspace/build/python_package_that_uses_the_messages/build/lib/python_package_that_uses_the_messages
[0.700s] running install
[0.701s] running install_lib
[0.701s] creating /home/delewlew/ros2_tutorial_workspace/install/python_package_that_uses_the_messages/lib/python3.10/site-packages/python_package_that_uses_the_messages
[0.701s] copying /home/delewlew/ros2_tutorial_workspace/build/python_package_that_uses_the_messages/build/lib/python_package_that_uses_the_messages/amazing_quote_publisher_node.py -> /home/delewlew/ros2_tutorial_workspace/install/python_package_that_uses_the_messages/lib/python3.10/site-packages/python_package_that_uses_the_messages
[0.701s] copying /home/delewlew/ros2_tutorial_workspace/build/python_package_that_uses_the_messages/build/lib/python_package_that_uses_the_messages/amazing_quote_subscriber_node.py -> /home/delewlew/ros2_tutorial_workspace/install/python_package_that_uses_the_messages/lib/python3.10/site-packages/python_package_that_uses_the_messages
[0.702s] copying /home/delewlew/ros2_tutorial_workspace/build/python_package_that_uses_the_messages/build/lib/python_package_that_uses_the_messages/__init__.py -> /home/delewlew/ros2_tutorial_workspace/install/python_package_that_uses_the_messages/lib/python3.10/site-packages/python_package_that_uses_the_messages
[0.702s] byte-compiling /home/delewlew/ros2_tutorial_workspace/install/python_package_that_uses_the_messages/lib/python3.10/site-packages/python_package_that_uses_the_messages/amazing_quote_publisher_node.py to amazing_quote_publisher_node.cpython-310.pyc
[0.703s] byte-compiling /home/delewlew/ros2_tutorial_workspace/install/python_package_that_uses_the_messages/lib/python3.10/site-packages/python_package_that_uses_the_messages/amazing_quote_subscriber_node.py to amazing_quote_subscriber_node.cpython-310.pyc
[0.703s] byte-compiling /home/delewlew/ros2_tutorial_workspace/install/python_package_that_uses_the_messages/lib/python3.10/site-packages/python_package_that_uses_the_messages/__init__.py to __init__.cpython-310.pyc
[0.704s] running install_data
[0.704s] creating /home/delewlew/ros2_tutorial_workspace/install/python_package_that_uses_the_messages/share/ament_index
[0.704s] creating /home/delewlew/ros2_tutorial_workspace/install/python_package_that_uses_the_messages/share/ament_index/resource_index
[0.704s] creating /home/delewlew/ros2_tutorial_workspace/install/python_package_that_uses_the_messages/share/ament_index/resource_index/packages
[0.704s] copying resource/python_package_that_uses_the_messages -> /home/delewlew/ros2_tutorial_workspace/install/python_package_that_uses_the_messages/share/ament_index/resource_index/packages
[0.704s] copying package.xml -> /home/delewlew/ros2_tutorial_workspace/install/python_package_that_uses_the_messages/share/python_package_that_uses_the_messages
[0.704s] running install_egg_info
[0.706s] Copying ../../build/python_package_that_uses_the_messages/python_package_that_uses_the_messages.egg-info to /home/delewlew/ros2_tutorial_workspace/install/python_package_that_uses_the_messages/lib/python3.10/site-packages/python_package_that_uses_the_messages-0.0.0-py3.10.egg-info
[0.706s] running install_scripts
[0.722s] Installing amazing_quote_publisher_node script to /home/delewlew/ros2_tutorial_workspace/install/python_package_that_uses_the_messages/lib/python_package_that_uses_the_messages
[0.722s] Installing amazing_quote_subscriber_node script to /home/delewlew/ros2_tutorial_workspace/install/python_package_that_uses_the_messages/lib/python_package_that_uses_the_messages
[0.722s] writing list of installed files to '/home/delewlew/ros2_tutorial_workspace/build/python_package_that_uses_the_messages/install.log'
[0.741s] Invoked command in '/home/delewlew/ros2_tutorial_workspace/src/python_package_that_uses_the_messages' returned '0': PYTHONPATH=/home/delewlew/ros2_tutorial_workspace/build/python_package_that_uses_the_messages/prefix_override:/usr/lib/python3/dist-packages/colcon_core/task/python/colcon_distutils_commands:/home/delewlew/ros2_tutorial_workspace/install/python_package_that_uses_the_messages/lib/python3.10/site-packages:${PYTHONPATH} /usr/bin/python3 -W ignore:setup.py install is deprecated setup.py egg_info --egg-base ../../build/python_package_that_uses_the_messages build --build-base /home/delewlew/ros2_tutorial_workspace/build/python_package_that_uses_the_messages/build install --record /home/delewlew/ros2_tutorial_workspace/build/python_package_that_uses_the_messages/install.log --single-version-externally-managed install_data
