running egg_info
creating ../build/CA8_package_incomplete/CA8_package_incomplete.egg-info
writing ../build/CA8_package_incomplete/CA8_package_incomplete.egg-info/PKG-INFO
writing dependency_links to ../build/CA8_package_incomplete/CA8_package_incomplete.egg-info/dependency_links.txt
writing entry points to ../build/CA8_package_incomplete/CA8_package_incomplete.egg-info/entry_points.txt
writing requirements to ../build/CA8_package_incomplete/CA8_package_incomplete.egg-info/requires.txt
writing top-level names to ../build/CA8_package_incomplete/CA8_package_incomplete.egg-info/top_level.txt
writing manifest file '../build/CA8_package_incomplete/CA8_package_incomplete.egg-info/SOURCES.txt'
reading manifest file '../build/CA8_package_incomplete/CA8_package_incomplete.egg-info/SOURCES.txt'
adding license file 'LICENSE'
writing manifest file '../build/CA8_package_incomplete/CA8_package_incomplete.egg-info/SOURCES.txt'
running build
running build_py
creating /home/delewlew/assessments/week8/src/build/CA8_package_incomplete/build
creating /home/delewlew/assessments/week8/src/build/CA8_package_incomplete/build/lib
creating /home/delewlew/assessments/week8/src/build/CA8_package_incomplete/build/lib/CA8_package
copying CA8_package/__init__.py -> /home/delewlew/assessments/week8/src/build/CA8_package_incomplete/build/lib/CA8_package
running install
running install_lib
creating /home/delewlew/assessments/week8/src/install/CA8_package_incomplete/lib/python3.10/site-packages/CA8_package
copying /home/delewlew/assessments/week8/src/build/CA8_package_incomplete/build/lib/CA8_package/__init__.py -> /home/delewlew/assessments/week8/src/install/CA8_package_incomplete/lib/python3.10/site-packages/CA8_package
byte-compiling /home/delewlew/assessments/week8/src/install/CA8_package_incomplete/lib/python3.10/site-packages/CA8_package/__init__.py to __init__.cpython-310.pyc
running install_data
creating /home/delewlew/assessments/week8/src/install/CA8_package_incomplete/share/ament_index
creating /home/delewlew/assessments/week8/src/install/CA8_package_incomplete/share/ament_index/resource_index
creating /home/delewlew/assessments/week8/src/install/CA8_package_incomplete/share/ament_index/resource_index/packages
copying resource/CA8_package_incomplete -> /home/delewlew/assessments/week8/src/install/CA8_package_incomplete/share/ament_index/resource_index/packages
copying package.xml -> /home/delewlew/assessments/week8/src/install/CA8_package_incomplete/share/CA8_package_incomplete
creating /home/delewlew/assessments/week8/src/install/CA8_package_incomplete/share/CA8_package_incomplete/urdf
copying urdf/example_gazebo.xacro -> /home/delewlew/assessments/week8/src/install/CA8_package_incomplete/share/CA8_package_incomplete/urdf
copying urdf/diff_drive.urdf.xacro -> /home/delewlew/assessments/week8/src/install/CA8_package_incomplete/share/CA8_package_incomplete/urdf
creating /home/delewlew/assessments/week8/src/install/CA8_package_incomplete/share/CA8_package_incomplete/meshes
copying meshes/Generic_100mm_lidar.stl -> /home/delewlew/assessments/week8/src/install/CA8_package_incomplete/share/CA8_package_incomplete/meshes
creating /home/delewlew/assessments/week8/src/install/CA8_package_incomplete/share/CA8_package_incomplete/worlds
creating /home/delewlew/assessments/week8/src/install/CA8_package_incomplete/share/CA8_package_incomplete/launch
copying launch/sim_robot.launch.py -> /home/delewlew/assessments/week8/src/install/CA8_package_incomplete/share/CA8_package_incomplete/launch
running install_egg_info
Copying ../build/CA8_package_incomplete/CA8_package_incomplete.egg-info to /home/delewlew/assessments/week8/src/install/CA8_package_incomplete/lib/python3.10/site-packages/CA8_package_incomplete-0.0.0-py3.10.egg-info
running install_scripts
writing list of installed files to '/home/delewlew/assessments/week8/src/build/CA8_package_incomplete/install.log'
