[0.759s] Invoking command in '/home/delewlew/assessments/coursework2/src/ada_lovelace_description': PYTHONPATH=/home/delewlew/assessments/coursework2/build/ada_lovelace_description/prefix_override:/usr/lib/python3/dist-packages/colcon_core/task/python/colcon_distutils_commands:/home/delewlew/assessments/coursework2/install/ada_lovelace_description/lib/python3.10/site-packages:${PYTHONPATH} /usr/bin/python3 -W ignore:setup.py install is deprecated setup.py egg_info --egg-base ../../build/ada_lovelace_description build --build-base /home/delewlew/assessments/coursework2/build/ada_lovelace_description/build install --record /home/delewlew/assessments/coursework2/build/ada_lovelace_description/install.log --single-version-externally-managed install_data
[1.021s] running egg_info
[1.022s] writing ../../build/ada_lovelace_description/ada_lovelace_description.egg-info/PKG-INFO
[1.022s] writing dependency_links to ../../build/ada_lovelace_description/ada_lovelace_description.egg-info/dependency_links.txt
[1.023s] writing entry points to ../../build/ada_lovelace_description/ada_lovelace_description.egg-info/entry_points.txt
[1.023s] writing requirements to ../../build/ada_lovelace_description/ada_lovelace_description.egg-info/requires.txt
[1.023s] writing top-level names to ../../build/ada_lovelace_description/ada_lovelace_description.egg-info/top_level.txt
[1.025s] reading manifest file '../../build/ada_lovelace_description/ada_lovelace_description.egg-info/SOURCES.txt'
[1.029s] writing manifest file '../../build/ada_lovelace_description/ada_lovelace_description.egg-info/SOURCES.txt'
[1.029s] running build
[1.029s] running build_py
[1.029s] running install
[1.031s] running install_lib
[1.032s] running install_data
[1.033s] running install_egg_info
[1.035s] removing '/home/delewlew/assessments/coursework2/install/ada_lovelace_description/lib/python3.10/site-packages/ada_lovelace_description-0.0.0-py3.10.egg-info' (and everything under it)
[1.036s] Copying ../../build/ada_lovelace_description/ada_lovelace_description.egg-info to /home/delewlew/assessments/coursework2/install/ada_lovelace_description/lib/python3.10/site-packages/ada_lovelace_description-0.0.0-py3.10.egg-info
[1.037s] running install_scripts
[1.062s] writing list of installed files to '/home/delewlew/assessments/coursework2/build/ada_lovelace_description/install.log'
[1.086s] Invoked command in '/home/delewlew/assessments/coursework2/src/ada_lovelace_description' returned '0': PYTHONPATH=/home/delewlew/assessments/coursework2/build/ada_lovelace_description/prefix_override:/usr/lib/python3/dist-packages/colcon_core/task/python/colcon_distutils_commands:/home/delewlew/assessments/coursework2/install/ada_lovelace_description/lib/python3.10/site-packages:${PYTHONPATH} /usr/bin/python3 -W ignore:setup.py install is deprecated setup.py egg_info --egg-base ../../build/ada_lovelace_description build --build-base /home/delewlew/assessments/coursework2/build/ada_lovelace_description/build install --record /home/delewlew/assessments/coursework2/build/ada_lovelace_description/install.log --single-version-externally-managed install_data
