[0.754s] Invoking command in '/home/delewlew/assessments/coursework1/src/cooing_code_pkg': AMENT_PREFIX_PATH=/home/delewlew/assessments/coursework1/src/install/cooing_code_interfaces:${AMENT_PREFIX_PATH} CMAKE_PREFIX_PATH=/home/delewlew/assessments/coursework1/src/install/cooing_code_interfaces LD_LIBRARY_PATH=/home/delewlew/assessments/coursework1/src/install/cooing_code_interfaces/lib:${LD_LIBRARY_PATH} PYTHONPATH=/home/delewlew/assessments/coursework1/src/build/cooing_code_pkg/prefix_override:/usr/lib/python3/dist-packages/colcon_core/task/python/colcon_distutils_commands:/home/delewlew/assessments/coursework1/src/install/cooing_code_pkg/lib/python3.10/site-packages:/home/delewlew/assessments/coursework1/src/install/cooing_code_interfaces/local/lib/python3.10/dist-packages:${PYTHONPATH} /usr/bin/python3 -W ignore:setup.py install is deprecated setup.py egg_info --egg-base ../build/cooing_code_pkg build --build-base /home/delewlew/assessments/coursework1/src/build/cooing_code_pkg/build install --record /home/delewlew/assessments/coursework1/src/build/cooing_code_pkg/install.log --single-version-externally-managed install_data
[1.001s] running egg_info
[1.002s] writing ../build/cooing_code_pkg/cooing_code_pkg.egg-info/PKG-INFO
[1.003s] writing dependency_links to ../build/cooing_code_pkg/cooing_code_pkg.egg-info/dependency_links.txt
[1.003s] writing entry points to ../build/cooing_code_pkg/cooing_code_pkg.egg-info/entry_points.txt
[1.003s] writing requirements to ../build/cooing_code_pkg/cooing_code_pkg.egg-info/requires.txt
[1.004s] writing top-level names to ../build/cooing_code_pkg/cooing_code_pkg.egg-info/top_level.txt
[1.009s] reading manifest file '../build/cooing_code_pkg/cooing_code_pkg.egg-info/SOURCES.txt'
[1.009s] writing manifest file '../build/cooing_code_pkg/cooing_code_pkg.egg-info/SOURCES.txt'
[1.009s] running build
[1.009s] running build_py
[1.010s] running install
[1.010s] running install_lib
[1.011s] running install_data
[1.011s] running install_egg_info
[1.014s] removing '/home/delewlew/assessments/coursework1/src/install/cooing_code_pkg/lib/python3.10/site-packages/cooing_code_pkg-0.0.0-py3.10.egg-info' (and everything under it)
[1.014s] Copying ../build/cooing_code_pkg/cooing_code_pkg.egg-info to /home/delewlew/assessments/coursework1/src/install/cooing_code_pkg/lib/python3.10/site-packages/cooing_code_pkg-0.0.0-py3.10.egg-info
[1.015s] running install_scripts
[1.041s] Installing cooing_code_node script to /home/delewlew/assessments/coursework1/src/install/cooing_code_pkg/lib/cooing_code_pkg
[1.042s] writing list of installed files to '/home/delewlew/assessments/coursework1/src/build/cooing_code_pkg/install.log'
[1.065s] Invoked command in '/home/delewlew/assessments/coursework1/src/cooing_code_pkg' returned '0': AMENT_PREFIX_PATH=/home/delewlew/assessments/coursework1/src/install/cooing_code_interfaces:${AMENT_PREFIX_PATH} CMAKE_PREFIX_PATH=/home/delewlew/assessments/coursework1/src/install/cooing_code_interfaces LD_LIBRARY_PATH=/home/delewlew/assessments/coursework1/src/install/cooing_code_interfaces/lib:${LD_LIBRARY_PATH} PYTHONPATH=/home/delewlew/assessments/coursework1/src/build/cooing_code_pkg/prefix_override:/usr/lib/python3/dist-packages/colcon_core/task/python/colcon_distutils_commands:/home/delewlew/assessments/coursework1/src/install/cooing_code_pkg/lib/python3.10/site-packages:/home/delewlew/assessments/coursework1/src/install/cooing_code_interfaces/local/lib/python3.10/dist-packages:${PYTHONPATH} /usr/bin/python3 -W ignore:setup.py install is deprecated setup.py egg_info --egg-base ../build/cooing_code_pkg build --build-base /home/delewlew/assessments/coursework1/src/build/cooing_code_pkg/build install --record /home/delewlew/assessments/coursework1/src/build/cooing_code_pkg/install.log --single-version-externally-managed install_data
