running egg_info
creating ../../build/ada_lovelace_description/ada_lovelace_description.egg-info
writing ../../build/ada_lovelace_description/ada_lovelace_description.egg-info/PKG-INFO
writing dependency_links to ../../build/ada_lovelace_description/ada_lovelace_description.egg-info/dependency_links.txt
writing entry points to ../../build/ada_lovelace_description/ada_lovelace_description.egg-info/entry_points.txt
writing requirements to ../../build/ada_lovelace_description/ada_lovelace_description.egg-info/requires.txt
writing top-level names to ../../build/ada_lovelace_description/ada_lovelace_description.egg-info/top_level.txt
writing manifest file '../../build/ada_lovelace_description/ada_lovelace_description.egg-info/SOURCES.txt'
reading manifest file '../../build/ada_lovelace_description/ada_lovelace_description.egg-info/SOURCES.txt'
writing manifest file '../../build/ada_lovelace_description/ada_lovelace_description.egg-info/SOURCES.txt'
running build
running build_py
creating /home/delewlew/assessments/coursework2/build/ada_lovelace_description/build
creating /home/delewlew/assessments/coursework2/build/ada_lovelace_description/build/lib
creating /home/delewlew/assessments/coursework2/build/ada_lovelace_description/build/lib/ada_lovelace_description
copying ada_lovelace_description/__init__.py -> /home/delewlew/assessments/coursework2/build/ada_lovelace_description/build/lib/ada_lovelace_description
running install
running install_lib
creating /home/delewlew/assessments/coursework2/install/ada_lovelace_description/lib/python3.10/site-packages/ada_lovelace_description
copying /home/delewlew/assessments/coursework2/build/ada_lovelace_description/build/lib/ada_lovelace_description/__init__.py -> /home/delewlew/assessments/coursework2/install/ada_lovelace_description/lib/python3.10/site-packages/ada_lovelace_description
byte-compiling /home/delewlew/assessments/coursework2/install/ada_lovelace_description/lib/python3.10/site-packages/ada_lovelace_description/__init__.py to __init__.cpython-310.pyc
running install_data
creating /home/delewlew/assessments/coursework2/install/ada_lovelace_description/share/ament_index
creating /home/delewlew/assessments/coursework2/install/ada_lovelace_description/share/ament_index/resource_index
creating /home/delewlew/assessments/coursework2/install/ada_lovelace_description/share/ament_index/resource_index/packages
copying resource/ada_lovelace_description -> /home/delewlew/assessments/coursework2/install/ada_lovelace_description/share/ament_index/resource_index/packages
copying package.xml -> /home/delewlew/assessments/coursework2/install/ada_lovelace_description/share/ada_lovelace_description
creating /home/delewlew/assessments/coursework2/install/ada_lovelace_description/share/ada_lovelace_description/config
copying config/twist_mux.yaml -> /home/delewlew/assessments/coursework2/install/ada_lovelace_description/share/ada_lovelace_description/config
creating /home/delewlew/assessments/coursework2/install/ada_lovelace_description/share/ada_lovelace_description/launch
copying launch/ada_lovelace_sim_bringup.launch.py -> /home/delewlew/assessments/coursework2/install/ada_lovelace_description/share/ada_lovelace_description/launch
creating /home/delewlew/assessments/coursework2/install/ada_lovelace_description/share/ada_lovelace_description/urdf
copying urdf/ada_lovelace.urdf.xacro -> /home/delewlew/assessments/coursework2/install/ada_lovelace_description/share/ada_lovelace_description/urdf
copying urdf/gazebo.xacro -> /home/delewlew/assessments/coursework2/install/ada_lovelace_description/share/ada_lovelace_description/urdf
running install_egg_info
Copying ../../build/ada_lovelace_description/ada_lovelace_description.egg-info to /home/delewlew/assessments/coursework2/install/ada_lovelace_description/lib/python3.10/site-packages/ada_lovelace_description-0.0.0-py3.10.egg-info
running install_scripts
writing list of installed files to '/home/delewlew/assessments/coursework2/build/ada_lovelace_description/install.log'
