[1.066s] Invoking command in '/home/delewlew/assessments/coursework2/src/ada_lovelace_description': PYTHONPATH=/home/delewlew/assessments/coursework2/build/ada_lovelace_description/prefix_override:/usr/lib/python3/dist-packages/colcon_core/task/python/colcon_distutils_commands:/home/delewlew/assessments/coursework2/install/ada_lovelace_description/lib/python3.10/site-packages:${PYTHONPATH} /usr/bin/python3 -W ignore:setup.py install is deprecated setup.py egg_info --egg-base ../../build/ada_lovelace_description build --build-base /home/delewlew/assessments/coursework2/build/ada_lovelace_description/build install --record /home/delewlew/assessments/coursework2/build/ada_lovelace_description/install.log --single-version-externally-managed install_data
[1.338s] running egg_info
[1.339s] creating ../../build/ada_lovelace_description/ada_lovelace_description.egg-info
[1.340s] writing ../../build/ada_lovelace_description/ada_lovelace_description.egg-info/PKG-INFO
[1.340s] writing dependency_links to ../../build/ada_lovelace_description/ada_lovelace_description.egg-info/dependency_links.txt
[1.340s] writing entry points to ../../build/ada_lovelace_description/ada_lovelace_description.egg-info/entry_points.txt
[1.341s] writing requirements to ../../build/ada_lovelace_description/ada_lovelace_description.egg-info/requires.txt
[1.341s] writing top-level names to ../../build/ada_lovelace_description/ada_lovelace_description.egg-info/top_level.txt
[1.341s] writing manifest file '../../build/ada_lovelace_description/ada_lovelace_description.egg-info/SOURCES.txt'
[1.343s] reading manifest file '../../build/ada_lovelace_description/ada_lovelace_description.egg-info/SOURCES.txt'
[1.345s] writing manifest file '../../build/ada_lovelace_description/ada_lovelace_description.egg-info/SOURCES.txt'
[1.346s] running build
[1.346s] running build_py
[1.346s] creating /home/delewlew/assessments/coursework2/build/ada_lovelace_description/build
[1.346s] creating /home/delewlew/assessments/coursework2/build/ada_lovelace_description/build/lib
[1.346s] creating /home/delewlew/assessments/coursework2/build/ada_lovelace_description/build/lib/ada_lovelace_description
[1.346s] copying ada_lovelace_description/__init__.py -> /home/delewlew/assessments/coursework2/build/ada_lovelace_description/build/lib/ada_lovelace_description
[1.347s] running install
[1.348s] running install_lib
[1.349s] creating /home/delewlew/assessments/coursework2/install/ada_lovelace_description/lib/python3.10/site-packages/ada_lovelace_description
[1.350s] copying /home/delewlew/assessments/coursework2/build/ada_lovelace_description/build/lib/ada_lovelace_description/__init__.py -> /home/delewlew/assessments/coursework2/install/ada_lovelace_description/lib/python3.10/site-packages/ada_lovelace_description
[1.351s] byte-compiling /home/delewlew/assessments/coursework2/install/ada_lovelace_description/lib/python3.10/site-packages/ada_lovelace_description/__init__.py to __init__.cpython-310.pyc
[1.352s] running install_data
[1.352s] creating /home/delewlew/assessments/coursework2/install/ada_lovelace_description/share/ament_index
[1.353s] creating /home/delewlew/assessments/coursework2/install/ada_lovelace_description/share/ament_index/resource_index
[1.353s] creating /home/delewlew/assessments/coursework2/install/ada_lovelace_description/share/ament_index/resource_index/packages
[1.353s] copying resource/ada_lovelace_description -> /home/delewlew/assessments/coursework2/install/ada_lovelace_description/share/ament_index/resource_index/packages
[1.354s] copying package.xml -> /home/delewlew/assessments/coursework2/install/ada_lovelace_description/share/ada_lovelace_description
[1.354s] creating /home/delewlew/assessments/coursework2/install/ada_lovelace_description/share/ada_lovelace_description/config
[1.355s] copying config/twist_mux.yaml -> /home/delewlew/assessments/coursework2/install/ada_lovelace_description/share/ada_lovelace_description/config
[1.355s] creating /home/delewlew/assessments/coursework2/install/ada_lovelace_description/share/ada_lovelace_description/launch
[1.355s] copying launch/ada_lovelace_sim_bringup.launch.py -> /home/delewlew/assessments/coursework2/install/ada_lovelace_description/share/ada_lovelace_description/launch
[1.356s] creating /home/delewlew/assessments/coursework2/install/ada_lovelace_description/share/ada_lovelace_description/urdf
[1.356s] copying urdf/ada_lovelace.urdf.xacro -> /home/delewlew/assessments/coursework2/install/ada_lovelace_description/share/ada_lovelace_description/urdf
[1.356s] copying urdf/gazebo.xacro -> /home/delewlew/assessments/coursework2/install/ada_lovelace_description/share/ada_lovelace_description/urdf
[1.357s] running install_egg_info
[1.360s] Copying ../../build/ada_lovelace_description/ada_lovelace_description.egg-info to /home/delewlew/assessments/coursework2/install/ada_lovelace_description/lib/python3.10/site-packages/ada_lovelace_description-0.0.0-py3.10.egg-info
[1.361s] running install_scripts
[1.385s] writing list of installed files to '/home/delewlew/assessments/coursework2/build/ada_lovelace_description/install.log'
[1.418s] Invoked command in '/home/delewlew/assessments/coursework2/src/ada_lovelace_description' returned '0': PYTHONPATH=/home/delewlew/assessments/coursework2/build/ada_lovelace_description/prefix_override:/usr/lib/python3/dist-packages/colcon_core/task/python/colcon_distutils_commands:/home/delewlew/assessments/coursework2/install/ada_lovelace_description/lib/python3.10/site-packages:${PYTHONPATH} /usr/bin/python3 -W ignore:setup.py install is deprecated setup.py egg_info --egg-base ../../build/ada_lovelace_description build --build-base /home/delewlew/assessments/coursework2/build/ada_lovelace_description/build install --record /home/delewlew/assessments/coursework2/build/ada_lovelace_description/install.log --single-version-externally-managed install_data
