[0.847s] Invoking command in '/home/delewlew/assessments/week9/src/CA9_incomplete/example_gz_robot': PYTHONPATH=/home/delewlew/assessments/week9/build/example_gz_robot/prefix_override:/usr/lib/python3/dist-packages/colcon_core/task/python/colcon_distutils_commands:/home/delewlew/assessments/week9/install/example_gz_robot/lib/python3.10/site-packages:${PYTHONPATH} /usr/bin/python3 -W ignore:setup.py install is deprecated setup.py egg_info --egg-base ../../../build/example_gz_robot build --build-base /home/delewlew/assessments/week9/build/example_gz_robot/build install --record /home/delewlew/assessments/week9/build/example_gz_robot/install.log --single-version-externally-managed install_data
[1.104s] running egg_info
[1.105s] writing ../../../build/example_gz_robot/example_gz_robot.egg-info/PKG-INFO
[1.106s] writing dependency_links to ../../../build/example_gz_robot/example_gz_robot.egg-info/dependency_links.txt
[1.106s] writing entry points to ../../../build/example_gz_robot/example_gz_robot.egg-info/entry_points.txt
[1.106s] writing requirements to ../../../build/example_gz_robot/example_gz_robot.egg-info/requires.txt
[1.106s] writing top-level names to ../../../build/example_gz_robot/example_gz_robot.egg-info/top_level.txt
[1.108s] reading manifest file '../../../build/example_gz_robot/example_gz_robot.egg-info/SOURCES.txt'
[1.109s] writing manifest file '../../../build/example_gz_robot/example_gz_robot.egg-info/SOURCES.txt'
[1.110s] running build
[1.110s] running build_py
[1.110s] running install
[1.110s] running install_lib
[1.111s] running install_data
[1.112s] running install_egg_info
[1.113s] removing '/home/delewlew/assessments/week9/install/example_gz_robot/lib/python3.10/site-packages/example_gz_robot-0.0.0-py3.10.egg-info' (and everything under it)
[1.113s] Copying ../../../build/example_gz_robot/example_gz_robot.egg-info to /home/delewlew/assessments/week9/install/example_gz_robot/lib/python3.10/site-packages/example_gz_robot-0.0.0-py3.10.egg-info
[1.114s] running install_scripts
[1.151s] writing list of installed files to '/home/delewlew/assessments/week9/build/example_gz_robot/install.log'
[1.185s] Invoked command in '/home/delewlew/assessments/week9/src/CA9_incomplete/example_gz_robot' returned '0': PYTHONPATH=/home/delewlew/assessments/week9/build/example_gz_robot/prefix_override:/usr/lib/python3/dist-packages/colcon_core/task/python/colcon_distutils_commands:/home/delewlew/assessments/week9/install/example_gz_robot/lib/python3.10/site-packages:${PYTHONPATH} /usr/bin/python3 -W ignore:setup.py install is deprecated setup.py egg_info --egg-base ../../../build/example_gz_robot build --build-base /home/delewlew/assessments/week9/build/example_gz_robot/build install --record /home/delewlew/assessments/week9/build/example_gz_robot/install.log --single-version-externally-managed install_data
