[0.913s] Invoking command in '/home/delewlew/assessments/coursework1/src/cooing_code_controller': PYTHONPATH=/home/delewlew/assessments/coursework1/src/build/cooing_code_controller/prefix_override:/usr/lib/python3/dist-packages/colcon_core/task/python/colcon_distutils_commands:/home/delewlew/assessments/coursework1/src/install/cooing_code_controller/lib/python3.10/site-packages:${PYTHONPATH} /usr/bin/python3 -W ignore:setup.py install is deprecated setup.py egg_info --egg-base ../build/cooing_code_controller build --build-base /home/delewlew/assessments/coursework1/src/build/cooing_code_controller/build install --record /home/delewlew/assessments/coursework1/src/build/cooing_code_controller/install.log --single-version-externally-managed install_data
[1.340s] running egg_info
[1.340s] creating ../build/cooing_code_controller/cooing_code_controller.egg-info
[1.340s] writing ../build/cooing_code_controller/cooing_code_controller.egg-info/PKG-INFO
[1.340s] writing dependency_links to ../build/cooing_code_controller/cooing_code_controller.egg-info/dependency_links.txt
[1.340s] writing entry points to ../build/cooing_code_controller/cooing_code_controller.egg-info/entry_points.txt
[1.340s] writing requirements to ../build/cooing_code_controller/cooing_code_controller.egg-info/requires.txt
[1.341s] writing top-level names to ../build/cooing_code_controller/cooing_code_controller.egg-info/top_level.txt
[1.341s] writing manifest file '../build/cooing_code_controller/cooing_code_controller.egg-info/SOURCES.txt'
[1.348s] reading manifest file '../build/cooing_code_controller/cooing_code_controller.egg-info/SOURCES.txt'
[1.350s] writing manifest file '../build/cooing_code_controller/cooing_code_controller.egg-info/SOURCES.txt'
[1.351s] running build
[1.351s] running build_py
[1.351s] creating /home/delewlew/assessments/coursework1/src/build/cooing_code_controller/build
[1.352s] creating /home/delewlew/assessments/coursework1/src/build/cooing_code_controller/build/lib
[1.352s] creating /home/delewlew/assessments/coursework1/src/build/cooing_code_controller/build/lib/cooing_code_controller
[1.353s] copying cooing_code_controller/cooing_code_controller_node.py -> /home/delewlew/assessments/coursework1/src/build/cooing_code_controller/build/lib/cooing_code_controller
[1.353s] copying cooing_code_controller/__init__.py -> /home/delewlew/assessments/coursework1/src/build/cooing_code_controller/build/lib/cooing_code_controller
[1.353s] running install
[1.353s] running install_lib
[1.356s] creating /home/delewlew/assessments/coursework1/src/install/cooing_code_controller/lib/python3.10/site-packages/cooing_code_controller
[1.356s] copying /home/delewlew/assessments/coursework1/src/build/cooing_code_controller/build/lib/cooing_code_controller/cooing_code_controller_node.py -> /home/delewlew/assessments/coursework1/src/install/cooing_code_controller/lib/python3.10/site-packages/cooing_code_controller
[1.356s] copying /home/delewlew/assessments/coursework1/src/build/cooing_code_controller/build/lib/cooing_code_controller/__init__.py -> /home/delewlew/assessments/coursework1/src/install/cooing_code_controller/lib/python3.10/site-packages/cooing_code_controller
[1.358s] byte-compiling /home/delewlew/assessments/coursework1/src/install/cooing_code_controller/lib/python3.10/site-packages/cooing_code_controller/cooing_code_controller_node.py to cooing_code_controller_node.cpython-310.pyc
[1.359s] byte-compiling /home/delewlew/assessments/coursework1/src/install/cooing_code_controller/lib/python3.10/site-packages/cooing_code_controller/__init__.py to __init__.cpython-310.pyc
[1.359s] running install_data
[1.360s] creating /home/delewlew/assessments/coursework1/src/install/cooing_code_controller/share/ament_index
[1.361s] creating /home/delewlew/assessments/coursework1/src/install/cooing_code_controller/share/ament_index/resource_index
[1.362s] creating /home/delewlew/assessments/coursework1/src/install/cooing_code_controller/share/ament_index/resource_index/packages
[1.362s] copying resource/cooing_code_controller -> /home/delewlew/assessments/coursework1/src/install/cooing_code_controller/share/ament_index/resource_index/packages
[1.362s] copying package.xml -> /home/delewlew/assessments/coursework1/src/install/cooing_code_controller/share/cooing_code_controller
[1.362s] running install_egg_info
[1.367s] Copying ../build/cooing_code_controller/cooing_code_controller.egg-info to /home/delewlew/assessments/coursework1/src/install/cooing_code_controller/lib/python3.10/site-packages/cooing_code_controller-0.0.0-py3.10.egg-info
[1.369s] running install_scripts
[1.413s] Installing cooing_code_controller_node script to /home/delewlew/assessments/coursework1/src/install/cooing_code_controller/lib/cooing_code_controller
[1.413s] writing list of installed files to '/home/delewlew/assessments/coursework1/src/build/cooing_code_controller/install.log'
[1.713s] Invoked command in '/home/delewlew/assessments/coursework1/src/cooing_code_controller' returned '0': PYTHONPATH=/home/delewlew/assessments/coursework1/src/build/cooing_code_controller/prefix_override:/usr/lib/python3/dist-packages/colcon_core/task/python/colcon_distutils_commands:/home/delewlew/assessments/coursework1/src/install/cooing_code_controller/lib/python3.10/site-packages:${PYTHONPATH} /usr/bin/python3 -W ignore:setup.py install is deprecated setup.py egg_info --egg-base ../build/cooing_code_controller build --build-base /home/delewlew/assessments/coursework1/src/build/cooing_code_controller/build install --record /home/delewlew/assessments/coursework1/src/build/cooing_code_controller/install.log --single-version-externally-managed install_data
