[2.627s] Invoking command in '/home/delewlew/software_for_robotics_part2/src/gz_example_robot_description': PYTHONPATH=/home/delewlew/software_for_robotics_part2/build/gz_example_robot_description/prefix_override:/usr/lib/python3/dist-packages/colcon_core/task/python/colcon_distutils_commands:/home/delewlew/software_for_robotics_part2/install/gz_example_robot_description/lib/python3.10/site-packages:${PYTHONPATH} /usr/bin/python3 -W ignore:setup.py install is deprecated setup.py egg_info --egg-base ../../build/gz_example_robot_description build --build-base /home/delewlew/software_for_robotics_part2/build/gz_example_robot_description/build install --record /home/delewlew/software_for_robotics_part2/build/gz_example_robot_description/install.log --single-version-externally-managed install_data
[2.995s] running egg_info
[2.997s] writing ../../build/gz_example_robot_description/gz_example_robot_description.egg-info/PKG-INFO
[2.997s] writing dependency_links to ../../build/gz_example_robot_description/gz_example_robot_description.egg-info/dependency_links.txt
[2.998s] writing entry points to ../../build/gz_example_robot_description/gz_example_robot_description.egg-info/entry_points.txt
[2.998s] writing requirements to ../../build/gz_example_robot_description/gz_example_robot_description.egg-info/requires.txt
[2.998s] writing top-level names to ../../build/gz_example_robot_description/gz_example_robot_description.egg-info/top_level.txt
[3.001s] reading manifest file '../../build/gz_example_robot_description/gz_example_robot_description.egg-info/SOURCES.txt'
[3.004s] writing manifest file '../../build/gz_example_robot_description/gz_example_robot_description.egg-info/SOURCES.txt'
[3.004s] running build
[3.005s] running build_py
[3.005s] running install
[3.006s] running install_lib
[3.007s] running install_data
[3.008s] running install_egg_info
[3.012s] removing '/home/delewlew/software_for_robotics_part2/install/gz_example_robot_description/lib/python3.10/site-packages/gz_example_robot_description-0.0.0-py3.10.egg-info' (and everything under it)
[3.012s] Copying ../../build/gz_example_robot_description/gz_example_robot_description.egg-info to /home/delewlew/software_for_robotics_part2/install/gz_example_robot_description/lib/python3.10/site-packages/gz_example_robot_description-0.0.0-py3.10.egg-info
[3.013s] running install_scripts
[3.063s] writing list of installed files to '/home/delewlew/software_for_robotics_part2/build/gz_example_robot_description/install.log'
[3.118s] Invoked command in '/home/delewlew/software_for_robotics_part2/src/gz_example_robot_description' returned '0': PYTHONPATH=/home/delewlew/software_for_robotics_part2/build/gz_example_robot_description/prefix_override:/usr/lib/python3/dist-packages/colcon_core/task/python/colcon_distutils_commands:/home/delewlew/software_for_robotics_part2/install/gz_example_robot_description/lib/python3.10/site-packages:${PYTHONPATH} /usr/bin/python3 -W ignore:setup.py install is deprecated setup.py egg_info --egg-base ../../build/gz_example_robot_description build --build-base /home/delewlew/software_for_robotics_part2/build/gz_example_robot_description/build install --record /home/delewlew/software_for_robotics_part2/build/gz_example_robot_description/install.log --single-version-externally-managed install_data
