[2.314s] Invoking command in '/home/delewlew/software_for_robotics_part2/src/week10_exercise_2': PYTHONPATH=/home/delewlew/software_for_robotics_part2/build/week10_exercise_2/prefix_override:/usr/lib/python3/dist-packages/colcon_core/task/python/colcon_distutils_commands:/home/delewlew/software_for_robotics_part2/install/week10_exercise_2/lib/python3.10/site-packages:${PYTHONPATH} /usr/bin/python3 -W ignore:setup.py install is deprecated setup.py egg_info --egg-base ../../build/week10_exercise_2 build --build-base /home/delewlew/software_for_robotics_part2/build/week10_exercise_2/build install --record /home/delewlew/software_for_robotics_part2/build/week10_exercise_2/install.log --single-version-externally-managed install_data
[2.807s] running egg_info
[2.809s] writing ../../build/week10_exercise_2/week10_exercise_2.egg-info/PKG-INFO
[2.809s] writing dependency_links to ../../build/week10_exercise_2/week10_exercise_2.egg-info/dependency_links.txt
[2.809s] writing entry points to ../../build/week10_exercise_2/week10_exercise_2.egg-info/entry_points.txt
[2.810s] writing requirements to ../../build/week10_exercise_2/week10_exercise_2.egg-info/requires.txt
[2.810s] writing top-level names to ../../build/week10_exercise_2/week10_exercise_2.egg-info/top_level.txt
[2.812s] reading manifest file '../../build/week10_exercise_2/week10_exercise_2.egg-info/SOURCES.txt'
[2.814s] writing manifest file '../../build/week10_exercise_2/week10_exercise_2.egg-info/SOURCES.txt'
[2.814s] running build
[2.814s] running build_py
[2.815s] running install
[2.815s] running install_lib
[2.819s] running install_data
[2.819s] running install_egg_info
[2.821s] removing '/home/delewlew/software_for_robotics_part2/install/week10_exercise_2/lib/python3.10/site-packages/week10_exercise_2-0.0.0-py3.10.egg-info' (and everything under it)
[2.821s] Copying ../../build/week10_exercise_2/week10_exercise_2.egg-info to /home/delewlew/software_for_robotics_part2/install/week10_exercise_2/lib/python3.10/site-packages/week10_exercise_2-0.0.0-py3.10.egg-info
[2.826s] running install_scripts
[2.861s] writing list of installed files to '/home/delewlew/software_for_robotics_part2/build/week10_exercise_2/install.log'
[2.905s] Invoked command in '/home/delewlew/software_for_robotics_part2/src/week10_exercise_2' returned '0': PYTHONPATH=/home/delewlew/software_for_robotics_part2/build/week10_exercise_2/prefix_override:/usr/lib/python3/dist-packages/colcon_core/task/python/colcon_distutils_commands:/home/delewlew/software_for_robotics_part2/install/week10_exercise_2/lib/python3.10/site-packages:${PYTHONPATH} /usr/bin/python3 -W ignore:setup.py install is deprecated setup.py egg_info --egg-base ../../build/week10_exercise_2 build --build-base /home/delewlew/software_for_robotics_part2/build/week10_exercise_2/build install --record /home/delewlew/software_for_robotics_part2/build/week10_exercise_2/install.log --single-version-externally-managed install_data
