[0.588s] Invoking command in '/home/delewlew/assessments/coursework1/src/cooing_code_pkg': PYTHONPATH=/home/delewlew/assessments/coursework1/src/build/cooing_code_pkg/prefix_override:/usr/lib/python3/dist-packages/colcon_core/task/python/colcon_distutils_commands:/home/delewlew/assessments/coursework1/src/install/cooing_code_pkg/lib/python3.10/site-packages:${PYTHONPATH} /usr/bin/python3 -W ignore:setup.py install is deprecated setup.py egg_info --egg-base ../build/cooing_code_pkg build --build-base /home/delewlew/assessments/coursework1/src/build/cooing_code_pkg/build install --record /home/delewlew/assessments/coursework1/src/build/cooing_code_pkg/install.log --single-version-externally-managed install_data
[0.810s] running egg_info
[0.811s] writing ../build/cooing_code_pkg/cooing_code_pkg.egg-info/PKG-INFO
[0.812s] writing dependency_links to ../build/cooing_code_pkg/cooing_code_pkg.egg-info/dependency_links.txt
[0.812s] writing entry points to ../build/cooing_code_pkg/cooing_code_pkg.egg-info/entry_points.txt
[0.813s] writing requirements to ../build/cooing_code_pkg/cooing_code_pkg.egg-info/requires.txt
[0.813s] writing top-level names to ../build/cooing_code_pkg/cooing_code_pkg.egg-info/top_level.txt
[0.817s] reading manifest file '../build/cooing_code_pkg/cooing_code_pkg.egg-info/SOURCES.txt'
[0.818s] writing manifest file '../build/cooing_code_pkg/cooing_code_pkg.egg-info/SOURCES.txt'
[0.818s] running build
[0.819s] running build_py
[0.819s] copying cooing_code_pkg/cooing_code_node.py -> /home/delewlew/assessments/coursework1/src/build/cooing_code_pkg/build/lib/cooing_code_pkg
[0.819s] running install
[0.820s] running install_lib
[0.821s] copying /home/delewlew/assessments/coursework1/src/build/cooing_code_pkg/build/lib/cooing_code_pkg/cooing_code_node.py -> /home/delewlew/assessments/coursework1/src/install/cooing_code_pkg/lib/python3.10/site-packages/cooing_code_pkg
[0.822s] byte-compiling /home/delewlew/assessments/coursework1/src/install/cooing_code_pkg/lib/python3.10/site-packages/cooing_code_pkg/cooing_code_node.py to cooing_code_node.cpython-310.pyc
[0.824s] running install_data
[0.824s] running install_egg_info
[0.827s] removing '/home/delewlew/assessments/coursework1/src/install/cooing_code_pkg/lib/python3.10/site-packages/cooing_code_pkg-0.0.0-py3.10.egg-info' (and everything under it)
[0.827s] Copying ../build/cooing_code_pkg/cooing_code_pkg.egg-info to /home/delewlew/assessments/coursework1/src/install/cooing_code_pkg/lib/python3.10/site-packages/cooing_code_pkg-0.0.0-py3.10.egg-info
[0.830s] running install_scripts
[0.850s] Installing cooing_code_node script to /home/delewlew/assessments/coursework1/src/install/cooing_code_pkg/lib/cooing_code_pkg
[0.850s] writing list of installed files to '/home/delewlew/assessments/coursework1/src/build/cooing_code_pkg/install.log'
[0.871s] Invoked command in '/home/delewlew/assessments/coursework1/src/cooing_code_pkg' returned '0': PYTHONPATH=/home/delewlew/assessments/coursework1/src/build/cooing_code_pkg/prefix_override:/usr/lib/python3/dist-packages/colcon_core/task/python/colcon_distutils_commands:/home/delewlew/assessments/coursework1/src/install/cooing_code_pkg/lib/python3.10/site-packages:${PYTHONPATH} /usr/bin/python3 -W ignore:setup.py install is deprecated setup.py egg_info --egg-base ../build/cooing_code_pkg build --build-base /home/delewlew/assessments/coursework1/src/build/cooing_code_pkg/build install --record /home/delewlew/assessments/coursework1/src/build/cooing_code_pkg/install.log --single-version-externally-managed install_data
