[0.880s] Invoking command in '/home/delewlew/ros2_tutorial_workspace/src/python_package_that_uses_parameters_and_launch_files': PYTHONPATH=/home/delewlew/ros2_tutorial_workspace/build/python_package_that_uses_parameters_and_launch_files/prefix_override:/usr/lib/python3/dist-packages/colcon_core/task/python/colcon_distutils_commands:/home/delewlew/ros2_tutorial_workspace/install/python_package_that_uses_parameters_and_launch_files/lib/python3.10/site-packages:${PYTHONPATH} /usr/bin/python3 -W ignore:setup.py install is deprecated setup.py egg_info --egg-base ../../build/python_package_that_uses_parameters_and_launch_files build --build-base /home/delewlew/ros2_tutorial_workspace/build/python_package_that_uses_parameters_and_launch_files/build install --record /home/delewlew/ros2_tutorial_workspace/build/python_package_that_uses_parameters_and_launch_files/install.log --single-version-externally-managed install_data
[1.109s] running egg_info
[1.110s] creating ../../build/python_package_that_uses_parameters_and_launch_files/python_package_that_uses_parameters_and_launch_files.egg-info
[1.110s] writing ../../build/python_package_that_uses_parameters_and_launch_files/python_package_that_uses_parameters_and_launch_files.egg-info/PKG-INFO
[1.111s] writing dependency_links to ../../build/python_package_that_uses_parameters_and_launch_files/python_package_that_uses_parameters_and_launch_files.egg-info/dependency_links.txt
[1.111s] writing entry points to ../../build/python_package_that_uses_parameters_and_launch_files/python_package_that_uses_parameters_and_launch_files.egg-info/entry_points.txt
[1.111s] writing requirements to ../../build/python_package_that_uses_parameters_and_launch_files/python_package_that_uses_parameters_and_launch_files.egg-info/requires.txt
[1.112s] writing top-level names to ../../build/python_package_that_uses_parameters_and_launch_files/python_package_that_uses_parameters_and_launch_files.egg-info/top_level.txt
[1.112s] writing manifest file '../../build/python_package_that_uses_parameters_and_launch_files/python_package_that_uses_parameters_and_launch_files.egg-info/SOURCES.txt'
[1.113s] reading manifest file '../../build/python_package_that_uses_parameters_and_launch_files/python_package_that_uses_parameters_and_launch_files.egg-info/SOURCES.txt'
[1.114s] writing manifest file '../../build/python_package_that_uses_parameters_and_launch_files/python_package_that_uses_parameters_and_launch_files.egg-info/SOURCES.txt'
[1.114s] running build
[1.115s] running build_py
[1.115s] creating /home/delewlew/ros2_tutorial_workspace/build/python_package_that_uses_parameters_and_launch_files/build
[1.115s] creating /home/delewlew/ros2_tutorial_workspace/build/python_package_that_uses_parameters_and_launch_files/build/lib
[1.115s] creating /home/delewlew/ros2_tutorial_workspace/build/python_package_that_uses_parameters_and_launch_files/build/lib/python_package_that_uses_parameters_and_launch_files
[1.116s] copying python_package_that_uses_parameters_and_launch_files/amazing_quote_configurable_publisher_node.py -> /home/delewlew/ros2_tutorial_workspace/build/python_package_that_uses_parameters_and_launch_files/build/lib/python_package_that_uses_parameters_and_launch_files
[1.116s] copying python_package_that_uses_parameters_and_launch_files/__init__.py -> /home/delewlew/ros2_tutorial_workspace/build/python_package_that_uses_parameters_and_launch_files/build/lib/python_package_that_uses_parameters_and_launch_files
[1.116s] running install
[1.117s] running install_lib
[1.117s] creating /home/delewlew/ros2_tutorial_workspace/install/python_package_that_uses_parameters_and_launch_files/lib/python3.10/site-packages/python_package_that_uses_parameters_and_launch_files
[1.118s] copying /home/delewlew/ros2_tutorial_workspace/build/python_package_that_uses_parameters_and_launch_files/build/lib/python_package_that_uses_parameters_and_launch_files/amazing_quote_configurable_publisher_node.py -> /home/delewlew/ros2_tutorial_workspace/install/python_package_that_uses_parameters_and_launch_files/lib/python3.10/site-packages/python_package_that_uses_parameters_and_launch_files
[1.118s] copying /home/delewlew/ros2_tutorial_workspace/build/python_package_that_uses_parameters_and_launch_files/build/lib/python_package_that_uses_parameters_and_launch_files/__init__.py -> /home/delewlew/ros2_tutorial_workspace/install/python_package_that_uses_parameters_and_launch_files/lib/python3.10/site-packages/python_package_that_uses_parameters_and_launch_files
[1.118s] byte-compiling /home/delewlew/ros2_tutorial_workspace/install/python_package_that_uses_parameters_and_launch_files/lib/python3.10/site-packages/python_package_that_uses_parameters_and_launch_files/amazing_quote_configurable_publisher_node.py to amazing_quote_configurable_publisher_node.cpython-310.pyc
[1.119s] byte-compiling /home/delewlew/ros2_tutorial_workspace/install/python_package_that_uses_parameters_and_launch_files/lib/python3.10/site-packages/python_package_that_uses_parameters_and_launch_files/__init__.py to __init__.cpython-310.pyc
[1.120s] running install_data
[1.120s] creating /home/delewlew/ros2_tutorial_workspace/install/python_package_that_uses_parameters_and_launch_files/share/ament_index
[1.120s] creating /home/delewlew/ros2_tutorial_workspace/install/python_package_that_uses_parameters_and_launch_files/share/ament_index/resource_index
[1.121s] creating /home/delewlew/ros2_tutorial_workspace/install/python_package_that_uses_parameters_and_launch_files/share/ament_index/resource_index/packages
[1.121s] copying resource/python_package_that_uses_parameters_and_launch_files -> /home/delewlew/ros2_tutorial_workspace/install/python_package_that_uses_parameters_and_launch_files/share/ament_index/resource_index/packages
[1.121s] copying package.xml -> /home/delewlew/ros2_tutorial_workspace/install/python_package_that_uses_parameters_and_launch_files/share/python_package_that_uses_parameters_and_launch_files
[1.121s] creating /home/delewlew/ros2_tutorial_workspace/install/python_package_that_uses_parameters_and_launch_files/share/python_package_that_uses_parameters_and_launch_files/launch
[1.121s] copying launch/peanut_butter_falcon_quote_publisher_launch.py -> /home/delewlew/ros2_tutorial_workspace/install/python_package_that_uses_parameters_and_launch_files/share/python_package_that_uses_parameters_and_launch_files/launch
[1.121s] running install_egg_info
[1.123s] Copying ../../build/python_package_that_uses_parameters_and_launch_files/python_package_that_uses_parameters_and_launch_files.egg-info to /home/delewlew/ros2_tutorial_workspace/install/python_package_that_uses_parameters_and_launch_files/lib/python3.10/site-packages/python_package_that_uses_parameters_and_launch_files-0.0.0-py3.10.egg-info
[1.124s] running install_scripts
[1.145s] Installing amazing_quote_configurable_publisher_node script to /home/delewlew/ros2_tutorial_workspace/install/python_package_that_uses_parameters_and_launch_files/lib/python_package_that_uses_parameters_and_launch_files
[1.145s] writing list of installed files to '/home/delewlew/ros2_tutorial_workspace/build/python_package_that_uses_parameters_and_launch_files/install.log'
[1.180s] Invoked command in '/home/delewlew/ros2_tutorial_workspace/src/python_package_that_uses_parameters_and_launch_files' returned '0': PYTHONPATH=/home/delewlew/ros2_tutorial_workspace/build/python_package_that_uses_parameters_and_launch_files/prefix_override:/usr/lib/python3/dist-packages/colcon_core/task/python/colcon_distutils_commands:/home/delewlew/ros2_tutorial_workspace/install/python_package_that_uses_parameters_and_launch_files/lib/python3.10/site-packages:${PYTHONPATH} /usr/bin/python3 -W ignore:setup.py install is deprecated setup.py egg_info --egg-base ../../build/python_package_that_uses_parameters_and_launch_files build --build-base /home/delewlew/ros2_tutorial_workspace/build/python_package_that_uses_parameters_and_launch_files/build install --record /home/delewlew/ros2_tutorial_workspace/build/python_package_that_uses_parameters_and_launch_files/install.log --single-version-externally-managed install_data
