[0.079s] DEBUG:colcon:Command line arguments: ['/usr/bin/colcon', 'build']
[0.079s] DEBUG:colcon:Parsed command line arguments: Namespace(log_base=None, log_level=None, verb_name='build', build_base='build', install_base='install', merge_install=False, symlink_install=False, test_result_base=None, continue_on_error=False, executor='parallel', parallel_workers=12, event_handlers=None, ignore_user_meta=False, metas=['./colcon.meta'], base_paths=['.'], packages_ignore=None, packages_ignore_regex=None, paths=None, packages_up_to=None, packages_up_to_regex=None, packages_above=None, packages_above_and_dependencies=None, packages_above_depth=None, packages_select_by_dep=None, packages_skip_by_dep=None, packages_skip_up_to=None, packages_select_build_failed=False, packages_skip_build_finished=False, packages_select_test_failures=False, packages_skip_test_passed=False, packages_select=None, packages_skip=None, packages_select_regex=None, packages_skip_regex=None, packages_start=None, packages_end=None, allow_overriding=[], cmake_args=None, cmake_target=None, cmake_target_skip_unavailable=False, cmake_clean_cache=False, cmake_clean_first=False, cmake_force_configure=False, ament_cmake_args=None, catkin_cmake_args=None, catkin_skip_building_tests=False, mixin_files=None, mixin=None, verb_parser=<colcon_mixin.mixin.mixin_argument.MixinArgumentDecorator object at 0x7ecf02242680>, verb_extension=<colcon_core.verb.build.BuildVerb object at 0x7ecf0233ed10>, main=<bound method BuildVerb.main of <colcon_core.verb.build.BuildVerb object at 0x7ecf0233ed10>>, mixin_verb=('build',))
[0.190s] Level 1:colcon.colcon_core.package_discovery:discover_packages(colcon_meta) check parameters
[0.190s] Level 1:colcon.colcon_core.package_discovery:discover_packages(recursive) check parameters
[0.190s] Level 1:colcon.colcon_core.package_discovery:discover_packages(ignore) check parameters
[0.190s] Level 1:colcon.colcon_core.package_discovery:discover_packages(path) check parameters
[0.190s] Level 1:colcon.colcon_core.package_discovery:discover_packages(colcon_meta) discover
[0.190s] Level 1:colcon.colcon_core.package_discovery:discover_packages(recursive) discover
[0.190s] INFO:colcon.colcon_core.package_discovery:Crawling recursively for packages in '/home/delewlew/ros2_tutorial_workspace_2/src'
[0.190s] Level 1:colcon.colcon_core.package_identification:_identify(.) by extensions ['ignore', 'ignore_ament_install']
[0.190s] Level 1:colcon.colcon_core.package_identification:_identify(.) by extension 'ignore'
[0.190s] Level 1:colcon.colcon_core.package_identification:_identify(.) by extension 'ignore_ament_install'
[0.190s] Level 1:colcon.colcon_core.package_identification:_identify(.) by extensions ['colcon_pkg']
[0.190s] Level 1:colcon.colcon_core.package_identification:_identify(.) by extension 'colcon_pkg'
[0.190s] Level 1:colcon.colcon_core.package_identification:_identify(.) by extensions ['colcon_meta']
[0.190s] Level 1:colcon.colcon_core.package_identification:_identify(.) by extension 'colcon_meta'
[0.190s] Level 1:colcon.colcon_core.package_identification:_identify(.) by extensions ['ros']
[0.190s] Level 1:colcon.colcon_core.package_identification:_identify(.) by extension 'ros'
[0.199s] Level 1:colcon.colcon_core.package_identification:_identify(.) by extensions ['cmake', 'python']
[0.199s] Level 1:colcon.colcon_core.package_identification:_identify(.) by extension 'cmake'
[0.199s] Level 1:colcon.colcon_core.package_identification:_identify(.) by extension 'python'
[0.199s] Level 1:colcon.colcon_core.package_identification:_identify(.) by extensions ['python_setup_py']
[0.199s] Level 1:colcon.colcon_core.package_identification:_identify(.) by extension 'python_setup_py'
[0.199s] Level 1:colcon.colcon_core.package_identification:_identify(build) by extensions ['ignore', 'ignore_ament_install']
[0.199s] Level 1:colcon.colcon_core.package_identification:_identify(build) by extension 'ignore'
[0.199s] Level 1:colcon.colcon_core.package_identification:_identify(build) ignored
[0.200s] Level 1:colcon.colcon_core.package_identification:_identify(install) by extensions ['ignore', 'ignore_ament_install']
[0.200s] Level 1:colcon.colcon_core.package_identification:_identify(install) by extension 'ignore'
[0.200s] Level 1:colcon.colcon_core.package_identification:_identify(install) ignored
[0.200s] Level 1:colcon.colcon_core.package_identification:_identify(log) by extensions ['ignore', 'ignore_ament_install']
[0.200s] Level 1:colcon.colcon_core.package_identification:_identify(log) by extension 'ignore'
[0.200s] Level 1:colcon.colcon_core.package_identification:_identify(log) ignored
[0.200s] Level 1:colcon.colcon_core.package_identification:_identify(package_with_interfaces) by extensions ['ignore', 'ignore_ament_install']
[0.200s] Level 1:colcon.colcon_core.package_identification:_identify(package_with_interfaces) by extension 'ignore'
[0.200s] Level 1:colcon.colcon_core.package_identification:_identify(package_with_interfaces) by extension 'ignore_ament_install'
[0.200s] Level 1:colcon.colcon_core.package_identification:_identify(package_with_interfaces) by extensions ['colcon_pkg']
[0.200s] Level 1:colcon.colcon_core.package_identification:_identify(package_with_interfaces) by extension 'colcon_pkg'
[0.200s] Level 1:colcon.colcon_core.package_identification:_identify(package_with_interfaces) by extensions ['colcon_meta']
[0.200s] Level 1:colcon.colcon_core.package_identification:_identify(package_with_interfaces) by extension 'colcon_meta'
[0.200s] Level 1:colcon.colcon_core.package_identification:_identify(package_with_interfaces) by extensions ['ros']
[0.200s] Level 1:colcon.colcon_core.package_identification:_identify(package_with_interfaces) by extension 'ros'
[0.202s] DEBUG:colcon.colcon_core.package_identification:Package 'package_with_interfaces' with type 'ros.ament_cmake' and name 'package_with_interfaces'
[0.202s] Level 1:colcon.colcon_core.package_identification:_identify(python_package_that_uses_paramameters_and_launch_files) by extensions ['ignore', 'ignore_ament_install']
[0.202s] Level 1:colcon.colcon_core.package_identification:_identify(python_package_that_uses_paramameters_and_launch_files) by extension 'ignore'
[0.202s] Level 1:colcon.colcon_core.package_identification:_identify(python_package_that_uses_paramameters_and_launch_files) by extension 'ignore_ament_install'
[0.202s] Level 1:colcon.colcon_core.package_identification:_identify(python_package_that_uses_paramameters_and_launch_files) by extensions ['colcon_pkg']
[0.202s] Level 1:colcon.colcon_core.package_identification:_identify(python_package_that_uses_paramameters_and_launch_files) by extension 'colcon_pkg'
[0.202s] Level 1:colcon.colcon_core.package_identification:_identify(python_package_that_uses_paramameters_and_launch_files) by extensions ['colcon_meta']
[0.203s] Level 1:colcon.colcon_core.package_identification:_identify(python_package_that_uses_paramameters_and_launch_files) by extension 'colcon_meta'
[0.203s] Level 1:colcon.colcon_core.package_identification:_identify(python_package_that_uses_paramameters_and_launch_files) by extensions ['ros']
[0.203s] Level 1:colcon.colcon_core.package_identification:_identify(python_package_that_uses_paramameters_and_launch_files) by extension 'ros'
[0.203s] DEBUG:colcon.colcon_core.package_identification:Package 'python_package_that_uses_paramameters_and_launch_files' with type 'ros.ament_python' and name 'python_package_that_uses_paramameters_and_launch_files'
[0.203s] Level 1:colcon.colcon_core.package_identification:_identify(python_package_that_uses_the_library) by extensions ['ignore', 'ignore_ament_install']
[0.203s] Level 1:colcon.colcon_core.package_identification:_identify(python_package_that_uses_the_library) by extension 'ignore'
[0.203s] Level 1:colcon.colcon_core.package_identification:_identify(python_package_that_uses_the_library) by extension 'ignore_ament_install'
[0.203s] Level 1:colcon.colcon_core.package_identification:_identify(python_package_that_uses_the_library) by extensions ['colcon_pkg']
[0.203s] Level 1:colcon.colcon_core.package_identification:_identify(python_package_that_uses_the_library) by extension 'colcon_pkg'
[0.203s] Level 1:colcon.colcon_core.package_identification:_identify(python_package_that_uses_the_library) by extensions ['colcon_meta']
[0.203s] Level 1:colcon.colcon_core.package_identification:_identify(python_package_that_uses_the_library) by extension 'colcon_meta'
[0.203s] Level 1:colcon.colcon_core.package_identification:_identify(python_package_that_uses_the_library) by extensions ['ros']
[0.203s] Level 1:colcon.colcon_core.package_identification:_identify(python_package_that_uses_the_library) by extension 'ros'
[0.204s] DEBUG:colcon.colcon_core.package_identification:Package 'python_package_that_uses_the_library' with type 'ros.ament_python' and name 'python_package_that_uses_the_library'
[0.204s] Level 1:colcon.colcon_core.package_identification:_identify(python_package_that_uses_the_messages) by extensions ['ignore', 'ignore_ament_install']
[0.204s] Level 1:colcon.colcon_core.package_identification:_identify(python_package_that_uses_the_messages) by extension 'ignore'
[0.204s] Level 1:colcon.colcon_core.package_identification:_identify(python_package_that_uses_the_messages) by extension 'ignore_ament_install'
[0.204s] Level 1:colcon.colcon_core.package_identification:_identify(python_package_that_uses_the_messages) by extensions ['colcon_pkg']
[0.204s] Level 1:colcon.colcon_core.package_identification:_identify(python_package_that_uses_the_messages) by extension 'colcon_pkg'
[0.204s] Level 1:colcon.colcon_core.package_identification:_identify(python_package_that_uses_the_messages) by extensions ['colcon_meta']
[0.204s] Level 1:colcon.colcon_core.package_identification:_identify(python_package_that_uses_the_messages) by extension 'colcon_meta'
[0.204s] Level 1:colcon.colcon_core.package_identification:_identify(python_package_that_uses_the_messages) by extensions ['ros']
[0.204s] Level 1:colcon.colcon_core.package_identification:_identify(python_package_that_uses_the_messages) by extension 'ros'
[0.205s] DEBUG:colcon.colcon_core.package_identification:Package 'python_package_that_uses_the_messages' with type 'ros.ament_python' and name 'python_package_that_uses_the_messages'
[0.205s] Level 1:colcon.colcon_core.package_identification:_identify(python_package_that_uses_the_services) by extensions ['ignore', 'ignore_ament_install']
[0.205s] Level 1:colcon.colcon_core.package_identification:_identify(python_package_that_uses_the_services) by extension 'ignore'
[0.205s] Level 1:colcon.colcon_core.package_identification:_identify(python_package_that_uses_the_services) by extension 'ignore_ament_install'
[0.205s] Level 1:colcon.colcon_core.package_identification:_identify(python_package_that_uses_the_services) by extensions ['colcon_pkg']
[0.205s] Level 1:colcon.colcon_core.package_identification:_identify(python_package_that_uses_the_services) by extension 'colcon_pkg'
[0.205s] Level 1:colcon.colcon_core.package_identification:_identify(python_package_that_uses_the_services) by extensions ['colcon_meta']
[0.205s] Level 1:colcon.colcon_core.package_identification:_identify(python_package_that_uses_the_services) by extension 'colcon_meta'
[0.205s] Level 1:colcon.colcon_core.package_identification:_identify(python_package_that_uses_the_services) by extensions ['ros']
[0.205s] Level 1:colcon.colcon_core.package_identification:_identify(python_package_that_uses_the_services) by extension 'ros'
[0.205s] DEBUG:colcon.colcon_core.package_identification:Package 'python_package_that_uses_the_services' with type 'ros.ament_python' and name 'python_package_that_uses_the_services'
[0.205s] Level 1:colcon.colcon_core.package_identification:_identify(python_package_with_a_library) by extensions ['ignore', 'ignore_ament_install']
[0.206s] Level 1:colcon.colcon_core.package_identification:_identify(python_package_with_a_library) by extension 'ignore'
[0.206s] Level 1:colcon.colcon_core.package_identification:_identify(python_package_with_a_library) by extension 'ignore_ament_install'
[0.206s] Level 1:colcon.colcon_core.package_identification:_identify(python_package_with_a_library) by extensions ['colcon_pkg']
[0.206s] Level 1:colcon.colcon_core.package_identification:_identify(python_package_with_a_library) by extension 'colcon_pkg'
[0.206s] Level 1:colcon.colcon_core.package_identification:_identify(python_package_with_a_library) by extensions ['colcon_meta']
[0.206s] Level 1:colcon.colcon_core.package_identification:_identify(python_package_with_a_library) by extension 'colcon_meta'
[0.206s] Level 1:colcon.colcon_core.package_identification:_identify(python_package_with_a_library) by extensions ['ros']
[0.206s] Level 1:colcon.colcon_core.package_identification:_identify(python_package_with_a_library) by extension 'ros'
[0.206s] DEBUG:colcon.colcon_core.package_identification:Package 'python_package_with_a_library' with type 'ros.ament_python' and name 'python_package_with_a_library'
[0.206s] Level 1:colcon.colcon_core.package_identification:_identify(python_package_with_a_node) by extensions ['ignore', 'ignore_ament_install']
[0.206s] Level 1:colcon.colcon_core.package_identification:_identify(python_package_with_a_node) by extension 'ignore'
[0.206s] Level 1:colcon.colcon_core.package_identification:_identify(python_package_with_a_node) by extension 'ignore_ament_install'
[0.206s] Level 1:colcon.colcon_core.package_identification:_identify(python_package_with_a_node) by extensions ['colcon_pkg']
[0.206s] Level 1:colcon.colcon_core.package_identification:_identify(python_package_with_a_node) by extension 'colcon_pkg'
[0.206s] Level 1:colcon.colcon_core.package_identification:_identify(python_package_with_a_node) by extensions ['colcon_meta']
[0.206s] Level 1:colcon.colcon_core.package_identification:_identify(python_package_with_a_node) by extension 'colcon_meta'
[0.206s] Level 1:colcon.colcon_core.package_identification:_identify(python_package_with_a_node) by extensions ['ros']
[0.206s] Level 1:colcon.colcon_core.package_identification:_identify(python_package_with_a_node) by extension 'ros'
[0.207s] DEBUG:colcon.colcon_core.package_identification:Package 'python_package_with_a_node' with type 'ros.ament_python' and name 'python_package_with_a_node'
[0.207s] Level 1:colcon.colcon_core.package_identification:_identify(the_simplest_python_package) by extensions ['ignore', 'ignore_ament_install']
[0.207s] Level 1:colcon.colcon_core.package_identification:_identify(the_simplest_python_package) by extension 'ignore'
[0.207s] Level 1:colcon.colcon_core.package_identification:_identify(the_simplest_python_package) by extension 'ignore_ament_install'
[0.207s] Level 1:colcon.colcon_core.package_identification:_identify(the_simplest_python_package) by extensions ['colcon_pkg']
[0.207s] Level 1:colcon.colcon_core.package_identification:_identify(the_simplest_python_package) by extension 'colcon_pkg'
[0.207s] Level 1:colcon.colcon_core.package_identification:_identify(the_simplest_python_package) by extensions ['colcon_meta']
[0.207s] Level 1:colcon.colcon_core.package_identification:_identify(the_simplest_python_package) by extension 'colcon_meta'
[0.207s] Level 1:colcon.colcon_core.package_identification:_identify(the_simplest_python_package) by extensions ['ros']
[0.207s] Level 1:colcon.colcon_core.package_identification:_identify(the_simplest_python_package) by extension 'ros'
[0.207s] DEBUG:colcon.colcon_core.package_identification:Package 'the_simplest_python_package' with type 'ros.ament_python' and name 'the_simplest_python_package'
[0.207s] Level 1:colcon.colcon_core.package_discovery:discover_packages(recursive) using defaults
[0.207s] Level 1:colcon.colcon_core.package_discovery:discover_packages(ignore) discover
[0.207s] Level 1:colcon.colcon_core.package_discovery:discover_packages(ignore) using defaults
[0.207s] Level 1:colcon.colcon_core.package_discovery:discover_packages(path) discover
[0.207s] Level 1:colcon.colcon_core.package_discovery:discover_packages(path) using defaults
[0.231s] Level 1:colcon.colcon_core.package_discovery:discover_packages(prefix_path) check parameters
[0.231s] Level 1:colcon.colcon_core.package_discovery:discover_packages(prefix_path) discover
[0.232s] DEBUG:colcon.colcon_installed_package_information.package_discovery:Found 8 installed packages in /home/delewlew/ros2_tutorial_workspace_2/src/install
[0.233s] DEBUG:colcon.colcon_installed_package_information.package_discovery:Found 270 installed packages in /opt/ros/humble
[0.234s] Level 1:colcon.colcon_core.package_discovery:discover_packages(prefix_path) using defaults
[0.258s] Level 5:colcon.colcon_core.verb:set package 'package_with_interfaces' build argument 'cmake_args' from command line to 'None'
[0.258s] Level 5:colcon.colcon_core.verb:set package 'package_with_interfaces' build argument 'cmake_target' from command line to 'None'
[0.258s] Level 5:colcon.colcon_core.verb:set package 'package_with_interfaces' build argument 'cmake_target_skip_unavailable' from command line to 'False'
[0.258s] Level 5:colcon.colcon_core.verb:set package 'package_with_interfaces' build argument 'cmake_clean_cache' from command line to 'False'
[0.258s] Level 5:colcon.colcon_core.verb:set package 'package_with_interfaces' build argument 'cmake_clean_first' from command line to 'False'
[0.258s] Level 5:colcon.colcon_core.verb:set package 'package_with_interfaces' build argument 'cmake_force_configure' from command line to 'False'
[0.258s] Level 5:colcon.colcon_core.verb:set package 'package_with_interfaces' build argument 'ament_cmake_args' from command line to 'None'
[0.258s] Level 5:colcon.colcon_core.verb:set package 'package_with_interfaces' build argument 'catkin_cmake_args' from command line to 'None'
[0.258s] Level 5:colcon.colcon_core.verb:set package 'package_with_interfaces' build argument 'catkin_skip_building_tests' from command line to 'False'
[0.258s] DEBUG:colcon.colcon_core.verb:Building package 'package_with_interfaces' with the following arguments: {'ament_cmake_args': None, 'build_base': '/home/delewlew/ros2_tutorial_workspace_2/src/build/package_with_interfaces', 'catkin_cmake_args': None, 'catkin_skip_building_tests': False, 'cmake_args': None, 'cmake_clean_cache': False, 'cmake_clean_first': False, 'cmake_force_configure': False, 'cmake_target': None, 'cmake_target_skip_unavailable': False, 'install_base': '/home/delewlew/ros2_tutorial_workspace_2/src/install/package_with_interfaces', 'merge_install': False, 'path': '/home/delewlew/ros2_tutorial_workspace_2/src/package_with_interfaces', 'symlink_install': False, 'test_result_base': None}
[0.258s] Level 5:colcon.colcon_core.verb:set package 'python_package_that_uses_the_messages' build argument 'cmake_args' from command line to 'None'
[0.258s] Level 5:colcon.colcon_core.verb:set package 'python_package_that_uses_the_messages' build argument 'cmake_target' from command line to 'None'
[0.258s] Level 5:colcon.colcon_core.verb:set package 'python_package_that_uses_the_messages' build argument 'cmake_target_skip_unavailable' from command line to 'False'
[0.258s] Level 5:colcon.colcon_core.verb:set package 'python_package_that_uses_the_messages' build argument 'cmake_clean_cache' from command line to 'False'
[0.258s] Level 5:colcon.colcon_core.verb:set package 'python_package_that_uses_the_messages' build argument 'cmake_clean_first' from command line to 'False'
[0.258s] Level 5:colcon.colcon_core.verb:set package 'python_package_that_uses_the_messages' build argument 'cmake_force_configure' from command line to 'False'
[0.258s] Level 5:colcon.colcon_core.verb:set package 'python_package_that_uses_the_messages' build argument 'ament_cmake_args' from command line to 'None'
[0.258s] Level 5:colcon.colcon_core.verb:set package 'python_package_that_uses_the_messages' build argument 'catkin_cmake_args' from command line to 'None'
[0.258s] Level 5:colcon.colcon_core.verb:set package 'python_package_that_uses_the_messages' build argument 'catkin_skip_building_tests' from command line to 'False'
[0.258s] DEBUG:colcon.colcon_core.verb:Building package 'python_package_that_uses_the_messages' with the following arguments: {'ament_cmake_args': None, 'build_base': '/home/delewlew/ros2_tutorial_workspace_2/src/build/python_package_that_uses_the_messages', 'catkin_cmake_args': None, 'catkin_skip_building_tests': False, 'cmake_args': None, 'cmake_clean_cache': False, 'cmake_clean_first': False, 'cmake_force_configure': False, 'cmake_target': None, 'cmake_target_skip_unavailable': False, 'install_base': '/home/delewlew/ros2_tutorial_workspace_2/src/install/python_package_that_uses_the_messages', 'merge_install': False, 'path': '/home/delewlew/ros2_tutorial_workspace_2/src/python_package_that_uses_the_messages', 'symlink_install': False, 'test_result_base': None}
[0.258s] Level 5:colcon.colcon_core.verb:set package 'python_package_that_uses_the_services' build argument 'cmake_args' from command line to 'None'
[0.258s] Level 5:colcon.colcon_core.verb:set package 'python_package_that_uses_the_services' build argument 'cmake_target' from command line to 'None'
[0.258s] Level 5:colcon.colcon_core.verb:set package 'python_package_that_uses_the_services' build argument 'cmake_target_skip_unavailable' from command line to 'False'
[0.259s] Level 5:colcon.colcon_core.verb:set package 'python_package_that_uses_the_services' build argument 'cmake_clean_cache' from command line to 'False'
[0.259s] Level 5:colcon.colcon_core.verb:set package 'python_package_that_uses_the_services' build argument 'cmake_clean_first' from command line to 'False'
[0.259s] Level 5:colcon.colcon_core.verb:set package 'python_package_that_uses_the_services' build argument 'cmake_force_configure' from command line to 'False'
[0.259s] Level 5:colcon.colcon_core.verb:set package 'python_package_that_uses_the_services' build argument 'ament_cmake_args' from command line to 'None'
[0.259s] Level 5:colcon.colcon_core.verb:set package 'python_package_that_uses_the_services' build argument 'catkin_cmake_args' from command line to 'None'
[0.259s] Level 5:colcon.colcon_core.verb:set package 'python_package_that_uses_the_services' build argument 'catkin_skip_building_tests' from command line to 'False'
[0.259s] DEBUG:colcon.colcon_core.verb:Building package 'python_package_that_uses_the_services' with the following arguments: {'ament_cmake_args': None, 'build_base': '/home/delewlew/ros2_tutorial_workspace_2/src/build/python_package_that_uses_the_services', 'catkin_cmake_args': None, 'catkin_skip_building_tests': False, 'cmake_args': None, 'cmake_clean_cache': False, 'cmake_clean_first': False, 'cmake_force_configure': False, 'cmake_target': None, 'cmake_target_skip_unavailable': False, 'install_base': '/home/delewlew/ros2_tutorial_workspace_2/src/install/python_package_that_uses_the_services', 'merge_install': False, 'path': '/home/delewlew/ros2_tutorial_workspace_2/src/python_package_that_uses_the_services', 'symlink_install': False, 'test_result_base': None}
[0.259s] Level 5:colcon.colcon_core.verb:set package 'python_package_with_a_library' build argument 'cmake_args' from command line to 'None'
[0.259s] Level 5:colcon.colcon_core.verb:set package 'python_package_with_a_library' build argument 'cmake_target' from command line to 'None'
[0.259s] Level 5:colcon.colcon_core.verb:set package 'python_package_with_a_library' build argument 'cmake_target_skip_unavailable' from command line to 'False'
[0.259s] Level 5:colcon.colcon_core.verb:set package 'python_package_with_a_library' build argument 'cmake_clean_cache' from command line to 'False'
[0.259s] Level 5:colcon.colcon_core.verb:set package 'python_package_with_a_library' build argument 'cmake_clean_first' from command line to 'False'
[0.259s] Level 5:colcon.colcon_core.verb:set package 'python_package_with_a_library' build argument 'cmake_force_configure' from command line to 'False'
[0.259s] Level 5:colcon.colcon_core.verb:set package 'python_package_with_a_library' build argument 'ament_cmake_args' from command line to 'None'
[0.259s] Level 5:colcon.colcon_core.verb:set package 'python_package_with_a_library' build argument 'catkin_cmake_args' from command line to 'None'
[0.259s] Level 5:colcon.colcon_core.verb:set package 'python_package_with_a_library' build argument 'catkin_skip_building_tests' from command line to 'False'
[0.259s] DEBUG:colcon.colcon_core.verb:Building package 'python_package_with_a_library' with the following arguments: {'ament_cmake_args': None, 'build_base': '/home/delewlew/ros2_tutorial_workspace_2/src/build/python_package_with_a_library', 'catkin_cmake_args': None, 'catkin_skip_building_tests': False, 'cmake_args': None, 'cmake_clean_cache': False, 'cmake_clean_first': False, 'cmake_force_configure': False, 'cmake_target': None, 'cmake_target_skip_unavailable': False, 'install_base': '/home/delewlew/ros2_tutorial_workspace_2/src/install/python_package_with_a_library', 'merge_install': False, 'path': '/home/delewlew/ros2_tutorial_workspace_2/src/python_package_with_a_library', 'symlink_install': False, 'test_result_base': None}
[0.259s] Level 5:colcon.colcon_core.verb:set package 'python_package_with_a_node' build argument 'cmake_args' from command line to 'None'
[0.259s] Level 5:colcon.colcon_core.verb:set package 'python_package_with_a_node' build argument 'cmake_target' from command line to 'None'
[0.259s] Level 5:colcon.colcon_core.verb:set package 'python_package_with_a_node' build argument 'cmake_target_skip_unavailable' from command line to 'False'
[0.259s] Level 5:colcon.colcon_core.verb:set package 'python_package_with_a_node' build argument 'cmake_clean_cache' from command line to 'False'
[0.259s] Level 5:colcon.colcon_core.verb:set package 'python_package_with_a_node' build argument 'cmake_clean_first' from command line to 'False'
[0.259s] Level 5:colcon.colcon_core.verb:set package 'python_package_with_a_node' build argument 'cmake_force_configure' from command line to 'False'
[0.259s] Level 5:colcon.colcon_core.verb:set package 'python_package_with_a_node' build argument 'ament_cmake_args' from command line to 'None'
[0.259s] Level 5:colcon.colcon_core.verb:set package 'python_package_with_a_node' build argument 'catkin_cmake_args' from command line to 'None'
[0.259s] Level 5:colcon.colcon_core.verb:set package 'python_package_with_a_node' build argument 'catkin_skip_building_tests' from command line to 'False'
[0.259s] DEBUG:colcon.colcon_core.verb:Building package 'python_package_with_a_node' with the following arguments: {'ament_cmake_args': None, 'build_base': '/home/delewlew/ros2_tutorial_workspace_2/src/build/python_package_with_a_node', 'catkin_cmake_args': None, 'catkin_skip_building_tests': False, 'cmake_args': None, 'cmake_clean_cache': False, 'cmake_clean_first': False, 'cmake_force_configure': False, 'cmake_target': None, 'cmake_target_skip_unavailable': False, 'install_base': '/home/delewlew/ros2_tutorial_workspace_2/src/install/python_package_with_a_node', 'merge_install': False, 'path': '/home/delewlew/ros2_tutorial_workspace_2/src/python_package_with_a_node', 'symlink_install': False, 'test_result_base': None}
[0.260s] Level 5:colcon.colcon_core.verb:set package 'the_simplest_python_package' build argument 'cmake_args' from command line to 'None'
[0.260s] Level 5:colcon.colcon_core.verb:set package 'the_simplest_python_package' build argument 'cmake_target' from command line to 'None'
[0.260s] Level 5:colcon.colcon_core.verb:set package 'the_simplest_python_package' build argument 'cmake_target_skip_unavailable' from command line to 'False'
[0.260s] Level 5:colcon.colcon_core.verb:set package 'the_simplest_python_package' build argument 'cmake_clean_cache' from command line to 'False'
[0.260s] Level 5:colcon.colcon_core.verb:set package 'the_simplest_python_package' build argument 'cmake_clean_first' from command line to 'False'
[0.260s] Level 5:colcon.colcon_core.verb:set package 'the_simplest_python_package' build argument 'cmake_force_configure' from command line to 'False'
[0.260s] Level 5:colcon.colcon_core.verb:set package 'the_simplest_python_package' build argument 'ament_cmake_args' from command line to 'None'
[0.260s] Level 5:colcon.colcon_core.verb:set package 'the_simplest_python_package' build argument 'catkin_cmake_args' from command line to 'None'
[0.260s] Level 5:colcon.colcon_core.verb:set package 'the_simplest_python_package' build argument 'catkin_skip_building_tests' from command line to 'False'
[0.260s] DEBUG:colcon.colcon_core.verb:Building package 'the_simplest_python_package' with the following arguments: {'ament_cmake_args': None, 'build_base': '/home/delewlew/ros2_tutorial_workspace_2/src/build/the_simplest_python_package', 'catkin_cmake_args': None, 'catkin_skip_building_tests': False, 'cmake_args': None, 'cmake_clean_cache': False, 'cmake_clean_first': False, 'cmake_force_configure': False, 'cmake_target': None, 'cmake_target_skip_unavailable': False, 'install_base': '/home/delewlew/ros2_tutorial_workspace_2/src/install/the_simplest_python_package', 'merge_install': False, 'path': '/home/delewlew/ros2_tutorial_workspace_2/src/the_simplest_python_package', 'symlink_install': False, 'test_result_base': None}
[0.260s] Level 5:colcon.colcon_core.verb:set package 'python_package_that_uses_paramameters_and_launch_files' build argument 'cmake_args' from command line to 'None'
[0.260s] Level 5:colcon.colcon_core.verb:set package 'python_package_that_uses_paramameters_and_launch_files' build argument 'cmake_target' from command line to 'None'
[0.260s] Level 5:colcon.colcon_core.verb:set package 'python_package_that_uses_paramameters_and_launch_files' build argument 'cmake_target_skip_unavailable' from command line to 'False'
[0.260s] Level 5:colcon.colcon_core.verb:set package 'python_package_that_uses_paramameters_and_launch_files' build argument 'cmake_clean_cache' from command line to 'False'
[0.260s] Level 5:colcon.colcon_core.verb:set package 'python_package_that_uses_paramameters_and_launch_files' build argument 'cmake_clean_first' from command line to 'False'
[0.260s] Level 5:colcon.colcon_core.verb:set package 'python_package_that_uses_paramameters_and_launch_files' build argument 'cmake_force_configure' from command line to 'False'
[0.260s] Level 5:colcon.colcon_core.verb:set package 'python_package_that_uses_paramameters_and_launch_files' build argument 'ament_cmake_args' from command line to 'None'
[0.260s] Level 5:colcon.colcon_core.verb:set package 'python_package_that_uses_paramameters_and_launch_files' build argument 'catkin_cmake_args' from command line to 'None'
[0.260s] Level 5:colcon.colcon_core.verb:set package 'python_package_that_uses_paramameters_and_launch_files' build argument 'catkin_skip_building_tests' from command line to 'False'
[0.260s] DEBUG:colcon.colcon_core.verb:Building package 'python_package_that_uses_paramameters_and_launch_files' with the following arguments: {'ament_cmake_args': None, 'build_base': '/home/delewlew/ros2_tutorial_workspace_2/src/build/python_package_that_uses_paramameters_and_launch_files', 'catkin_cmake_args': None, 'catkin_skip_building_tests': False, 'cmake_args': None, 'cmake_clean_cache': False, 'cmake_clean_first': False, 'cmake_force_configure': False, 'cmake_target': None, 'cmake_target_skip_unavailable': False, 'install_base': '/home/delewlew/ros2_tutorial_workspace_2/src/install/python_package_that_uses_paramameters_and_launch_files', 'merge_install': False, 'path': '/home/delewlew/ros2_tutorial_workspace_2/src/python_package_that_uses_paramameters_and_launch_files', 'symlink_install': False, 'test_result_base': None}
[0.260s] Level 5:colcon.colcon_core.verb:set package 'python_package_that_uses_the_library' build argument 'cmake_args' from command line to 'None'
[0.260s] Level 5:colcon.colcon_core.verb:set package 'python_package_that_uses_the_library' build argument 'cmake_target' from command line to 'None'
[0.260s] Level 5:colcon.colcon_core.verb:set package 'python_package_that_uses_the_library' build argument 'cmake_target_skip_unavailable' from command line to 'False'
[0.260s] Level 5:colcon.colcon_core.verb:set package 'python_package_that_uses_the_library' build argument 'cmake_clean_cache' from command line to 'False'
[0.260s] Level 5:colcon.colcon_core.verb:set package 'python_package_that_uses_the_library' build argument 'cmake_clean_first' from command line to 'False'
[0.260s] Level 5:colcon.colcon_core.verb:set package 'python_package_that_uses_the_library' build argument 'cmake_force_configure' from command line to 'False'
[0.260s] Level 5:colcon.colcon_core.verb:set package 'python_package_that_uses_the_library' build argument 'ament_cmake_args' from command line to 'None'
[0.260s] Level 5:colcon.colcon_core.verb:set package 'python_package_that_uses_the_library' build argument 'catkin_cmake_args' from command line to 'None'
[0.260s] Level 5:colcon.colcon_core.verb:set package 'python_package_that_uses_the_library' build argument 'catkin_skip_building_tests' from command line to 'False'
[0.260s] DEBUG:colcon.colcon_core.verb:Building package 'python_package_that_uses_the_library' with the following arguments: {'ament_cmake_args': None, 'build_base': '/home/delewlew/ros2_tutorial_workspace_2/src/build/python_package_that_uses_the_library', 'catkin_cmake_args': None, 'catkin_skip_building_tests': False, 'cmake_args': None, 'cmake_clean_cache': False, 'cmake_clean_first': False, 'cmake_force_configure': False, 'cmake_target': None, 'cmake_target_skip_unavailable': False, 'install_base': '/home/delewlew/ros2_tutorial_workspace_2/src/install/python_package_that_uses_the_library', 'merge_install': False, 'path': '/home/delewlew/ros2_tutorial_workspace_2/src/python_package_that_uses_the_library', 'symlink_install': False, 'test_result_base': None}
[0.260s] INFO:colcon.colcon_core.executor:Executing jobs using 'parallel' executor
[0.262s] DEBUG:colcon.colcon_parallel_executor.executor.parallel:run_until_complete
[0.262s] INFO:colcon.colcon_ros.task.ament_cmake.build:Building ROS package in '/home/delewlew/ros2_tutorial_workspace_2/src/package_with_interfaces' with build type 'ament_cmake'
[0.262s] INFO:colcon.colcon_cmake.task.cmake.build:Building CMake package in '/home/delewlew/ros2_tutorial_workspace_2/src/package_with_interfaces'
[0.264s] INFO:colcon.colcon_core.plugin_system:Skipping extension 'colcon_core.shell.bat': Not used on non-Windows systems
[0.265s] INFO:colcon.colcon_core.shell:Skip shell extension 'powershell' for command environment: Not usable outside of PowerShell
[0.265s] DEBUG:colcon.colcon_core.shell:Skip shell extension 'dsv' for command environment
[0.267s] INFO:colcon.colcon_ros.task.ament_python.build:Building ROS package in '/home/delewlew/ros2_tutorial_workspace_2/src/python_package_with_a_library' with build type 'ament_python'
[0.268s] Level 1:colcon.colcon_core.shell:create_environment_hook('python_package_with_a_library', 'ament_prefix_path')
[0.268s] INFO:colcon.colcon_core.shell:Creating environment hook '/home/delewlew/ros2_tutorial_workspace_2/src/install/python_package_with_a_library/share/python_package_with_a_library/hook/ament_prefix_path.ps1'
[0.269s] INFO:colcon.colcon_core.shell:Creating environment descriptor '/home/delewlew/ros2_tutorial_workspace_2/src/install/python_package_with_a_library/share/python_package_with_a_library/hook/ament_prefix_path.dsv'
[0.269s] INFO:colcon.colcon_core.shell:Creating environment hook '/home/delewlew/ros2_tutorial_workspace_2/src/install/python_package_with_a_library/share/python_package_with_a_library/hook/ament_prefix_path.sh'
[0.270s] INFO:colcon.colcon_core.shell:Skip shell extension 'powershell' for command environment: Not usable outside of PowerShell
[0.270s] DEBUG:colcon.colcon_core.shell:Skip shell extension 'dsv' for command environment
[0.273s] INFO:colcon.colcon_ros.task.ament_python.build:Building ROS package in '/home/delewlew/ros2_tutorial_workspace_2/src/python_package_that_uses_the_messages' with build type 'ament_python'
[0.273s] Level 1:colcon.colcon_core.shell:create_environment_hook('python_package_that_uses_the_messages', 'ament_prefix_path')
[0.273s] INFO:colcon.colcon_core.shell:Creating environment hook '/home/delewlew/ros2_tutorial_workspace_2/src/install/python_package_that_uses_the_messages/share/python_package_that_uses_the_messages/hook/ament_prefix_path.ps1'
[0.274s] INFO:colcon.colcon_core.shell:Creating environment descriptor '/home/delewlew/ros2_tutorial_workspace_2/src/install/python_package_that_uses_the_messages/share/python_package_that_uses_the_messages/hook/ament_prefix_path.dsv'
[0.275s] INFO:colcon.colcon_core.shell:Creating environment hook '/home/delewlew/ros2_tutorial_workspace_2/src/install/python_package_that_uses_the_messages/share/python_package_that_uses_the_messages/hook/ament_prefix_path.sh'
[0.275s] INFO:colcon.colcon_core.shell:Skip shell extension 'powershell' for command environment: Not usable outside of PowerShell
[0.276s] DEBUG:colcon.colcon_core.shell:Skip shell extension 'dsv' for command environment
[0.281s] INFO:colcon.colcon_ros.task.ament_python.build:Building ROS package in '/home/delewlew/ros2_tutorial_workspace_2/src/python_package_that_uses_the_services' with build type 'ament_python'
[0.281s] Level 1:colcon.colcon_core.shell:create_environment_hook('python_package_that_uses_the_services', 'ament_prefix_path')
[0.282s] INFO:colcon.colcon_core.shell:Creating environment hook '/home/delewlew/ros2_tutorial_workspace_2/src/install/python_package_that_uses_the_services/share/python_package_that_uses_the_services/hook/ament_prefix_path.ps1'
[0.283s] INFO:colcon.colcon_core.shell:Creating environment descriptor '/home/delewlew/ros2_tutorial_workspace_2/src/install/python_package_that_uses_the_services/share/python_package_that_uses_the_services/hook/ament_prefix_path.dsv'
[0.284s] INFO:colcon.colcon_core.shell:Creating environment hook '/home/delewlew/ros2_tutorial_workspace_2/src/install/python_package_that_uses_the_services/share/python_package_that_uses_the_services/hook/ament_prefix_path.sh'
[0.286s] INFO:colcon.colcon_core.shell:Skip shell extension 'powershell' for command environment: Not usable outside of PowerShell
[0.286s] DEBUG:colcon.colcon_core.shell:Skip shell extension 'dsv' for command environment
[0.291s] INFO:colcon.colcon_ros.task.ament_python.build:Building ROS package in '/home/delewlew/ros2_tutorial_workspace_2/src/python_package_with_a_node' with build type 'ament_python'
[0.291s] Level 1:colcon.colcon_core.shell:create_environment_hook('python_package_with_a_node', 'ament_prefix_path')
[0.291s] INFO:colcon.colcon_core.shell:Creating environment hook '/home/delewlew/ros2_tutorial_workspace_2/src/install/python_package_with_a_node/share/python_package_with_a_node/hook/ament_prefix_path.ps1'
[0.292s] INFO:colcon.colcon_core.shell:Creating environment descriptor '/home/delewlew/ros2_tutorial_workspace_2/src/install/python_package_with_a_node/share/python_package_with_a_node/hook/ament_prefix_path.dsv'
[0.293s] INFO:colcon.colcon_core.shell:Creating environment hook '/home/delewlew/ros2_tutorial_workspace_2/src/install/python_package_with_a_node/share/python_package_with_a_node/hook/ament_prefix_path.sh'
[0.294s] INFO:colcon.colcon_core.shell:Skip shell extension 'powershell' for command environment: Not usable outside of PowerShell
[0.294s] DEBUG:colcon.colcon_core.shell:Skip shell extension 'dsv' for command environment
[0.298s] INFO:colcon.colcon_ros.task.ament_python.build:Building ROS package in '/home/delewlew/ros2_tutorial_workspace_2/src/the_simplest_python_package' with build type 'ament_python'
[0.298s] Level 1:colcon.colcon_core.shell:create_environment_hook('the_simplest_python_package', 'ament_prefix_path')
[0.299s] INFO:colcon.colcon_core.shell:Creating environment hook '/home/delewlew/ros2_tutorial_workspace_2/src/install/the_simplest_python_package/share/the_simplest_python_package/hook/ament_prefix_path.ps1'
[0.300s] INFO:colcon.colcon_core.shell:Creating environment descriptor '/home/delewlew/ros2_tutorial_workspace_2/src/install/the_simplest_python_package/share/the_simplest_python_package/hook/ament_prefix_path.dsv'
[0.300s] INFO:colcon.colcon_core.shell:Creating environment hook '/home/delewlew/ros2_tutorial_workspace_2/src/install/the_simplest_python_package/share/the_simplest_python_package/hook/ament_prefix_path.sh'
[0.301s] INFO:colcon.colcon_core.shell:Skip shell extension 'powershell' for command environment: Not usable outside of PowerShell
[0.301s] DEBUG:colcon.colcon_core.shell:Skip shell extension 'dsv' for command environment
[0.324s] DEBUG:colcon.colcon_core.event_handler.log_command:Invoking command in '/home/delewlew/ros2_tutorial_workspace_2/src/build/package_with_interfaces': CMAKE_PREFIX_PATH=${CMAKE_PREFIX_PATH}:/home/delewlew/ros2_tutorial_workspace_2/src/install/python_package_that_uses_paramameters_and_launch_files:/home/delewlew/ros2_tutorial_workspace_2/src/install/the_simplest_python_package:/home/delewlew/ros2_tutorial_workspace_2/src/install/python_package_with_a_node:/home/delewlew/ros2_tutorial_workspace_2/src/install/python_package_that_uses_the_library:/home/delewlew/ros2_tutorial_workspace_2/src/install/python_package_with_a_library:/home/delewlew/ros2_tutorial_workspace_2/src/install/python_package_that_uses_the_services:/home/delewlew/ros2_tutorial_workspace_2/src/install/python_package_that_uses_the_messages:/opt/ros/humble /usr/bin/cmake --build /home/delewlew/ros2_tutorial_workspace_2/src/build/package_with_interfaces -- -j12 -l12
[0.768s] INFO:colcon.colcon_core.task.python.build:Building Python package in '/home/delewlew/ros2_tutorial_workspace_2/src/python_package_with_a_library'
[0.768s] INFO:colcon.colcon_core.shell:Skip shell extension 'powershell' for command environment: Not usable outside of PowerShell
[0.768s] DEBUG:colcon.colcon_core.shell:Skip shell extension 'dsv' for command environment
[0.994s] INFO:colcon.colcon_core.task.python.build:Building Python package in '/home/delewlew/ros2_tutorial_workspace_2/src/python_package_that_uses_the_messages'
[0.995s] INFO:colcon.colcon_core.shell:Skip shell extension 'powershell' for command environment: Not usable outside of PowerShell
[0.995s] DEBUG:colcon.colcon_core.shell:Skip shell extension 'dsv' for command environment
[1.220s] INFO:colcon.colcon_core.task.python.build:Building Python package in '/home/delewlew/ros2_tutorial_workspace_2/src/python_package_that_uses_the_services'
[1.220s] INFO:colcon.colcon_core.shell:Skip shell extension 'powershell' for command environment: Not usable outside of PowerShell
[1.220s] DEBUG:colcon.colcon_core.shell:Skip shell extension 'dsv' for command environment
[1.444s] INFO:colcon.colcon_core.task.python.build:Building Python package in '/home/delewlew/ros2_tutorial_workspace_2/src/python_package_with_a_node'
[1.445s] INFO:colcon.colcon_core.shell:Skip shell extension 'powershell' for command environment: Not usable outside of PowerShell
[1.445s] DEBUG:colcon.colcon_core.shell:Skip shell extension 'dsv' for command environment
[1.657s] INFO:colcon.colcon_core.task.python.build:Building Python package in '/home/delewlew/ros2_tutorial_workspace_2/src/the_simplest_python_package'
[1.657s] INFO:colcon.colcon_core.shell:Skip shell extension 'powershell' for command environment: Not usable outside of PowerShell
[1.657s] DEBUG:colcon.colcon_core.shell:Skip shell extension 'dsv' for command environment
[1.666s] DEBUG:colcon.colcon_core.event_handler.log_command:Invoked command in '/home/delewlew/ros2_tutorial_workspace_2/src/build/package_with_interfaces' returned '0': CMAKE_PREFIX_PATH=${CMAKE_PREFIX_PATH}:/home/delewlew/ros2_tutorial_workspace_2/src/install/python_package_that_uses_paramameters_and_launch_files:/home/delewlew/ros2_tutorial_workspace_2/src/install/the_simplest_python_package:/home/delewlew/ros2_tutorial_workspace_2/src/install/python_package_with_a_node:/home/delewlew/ros2_tutorial_workspace_2/src/install/python_package_that_uses_the_library:/home/delewlew/ros2_tutorial_workspace_2/src/install/python_package_with_a_library:/home/delewlew/ros2_tutorial_workspace_2/src/install/python_package_that_uses_the_services:/home/delewlew/ros2_tutorial_workspace_2/src/install/python_package_that_uses_the_messages:/opt/ros/humble /usr/bin/cmake --build /home/delewlew/ros2_tutorial_workspace_2/src/build/package_with_interfaces -- -j12 -l12
[1.877s] DEBUG:colcon.colcon_core.event_handler.log_command:Invoking command in '/home/delewlew/ros2_tutorial_workspace_2/src/build/package_with_interfaces': CMAKE_PREFIX_PATH=${CMAKE_PREFIX_PATH}:/home/delewlew/ros2_tutorial_workspace_2/src/install/python_package_that_uses_paramameters_and_launch_files:/home/delewlew/ros2_tutorial_workspace_2/src/install/the_simplest_python_package:/home/delewlew/ros2_tutorial_workspace_2/src/install/python_package_with_a_node:/home/delewlew/ros2_tutorial_workspace_2/src/install/python_package_that_uses_the_library:/home/delewlew/ros2_tutorial_workspace_2/src/install/python_package_with_a_library:/home/delewlew/ros2_tutorial_workspace_2/src/install/python_package_that_uses_the_services:/home/delewlew/ros2_tutorial_workspace_2/src/install/python_package_that_uses_the_messages:/opt/ros/humble /usr/bin/cmake --install /home/delewlew/ros2_tutorial_workspace_2/src/build/package_with_interfaces
[2.027s] Level 1:colcon.colcon_core.environment:create_environment_scripts_only(package_with_interfaces)
[2.031s] DEBUG:colcon.colcon_core.event_handler.log_command:Invoked command in '/home/delewlew/ros2_tutorial_workspace_2/src/build/package_with_interfaces' returned '0': CMAKE_PREFIX_PATH=${CMAKE_PREFIX_PATH}:/home/delewlew/ros2_tutorial_workspace_2/src/install/python_package_that_uses_paramameters_and_launch_files:/home/delewlew/ros2_tutorial_workspace_2/src/install/the_simplest_python_package:/home/delewlew/ros2_tutorial_workspace_2/src/install/python_package_with_a_node:/home/delewlew/ros2_tutorial_workspace_2/src/install/python_package_that_uses_the_library:/home/delewlew/ros2_tutorial_workspace_2/src/install/python_package_with_a_library:/home/delewlew/ros2_tutorial_workspace_2/src/install/python_package_that_uses_the_services:/home/delewlew/ros2_tutorial_workspace_2/src/install/python_package_that_uses_the_messages:/opt/ros/humble /usr/bin/cmake --install /home/delewlew/ros2_tutorial_workspace_2/src/build/package_with_interfaces
[2.033s] Level 1:colcon.colcon_core.environment:checking '/home/delewlew/ros2_tutorial_workspace_2/src/install/package_with_interfaces' for CMake module files
[2.034s] Level 1:colcon.colcon_core.environment:checking '/home/delewlew/ros2_tutorial_workspace_2/src/install/package_with_interfaces' for CMake config files
[2.035s] Level 1:colcon.colcon_core.shell:create_environment_hook('package_with_interfaces', 'cmake_prefix_path')
[2.036s] INFO:colcon.colcon_core.shell:Creating environment hook '/home/delewlew/ros2_tutorial_workspace_2/src/install/package_with_interfaces/share/package_with_interfaces/hook/cmake_prefix_path.ps1'
[2.037s] INFO:colcon.colcon_core.shell:Creating environment descriptor '/home/delewlew/ros2_tutorial_workspace_2/src/install/package_with_interfaces/share/package_with_interfaces/hook/cmake_prefix_path.dsv'
[2.037s] INFO:colcon.colcon_core.shell:Creating environment hook '/home/delewlew/ros2_tutorial_workspace_2/src/install/package_with_interfaces/share/package_with_interfaces/hook/cmake_prefix_path.sh'
[2.039s] Level 1:colcon.colcon_core.environment:checking '/home/delewlew/ros2_tutorial_workspace_2/src/install/package_with_interfaces/lib'
[2.039s] Level 1:colcon.colcon_core.shell:create_environment_hook('package_with_interfaces', 'ld_library_path_lib')
[2.040s] INFO:colcon.colcon_core.shell:Creating environment hook '/home/delewlew/ros2_tutorial_workspace_2/src/install/package_with_interfaces/share/package_with_interfaces/hook/ld_library_path_lib.ps1'
[2.041s] INFO:colcon.colcon_core.shell:Creating environment descriptor '/home/delewlew/ros2_tutorial_workspace_2/src/install/package_with_interfaces/share/package_with_interfaces/hook/ld_library_path_lib.dsv'
[2.041s] INFO:colcon.colcon_core.shell:Creating environment hook '/home/delewlew/ros2_tutorial_workspace_2/src/install/package_with_interfaces/share/package_with_interfaces/hook/ld_library_path_lib.sh'
[2.042s] Level 1:colcon.colcon_core.environment:checking '/home/delewlew/ros2_tutorial_workspace_2/src/install/package_with_interfaces/bin'
[2.042s] Level 1:colcon.colcon_core.environment:checking '/home/delewlew/ros2_tutorial_workspace_2/src/install/package_with_interfaces/lib/pkgconfig/package_with_interfaces.pc'
[2.043s] Level 1:colcon.colcon_core.environment:checking '/home/delewlew/ros2_tutorial_workspace_2/src/install/package_with_interfaces/lib/python3.10/site-packages'
[2.043s] Level 1:colcon.colcon_core.environment:checking '/home/delewlew/ros2_tutorial_workspace_2/src/install/package_with_interfaces/bin'
[2.044s] INFO:colcon.colcon_core.shell:Creating package script '/home/delewlew/ros2_tutorial_workspace_2/src/install/package_with_interfaces/share/package_with_interfaces/package.ps1'
[2.045s] INFO:colcon.colcon_core.shell:Creating package descriptor '/home/delewlew/ros2_tutorial_workspace_2/src/install/package_with_interfaces/share/package_with_interfaces/package.dsv'
[2.046s] INFO:colcon.colcon_core.shell:Creating package script '/home/delewlew/ros2_tutorial_workspace_2/src/install/package_with_interfaces/share/package_with_interfaces/package.sh'
[2.047s] INFO:colcon.colcon_core.shell:Creating package script '/home/delewlew/ros2_tutorial_workspace_2/src/install/package_with_interfaces/share/package_with_interfaces/package.bash'
[2.048s] INFO:colcon.colcon_core.shell:Creating package script '/home/delewlew/ros2_tutorial_workspace_2/src/install/package_with_interfaces/share/package_with_interfaces/package.zsh'
[2.049s] Level 1:colcon.colcon_core.environment:create_file_with_runtime_dependencies(/home/delewlew/ros2_tutorial_workspace_2/src/install/package_with_interfaces/share/colcon-core/packages/package_with_interfaces)
[2.231s] DEBUG:colcon.colcon_core.event_handler.log_command:Invoking command in '/home/delewlew/ros2_tutorial_workspace_2/src/python_package_with_a_node': PYTHONPATH=/home/delewlew/ros2_tutorial_workspace_2/src/build/python_package_with_a_node/prefix_override:/usr/lib/python3/dist-packages/colcon_core/task/python/colcon_distutils_commands:/home/delewlew/ros2_tutorial_workspace_2/src/install/python_package_with_a_node/lib/python3.10/site-packages:${PYTHONPATH} /usr/bin/python3 -W ignore:setup.py install is deprecated setup.py egg_info --egg-base ../build/python_package_with_a_node build --build-base /home/delewlew/ros2_tutorial_workspace_2/src/build/python_package_with_a_node/build install --record /home/delewlew/ros2_tutorial_workspace_2/src/build/python_package_with_a_node/install.log --single-version-externally-managed install_data
[2.277s] Level 1:colcon.colcon_core.environment:create_environment_scripts_only(package_with_interfaces)
[2.278s] Level 1:colcon.colcon_core.environment:checking '/home/delewlew/ros2_tutorial_workspace_2/src/install/package_with_interfaces' for CMake module files
[2.280s] Level 1:colcon.colcon_core.environment:checking '/home/delewlew/ros2_tutorial_workspace_2/src/install/package_with_interfaces' for CMake config files
[2.282s] Level 1:colcon.colcon_core.shell:create_environment_hook('package_with_interfaces', 'cmake_prefix_path')
[2.283s] INFO:colcon.colcon_core.shell:Creating environment hook '/home/delewlew/ros2_tutorial_workspace_2/src/install/package_with_interfaces/share/package_with_interfaces/hook/cmake_prefix_path.ps1'
[2.284s] INFO:colcon.colcon_core.shell:Creating environment descriptor '/home/delewlew/ros2_tutorial_workspace_2/src/install/package_with_interfaces/share/package_with_interfaces/hook/cmake_prefix_path.dsv'
[2.285s] INFO:colcon.colcon_core.shell:Creating environment hook '/home/delewlew/ros2_tutorial_workspace_2/src/install/package_with_interfaces/share/package_with_interfaces/hook/cmake_prefix_path.sh'
[2.287s] Level 1:colcon.colcon_core.environment:checking '/home/delewlew/ros2_tutorial_workspace_2/src/install/package_with_interfaces/lib'
[2.287s] Level 1:colcon.colcon_core.shell:create_environment_hook('package_with_interfaces', 'ld_library_path_lib')
[2.288s] INFO:colcon.colcon_core.shell:Creating environment hook '/home/delewlew/ros2_tutorial_workspace_2/src/install/package_with_interfaces/share/package_with_interfaces/hook/ld_library_path_lib.ps1'
[2.290s] INFO:colcon.colcon_core.shell:Creating environment descriptor '/home/delewlew/ros2_tutorial_workspace_2/src/install/package_with_interfaces/share/package_with_interfaces/hook/ld_library_path_lib.dsv'
[2.291s] INFO:colcon.colcon_core.shell:Creating environment hook '/home/delewlew/ros2_tutorial_workspace_2/src/install/package_with_interfaces/share/package_with_interfaces/hook/ld_library_path_lib.sh'
[2.292s] Level 1:colcon.colcon_core.environment:checking '/home/delewlew/ros2_tutorial_workspace_2/src/install/package_with_interfaces/bin'
[2.293s] Level 1:colcon.colcon_core.environment:checking '/home/delewlew/ros2_tutorial_workspace_2/src/install/package_with_interfaces/lib/pkgconfig/package_with_interfaces.pc'
[2.293s] Level 1:colcon.colcon_core.environment:checking '/home/delewlew/ros2_tutorial_workspace_2/src/install/package_with_interfaces/lib/python3.10/site-packages'
[2.294s] Level 1:colcon.colcon_core.environment:checking '/home/delewlew/ros2_tutorial_workspace_2/src/install/package_with_interfaces/bin'
[2.295s] INFO:colcon.colcon_core.shell:Creating package script '/home/delewlew/ros2_tutorial_workspace_2/src/install/package_with_interfaces/share/package_with_interfaces/package.ps1'
[2.297s] INFO:colcon.colcon_core.shell:Creating package descriptor '/home/delewlew/ros2_tutorial_workspace_2/src/install/package_with_interfaces/share/package_with_interfaces/package.dsv'
[2.299s] INFO:colcon.colcon_core.shell:Creating package script '/home/delewlew/ros2_tutorial_workspace_2/src/install/package_with_interfaces/share/package_with_interfaces/package.sh'
[2.300s] INFO:colcon.colcon_core.shell:Creating package script '/home/delewlew/ros2_tutorial_workspace_2/src/install/package_with_interfaces/share/package_with_interfaces/package.bash'
[2.302s] INFO:colcon.colcon_core.shell:Creating package script '/home/delewlew/ros2_tutorial_workspace_2/src/install/package_with_interfaces/share/package_with_interfaces/package.zsh'
[2.304s] Level 1:colcon.colcon_core.environment:create_file_with_runtime_dependencies(/home/delewlew/ros2_tutorial_workspace_2/src/install/package_with_interfaces/share/colcon-core/packages/package_with_interfaces)
[2.305s] INFO:colcon.colcon_ros.task.ament_python.build:Building ROS package in '/home/delewlew/ros2_tutorial_workspace_2/src/python_package_that_uses_paramameters_and_launch_files' with build type 'ament_python'
[2.306s] Level 1:colcon.colcon_core.shell:create_environment_hook('python_package_that_uses_paramameters_and_launch_files', 'ament_prefix_path')
[2.307s] INFO:colcon.colcon_core.shell:Creating environment hook '/home/delewlew/ros2_tutorial_workspace_2/src/install/python_package_that_uses_paramameters_and_launch_files/share/python_package_that_uses_paramameters_and_launch_files/hook/ament_prefix_path.ps1'
[2.309s] INFO:colcon.colcon_core.shell:Creating environment descriptor '/home/delewlew/ros2_tutorial_workspace_2/src/install/python_package_that_uses_paramameters_and_launch_files/share/python_package_that_uses_paramameters_and_launch_files/hook/ament_prefix_path.dsv'
[2.311s] INFO:colcon.colcon_core.shell:Creating environment hook '/home/delewlew/ros2_tutorial_workspace_2/src/install/python_package_that_uses_paramameters_and_launch_files/share/python_package_that_uses_paramameters_and_launch_files/hook/ament_prefix_path.sh'
[2.312s] INFO:colcon.colcon_core.shell:Skip shell extension 'powershell' for command environment: Not usable outside of PowerShell
[2.312s] DEBUG:colcon.colcon_core.shell:Skip shell extension 'dsv' for command environment
[2.668s] WARNING:colcon.colcon_ros.task.ament_python.build:Package 'python_package_that_uses_paramameters_and_launch_files' doesn't explicitly install a marker in the package index (colcon-ros currently does it implicitly but that fallback will be removed in the future)
[2.668s] WARNING:colcon.colcon_ros.task.ament_python.build:Package 'python_package_that_uses_paramameters_and_launch_files' doesn't explicitly install the 'package.xml' file (colcon-ros currently does it implicitly but that fallback will be removed in the future)
[2.668s] INFO:colcon.colcon_core.task.python.build:Building Python package in '/home/delewlew/ros2_tutorial_workspace_2/src/python_package_that_uses_paramameters_and_launch_files'
[2.669s] INFO:colcon.colcon_core.shell:Skip shell extension 'powershell' for command environment: Not usable outside of PowerShell
[2.669s] DEBUG:colcon.colcon_core.shell:Skip shell extension 'dsv' for command environment
[2.682s] DEBUG:colcon.colcon_core.event_handler.log_command:Invoking command in '/home/delewlew/ros2_tutorial_workspace_2/src/python_package_with_a_library': PYTHONPATH=/home/delewlew/ros2_tutorial_workspace_2/src/build/python_package_with_a_library/prefix_override:/usr/lib/python3/dist-packages/colcon_core/task/python/colcon_distutils_commands:/home/delewlew/ros2_tutorial_workspace_2/src/install/python_package_with_a_library/lib/python3.10/site-packages:${PYTHONPATH} /usr/bin/python3 -W ignore:setup.py install is deprecated setup.py egg_info --egg-base ../build/python_package_with_a_library build --build-base /home/delewlew/ros2_tutorial_workspace_2/src/build/python_package_with_a_library/build install --record /home/delewlew/ros2_tutorial_workspace_2/src/build/python_package_with_a_library/install.log --single-version-externally-managed install_data
[2.684s] DEBUG:colcon.colcon_core.event_handler.log_command:Invoking command in '/home/delewlew/ros2_tutorial_workspace_2/src/python_package_that_uses_the_services': PYTHONPATH=/home/delewlew/ros2_tutorial_workspace_2/src/build/python_package_that_uses_the_services/prefix_override:/usr/lib/python3/dist-packages/colcon_core/task/python/colcon_distutils_commands:/home/delewlew/ros2_tutorial_workspace_2/src/install/python_package_that_uses_the_services/lib/python3.10/site-packages:${PYTHONPATH} /usr/bin/python3 -W ignore:setup.py install is deprecated setup.py egg_info --egg-base ../build/python_package_that_uses_the_services build --build-base /home/delewlew/ros2_tutorial_workspace_2/src/build/python_package_that_uses_the_services/build install --record /home/delewlew/ros2_tutorial_workspace_2/src/build/python_package_that_uses_the_services/install.log --single-version-externally-managed install_data
[2.691s] DEBUG:colcon.colcon_core.event_handler.log_command:Invoking command in '/home/delewlew/ros2_tutorial_workspace_2/src/python_package_that_uses_the_messages': PYTHONPATH=/home/delewlew/ros2_tutorial_workspace_2/src/build/python_package_that_uses_the_messages/prefix_override:/usr/lib/python3/dist-packages/colcon_core/task/python/colcon_distutils_commands:/home/delewlew/ros2_tutorial_workspace_2/src/install/python_package_that_uses_the_messages/lib/python3.10/site-packages:${PYTHONPATH} /usr/bin/python3 -W ignore:setup.py install is deprecated setup.py egg_info --egg-base ../build/python_package_that_uses_the_messages build --build-base /home/delewlew/ros2_tutorial_workspace_2/src/build/python_package_that_uses_the_messages/build install --record /home/delewlew/ros2_tutorial_workspace_2/src/build/python_package_that_uses_the_messages/install.log --single-version-externally-managed install_data
[2.698s] DEBUG:colcon.colcon_core.event_handler.log_command:Invoking command in '/home/delewlew/ros2_tutorial_workspace_2/src/the_simplest_python_package': PYTHONPATH=/home/delewlew/ros2_tutorial_workspace_2/src/build/the_simplest_python_package/prefix_override:/usr/lib/python3/dist-packages/colcon_core/task/python/colcon_distutils_commands:/home/delewlew/ros2_tutorial_workspace_2/src/install/the_simplest_python_package/lib/python3.10/site-packages:${PYTHONPATH} /usr/bin/python3 -W ignore:setup.py install is deprecated setup.py egg_info --egg-base ../build/the_simplest_python_package build --build-base /home/delewlew/ros2_tutorial_workspace_2/src/build/the_simplest_python_package/build install --record /home/delewlew/ros2_tutorial_workspace_2/src/build/the_simplest_python_package/install.log --single-version-externally-managed install_data
[2.814s] Level 1:colcon.colcon_core.environment:checking '/home/delewlew/ros2_tutorial_workspace_2/src/install/python_package_with_a_node' for CMake module files
[2.815s] DEBUG:colcon.colcon_core.event_handler.log_command:Invoked command in '/home/delewlew/ros2_tutorial_workspace_2/src/python_package_with_a_node' returned '0': PYTHONPATH=/home/delewlew/ros2_tutorial_workspace_2/src/build/python_package_with_a_node/prefix_override:/usr/lib/python3/dist-packages/colcon_core/task/python/colcon_distutils_commands:/home/delewlew/ros2_tutorial_workspace_2/src/install/python_package_with_a_node/lib/python3.10/site-packages:${PYTHONPATH} /usr/bin/python3 -W ignore:setup.py install is deprecated setup.py egg_info --egg-base ../build/python_package_with_a_node build --build-base /home/delewlew/ros2_tutorial_workspace_2/src/build/python_package_with_a_node/build install --record /home/delewlew/ros2_tutorial_workspace_2/src/build/python_package_with_a_node/install.log --single-version-externally-managed install_data
[2.816s] Level 1:colcon.colcon_core.environment:checking '/home/delewlew/ros2_tutorial_workspace_2/src/install/python_package_with_a_node' for CMake config files
[2.817s] Level 1:colcon.colcon_core.environment:checking '/home/delewlew/ros2_tutorial_workspace_2/src/install/python_package_with_a_node/lib'
[2.817s] Level 1:colcon.colcon_core.environment:checking '/home/delewlew/ros2_tutorial_workspace_2/src/install/python_package_with_a_node/bin'
[2.817s] Level 1:colcon.colcon_core.environment:checking '/home/delewlew/ros2_tutorial_workspace_2/src/install/python_package_with_a_node/lib/pkgconfig/python_package_with_a_node.pc'
[2.818s] Level 1:colcon.colcon_core.environment:checking '/home/delewlew/ros2_tutorial_workspace_2/src/install/python_package_with_a_node/lib/python3.10/site-packages'
[2.818s] Level 1:colcon.colcon_core.shell:create_environment_hook('python_package_with_a_node', 'pythonpath')
[2.818s] INFO:colcon.colcon_core.shell:Creating environment hook '/home/delewlew/ros2_tutorial_workspace_2/src/install/python_package_with_a_node/share/python_package_with_a_node/hook/pythonpath.ps1'
[2.819s] INFO:colcon.colcon_core.shell:Creating environment descriptor '/home/delewlew/ros2_tutorial_workspace_2/src/install/python_package_with_a_node/share/python_package_with_a_node/hook/pythonpath.dsv'
[2.820s] INFO:colcon.colcon_core.shell:Creating environment hook '/home/delewlew/ros2_tutorial_workspace_2/src/install/python_package_with_a_node/share/python_package_with_a_node/hook/pythonpath.sh'
[2.821s] Level 1:colcon.colcon_core.environment:checking '/home/delewlew/ros2_tutorial_workspace_2/src/install/python_package_with_a_node/bin'
[2.821s] Level 1:colcon.colcon_core.environment:create_environment_scripts_only(python_package_with_a_node)
[2.822s] INFO:colcon.colcon_core.shell:Creating package script '/home/delewlew/ros2_tutorial_workspace_2/src/install/python_package_with_a_node/share/python_package_with_a_node/package.ps1'
[2.823s] INFO:colcon.colcon_core.shell:Creating package descriptor '/home/delewlew/ros2_tutorial_workspace_2/src/install/python_package_with_a_node/share/python_package_with_a_node/package.dsv'
[2.824s] INFO:colcon.colcon_core.shell:Creating package script '/home/delewlew/ros2_tutorial_workspace_2/src/install/python_package_with_a_node/share/python_package_with_a_node/package.sh'
[2.824s] INFO:colcon.colcon_core.shell:Creating package script '/home/delewlew/ros2_tutorial_workspace_2/src/install/python_package_with_a_node/share/python_package_with_a_node/package.bash'
[2.825s] INFO:colcon.colcon_core.shell:Creating package script '/home/delewlew/ros2_tutorial_workspace_2/src/install/python_package_with_a_node/share/python_package_with_a_node/package.zsh'
[2.826s] Level 1:colcon.colcon_core.environment:create_file_with_runtime_dependencies(/home/delewlew/ros2_tutorial_workspace_2/src/install/python_package_with_a_node/share/colcon-core/packages/python_package_with_a_node)
[3.161s] Level 1:colcon.colcon_core.environment:checking '/home/delewlew/ros2_tutorial_workspace_2/src/install/python_package_that_uses_the_messages' for CMake module files
[3.162s] DEBUG:colcon.colcon_core.event_handler.log_command:Invoked command in '/home/delewlew/ros2_tutorial_workspace_2/src/python_package_that_uses_the_messages' returned '0': PYTHONPATH=/home/delewlew/ros2_tutorial_workspace_2/src/build/python_package_that_uses_the_messages/prefix_override:/usr/lib/python3/dist-packages/colcon_core/task/python/colcon_distutils_commands:/home/delewlew/ros2_tutorial_workspace_2/src/install/python_package_that_uses_the_messages/lib/python3.10/site-packages:${PYTHONPATH} /usr/bin/python3 -W ignore:setup.py install is deprecated setup.py egg_info --egg-base ../build/python_package_that_uses_the_messages build --build-base /home/delewlew/ros2_tutorial_workspace_2/src/build/python_package_that_uses_the_messages/build install --record /home/delewlew/ros2_tutorial_workspace_2/src/build/python_package_that_uses_the_messages/install.log --single-version-externally-managed install_data
[3.163s] Level 1:colcon.colcon_core.environment:checking '/home/delewlew/ros2_tutorial_workspace_2/src/install/python_package_that_uses_the_messages' for CMake config files
[3.164s] Level 1:colcon.colcon_core.environment:checking '/home/delewlew/ros2_tutorial_workspace_2/src/install/python_package_that_uses_the_messages/lib'
[3.164s] Level 1:colcon.colcon_core.environment:checking '/home/delewlew/ros2_tutorial_workspace_2/src/install/python_package_that_uses_the_messages/bin'
[3.165s] Level 1:colcon.colcon_core.environment:checking '/home/delewlew/ros2_tutorial_workspace_2/src/install/python_package_that_uses_the_messages/lib/pkgconfig/python_package_that_uses_the_messages.pc'
[3.165s] Level 1:colcon.colcon_core.environment:checking '/home/delewlew/ros2_tutorial_workspace_2/src/install/python_package_that_uses_the_messages/lib/python3.10/site-packages'
[3.165s] Level 1:colcon.colcon_core.shell:create_environment_hook('python_package_that_uses_the_messages', 'pythonpath')
[3.166s] INFO:colcon.colcon_core.shell:Creating environment hook '/home/delewlew/ros2_tutorial_workspace_2/src/install/python_package_that_uses_the_messages/share/python_package_that_uses_the_messages/hook/pythonpath.ps1'
[3.167s] INFO:colcon.colcon_core.shell:Creating environment descriptor '/home/delewlew/ros2_tutorial_workspace_2/src/install/python_package_that_uses_the_messages/share/python_package_that_uses_the_messages/hook/pythonpath.dsv'
[3.168s] INFO:colcon.colcon_core.shell:Creating environment hook '/home/delewlew/ros2_tutorial_workspace_2/src/install/python_package_that_uses_the_messages/share/python_package_that_uses_the_messages/hook/pythonpath.sh'
[3.170s] Level 1:colcon.colcon_core.environment:checking '/home/delewlew/ros2_tutorial_workspace_2/src/install/python_package_that_uses_the_messages/bin'
[3.170s] Level 1:colcon.colcon_core.environment:create_environment_scripts_only(python_package_that_uses_the_messages)
[3.171s] INFO:colcon.colcon_core.shell:Creating package script '/home/delewlew/ros2_tutorial_workspace_2/src/install/python_package_that_uses_the_messages/share/python_package_that_uses_the_messages/package.ps1'
[3.173s] INFO:colcon.colcon_core.shell:Creating package descriptor '/home/delewlew/ros2_tutorial_workspace_2/src/install/python_package_that_uses_the_messages/share/python_package_that_uses_the_messages/package.dsv'
[3.174s] INFO:colcon.colcon_core.shell:Creating package script '/home/delewlew/ros2_tutorial_workspace_2/src/install/python_package_that_uses_the_messages/share/python_package_that_uses_the_messages/package.sh'
[3.175s] INFO:colcon.colcon_core.shell:Creating package script '/home/delewlew/ros2_tutorial_workspace_2/src/install/python_package_that_uses_the_messages/share/python_package_that_uses_the_messages/package.bash'
[3.176s] INFO:colcon.colcon_core.shell:Creating package script '/home/delewlew/ros2_tutorial_workspace_2/src/install/python_package_that_uses_the_messages/share/python_package_that_uses_the_messages/package.zsh'
[3.177s] Level 1:colcon.colcon_core.environment:create_file_with_runtime_dependencies(/home/delewlew/ros2_tutorial_workspace_2/src/install/python_package_that_uses_the_messages/share/colcon-core/packages/python_package_that_uses_the_messages)
[3.192s] Level 1:colcon.colcon_core.environment:checking '/home/delewlew/ros2_tutorial_workspace_2/src/install/the_simplest_python_package' for CMake module files
[3.193s] DEBUG:colcon.colcon_core.event_handler.log_command:Invoked command in '/home/delewlew/ros2_tutorial_workspace_2/src/the_simplest_python_package' returned '0': PYTHONPATH=/home/delewlew/ros2_tutorial_workspace_2/src/build/the_simplest_python_package/prefix_override:/usr/lib/python3/dist-packages/colcon_core/task/python/colcon_distutils_commands:/home/delewlew/ros2_tutorial_workspace_2/src/install/the_simplest_python_package/lib/python3.10/site-packages:${PYTHONPATH} /usr/bin/python3 -W ignore:setup.py install is deprecated setup.py egg_info --egg-base ../build/the_simplest_python_package build --build-base /home/delewlew/ros2_tutorial_workspace_2/src/build/the_simplest_python_package/build install --record /home/delewlew/ros2_tutorial_workspace_2/src/build/the_simplest_python_package/install.log --single-version-externally-managed install_data
[3.193s] Level 1:colcon.colcon_core.environment:checking '/home/delewlew/ros2_tutorial_workspace_2/src/install/the_simplest_python_package' for CMake config files
[3.195s] Level 1:colcon.colcon_core.environment:checking '/home/delewlew/ros2_tutorial_workspace_2/src/install/the_simplest_python_package/lib'
[3.195s] Level 1:colcon.colcon_core.environment:checking '/home/delewlew/ros2_tutorial_workspace_2/src/install/the_simplest_python_package/bin'
[3.195s] Level 1:colcon.colcon_core.environment:checking '/home/delewlew/ros2_tutorial_workspace_2/src/install/the_simplest_python_package/lib/pkgconfig/the_simplest_python_package.pc'
[3.196s] Level 1:colcon.colcon_core.environment:checking '/home/delewlew/ros2_tutorial_workspace_2/src/install/the_simplest_python_package/lib/python3.10/site-packages'
[3.196s] Level 1:colcon.colcon_core.shell:create_environment_hook('the_simplest_python_package', 'pythonpath')
[3.197s] INFO:colcon.colcon_core.shell:Creating environment hook '/home/delewlew/ros2_tutorial_workspace_2/src/install/the_simplest_python_package/share/the_simplest_python_package/hook/pythonpath.ps1'
[3.198s] INFO:colcon.colcon_core.shell:Creating environment descriptor '/home/delewlew/ros2_tutorial_workspace_2/src/install/the_simplest_python_package/share/the_simplest_python_package/hook/pythonpath.dsv'
[3.199s] INFO:colcon.colcon_core.shell:Creating environment hook '/home/delewlew/ros2_tutorial_workspace_2/src/install/the_simplest_python_package/share/the_simplest_python_package/hook/pythonpath.sh'
[3.201s] Level 1:colcon.colcon_core.environment:checking '/home/delewlew/ros2_tutorial_workspace_2/src/install/the_simplest_python_package/bin'
[3.201s] Level 1:colcon.colcon_core.environment:create_environment_scripts_only(the_simplest_python_package)
[3.202s] INFO:colcon.colcon_core.shell:Creating package script '/home/delewlew/ros2_tutorial_workspace_2/src/install/the_simplest_python_package/share/the_simplest_python_package/package.ps1'
[3.204s] INFO:colcon.colcon_core.shell:Creating package descriptor '/home/delewlew/ros2_tutorial_workspace_2/src/install/the_simplest_python_package/share/the_simplest_python_package/package.dsv'
[3.205s] INFO:colcon.colcon_core.shell:Creating package script '/home/delewlew/ros2_tutorial_workspace_2/src/install/the_simplest_python_package/share/the_simplest_python_package/package.sh'
[3.206s] INFO:colcon.colcon_core.shell:Creating package script '/home/delewlew/ros2_tutorial_workspace_2/src/install/the_simplest_python_package/share/the_simplest_python_package/package.bash'
[3.207s] INFO:colcon.colcon_core.shell:Creating package script '/home/delewlew/ros2_tutorial_workspace_2/src/install/the_simplest_python_package/share/the_simplest_python_package/package.zsh'
[3.208s] Level 1:colcon.colcon_core.environment:create_file_with_runtime_dependencies(/home/delewlew/ros2_tutorial_workspace_2/src/install/the_simplest_python_package/share/colcon-core/packages/the_simplest_python_package)
[3.317s] Level 1:colcon.colcon_core.environment:checking '/home/delewlew/ros2_tutorial_workspace_2/src/install/python_package_that_uses_the_services' for CMake module files
[3.318s] DEBUG:colcon.colcon_core.event_handler.log_command:Invoked command in '/home/delewlew/ros2_tutorial_workspace_2/src/python_package_that_uses_the_services' returned '0': PYTHONPATH=/home/delewlew/ros2_tutorial_workspace_2/src/build/python_package_that_uses_the_services/prefix_override:/usr/lib/python3/dist-packages/colcon_core/task/python/colcon_distutils_commands:/home/delewlew/ros2_tutorial_workspace_2/src/install/python_package_that_uses_the_services/lib/python3.10/site-packages:${PYTHONPATH} /usr/bin/python3 -W ignore:setup.py install is deprecated setup.py egg_info --egg-base ../build/python_package_that_uses_the_services build --build-base /home/delewlew/ros2_tutorial_workspace_2/src/build/python_package_that_uses_the_services/build install --record /home/delewlew/ros2_tutorial_workspace_2/src/build/python_package_that_uses_the_services/install.log --single-version-externally-managed install_data
[3.320s] Level 1:colcon.colcon_core.environment:checking '/home/delewlew/ros2_tutorial_workspace_2/src/install/python_package_that_uses_the_services' for CMake config files
[3.325s] Level 1:colcon.colcon_core.environment:checking '/home/delewlew/ros2_tutorial_workspace_2/src/install/python_package_that_uses_the_services/lib'
[3.326s] Level 1:colcon.colcon_core.environment:checking '/home/delewlew/ros2_tutorial_workspace_2/src/install/python_package_that_uses_the_services/bin'
[3.326s] Level 1:colcon.colcon_core.environment:checking '/home/delewlew/ros2_tutorial_workspace_2/src/install/python_package_that_uses_the_services/lib/pkgconfig/python_package_that_uses_the_services.pc'
[3.326s] Level 1:colcon.colcon_core.environment:checking '/home/delewlew/ros2_tutorial_workspace_2/src/install/python_package_that_uses_the_services/lib/python3.10/site-packages'
[3.327s] Level 1:colcon.colcon_core.shell:create_environment_hook('python_package_that_uses_the_services', 'pythonpath')
[3.327s] INFO:colcon.colcon_core.shell:Creating environment hook '/home/delewlew/ros2_tutorial_workspace_2/src/install/python_package_that_uses_the_services/share/python_package_that_uses_the_services/hook/pythonpath.ps1'
[3.328s] INFO:colcon.colcon_core.shell:Creating environment descriptor '/home/delewlew/ros2_tutorial_workspace_2/src/install/python_package_that_uses_the_services/share/python_package_that_uses_the_services/hook/pythonpath.dsv'
[3.329s] INFO:colcon.colcon_core.shell:Creating environment hook '/home/delewlew/ros2_tutorial_workspace_2/src/install/python_package_that_uses_the_services/share/python_package_that_uses_the_services/hook/pythonpath.sh'
[3.330s] Level 1:colcon.colcon_core.environment:checking '/home/delewlew/ros2_tutorial_workspace_2/src/install/python_package_that_uses_the_services/bin'
[3.330s] Level 1:colcon.colcon_core.environment:create_environment_scripts_only(python_package_that_uses_the_services)
[3.331s] INFO:colcon.colcon_core.shell:Creating package script '/home/delewlew/ros2_tutorial_workspace_2/src/install/python_package_that_uses_the_services/share/python_package_that_uses_the_services/package.ps1'
[3.332s] INFO:colcon.colcon_core.shell:Creating package descriptor '/home/delewlew/ros2_tutorial_workspace_2/src/install/python_package_that_uses_the_services/share/python_package_that_uses_the_services/package.dsv'
[3.334s] INFO:colcon.colcon_core.shell:Creating package script '/home/delewlew/ros2_tutorial_workspace_2/src/install/python_package_that_uses_the_services/share/python_package_that_uses_the_services/package.sh'
[3.336s] INFO:colcon.colcon_core.shell:Creating package script '/home/delewlew/ros2_tutorial_workspace_2/src/install/python_package_that_uses_the_services/share/python_package_that_uses_the_services/package.bash'
[3.337s] INFO:colcon.colcon_core.shell:Creating package script '/home/delewlew/ros2_tutorial_workspace_2/src/install/python_package_that_uses_the_services/share/python_package_that_uses_the_services/package.zsh'
[3.339s] Level 1:colcon.colcon_core.environment:create_file_with_runtime_dependencies(/home/delewlew/ros2_tutorial_workspace_2/src/install/python_package_that_uses_the_services/share/colcon-core/packages/python_package_that_uses_the_services)
[3.441s] Level 1:colcon.colcon_core.environment:checking '/home/delewlew/ros2_tutorial_workspace_2/src/install/python_package_with_a_library' for CMake module files
[3.443s] Level 1:colcon.colcon_core.environment:checking '/home/delewlew/ros2_tutorial_workspace_2/src/install/python_package_with_a_library' for CMake config files
[3.445s] DEBUG:colcon.colcon_core.event_handler.log_command:Invoked command in '/home/delewlew/ros2_tutorial_workspace_2/src/python_package_with_a_library' returned '0': PYTHONPATH=/home/delewlew/ros2_tutorial_workspace_2/src/build/python_package_with_a_library/prefix_override:/usr/lib/python3/dist-packages/colcon_core/task/python/colcon_distutils_commands:/home/delewlew/ros2_tutorial_workspace_2/src/install/python_package_with_a_library/lib/python3.10/site-packages:${PYTHONPATH} /usr/bin/python3 -W ignore:setup.py install is deprecated setup.py egg_info --egg-base ../build/python_package_with_a_library build --build-base /home/delewlew/ros2_tutorial_workspace_2/src/build/python_package_with_a_library/build install --record /home/delewlew/ros2_tutorial_workspace_2/src/build/python_package_with_a_library/install.log --single-version-externally-managed install_data
[3.445s] Level 1:colcon.colcon_core.environment:checking '/home/delewlew/ros2_tutorial_workspace_2/src/install/python_package_with_a_library/lib'
[3.445s] Level 1:colcon.colcon_core.environment:checking '/home/delewlew/ros2_tutorial_workspace_2/src/install/python_package_with_a_library/bin'
[3.445s] Level 1:colcon.colcon_core.environment:checking '/home/delewlew/ros2_tutorial_workspace_2/src/install/python_package_with_a_library/lib/pkgconfig/python_package_with_a_library.pc'
[3.446s] Level 1:colcon.colcon_core.environment:checking '/home/delewlew/ros2_tutorial_workspace_2/src/install/python_package_with_a_library/lib/python3.10/site-packages'
[3.446s] Level 1:colcon.colcon_core.shell:create_environment_hook('python_package_with_a_library', 'pythonpath')
[3.446s] INFO:colcon.colcon_core.shell:Creating environment hook '/home/delewlew/ros2_tutorial_workspace_2/src/install/python_package_with_a_library/share/python_package_with_a_library/hook/pythonpath.ps1'
[3.447s] INFO:colcon.colcon_core.shell:Creating environment descriptor '/home/delewlew/ros2_tutorial_workspace_2/src/install/python_package_with_a_library/share/python_package_with_a_library/hook/pythonpath.dsv'
[3.449s] INFO:colcon.colcon_core.shell:Creating environment hook '/home/delewlew/ros2_tutorial_workspace_2/src/install/python_package_with_a_library/share/python_package_with_a_library/hook/pythonpath.sh'
[3.451s] Level 1:colcon.colcon_core.environment:checking '/home/delewlew/ros2_tutorial_workspace_2/src/install/python_package_with_a_library/bin'
[3.451s] Level 1:colcon.colcon_core.environment:create_environment_scripts_only(python_package_with_a_library)
[3.452s] INFO:colcon.colcon_core.shell:Creating package script '/home/delewlew/ros2_tutorial_workspace_2/src/install/python_package_with_a_library/share/python_package_with_a_library/package.ps1'
[3.454s] INFO:colcon.colcon_core.shell:Creating package descriptor '/home/delewlew/ros2_tutorial_workspace_2/src/install/python_package_with_a_library/share/python_package_with_a_library/package.dsv'
[3.455s] INFO:colcon.colcon_core.shell:Creating package script '/home/delewlew/ros2_tutorial_workspace_2/src/install/python_package_with_a_library/share/python_package_with_a_library/package.sh'
[3.457s] INFO:colcon.colcon_core.shell:Creating package script '/home/delewlew/ros2_tutorial_workspace_2/src/install/python_package_with_a_library/share/python_package_with_a_library/package.bash'
[3.458s] INFO:colcon.colcon_core.shell:Creating package script '/home/delewlew/ros2_tutorial_workspace_2/src/install/python_package_with_a_library/share/python_package_with_a_library/package.zsh'
[3.460s] Level 1:colcon.colcon_core.environment:create_file_with_runtime_dependencies(/home/delewlew/ros2_tutorial_workspace_2/src/install/python_package_with_a_library/share/colcon-core/packages/python_package_with_a_library)
[3.463s] INFO:colcon.colcon_ros.task.ament_python.build:Building ROS package in '/home/delewlew/ros2_tutorial_workspace_2/src/python_package_that_uses_the_library' with build type 'ament_python'
[3.463s] Level 1:colcon.colcon_core.shell:create_environment_hook('python_package_that_uses_the_library', 'ament_prefix_path')
[3.464s] INFO:colcon.colcon_core.shell:Creating environment hook '/home/delewlew/ros2_tutorial_workspace_2/src/install/python_package_that_uses_the_library/share/python_package_that_uses_the_library/hook/ament_prefix_path.ps1'
[3.466s] INFO:colcon.colcon_core.shell:Creating environment descriptor '/home/delewlew/ros2_tutorial_workspace_2/src/install/python_package_that_uses_the_library/share/python_package_that_uses_the_library/hook/ament_prefix_path.dsv'
[3.467s] INFO:colcon.colcon_core.shell:Creating environment hook '/home/delewlew/ros2_tutorial_workspace_2/src/install/python_package_that_uses_the_library/share/python_package_that_uses_the_library/hook/ament_prefix_path.sh'
[3.468s] INFO:colcon.colcon_core.shell:Skip shell extension 'powershell' for command environment: Not usable outside of PowerShell
[3.468s] DEBUG:colcon.colcon_core.shell:Skip shell extension 'dsv' for command environment
[3.477s] DEBUG:colcon.colcon_core.event_handler.log_command:Invoking command in '/home/delewlew/ros2_tutorial_workspace_2/src/python_package_that_uses_paramameters_and_launch_files': PYTHONPATH=/home/delewlew/ros2_tutorial_workspace_2/src/build/python_package_that_uses_paramameters_and_launch_files/prefix_override:/usr/lib/python3/dist-packages/colcon_core/task/python/colcon_distutils_commands:/home/delewlew/ros2_tutorial_workspace_2/src/install/python_package_that_uses_paramameters_and_launch_files/lib/python3.10/site-packages:${PYTHONPATH} /usr/bin/python3 -W ignore:setup.py install is deprecated setup.py egg_info --egg-base ../build/python_package_that_uses_paramameters_and_launch_files build --build-base /home/delewlew/ros2_tutorial_workspace_2/src/build/python_package_that_uses_paramameters_and_launch_files/build install --record /home/delewlew/ros2_tutorial_workspace_2/src/build/python_package_that_uses_paramameters_and_launch_files/install.log --single-version-externally-managed install_data
[3.773s] INFO:colcon.colcon_core.task.python.build:Building Python package in '/home/delewlew/ros2_tutorial_workspace_2/src/python_package_that_uses_the_library'
[3.773s] INFO:colcon.colcon_core.shell:Skip shell extension 'powershell' for command environment: Not usable outside of PowerShell
[3.774s] DEBUG:colcon.colcon_core.shell:Skip shell extension 'dsv' for command environment
[3.778s] DEBUG:colcon.colcon_core.event_handler.log_command:Invoked command in '/home/delewlew/ros2_tutorial_workspace_2/src/python_package_that_uses_paramameters_and_launch_files' returned '1': PYTHONPATH=/home/delewlew/ros2_tutorial_workspace_2/src/build/python_package_that_uses_paramameters_and_launch_files/prefix_override:/usr/lib/python3/dist-packages/colcon_core/task/python/colcon_distutils_commands:/home/delewlew/ros2_tutorial_workspace_2/src/install/python_package_that_uses_paramameters_and_launch_files/lib/python3.10/site-packages:${PYTHONPATH} /usr/bin/python3 -W ignore:setup.py install is deprecated setup.py egg_info --egg-base ../build/python_package_that_uses_paramameters_and_launch_files build --build-base /home/delewlew/ros2_tutorial_workspace_2/src/build/python_package_that_uses_paramameters_and_launch_files/build install --record /home/delewlew/ros2_tutorial_workspace_2/src/build/python_package_that_uses_paramameters_and_launch_files/install.log --single-version-externally-managed install_data
[3.790s] DEBUG:colcon.colcon_parallel_executor.executor.parallel:closing loop
[3.791s] DEBUG:colcon.colcon_parallel_executor.executor.parallel:loop closed
[3.791s] DEBUG:colcon.colcon_parallel_executor.executor.parallel:run_until_complete finished with '1'
[3.791s] DEBUG:colcon.colcon_core.event_reactor:joining thread
[3.804s] INFO:colcon.colcon_core.plugin_system:Skipping extension 'colcon_notification.desktop_notification.terminal_notifier': Not used on non-Darwin systems
[3.805s] INFO:colcon.colcon_core.plugin_system:Skipping extension 'colcon_notification.desktop_notification.win32': Not used on non-Windows systems
[3.805s] INFO:colcon.colcon_notification.desktop_notification:Sending desktop notification using 'notify2'
[3.853s] DEBUG:colcon.colcon_core.event_reactor:joined thread
[3.853s] INFO:colcon.colcon_core.shell:Creating prefix script '/home/delewlew/ros2_tutorial_workspace_2/src/install/local_setup.ps1'
[3.856s] INFO:colcon.colcon_core.shell:Creating prefix util module '/home/delewlew/ros2_tutorial_workspace_2/src/install/_local_setup_util_ps1.py'
[3.860s] INFO:colcon.colcon_core.shell:Creating prefix chain script '/home/delewlew/ros2_tutorial_workspace_2/src/install/setup.ps1'
[3.865s] INFO:colcon.colcon_core.shell:Creating prefix script '/home/delewlew/ros2_tutorial_workspace_2/src/install/local_setup.sh'
[3.868s] INFO:colcon.colcon_core.shell:Creating prefix util module '/home/delewlew/ros2_tutorial_workspace_2/src/install/_local_setup_util_sh.py'
[3.870s] INFO:colcon.colcon_core.shell:Creating prefix chain script '/home/delewlew/ros2_tutorial_workspace_2/src/install/setup.sh'
[3.874s] INFO:colcon.colcon_core.shell:Creating prefix script '/home/delewlew/ros2_tutorial_workspace_2/src/install/local_setup.bash'
[3.875s] INFO:colcon.colcon_core.shell:Creating prefix chain script '/home/delewlew/ros2_tutorial_workspace_2/src/install/setup.bash'
[3.877s] INFO:colcon.colcon_core.shell:Creating prefix script '/home/delewlew/ros2_tutorial_workspace_2/src/install/local_setup.zsh'
[3.878s] INFO:colcon.colcon_core.shell:Creating prefix chain script '/home/delewlew/ros2_tutorial_workspace_2/src/install/setup.zsh'
