[1.155s] Invoking command in '/home/delewlew/ros2_tutorial_workspace_2/src/python_package_that_uses_parameters_and_launch_files': PYTHONPATH=/home/delewlew/ros2_tutorial_workspace_2/src/build/python_package_that_uses_paramameters_and_launch_files/prefix_override:/usr/lib/python3/dist-packages/colcon_core/task/python/colcon_distutils_commands:/home/delewlew/ros2_tutorial_workspace_2/src/install/python_package_that_uses_paramameters_and_launch_files/lib/python3.10/site-packages:${PYTHONPATH} /usr/bin/python3 -W ignore:setup.py install is deprecated setup.py egg_info --egg-base ../build/python_package_that_uses_paramameters_and_launch_files build --build-base /home/delewlew/ros2_tutorial_workspace_2/src/build/python_package_that_uses_paramameters_and_launch_files/build install --record /home/delewlew/ros2_tutorial_workspace_2/src/build/python_package_that_uses_paramameters_and_launch_files/install.log --single-version-externally-managed install_data
[1.430s] running egg_info
[1.431s] writing ../build/python_package_that_uses_paramameters_and_launch_files/python_package_that_uses_parameters_and_launch_files.egg-info/PKG-INFO
[1.432s] writing dependency_links to ../build/python_package_that_uses_paramameters_and_launch_files/python_package_that_uses_parameters_and_launch_files.egg-info/dependency_links.txt
[1.432s] writing entry points to ../build/python_package_that_uses_paramameters_and_launch_files/python_package_that_uses_parameters_and_launch_files.egg-info/entry_points.txt
[1.433s] writing requirements to ../build/python_package_that_uses_paramameters_and_launch_files/python_package_that_uses_parameters_and_launch_files.egg-info/requires.txt
[1.433s] writing top-level names to ../build/python_package_that_uses_paramameters_and_launch_files/python_package_that_uses_parameters_and_launch_files.egg-info/top_level.txt
[1.435s] reading manifest file '../build/python_package_that_uses_paramameters_and_launch_files/python_package_that_uses_parameters_and_launch_files.egg-info/SOURCES.txt'
[1.436s] writing manifest file '../build/python_package_that_uses_paramameters_and_launch_files/python_package_that_uses_parameters_and_launch_files.egg-info/SOURCES.txt'
[1.437s] running build
[1.437s] running build_py
[1.437s] creating /home/delewlew/ros2_tutorial_workspace_2/src/build/python_package_that_uses_paramameters_and_launch_files/build/lib/python_package_that_uses_parameters_and_launch_files
[1.437s] copying python_package_that_uses_parameters_and_launch_files/amazing_quote_configurable_publisher_node.py -> /home/delewlew/ros2_tutorial_workspace_2/src/build/python_package_that_uses_paramameters_and_launch_files/build/lib/python_package_that_uses_parameters_and_launch_files
[1.437s] copying python_package_that_uses_parameters_and_launch_files/__init__.py -> /home/delewlew/ros2_tutorial_workspace_2/src/build/python_package_that_uses_paramameters_and_launch_files/build/lib/python_package_that_uses_parameters_and_launch_files
[1.438s] running install
[1.439s] running install_lib
[1.442s] creating /home/delewlew/ros2_tutorial_workspace_2/src/install/python_package_that_uses_paramameters_and_launch_files/lib/python3.10/site-packages/python_package_that_uses_parameters_and_launch_files
[1.442s] copying /home/delewlew/ros2_tutorial_workspace_2/src/build/python_package_that_uses_paramameters_and_launch_files/build/lib/python_package_that_uses_parameters_and_launch_files/amazing_quote_configurable_publisher_node.py -> /home/delewlew/ros2_tutorial_workspace_2/src/install/python_package_that_uses_paramameters_and_launch_files/lib/python3.10/site-packages/python_package_that_uses_parameters_and_launch_files
[1.442s] copying /home/delewlew/ros2_tutorial_workspace_2/src/build/python_package_that_uses_paramameters_and_launch_files/build/lib/python_package_that_uses_parameters_and_launch_files/__init__.py -> /home/delewlew/ros2_tutorial_workspace_2/src/install/python_package_that_uses_paramameters_and_launch_files/lib/python3.10/site-packages/python_package_that_uses_parameters_and_launch_files
[1.444s] byte-compiling /home/delewlew/ros2_tutorial_workspace_2/src/install/python_package_that_uses_paramameters_and_launch_files/lib/python3.10/site-packages/python_package_that_uses_parameters_and_launch_files/amazing_quote_configurable_publisher_node.py to amazing_quote_configurable_publisher_node.cpython-310.pyc
[1.446s] byte-compiling /home/delewlew/ros2_tutorial_workspace_2/src/install/python_package_that_uses_paramameters_and_launch_files/lib/python3.10/site-packages/python_package_that_uses_parameters_and_launch_files/__init__.py to __init__.cpython-310.pyc
[1.446s] running install_data
[1.447s] error: can't copy 'resource/python_package_that_uses_parameters_and_launch_files': doesn't exist or not a regular file
[1.474s] Invoked command in '/home/delewlew/ros2_tutorial_workspace_2/src/python_package_that_uses_parameters_and_launch_files' returned '1': PYTHONPATH=/home/delewlew/ros2_tutorial_workspace_2/src/build/python_package_that_uses_paramameters_and_launch_files/prefix_override:/usr/lib/python3/dist-packages/colcon_core/task/python/colcon_distutils_commands:/home/delewlew/ros2_tutorial_workspace_2/src/install/python_package_that_uses_paramameters_and_launch_files/lib/python3.10/site-packages:${PYTHONPATH} /usr/bin/python3 -W ignore:setup.py install is deprecated setup.py egg_info --egg-base ../build/python_package_that_uses_paramameters_and_launch_files build --build-base /home/delewlew/ros2_tutorial_workspace_2/src/build/python_package_that_uses_paramameters_and_launch_files/build install --record /home/delewlew/ros2_tutorial_workspace_2/src/build/python_package_that_uses_paramameters_and_launch_files/install.log --single-version-externally-managed install_data
