[0.197s] DEBUG:colcon:Command line arguments: ['/usr/bin/colcon', 'build']
[0.197s] DEBUG:colcon:Parsed command line arguments: Namespace(log_base=None, log_level=None, verb_name='build', build_base='build', install_base='install', merge_install=False, symlink_install=False, test_result_base=None, continue_on_error=False, executor='parallel', parallel_workers=9, event_handlers=None, ignore_user_meta=False, metas=['./colcon.meta'], base_paths=['.'], packages_ignore=None, packages_ignore_regex=None, paths=None, packages_up_to=None, packages_up_to_regex=None, packages_above=None, packages_above_and_dependencies=None, packages_above_depth=None, packages_select_by_dep=None, packages_skip_by_dep=None, packages_skip_up_to=None, packages_select_build_failed=False, packages_skip_build_finished=False, packages_select_test_failures=False, packages_skip_test_passed=False, packages_select=None, packages_skip=None, packages_select_regex=None, packages_skip_regex=None, packages_start=None, packages_end=None, allow_overriding=[], cmake_args=None, cmake_target=None, cmake_target_skip_unavailable=False, cmake_clean_cache=False, cmake_clean_first=False, cmake_force_configure=False, ament_cmake_args=None, catkin_cmake_args=None, catkin_skip_building_tests=False, mixin_files=None, mixin=None, verb_parser=<colcon_mixin.mixin.mixin_argument.MixinArgumentDecorator object at 0x7ef6f8961d80>, verb_extension=<colcon_core.verb.build.BuildVerb object at 0x7ef6f8a72410>, main=<bound method BuildVerb.main of <colcon_core.verb.build.BuildVerb object at 0x7ef6f8a72410>>, mixin_verb=('build',))
[0.499s] Level 1:colcon.colcon_core.package_discovery:discover_packages(colcon_meta) check parameters
[0.500s] Level 1:colcon.colcon_core.package_discovery:discover_packages(recursive) check parameters
[0.500s] Level 1:colcon.colcon_core.package_discovery:discover_packages(ignore) check parameters
[0.500s] Level 1:colcon.colcon_core.package_discovery:discover_packages(path) check parameters
[0.500s] Level 1:colcon.colcon_core.package_discovery:discover_packages(colcon_meta) discover
[0.500s] Level 1:colcon.colcon_core.package_discovery:discover_packages(recursive) discover
[0.500s] INFO:colcon.colcon_core.package_discovery:Crawling recursively for packages in '/home/delewlew/software_for_robotics_part2'
[0.500s] Level 1:colcon.colcon_core.package_identification:_identify(.) by extensions ['ignore', 'ignore_ament_install']
[0.500s] Level 1:colcon.colcon_core.package_identification:_identify(.) by extension 'ignore'
[0.501s] Level 1:colcon.colcon_core.package_identification:_identify(.) by extension 'ignore_ament_install'
[0.501s] Level 1:colcon.colcon_core.package_identification:_identify(.) by extensions ['colcon_pkg']
[0.501s] Level 1:colcon.colcon_core.package_identification:_identify(.) by extension 'colcon_pkg'
[0.501s] Level 1:colcon.colcon_core.package_identification:_identify(.) by extensions ['colcon_meta']
[0.501s] Level 1:colcon.colcon_core.package_identification:_identify(.) by extension 'colcon_meta'
[0.501s] Level 1:colcon.colcon_core.package_identification:_identify(.) by extensions ['ros']
[0.501s] Level 1:colcon.colcon_core.package_identification:_identify(.) by extension 'ros'
[0.521s] Level 1:colcon.colcon_core.package_identification:_identify(.) by extensions ['cmake', 'python']
[0.521s] Level 1:colcon.colcon_core.package_identification:_identify(.) by extension 'cmake'
[0.521s] Level 1:colcon.colcon_core.package_identification:_identify(.) by extension 'python'
[0.521s] Level 1:colcon.colcon_core.package_identification:_identify(.) by extensions ['python_setup_py']
[0.521s] Level 1:colcon.colcon_core.package_identification:_identify(.) by extension 'python_setup_py'
[0.522s] Level 1:colcon.colcon_core.package_identification:_identify(build) by extensions ['ignore', 'ignore_ament_install']
[0.522s] Level 1:colcon.colcon_core.package_identification:_identify(build) by extension 'ignore'
[0.522s] Level 1:colcon.colcon_core.package_identification:_identify(build) ignored
[0.522s] Level 1:colcon.colcon_core.package_identification:_identify(install) by extensions ['ignore', 'ignore_ament_install']
[0.522s] Level 1:colcon.colcon_core.package_identification:_identify(install) by extension 'ignore'
[0.522s] Level 1:colcon.colcon_core.package_identification:_identify(install) ignored
[0.522s] Level 1:colcon.colcon_core.package_identification:_identify(log) by extensions ['ignore', 'ignore_ament_install']
[0.523s] Level 1:colcon.colcon_core.package_identification:_identify(log) by extension 'ignore'
[0.523s] Level 1:colcon.colcon_core.package_identification:_identify(log) ignored
[0.523s] Level 1:colcon.colcon_core.package_identification:_identify(src) by extensions ['ignore', 'ignore_ament_install']
[0.523s] Level 1:colcon.colcon_core.package_identification:_identify(src) by extension 'ignore'
[0.523s] Level 1:colcon.colcon_core.package_identification:_identify(src) by extension 'ignore_ament_install'
[0.523s] Level 1:colcon.colcon_core.package_identification:_identify(src) by extensions ['colcon_pkg']
[0.523s] Level 1:colcon.colcon_core.package_identification:_identify(src) by extension 'colcon_pkg'
[0.523s] Level 1:colcon.colcon_core.package_identification:_identify(src) by extensions ['colcon_meta']
[0.523s] Level 1:colcon.colcon_core.package_identification:_identify(src) by extension 'colcon_meta'
[0.523s] Level 1:colcon.colcon_core.package_identification:_identify(src) by extensions ['ros']
[0.523s] Level 1:colcon.colcon_core.package_identification:_identify(src) by extension 'ros'
[0.523s] Level 1:colcon.colcon_core.package_identification:_identify(src) by extensions ['cmake', 'python']
[0.523s] Level 1:colcon.colcon_core.package_identification:_identify(src) by extension 'cmake'
[0.523s] Level 1:colcon.colcon_core.package_identification:_identify(src) by extension 'python'
[0.524s] Level 1:colcon.colcon_core.package_identification:_identify(src) by extensions ['python_setup_py']
[0.524s] Level 1:colcon.colcon_core.package_identification:_identify(src) by extension 'python_setup_py'
[0.527s] Level 1:colcon.colcon_core.package_identification:_identify(src/bt_demos) by extensions ['ignore', 'ignore_ament_install']
[0.527s] Level 1:colcon.colcon_core.package_identification:_identify(src/bt_demos) by extension 'ignore'
[0.527s] Level 1:colcon.colcon_core.package_identification:_identify(src/bt_demos) by extension 'ignore_ament_install'
[0.527s] Level 1:colcon.colcon_core.package_identification:_identify(src/bt_demos) by extensions ['colcon_pkg']
[0.527s] Level 1:colcon.colcon_core.package_identification:_identify(src/bt_demos) by extension 'colcon_pkg'
[0.527s] Level 1:colcon.colcon_core.package_identification:_identify(src/bt_demos) by extensions ['colcon_meta']
[0.527s] Level 1:colcon.colcon_core.package_identification:_identify(src/bt_demos) by extension 'colcon_meta'
[0.528s] Level 1:colcon.colcon_core.package_identification:_identify(src/bt_demos) by extensions ['ros']
[0.528s] Level 1:colcon.colcon_core.package_identification:_identify(src/bt_demos) by extension 'ros'
[0.535s] DEBUG:colcon.colcon_core.package_identification:Package 'src/bt_demos' with type 'ros.ament_python' and name 'bt_demos'
[0.536s] Level 1:colcon.colcon_core.package_identification:_identify(src/example_gz_robot) by extensions ['ignore', 'ignore_ament_install']
[0.536s] Level 1:colcon.colcon_core.package_identification:_identify(src/example_gz_robot) by extension 'ignore'
[0.536s] Level 1:colcon.colcon_core.package_identification:_identify(src/example_gz_robot) by extension 'ignore_ament_install'
[0.536s] Level 1:colcon.colcon_core.package_identification:_identify(src/example_gz_robot) by extensions ['colcon_pkg']
[0.536s] Level 1:colcon.colcon_core.package_identification:_identify(src/example_gz_robot) by extension 'colcon_pkg'
[0.536s] Level 1:colcon.colcon_core.package_identification:_identify(src/example_gz_robot) by extensions ['colcon_meta']
[0.536s] Level 1:colcon.colcon_core.package_identification:_identify(src/example_gz_robot) by extension 'colcon_meta'
[0.536s] Level 1:colcon.colcon_core.package_identification:_identify(src/example_gz_robot) by extensions ['ros']
[0.536s] Level 1:colcon.colcon_core.package_identification:_identify(src/example_gz_robot) by extension 'ros'
[0.538s] DEBUG:colcon.colcon_core.package_identification:Package 'src/example_gz_robot' with type 'ros.ament_python' and name 'example_gz_robot'
[0.539s] Level 1:colcon.colcon_core.package_identification:_identify(src/example_urdf_description) by extensions ['ignore', 'ignore_ament_install']
[0.539s] Level 1:colcon.colcon_core.package_identification:_identify(src/example_urdf_description) by extension 'ignore'
[0.540s] Level 1:colcon.colcon_core.package_identification:_identify(src/example_urdf_description) by extension 'ignore_ament_install'
[0.540s] Level 1:colcon.colcon_core.package_identification:_identify(src/example_urdf_description) by extensions ['colcon_pkg']
[0.540s] Level 1:colcon.colcon_core.package_identification:_identify(src/example_urdf_description) by extension 'colcon_pkg'
[0.540s] Level 1:colcon.colcon_core.package_identification:_identify(src/example_urdf_description) by extensions ['colcon_meta']
[0.540s] Level 1:colcon.colcon_core.package_identification:_identify(src/example_urdf_description) by extension 'colcon_meta'
[0.540s] Level 1:colcon.colcon_core.package_identification:_identify(src/example_urdf_description) by extensions ['ros']
[0.540s] Level 1:colcon.colcon_core.package_identification:_identify(src/example_urdf_description) by extension 'ros'
[0.542s] DEBUG:colcon.colcon_core.package_identification:Package 'src/example_urdf_description' with type 'ros.ament_python' and name 'example_urdf_description'
[0.543s] Level 1:colcon.colcon_core.package_identification:_identify(src/example_urdf_robot) by extensions ['ignore', 'ignore_ament_install']
[0.543s] Level 1:colcon.colcon_core.package_identification:_identify(src/example_urdf_robot) by extension 'ignore'
[0.543s] Level 1:colcon.colcon_core.package_identification:_identify(src/example_urdf_robot) by extension 'ignore_ament_install'
[0.543s] Level 1:colcon.colcon_core.package_identification:_identify(src/example_urdf_robot) by extensions ['colcon_pkg']
[0.543s] Level 1:colcon.colcon_core.package_identification:_identify(src/example_urdf_robot) by extension 'colcon_pkg'
[0.543s] Level 1:colcon.colcon_core.package_identification:_identify(src/example_urdf_robot) by extensions ['colcon_meta']
[0.543s] Level 1:colcon.colcon_core.package_identification:_identify(src/example_urdf_robot) by extension 'colcon_meta'
[0.543s] Level 1:colcon.colcon_core.package_identification:_identify(src/example_urdf_robot) by extensions ['ros']
[0.543s] Level 1:colcon.colcon_core.package_identification:_identify(src/example_urdf_robot) by extension 'ros'
[0.545s] DEBUG:colcon.colcon_core.package_identification:Package 'src/example_urdf_robot' with type 'ros.ament_python' and name 'example_urdf_robot'
[0.546s] Level 1:colcon.colcon_core.package_identification:_identify(src/gz_example_robot_description) by extensions ['ignore', 'ignore_ament_install']
[0.546s] Level 1:colcon.colcon_core.package_identification:_identify(src/gz_example_robot_description) by extension 'ignore'
[0.546s] Level 1:colcon.colcon_core.package_identification:_identify(src/gz_example_robot_description) by extension 'ignore_ament_install'
[0.546s] Level 1:colcon.colcon_core.package_identification:_identify(src/gz_example_robot_description) by extensions ['colcon_pkg']
[0.547s] Level 1:colcon.colcon_core.package_identification:_identify(src/gz_example_robot_description) by extension 'colcon_pkg'
[0.547s] Level 1:colcon.colcon_core.package_identification:_identify(src/gz_example_robot_description) by extensions ['colcon_meta']
[0.547s] Level 1:colcon.colcon_core.package_identification:_identify(src/gz_example_robot_description) by extension 'colcon_meta'
[0.547s] Level 1:colcon.colcon_core.package_identification:_identify(src/gz_example_robot_description) by extensions ['ros']
[0.547s] Level 1:colcon.colcon_core.package_identification:_identify(src/gz_example_robot_description) by extension 'ros'
[0.550s] DEBUG:colcon.colcon_core.package_identification:Package 'src/gz_example_robot_description' with type 'ros.ament_python' and name 'gz_example_robot_description'
[0.551s] Level 1:colcon.colcon_core.package_identification:_identify(src/navigation_demos) by extensions ['ignore', 'ignore_ament_install']
[0.551s] Level 1:colcon.colcon_core.package_identification:_identify(src/navigation_demos) by extension 'ignore'
[0.551s] Level 1:colcon.colcon_core.package_identification:_identify(src/navigation_demos) by extension 'ignore_ament_install'
[0.551s] Level 1:colcon.colcon_core.package_identification:_identify(src/navigation_demos) by extensions ['colcon_pkg']
[0.552s] Level 1:colcon.colcon_core.package_identification:_identify(src/navigation_demos) by extension 'colcon_pkg'
[0.552s] Level 1:colcon.colcon_core.package_identification:_identify(src/navigation_demos) by extensions ['colcon_meta']
[0.552s] Level 1:colcon.colcon_core.package_identification:_identify(src/navigation_demos) by extension 'colcon_meta'
[0.552s] Level 1:colcon.colcon_core.package_identification:_identify(src/navigation_demos) by extensions ['ros']
[0.552s] Level 1:colcon.colcon_core.package_identification:_identify(src/navigation_demos) by extension 'ros'
[0.581s] DEBUG:colcon.colcon_core.package_identification:Package 'src/navigation_demos' with type 'ros.ament_python' and name 'navigation_demos'
[0.584s] Level 1:colcon.colcon_core.package_identification:_identify(src/week10_exercise_2) by extensions ['ignore', 'ignore_ament_install']
[0.584s] Level 1:colcon.colcon_core.package_identification:_identify(src/week10_exercise_2) by extension 'ignore'
[0.584s] Level 1:colcon.colcon_core.package_identification:_identify(src/week10_exercise_2) by extension 'ignore_ament_install'
[0.585s] Level 1:colcon.colcon_core.package_identification:_identify(src/week10_exercise_2) by extensions ['colcon_pkg']
[0.585s] Level 1:colcon.colcon_core.package_identification:_identify(src/week10_exercise_2) by extension 'colcon_pkg'
[0.585s] Level 1:colcon.colcon_core.package_identification:_identify(src/week10_exercise_2) by extensions ['colcon_meta']
[0.585s] Level 1:colcon.colcon_core.package_identification:_identify(src/week10_exercise_2) by extension 'colcon_meta'
[0.585s] Level 1:colcon.colcon_core.package_identification:_identify(src/week10_exercise_2) by extensions ['ros']
[0.585s] Level 1:colcon.colcon_core.package_identification:_identify(src/week10_exercise_2) by extension 'ros'
[0.588s] DEBUG:colcon.colcon_core.package_identification:Package 'src/week10_exercise_2' with type 'ros.ament_python' and name 'week10_exercise_2'
[0.589s] Level 1:colcon.colcon_core.package_identification:_identify(src/week9) by extensions ['ignore', 'ignore_ament_install']
[0.589s] Level 1:colcon.colcon_core.package_identification:_identify(src/week9) by extension 'ignore'
[0.589s] Level 1:colcon.colcon_core.package_identification:_identify(src/week9) by extension 'ignore_ament_install'
[0.589s] Level 1:colcon.colcon_core.package_identification:_identify(src/week9) by extensions ['colcon_pkg']
[0.589s] Level 1:colcon.colcon_core.package_identification:_identify(src/week9) by extension 'colcon_pkg'
[0.589s] Level 1:colcon.colcon_core.package_identification:_identify(src/week9) by extensions ['colcon_meta']
[0.589s] Level 1:colcon.colcon_core.package_identification:_identify(src/week9) by extension 'colcon_meta'
[0.590s] Level 1:colcon.colcon_core.package_identification:_identify(src/week9) by extensions ['ros']
[0.590s] Level 1:colcon.colcon_core.package_identification:_identify(src/week9) by extension 'ros'
[0.590s] Level 1:colcon.colcon_core.package_identification:_identify(src/week9) by extensions ['cmake', 'python']
[0.590s] Level 1:colcon.colcon_core.package_identification:_identify(src/week9) by extension 'cmake'
[0.590s] Level 1:colcon.colcon_core.package_identification:_identify(src/week9) by extension 'python'
[0.590s] Level 1:colcon.colcon_core.package_identification:_identify(src/week9) by extensions ['python_setup_py']
[0.590s] Level 1:colcon.colcon_core.package_identification:_identify(src/week9) by extension 'python_setup_py'
[0.590s] Level 1:colcon.colcon_core.package_discovery:discover_packages(recursive) using defaults
[0.590s] Level 1:colcon.colcon_core.package_discovery:discover_packages(ignore) discover
[0.590s] Level 1:colcon.colcon_core.package_discovery:discover_packages(ignore) using defaults
[0.590s] Level 1:colcon.colcon_core.package_discovery:discover_packages(path) discover
[0.591s] Level 1:colcon.colcon_core.package_discovery:discover_packages(path) using defaults
[0.647s] Level 1:colcon.colcon_core.package_discovery:discover_packages(prefix_path) check parameters
[0.647s] Level 1:colcon.colcon_core.package_discovery:discover_packages(prefix_path) discover
[0.657s] DEBUG:colcon.colcon_installed_package_information.package_discovery:Found 340 installed packages in /opt/ros/humble
[0.663s] Level 1:colcon.colcon_core.package_discovery:discover_packages(prefix_path) using defaults
[0.750s] Level 5:colcon.colcon_core.verb:set package 'bt_demos' build argument 'cmake_args' from command line to 'None'
[0.750s] Level 5:colcon.colcon_core.verb:set package 'bt_demos' build argument 'cmake_target' from command line to 'None'
[0.751s] Level 5:colcon.colcon_core.verb:set package 'bt_demos' build argument 'cmake_target_skip_unavailable' from command line to 'False'
[0.751s] Level 5:colcon.colcon_core.verb:set package 'bt_demos' build argument 'cmake_clean_cache' from command line to 'False'
[0.751s] Level 5:colcon.colcon_core.verb:set package 'bt_demos' build argument 'cmake_clean_first' from command line to 'False'
[0.751s] Level 5:colcon.colcon_core.verb:set package 'bt_demos' build argument 'cmake_force_configure' from command line to 'False'
[0.751s] Level 5:colcon.colcon_core.verb:set package 'bt_demos' build argument 'ament_cmake_args' from command line to 'None'
[0.751s] Level 5:colcon.colcon_core.verb:set package 'bt_demos' build argument 'catkin_cmake_args' from command line to 'None'
[0.751s] Level 5:colcon.colcon_core.verb:set package 'bt_demos' build argument 'catkin_skip_building_tests' from command line to 'False'
[0.751s] DEBUG:colcon.colcon_core.verb:Building package 'bt_demos' with the following arguments: {'ament_cmake_args': None, 'build_base': '/home/delewlew/software_for_robotics_part2/build/bt_demos', 'catkin_cmake_args': None, 'catkin_skip_building_tests': False, 'cmake_args': None, 'cmake_clean_cache': False, 'cmake_clean_first': False, 'cmake_force_configure': False, 'cmake_target': None, 'cmake_target_skip_unavailable': False, 'install_base': '/home/delewlew/software_for_robotics_part2/install/bt_demos', 'merge_install': False, 'path': '/home/delewlew/software_for_robotics_part2/src/bt_demos', 'symlink_install': False, 'test_result_base': None}
[0.752s] Level 5:colcon.colcon_core.verb:set package 'example_gz_robot' build argument 'cmake_args' from command line to 'None'
[0.752s] Level 5:colcon.colcon_core.verb:set package 'example_gz_robot' build argument 'cmake_target' from command line to 'None'
[0.752s] Level 5:colcon.colcon_core.verb:set package 'example_gz_robot' build argument 'cmake_target_skip_unavailable' from command line to 'False'
[0.752s] Level 5:colcon.colcon_core.verb:set package 'example_gz_robot' build argument 'cmake_clean_cache' from command line to 'False'
[0.752s] Level 5:colcon.colcon_core.verb:set package 'example_gz_robot' build argument 'cmake_clean_first' from command line to 'False'
[0.752s] Level 5:colcon.colcon_core.verb:set package 'example_gz_robot' build argument 'cmake_force_configure' from command line to 'False'
[0.752s] Level 5:colcon.colcon_core.verb:set package 'example_gz_robot' build argument 'ament_cmake_args' from command line to 'None'
[0.752s] Level 5:colcon.colcon_core.verb:set package 'example_gz_robot' build argument 'catkin_cmake_args' from command line to 'None'
[0.752s] Level 5:colcon.colcon_core.verb:set package 'example_gz_robot' build argument 'catkin_skip_building_tests' from command line to 'False'
[0.752s] DEBUG:colcon.colcon_core.verb:Building package 'example_gz_robot' with the following arguments: {'ament_cmake_args': None, 'build_base': '/home/delewlew/software_for_robotics_part2/build/example_gz_robot', 'catkin_cmake_args': None, 'catkin_skip_building_tests': False, 'cmake_args': None, 'cmake_clean_cache': False, 'cmake_clean_first': False, 'cmake_force_configure': False, 'cmake_target': None, 'cmake_target_skip_unavailable': False, 'install_base': '/home/delewlew/software_for_robotics_part2/install/example_gz_robot', 'merge_install': False, 'path': '/home/delewlew/software_for_robotics_part2/src/example_gz_robot', 'symlink_install': False, 'test_result_base': None}
[0.753s] Level 5:colcon.colcon_core.verb:set package 'example_urdf_description' build argument 'cmake_args' from command line to 'None'
[0.754s] Level 5:colcon.colcon_core.verb:set package 'example_urdf_description' build argument 'cmake_target' from command line to 'None'
[0.754s] Level 5:colcon.colcon_core.verb:set package 'example_urdf_description' build argument 'cmake_target_skip_unavailable' from command line to 'False'
[0.754s] Level 5:colcon.colcon_core.verb:set package 'example_urdf_description' build argument 'cmake_clean_cache' from command line to 'False'
[0.754s] Level 5:colcon.colcon_core.verb:set package 'example_urdf_description' build argument 'cmake_clean_first' from command line to 'False'
[0.754s] Level 5:colcon.colcon_core.verb:set package 'example_urdf_description' build argument 'cmake_force_configure' from command line to 'False'
[0.754s] Level 5:colcon.colcon_core.verb:set package 'example_urdf_description' build argument 'ament_cmake_args' from command line to 'None'
[0.754s] Level 5:colcon.colcon_core.verb:set package 'example_urdf_description' build argument 'catkin_cmake_args' from command line to 'None'
[0.754s] Level 5:colcon.colcon_core.verb:set package 'example_urdf_description' build argument 'catkin_skip_building_tests' from command line to 'False'
[0.754s] DEBUG:colcon.colcon_core.verb:Building package 'example_urdf_description' with the following arguments: {'ament_cmake_args': None, 'build_base': '/home/delewlew/software_for_robotics_part2/build/example_urdf_description', 'catkin_cmake_args': None, 'catkin_skip_building_tests': False, 'cmake_args': None, 'cmake_clean_cache': False, 'cmake_clean_first': False, 'cmake_force_configure': False, 'cmake_target': None, 'cmake_target_skip_unavailable': False, 'install_base': '/home/delewlew/software_for_robotics_part2/install/example_urdf_description', 'merge_install': False, 'path': '/home/delewlew/software_for_robotics_part2/src/example_urdf_description', 'symlink_install': False, 'test_result_base': None}
[0.755s] Level 5:colcon.colcon_core.verb:set package 'example_urdf_robot' build argument 'cmake_args' from command line to 'None'
[0.755s] Level 5:colcon.colcon_core.verb:set package 'example_urdf_robot' build argument 'cmake_target' from command line to 'None'
[0.755s] Level 5:colcon.colcon_core.verb:set package 'example_urdf_robot' build argument 'cmake_target_skip_unavailable' from command line to 'False'
[0.755s] Level 5:colcon.colcon_core.verb:set package 'example_urdf_robot' build argument 'cmake_clean_cache' from command line to 'False'
[0.755s] Level 5:colcon.colcon_core.verb:set package 'example_urdf_robot' build argument 'cmake_clean_first' from command line to 'False'
[0.755s] Level 5:colcon.colcon_core.verb:set package 'example_urdf_robot' build argument 'cmake_force_configure' from command line to 'False'
[0.755s] Level 5:colcon.colcon_core.verb:set package 'example_urdf_robot' build argument 'ament_cmake_args' from command line to 'None'
[0.755s] Level 5:colcon.colcon_core.verb:set package 'example_urdf_robot' build argument 'catkin_cmake_args' from command line to 'None'
[0.755s] Level 5:colcon.colcon_core.verb:set package 'example_urdf_robot' build argument 'catkin_skip_building_tests' from command line to 'False'
[0.755s] DEBUG:colcon.colcon_core.verb:Building package 'example_urdf_robot' with the following arguments: {'ament_cmake_args': None, 'build_base': '/home/delewlew/software_for_robotics_part2/build/example_urdf_robot', 'catkin_cmake_args': None, 'catkin_skip_building_tests': False, 'cmake_args': None, 'cmake_clean_cache': False, 'cmake_clean_first': False, 'cmake_force_configure': False, 'cmake_target': None, 'cmake_target_skip_unavailable': False, 'install_base': '/home/delewlew/software_for_robotics_part2/install/example_urdf_robot', 'merge_install': False, 'path': '/home/delewlew/software_for_robotics_part2/src/example_urdf_robot', 'symlink_install': False, 'test_result_base': None}
[0.756s] Level 5:colcon.colcon_core.verb:set package 'gz_example_robot_description' build argument 'cmake_args' from command line to 'None'
[0.756s] Level 5:colcon.colcon_core.verb:set package 'gz_example_robot_description' build argument 'cmake_target' from command line to 'None'
[0.756s] Level 5:colcon.colcon_core.verb:set package 'gz_example_robot_description' build argument 'cmake_target_skip_unavailable' from command line to 'False'
[0.756s] Level 5:colcon.colcon_core.verb:set package 'gz_example_robot_description' build argument 'cmake_clean_cache' from command line to 'False'
[0.756s] Level 5:colcon.colcon_core.verb:set package 'gz_example_robot_description' build argument 'cmake_clean_first' from command line to 'False'
[0.756s] Level 5:colcon.colcon_core.verb:set package 'gz_example_robot_description' build argument 'cmake_force_configure' from command line to 'False'
[0.756s] Level 5:colcon.colcon_core.verb:set package 'gz_example_robot_description' build argument 'ament_cmake_args' from command line to 'None'
[0.756s] Level 5:colcon.colcon_core.verb:set package 'gz_example_robot_description' build argument 'catkin_cmake_args' from command line to 'None'
[0.756s] Level 5:colcon.colcon_core.verb:set package 'gz_example_robot_description' build argument 'catkin_skip_building_tests' from command line to 'False'
[0.756s] DEBUG:colcon.colcon_core.verb:Building package 'gz_example_robot_description' with the following arguments: {'ament_cmake_args': None, 'build_base': '/home/delewlew/software_for_robotics_part2/build/gz_example_robot_description', 'catkin_cmake_args': None, 'catkin_skip_building_tests': False, 'cmake_args': None, 'cmake_clean_cache': False, 'cmake_clean_first': False, 'cmake_force_configure': False, 'cmake_target': None, 'cmake_target_skip_unavailable': False, 'install_base': '/home/delewlew/software_for_robotics_part2/install/gz_example_robot_description', 'merge_install': False, 'path': '/home/delewlew/software_for_robotics_part2/src/gz_example_robot_description', 'symlink_install': False, 'test_result_base': None}
[0.757s] Level 5:colcon.colcon_core.verb:set package 'navigation_demos' build argument 'cmake_args' from command line to 'None'
[0.757s] Level 5:colcon.colcon_core.verb:set package 'navigation_demos' build argument 'cmake_target' from command line to 'None'
[0.757s] Level 5:colcon.colcon_core.verb:set package 'navigation_demos' build argument 'cmake_target_skip_unavailable' from command line to 'False'
[0.757s] Level 5:colcon.colcon_core.verb:set package 'navigation_demos' build argument 'cmake_clean_cache' from command line to 'False'
[0.757s] Level 5:colcon.colcon_core.verb:set package 'navigation_demos' build argument 'cmake_clean_first' from command line to 'False'
[0.757s] Level 5:colcon.colcon_core.verb:set package 'navigation_demos' build argument 'cmake_force_configure' from command line to 'False'
[0.757s] Level 5:colcon.colcon_core.verb:set package 'navigation_demos' build argument 'ament_cmake_args' from command line to 'None'
[0.757s] Level 5:colcon.colcon_core.verb:set package 'navigation_demos' build argument 'catkin_cmake_args' from command line to 'None'
[0.757s] Level 5:colcon.colcon_core.verb:set package 'navigation_demos' build argument 'catkin_skip_building_tests' from command line to 'False'
[0.757s] DEBUG:colcon.colcon_core.verb:Building package 'navigation_demos' with the following arguments: {'ament_cmake_args': None, 'build_base': '/home/delewlew/software_for_robotics_part2/build/navigation_demos', 'catkin_cmake_args': None, 'catkin_skip_building_tests': False, 'cmake_args': None, 'cmake_clean_cache': False, 'cmake_clean_first': False, 'cmake_force_configure': False, 'cmake_target': None, 'cmake_target_skip_unavailable': False, 'install_base': '/home/delewlew/software_for_robotics_part2/install/navigation_demos', 'merge_install': False, 'path': '/home/delewlew/software_for_robotics_part2/src/navigation_demos', 'symlink_install': False, 'test_result_base': None}
[0.758s] Level 5:colcon.colcon_core.verb:set package 'week10_exercise_2' build argument 'cmake_args' from command line to 'None'
[0.758s] Level 5:colcon.colcon_core.verb:set package 'week10_exercise_2' build argument 'cmake_target' from command line to 'None'
[0.758s] Level 5:colcon.colcon_core.verb:set package 'week10_exercise_2' build argument 'cmake_target_skip_unavailable' from command line to 'False'
[0.758s] Level 5:colcon.colcon_core.verb:set package 'week10_exercise_2' build argument 'cmake_clean_cache' from command line to 'False'
[0.758s] Level 5:colcon.colcon_core.verb:set package 'week10_exercise_2' build argument 'cmake_clean_first' from command line to 'False'
[0.758s] Level 5:colcon.colcon_core.verb:set package 'week10_exercise_2' build argument 'cmake_force_configure' from command line to 'False'
[0.758s] Level 5:colcon.colcon_core.verb:set package 'week10_exercise_2' build argument 'ament_cmake_args' from command line to 'None'
[0.758s] Level 5:colcon.colcon_core.verb:set package 'week10_exercise_2' build argument 'catkin_cmake_args' from command line to 'None'
[0.758s] Level 5:colcon.colcon_core.verb:set package 'week10_exercise_2' build argument 'catkin_skip_building_tests' from command line to 'False'
[0.759s] DEBUG:colcon.colcon_core.verb:Building package 'week10_exercise_2' with the following arguments: {'ament_cmake_args': None, 'build_base': '/home/delewlew/software_for_robotics_part2/build/week10_exercise_2', 'catkin_cmake_args': None, 'catkin_skip_building_tests': False, 'cmake_args': None, 'cmake_clean_cache': False, 'cmake_clean_first': False, 'cmake_force_configure': False, 'cmake_target': None, 'cmake_target_skip_unavailable': False, 'install_base': '/home/delewlew/software_for_robotics_part2/install/week10_exercise_2', 'merge_install': False, 'path': '/home/delewlew/software_for_robotics_part2/src/week10_exercise_2', 'symlink_install': False, 'test_result_base': None}
[0.759s] INFO:colcon.colcon_core.executor:Executing jobs using 'parallel' executor
[0.761s] DEBUG:colcon.colcon_parallel_executor.executor.parallel:run_until_complete
[0.762s] INFO:colcon.colcon_ros.task.ament_python.build:Building ROS package in '/home/delewlew/software_for_robotics_part2/src/bt_demos' with build type 'ament_python'
[0.762s] Level 1:colcon.colcon_core.shell:create_environment_hook('bt_demos', 'ament_prefix_path')
[0.767s] INFO:colcon.colcon_core.plugin_system:Skipping extension 'colcon_core.shell.bat': Not used on non-Windows systems
[0.767s] INFO:colcon.colcon_core.shell:Creating environment hook '/home/delewlew/software_for_robotics_part2/install/bt_demos/share/bt_demos/hook/ament_prefix_path.ps1'
[0.774s] INFO:colcon.colcon_core.shell:Creating environment descriptor '/home/delewlew/software_for_robotics_part2/install/bt_demos/share/bt_demos/hook/ament_prefix_path.dsv'
[0.775s] INFO:colcon.colcon_core.shell:Creating environment hook '/home/delewlew/software_for_robotics_part2/install/bt_demos/share/bt_demos/hook/ament_prefix_path.sh'
[0.777s] INFO:colcon.colcon_core.shell:Skip shell extension 'powershell' for command environment: Not usable outside of PowerShell
[0.777s] DEBUG:colcon.colcon_core.shell:Skip shell extension 'dsv' for command environment
[0.782s] INFO:colcon.colcon_ros.task.ament_python.build:Building ROS package in '/home/delewlew/software_for_robotics_part2/src/example_gz_robot' with build type 'ament_python'
[0.783s] Level 1:colcon.colcon_core.shell:create_environment_hook('example_gz_robot', 'ament_prefix_path')
[0.783s] INFO:colcon.colcon_core.shell:Creating environment hook '/home/delewlew/software_for_robotics_part2/install/example_gz_robot/share/example_gz_robot/hook/ament_prefix_path.ps1'
[0.786s] INFO:colcon.colcon_core.shell:Creating environment descriptor '/home/delewlew/software_for_robotics_part2/install/example_gz_robot/share/example_gz_robot/hook/ament_prefix_path.dsv'
[0.787s] INFO:colcon.colcon_core.shell:Creating environment hook '/home/delewlew/software_for_robotics_part2/install/example_gz_robot/share/example_gz_robot/hook/ament_prefix_path.sh'
[0.788s] INFO:colcon.colcon_core.shell:Skip shell extension 'powershell' for command environment: Not usable outside of PowerShell
[0.788s] DEBUG:colcon.colcon_core.shell:Skip shell extension 'dsv' for command environment
[0.794s] INFO:colcon.colcon_ros.task.ament_python.build:Building ROS package in '/home/delewlew/software_for_robotics_part2/src/example_urdf_description' with build type 'ament_python'
[0.794s] Level 1:colcon.colcon_core.shell:create_environment_hook('example_urdf_description', 'ament_prefix_path')
[0.795s] INFO:colcon.colcon_core.shell:Creating environment hook '/home/delewlew/software_for_robotics_part2/install/example_urdf_description/share/example_urdf_description/hook/ament_prefix_path.ps1'
[0.799s] INFO:colcon.colcon_core.shell:Creating environment descriptor '/home/delewlew/software_for_robotics_part2/install/example_urdf_description/share/example_urdf_description/hook/ament_prefix_path.dsv'
[0.801s] INFO:colcon.colcon_core.shell:Creating environment hook '/home/delewlew/software_for_robotics_part2/install/example_urdf_description/share/example_urdf_description/hook/ament_prefix_path.sh'
[0.804s] INFO:colcon.colcon_core.shell:Skip shell extension 'powershell' for command environment: Not usable outside of PowerShell
[0.804s] DEBUG:colcon.colcon_core.shell:Skip shell extension 'dsv' for command environment
[0.810s] INFO:colcon.colcon_ros.task.ament_python.build:Building ROS package in '/home/delewlew/software_for_robotics_part2/src/example_urdf_robot' with build type 'ament_python'
[0.810s] Level 1:colcon.colcon_core.shell:create_environment_hook('example_urdf_robot', 'ament_prefix_path')
[0.810s] INFO:colcon.colcon_core.shell:Creating environment hook '/home/delewlew/software_for_robotics_part2/install/example_urdf_robot/share/example_urdf_robot/hook/ament_prefix_path.ps1'
[0.814s] INFO:colcon.colcon_core.shell:Creating environment descriptor '/home/delewlew/software_for_robotics_part2/install/example_urdf_robot/share/example_urdf_robot/hook/ament_prefix_path.dsv'
[0.815s] INFO:colcon.colcon_core.shell:Creating environment hook '/home/delewlew/software_for_robotics_part2/install/example_urdf_robot/share/example_urdf_robot/hook/ament_prefix_path.sh'
[0.817s] INFO:colcon.colcon_core.shell:Skip shell extension 'powershell' for command environment: Not usable outside of PowerShell
[0.817s] DEBUG:colcon.colcon_core.shell:Skip shell extension 'dsv' for command environment
[0.827s] INFO:colcon.colcon_ros.task.ament_python.build:Building ROS package in '/home/delewlew/software_for_robotics_part2/src/gz_example_robot_description' with build type 'ament_python'
[0.828s] Level 1:colcon.colcon_core.shell:create_environment_hook('gz_example_robot_description', 'ament_prefix_path')
[0.829s] INFO:colcon.colcon_core.shell:Creating environment hook '/home/delewlew/software_for_robotics_part2/install/gz_example_robot_description/share/gz_example_robot_description/hook/ament_prefix_path.ps1'
[0.831s] INFO:colcon.colcon_core.shell:Creating environment descriptor '/home/delewlew/software_for_robotics_part2/install/gz_example_robot_description/share/gz_example_robot_description/hook/ament_prefix_path.dsv'
[0.832s] INFO:colcon.colcon_core.shell:Creating environment hook '/home/delewlew/software_for_robotics_part2/install/gz_example_robot_description/share/gz_example_robot_description/hook/ament_prefix_path.sh'
[0.833s] INFO:colcon.colcon_core.shell:Skip shell extension 'powershell' for command environment: Not usable outside of PowerShell
[0.833s] DEBUG:colcon.colcon_core.shell:Skip shell extension 'dsv' for command environment
[0.839s] INFO:colcon.colcon_ros.task.ament_python.build:Building ROS package in '/home/delewlew/software_for_robotics_part2/src/navigation_demos' with build type 'ament_python'
[0.840s] Level 1:colcon.colcon_core.shell:create_environment_hook('navigation_demos', 'ament_prefix_path')
[0.841s] INFO:colcon.colcon_core.shell:Creating environment hook '/home/delewlew/software_for_robotics_part2/install/navigation_demos/share/navigation_demos/hook/ament_prefix_path.ps1'
[0.844s] INFO:colcon.colcon_core.shell:Creating environment descriptor '/home/delewlew/software_for_robotics_part2/install/navigation_demos/share/navigation_demos/hook/ament_prefix_path.dsv'
[0.845s] INFO:colcon.colcon_core.shell:Creating environment hook '/home/delewlew/software_for_robotics_part2/install/navigation_demos/share/navigation_demos/hook/ament_prefix_path.sh'
[0.846s] INFO:colcon.colcon_core.shell:Skip shell extension 'powershell' for command environment: Not usable outside of PowerShell
[0.847s] DEBUG:colcon.colcon_core.shell:Skip shell extension 'dsv' for command environment
[0.854s] INFO:colcon.colcon_ros.task.ament_python.build:Building ROS package in '/home/delewlew/software_for_robotics_part2/src/week10_exercise_2' with build type 'ament_python'
[0.854s] Level 1:colcon.colcon_core.shell:create_environment_hook('week10_exercise_2', 'ament_prefix_path')
[0.855s] INFO:colcon.colcon_core.shell:Creating environment hook '/home/delewlew/software_for_robotics_part2/install/week10_exercise_2/share/week10_exercise_2/hook/ament_prefix_path.ps1'
[0.856s] INFO:colcon.colcon_core.shell:Creating environment descriptor '/home/delewlew/software_for_robotics_part2/install/week10_exercise_2/share/week10_exercise_2/hook/ament_prefix_path.dsv'
[0.857s] INFO:colcon.colcon_core.shell:Creating environment hook '/home/delewlew/software_for_robotics_part2/install/week10_exercise_2/share/week10_exercise_2/hook/ament_prefix_path.sh'
[0.860s] INFO:colcon.colcon_core.shell:Skip shell extension 'powershell' for command environment: Not usable outside of PowerShell
[0.860s] DEBUG:colcon.colcon_core.shell:Skip shell extension 'dsv' for command environment
[1.461s] INFO:colcon.colcon_core.task.python.build:Building Python package in '/home/delewlew/software_for_robotics_part2/src/bt_demos'
[1.462s] INFO:colcon.colcon_core.shell:Skip shell extension 'powershell' for command environment: Not usable outside of PowerShell
[1.462s] DEBUG:colcon.colcon_core.shell:Skip shell extension 'dsv' for command environment
[1.898s] INFO:colcon.colcon_core.task.python.build:Building Python package in '/home/delewlew/software_for_robotics_part2/src/example_gz_robot'
[1.899s] INFO:colcon.colcon_core.shell:Skip shell extension 'powershell' for command environment: Not usable outside of PowerShell
[1.900s] DEBUG:colcon.colcon_core.shell:Skip shell extension 'dsv' for command environment
[2.328s] INFO:colcon.colcon_core.task.python.build:Building Python package in '/home/delewlew/software_for_robotics_part2/src/example_urdf_description'
[2.328s] INFO:colcon.colcon_core.shell:Skip shell extension 'powershell' for command environment: Not usable outside of PowerShell
[2.329s] DEBUG:colcon.colcon_core.shell:Skip shell extension 'dsv' for command environment
[2.844s] INFO:colcon.colcon_core.task.python.build:Building Python package in '/home/delewlew/software_for_robotics_part2/src/example_urdf_robot'
[2.845s] INFO:colcon.colcon_core.shell:Skip shell extension 'powershell' for command environment: Not usable outside of PowerShell
[2.845s] DEBUG:colcon.colcon_core.shell:Skip shell extension 'dsv' for command environment
[3.342s] INFO:colcon.colcon_core.task.python.build:Building Python package in '/home/delewlew/software_for_robotics_part2/src/gz_example_robot_description'
[3.343s] INFO:colcon.colcon_core.shell:Skip shell extension 'powershell' for command environment: Not usable outside of PowerShell
[3.343s] DEBUG:colcon.colcon_core.shell:Skip shell extension 'dsv' for command environment
[3.786s] INFO:colcon.colcon_core.task.python.build:Building Python package in '/home/delewlew/software_for_robotics_part2/src/navigation_demos'
[3.786s] INFO:colcon.colcon_core.shell:Skip shell extension 'powershell' for command environment: Not usable outside of PowerShell
[3.787s] DEBUG:colcon.colcon_core.shell:Skip shell extension 'dsv' for command environment
[4.246s] INFO:colcon.colcon_core.task.python.build:Building Python package in '/home/delewlew/software_for_robotics_part2/src/week10_exercise_2'
[4.247s] INFO:colcon.colcon_core.shell:Skip shell extension 'powershell' for command environment: Not usable outside of PowerShell
[4.247s] DEBUG:colcon.colcon_core.shell:Skip shell extension 'dsv' for command environment
[5.111s] DEBUG:colcon.colcon_core.event_handler.log_command:Invoking command in '/home/delewlew/software_for_robotics_part2/src/week10_exercise_2': PYTHONPATH=/home/delewlew/software_for_robotics_part2/build/week10_exercise_2/prefix_override:/usr/lib/python3/dist-packages/colcon_core/task/python/colcon_distutils_commands:/home/delewlew/software_for_robotics_part2/install/week10_exercise_2/lib/python3.10/site-packages:${PYTHONPATH} /usr/bin/python3 -W ignore:setup.py install is deprecated setup.py egg_info --egg-base ../../build/week10_exercise_2 build --build-base /home/delewlew/software_for_robotics_part2/build/week10_exercise_2/build install --record /home/delewlew/software_for_robotics_part2/build/week10_exercise_2/install.log --single-version-externally-managed install_data
[5.119s] DEBUG:colcon.colcon_core.event_handler.log_command:Invoking command in '/home/delewlew/software_for_robotics_part2/src/navigation_demos': PYTHONPATH=/home/delewlew/software_for_robotics_part2/build/navigation_demos/prefix_override:/usr/lib/python3/dist-packages/colcon_core/task/python/colcon_distutils_commands:/home/delewlew/software_for_robotics_part2/install/navigation_demos/lib/python3.10/site-packages:${PYTHONPATH} /usr/bin/python3 -W ignore:setup.py install is deprecated setup.py egg_info --egg-base ../../build/navigation_demos build --build-base /home/delewlew/software_for_robotics_part2/build/navigation_demos/build install --record /home/delewlew/software_for_robotics_part2/build/navigation_demos/install.log --single-version-externally-managed install_data
[5.318s] DEBUG:colcon.colcon_core.event_handler.log_command:Invoking command in '/home/delewlew/software_for_robotics_part2/src/example_gz_robot': PYTHONPATH=/home/delewlew/software_for_robotics_part2/build/example_gz_robot/prefix_override:/usr/lib/python3/dist-packages/colcon_core/task/python/colcon_distutils_commands:/home/delewlew/software_for_robotics_part2/install/example_gz_robot/lib/python3.10/site-packages:${PYTHONPATH} /usr/bin/python3 -W ignore:setup.py install is deprecated setup.py egg_info --egg-base ../../build/example_gz_robot build --build-base /home/delewlew/software_for_robotics_part2/build/example_gz_robot/build install --record /home/delewlew/software_for_robotics_part2/build/example_gz_robot/install.log --single-version-externally-managed install_data
[5.370s] DEBUG:colcon.colcon_core.event_handler.log_command:Invoking command in '/home/delewlew/software_for_robotics_part2/src/bt_demos': PYTHONPATH=/home/delewlew/software_for_robotics_part2/build/bt_demos/prefix_override:/usr/lib/python3/dist-packages/colcon_core/task/python/colcon_distutils_commands:/home/delewlew/software_for_robotics_part2/install/bt_demos/lib/python3.10/site-packages:${PYTHONPATH} /usr/bin/python3 -W ignore:setup.py install is deprecated setup.py egg_info --egg-base ../../build/bt_demos build --build-base /home/delewlew/software_for_robotics_part2/build/bt_demos/build install --record /home/delewlew/software_for_robotics_part2/build/bt_demos/install.log --single-version-externally-managed install_data
[5.539s] DEBUG:colcon.colcon_core.event_handler.log_command:Invoking command in '/home/delewlew/software_for_robotics_part2/src/example_urdf_robot': PYTHONPATH=/home/delewlew/software_for_robotics_part2/build/example_urdf_robot/prefix_override:/usr/lib/python3/dist-packages/colcon_core/task/python/colcon_distutils_commands:/home/delewlew/software_for_robotics_part2/install/example_urdf_robot/lib/python3.10/site-packages:${PYTHONPATH} /usr/bin/python3 -W ignore:setup.py install is deprecated setup.py egg_info --egg-base ../../build/example_urdf_robot build --build-base /home/delewlew/software_for_robotics_part2/build/example_urdf_robot/build install --record /home/delewlew/software_for_robotics_part2/build/example_urdf_robot/install.log --single-version-externally-managed install_data
[5.552s] DEBUG:colcon.colcon_core.event_handler.log_command:Invoking command in '/home/delewlew/software_for_robotics_part2/src/gz_example_robot_description': PYTHONPATH=/home/delewlew/software_for_robotics_part2/build/gz_example_robot_description/prefix_override:/usr/lib/python3/dist-packages/colcon_core/task/python/colcon_distutils_commands:/home/delewlew/software_for_robotics_part2/install/gz_example_robot_description/lib/python3.10/site-packages:${PYTHONPATH} /usr/bin/python3 -W ignore:setup.py install is deprecated setup.py egg_info --egg-base ../../build/gz_example_robot_description build --build-base /home/delewlew/software_for_robotics_part2/build/gz_example_robot_description/build install --record /home/delewlew/software_for_robotics_part2/build/gz_example_robot_description/install.log --single-version-externally-managed install_data
[5.588s] DEBUG:colcon.colcon_core.event_handler.log_command:Invoking command in '/home/delewlew/software_for_robotics_part2/src/example_urdf_description': PYTHONPATH=/home/delewlew/software_for_robotics_part2/build/example_urdf_description/prefix_override:/usr/lib/python3/dist-packages/colcon_core/task/python/colcon_distutils_commands:/home/delewlew/software_for_robotics_part2/install/example_urdf_description/lib/python3.10/site-packages:${PYTHONPATH} /usr/bin/python3 -W ignore:setup.py install is deprecated setup.py egg_info --egg-base ../../build/example_urdf_description build --build-base /home/delewlew/software_for_robotics_part2/build/example_urdf_description/build install --record /home/delewlew/software_for_robotics_part2/build/example_urdf_description/install.log --single-version-externally-managed install_data
[5.965s] DEBUG:colcon.colcon_core.event_handler.log_command:Invoked command in '/home/delewlew/software_for_robotics_part2/src/example_gz_robot' returned '0': PYTHONPATH=/home/delewlew/software_for_robotics_part2/build/example_gz_robot/prefix_override:/usr/lib/python3/dist-packages/colcon_core/task/python/colcon_distutils_commands:/home/delewlew/software_for_robotics_part2/install/example_gz_robot/lib/python3.10/site-packages:${PYTHONPATH} /usr/bin/python3 -W ignore:setup.py install is deprecated setup.py egg_info --egg-base ../../build/example_gz_robot build --build-base /home/delewlew/software_for_robotics_part2/build/example_gz_robot/build install --record /home/delewlew/software_for_robotics_part2/build/example_gz_robot/install.log --single-version-externally-managed install_data
[5.966s] Level 1:colcon.colcon_core.environment:checking '/home/delewlew/software_for_robotics_part2/install/example_gz_robot' for CMake module files
[5.966s] Level 1:colcon.colcon_core.environment:checking '/home/delewlew/software_for_robotics_part2/install/example_gz_robot' for CMake config files
[5.972s] Level 1:colcon.colcon_core.environment:checking '/home/delewlew/software_for_robotics_part2/install/example_gz_robot/lib'
[5.972s] Level 1:colcon.colcon_core.environment:checking '/home/delewlew/software_for_robotics_part2/install/example_gz_robot/bin'
[5.972s] Level 1:colcon.colcon_core.environment:checking '/home/delewlew/software_for_robotics_part2/install/example_gz_robot/lib/pkgconfig/example_gz_robot.pc'
[5.973s] Level 1:colcon.colcon_core.environment:checking '/home/delewlew/software_for_robotics_part2/install/example_gz_robot/lib/python3.10/site-packages'
[5.973s] Level 1:colcon.colcon_core.shell:create_environment_hook('example_gz_robot', 'pythonpath')
[5.973s] INFO:colcon.colcon_core.shell:Creating environment hook '/home/delewlew/software_for_robotics_part2/install/example_gz_robot/share/example_gz_robot/hook/pythonpath.ps1'
[5.974s] INFO:colcon.colcon_core.shell:Creating environment descriptor '/home/delewlew/software_for_robotics_part2/install/example_gz_robot/share/example_gz_robot/hook/pythonpath.dsv'
[5.975s] INFO:colcon.colcon_core.shell:Creating environment hook '/home/delewlew/software_for_robotics_part2/install/example_gz_robot/share/example_gz_robot/hook/pythonpath.sh'
[5.976s] Level 1:colcon.colcon_core.environment:checking '/home/delewlew/software_for_robotics_part2/install/example_gz_robot/bin'
[5.976s] Level 1:colcon.colcon_core.environment:create_environment_scripts_only(example_gz_robot)
[5.977s] INFO:colcon.colcon_core.shell:Creating package script '/home/delewlew/software_for_robotics_part2/install/example_gz_robot/share/example_gz_robot/package.ps1'
[5.978s] INFO:colcon.colcon_core.shell:Creating package descriptor '/home/delewlew/software_for_robotics_part2/install/example_gz_robot/share/example_gz_robot/package.dsv'
[5.979s] INFO:colcon.colcon_core.shell:Creating package script '/home/delewlew/software_for_robotics_part2/install/example_gz_robot/share/example_gz_robot/package.sh'
[5.980s] INFO:colcon.colcon_core.shell:Creating package script '/home/delewlew/software_for_robotics_part2/install/example_gz_robot/share/example_gz_robot/package.bash'
[5.982s] INFO:colcon.colcon_core.shell:Creating package script '/home/delewlew/software_for_robotics_part2/install/example_gz_robot/share/example_gz_robot/package.zsh'
[5.983s] Level 1:colcon.colcon_core.environment:create_file_with_runtime_dependencies(/home/delewlew/software_for_robotics_part2/install/example_gz_robot/share/colcon-core/packages/example_gz_robot)
[6.242s] Level 1:colcon.colcon_core.environment:checking '/home/delewlew/software_for_robotics_part2/install/week10_exercise_2' for CMake module files
[6.243s] DEBUG:colcon.colcon_core.event_handler.log_command:Invoked command in '/home/delewlew/software_for_robotics_part2/src/week10_exercise_2' returned '0': PYTHONPATH=/home/delewlew/software_for_robotics_part2/build/week10_exercise_2/prefix_override:/usr/lib/python3/dist-packages/colcon_core/task/python/colcon_distutils_commands:/home/delewlew/software_for_robotics_part2/install/week10_exercise_2/lib/python3.10/site-packages:${PYTHONPATH} /usr/bin/python3 -W ignore:setup.py install is deprecated setup.py egg_info --egg-base ../../build/week10_exercise_2 build --build-base /home/delewlew/software_for_robotics_part2/build/week10_exercise_2/build install --record /home/delewlew/software_for_robotics_part2/build/week10_exercise_2/install.log --single-version-externally-managed install_data
[6.244s] Level 1:colcon.colcon_core.environment:checking '/home/delewlew/software_for_robotics_part2/install/week10_exercise_2' for CMake config files
[6.246s] Level 1:colcon.colcon_core.environment:checking '/home/delewlew/software_for_robotics_part2/install/week10_exercise_2/lib'
[6.247s] Level 1:colcon.colcon_core.environment:checking '/home/delewlew/software_for_robotics_part2/install/week10_exercise_2/bin'
[6.247s] Level 1:colcon.colcon_core.environment:checking '/home/delewlew/software_for_robotics_part2/install/week10_exercise_2/lib/pkgconfig/week10_exercise_2.pc'
[6.247s] Level 1:colcon.colcon_core.environment:checking '/home/delewlew/software_for_robotics_part2/install/week10_exercise_2/lib/python3.10/site-packages'
[6.248s] Level 1:colcon.colcon_core.shell:create_environment_hook('week10_exercise_2', 'pythonpath')
[6.248s] INFO:colcon.colcon_core.shell:Creating environment hook '/home/delewlew/software_for_robotics_part2/install/week10_exercise_2/share/week10_exercise_2/hook/pythonpath.ps1'
[6.250s] INFO:colcon.colcon_core.shell:Creating environment descriptor '/home/delewlew/software_for_robotics_part2/install/week10_exercise_2/share/week10_exercise_2/hook/pythonpath.dsv'
[6.251s] INFO:colcon.colcon_core.shell:Creating environment hook '/home/delewlew/software_for_robotics_part2/install/week10_exercise_2/share/week10_exercise_2/hook/pythonpath.sh'
[6.254s] Level 1:colcon.colcon_core.environment:checking '/home/delewlew/software_for_robotics_part2/install/week10_exercise_2/bin'
[6.254s] Level 1:colcon.colcon_core.environment:create_environment_scripts_only(week10_exercise_2)
[6.255s] INFO:colcon.colcon_core.shell:Creating package script '/home/delewlew/software_for_robotics_part2/install/week10_exercise_2/share/week10_exercise_2/package.ps1'
[6.256s] INFO:colcon.colcon_core.shell:Creating package descriptor '/home/delewlew/software_for_robotics_part2/install/week10_exercise_2/share/week10_exercise_2/package.dsv'
[6.258s] INFO:colcon.colcon_core.shell:Creating package script '/home/delewlew/software_for_robotics_part2/install/week10_exercise_2/share/week10_exercise_2/package.sh'
[6.264s] INFO:colcon.colcon_core.shell:Creating package script '/home/delewlew/software_for_robotics_part2/install/week10_exercise_2/share/week10_exercise_2/package.bash'
[6.266s] INFO:colcon.colcon_core.shell:Creating package script '/home/delewlew/software_for_robotics_part2/install/week10_exercise_2/share/week10_exercise_2/package.zsh'
[6.267s] Level 1:colcon.colcon_core.environment:create_file_with_runtime_dependencies(/home/delewlew/software_for_robotics_part2/install/week10_exercise_2/share/colcon-core/packages/week10_exercise_2)
[6.271s] Level 1:colcon.colcon_core.environment:checking '/home/delewlew/software_for_robotics_part2/install/bt_demos' for CMake module files
[6.276s] DEBUG:colcon.colcon_core.event_handler.log_command:Invoked command in '/home/delewlew/software_for_robotics_part2/src/bt_demos' returned '0': PYTHONPATH=/home/delewlew/software_for_robotics_part2/build/bt_demos/prefix_override:/usr/lib/python3/dist-packages/colcon_core/task/python/colcon_distutils_commands:/home/delewlew/software_for_robotics_part2/install/bt_demos/lib/python3.10/site-packages:${PYTHONPATH} /usr/bin/python3 -W ignore:setup.py install is deprecated setup.py egg_info --egg-base ../../build/bt_demos build --build-base /home/delewlew/software_for_robotics_part2/build/bt_demos/build install --record /home/delewlew/software_for_robotics_part2/build/bt_demos/install.log --single-version-externally-managed install_data
[6.278s] Level 1:colcon.colcon_core.environment:checking '/home/delewlew/software_for_robotics_part2/install/bt_demos' for CMake config files
[6.288s] Level 1:colcon.colcon_core.environment:checking '/home/delewlew/software_for_robotics_part2/install/bt_demos/lib'
[6.288s] Level 1:colcon.colcon_core.environment:checking '/home/delewlew/software_for_robotics_part2/install/bt_demos/bin'
[6.289s] Level 1:colcon.colcon_core.environment:checking '/home/delewlew/software_for_robotics_part2/install/bt_demos/lib/pkgconfig/bt_demos.pc'
[6.290s] Level 1:colcon.colcon_core.environment:checking '/home/delewlew/software_for_robotics_part2/install/bt_demos/lib/python3.10/site-packages'
[6.291s] Level 1:colcon.colcon_core.shell:create_environment_hook('bt_demos', 'pythonpath')
[6.292s] INFO:colcon.colcon_core.shell:Creating environment hook '/home/delewlew/software_for_robotics_part2/install/bt_demos/share/bt_demos/hook/pythonpath.ps1'
[6.295s] INFO:colcon.colcon_core.shell:Creating environment descriptor '/home/delewlew/software_for_robotics_part2/install/bt_demos/share/bt_demos/hook/pythonpath.dsv'
[6.297s] INFO:colcon.colcon_core.shell:Creating environment hook '/home/delewlew/software_for_robotics_part2/install/bt_demos/share/bt_demos/hook/pythonpath.sh'
[6.298s] Level 1:colcon.colcon_core.environment:checking '/home/delewlew/software_for_robotics_part2/install/bt_demos/bin'
[6.299s] Level 1:colcon.colcon_core.environment:create_environment_scripts_only(bt_demos)
[6.300s] INFO:colcon.colcon_core.shell:Creating package script '/home/delewlew/software_for_robotics_part2/install/bt_demos/share/bt_demos/package.ps1'
[6.303s] INFO:colcon.colcon_core.shell:Creating package descriptor '/home/delewlew/software_for_robotics_part2/install/bt_demos/share/bt_demos/package.dsv'
[6.305s] INFO:colcon.colcon_core.shell:Creating package script '/home/delewlew/software_for_robotics_part2/install/bt_demos/share/bt_demos/package.sh'
[6.310s] INFO:colcon.colcon_core.shell:Creating package script '/home/delewlew/software_for_robotics_part2/install/bt_demos/share/bt_demos/package.bash'
[6.314s] INFO:colcon.colcon_core.shell:Creating package script '/home/delewlew/software_for_robotics_part2/install/bt_demos/share/bt_demos/package.zsh'
[6.317s] Level 1:colcon.colcon_core.environment:create_file_with_runtime_dependencies(/home/delewlew/software_for_robotics_part2/install/bt_demos/share/colcon-core/packages/bt_demos)
[6.364s] Level 1:colcon.colcon_core.environment:checking '/home/delewlew/software_for_robotics_part2/install/navigation_demos' for CMake module files
[6.365s] DEBUG:colcon.colcon_core.event_handler.log_command:Invoked command in '/home/delewlew/software_for_robotics_part2/src/navigation_demos' returned '0': PYTHONPATH=/home/delewlew/software_for_robotics_part2/build/navigation_demos/prefix_override:/usr/lib/python3/dist-packages/colcon_core/task/python/colcon_distutils_commands:/home/delewlew/software_for_robotics_part2/install/navigation_demos/lib/python3.10/site-packages:${PYTHONPATH} /usr/bin/python3 -W ignore:setup.py install is deprecated setup.py egg_info --egg-base ../../build/navigation_demos build --build-base /home/delewlew/software_for_robotics_part2/build/navigation_demos/build install --record /home/delewlew/software_for_robotics_part2/build/navigation_demos/install.log --single-version-externally-managed install_data
[6.366s] Level 1:colcon.colcon_core.environment:checking '/home/delewlew/software_for_robotics_part2/install/navigation_demos' for CMake config files
[6.371s] Level 1:colcon.colcon_core.environment:checking '/home/delewlew/software_for_robotics_part2/install/navigation_demos/lib'
[6.371s] Level 1:colcon.colcon_core.environment:checking '/home/delewlew/software_for_robotics_part2/install/navigation_demos/bin'
[6.371s] Level 1:colcon.colcon_core.environment:checking '/home/delewlew/software_for_robotics_part2/install/navigation_demos/lib/pkgconfig/navigation_demos.pc'
[6.372s] Level 1:colcon.colcon_core.environment:checking '/home/delewlew/software_for_robotics_part2/install/navigation_demos/lib/python3.10/site-packages'
[6.373s] Level 1:colcon.colcon_core.shell:create_environment_hook('navigation_demos', 'pythonpath')
[6.373s] INFO:colcon.colcon_core.shell:Creating environment hook '/home/delewlew/software_for_robotics_part2/install/navigation_demos/share/navigation_demos/hook/pythonpath.ps1'
[6.376s] INFO:colcon.colcon_core.shell:Creating environment descriptor '/home/delewlew/software_for_robotics_part2/install/navigation_demos/share/navigation_demos/hook/pythonpath.dsv'
[6.377s] INFO:colcon.colcon_core.shell:Creating environment hook '/home/delewlew/software_for_robotics_part2/install/navigation_demos/share/navigation_demos/hook/pythonpath.sh'
[6.378s] Level 1:colcon.colcon_core.environment:checking '/home/delewlew/software_for_robotics_part2/install/navigation_demos/bin'
[6.379s] Level 1:colcon.colcon_core.environment:create_environment_scripts_only(navigation_demos)
[6.379s] INFO:colcon.colcon_core.shell:Creating package script '/home/delewlew/software_for_robotics_part2/install/navigation_demos/share/navigation_demos/package.ps1'
[6.381s] INFO:colcon.colcon_core.shell:Creating package descriptor '/home/delewlew/software_for_robotics_part2/install/navigation_demos/share/navigation_demos/package.dsv'
[6.381s] INFO:colcon.colcon_core.shell:Creating package script '/home/delewlew/software_for_robotics_part2/install/navigation_demos/share/navigation_demos/package.sh'
[6.382s] INFO:colcon.colcon_core.shell:Creating package script '/home/delewlew/software_for_robotics_part2/install/navigation_demos/share/navigation_demos/package.bash'
[6.383s] INFO:colcon.colcon_core.shell:Creating package script '/home/delewlew/software_for_robotics_part2/install/navigation_demos/share/navigation_demos/package.zsh'
[6.383s] Level 1:colcon.colcon_core.environment:create_file_with_runtime_dependencies(/home/delewlew/software_for_robotics_part2/install/navigation_demos/share/colcon-core/packages/navigation_demos)
[6.394s] Level 1:colcon.colcon_core.environment:checking '/home/delewlew/software_for_robotics_part2/install/example_urdf_robot' for CMake module files
[6.396s] Level 1:colcon.colcon_core.environment:checking '/home/delewlew/software_for_robotics_part2/install/example_urdf_robot' for CMake config files
[6.401s] DEBUG:colcon.colcon_core.event_handler.log_command:Invoked command in '/home/delewlew/software_for_robotics_part2/src/example_urdf_robot' returned '0': PYTHONPATH=/home/delewlew/software_for_robotics_part2/build/example_urdf_robot/prefix_override:/usr/lib/python3/dist-packages/colcon_core/task/python/colcon_distutils_commands:/home/delewlew/software_for_robotics_part2/install/example_urdf_robot/lib/python3.10/site-packages:${PYTHONPATH} /usr/bin/python3 -W ignore:setup.py install is deprecated setup.py egg_info --egg-base ../../build/example_urdf_robot build --build-base /home/delewlew/software_for_robotics_part2/build/example_urdf_robot/build install --record /home/delewlew/software_for_robotics_part2/build/example_urdf_robot/install.log --single-version-externally-managed install_data
[6.404s] Level 1:colcon.colcon_core.environment:checking '/home/delewlew/software_for_robotics_part2/install/example_urdf_robot/lib'
[6.404s] Level 1:colcon.colcon_core.environment:checking '/home/delewlew/software_for_robotics_part2/install/example_urdf_robot/bin'
[6.404s] Level 1:colcon.colcon_core.environment:checking '/home/delewlew/software_for_robotics_part2/install/example_urdf_robot/lib/pkgconfig/example_urdf_robot.pc'
[6.404s] Level 1:colcon.colcon_core.environment:checking '/home/delewlew/software_for_robotics_part2/install/example_urdf_robot/lib/python3.10/site-packages'
[6.404s] Level 1:colcon.colcon_core.shell:create_environment_hook('example_urdf_robot', 'pythonpath')
[6.405s] INFO:colcon.colcon_core.shell:Creating environment hook '/home/delewlew/software_for_robotics_part2/install/example_urdf_robot/share/example_urdf_robot/hook/pythonpath.ps1'
[6.406s] INFO:colcon.colcon_core.shell:Creating environment descriptor '/home/delewlew/software_for_robotics_part2/install/example_urdf_robot/share/example_urdf_robot/hook/pythonpath.dsv'
[6.406s] INFO:colcon.colcon_core.shell:Creating environment hook '/home/delewlew/software_for_robotics_part2/install/example_urdf_robot/share/example_urdf_robot/hook/pythonpath.sh'
[6.407s] Level 1:colcon.colcon_core.environment:checking '/home/delewlew/software_for_robotics_part2/install/example_urdf_robot/bin'
[6.407s] Level 1:colcon.colcon_core.environment:create_environment_scripts_only(example_urdf_robot)
[6.408s] INFO:colcon.colcon_core.shell:Creating package script '/home/delewlew/software_for_robotics_part2/install/example_urdf_robot/share/example_urdf_robot/package.ps1'
[6.408s] INFO:colcon.colcon_core.shell:Creating package descriptor '/home/delewlew/software_for_robotics_part2/install/example_urdf_robot/share/example_urdf_robot/package.dsv'
[6.409s] INFO:colcon.colcon_core.shell:Creating package script '/home/delewlew/software_for_robotics_part2/install/example_urdf_robot/share/example_urdf_robot/package.sh'
[6.410s] INFO:colcon.colcon_core.shell:Creating package script '/home/delewlew/software_for_robotics_part2/install/example_urdf_robot/share/example_urdf_robot/package.bash'
[6.410s] INFO:colcon.colcon_core.shell:Creating package script '/home/delewlew/software_for_robotics_part2/install/example_urdf_robot/share/example_urdf_robot/package.zsh'
[6.411s] Level 1:colcon.colcon_core.environment:create_file_with_runtime_dependencies(/home/delewlew/software_for_robotics_part2/install/example_urdf_robot/share/colcon-core/packages/example_urdf_robot)
[6.416s] Level 1:colcon.colcon_core.environment:checking '/home/delewlew/software_for_robotics_part2/install/example_urdf_description' for CMake module files
[6.417s] DEBUG:colcon.colcon_core.event_handler.log_command:Invoked command in '/home/delewlew/software_for_robotics_part2/src/example_urdf_description' returned '0': PYTHONPATH=/home/delewlew/software_for_robotics_part2/build/example_urdf_description/prefix_override:/usr/lib/python3/dist-packages/colcon_core/task/python/colcon_distutils_commands:/home/delewlew/software_for_robotics_part2/install/example_urdf_description/lib/python3.10/site-packages:${PYTHONPATH} /usr/bin/python3 -W ignore:setup.py install is deprecated setup.py egg_info --egg-base ../../build/example_urdf_description build --build-base /home/delewlew/software_for_robotics_part2/build/example_urdf_description/build install --record /home/delewlew/software_for_robotics_part2/build/example_urdf_description/install.log --single-version-externally-managed install_data
[6.418s] Level 1:colcon.colcon_core.environment:checking '/home/delewlew/software_for_robotics_part2/install/example_urdf_description' for CMake config files
[6.420s] Level 1:colcon.colcon_core.environment:checking '/home/delewlew/software_for_robotics_part2/install/example_urdf_description/lib'
[6.421s] Level 1:colcon.colcon_core.environment:checking '/home/delewlew/software_for_robotics_part2/install/example_urdf_description/bin'
[6.421s] Level 1:colcon.colcon_core.environment:checking '/home/delewlew/software_for_robotics_part2/install/example_urdf_description/lib/pkgconfig/example_urdf_description.pc'
[6.421s] Level 1:colcon.colcon_core.environment:checking '/home/delewlew/software_for_robotics_part2/install/example_urdf_description/lib/python3.10/site-packages'
[6.422s] Level 1:colcon.colcon_core.shell:create_environment_hook('example_urdf_description', 'pythonpath')
[6.424s] INFO:colcon.colcon_core.shell:Creating environment hook '/home/delewlew/software_for_robotics_part2/install/example_urdf_description/share/example_urdf_description/hook/pythonpath.ps1'
[6.426s] INFO:colcon.colcon_core.shell:Creating environment descriptor '/home/delewlew/software_for_robotics_part2/install/example_urdf_description/share/example_urdf_description/hook/pythonpath.dsv'
[6.429s] INFO:colcon.colcon_core.shell:Creating environment hook '/home/delewlew/software_for_robotics_part2/install/example_urdf_description/share/example_urdf_description/hook/pythonpath.sh'
[6.432s] Level 1:colcon.colcon_core.environment:checking '/home/delewlew/software_for_robotics_part2/install/example_urdf_description/bin'
[6.432s] Level 1:colcon.colcon_core.environment:create_environment_scripts_only(example_urdf_description)
[6.433s] INFO:colcon.colcon_core.shell:Creating package script '/home/delewlew/software_for_robotics_part2/install/example_urdf_description/share/example_urdf_description/package.ps1'
[6.434s] INFO:colcon.colcon_core.shell:Creating package descriptor '/home/delewlew/software_for_robotics_part2/install/example_urdf_description/share/example_urdf_description/package.dsv'
[6.435s] INFO:colcon.colcon_core.shell:Creating package script '/home/delewlew/software_for_robotics_part2/install/example_urdf_description/share/example_urdf_description/package.sh'
[6.436s] INFO:colcon.colcon_core.shell:Creating package script '/home/delewlew/software_for_robotics_part2/install/example_urdf_description/share/example_urdf_description/package.bash'
[6.437s] INFO:colcon.colcon_core.shell:Creating package script '/home/delewlew/software_for_robotics_part2/install/example_urdf_description/share/example_urdf_description/package.zsh'
[6.438s] Level 1:colcon.colcon_core.environment:create_file_with_runtime_dependencies(/home/delewlew/software_for_robotics_part2/install/example_urdf_description/share/colcon-core/packages/example_urdf_description)
[6.705s] Level 1:colcon.colcon_core.environment:checking '/home/delewlew/software_for_robotics_part2/install/gz_example_robot_description' for CMake module files
[6.708s] DEBUG:colcon.colcon_core.event_handler.log_command:Invoked command in '/home/delewlew/software_for_robotics_part2/src/gz_example_robot_description' returned '0': PYTHONPATH=/home/delewlew/software_for_robotics_part2/build/gz_example_robot_description/prefix_override:/usr/lib/python3/dist-packages/colcon_core/task/python/colcon_distutils_commands:/home/delewlew/software_for_robotics_part2/install/gz_example_robot_description/lib/python3.10/site-packages:${PYTHONPATH} /usr/bin/python3 -W ignore:setup.py install is deprecated setup.py egg_info --egg-base ../../build/gz_example_robot_description build --build-base /home/delewlew/software_for_robotics_part2/build/gz_example_robot_description/build install --record /home/delewlew/software_for_robotics_part2/build/gz_example_robot_description/install.log --single-version-externally-managed install_data
[6.709s] Level 1:colcon.colcon_core.environment:checking '/home/delewlew/software_for_robotics_part2/install/gz_example_robot_description' for CMake config files
[6.713s] Level 1:colcon.colcon_core.environment:checking '/home/delewlew/software_for_robotics_part2/install/gz_example_robot_description/lib'
[6.713s] Level 1:colcon.colcon_core.environment:checking '/home/delewlew/software_for_robotics_part2/install/gz_example_robot_description/bin'
[6.714s] Level 1:colcon.colcon_core.environment:checking '/home/delewlew/software_for_robotics_part2/install/gz_example_robot_description/lib/pkgconfig/gz_example_robot_description.pc'
[6.714s] Level 1:colcon.colcon_core.environment:checking '/home/delewlew/software_for_robotics_part2/install/gz_example_robot_description/lib/python3.10/site-packages'
[6.714s] Level 1:colcon.colcon_core.shell:create_environment_hook('gz_example_robot_description', 'pythonpath')
[6.714s] INFO:colcon.colcon_core.shell:Creating environment hook '/home/delewlew/software_for_robotics_part2/install/gz_example_robot_description/share/gz_example_robot_description/hook/pythonpath.ps1'
[6.715s] INFO:colcon.colcon_core.shell:Creating environment descriptor '/home/delewlew/software_for_robotics_part2/install/gz_example_robot_description/share/gz_example_robot_description/hook/pythonpath.dsv'
[6.716s] INFO:colcon.colcon_core.shell:Creating environment hook '/home/delewlew/software_for_robotics_part2/install/gz_example_robot_description/share/gz_example_robot_description/hook/pythonpath.sh'
[6.717s] Level 1:colcon.colcon_core.environment:checking '/home/delewlew/software_for_robotics_part2/install/gz_example_robot_description/bin'
[6.717s] Level 1:colcon.colcon_core.environment:create_environment_scripts_only(gz_example_robot_description)
[6.718s] INFO:colcon.colcon_core.shell:Creating package script '/home/delewlew/software_for_robotics_part2/install/gz_example_robot_description/share/gz_example_robot_description/package.ps1'
[6.718s] INFO:colcon.colcon_core.shell:Creating package descriptor '/home/delewlew/software_for_robotics_part2/install/gz_example_robot_description/share/gz_example_robot_description/package.dsv'
[6.719s] INFO:colcon.colcon_core.shell:Creating package script '/home/delewlew/software_for_robotics_part2/install/gz_example_robot_description/share/gz_example_robot_description/package.sh'
[6.720s] INFO:colcon.colcon_core.shell:Creating package script '/home/delewlew/software_for_robotics_part2/install/gz_example_robot_description/share/gz_example_robot_description/package.bash'
[6.720s] INFO:colcon.colcon_core.shell:Creating package script '/home/delewlew/software_for_robotics_part2/install/gz_example_robot_description/share/gz_example_robot_description/package.zsh'
[6.721s] Level 1:colcon.colcon_core.environment:create_file_with_runtime_dependencies(/home/delewlew/software_for_robotics_part2/install/gz_example_robot_description/share/colcon-core/packages/gz_example_robot_description)
[6.721s] DEBUG:colcon.colcon_parallel_executor.executor.parallel:closing loop
[6.721s] DEBUG:colcon.colcon_parallel_executor.executor.parallel:loop closed
[6.721s] DEBUG:colcon.colcon_parallel_executor.executor.parallel:run_until_complete finished with '0'
[6.721s] DEBUG:colcon.colcon_core.event_reactor:joining thread
[6.735s] INFO:colcon.colcon_core.plugin_system:Skipping extension 'colcon_notification.desktop_notification.terminal_notifier': Not used on non-Darwin systems
[6.735s] INFO:colcon.colcon_core.plugin_system:Skipping extension 'colcon_notification.desktop_notification.win32': Not used on non-Windows systems
[6.735s] INFO:colcon.colcon_notification.desktop_notification:Sending desktop notification using 'notify2'
[6.760s] DEBUG:colcon.colcon_core.event_reactor:joined thread
[6.760s] INFO:colcon.colcon_core.shell:Creating prefix script '/home/delewlew/software_for_robotics_part2/install/local_setup.ps1'
[6.762s] INFO:colcon.colcon_core.shell:Creating prefix util module '/home/delewlew/software_for_robotics_part2/install/_local_setup_util_ps1.py'
[6.765s] INFO:colcon.colcon_core.shell:Creating prefix chain script '/home/delewlew/software_for_robotics_part2/install/setup.ps1'
[6.767s] INFO:colcon.colcon_core.shell:Creating prefix script '/home/delewlew/software_for_robotics_part2/install/local_setup.sh'
[6.768s] INFO:colcon.colcon_core.shell:Creating prefix util module '/home/delewlew/software_for_robotics_part2/install/_local_setup_util_sh.py'
[6.770s] INFO:colcon.colcon_core.shell:Creating prefix chain script '/home/delewlew/software_for_robotics_part2/install/setup.sh'
[6.775s] INFO:colcon.colcon_core.shell:Creating prefix script '/home/delewlew/software_for_robotics_part2/install/local_setup.bash'
[6.778s] INFO:colcon.colcon_core.shell:Creating prefix chain script '/home/delewlew/software_for_robotics_part2/install/setup.bash'
[6.782s] INFO:colcon.colcon_core.shell:Creating prefix script '/home/delewlew/software_for_robotics_part2/install/local_setup.zsh'
[6.784s] INFO:colcon.colcon_core.shell:Creating prefix chain script '/home/delewlew/software_for_robotics_part2/install/setup.zsh'
