[0.404s] DEBUG:colcon:Command line arguments: ['/usr/bin/colcon', 'build']
[0.405s] DEBUG:colcon:Parsed command line arguments: Namespace(log_base=None, log_level=None, verb_name='build', build_base='build', install_base='install', merge_install=False, symlink_install=False, test_result_base=None, continue_on_error=False, executor='parallel', parallel_workers=9, event_handlers=None, ignore_user_meta=False, metas=['./colcon.meta'], base_paths=['.'], packages_ignore=None, packages_ignore_regex=None, paths=None, packages_up_to=None, packages_up_to_regex=None, packages_above=None, packages_above_and_dependencies=None, packages_above_depth=None, packages_select_by_dep=None, packages_skip_by_dep=None, packages_skip_up_to=None, packages_select_build_failed=False, packages_skip_build_finished=False, packages_select_test_failures=False, packages_skip_test_passed=False, packages_select=None, packages_skip=None, packages_select_regex=None, packages_skip_regex=None, packages_start=None, packages_end=None, allow_overriding=[], cmake_args=None, cmake_target=None, cmake_target_skip_unavailable=False, cmake_clean_cache=False, cmake_clean_first=False, cmake_force_configure=False, ament_cmake_args=None, catkin_cmake_args=None, catkin_skip_building_tests=False, mixin_files=None, mixin=None, verb_parser=<colcon_mixin.mixin.mixin_argument.MixinArgumentDecorator object at 0x71ce42b52e90>, verb_extension=<colcon_core.verb.build.BuildVerb object at 0x71ce42c5b520>, main=<bound method BuildVerb.main of <colcon_core.verb.build.BuildVerb object at 0x71ce42c5b520>>, mixin_verb=('build',))
[1.062s] Level 1:colcon.colcon_core.package_discovery:discover_packages(colcon_meta) check parameters
[1.062s] Level 1:colcon.colcon_core.package_discovery:discover_packages(recursive) check parameters
[1.062s] Level 1:colcon.colcon_core.package_discovery:discover_packages(ignore) check parameters
[1.062s] Level 1:colcon.colcon_core.package_discovery:discover_packages(path) check parameters
[1.062s] Level 1:colcon.colcon_core.package_discovery:discover_packages(colcon_meta) discover
[1.063s] Level 1:colcon.colcon_core.package_discovery:discover_packages(recursive) discover
[1.063s] INFO:colcon.colcon_core.package_discovery:Crawling recursively for packages in '/home/delewlew/assessments/coursework1'
[1.063s] Level 1:colcon.colcon_core.package_identification:_identify(.) by extensions ['ignore', 'ignore_ament_install']
[1.064s] Level 1:colcon.colcon_core.package_identification:_identify(.) by extension 'ignore'
[1.064s] Level 1:colcon.colcon_core.package_identification:_identify(.) by extension 'ignore_ament_install'
[1.064s] Level 1:colcon.colcon_core.package_identification:_identify(.) by extensions ['colcon_pkg']
[1.064s] Level 1:colcon.colcon_core.package_identification:_identify(.) by extension 'colcon_pkg'
[1.064s] Level 1:colcon.colcon_core.package_identification:_identify(.) by extensions ['colcon_meta']
[1.064s] Level 1:colcon.colcon_core.package_identification:_identify(.) by extension 'colcon_meta'
[1.065s] Level 1:colcon.colcon_core.package_identification:_identify(.) by extensions ['ros']
[1.065s] Level 1:colcon.colcon_core.package_identification:_identify(.) by extension 'ros'
[1.111s] Level 1:colcon.colcon_core.package_identification:_identify(.) by extensions ['cmake', 'python']
[1.111s] Level 1:colcon.colcon_core.package_identification:_identify(.) by extension 'cmake'
[1.111s] Level 1:colcon.colcon_core.package_identification:_identify(.) by extension 'python'
[1.112s] Level 1:colcon.colcon_core.package_identification:_identify(.) by extensions ['python_setup_py']
[1.112s] Level 1:colcon.colcon_core.package_identification:_identify(.) by extension 'python_setup_py'
[1.112s] Level 1:colcon.colcon_core.package_identification:_identify(build) by extensions ['ignore', 'ignore_ament_install']
[1.112s] Level 1:colcon.colcon_core.package_identification:_identify(build) by extension 'ignore'
[1.112s] Level 1:colcon.colcon_core.package_identification:_identify(build) ignored
[1.113s] Level 1:colcon.colcon_core.package_identification:_identify(install) by extensions ['ignore', 'ignore_ament_install']
[1.113s] Level 1:colcon.colcon_core.package_identification:_identify(install) by extension 'ignore'
[1.113s] Level 1:colcon.colcon_core.package_identification:_identify(install) ignored
[1.113s] Level 1:colcon.colcon_core.package_identification:_identify(log) by extensions ['ignore', 'ignore_ament_install']
[1.113s] Level 1:colcon.colcon_core.package_identification:_identify(log) by extension 'ignore'
[1.114s] Level 1:colcon.colcon_core.package_identification:_identify(log) ignored
[1.114s] Level 1:colcon.colcon_core.package_identification:_identify(src) by extensions ['ignore', 'ignore_ament_install']
[1.114s] Level 1:colcon.colcon_core.package_identification:_identify(src) by extension 'ignore'
[1.114s] Level 1:colcon.colcon_core.package_identification:_identify(src) by extension 'ignore_ament_install'
[1.114s] Level 1:colcon.colcon_core.package_identification:_identify(src) by extensions ['colcon_pkg']
[1.114s] Level 1:colcon.colcon_core.package_identification:_identify(src) by extension 'colcon_pkg'
[1.114s] Level 1:colcon.colcon_core.package_identification:_identify(src) by extensions ['colcon_meta']
[1.115s] Level 1:colcon.colcon_core.package_identification:_identify(src) by extension 'colcon_meta'
[1.115s] Level 1:colcon.colcon_core.package_identification:_identify(src) by extensions ['ros']
[1.115s] Level 1:colcon.colcon_core.package_identification:_identify(src) by extension 'ros'
[1.115s] Level 1:colcon.colcon_core.package_identification:_identify(src) by extensions ['cmake', 'python']
[1.115s] Level 1:colcon.colcon_core.package_identification:_identify(src) by extension 'cmake'
[1.115s] Level 1:colcon.colcon_core.package_identification:_identify(src) by extension 'python'
[1.115s] Level 1:colcon.colcon_core.package_identification:_identify(src) by extensions ['python_setup_py']
[1.115s] Level 1:colcon.colcon_core.package_identification:_identify(src) by extension 'python_setup_py'
[1.116s] Level 1:colcon.colcon_core.package_identification:_identify(src/build) by extensions ['ignore', 'ignore_ament_install']
[1.116s] Level 1:colcon.colcon_core.package_identification:_identify(src/build) by extension 'ignore'
[1.116s] Level 1:colcon.colcon_core.package_identification:_identify(src/build) ignored
[1.117s] Level 1:colcon.colcon_core.package_identification:_identify(src/cooing_code_controller) by extensions ['ignore', 'ignore_ament_install']
[1.117s] Level 1:colcon.colcon_core.package_identification:_identify(src/cooing_code_controller) by extension 'ignore'
[1.117s] Level 1:colcon.colcon_core.package_identification:_identify(src/cooing_code_controller) by extension 'ignore_ament_install'
[1.117s] Level 1:colcon.colcon_core.package_identification:_identify(src/cooing_code_controller) by extensions ['colcon_pkg']
[1.118s] Level 1:colcon.colcon_core.package_identification:_identify(src/cooing_code_controller) by extension 'colcon_pkg'
[1.118s] Level 1:colcon.colcon_core.package_identification:_identify(src/cooing_code_controller) by extensions ['colcon_meta']
[1.118s] Level 1:colcon.colcon_core.package_identification:_identify(src/cooing_code_controller) by extension 'colcon_meta'
[1.118s] Level 1:colcon.colcon_core.package_identification:_identify(src/cooing_code_controller) by extensions ['ros']
[1.118s] Level 1:colcon.colcon_core.package_identification:_identify(src/cooing_code_controller) by extension 'ros'
[1.127s] DEBUG:colcon.colcon_core.package_identification:Package 'src/cooing_code_controller' with type 'ros.ament_python' and name 'cooing_code_controller'
[1.127s] Level 1:colcon.colcon_core.package_identification:_identify(src/cooing_code_interfaces) by extensions ['ignore', 'ignore_ament_install']
[1.127s] Level 1:colcon.colcon_core.package_identification:_identify(src/cooing_code_interfaces) by extension 'ignore'
[1.128s] Level 1:colcon.colcon_core.package_identification:_identify(src/cooing_code_interfaces) by extension 'ignore_ament_install'
[1.128s] Level 1:colcon.colcon_core.package_identification:_identify(src/cooing_code_interfaces) by extensions ['colcon_pkg']
[1.128s] Level 1:colcon.colcon_core.package_identification:_identify(src/cooing_code_interfaces) by extension 'colcon_pkg'
[1.128s] Level 1:colcon.colcon_core.package_identification:_identify(src/cooing_code_interfaces) by extensions ['colcon_meta']
[1.128s] Level 1:colcon.colcon_core.package_identification:_identify(src/cooing_code_interfaces) by extension 'colcon_meta'
[1.129s] Level 1:colcon.colcon_core.package_identification:_identify(src/cooing_code_interfaces) by extensions ['ros']
[1.129s] Level 1:colcon.colcon_core.package_identification:_identify(src/cooing_code_interfaces) by extension 'ros'
[1.132s] DEBUG:colcon.colcon_core.package_identification:Package 'src/cooing_code_interfaces' with type 'ros.ament_cmake' and name 'cooing_code_interfaces'
[1.132s] Level 1:colcon.colcon_core.package_identification:_identify(src/cooing_code_pkg) by extensions ['ignore', 'ignore_ament_install']
[1.133s] Level 1:colcon.colcon_core.package_identification:_identify(src/cooing_code_pkg) by extension 'ignore'
[1.133s] Level 1:colcon.colcon_core.package_identification:_identify(src/cooing_code_pkg) by extension 'ignore_ament_install'
[1.133s] Level 1:colcon.colcon_core.package_identification:_identify(src/cooing_code_pkg) by extensions ['colcon_pkg']
[1.133s] Level 1:colcon.colcon_core.package_identification:_identify(src/cooing_code_pkg) by extension 'colcon_pkg'
[1.134s] Level 1:colcon.colcon_core.package_identification:_identify(src/cooing_code_pkg) by extensions ['colcon_meta']
[1.134s] Level 1:colcon.colcon_core.package_identification:_identify(src/cooing_code_pkg) by extension 'colcon_meta'
[1.134s] Level 1:colcon.colcon_core.package_identification:_identify(src/cooing_code_pkg) by extensions ['ros']
[1.134s] Level 1:colcon.colcon_core.package_identification:_identify(src/cooing_code_pkg) by extension 'ros'
[1.137s] DEBUG:colcon.colcon_core.package_identification:Package 'src/cooing_code_pkg' with type 'ros.ament_python' and name 'cooing_code_pkg'
[1.137s] Level 1:colcon.colcon_core.package_identification:_identify(src/install) by extensions ['ignore', 'ignore_ament_install']
[1.138s] Level 1:colcon.colcon_core.package_identification:_identify(src/install) by extension 'ignore'
[1.138s] Level 1:colcon.colcon_core.package_identification:_identify(src/install) ignored
[1.138s] Level 1:colcon.colcon_core.package_identification:_identify(src/log) by extensions ['ignore', 'ignore_ament_install']
[1.138s] Level 1:colcon.colcon_core.package_identification:_identify(src/log) by extension 'ignore'
[1.138s] Level 1:colcon.colcon_core.package_identification:_identify(src/log) ignored
[1.139s] Level 1:colcon.colcon_core.package_discovery:discover_packages(recursive) using defaults
[1.139s] Level 1:colcon.colcon_core.package_discovery:discover_packages(ignore) discover
[1.139s] Level 1:colcon.colcon_core.package_discovery:discover_packages(ignore) using defaults
[1.139s] Level 1:colcon.colcon_core.package_discovery:discover_packages(path) discover
[1.139s] Level 1:colcon.colcon_core.package_discovery:discover_packages(path) using defaults
[1.240s] Level 1:colcon.colcon_core.package_discovery:discover_packages(prefix_path) check parameters
[1.240s] Level 1:colcon.colcon_core.package_discovery:discover_packages(prefix_path) discover
[1.248s] DEBUG:colcon.colcon_installed_package_information.package_discovery:Found 2 installed packages in /home/delewlew/assessments/coursework2/install
[1.253s] DEBUG:colcon.colcon_installed_package_information.package_discovery:Found 338 installed packages in /opt/ros/humble
[1.261s] Level 1:colcon.colcon_core.package_discovery:discover_packages(prefix_path) using defaults
[1.427s] Level 5:colcon.colcon_core.verb:set package 'cooing_code_controller' build argument 'cmake_args' from command line to 'None'
[1.427s] Level 5:colcon.colcon_core.verb:set package 'cooing_code_controller' build argument 'cmake_target' from command line to 'None'
[1.427s] Level 5:colcon.colcon_core.verb:set package 'cooing_code_controller' build argument 'cmake_target_skip_unavailable' from command line to 'False'
[1.427s] Level 5:colcon.colcon_core.verb:set package 'cooing_code_controller' build argument 'cmake_clean_cache' from command line to 'False'
[1.427s] Level 5:colcon.colcon_core.verb:set package 'cooing_code_controller' build argument 'cmake_clean_first' from command line to 'False'
[1.428s] Level 5:colcon.colcon_core.verb:set package 'cooing_code_controller' build argument 'cmake_force_configure' from command line to 'False'
[1.428s] Level 5:colcon.colcon_core.verb:set package 'cooing_code_controller' build argument 'ament_cmake_args' from command line to 'None'
[1.428s] Level 5:colcon.colcon_core.verb:set package 'cooing_code_controller' build argument 'catkin_cmake_args' from command line to 'None'
[1.428s] Level 5:colcon.colcon_core.verb:set package 'cooing_code_controller' build argument 'catkin_skip_building_tests' from command line to 'False'
[1.428s] DEBUG:colcon.colcon_core.verb:Building package 'cooing_code_controller' with the following arguments: {'ament_cmake_args': None, 'build_base': '/home/delewlew/assessments/coursework1/build/cooing_code_controller', 'catkin_cmake_args': None, 'catkin_skip_building_tests': False, 'cmake_args': None, 'cmake_clean_cache': False, 'cmake_clean_first': False, 'cmake_force_configure': False, 'cmake_target': None, 'cmake_target_skip_unavailable': False, 'install_base': '/home/delewlew/assessments/coursework1/install/cooing_code_controller', 'merge_install': False, 'path': '/home/delewlew/assessments/coursework1/src/cooing_code_controller', 'symlink_install': False, 'test_result_base': None}
[1.430s] Level 5:colcon.colcon_core.verb:set package 'cooing_code_interfaces' build argument 'cmake_args' from command line to 'None'
[1.430s] Level 5:colcon.colcon_core.verb:set package 'cooing_code_interfaces' build argument 'cmake_target' from command line to 'None'
[1.430s] Level 5:colcon.colcon_core.verb:set package 'cooing_code_interfaces' build argument 'cmake_target_skip_unavailable' from command line to 'False'
[1.430s] Level 5:colcon.colcon_core.verb:set package 'cooing_code_interfaces' build argument 'cmake_clean_cache' from command line to 'False'
[1.431s] Level 5:colcon.colcon_core.verb:set package 'cooing_code_interfaces' build argument 'cmake_clean_first' from command line to 'False'
[1.431s] Level 5:colcon.colcon_core.verb:set package 'cooing_code_interfaces' build argument 'cmake_force_configure' from command line to 'False'
[1.431s] Level 5:colcon.colcon_core.verb:set package 'cooing_code_interfaces' build argument 'ament_cmake_args' from command line to 'None'
[1.431s] Level 5:colcon.colcon_core.verb:set package 'cooing_code_interfaces' build argument 'catkin_cmake_args' from command line to 'None'
[1.431s] Level 5:colcon.colcon_core.verb:set package 'cooing_code_interfaces' build argument 'catkin_skip_building_tests' from command line to 'False'
[1.431s] DEBUG:colcon.colcon_core.verb:Building package 'cooing_code_interfaces' with the following arguments: {'ament_cmake_args': None, 'build_base': '/home/delewlew/assessments/coursework1/build/cooing_code_interfaces', 'catkin_cmake_args': None, 'catkin_skip_building_tests': False, 'cmake_args': None, 'cmake_clean_cache': False, 'cmake_clean_first': False, 'cmake_force_configure': False, 'cmake_target': None, 'cmake_target_skip_unavailable': False, 'install_base': '/home/delewlew/assessments/coursework1/install/cooing_code_interfaces', 'merge_install': False, 'path': '/home/delewlew/assessments/coursework1/src/cooing_code_interfaces', 'symlink_install': False, 'test_result_base': None}
[1.433s] Level 5:colcon.colcon_core.verb:set package 'cooing_code_pkg' build argument 'cmake_args' from command line to 'None'
[1.433s] Level 5:colcon.colcon_core.verb:set package 'cooing_code_pkg' build argument 'cmake_target' from command line to 'None'
[1.433s] Level 5:colcon.colcon_core.verb:set package 'cooing_code_pkg' build argument 'cmake_target_skip_unavailable' from command line to 'False'
[1.433s] Level 5:colcon.colcon_core.verb:set package 'cooing_code_pkg' build argument 'cmake_clean_cache' from command line to 'False'
[1.433s] Level 5:colcon.colcon_core.verb:set package 'cooing_code_pkg' build argument 'cmake_clean_first' from command line to 'False'
[1.433s] Level 5:colcon.colcon_core.verb:set package 'cooing_code_pkg' build argument 'cmake_force_configure' from command line to 'False'
[1.433s] Level 5:colcon.colcon_core.verb:set package 'cooing_code_pkg' build argument 'ament_cmake_args' from command line to 'None'
[1.433s] Level 5:colcon.colcon_core.verb:set package 'cooing_code_pkg' build argument 'catkin_cmake_args' from command line to 'None'
[1.433s] Level 5:colcon.colcon_core.verb:set package 'cooing_code_pkg' build argument 'catkin_skip_building_tests' from command line to 'False'
[1.433s] DEBUG:colcon.colcon_core.verb:Building package 'cooing_code_pkg' with the following arguments: {'ament_cmake_args': None, 'build_base': '/home/delewlew/assessments/coursework1/build/cooing_code_pkg', 'catkin_cmake_args': None, 'catkin_skip_building_tests': False, 'cmake_args': None, 'cmake_clean_cache': False, 'cmake_clean_first': False, 'cmake_force_configure': False, 'cmake_target': None, 'cmake_target_skip_unavailable': False, 'install_base': '/home/delewlew/assessments/coursework1/install/cooing_code_pkg', 'merge_install': False, 'path': '/home/delewlew/assessments/coursework1/src/cooing_code_pkg', 'symlink_install': False, 'test_result_base': None}
[1.434s] INFO:colcon.colcon_core.executor:Executing jobs using 'parallel' executor
[1.437s] DEBUG:colcon.colcon_parallel_executor.executor.parallel:run_until_complete
[1.437s] INFO:colcon.colcon_ros.task.ament_cmake.build:Building ROS package in '/home/delewlew/assessments/coursework1/src/cooing_code_interfaces' with build type 'ament_cmake'
[1.438s] INFO:colcon.colcon_cmake.task.cmake.build:Building CMake package in '/home/delewlew/assessments/coursework1/src/cooing_code_interfaces'
[1.446s] INFO:colcon.colcon_core.plugin_system:Skipping extension 'colcon_core.shell.bat': Not used on non-Windows systems
[1.447s] INFO:colcon.colcon_core.shell:Skip shell extension 'powershell' for command environment: Not usable outside of PowerShell
[1.447s] DEBUG:colcon.colcon_core.shell:Skip shell extension 'dsv' for command environment
[1.461s] INFO:colcon.colcon_ros.task.ament_python.build:Building ROS package in '/home/delewlew/assessments/coursework1/src/cooing_code_controller' with build type 'ament_python'
[1.461s] Level 1:colcon.colcon_core.shell:create_environment_hook('cooing_code_controller', 'ament_prefix_path')
[1.463s] INFO:colcon.colcon_core.shell:Creating environment hook '/home/delewlew/assessments/coursework1/install/cooing_code_controller/share/cooing_code_controller/hook/ament_prefix_path.ps1'
[1.466s] INFO:colcon.colcon_core.shell:Creating environment descriptor '/home/delewlew/assessments/coursework1/install/cooing_code_controller/share/cooing_code_controller/hook/ament_prefix_path.dsv'
[1.468s] INFO:colcon.colcon_core.shell:Creating environment hook '/home/delewlew/assessments/coursework1/install/cooing_code_controller/share/cooing_code_controller/hook/ament_prefix_path.sh'
[1.471s] INFO:colcon.colcon_core.shell:Skip shell extension 'powershell' for command environment: Not usable outside of PowerShell
[1.472s] DEBUG:colcon.colcon_core.shell:Skip shell extension 'dsv' for command environment
[1.502s] DEBUG:colcon.colcon_core.event_handler.log_command:Invoking command in '/home/delewlew/assessments/coursework1/build/cooing_code_interfaces': CMAKE_PREFIX_PATH=/home/delewlew/assessments/coursework2/install/coursework_support:/home/delewlew/assessments/coursework2/install/ada_lovelace_description:/opt/ros/humble /usr/bin/cmake --build /home/delewlew/assessments/coursework1/build/cooing_code_interfaces -- -j9 -l9
[2.270s] INFO:colcon.colcon_core.task.python.build:Building Python package in '/home/delewlew/assessments/coursework1/src/cooing_code_controller'
[2.275s] INFO:colcon.colcon_core.shell:Skip shell extension 'powershell' for command environment: Not usable outside of PowerShell
[2.275s] DEBUG:colcon.colcon_core.shell:Skip shell extension 'dsv' for command environment
[2.809s] DEBUG:colcon.colcon_core.event_handler.log_command:Invoked command in '/home/delewlew/assessments/coursework1/build/cooing_code_interfaces' returned '0': CMAKE_PREFIX_PATH=/home/delewlew/assessments/coursework2/install/coursework_support:/home/delewlew/assessments/coursework2/install/ada_lovelace_description:/opt/ros/humble /usr/bin/cmake --build /home/delewlew/assessments/coursework1/build/cooing_code_interfaces -- -j9 -l9
[3.223s] DEBUG:colcon.colcon_core.event_handler.log_command:Invoking command in '/home/delewlew/assessments/coursework1/build/cooing_code_interfaces': CMAKE_PREFIX_PATH=/home/delewlew/assessments/coursework2/install/coursework_support:/home/delewlew/assessments/coursework2/install/ada_lovelace_description:/opt/ros/humble /usr/bin/cmake --install /home/delewlew/assessments/coursework1/build/cooing_code_interfaces
[3.433s] DEBUG:colcon.colcon_core.event_handler.log_command:Invoking command in '/home/delewlew/assessments/coursework1/src/cooing_code_controller': PYTHONPATH=/home/delewlew/assessments/coursework1/build/cooing_code_controller/prefix_override:/usr/lib/python3/dist-packages/colcon_core/task/python/colcon_distutils_commands:/home/delewlew/assessments/coursework1/install/cooing_code_controller/lib/python3.10/site-packages:${PYTHONPATH} /usr/bin/python3 -W ignore:setup.py install is deprecated setup.py egg_info --egg-base ../../build/cooing_code_controller build --build-base /home/delewlew/assessments/coursework1/build/cooing_code_controller/build install --record /home/delewlew/assessments/coursework1/build/cooing_code_controller/install.log --single-version-externally-managed install_data
[3.509s] Level 1:colcon.colcon_core.environment:create_environment_scripts_only(cooing_code_interfaces)
[3.512s] DEBUG:colcon.colcon_core.event_handler.log_command:Invoked command in '/home/delewlew/assessments/coursework1/build/cooing_code_interfaces' returned '0': CMAKE_PREFIX_PATH=/home/delewlew/assessments/coursework2/install/coursework_support:/home/delewlew/assessments/coursework2/install/ada_lovelace_description:/opt/ros/humble /usr/bin/cmake --install /home/delewlew/assessments/coursework1/build/cooing_code_interfaces
[3.521s] Level 1:colcon.colcon_core.environment:checking '/home/delewlew/assessments/coursework1/install/cooing_code_interfaces' for CMake module files
[3.523s] Level 1:colcon.colcon_core.environment:checking '/home/delewlew/assessments/coursework1/install/cooing_code_interfaces' for CMake config files
[3.526s] Level 1:colcon.colcon_core.shell:create_environment_hook('cooing_code_interfaces', 'cmake_prefix_path')
[3.527s] INFO:colcon.colcon_core.shell:Creating environment hook '/home/delewlew/assessments/coursework1/install/cooing_code_interfaces/share/cooing_code_interfaces/hook/cmake_prefix_path.ps1'
[3.529s] INFO:colcon.colcon_core.shell:Creating environment descriptor '/home/delewlew/assessments/coursework1/install/cooing_code_interfaces/share/cooing_code_interfaces/hook/cmake_prefix_path.dsv'
[3.534s] INFO:colcon.colcon_core.shell:Creating environment hook '/home/delewlew/assessments/coursework1/install/cooing_code_interfaces/share/cooing_code_interfaces/hook/cmake_prefix_path.sh'
[3.537s] Level 1:colcon.colcon_core.environment:checking '/home/delewlew/assessments/coursework1/install/cooing_code_interfaces/lib'
[3.538s] Level 1:colcon.colcon_core.shell:create_environment_hook('cooing_code_interfaces', 'ld_library_path_lib')
[3.539s] INFO:colcon.colcon_core.shell:Creating environment hook '/home/delewlew/assessments/coursework1/install/cooing_code_interfaces/share/cooing_code_interfaces/hook/ld_library_path_lib.ps1'
[3.540s] INFO:colcon.colcon_core.shell:Creating environment descriptor '/home/delewlew/assessments/coursework1/install/cooing_code_interfaces/share/cooing_code_interfaces/hook/ld_library_path_lib.dsv'
[3.541s] INFO:colcon.colcon_core.shell:Creating environment hook '/home/delewlew/assessments/coursework1/install/cooing_code_interfaces/share/cooing_code_interfaces/hook/ld_library_path_lib.sh'
[3.543s] Level 1:colcon.colcon_core.environment:checking '/home/delewlew/assessments/coursework1/install/cooing_code_interfaces/bin'
[3.543s] Level 1:colcon.colcon_core.environment:checking '/home/delewlew/assessments/coursework1/install/cooing_code_interfaces/lib/pkgconfig/cooing_code_interfaces.pc'
[3.544s] Level 1:colcon.colcon_core.environment:checking '/home/delewlew/assessments/coursework1/install/cooing_code_interfaces/lib/python3.10/site-packages'
[3.545s] Level 1:colcon.colcon_core.environment:checking '/home/delewlew/assessments/coursework1/install/cooing_code_interfaces/bin'
[3.546s] INFO:colcon.colcon_core.shell:Creating package script '/home/delewlew/assessments/coursework1/install/cooing_code_interfaces/share/cooing_code_interfaces/package.ps1'
[3.549s] INFO:colcon.colcon_core.shell:Creating package descriptor '/home/delewlew/assessments/coursework1/install/cooing_code_interfaces/share/cooing_code_interfaces/package.dsv'
[3.551s] INFO:colcon.colcon_core.shell:Creating package script '/home/delewlew/assessments/coursework1/install/cooing_code_interfaces/share/cooing_code_interfaces/package.sh'
[3.554s] INFO:colcon.colcon_core.shell:Creating package script '/home/delewlew/assessments/coursework1/install/cooing_code_interfaces/share/cooing_code_interfaces/package.bash'
[3.557s] INFO:colcon.colcon_core.shell:Creating package script '/home/delewlew/assessments/coursework1/install/cooing_code_interfaces/share/cooing_code_interfaces/package.zsh'
[3.559s] Level 1:colcon.colcon_core.environment:create_file_with_runtime_dependencies(/home/delewlew/assessments/coursework1/install/cooing_code_interfaces/share/colcon-core/packages/cooing_code_interfaces)
[3.958s] Level 1:colcon.colcon_core.environment:create_environment_scripts_only(cooing_code_interfaces)
[3.959s] Level 1:colcon.colcon_core.environment:checking '/home/delewlew/assessments/coursework1/install/cooing_code_interfaces' for CMake module files
[3.962s] Level 1:colcon.colcon_core.environment:checking '/home/delewlew/assessments/coursework1/install/cooing_code_interfaces' for CMake config files
[3.965s] Level 1:colcon.colcon_core.shell:create_environment_hook('cooing_code_interfaces', 'cmake_prefix_path')
[3.966s] INFO:colcon.colcon_core.shell:Creating environment hook '/home/delewlew/assessments/coursework1/install/cooing_code_interfaces/share/cooing_code_interfaces/hook/cmake_prefix_path.ps1'
[3.968s] INFO:colcon.colcon_core.shell:Creating environment descriptor '/home/delewlew/assessments/coursework1/install/cooing_code_interfaces/share/cooing_code_interfaces/hook/cmake_prefix_path.dsv'
[3.969s] INFO:colcon.colcon_core.shell:Creating environment hook '/home/delewlew/assessments/coursework1/install/cooing_code_interfaces/share/cooing_code_interfaces/hook/cmake_prefix_path.sh'
[3.971s] Level 1:colcon.colcon_core.environment:checking '/home/delewlew/assessments/coursework1/install/cooing_code_interfaces/lib'
[3.971s] Level 1:colcon.colcon_core.shell:create_environment_hook('cooing_code_interfaces', 'ld_library_path_lib')
[3.972s] INFO:colcon.colcon_core.shell:Creating environment hook '/home/delewlew/assessments/coursework1/install/cooing_code_interfaces/share/cooing_code_interfaces/hook/ld_library_path_lib.ps1'
[3.973s] INFO:colcon.colcon_core.shell:Creating environment descriptor '/home/delewlew/assessments/coursework1/install/cooing_code_interfaces/share/cooing_code_interfaces/hook/ld_library_path_lib.dsv'
[3.975s] INFO:colcon.colcon_core.shell:Creating environment hook '/home/delewlew/assessments/coursework1/install/cooing_code_interfaces/share/cooing_code_interfaces/hook/ld_library_path_lib.sh'
[3.977s] Level 1:colcon.colcon_core.environment:checking '/home/delewlew/assessments/coursework1/install/cooing_code_interfaces/bin'
[3.977s] Level 1:colcon.colcon_core.environment:checking '/home/delewlew/assessments/coursework1/install/cooing_code_interfaces/lib/pkgconfig/cooing_code_interfaces.pc'
[3.978s] Level 1:colcon.colcon_core.environment:checking '/home/delewlew/assessments/coursework1/install/cooing_code_interfaces/lib/python3.10/site-packages'
[3.978s] Level 1:colcon.colcon_core.environment:checking '/home/delewlew/assessments/coursework1/install/cooing_code_interfaces/bin'
[3.980s] INFO:colcon.colcon_core.shell:Creating package script '/home/delewlew/assessments/coursework1/install/cooing_code_interfaces/share/cooing_code_interfaces/package.ps1'
[3.981s] INFO:colcon.colcon_core.shell:Creating package descriptor '/home/delewlew/assessments/coursework1/install/cooing_code_interfaces/share/cooing_code_interfaces/package.dsv'
[3.983s] INFO:colcon.colcon_core.shell:Creating package script '/home/delewlew/assessments/coursework1/install/cooing_code_interfaces/share/cooing_code_interfaces/package.sh'
[3.985s] INFO:colcon.colcon_core.shell:Creating package script '/home/delewlew/assessments/coursework1/install/cooing_code_interfaces/share/cooing_code_interfaces/package.bash'
[3.986s] INFO:colcon.colcon_core.shell:Creating package script '/home/delewlew/assessments/coursework1/install/cooing_code_interfaces/share/cooing_code_interfaces/package.zsh'
[3.988s] Level 1:colcon.colcon_core.environment:create_file_with_runtime_dependencies(/home/delewlew/assessments/coursework1/install/cooing_code_interfaces/share/colcon-core/packages/cooing_code_interfaces)
[3.993s] INFO:colcon.colcon_ros.task.ament_python.build:Building ROS package in '/home/delewlew/assessments/coursework1/src/cooing_code_pkg' with build type 'ament_python'
[3.993s] Level 1:colcon.colcon_core.shell:create_environment_hook('cooing_code_pkg', 'ament_prefix_path')
[3.994s] INFO:colcon.colcon_core.shell:Creating environment hook '/home/delewlew/assessments/coursework1/install/cooing_code_pkg/share/cooing_code_pkg/hook/ament_prefix_path.ps1'
[3.996s] INFO:colcon.colcon_core.shell:Creating environment descriptor '/home/delewlew/assessments/coursework1/install/cooing_code_pkg/share/cooing_code_pkg/hook/ament_prefix_path.dsv'
[3.997s] INFO:colcon.colcon_core.shell:Creating environment hook '/home/delewlew/assessments/coursework1/install/cooing_code_pkg/share/cooing_code_pkg/hook/ament_prefix_path.sh'
[3.999s] INFO:colcon.colcon_core.shell:Skip shell extension 'powershell' for command environment: Not usable outside of PowerShell
[3.999s] DEBUG:colcon.colcon_core.shell:Skip shell extension 'dsv' for command environment
[4.963s] INFO:colcon.colcon_core.task.python.build:Building Python package in '/home/delewlew/assessments/coursework1/src/cooing_code_pkg'
[4.965s] INFO:colcon.colcon_core.shell:Skip shell extension 'powershell' for command environment: Not usable outside of PowerShell
[4.965s] DEBUG:colcon.colcon_core.shell:Skip shell extension 'dsv' for command environment
[4.982s] Level 1:colcon.colcon_core.environment:checking '/home/delewlew/assessments/coursework1/install/cooing_code_controller' for CMake module files
[4.985s] Level 1:colcon.colcon_core.environment:checking '/home/delewlew/assessments/coursework1/install/cooing_code_controller' for CMake config files
[4.986s] DEBUG:colcon.colcon_core.event_handler.log_command:Invoked command in '/home/delewlew/assessments/coursework1/src/cooing_code_controller' returned '0': PYTHONPATH=/home/delewlew/assessments/coursework1/build/cooing_code_controller/prefix_override:/usr/lib/python3/dist-packages/colcon_core/task/python/colcon_distutils_commands:/home/delewlew/assessments/coursework1/install/cooing_code_controller/lib/python3.10/site-packages:${PYTHONPATH} /usr/bin/python3 -W ignore:setup.py install is deprecated setup.py egg_info --egg-base ../../build/cooing_code_controller build --build-base /home/delewlew/assessments/coursework1/build/cooing_code_controller/build install --record /home/delewlew/assessments/coursework1/build/cooing_code_controller/install.log --single-version-externally-managed install_data
[4.988s] Level 1:colcon.colcon_core.environment:checking '/home/delewlew/assessments/coursework1/install/cooing_code_controller/lib'
[4.988s] Level 1:colcon.colcon_core.environment:checking '/home/delewlew/assessments/coursework1/install/cooing_code_controller/bin'
[4.989s] Level 1:colcon.colcon_core.environment:checking '/home/delewlew/assessments/coursework1/install/cooing_code_controller/lib/pkgconfig/cooing_code_controller.pc'
[4.989s] Level 1:colcon.colcon_core.environment:checking '/home/delewlew/assessments/coursework1/install/cooing_code_controller/lib/python3.10/site-packages'
[4.990s] Level 1:colcon.colcon_core.shell:create_environment_hook('cooing_code_controller', 'pythonpath')
[4.991s] INFO:colcon.colcon_core.shell:Creating environment hook '/home/delewlew/assessments/coursework1/install/cooing_code_controller/share/cooing_code_controller/hook/pythonpath.ps1'
[4.992s] INFO:colcon.colcon_core.shell:Creating environment descriptor '/home/delewlew/assessments/coursework1/install/cooing_code_controller/share/cooing_code_controller/hook/pythonpath.dsv'
[4.994s] INFO:colcon.colcon_core.shell:Creating environment hook '/home/delewlew/assessments/coursework1/install/cooing_code_controller/share/cooing_code_controller/hook/pythonpath.sh'
[4.996s] Level 1:colcon.colcon_core.environment:checking '/home/delewlew/assessments/coursework1/install/cooing_code_controller/bin'
[4.997s] Level 1:colcon.colcon_core.environment:create_environment_scripts_only(cooing_code_controller)
[4.998s] INFO:colcon.colcon_core.shell:Creating package script '/home/delewlew/assessments/coursework1/install/cooing_code_controller/share/cooing_code_controller/package.ps1'
[5.000s] INFO:colcon.colcon_core.shell:Creating package descriptor '/home/delewlew/assessments/coursework1/install/cooing_code_controller/share/cooing_code_controller/package.dsv'
[5.002s] INFO:colcon.colcon_core.shell:Creating package script '/home/delewlew/assessments/coursework1/install/cooing_code_controller/share/cooing_code_controller/package.sh'
[5.004s] INFO:colcon.colcon_core.shell:Creating package script '/home/delewlew/assessments/coursework1/install/cooing_code_controller/share/cooing_code_controller/package.bash'
[5.005s] INFO:colcon.colcon_core.shell:Creating package script '/home/delewlew/assessments/coursework1/install/cooing_code_controller/share/cooing_code_controller/package.zsh'
[5.006s] Level 1:colcon.colcon_core.environment:create_file_with_runtime_dependencies(/home/delewlew/assessments/coursework1/install/cooing_code_controller/share/colcon-core/packages/cooing_code_controller)
[5.800s] DEBUG:colcon.colcon_core.event_handler.log_command:Invoking command in '/home/delewlew/assessments/coursework1/src/cooing_code_pkg': AMENT_PREFIX_PATH=/home/delewlew/assessments/coursework1/install/cooing_code_interfaces:${AMENT_PREFIX_PATH} CMAKE_PREFIX_PATH=/home/delewlew/assessments/coursework1/install/cooing_code_interfaces LD_LIBRARY_PATH=/home/delewlew/assessments/coursework1/install/cooing_code_interfaces/lib:${LD_LIBRARY_PATH} PYTHONPATH=/home/delewlew/assessments/coursework1/build/cooing_code_pkg/prefix_override:/usr/lib/python3/dist-packages/colcon_core/task/python/colcon_distutils_commands:/home/delewlew/assessments/coursework1/install/cooing_code_pkg/lib/python3.10/site-packages:/home/delewlew/assessments/coursework1/install/cooing_code_interfaces/local/lib/python3.10/dist-packages:${PYTHONPATH} /usr/bin/python3 -W ignore:setup.py install is deprecated setup.py egg_info --egg-base ../../build/cooing_code_pkg build --build-base /home/delewlew/assessments/coursework1/build/cooing_code_pkg/build install --record /home/delewlew/assessments/coursework1/build/cooing_code_pkg/install.log --single-version-externally-managed install_data
[6.914s] Level 1:colcon.colcon_core.environment:checking '/home/delewlew/assessments/coursework1/install/cooing_code_pkg' for CMake module files
[6.915s] Level 1:colcon.colcon_core.environment:checking '/home/delewlew/assessments/coursework1/install/cooing_code_pkg' for CMake config files
[6.918s] DEBUG:colcon.colcon_core.event_handler.log_command:Invoked command in '/home/delewlew/assessments/coursework1/src/cooing_code_pkg' returned '0': AMENT_PREFIX_PATH=/home/delewlew/assessments/coursework1/install/cooing_code_interfaces:${AMENT_PREFIX_PATH} CMAKE_PREFIX_PATH=/home/delewlew/assessments/coursework1/install/cooing_code_interfaces LD_LIBRARY_PATH=/home/delewlew/assessments/coursework1/install/cooing_code_interfaces/lib:${LD_LIBRARY_PATH} PYTHONPATH=/home/delewlew/assessments/coursework1/build/cooing_code_pkg/prefix_override:/usr/lib/python3/dist-packages/colcon_core/task/python/colcon_distutils_commands:/home/delewlew/assessments/coursework1/install/cooing_code_pkg/lib/python3.10/site-packages:/home/delewlew/assessments/coursework1/install/cooing_code_interfaces/local/lib/python3.10/dist-packages:${PYTHONPATH} /usr/bin/python3 -W ignore:setup.py install is deprecated setup.py egg_info --egg-base ../../build/cooing_code_pkg build --build-base /home/delewlew/assessments/coursework1/build/cooing_code_pkg/build install --record /home/delewlew/assessments/coursework1/build/cooing_code_pkg/install.log --single-version-externally-managed install_data
[6.918s] Level 1:colcon.colcon_core.environment:checking '/home/delewlew/assessments/coursework1/install/cooing_code_pkg/lib'
[6.919s] Level 1:colcon.colcon_core.environment:checking '/home/delewlew/assessments/coursework1/install/cooing_code_pkg/bin'
[6.919s] Level 1:colcon.colcon_core.environment:checking '/home/delewlew/assessments/coursework1/install/cooing_code_pkg/lib/pkgconfig/cooing_code_pkg.pc'
[6.920s] Level 1:colcon.colcon_core.environment:checking '/home/delewlew/assessments/coursework1/install/cooing_code_pkg/lib/python3.10/site-packages'
[6.920s] Level 1:colcon.colcon_core.shell:create_environment_hook('cooing_code_pkg', 'pythonpath')
[6.921s] INFO:colcon.colcon_core.shell:Creating environment hook '/home/delewlew/assessments/coursework1/install/cooing_code_pkg/share/cooing_code_pkg/hook/pythonpath.ps1'
[6.923s] INFO:colcon.colcon_core.shell:Creating environment descriptor '/home/delewlew/assessments/coursework1/install/cooing_code_pkg/share/cooing_code_pkg/hook/pythonpath.dsv'
[6.925s] INFO:colcon.colcon_core.shell:Creating environment hook '/home/delewlew/assessments/coursework1/install/cooing_code_pkg/share/cooing_code_pkg/hook/pythonpath.sh'
[6.928s] Level 1:colcon.colcon_core.environment:checking '/home/delewlew/assessments/coursework1/install/cooing_code_pkg/bin'
[6.928s] Level 1:colcon.colcon_core.environment:create_environment_scripts_only(cooing_code_pkg)
[6.930s] INFO:colcon.colcon_core.shell:Creating package script '/home/delewlew/assessments/coursework1/install/cooing_code_pkg/share/cooing_code_pkg/package.ps1'
[6.932s] INFO:colcon.colcon_core.shell:Creating package descriptor '/home/delewlew/assessments/coursework1/install/cooing_code_pkg/share/cooing_code_pkg/package.dsv'
[6.935s] INFO:colcon.colcon_core.shell:Creating package script '/home/delewlew/assessments/coursework1/install/cooing_code_pkg/share/cooing_code_pkg/package.sh'
[6.936s] INFO:colcon.colcon_core.shell:Creating package script '/home/delewlew/assessments/coursework1/install/cooing_code_pkg/share/cooing_code_pkg/package.bash'
[6.938s] INFO:colcon.colcon_core.shell:Creating package script '/home/delewlew/assessments/coursework1/install/cooing_code_pkg/share/cooing_code_pkg/package.zsh'
[6.939s] Level 1:colcon.colcon_core.environment:create_file_with_runtime_dependencies(/home/delewlew/assessments/coursework1/install/cooing_code_pkg/share/colcon-core/packages/cooing_code_pkg)
[6.941s] DEBUG:colcon.colcon_parallel_executor.executor.parallel:closing loop
[6.941s] DEBUG:colcon.colcon_parallel_executor.executor.parallel:loop closed
[6.941s] DEBUG:colcon.colcon_parallel_executor.executor.parallel:run_until_complete finished with '0'
[6.941s] DEBUG:colcon.colcon_core.event_reactor:joining thread
[6.963s] INFO:colcon.colcon_core.plugin_system:Skipping extension 'colcon_notification.desktop_notification.terminal_notifier': Not used on non-Darwin systems
[6.963s] INFO:colcon.colcon_core.plugin_system:Skipping extension 'colcon_notification.desktop_notification.win32': Not used on non-Windows systems
[6.964s] INFO:colcon.colcon_notification.desktop_notification:Sending desktop notification using 'notify2'
[7.004s] DEBUG:colcon.colcon_core.event_reactor:joined thread
[7.005s] INFO:colcon.colcon_core.shell:Creating prefix script '/home/delewlew/assessments/coursework1/install/local_setup.ps1'
[7.007s] INFO:colcon.colcon_core.shell:Creating prefix util module '/home/delewlew/assessments/coursework1/install/_local_setup_util_ps1.py'
[7.012s] INFO:colcon.colcon_core.shell:Creating prefix chain script '/home/delewlew/assessments/coursework1/install/setup.ps1'
[7.016s] INFO:colcon.colcon_core.shell:Creating prefix script '/home/delewlew/assessments/coursework1/install/local_setup.sh'
[7.018s] INFO:colcon.colcon_core.shell:Creating prefix util module '/home/delewlew/assessments/coursework1/install/_local_setup_util_sh.py'
[7.020s] INFO:colcon.colcon_core.shell:Creating prefix chain script '/home/delewlew/assessments/coursework1/install/setup.sh'
[7.023s] INFO:colcon.colcon_core.shell:Creating prefix script '/home/delewlew/assessments/coursework1/install/local_setup.bash'
[7.024s] INFO:colcon.colcon_core.shell:Creating prefix chain script '/home/delewlew/assessments/coursework1/install/setup.bash'
[7.027s] INFO:colcon.colcon_core.shell:Creating prefix script '/home/delewlew/assessments/coursework1/install/local_setup.zsh'
[7.029s] INFO:colcon.colcon_core.shell:Creating prefix chain script '/home/delewlew/assessments/coursework1/install/setup.zsh'
