[2.675s] Invoking command in '/home/delewlew/software_for_robotics_part2/src/navigation_demos': PYTHONPATH=/home/delewlew/software_for_robotics_part2/build/navigation_demos/prefix_override:/usr/lib/python3/dist-packages/colcon_core/task/python/colcon_distutils_commands:/home/delewlew/software_for_robotics_part2/install/navigation_demos/lib/python3.10/site-packages:${PYTHONPATH} /usr/bin/python3 -W ignore:setup.py install is deprecated setup.py egg_info --egg-base ../../build/navigation_demos build --build-base /home/delewlew/software_for_robotics_part2/build/navigation_demos/build install --record /home/delewlew/software_for_robotics_part2/build/navigation_demos/install.log --single-version-externally-managed install_data
[3.175s] running egg_info
[3.178s] writing ../../build/navigation_demos/navigation_demos.egg-info/PKG-INFO
[3.178s] writing dependency_links to ../../build/navigation_demos/navigation_demos.egg-info/dependency_links.txt
[3.179s] writing entry points to ../../build/navigation_demos/navigation_demos.egg-info/entry_points.txt
[3.179s] writing requirements to ../../build/navigation_demos/navigation_demos.egg-info/requires.txt
[3.179s] writing top-level names to ../../build/navigation_demos/navigation_demos.egg-info/top_level.txt
[3.180s] reading manifest file '../../build/navigation_demos/navigation_demos.egg-info/SOURCES.txt'
[3.181s] writing manifest file '../../build/navigation_demos/navigation_demos.egg-info/SOURCES.txt'
[3.181s] running build
[3.182s] running build_py
[3.183s] running install
[3.183s] running install_lib
[3.185s] running install_data
[3.185s] running install_egg_info
[3.187s] removing '/home/delewlew/software_for_robotics_part2/install/navigation_demos/lib/python3.10/site-packages/navigation_demos-0.0.0-py3.10.egg-info' (and everything under it)
[3.188s] Copying ../../build/navigation_demos/navigation_demos.egg-info to /home/delewlew/software_for_robotics_part2/install/navigation_demos/lib/python3.10/site-packages/navigation_demos-0.0.0-py3.10.egg-info
[3.188s] running install_scripts
[3.213s] writing list of installed files to '/home/delewlew/software_for_robotics_part2/build/navigation_demos/install.log'
[3.251s] Invoked command in '/home/delewlew/software_for_robotics_part2/src/navigation_demos' returned '0': PYTHONPATH=/home/delewlew/software_for_robotics_part2/build/navigation_demos/prefix_override:/usr/lib/python3/dist-packages/colcon_core/task/python/colcon_distutils_commands:/home/delewlew/software_for_robotics_part2/install/navigation_demos/lib/python3.10/site-packages:${PYTHONPATH} /usr/bin/python3 -W ignore:setup.py install is deprecated setup.py egg_info --egg-base ../../build/navigation_demos build --build-base /home/delewlew/software_for_robotics_part2/build/navigation_demos/build install --record /home/delewlew/software_for_robotics_part2/build/navigation_demos/install.log --single-version-externally-managed install_data
