[0.095s] DEBUG:colcon:Command line arguments: ['/usr/bin/colcon', 'build']
[0.095s] DEBUG:colcon:Parsed command line arguments: Namespace(log_base=None, log_level=None, verb_name='build', build_base='build', install_base='install', merge_install=False, symlink_install=False, test_result_base=None, continue_on_error=False, executor='parallel', parallel_workers=12, event_handlers=None, ignore_user_meta=False, metas=['./colcon.meta'], base_paths=['.'], packages_ignore=None, packages_ignore_regex=None, paths=None, packages_up_to=None, packages_up_to_regex=None, packages_above=None, packages_above_and_dependencies=None, packages_above_depth=None, packages_select_by_dep=None, packages_skip_by_dep=None, packages_skip_up_to=None, packages_select_build_failed=False, packages_skip_build_finished=False, packages_select_test_failures=False, packages_skip_test_passed=False, packages_select=None, packages_skip=None, packages_select_regex=None, packages_skip_regex=None, packages_start=None, packages_end=None, allow_overriding=[], cmake_args=None, cmake_target=None, cmake_target_skip_unavailable=False, cmake_clean_cache=False, cmake_clean_first=False, cmake_force_configure=False, ament_cmake_args=None, catkin_cmake_args=None, catkin_skip_building_tests=False, mixin_files=None, mixin=None, verb_parser=<colcon_mixin.mixin.mixin_argument.MixinArgumentDecorator object at 0x785978a4dc30>, verb_extension=<colcon_core.verb.build.BuildVerb object at 0x785978b5a350>, main=<bound method BuildVerb.main of <colcon_core.verb.build.BuildVerb object at 0x785978b5a350>>, mixin_verb=('build',))
[0.209s] Level 1:colcon.colcon_core.package_discovery:discover_packages(colcon_meta) check parameters
[0.209s] Level 1:colcon.colcon_core.package_discovery:discover_packages(recursive) check parameters
[0.209s] Level 1:colcon.colcon_core.package_discovery:discover_packages(ignore) check parameters
[0.209s] Level 1:colcon.colcon_core.package_discovery:discover_packages(path) check parameters
[0.209s] Level 1:colcon.colcon_core.package_discovery:discover_packages(colcon_meta) discover
[0.209s] Level 1:colcon.colcon_core.package_discovery:discover_packages(recursive) discover
[0.210s] INFO:colcon.colcon_core.package_discovery:Crawling recursively for packages in '/home/delewlew/assessments/week8/src'
[0.210s] Level 1:colcon.colcon_core.package_identification:_identify(.) by extensions ['ignore', 'ignore_ament_install']
[0.210s] Level 1:colcon.colcon_core.package_identification:_identify(.) by extension 'ignore'
[0.210s] Level 1:colcon.colcon_core.package_identification:_identify(.) by extension 'ignore_ament_install'
[0.210s] Level 1:colcon.colcon_core.package_identification:_identify(.) by extensions ['colcon_pkg']
[0.210s] Level 1:colcon.colcon_core.package_identification:_identify(.) by extension 'colcon_pkg'
[0.210s] Level 1:colcon.colcon_core.package_identification:_identify(.) by extensions ['colcon_meta']
[0.210s] Level 1:colcon.colcon_core.package_identification:_identify(.) by extension 'colcon_meta'
[0.210s] Level 1:colcon.colcon_core.package_identification:_identify(.) by extensions ['ros']
[0.210s] Level 1:colcon.colcon_core.package_identification:_identify(.) by extension 'ros'
[0.223s] Level 1:colcon.colcon_core.package_identification:_identify(.) by extensions ['cmake', 'python']
[0.224s] Level 1:colcon.colcon_core.package_identification:_identify(.) by extension 'cmake'
[0.224s] Level 1:colcon.colcon_core.package_identification:_identify(.) by extension 'python'
[0.224s] Level 1:colcon.colcon_core.package_identification:_identify(.) by extensions ['python_setup_py']
[0.224s] Level 1:colcon.colcon_core.package_identification:_identify(.) by extension 'python_setup_py'
[0.224s] Level 1:colcon.colcon_core.package_identification:_identify(CA8_package_incomplete) by extensions ['ignore', 'ignore_ament_install']
[0.224s] Level 1:colcon.colcon_core.package_identification:_identify(CA8_package_incomplete) by extension 'ignore'
[0.224s] Level 1:colcon.colcon_core.package_identification:_identify(CA8_package_incomplete) by extension 'ignore_ament_install'
[0.224s] Level 1:colcon.colcon_core.package_identification:_identify(CA8_package_incomplete) by extensions ['colcon_pkg']
[0.224s] Level 1:colcon.colcon_core.package_identification:_identify(CA8_package_incomplete) by extension 'colcon_pkg'
[0.224s] Level 1:colcon.colcon_core.package_identification:_identify(CA8_package_incomplete) by extensions ['colcon_meta']
[0.224s] Level 1:colcon.colcon_core.package_identification:_identify(CA8_package_incomplete) by extension 'colcon_meta'
[0.224s] Level 1:colcon.colcon_core.package_identification:_identify(CA8_package_incomplete) by extensions ['ros']
[0.224s] Level 1:colcon.colcon_core.package_identification:_identify(CA8_package_incomplete) by extension 'ros'
[0.226s] DEBUG:colcon.colcon_core.package_identification:Package 'CA8_package_incomplete' with type 'ros.ament_python' and name 'CA8_package_incomplete'
[0.226s] Level 1:colcon.colcon_core.package_identification:_identify(build) by extensions ['ignore', 'ignore_ament_install']
[0.226s] Level 1:colcon.colcon_core.package_identification:_identify(build) by extension 'ignore'
[0.226s] Level 1:colcon.colcon_core.package_identification:_identify(build) ignored
[0.226s] Level 1:colcon.colcon_core.package_identification:_identify(install) by extensions ['ignore', 'ignore_ament_install']
[0.226s] Level 1:colcon.colcon_core.package_identification:_identify(install) by extension 'ignore'
[0.226s] Level 1:colcon.colcon_core.package_identification:_identify(install) ignored
[0.226s] Level 1:colcon.colcon_core.package_identification:_identify(log) by extensions ['ignore', 'ignore_ament_install']
[0.227s] Level 1:colcon.colcon_core.package_identification:_identify(log) by extension 'ignore'
[0.227s] Level 1:colcon.colcon_core.package_identification:_identify(log) ignored
[0.227s] Level 1:colcon.colcon_core.package_discovery:discover_packages(recursive) using defaults
[0.227s] Level 1:colcon.colcon_core.package_discovery:discover_packages(ignore) discover
[0.227s] Level 1:colcon.colcon_core.package_discovery:discover_packages(ignore) using defaults
[0.227s] Level 1:colcon.colcon_core.package_discovery:discover_packages(path) discover
[0.227s] Level 1:colcon.colcon_core.package_discovery:discover_packages(path) using defaults
[0.254s] Level 1:colcon.colcon_core.package_discovery:discover_packages(prefix_path) check parameters
[0.254s] Level 1:colcon.colcon_core.package_discovery:discover_packages(prefix_path) discover
[0.256s] DEBUG:colcon.colcon_installed_package_information.package_discovery:Found 288 installed packages in /opt/ros/humble
[0.257s] Level 1:colcon.colcon_core.package_discovery:discover_packages(prefix_path) using defaults
[0.296s] Level 5:colcon.colcon_core.verb:set package 'CA8_package_incomplete' build argument 'cmake_args' from command line to 'None'
[0.296s] Level 5:colcon.colcon_core.verb:set package 'CA8_package_incomplete' build argument 'cmake_target' from command line to 'None'
[0.296s] Level 5:colcon.colcon_core.verb:set package 'CA8_package_incomplete' build argument 'cmake_target_skip_unavailable' from command line to 'False'
[0.296s] Level 5:colcon.colcon_core.verb:set package 'CA8_package_incomplete' build argument 'cmake_clean_cache' from command line to 'False'
[0.296s] Level 5:colcon.colcon_core.verb:set package 'CA8_package_incomplete' build argument 'cmake_clean_first' from command line to 'False'
[0.296s] Level 5:colcon.colcon_core.verb:set package 'CA8_package_incomplete' build argument 'cmake_force_configure' from command line to 'False'
[0.296s] Level 5:colcon.colcon_core.verb:set package 'CA8_package_incomplete' build argument 'ament_cmake_args' from command line to 'None'
[0.296s] Level 5:colcon.colcon_core.verb:set package 'CA8_package_incomplete' build argument 'catkin_cmake_args' from command line to 'None'
[0.296s] Level 5:colcon.colcon_core.verb:set package 'CA8_package_incomplete' build argument 'catkin_skip_building_tests' from command line to 'False'
[0.296s] DEBUG:colcon.colcon_core.verb:Building package 'CA8_package_incomplete' with the following arguments: {'ament_cmake_args': None, 'build_base': '/home/delewlew/assessments/week8/src/build/CA8_package_incomplete', 'catkin_cmake_args': None, 'catkin_skip_building_tests': False, 'cmake_args': None, 'cmake_clean_cache': False, 'cmake_clean_first': False, 'cmake_force_configure': False, 'cmake_target': None, 'cmake_target_skip_unavailable': False, 'install_base': '/home/delewlew/assessments/week8/src/install/CA8_package_incomplete', 'merge_install': False, 'path': '/home/delewlew/assessments/week8/src/CA8_package_incomplete', 'symlink_install': False, 'test_result_base': None}
[0.296s] INFO:colcon.colcon_core.executor:Executing jobs using 'parallel' executor
[0.298s] DEBUG:colcon.colcon_parallel_executor.executor.parallel:run_until_complete
[0.298s] INFO:colcon.colcon_ros.task.ament_python.build:Building ROS package in '/home/delewlew/assessments/week8/src/CA8_package_incomplete' with build type 'ament_python'
[0.298s] Level 1:colcon.colcon_core.shell:create_environment_hook('CA8_package_incomplete', 'ament_prefix_path')
[0.300s] INFO:colcon.colcon_core.plugin_system:Skipping extension 'colcon_core.shell.bat': Not used on non-Windows systems
[0.301s] INFO:colcon.colcon_core.shell:Creating environment hook '/home/delewlew/assessments/week8/src/install/CA8_package_incomplete/share/CA8_package_incomplete/hook/ament_prefix_path.ps1'
[0.301s] INFO:colcon.colcon_core.shell:Creating environment descriptor '/home/delewlew/assessments/week8/src/install/CA8_package_incomplete/share/CA8_package_incomplete/hook/ament_prefix_path.dsv'
[0.302s] INFO:colcon.colcon_core.shell:Creating environment hook '/home/delewlew/assessments/week8/src/install/CA8_package_incomplete/share/CA8_package_incomplete/hook/ament_prefix_path.sh'
[0.303s] INFO:colcon.colcon_core.shell:Skip shell extension 'powershell' for command environment: Not usable outside of PowerShell
[0.303s] DEBUG:colcon.colcon_core.shell:Skip shell extension 'dsv' for command environment
[0.533s] INFO:colcon.colcon_core.task.python.build:Building Python package in '/home/delewlew/assessments/week8/src/CA8_package_incomplete'
[0.533s] INFO:colcon.colcon_core.shell:Skip shell extension 'powershell' for command environment: Not usable outside of PowerShell
[0.533s] DEBUG:colcon.colcon_core.shell:Skip shell extension 'dsv' for command environment
[0.811s] DEBUG:colcon.colcon_core.event_handler.log_command:Invoking command in '/home/delewlew/assessments/week8/src/CA8_package_incomplete': PYTHONPATH=/home/delewlew/assessments/week8/src/build/CA8_package_incomplete/prefix_override:/usr/lib/python3/dist-packages/colcon_core/task/python/colcon_distutils_commands:/home/delewlew/assessments/week8/src/install/CA8_package_incomplete/lib/python3.10/site-packages:${PYTHONPATH} /usr/bin/python3 -W ignore:setup.py install is deprecated setup.py egg_info --egg-base ../build/CA8_package_incomplete build --build-base /home/delewlew/assessments/week8/src/build/CA8_package_incomplete/build install --record /home/delewlew/assessments/week8/src/build/CA8_package_incomplete/install.log --single-version-externally-managed install_data
[1.057s] DEBUG:colcon.colcon_core.event_handler.log_command:Invoked command in '/home/delewlew/assessments/week8/src/CA8_package_incomplete' returned '0': PYTHONPATH=/home/delewlew/assessments/week8/src/build/CA8_package_incomplete/prefix_override:/usr/lib/python3/dist-packages/colcon_core/task/python/colcon_distutils_commands:/home/delewlew/assessments/week8/src/install/CA8_package_incomplete/lib/python3.10/site-packages:${PYTHONPATH} /usr/bin/python3 -W ignore:setup.py install is deprecated setup.py egg_info --egg-base ../build/CA8_package_incomplete build --build-base /home/delewlew/assessments/week8/src/build/CA8_package_incomplete/build install --record /home/delewlew/assessments/week8/src/build/CA8_package_incomplete/install.log --single-version-externally-managed install_data
[1.060s] Level 1:colcon.colcon_core.environment:checking '/home/delewlew/assessments/week8/src/install/CA8_package_incomplete' for CMake module files
[1.061s] Level 1:colcon.colcon_core.environment:checking '/home/delewlew/assessments/week8/src/install/CA8_package_incomplete' for CMake config files
[1.063s] Level 1:colcon.colcon_core.environment:checking '/home/delewlew/assessments/week8/src/install/CA8_package_incomplete/lib'
[1.063s] Level 1:colcon.colcon_core.environment:checking '/home/delewlew/assessments/week8/src/install/CA8_package_incomplete/bin'
[1.063s] Level 1:colcon.colcon_core.environment:checking '/home/delewlew/assessments/week8/src/install/CA8_package_incomplete/lib/pkgconfig/CA8_package_incomplete.pc'
[1.063s] Level 1:colcon.colcon_core.environment:checking '/home/delewlew/assessments/week8/src/install/CA8_package_incomplete/lib/python3.10/site-packages'
[1.063s] Level 1:colcon.colcon_core.shell:create_environment_hook('CA8_package_incomplete', 'pythonpath')
[1.063s] INFO:colcon.colcon_core.shell:Creating environment hook '/home/delewlew/assessments/week8/src/install/CA8_package_incomplete/share/CA8_package_incomplete/hook/pythonpath.ps1'
[1.064s] INFO:colcon.colcon_core.shell:Creating environment descriptor '/home/delewlew/assessments/week8/src/install/CA8_package_incomplete/share/CA8_package_incomplete/hook/pythonpath.dsv'
[1.064s] INFO:colcon.colcon_core.shell:Creating environment hook '/home/delewlew/assessments/week8/src/install/CA8_package_incomplete/share/CA8_package_incomplete/hook/pythonpath.sh'
[1.065s] Level 1:colcon.colcon_core.environment:checking '/home/delewlew/assessments/week8/src/install/CA8_package_incomplete/bin'
[1.065s] Level 1:colcon.colcon_core.environment:create_environment_scripts_only(CA8_package_incomplete)
[1.066s] INFO:colcon.colcon_core.shell:Creating package script '/home/delewlew/assessments/week8/src/install/CA8_package_incomplete/share/CA8_package_incomplete/package.ps1'
[1.067s] INFO:colcon.colcon_core.shell:Creating package descriptor '/home/delewlew/assessments/week8/src/install/CA8_package_incomplete/share/CA8_package_incomplete/package.dsv'
[1.069s] INFO:colcon.colcon_core.shell:Creating package script '/home/delewlew/assessments/week8/src/install/CA8_package_incomplete/share/CA8_package_incomplete/package.sh'
[1.069s] INFO:colcon.colcon_core.shell:Creating package script '/home/delewlew/assessments/week8/src/install/CA8_package_incomplete/share/CA8_package_incomplete/package.bash'
[1.070s] INFO:colcon.colcon_core.shell:Creating package script '/home/delewlew/assessments/week8/src/install/CA8_package_incomplete/share/CA8_package_incomplete/package.zsh'
[1.071s] Level 1:colcon.colcon_core.environment:create_file_with_runtime_dependencies(/home/delewlew/assessments/week8/src/install/CA8_package_incomplete/share/colcon-core/packages/CA8_package_incomplete)
[1.071s] DEBUG:colcon.colcon_parallel_executor.executor.parallel:closing loop
[1.072s] DEBUG:colcon.colcon_parallel_executor.executor.parallel:loop closed
[1.072s] DEBUG:colcon.colcon_parallel_executor.executor.parallel:run_until_complete finished with '0'
[1.072s] DEBUG:colcon.colcon_core.event_reactor:joining thread
[1.078s] INFO:colcon.colcon_core.plugin_system:Skipping extension 'colcon_notification.desktop_notification.terminal_notifier': Not used on non-Darwin systems
[1.078s] INFO:colcon.colcon_core.plugin_system:Skipping extension 'colcon_notification.desktop_notification.win32': Not used on non-Windows systems
[1.079s] INFO:colcon.colcon_notification.desktop_notification:Sending desktop notification using 'notify2'
[1.100s] DEBUG:colcon.colcon_core.event_reactor:joined thread
[1.101s] INFO:colcon.colcon_core.shell:Creating prefix script '/home/delewlew/assessments/week8/src/install/local_setup.ps1'
[1.103s] INFO:colcon.colcon_core.shell:Creating prefix util module '/home/delewlew/assessments/week8/src/install/_local_setup_util_ps1.py'
[1.104s] INFO:colcon.colcon_core.shell:Creating prefix chain script '/home/delewlew/assessments/week8/src/install/setup.ps1'
[1.105s] INFO:colcon.colcon_core.shell:Creating prefix script '/home/delewlew/assessments/week8/src/install/local_setup.sh'
[1.106s] INFO:colcon.colcon_core.shell:Creating prefix util module '/home/delewlew/assessments/week8/src/install/_local_setup_util_sh.py'
[1.106s] INFO:colcon.colcon_core.shell:Creating prefix chain script '/home/delewlew/assessments/week8/src/install/setup.sh'
[1.107s] INFO:colcon.colcon_core.shell:Creating prefix script '/home/delewlew/assessments/week8/src/install/local_setup.bash'
[1.108s] INFO:colcon.colcon_core.shell:Creating prefix chain script '/home/delewlew/assessments/week8/src/install/setup.bash'
[1.109s] INFO:colcon.colcon_core.shell:Creating prefix script '/home/delewlew/assessments/week8/src/install/local_setup.zsh'
[1.109s] INFO:colcon.colcon_core.shell:Creating prefix chain script '/home/delewlew/assessments/week8/src/install/setup.zsh'
