[0.077s] DEBUG:colcon:Command line arguments: ['/usr/bin/colcon', 'build']
[0.077s] DEBUG:colcon:Parsed command line arguments: Namespace(log_base=None, log_level=None, verb_name='build', build_base='build', install_base='install', merge_install=False, symlink_install=False, test_result_base=None, continue_on_error=False, executor='parallel', parallel_workers=12, event_handlers=None, ignore_user_meta=False, metas=['./colcon.meta'], base_paths=['.'], packages_ignore=None, packages_ignore_regex=None, paths=None, packages_up_to=None, packages_up_to_regex=None, packages_above=None, packages_above_and_dependencies=None, packages_above_depth=None, packages_select_by_dep=None, packages_skip_by_dep=None, packages_skip_up_to=None, packages_select_build_failed=False, packages_skip_build_finished=False, packages_select_test_failures=False, packages_skip_test_passed=False, packages_select=None, packages_skip=None, packages_select_regex=None, packages_skip_regex=None, packages_start=None, packages_end=None, allow_overriding=[], cmake_args=None, cmake_target=None, cmake_target_skip_unavailable=False, cmake_clean_cache=False, cmake_clean_first=False, cmake_force_configure=False, ament_cmake_args=None, catkin_cmake_args=None, catkin_skip_building_tests=False, mixin_files=None, mixin=None, verb_parser=<colcon_mixin.mixin.mixin_argument.MixinArgumentDecorator object at 0x7005bd34da20>, verb_extension=<colcon_core.verb.build.BuildVerb object at 0x7005bd45e140>, main=<bound method BuildVerb.main of <colcon_core.verb.build.BuildVerb object at 0x7005bd45e140>>, mixin_verb=('build',))
[0.177s] Level 1:colcon.colcon_core.package_discovery:discover_packages(colcon_meta) check parameters
[0.177s] Level 1:colcon.colcon_core.package_discovery:discover_packages(recursive) check parameters
[0.177s] Level 1:colcon.colcon_core.package_discovery:discover_packages(ignore) check parameters
[0.177s] Level 1:colcon.colcon_core.package_discovery:discover_packages(path) check parameters
[0.178s] Level 1:colcon.colcon_core.package_discovery:discover_packages(colcon_meta) discover
[0.178s] Level 1:colcon.colcon_core.package_discovery:discover_packages(recursive) discover
[0.178s] INFO:colcon.colcon_core.package_discovery:Crawling recursively for packages in '/home/delewlew/ros2_tutorial_workspace_2/src'
[0.178s] Level 1:colcon.colcon_core.package_identification:_identify(.) by extensions ['ignore', 'ignore_ament_install']
[0.178s] Level 1:colcon.colcon_core.package_identification:_identify(.) by extension 'ignore'
[0.178s] Level 1:colcon.colcon_core.package_identification:_identify(.) by extension 'ignore_ament_install'
[0.178s] Level 1:colcon.colcon_core.package_identification:_identify(.) by extensions ['colcon_pkg']
[0.178s] Level 1:colcon.colcon_core.package_identification:_identify(.) by extension 'colcon_pkg'
[0.178s] Level 1:colcon.colcon_core.package_identification:_identify(.) by extensions ['colcon_meta']
[0.178s] Level 1:colcon.colcon_core.package_identification:_identify(.) by extension 'colcon_meta'
[0.178s] Level 1:colcon.colcon_core.package_identification:_identify(.) by extensions ['ros']
[0.178s] Level 1:colcon.colcon_core.package_identification:_identify(.) by extension 'ros'
[0.186s] Level 1:colcon.colcon_core.package_identification:_identify(.) by extensions ['cmake', 'python']
[0.186s] Level 1:colcon.colcon_core.package_identification:_identify(.) by extension 'cmake'
[0.186s] Level 1:colcon.colcon_core.package_identification:_identify(.) by extension 'python'
[0.186s] Level 1:colcon.colcon_core.package_identification:_identify(.) by extensions ['python_setup_py']
[0.186s] Level 1:colcon.colcon_core.package_identification:_identify(.) by extension 'python_setup_py'
[0.186s] Level 1:colcon.colcon_core.package_identification:_identify(build) by extensions ['ignore', 'ignore_ament_install']
[0.186s] Level 1:colcon.colcon_core.package_identification:_identify(build) by extension 'ignore'
[0.186s] Level 1:colcon.colcon_core.package_identification:_identify(build) ignored
[0.187s] Level 1:colcon.colcon_core.package_identification:_identify(install) by extensions ['ignore', 'ignore_ament_install']
[0.187s] Level 1:colcon.colcon_core.package_identification:_identify(install) by extension 'ignore'
[0.187s] Level 1:colcon.colcon_core.package_identification:_identify(install) ignored
[0.187s] Level 1:colcon.colcon_core.package_identification:_identify(log) by extensions ['ignore', 'ignore_ament_install']
[0.187s] Level 1:colcon.colcon_core.package_identification:_identify(log) by extension 'ignore'
[0.187s] Level 1:colcon.colcon_core.package_identification:_identify(log) ignored
[0.187s] Level 1:colcon.colcon_core.package_identification:_identify(package_with_interfaces) by extensions ['ignore', 'ignore_ament_install']
[0.187s] Level 1:colcon.colcon_core.package_identification:_identify(package_with_interfaces) by extension 'ignore'
[0.187s] Level 1:colcon.colcon_core.package_identification:_identify(package_with_interfaces) by extension 'ignore_ament_install'
[0.187s] Level 1:colcon.colcon_core.package_identification:_identify(package_with_interfaces) by extensions ['colcon_pkg']
[0.187s] Level 1:colcon.colcon_core.package_identification:_identify(package_with_interfaces) by extension 'colcon_pkg'
[0.187s] Level 1:colcon.colcon_core.package_identification:_identify(package_with_interfaces) by extensions ['colcon_meta']
[0.187s] Level 1:colcon.colcon_core.package_identification:_identify(package_with_interfaces) by extension 'colcon_meta'
[0.187s] Level 1:colcon.colcon_core.package_identification:_identify(package_with_interfaces) by extensions ['ros']
[0.187s] Level 1:colcon.colcon_core.package_identification:_identify(package_with_interfaces) by extension 'ros'
[0.189s] DEBUG:colcon.colcon_core.package_identification:Package 'package_with_interfaces' with type 'ros.ament_cmake' and name 'package_with_interfaces'
[0.189s] Level 1:colcon.colcon_core.package_identification:_identify(python_package_that_uses_the_library) by extensions ['ignore', 'ignore_ament_install']
[0.189s] Level 1:colcon.colcon_core.package_identification:_identify(python_package_that_uses_the_library) by extension 'ignore'
[0.189s] Level 1:colcon.colcon_core.package_identification:_identify(python_package_that_uses_the_library) by extension 'ignore_ament_install'
[0.189s] Level 1:colcon.colcon_core.package_identification:_identify(python_package_that_uses_the_library) by extensions ['colcon_pkg']
[0.189s] Level 1:colcon.colcon_core.package_identification:_identify(python_package_that_uses_the_library) by extension 'colcon_pkg'
[0.189s] Level 1:colcon.colcon_core.package_identification:_identify(python_package_that_uses_the_library) by extensions ['colcon_meta']
[0.189s] Level 1:colcon.colcon_core.package_identification:_identify(python_package_that_uses_the_library) by extension 'colcon_meta'
[0.189s] Level 1:colcon.colcon_core.package_identification:_identify(python_package_that_uses_the_library) by extensions ['ros']
[0.189s] Level 1:colcon.colcon_core.package_identification:_identify(python_package_that_uses_the_library) by extension 'ros'
[0.190s] DEBUG:colcon.colcon_core.package_identification:Package 'python_package_that_uses_the_library' with type 'ros.ament_python' and name 'python_package_that_uses_the_library'
[0.190s] Level 1:colcon.colcon_core.package_identification:_identify(python_package_that_uses_the_messages) by extensions ['ignore', 'ignore_ament_install']
[0.190s] Level 1:colcon.colcon_core.package_identification:_identify(python_package_that_uses_the_messages) by extension 'ignore'
[0.190s] Level 1:colcon.colcon_core.package_identification:_identify(python_package_that_uses_the_messages) by extension 'ignore_ament_install'
[0.190s] Level 1:colcon.colcon_core.package_identification:_identify(python_package_that_uses_the_messages) by extensions ['colcon_pkg']
[0.190s] Level 1:colcon.colcon_core.package_identification:_identify(python_package_that_uses_the_messages) by extension 'colcon_pkg'
[0.190s] Level 1:colcon.colcon_core.package_identification:_identify(python_package_that_uses_the_messages) by extensions ['colcon_meta']
[0.190s] Level 1:colcon.colcon_core.package_identification:_identify(python_package_that_uses_the_messages) by extension 'colcon_meta'
[0.190s] Level 1:colcon.colcon_core.package_identification:_identify(python_package_that_uses_the_messages) by extensions ['ros']
[0.190s] Level 1:colcon.colcon_core.package_identification:_identify(python_package_that_uses_the_messages) by extension 'ros'
[0.191s] DEBUG:colcon.colcon_core.package_identification:Package 'python_package_that_uses_the_messages' with type 'ros.ament_python' and name 'python_package_that_uses_the_messages'
[0.191s] Level 1:colcon.colcon_core.package_identification:_identify(python_package_with_a_library) by extensions ['ignore', 'ignore_ament_install']
[0.191s] Level 1:colcon.colcon_core.package_identification:_identify(python_package_with_a_library) by extension 'ignore'
[0.191s] Level 1:colcon.colcon_core.package_identification:_identify(python_package_with_a_library) by extension 'ignore_ament_install'
[0.191s] Level 1:colcon.colcon_core.package_identification:_identify(python_package_with_a_library) by extensions ['colcon_pkg']
[0.191s] Level 1:colcon.colcon_core.package_identification:_identify(python_package_with_a_library) by extension 'colcon_pkg'
[0.191s] Level 1:colcon.colcon_core.package_identification:_identify(python_package_with_a_library) by extensions ['colcon_meta']
[0.191s] Level 1:colcon.colcon_core.package_identification:_identify(python_package_with_a_library) by extension 'colcon_meta'
[0.191s] Level 1:colcon.colcon_core.package_identification:_identify(python_package_with_a_library) by extensions ['ros']
[0.191s] Level 1:colcon.colcon_core.package_identification:_identify(python_package_with_a_library) by extension 'ros'
[0.191s] DEBUG:colcon.colcon_core.package_identification:Package 'python_package_with_a_library' with type 'ros.ament_python' and name 'python_package_with_a_library'
[0.191s] Level 1:colcon.colcon_core.package_identification:_identify(python_package_with_a_node) by extensions ['ignore', 'ignore_ament_install']
[0.191s] Level 1:colcon.colcon_core.package_identification:_identify(python_package_with_a_node) by extension 'ignore'
[0.191s] Level 1:colcon.colcon_core.package_identification:_identify(python_package_with_a_node) by extension 'ignore_ament_install'
[0.191s] Level 1:colcon.colcon_core.package_identification:_identify(python_package_with_a_node) by extensions ['colcon_pkg']
[0.191s] Level 1:colcon.colcon_core.package_identification:_identify(python_package_with_a_node) by extension 'colcon_pkg'
[0.191s] Level 1:colcon.colcon_core.package_identification:_identify(python_package_with_a_node) by extensions ['colcon_meta']
[0.191s] Level 1:colcon.colcon_core.package_identification:_identify(python_package_with_a_node) by extension 'colcon_meta'
[0.192s] Level 1:colcon.colcon_core.package_identification:_identify(python_package_with_a_node) by extensions ['ros']
[0.192s] Level 1:colcon.colcon_core.package_identification:_identify(python_package_with_a_node) by extension 'ros'
[0.192s] DEBUG:colcon.colcon_core.package_identification:Package 'python_package_with_a_node' with type 'ros.ament_python' and name 'python_package_with_a_node'
[0.192s] Level 1:colcon.colcon_core.package_identification:_identify(the_simplest_python_package) by extensions ['ignore', 'ignore_ament_install']
[0.192s] Level 1:colcon.colcon_core.package_identification:_identify(the_simplest_python_package) by extension 'ignore'
[0.192s] Level 1:colcon.colcon_core.package_identification:_identify(the_simplest_python_package) by extension 'ignore_ament_install'
[0.192s] Level 1:colcon.colcon_core.package_identification:_identify(the_simplest_python_package) by extensions ['colcon_pkg']
[0.192s] Level 1:colcon.colcon_core.package_identification:_identify(the_simplest_python_package) by extension 'colcon_pkg'
[0.192s] Level 1:colcon.colcon_core.package_identification:_identify(the_simplest_python_package) by extensions ['colcon_meta']
[0.192s] Level 1:colcon.colcon_core.package_identification:_identify(the_simplest_python_package) by extension 'colcon_meta'
[0.192s] Level 1:colcon.colcon_core.package_identification:_identify(the_simplest_python_package) by extensions ['ros']
[0.192s] Level 1:colcon.colcon_core.package_identification:_identify(the_simplest_python_package) by extension 'ros'
[0.193s] DEBUG:colcon.colcon_core.package_identification:Package 'the_simplest_python_package' with type 'ros.ament_python' and name 'the_simplest_python_package'
[0.193s] Level 1:colcon.colcon_core.package_discovery:discover_packages(recursive) using defaults
[0.193s] Level 1:colcon.colcon_core.package_discovery:discover_packages(ignore) discover
[0.193s] Level 1:colcon.colcon_core.package_discovery:discover_packages(ignore) using defaults
[0.193s] Level 1:colcon.colcon_core.package_discovery:discover_packages(path) discover
[0.193s] Level 1:colcon.colcon_core.package_discovery:discover_packages(path) using defaults
[0.215s] Level 1:colcon.colcon_core.package_discovery:discover_packages(prefix_path) check parameters
[0.215s] Level 1:colcon.colcon_core.package_discovery:discover_packages(prefix_path) discover
[0.217s] DEBUG:colcon.colcon_installed_package_information.package_discovery:Found 270 installed packages in /opt/ros/humble
[0.218s] Level 1:colcon.colcon_core.package_discovery:discover_packages(prefix_path) using defaults
[0.240s] Level 5:colcon.colcon_core.verb:set package 'package_with_interfaces' build argument 'cmake_args' from command line to 'None'
[0.240s] Level 5:colcon.colcon_core.verb:set package 'package_with_interfaces' build argument 'cmake_target' from command line to 'None'
[0.240s] Level 5:colcon.colcon_core.verb:set package 'package_with_interfaces' build argument 'cmake_target_skip_unavailable' from command line to 'False'
[0.240s] Level 5:colcon.colcon_core.verb:set package 'package_with_interfaces' build argument 'cmake_clean_cache' from command line to 'False'
[0.240s] Level 5:colcon.colcon_core.verb:set package 'package_with_interfaces' build argument 'cmake_clean_first' from command line to 'False'
[0.240s] Level 5:colcon.colcon_core.verb:set package 'package_with_interfaces' build argument 'cmake_force_configure' from command line to 'False'
[0.240s] Level 5:colcon.colcon_core.verb:set package 'package_with_interfaces' build argument 'ament_cmake_args' from command line to 'None'
[0.241s] Level 5:colcon.colcon_core.verb:set package 'package_with_interfaces' build argument 'catkin_cmake_args' from command line to 'None'
[0.241s] Level 5:colcon.colcon_core.verb:set package 'package_with_interfaces' build argument 'catkin_skip_building_tests' from command line to 'False'
[0.241s] DEBUG:colcon.colcon_core.verb:Building package 'package_with_interfaces' with the following arguments: {'ament_cmake_args': None, 'build_base': '/home/delewlew/ros2_tutorial_workspace_2/src/build/package_with_interfaces', 'catkin_cmake_args': None, 'catkin_skip_building_tests': False, 'cmake_args': None, 'cmake_clean_cache': False, 'cmake_clean_first': False, 'cmake_force_configure': False, 'cmake_target': None, 'cmake_target_skip_unavailable': False, 'install_base': '/home/delewlew/ros2_tutorial_workspace_2/src/install/package_with_interfaces', 'merge_install': False, 'path': '/home/delewlew/ros2_tutorial_workspace_2/src/package_with_interfaces', 'symlink_install': False, 'test_result_base': None}
[0.241s] Level 5:colcon.colcon_core.verb:set package 'python_package_that_uses_the_messages' build argument 'cmake_args' from command line to 'None'
[0.241s] Level 5:colcon.colcon_core.verb:set package 'python_package_that_uses_the_messages' build argument 'cmake_target' from command line to 'None'
[0.241s] Level 5:colcon.colcon_core.verb:set package 'python_package_that_uses_the_messages' build argument 'cmake_target_skip_unavailable' from command line to 'False'
[0.241s] Level 5:colcon.colcon_core.verb:set package 'python_package_that_uses_the_messages' build argument 'cmake_clean_cache' from command line to 'False'
[0.241s] Level 5:colcon.colcon_core.verb:set package 'python_package_that_uses_the_messages' build argument 'cmake_clean_first' from command line to 'False'
[0.241s] Level 5:colcon.colcon_core.verb:set package 'python_package_that_uses_the_messages' build argument 'cmake_force_configure' from command line to 'False'
[0.241s] Level 5:colcon.colcon_core.verb:set package 'python_package_that_uses_the_messages' build argument 'ament_cmake_args' from command line to 'None'
[0.241s] Level 5:colcon.colcon_core.verb:set package 'python_package_that_uses_the_messages' build argument 'catkin_cmake_args' from command line to 'None'
[0.241s] Level 5:colcon.colcon_core.verb:set package 'python_package_that_uses_the_messages' build argument 'catkin_skip_building_tests' from command line to 'False'
[0.241s] DEBUG:colcon.colcon_core.verb:Building package 'python_package_that_uses_the_messages' with the following arguments: {'ament_cmake_args': None, 'build_base': '/home/delewlew/ros2_tutorial_workspace_2/src/build/python_package_that_uses_the_messages', 'catkin_cmake_args': None, 'catkin_skip_building_tests': False, 'cmake_args': None, 'cmake_clean_cache': False, 'cmake_clean_first': False, 'cmake_force_configure': False, 'cmake_target': None, 'cmake_target_skip_unavailable': False, 'install_base': '/home/delewlew/ros2_tutorial_workspace_2/src/install/python_package_that_uses_the_messages', 'merge_install': False, 'path': '/home/delewlew/ros2_tutorial_workspace_2/src/python_package_that_uses_the_messages', 'symlink_install': False, 'test_result_base': None}
[0.241s] Level 5:colcon.colcon_core.verb:set package 'python_package_with_a_library' build argument 'cmake_args' from command line to 'None'
[0.241s] Level 5:colcon.colcon_core.verb:set package 'python_package_with_a_library' build argument 'cmake_target' from command line to 'None'
[0.241s] Level 5:colcon.colcon_core.verb:set package 'python_package_with_a_library' build argument 'cmake_target_skip_unavailable' from command line to 'False'
[0.241s] Level 5:colcon.colcon_core.verb:set package 'python_package_with_a_library' build argument 'cmake_clean_cache' from command line to 'False'
[0.241s] Level 5:colcon.colcon_core.verb:set package 'python_package_with_a_library' build argument 'cmake_clean_first' from command line to 'False'
[0.241s] Level 5:colcon.colcon_core.verb:set package 'python_package_with_a_library' build argument 'cmake_force_configure' from command line to 'False'
[0.241s] Level 5:colcon.colcon_core.verb:set package 'python_package_with_a_library' build argument 'ament_cmake_args' from command line to 'None'
[0.241s] Level 5:colcon.colcon_core.verb:set package 'python_package_with_a_library' build argument 'catkin_cmake_args' from command line to 'None'
[0.241s] Level 5:colcon.colcon_core.verb:set package 'python_package_with_a_library' build argument 'catkin_skip_building_tests' from command line to 'False'
[0.241s] DEBUG:colcon.colcon_core.verb:Building package 'python_package_with_a_library' with the following arguments: {'ament_cmake_args': None, 'build_base': '/home/delewlew/ros2_tutorial_workspace_2/src/build/python_package_with_a_library', 'catkin_cmake_args': None, 'catkin_skip_building_tests': False, 'cmake_args': None, 'cmake_clean_cache': False, 'cmake_clean_first': False, 'cmake_force_configure': False, 'cmake_target': None, 'cmake_target_skip_unavailable': False, 'install_base': '/home/delewlew/ros2_tutorial_workspace_2/src/install/python_package_with_a_library', 'merge_install': False, 'path': '/home/delewlew/ros2_tutorial_workspace_2/src/python_package_with_a_library', 'symlink_install': False, 'test_result_base': None}
[0.242s] Level 5:colcon.colcon_core.verb:set package 'python_package_with_a_node' build argument 'cmake_args' from command line to 'None'
[0.242s] Level 5:colcon.colcon_core.verb:set package 'python_package_with_a_node' build argument 'cmake_target' from command line to 'None'
[0.242s] Level 5:colcon.colcon_core.verb:set package 'python_package_with_a_node' build argument 'cmake_target_skip_unavailable' from command line to 'False'
[0.242s] Level 5:colcon.colcon_core.verb:set package 'python_package_with_a_node' build argument 'cmake_clean_cache' from command line to 'False'
[0.242s] Level 5:colcon.colcon_core.verb:set package 'python_package_with_a_node' build argument 'cmake_clean_first' from command line to 'False'
[0.242s] Level 5:colcon.colcon_core.verb:set package 'python_package_with_a_node' build argument 'cmake_force_configure' from command line to 'False'
[0.242s] Level 5:colcon.colcon_core.verb:set package 'python_package_with_a_node' build argument 'ament_cmake_args' from command line to 'None'
[0.242s] Level 5:colcon.colcon_core.verb:set package 'python_package_with_a_node' build argument 'catkin_cmake_args' from command line to 'None'
[0.242s] Level 5:colcon.colcon_core.verb:set package 'python_package_with_a_node' build argument 'catkin_skip_building_tests' from command line to 'False'
[0.242s] DEBUG:colcon.colcon_core.verb:Building package 'python_package_with_a_node' with the following arguments: {'ament_cmake_args': None, 'build_base': '/home/delewlew/ros2_tutorial_workspace_2/src/build/python_package_with_a_node', 'catkin_cmake_args': None, 'catkin_skip_building_tests': False, 'cmake_args': None, 'cmake_clean_cache': False, 'cmake_clean_first': False, 'cmake_force_configure': False, 'cmake_target': None, 'cmake_target_skip_unavailable': False, 'install_base': '/home/delewlew/ros2_tutorial_workspace_2/src/install/python_package_with_a_node', 'merge_install': False, 'path': '/home/delewlew/ros2_tutorial_workspace_2/src/python_package_with_a_node', 'symlink_install': False, 'test_result_base': None}
[0.242s] Level 5:colcon.colcon_core.verb:set package 'the_simplest_python_package' build argument 'cmake_args' from command line to 'None'
[0.242s] Level 5:colcon.colcon_core.verb:set package 'the_simplest_python_package' build argument 'cmake_target' from command line to 'None'
[0.242s] Level 5:colcon.colcon_core.verb:set package 'the_simplest_python_package' build argument 'cmake_target_skip_unavailable' from command line to 'False'
[0.242s] Level 5:colcon.colcon_core.verb:set package 'the_simplest_python_package' build argument 'cmake_clean_cache' from command line to 'False'
[0.242s] Level 5:colcon.colcon_core.verb:set package 'the_simplest_python_package' build argument 'cmake_clean_first' from command line to 'False'
[0.242s] Level 5:colcon.colcon_core.verb:set package 'the_simplest_python_package' build argument 'cmake_force_configure' from command line to 'False'
[0.242s] Level 5:colcon.colcon_core.verb:set package 'the_simplest_python_package' build argument 'ament_cmake_args' from command line to 'None'
[0.242s] Level 5:colcon.colcon_core.verb:set package 'the_simplest_python_package' build argument 'catkin_cmake_args' from command line to 'None'
[0.242s] Level 5:colcon.colcon_core.verb:set package 'the_simplest_python_package' build argument 'catkin_skip_building_tests' from command line to 'False'
[0.242s] DEBUG:colcon.colcon_core.verb:Building package 'the_simplest_python_package' with the following arguments: {'ament_cmake_args': None, 'build_base': '/home/delewlew/ros2_tutorial_workspace_2/src/build/the_simplest_python_package', 'catkin_cmake_args': None, 'catkin_skip_building_tests': False, 'cmake_args': None, 'cmake_clean_cache': False, 'cmake_clean_first': False, 'cmake_force_configure': False, 'cmake_target': None, 'cmake_target_skip_unavailable': False, 'install_base': '/home/delewlew/ros2_tutorial_workspace_2/src/install/the_simplest_python_package', 'merge_install': False, 'path': '/home/delewlew/ros2_tutorial_workspace_2/src/the_simplest_python_package', 'symlink_install': False, 'test_result_base': None}
[0.242s] Level 5:colcon.colcon_core.verb:set package 'python_package_that_uses_the_library' build argument 'cmake_args' from command line to 'None'
[0.242s] Level 5:colcon.colcon_core.verb:set package 'python_package_that_uses_the_library' build argument 'cmake_target' from command line to 'None'
[0.242s] Level 5:colcon.colcon_core.verb:set package 'python_package_that_uses_the_library' build argument 'cmake_target_skip_unavailable' from command line to 'False'
[0.242s] Level 5:colcon.colcon_core.verb:set package 'python_package_that_uses_the_library' build argument 'cmake_clean_cache' from command line to 'False'
[0.242s] Level 5:colcon.colcon_core.verb:set package 'python_package_that_uses_the_library' build argument 'cmake_clean_first' from command line to 'False'
[0.242s] Level 5:colcon.colcon_core.verb:set package 'python_package_that_uses_the_library' build argument 'cmake_force_configure' from command line to 'False'
[0.242s] Level 5:colcon.colcon_core.verb:set package 'python_package_that_uses_the_library' build argument 'ament_cmake_args' from command line to 'None'
[0.242s] Level 5:colcon.colcon_core.verb:set package 'python_package_that_uses_the_library' build argument 'catkin_cmake_args' from command line to 'None'
[0.242s] Level 5:colcon.colcon_core.verb:set package 'python_package_that_uses_the_library' build argument 'catkin_skip_building_tests' from command line to 'False'
[0.242s] DEBUG:colcon.colcon_core.verb:Building package 'python_package_that_uses_the_library' with the following arguments: {'ament_cmake_args': None, 'build_base': '/home/delewlew/ros2_tutorial_workspace_2/src/build/python_package_that_uses_the_library', 'catkin_cmake_args': None, 'catkin_skip_building_tests': False, 'cmake_args': None, 'cmake_clean_cache': False, 'cmake_clean_first': False, 'cmake_force_configure': False, 'cmake_target': None, 'cmake_target_skip_unavailable': False, 'install_base': '/home/delewlew/ros2_tutorial_workspace_2/src/install/python_package_that_uses_the_library', 'merge_install': False, 'path': '/home/delewlew/ros2_tutorial_workspace_2/src/python_package_that_uses_the_library', 'symlink_install': False, 'test_result_base': None}
[0.242s] INFO:colcon.colcon_core.executor:Executing jobs using 'parallel' executor
[0.243s] DEBUG:colcon.colcon_parallel_executor.executor.parallel:run_until_complete
[0.244s] INFO:colcon.colcon_ros.task.ament_python.build:Building ROS package in '/home/delewlew/ros2_tutorial_workspace_2/src/python_package_with_a_library' with build type 'ament_python'
[0.244s] Level 1:colcon.colcon_core.shell:create_environment_hook('python_package_with_a_library', 'ament_prefix_path')
[0.246s] INFO:colcon.colcon_core.plugin_system:Skipping extension 'colcon_core.shell.bat': Not used on non-Windows systems
[0.246s] INFO:colcon.colcon_core.shell:Creating environment hook '/home/delewlew/ros2_tutorial_workspace_2/src/install/python_package_with_a_library/share/python_package_with_a_library/hook/ament_prefix_path.ps1'
[0.247s] INFO:colcon.colcon_core.shell:Creating environment descriptor '/home/delewlew/ros2_tutorial_workspace_2/src/install/python_package_with_a_library/share/python_package_with_a_library/hook/ament_prefix_path.dsv'
[0.247s] INFO:colcon.colcon_core.shell:Creating environment hook '/home/delewlew/ros2_tutorial_workspace_2/src/install/python_package_with_a_library/share/python_package_with_a_library/hook/ament_prefix_path.sh'
[0.248s] INFO:colcon.colcon_core.shell:Skip shell extension 'powershell' for command environment: Not usable outside of PowerShell
[0.248s] DEBUG:colcon.colcon_core.shell:Skip shell extension 'dsv' for command environment
[0.251s] INFO:colcon.colcon_ros.task.ament_cmake.build:Building ROS package in '/home/delewlew/ros2_tutorial_workspace_2/src/package_with_interfaces' with build type 'ament_cmake'
[0.251s] INFO:colcon.colcon_cmake.task.cmake.build:Building CMake package in '/home/delewlew/ros2_tutorial_workspace_2/src/package_with_interfaces'
[0.251s] INFO:colcon.colcon_core.shell:Skip shell extension 'powershell' for command environment: Not usable outside of PowerShell
[0.251s] DEBUG:colcon.colcon_core.shell:Skip shell extension 'dsv' for command environment
[0.254s] INFO:colcon.colcon_ros.task.ament_python.build:Building ROS package in '/home/delewlew/ros2_tutorial_workspace_2/src/python_package_that_uses_the_messages' with build type 'ament_python'
[0.255s] Level 1:colcon.colcon_core.shell:create_environment_hook('python_package_that_uses_the_messages', 'ament_prefix_path')
[0.255s] INFO:colcon.colcon_core.shell:Creating environment hook '/home/delewlew/ros2_tutorial_workspace_2/src/install/python_package_that_uses_the_messages/share/python_package_that_uses_the_messages/hook/ament_prefix_path.ps1'
[0.256s] INFO:colcon.colcon_core.shell:Creating environment descriptor '/home/delewlew/ros2_tutorial_workspace_2/src/install/python_package_that_uses_the_messages/share/python_package_that_uses_the_messages/hook/ament_prefix_path.dsv'
[0.256s] INFO:colcon.colcon_core.shell:Creating environment hook '/home/delewlew/ros2_tutorial_workspace_2/src/install/python_package_that_uses_the_messages/share/python_package_that_uses_the_messages/hook/ament_prefix_path.sh'
[0.258s] INFO:colcon.colcon_core.shell:Skip shell extension 'powershell' for command environment: Not usable outside of PowerShell
[0.258s] DEBUG:colcon.colcon_core.shell:Skip shell extension 'dsv' for command environment
[0.261s] INFO:colcon.colcon_ros.task.ament_python.build:Building ROS package in '/home/delewlew/ros2_tutorial_workspace_2/src/python_package_with_a_node' with build type 'ament_python'
[0.262s] Level 1:colcon.colcon_core.shell:create_environment_hook('python_package_with_a_node', 'ament_prefix_path')
[0.262s] INFO:colcon.colcon_core.shell:Creating environment hook '/home/delewlew/ros2_tutorial_workspace_2/src/install/python_package_with_a_node/share/python_package_with_a_node/hook/ament_prefix_path.ps1'
[0.264s] INFO:colcon.colcon_core.shell:Creating environment descriptor '/home/delewlew/ros2_tutorial_workspace_2/src/install/python_package_with_a_node/share/python_package_with_a_node/hook/ament_prefix_path.dsv'
[0.265s] INFO:colcon.colcon_core.shell:Creating environment hook '/home/delewlew/ros2_tutorial_workspace_2/src/install/python_package_with_a_node/share/python_package_with_a_node/hook/ament_prefix_path.sh'
[0.267s] INFO:colcon.colcon_core.shell:Skip shell extension 'powershell' for command environment: Not usable outside of PowerShell
[0.267s] DEBUG:colcon.colcon_core.shell:Skip shell extension 'dsv' for command environment
[0.272s] INFO:colcon.colcon_ros.task.ament_python.build:Building ROS package in '/home/delewlew/ros2_tutorial_workspace_2/src/the_simplest_python_package' with build type 'ament_python'
[0.273s] Level 1:colcon.colcon_core.shell:create_environment_hook('the_simplest_python_package', 'ament_prefix_path')
[0.273s] INFO:colcon.colcon_core.shell:Creating environment hook '/home/delewlew/ros2_tutorial_workspace_2/src/install/the_simplest_python_package/share/the_simplest_python_package/hook/ament_prefix_path.ps1'
[0.275s] INFO:colcon.colcon_core.shell:Creating environment descriptor '/home/delewlew/ros2_tutorial_workspace_2/src/install/the_simplest_python_package/share/the_simplest_python_package/hook/ament_prefix_path.dsv'
[0.276s] INFO:colcon.colcon_core.shell:Creating environment hook '/home/delewlew/ros2_tutorial_workspace_2/src/install/the_simplest_python_package/share/the_simplest_python_package/hook/ament_prefix_path.sh'
[0.278s] INFO:colcon.colcon_core.shell:Skip shell extension 'powershell' for command environment: Not usable outside of PowerShell
[0.278s] DEBUG:colcon.colcon_core.shell:Skip shell extension 'dsv' for command environment
[0.555s] INFO:colcon.colcon_core.task.python.build:Building Python package in '/home/delewlew/ros2_tutorial_workspace_2/src/python_package_with_a_library'
[0.555s] INFO:colcon.colcon_core.shell:Skip shell extension 'powershell' for command environment: Not usable outside of PowerShell
[0.555s] DEBUG:colcon.colcon_core.shell:Skip shell extension 'dsv' for command environment
[0.565s] DEBUG:colcon.colcon_core.event_handler.log_command:Invoking command in '/home/delewlew/ros2_tutorial_workspace_2/src/build/package_with_interfaces': CMAKE_PREFIX_PATH=/opt/ros/humble /usr/bin/cmake --build /home/delewlew/ros2_tutorial_workspace_2/src/build/package_with_interfaces -- -j12 -l12
[0.941s] INFO:colcon.colcon_core.task.python.build:Building Python package in '/home/delewlew/ros2_tutorial_workspace_2/src/python_package_that_uses_the_messages'
[0.942s] INFO:colcon.colcon_core.shell:Skip shell extension 'powershell' for command environment: Not usable outside of PowerShell
[0.942s] DEBUG:colcon.colcon_core.shell:Skip shell extension 'dsv' for command environment
[1.170s] INFO:colcon.colcon_core.task.python.build:Building Python package in '/home/delewlew/ros2_tutorial_workspace_2/src/python_package_with_a_node'
[1.170s] INFO:colcon.colcon_core.shell:Skip shell extension 'powershell' for command environment: Not usable outside of PowerShell
[1.170s] DEBUG:colcon.colcon_core.shell:Skip shell extension 'dsv' for command environment
[1.376s] INFO:colcon.colcon_core.task.python.build:Building Python package in '/home/delewlew/ros2_tutorial_workspace_2/src/the_simplest_python_package'
[1.376s] INFO:colcon.colcon_core.shell:Skip shell extension 'powershell' for command environment: Not usable outside of PowerShell
[1.376s] DEBUG:colcon.colcon_core.shell:Skip shell extension 'dsv' for command environment
[1.387s] DEBUG:colcon.colcon_core.event_handler.log_command:Invoked command in '/home/delewlew/ros2_tutorial_workspace_2/src/build/package_with_interfaces' returned '0': CMAKE_PREFIX_PATH=/opt/ros/humble /usr/bin/cmake --build /home/delewlew/ros2_tutorial_workspace_2/src/build/package_with_interfaces -- -j12 -l12
[1.607s] DEBUG:colcon.colcon_core.event_handler.log_command:Invoking command in '/home/delewlew/ros2_tutorial_workspace_2/src/build/package_with_interfaces': CMAKE_PREFIX_PATH=/opt/ros/humble /usr/bin/cmake --install /home/delewlew/ros2_tutorial_workspace_2/src/build/package_with_interfaces
[1.705s] Level 1:colcon.colcon_core.environment:create_environment_scripts_only(package_with_interfaces)
[1.709s] DEBUG:colcon.colcon_core.event_handler.log_command:Invoked command in '/home/delewlew/ros2_tutorial_workspace_2/src/build/package_with_interfaces' returned '0': CMAKE_PREFIX_PATH=/opt/ros/humble /usr/bin/cmake --install /home/delewlew/ros2_tutorial_workspace_2/src/build/package_with_interfaces
[1.711s] Level 1:colcon.colcon_core.environment:checking '/home/delewlew/ros2_tutorial_workspace_2/src/install/package_with_interfaces' for CMake module files
[1.712s] Level 1:colcon.colcon_core.environment:checking '/home/delewlew/ros2_tutorial_workspace_2/src/install/package_with_interfaces' for CMake config files
[1.713s] Level 1:colcon.colcon_core.shell:create_environment_hook('package_with_interfaces', 'cmake_prefix_path')
[1.713s] INFO:colcon.colcon_core.shell:Creating environment hook '/home/delewlew/ros2_tutorial_workspace_2/src/install/package_with_interfaces/share/package_with_interfaces/hook/cmake_prefix_path.ps1'
[1.714s] INFO:colcon.colcon_core.shell:Creating environment descriptor '/home/delewlew/ros2_tutorial_workspace_2/src/install/package_with_interfaces/share/package_with_interfaces/hook/cmake_prefix_path.dsv'
[1.715s] INFO:colcon.colcon_core.shell:Creating environment hook '/home/delewlew/ros2_tutorial_workspace_2/src/install/package_with_interfaces/share/package_with_interfaces/hook/cmake_prefix_path.sh'
[1.716s] Level 1:colcon.colcon_core.environment:checking '/home/delewlew/ros2_tutorial_workspace_2/src/install/package_with_interfaces/lib'
[1.716s] Level 1:colcon.colcon_core.shell:create_environment_hook('package_with_interfaces', 'ld_library_path_lib')
[1.717s] INFO:colcon.colcon_core.shell:Creating environment hook '/home/delewlew/ros2_tutorial_workspace_2/src/install/package_with_interfaces/share/package_with_interfaces/hook/ld_library_path_lib.ps1'
[1.717s] INFO:colcon.colcon_core.shell:Creating environment descriptor '/home/delewlew/ros2_tutorial_workspace_2/src/install/package_with_interfaces/share/package_with_interfaces/hook/ld_library_path_lib.dsv'
[1.718s] INFO:colcon.colcon_core.shell:Creating environment hook '/home/delewlew/ros2_tutorial_workspace_2/src/install/package_with_interfaces/share/package_with_interfaces/hook/ld_library_path_lib.sh'
[1.718s] Level 1:colcon.colcon_core.environment:checking '/home/delewlew/ros2_tutorial_workspace_2/src/install/package_with_interfaces/bin'
[1.719s] Level 1:colcon.colcon_core.environment:checking '/home/delewlew/ros2_tutorial_workspace_2/src/install/package_with_interfaces/lib/pkgconfig/package_with_interfaces.pc'
[1.719s] Level 1:colcon.colcon_core.environment:checking '/home/delewlew/ros2_tutorial_workspace_2/src/install/package_with_interfaces/lib/python3.10/site-packages'
[1.719s] Level 1:colcon.colcon_core.environment:checking '/home/delewlew/ros2_tutorial_workspace_2/src/install/package_with_interfaces/bin'
[1.720s] INFO:colcon.colcon_core.shell:Creating package script '/home/delewlew/ros2_tutorial_workspace_2/src/install/package_with_interfaces/share/package_with_interfaces/package.ps1'
[1.721s] INFO:colcon.colcon_core.shell:Creating package descriptor '/home/delewlew/ros2_tutorial_workspace_2/src/install/package_with_interfaces/share/package_with_interfaces/package.dsv'
[1.721s] INFO:colcon.colcon_core.shell:Creating package script '/home/delewlew/ros2_tutorial_workspace_2/src/install/package_with_interfaces/share/package_with_interfaces/package.sh'
[1.722s] INFO:colcon.colcon_core.shell:Creating package script '/home/delewlew/ros2_tutorial_workspace_2/src/install/package_with_interfaces/share/package_with_interfaces/package.bash'
[1.723s] INFO:colcon.colcon_core.shell:Creating package script '/home/delewlew/ros2_tutorial_workspace_2/src/install/package_with_interfaces/share/package_with_interfaces/package.zsh'
[1.724s] Level 1:colcon.colcon_core.environment:create_file_with_runtime_dependencies(/home/delewlew/ros2_tutorial_workspace_2/src/install/package_with_interfaces/share/colcon-core/packages/package_with_interfaces)
[1.930s] Level 1:colcon.colcon_core.environment:create_environment_scripts_only(package_with_interfaces)
[1.931s] Level 1:colcon.colcon_core.environment:checking '/home/delewlew/ros2_tutorial_workspace_2/src/install/package_with_interfaces' for CMake module files
[1.932s] Level 1:colcon.colcon_core.environment:checking '/home/delewlew/ros2_tutorial_workspace_2/src/install/package_with_interfaces' for CMake config files
[1.934s] Level 1:colcon.colcon_core.shell:create_environment_hook('package_with_interfaces', 'cmake_prefix_path')
[1.934s] INFO:colcon.colcon_core.shell:Creating environment hook '/home/delewlew/ros2_tutorial_workspace_2/src/install/package_with_interfaces/share/package_with_interfaces/hook/cmake_prefix_path.ps1'
[1.935s] INFO:colcon.colcon_core.shell:Creating environment descriptor '/home/delewlew/ros2_tutorial_workspace_2/src/install/package_with_interfaces/share/package_with_interfaces/hook/cmake_prefix_path.dsv'
[1.936s] INFO:colcon.colcon_core.shell:Creating environment hook '/home/delewlew/ros2_tutorial_workspace_2/src/install/package_with_interfaces/share/package_with_interfaces/hook/cmake_prefix_path.sh'
[1.937s] Level 1:colcon.colcon_core.environment:checking '/home/delewlew/ros2_tutorial_workspace_2/src/install/package_with_interfaces/lib'
[1.937s] Level 1:colcon.colcon_core.shell:create_environment_hook('package_with_interfaces', 'ld_library_path_lib')
[1.937s] INFO:colcon.colcon_core.shell:Creating environment hook '/home/delewlew/ros2_tutorial_workspace_2/src/install/package_with_interfaces/share/package_with_interfaces/hook/ld_library_path_lib.ps1'
[1.938s] INFO:colcon.colcon_core.shell:Creating environment descriptor '/home/delewlew/ros2_tutorial_workspace_2/src/install/package_with_interfaces/share/package_with_interfaces/hook/ld_library_path_lib.dsv'
[1.938s] INFO:colcon.colcon_core.shell:Creating environment hook '/home/delewlew/ros2_tutorial_workspace_2/src/install/package_with_interfaces/share/package_with_interfaces/hook/ld_library_path_lib.sh'
[1.939s] Level 1:colcon.colcon_core.environment:checking '/home/delewlew/ros2_tutorial_workspace_2/src/install/package_with_interfaces/bin'
[1.939s] Level 1:colcon.colcon_core.environment:checking '/home/delewlew/ros2_tutorial_workspace_2/src/install/package_with_interfaces/lib/pkgconfig/package_with_interfaces.pc'
[1.940s] Level 1:colcon.colcon_core.environment:checking '/home/delewlew/ros2_tutorial_workspace_2/src/install/package_with_interfaces/lib/python3.10/site-packages'
[1.940s] Level 1:colcon.colcon_core.environment:checking '/home/delewlew/ros2_tutorial_workspace_2/src/install/package_with_interfaces/bin'
[1.941s] INFO:colcon.colcon_core.shell:Creating package script '/home/delewlew/ros2_tutorial_workspace_2/src/install/package_with_interfaces/share/package_with_interfaces/package.ps1'
[1.941s] INFO:colcon.colcon_core.shell:Creating package descriptor '/home/delewlew/ros2_tutorial_workspace_2/src/install/package_with_interfaces/share/package_with_interfaces/package.dsv'
[1.942s] INFO:colcon.colcon_core.shell:Creating package script '/home/delewlew/ros2_tutorial_workspace_2/src/install/package_with_interfaces/share/package_with_interfaces/package.sh'
[1.943s] INFO:colcon.colcon_core.shell:Creating package script '/home/delewlew/ros2_tutorial_workspace_2/src/install/package_with_interfaces/share/package_with_interfaces/package.bash'
[1.944s] INFO:colcon.colcon_core.shell:Creating package script '/home/delewlew/ros2_tutorial_workspace_2/src/install/package_with_interfaces/share/package_with_interfaces/package.zsh'
[1.945s] Level 1:colcon.colcon_core.environment:create_file_with_runtime_dependencies(/home/delewlew/ros2_tutorial_workspace_2/src/install/package_with_interfaces/share/colcon-core/packages/package_with_interfaces)
[1.971s] DEBUG:colcon.colcon_core.event_handler.log_command:Invoking command in '/home/delewlew/ros2_tutorial_workspace_2/src/the_simplest_python_package': PYTHONPATH=/home/delewlew/ros2_tutorial_workspace_2/src/build/the_simplest_python_package/prefix_override:/usr/lib/python3/dist-packages/colcon_core/task/python/colcon_distutils_commands:/home/delewlew/ros2_tutorial_workspace_2/src/install/the_simplest_python_package/lib/python3.10/site-packages:${PYTHONPATH} /usr/bin/python3 -W ignore:setup.py install is deprecated setup.py egg_info --egg-base ../build/the_simplest_python_package build --build-base /home/delewlew/ros2_tutorial_workspace_2/src/build/the_simplest_python_package/build install --record /home/delewlew/ros2_tutorial_workspace_2/src/build/the_simplest_python_package/install.log --single-version-externally-managed install_data
[2.072s] DEBUG:colcon.colcon_core.event_handler.log_command:Invoking command in '/home/delewlew/ros2_tutorial_workspace_2/src/python_package_with_a_library': PYTHONPATH=/home/delewlew/ros2_tutorial_workspace_2/src/build/python_package_with_a_library/prefix_override:/usr/lib/python3/dist-packages/colcon_core/task/python/colcon_distutils_commands:/home/delewlew/ros2_tutorial_workspace_2/src/install/python_package_with_a_library/lib/python3.10/site-packages:${PYTHONPATH} /usr/bin/python3 -W ignore:setup.py install is deprecated setup.py egg_info --egg-base ../build/python_package_with_a_library build --build-base /home/delewlew/ros2_tutorial_workspace_2/src/build/python_package_with_a_library/build install --record /home/delewlew/ros2_tutorial_workspace_2/src/build/python_package_with_a_library/install.log --single-version-externally-managed install_data
[2.132s] DEBUG:colcon.colcon_core.event_handler.log_command:Invoking command in '/home/delewlew/ros2_tutorial_workspace_2/src/python_package_with_a_node': PYTHONPATH=/home/delewlew/ros2_tutorial_workspace_2/src/build/python_package_with_a_node/prefix_override:/usr/lib/python3/dist-packages/colcon_core/task/python/colcon_distutils_commands:/home/delewlew/ros2_tutorial_workspace_2/src/install/python_package_with_a_node/lib/python3.10/site-packages:${PYTHONPATH} /usr/bin/python3 -W ignore:setup.py install is deprecated setup.py egg_info --egg-base ../build/python_package_with_a_node build --build-base /home/delewlew/ros2_tutorial_workspace_2/src/build/python_package_with_a_node/build install --record /home/delewlew/ros2_tutorial_workspace_2/src/build/python_package_with_a_node/install.log --single-version-externally-managed install_data
[2.236s] DEBUG:colcon.colcon_core.event_handler.log_command:Invoking command in '/home/delewlew/ros2_tutorial_workspace_2/src/python_package_that_uses_the_messages': PYTHONPATH=/home/delewlew/ros2_tutorial_workspace_2/src/build/python_package_that_uses_the_messages/prefix_override:/usr/lib/python3/dist-packages/colcon_core/task/python/colcon_distutils_commands:/home/delewlew/ros2_tutorial_workspace_2/src/install/python_package_that_uses_the_messages/lib/python3.10/site-packages:${PYTHONPATH} /usr/bin/python3 -W ignore:setup.py install is deprecated setup.py egg_info --egg-base ../build/python_package_that_uses_the_messages build --build-base /home/delewlew/ros2_tutorial_workspace_2/src/build/python_package_that_uses_the_messages/build install --record /home/delewlew/ros2_tutorial_workspace_2/src/build/python_package_that_uses_the_messages/install.log --single-version-externally-managed install_data
[2.343s] Level 1:colcon.colcon_core.environment:checking '/home/delewlew/ros2_tutorial_workspace_2/src/install/the_simplest_python_package' for CMake module files
[2.345s] DEBUG:colcon.colcon_core.event_handler.log_command:Invoked command in '/home/delewlew/ros2_tutorial_workspace_2/src/the_simplest_python_package' returned '0': PYTHONPATH=/home/delewlew/ros2_tutorial_workspace_2/src/build/the_simplest_python_package/prefix_override:/usr/lib/python3/dist-packages/colcon_core/task/python/colcon_distutils_commands:/home/delewlew/ros2_tutorial_workspace_2/src/install/the_simplest_python_package/lib/python3.10/site-packages:${PYTHONPATH} /usr/bin/python3 -W ignore:setup.py install is deprecated setup.py egg_info --egg-base ../build/the_simplest_python_package build --build-base /home/delewlew/ros2_tutorial_workspace_2/src/build/the_simplest_python_package/build install --record /home/delewlew/ros2_tutorial_workspace_2/src/build/the_simplest_python_package/install.log --single-version-externally-managed install_data
[2.346s] Level 1:colcon.colcon_core.environment:checking '/home/delewlew/ros2_tutorial_workspace_2/src/install/the_simplest_python_package' for CMake config files
[2.348s] Level 1:colcon.colcon_core.environment:checking '/home/delewlew/ros2_tutorial_workspace_2/src/install/the_simplest_python_package/lib'
[2.348s] Level 1:colcon.colcon_core.environment:checking '/home/delewlew/ros2_tutorial_workspace_2/src/install/the_simplest_python_package/bin'
[2.348s] Level 1:colcon.colcon_core.environment:checking '/home/delewlew/ros2_tutorial_workspace_2/src/install/the_simplest_python_package/lib/pkgconfig/the_simplest_python_package.pc'
[2.348s] Level 1:colcon.colcon_core.environment:checking '/home/delewlew/ros2_tutorial_workspace_2/src/install/the_simplest_python_package/lib/python3.10/site-packages'
[2.349s] Level 1:colcon.colcon_core.shell:create_environment_hook('the_simplest_python_package', 'pythonpath')
[2.349s] INFO:colcon.colcon_core.shell:Creating environment hook '/home/delewlew/ros2_tutorial_workspace_2/src/install/the_simplest_python_package/share/the_simplest_python_package/hook/pythonpath.ps1'
[2.350s] INFO:colcon.colcon_core.shell:Creating environment descriptor '/home/delewlew/ros2_tutorial_workspace_2/src/install/the_simplest_python_package/share/the_simplest_python_package/hook/pythonpath.dsv'
[2.351s] INFO:colcon.colcon_core.shell:Creating environment hook '/home/delewlew/ros2_tutorial_workspace_2/src/install/the_simplest_python_package/share/the_simplest_python_package/hook/pythonpath.sh'
[2.352s] Level 1:colcon.colcon_core.environment:checking '/home/delewlew/ros2_tutorial_workspace_2/src/install/the_simplest_python_package/bin'
[2.352s] Level 1:colcon.colcon_core.environment:create_environment_scripts_only(the_simplest_python_package)
[2.353s] INFO:colcon.colcon_core.shell:Creating package script '/home/delewlew/ros2_tutorial_workspace_2/src/install/the_simplest_python_package/share/the_simplest_python_package/package.ps1'
[2.355s] INFO:colcon.colcon_core.shell:Creating package descriptor '/home/delewlew/ros2_tutorial_workspace_2/src/install/the_simplest_python_package/share/the_simplest_python_package/package.dsv'
[2.356s] INFO:colcon.colcon_core.shell:Creating package script '/home/delewlew/ros2_tutorial_workspace_2/src/install/the_simplest_python_package/share/the_simplest_python_package/package.sh'
[2.357s] INFO:colcon.colcon_core.shell:Creating package script '/home/delewlew/ros2_tutorial_workspace_2/src/install/the_simplest_python_package/share/the_simplest_python_package/package.bash'
[2.358s] INFO:colcon.colcon_core.shell:Creating package script '/home/delewlew/ros2_tutorial_workspace_2/src/install/the_simplest_python_package/share/the_simplest_python_package/package.zsh'
[2.358s] Level 1:colcon.colcon_core.environment:create_file_with_runtime_dependencies(/home/delewlew/ros2_tutorial_workspace_2/src/install/the_simplest_python_package/share/colcon-core/packages/the_simplest_python_package)
[2.511s] Level 1:colcon.colcon_core.environment:checking '/home/delewlew/ros2_tutorial_workspace_2/src/install/python_package_with_a_node' for CMake module files
[2.512s] DEBUG:colcon.colcon_core.event_handler.log_command:Invoked command in '/home/delewlew/ros2_tutorial_workspace_2/src/python_package_with_a_node' returned '0': PYTHONPATH=/home/delewlew/ros2_tutorial_workspace_2/src/build/python_package_with_a_node/prefix_override:/usr/lib/python3/dist-packages/colcon_core/task/python/colcon_distutils_commands:/home/delewlew/ros2_tutorial_workspace_2/src/install/python_package_with_a_node/lib/python3.10/site-packages:${PYTHONPATH} /usr/bin/python3 -W ignore:setup.py install is deprecated setup.py egg_info --egg-base ../build/python_package_with_a_node build --build-base /home/delewlew/ros2_tutorial_workspace_2/src/build/python_package_with_a_node/build install --record /home/delewlew/ros2_tutorial_workspace_2/src/build/python_package_with_a_node/install.log --single-version-externally-managed install_data
[2.513s] Level 1:colcon.colcon_core.environment:checking '/home/delewlew/ros2_tutorial_workspace_2/src/install/python_package_with_a_node' for CMake config files
[2.514s] Level 1:colcon.colcon_core.environment:checking '/home/delewlew/ros2_tutorial_workspace_2/src/install/python_package_with_a_node/lib'
[2.514s] Level 1:colcon.colcon_core.environment:checking '/home/delewlew/ros2_tutorial_workspace_2/src/install/python_package_with_a_node/bin'
[2.515s] Level 1:colcon.colcon_core.environment:checking '/home/delewlew/ros2_tutorial_workspace_2/src/install/python_package_with_a_node/lib/pkgconfig/python_package_with_a_node.pc'
[2.515s] Level 1:colcon.colcon_core.environment:checking '/home/delewlew/ros2_tutorial_workspace_2/src/install/python_package_with_a_node/lib/python3.10/site-packages'
[2.515s] Level 1:colcon.colcon_core.shell:create_environment_hook('python_package_with_a_node', 'pythonpath')
[2.516s] INFO:colcon.colcon_core.shell:Creating environment hook '/home/delewlew/ros2_tutorial_workspace_2/src/install/python_package_with_a_node/share/python_package_with_a_node/hook/pythonpath.ps1'
[2.517s] INFO:colcon.colcon_core.shell:Creating environment descriptor '/home/delewlew/ros2_tutorial_workspace_2/src/install/python_package_with_a_node/share/python_package_with_a_node/hook/pythonpath.dsv'
[2.519s] INFO:colcon.colcon_core.shell:Creating environment hook '/home/delewlew/ros2_tutorial_workspace_2/src/install/python_package_with_a_node/share/python_package_with_a_node/hook/pythonpath.sh'
[2.520s] Level 1:colcon.colcon_core.environment:checking '/home/delewlew/ros2_tutorial_workspace_2/src/install/python_package_with_a_node/bin'
[2.521s] Level 1:colcon.colcon_core.environment:create_environment_scripts_only(python_package_with_a_node)
[2.521s] INFO:colcon.colcon_core.shell:Creating package script '/home/delewlew/ros2_tutorial_workspace_2/src/install/python_package_with_a_node/share/python_package_with_a_node/package.ps1'
[2.522s] INFO:colcon.colcon_core.shell:Creating package descriptor '/home/delewlew/ros2_tutorial_workspace_2/src/install/python_package_with_a_node/share/python_package_with_a_node/package.dsv'
[2.524s] INFO:colcon.colcon_core.shell:Creating package script '/home/delewlew/ros2_tutorial_workspace_2/src/install/python_package_with_a_node/share/python_package_with_a_node/package.sh'
[2.525s] INFO:colcon.colcon_core.shell:Creating package script '/home/delewlew/ros2_tutorial_workspace_2/src/install/python_package_with_a_node/share/python_package_with_a_node/package.bash'
[2.526s] INFO:colcon.colcon_core.shell:Creating package script '/home/delewlew/ros2_tutorial_workspace_2/src/install/python_package_with_a_node/share/python_package_with_a_node/package.zsh'
[2.527s] Level 1:colcon.colcon_core.environment:create_file_with_runtime_dependencies(/home/delewlew/ros2_tutorial_workspace_2/src/install/python_package_with_a_node/share/colcon-core/packages/python_package_with_a_node)
[2.575s] Level 1:colcon.colcon_core.environment:checking '/home/delewlew/ros2_tutorial_workspace_2/src/install/python_package_with_a_library' for CMake module files
[2.577s] DEBUG:colcon.colcon_core.event_handler.log_command:Invoked command in '/home/delewlew/ros2_tutorial_workspace_2/src/python_package_with_a_library' returned '0': PYTHONPATH=/home/delewlew/ros2_tutorial_workspace_2/src/build/python_package_with_a_library/prefix_override:/usr/lib/python3/dist-packages/colcon_core/task/python/colcon_distutils_commands:/home/delewlew/ros2_tutorial_workspace_2/src/install/python_package_with_a_library/lib/python3.10/site-packages:${PYTHONPATH} /usr/bin/python3 -W ignore:setup.py install is deprecated setup.py egg_info --egg-base ../build/python_package_with_a_library build --build-base /home/delewlew/ros2_tutorial_workspace_2/src/build/python_package_with_a_library/build install --record /home/delewlew/ros2_tutorial_workspace_2/src/build/python_package_with_a_library/install.log --single-version-externally-managed install_data
[2.578s] Level 1:colcon.colcon_core.environment:checking '/home/delewlew/ros2_tutorial_workspace_2/src/install/python_package_with_a_library' for CMake config files
[2.579s] Level 1:colcon.colcon_core.environment:checking '/home/delewlew/ros2_tutorial_workspace_2/src/install/python_package_with_a_library/lib'
[2.579s] Level 1:colcon.colcon_core.environment:checking '/home/delewlew/ros2_tutorial_workspace_2/src/install/python_package_with_a_library/bin'
[2.579s] Level 1:colcon.colcon_core.environment:checking '/home/delewlew/ros2_tutorial_workspace_2/src/install/python_package_with_a_library/lib/pkgconfig/python_package_with_a_library.pc'
[2.579s] Level 1:colcon.colcon_core.environment:checking '/home/delewlew/ros2_tutorial_workspace_2/src/install/python_package_with_a_library/lib/python3.10/site-packages'
[2.579s] Level 1:colcon.colcon_core.shell:create_environment_hook('python_package_with_a_library', 'pythonpath')
[2.580s] INFO:colcon.colcon_core.shell:Creating environment hook '/home/delewlew/ros2_tutorial_workspace_2/src/install/python_package_with_a_library/share/python_package_with_a_library/hook/pythonpath.ps1'
[2.581s] INFO:colcon.colcon_core.shell:Creating environment descriptor '/home/delewlew/ros2_tutorial_workspace_2/src/install/python_package_with_a_library/share/python_package_with_a_library/hook/pythonpath.dsv'
[2.581s] INFO:colcon.colcon_core.shell:Creating environment hook '/home/delewlew/ros2_tutorial_workspace_2/src/install/python_package_with_a_library/share/python_package_with_a_library/hook/pythonpath.sh'
[2.583s] Level 1:colcon.colcon_core.environment:checking '/home/delewlew/ros2_tutorial_workspace_2/src/install/python_package_with_a_library/bin'
[2.583s] Level 1:colcon.colcon_core.environment:create_environment_scripts_only(python_package_with_a_library)
[2.583s] INFO:colcon.colcon_core.shell:Creating package script '/home/delewlew/ros2_tutorial_workspace_2/src/install/python_package_with_a_library/share/python_package_with_a_library/package.ps1'
[2.584s] INFO:colcon.colcon_core.shell:Creating package descriptor '/home/delewlew/ros2_tutorial_workspace_2/src/install/python_package_with_a_library/share/python_package_with_a_library/package.dsv'
[2.584s] INFO:colcon.colcon_core.shell:Creating package script '/home/delewlew/ros2_tutorial_workspace_2/src/install/python_package_with_a_library/share/python_package_with_a_library/package.sh'
[2.585s] INFO:colcon.colcon_core.shell:Creating package script '/home/delewlew/ros2_tutorial_workspace_2/src/install/python_package_with_a_library/share/python_package_with_a_library/package.bash'
[2.585s] INFO:colcon.colcon_core.shell:Creating package script '/home/delewlew/ros2_tutorial_workspace_2/src/install/python_package_with_a_library/share/python_package_with_a_library/package.zsh'
[2.585s] Level 1:colcon.colcon_core.environment:create_file_with_runtime_dependencies(/home/delewlew/ros2_tutorial_workspace_2/src/install/python_package_with_a_library/share/colcon-core/packages/python_package_with_a_library)
[2.586s] INFO:colcon.colcon_ros.task.ament_python.build:Building ROS package in '/home/delewlew/ros2_tutorial_workspace_2/src/python_package_that_uses_the_library' with build type 'ament_python'
[2.586s] Level 1:colcon.colcon_core.shell:create_environment_hook('python_package_that_uses_the_library', 'ament_prefix_path')
[2.586s] INFO:colcon.colcon_core.shell:Creating environment hook '/home/delewlew/ros2_tutorial_workspace_2/src/install/python_package_that_uses_the_library/share/python_package_that_uses_the_library/hook/ament_prefix_path.ps1'
[2.587s] INFO:colcon.colcon_core.shell:Creating environment descriptor '/home/delewlew/ros2_tutorial_workspace_2/src/install/python_package_that_uses_the_library/share/python_package_that_uses_the_library/hook/ament_prefix_path.dsv'
[2.588s] INFO:colcon.colcon_core.shell:Creating environment hook '/home/delewlew/ros2_tutorial_workspace_2/src/install/python_package_that_uses_the_library/share/python_package_that_uses_the_library/hook/ament_prefix_path.sh'
[2.589s] INFO:colcon.colcon_core.shell:Skip shell extension 'powershell' for command environment: Not usable outside of PowerShell
[2.589s] DEBUG:colcon.colcon_core.shell:Skip shell extension 'dsv' for command environment
[2.869s] INFO:colcon.colcon_core.task.python.build:Building Python package in '/home/delewlew/ros2_tutorial_workspace_2/src/python_package_that_uses_the_library'
[2.869s] INFO:colcon.colcon_core.shell:Skip shell extension 'powershell' for command environment: Not usable outside of PowerShell
[2.869s] DEBUG:colcon.colcon_core.shell:Skip shell extension 'dsv' for command environment
[2.875s] Level 1:colcon.colcon_core.environment:checking '/home/delewlew/ros2_tutorial_workspace_2/src/install/python_package_that_uses_the_messages' for CMake module files
[2.876s] DEBUG:colcon.colcon_core.event_handler.log_command:Invoked command in '/home/delewlew/ros2_tutorial_workspace_2/src/python_package_that_uses_the_messages' returned '0': PYTHONPATH=/home/delewlew/ros2_tutorial_workspace_2/src/build/python_package_that_uses_the_messages/prefix_override:/usr/lib/python3/dist-packages/colcon_core/task/python/colcon_distutils_commands:/home/delewlew/ros2_tutorial_workspace_2/src/install/python_package_that_uses_the_messages/lib/python3.10/site-packages:${PYTHONPATH} /usr/bin/python3 -W ignore:setup.py install is deprecated setup.py egg_info --egg-base ../build/python_package_that_uses_the_messages build --build-base /home/delewlew/ros2_tutorial_workspace_2/src/build/python_package_that_uses_the_messages/build install --record /home/delewlew/ros2_tutorial_workspace_2/src/build/python_package_that_uses_the_messages/install.log --single-version-externally-managed install_data
[2.877s] Level 1:colcon.colcon_core.environment:checking '/home/delewlew/ros2_tutorial_workspace_2/src/install/python_package_that_uses_the_messages' for CMake config files
[2.878s] Level 1:colcon.colcon_core.environment:checking '/home/delewlew/ros2_tutorial_workspace_2/src/install/python_package_that_uses_the_messages/lib'
[2.878s] Level 1:colcon.colcon_core.environment:checking '/home/delewlew/ros2_tutorial_workspace_2/src/install/python_package_that_uses_the_messages/bin'
[2.879s] Level 1:colcon.colcon_core.environment:checking '/home/delewlew/ros2_tutorial_workspace_2/src/install/python_package_that_uses_the_messages/lib/pkgconfig/python_package_that_uses_the_messages.pc'
[2.879s] Level 1:colcon.colcon_core.environment:checking '/home/delewlew/ros2_tutorial_workspace_2/src/install/python_package_that_uses_the_messages/lib/python3.10/site-packages'
[2.880s] Level 1:colcon.colcon_core.shell:create_environment_hook('python_package_that_uses_the_messages', 'pythonpath')
[2.880s] INFO:colcon.colcon_core.shell:Creating environment hook '/home/delewlew/ros2_tutorial_workspace_2/src/install/python_package_that_uses_the_messages/share/python_package_that_uses_the_messages/hook/pythonpath.ps1'
[2.881s] INFO:colcon.colcon_core.shell:Creating environment descriptor '/home/delewlew/ros2_tutorial_workspace_2/src/install/python_package_that_uses_the_messages/share/python_package_that_uses_the_messages/hook/pythonpath.dsv'
[2.882s] INFO:colcon.colcon_core.shell:Creating environment hook '/home/delewlew/ros2_tutorial_workspace_2/src/install/python_package_that_uses_the_messages/share/python_package_that_uses_the_messages/hook/pythonpath.sh'
[2.883s] Level 1:colcon.colcon_core.environment:checking '/home/delewlew/ros2_tutorial_workspace_2/src/install/python_package_that_uses_the_messages/bin'
[2.883s] Level 1:colcon.colcon_core.environment:create_environment_scripts_only(python_package_that_uses_the_messages)
[2.883s] INFO:colcon.colcon_core.shell:Creating package script '/home/delewlew/ros2_tutorial_workspace_2/src/install/python_package_that_uses_the_messages/share/python_package_that_uses_the_messages/package.ps1'
[2.884s] INFO:colcon.colcon_core.shell:Creating package descriptor '/home/delewlew/ros2_tutorial_workspace_2/src/install/python_package_that_uses_the_messages/share/python_package_that_uses_the_messages/package.dsv'
[2.884s] INFO:colcon.colcon_core.shell:Creating package script '/home/delewlew/ros2_tutorial_workspace_2/src/install/python_package_that_uses_the_messages/share/python_package_that_uses_the_messages/package.sh'
[2.885s] INFO:colcon.colcon_core.shell:Creating package script '/home/delewlew/ros2_tutorial_workspace_2/src/install/python_package_that_uses_the_messages/share/python_package_that_uses_the_messages/package.bash'
[2.886s] INFO:colcon.colcon_core.shell:Creating package script '/home/delewlew/ros2_tutorial_workspace_2/src/install/python_package_that_uses_the_messages/share/python_package_that_uses_the_messages/package.zsh'
[2.886s] Level 1:colcon.colcon_core.environment:create_file_with_runtime_dependencies(/home/delewlew/ros2_tutorial_workspace_2/src/install/python_package_that_uses_the_messages/share/colcon-core/packages/python_package_that_uses_the_messages)
[3.204s] DEBUG:colcon.colcon_core.event_handler.log_command:Invoking command in '/home/delewlew/ros2_tutorial_workspace_2/src/python_package_that_uses_the_library': AMENT_PREFIX_PATH=/home/delewlew/ros2_tutorial_workspace_2/src/install/python_package_with_a_library:${AMENT_PREFIX_PATH} PYTHONPATH=/home/delewlew/ros2_tutorial_workspace_2/src/build/python_package_that_uses_the_library/prefix_override:/usr/lib/python3/dist-packages/colcon_core/task/python/colcon_distutils_commands:/home/delewlew/ros2_tutorial_workspace_2/src/install/python_package_that_uses_the_library/lib/python3.10/site-packages:/home/delewlew/ros2_tutorial_workspace_2/src/install/python_package_with_a_library/lib/python3.10/site-packages:${PYTHONPATH} /usr/bin/python3 -W ignore:setup.py install is deprecated setup.py egg_info --egg-base ../build/python_package_that_uses_the_library build --build-base /home/delewlew/ros2_tutorial_workspace_2/src/build/python_package_that_uses_the_library/build install --record /home/delewlew/ros2_tutorial_workspace_2/src/build/python_package_that_uses_the_library/install.log --single-version-externally-managed install_data
[3.435s] Level 1:colcon.colcon_core.environment:checking '/home/delewlew/ros2_tutorial_workspace_2/src/install/python_package_that_uses_the_library' for CMake module files
[3.436s] DEBUG:colcon.colcon_core.event_handler.log_command:Invoked command in '/home/delewlew/ros2_tutorial_workspace_2/src/python_package_that_uses_the_library' returned '0': AMENT_PREFIX_PATH=/home/delewlew/ros2_tutorial_workspace_2/src/install/python_package_with_a_library:${AMENT_PREFIX_PATH} PYTHONPATH=/home/delewlew/ros2_tutorial_workspace_2/src/build/python_package_that_uses_the_library/prefix_override:/usr/lib/python3/dist-packages/colcon_core/task/python/colcon_distutils_commands:/home/delewlew/ros2_tutorial_workspace_2/src/install/python_package_that_uses_the_library/lib/python3.10/site-packages:/home/delewlew/ros2_tutorial_workspace_2/src/install/python_package_with_a_library/lib/python3.10/site-packages:${PYTHONPATH} /usr/bin/python3 -W ignore:setup.py install is deprecated setup.py egg_info --egg-base ../build/python_package_that_uses_the_library build --build-base /home/delewlew/ros2_tutorial_workspace_2/src/build/python_package_that_uses_the_library/build install --record /home/delewlew/ros2_tutorial_workspace_2/src/build/python_package_that_uses_the_library/install.log --single-version-externally-managed install_data
[3.436s] Level 1:colcon.colcon_core.environment:checking '/home/delewlew/ros2_tutorial_workspace_2/src/install/python_package_that_uses_the_library' for CMake config files
[3.437s] Level 1:colcon.colcon_core.environment:checking '/home/delewlew/ros2_tutorial_workspace_2/src/install/python_package_that_uses_the_library/lib'
[3.437s] Level 1:colcon.colcon_core.environment:checking '/home/delewlew/ros2_tutorial_workspace_2/src/install/python_package_that_uses_the_library/bin'
[3.437s] Level 1:colcon.colcon_core.environment:checking '/home/delewlew/ros2_tutorial_workspace_2/src/install/python_package_that_uses_the_library/lib/pkgconfig/python_package_that_uses_the_library.pc'
[3.437s] Level 1:colcon.colcon_core.environment:checking '/home/delewlew/ros2_tutorial_workspace_2/src/install/python_package_that_uses_the_library/lib/python3.10/site-packages'
[3.437s] Level 1:colcon.colcon_core.shell:create_environment_hook('python_package_that_uses_the_library', 'pythonpath')
[3.437s] INFO:colcon.colcon_core.shell:Creating environment hook '/home/delewlew/ros2_tutorial_workspace_2/src/install/python_package_that_uses_the_library/share/python_package_that_uses_the_library/hook/pythonpath.ps1'
[3.437s] INFO:colcon.colcon_core.shell:Creating environment descriptor '/home/delewlew/ros2_tutorial_workspace_2/src/install/python_package_that_uses_the_library/share/python_package_that_uses_the_library/hook/pythonpath.dsv'
[3.438s] INFO:colcon.colcon_core.shell:Creating environment hook '/home/delewlew/ros2_tutorial_workspace_2/src/install/python_package_that_uses_the_library/share/python_package_that_uses_the_library/hook/pythonpath.sh'
[3.438s] Level 1:colcon.colcon_core.environment:checking '/home/delewlew/ros2_tutorial_workspace_2/src/install/python_package_that_uses_the_library/bin'
[3.438s] Level 1:colcon.colcon_core.environment:create_environment_scripts_only(python_package_that_uses_the_library)
[3.439s] INFO:colcon.colcon_core.shell:Creating package script '/home/delewlew/ros2_tutorial_workspace_2/src/install/python_package_that_uses_the_library/share/python_package_that_uses_the_library/package.ps1'
[3.439s] INFO:colcon.colcon_core.shell:Creating package descriptor '/home/delewlew/ros2_tutorial_workspace_2/src/install/python_package_that_uses_the_library/share/python_package_that_uses_the_library/package.dsv'
[3.439s] INFO:colcon.colcon_core.shell:Creating package script '/home/delewlew/ros2_tutorial_workspace_2/src/install/python_package_that_uses_the_library/share/python_package_that_uses_the_library/package.sh'
[3.440s] INFO:colcon.colcon_core.shell:Creating package script '/home/delewlew/ros2_tutorial_workspace_2/src/install/python_package_that_uses_the_library/share/python_package_that_uses_the_library/package.bash'
[3.440s] INFO:colcon.colcon_core.shell:Creating package script '/home/delewlew/ros2_tutorial_workspace_2/src/install/python_package_that_uses_the_library/share/python_package_that_uses_the_library/package.zsh'
[3.440s] Level 1:colcon.colcon_core.environment:create_file_with_runtime_dependencies(/home/delewlew/ros2_tutorial_workspace_2/src/install/python_package_that_uses_the_library/share/colcon-core/packages/python_package_that_uses_the_library)
[3.441s] DEBUG:colcon.colcon_parallel_executor.executor.parallel:closing loop
[3.441s] DEBUG:colcon.colcon_parallel_executor.executor.parallel:loop closed
[3.441s] DEBUG:colcon.colcon_parallel_executor.executor.parallel:run_until_complete finished with '0'
[3.441s] DEBUG:colcon.colcon_core.event_reactor:joining thread
[3.450s] INFO:colcon.colcon_core.plugin_system:Skipping extension 'colcon_notification.desktop_notification.terminal_notifier': Not used on non-Darwin systems
[3.450s] INFO:colcon.colcon_core.plugin_system:Skipping extension 'colcon_notification.desktop_notification.win32': Not used on non-Windows systems
[3.450s] INFO:colcon.colcon_notification.desktop_notification:Sending desktop notification using 'notify2'
[3.473s] DEBUG:colcon.colcon_core.event_reactor:joined thread
[3.473s] INFO:colcon.colcon_core.shell:Creating prefix script '/home/delewlew/ros2_tutorial_workspace_2/src/install/local_setup.ps1'
[3.475s] INFO:colcon.colcon_core.shell:Creating prefix util module '/home/delewlew/ros2_tutorial_workspace_2/src/install/_local_setup_util_ps1.py'
[3.477s] INFO:colcon.colcon_core.shell:Creating prefix chain script '/home/delewlew/ros2_tutorial_workspace_2/src/install/setup.ps1'
[3.480s] INFO:colcon.colcon_core.shell:Creating prefix script '/home/delewlew/ros2_tutorial_workspace_2/src/install/local_setup.sh'
[3.482s] INFO:colcon.colcon_core.shell:Creating prefix util module '/home/delewlew/ros2_tutorial_workspace_2/src/install/_local_setup_util_sh.py'
[3.484s] INFO:colcon.colcon_core.shell:Creating prefix chain script '/home/delewlew/ros2_tutorial_workspace_2/src/install/setup.sh'
[3.487s] INFO:colcon.colcon_core.shell:Creating prefix script '/home/delewlew/ros2_tutorial_workspace_2/src/install/local_setup.bash'
[3.489s] INFO:colcon.colcon_core.shell:Creating prefix chain script '/home/delewlew/ros2_tutorial_workspace_2/src/install/setup.bash'
[3.492s] INFO:colcon.colcon_core.shell:Creating prefix script '/home/delewlew/ros2_tutorial_workspace_2/src/install/local_setup.zsh'
[3.493s] INFO:colcon.colcon_core.shell:Creating prefix chain script '/home/delewlew/ros2_tutorial_workspace_2/src/install/setup.zsh'
