running egg_info
writing ../../build/bt_demos/bt_demos.egg-info/PKG-INFO
writing dependency_links to ../../build/bt_demos/bt_demos.egg-info/dependency_links.txt
writing entry points to ../../build/bt_demos/bt_demos.egg-info/entry_points.txt
writing requirements to ../../build/bt_demos/bt_demos.egg-info/requires.txt
writing top-level names to ../../build/bt_demos/bt_demos.egg-info/top_level.txt
reading manifest file '../../build/bt_demos/bt_demos.egg-info/SOURCES.txt'
writing manifest file '../../build/bt_demos/bt_demos.egg-info/SOURCES.txt'
running build
running build_py
running install
running install_lib
running install_data
copying behavior_tree_xml/week11_exercise_1_nav.xml -> /home/delewlew/software_for_robotics_part2/install/bt_demos/share/bt_demos/behavior_tree_xml
copying launch/bt_demo.launch.py -> /home/delewlew/software_for_robotics_part2/install/bt_demos/share/bt_demos/launch
running install_egg_info
removing '/home/delewlew/software_for_robotics_part2/install/bt_demos/lib/python3.10/site-packages/bt_demos-0.0.0-py3.10.egg-info' (and everything under it)
Copying ../../build/bt_demos/bt_demos.egg-info to /home/delewlew/software_for_robotics_part2/install/bt_demos/lib/python3.10/site-packages/bt_demos-0.0.0-py3.10.egg-info
running install_scripts
writing list of installed files to '/home/delewlew/software_for_robotics_part2/build/bt_demos/install.log'
