[2.214s] Invoking command in '/home/delewlew/software_for_robotics_part2/src/bt_demos': PYTHONPATH=/home/delewlew/software_for_robotics_part2/build/bt_demos/prefix_override:/usr/lib/python3/dist-packages/colcon_core/task/python/colcon_distutils_commands:/home/delewlew/software_for_robotics_part2/install/bt_demos/lib/python3.10/site-packages:${PYTHONPATH} /usr/bin/python3 -W ignore:setup.py install is deprecated setup.py egg_info --egg-base ../../build/bt_demos build --build-base /home/delewlew/software_for_robotics_part2/build/bt_demos/build install --record /home/delewlew/software_for_robotics_part2/build/bt_demos/install.log --single-version-externally-managed install_data
[2.606s] running egg_info
[2.606s] writing ../../build/bt_demos/bt_demos.egg-info/PKG-INFO
[2.607s] writing dependency_links to ../../build/bt_demos/bt_demos.egg-info/dependency_links.txt
[2.607s] writing entry points to ../../build/bt_demos/bt_demos.egg-info/entry_points.txt
[2.607s] writing requirements to ../../build/bt_demos/bt_demos.egg-info/requires.txt
[2.608s] writing top-level names to ../../build/bt_demos/bt_demos.egg-info/top_level.txt
[2.609s] reading manifest file '../../build/bt_demos/bt_demos.egg-info/SOURCES.txt'
[2.611s] writing manifest file '../../build/bt_demos/bt_demos.egg-info/SOURCES.txt'
[2.612s] running build
[2.612s] running build_py
[2.614s] running install
[2.614s] running install_lib
[2.617s] running install_data
[2.618s] copying behavior_tree_xml/week11_exercise_1_nav.xml -> /home/delewlew/software_for_robotics_part2/install/bt_demos/share/bt_demos/behavior_tree_xml
[2.618s] copying launch/bt_demo.launch.py -> /home/delewlew/software_for_robotics_part2/install/bt_demos/share/bt_demos/launch
[2.618s] running install_egg_info
[2.623s] removing '/home/delewlew/software_for_robotics_part2/install/bt_demos/lib/python3.10/site-packages/bt_demos-0.0.0-py3.10.egg-info' (and everything under it)
[2.623s] Copying ../../build/bt_demos/bt_demos.egg-info to /home/delewlew/software_for_robotics_part2/install/bt_demos/lib/python3.10/site-packages/bt_demos-0.0.0-py3.10.egg-info
[2.625s] running install_scripts
[2.668s] writing list of installed files to '/home/delewlew/software_for_robotics_part2/build/bt_demos/install.log'
[2.725s] Invoked command in '/home/delewlew/software_for_robotics_part2/src/bt_demos' returned '0': PYTHONPATH=/home/delewlew/software_for_robotics_part2/build/bt_demos/prefix_override:/usr/lib/python3/dist-packages/colcon_core/task/python/colcon_distutils_commands:/home/delewlew/software_for_robotics_part2/install/bt_demos/lib/python3.10/site-packages:${PYTHONPATH} /usr/bin/python3 -W ignore:setup.py install is deprecated setup.py egg_info --egg-base ../../build/bt_demos build --build-base /home/delewlew/software_for_robotics_part2/build/bt_demos/build install --record /home/delewlew/software_for_robotics_part2/build/bt_demos/install.log --single-version-externally-managed install_data
