[0.132s] DEBUG:colcon:Command line arguments: ['/usr/bin/colcon', 'build']
[0.132s] DEBUG:colcon:Parsed command line arguments: Namespace(log_base=None, log_level=None, verb_name='build', build_base='build', install_base='install', merge_install=False, symlink_install=False, test_result_base=None, continue_on_error=False, executor='parallel', parallel_workers=12, event_handlers=None, ignore_user_meta=False, metas=['./colcon.meta'], base_paths=['.'], packages_ignore=None, packages_ignore_regex=None, paths=None, packages_up_to=None, packages_up_to_regex=None, packages_above=None, packages_above_and_dependencies=None, packages_above_depth=None, packages_select_by_dep=None, packages_skip_by_dep=None, packages_skip_up_to=None, packages_select_build_failed=False, packages_skip_build_finished=False, packages_select_test_failures=False, packages_skip_test_passed=False, packages_select=None, packages_skip=None, packages_select_regex=None, packages_skip_regex=None, packages_start=None, packages_end=None, allow_overriding=[], cmake_args=None, cmake_target=None, cmake_target_skip_unavailable=False, cmake_clean_cache=False, cmake_clean_first=False, cmake_force_configure=False, ament_cmake_args=None, catkin_cmake_args=None, catkin_skip_building_tests=False, mixin_files=None, mixin=None, verb_parser=<colcon_mixin.mixin.mixin_argument.MixinArgumentDecorator object at 0x76ed7f7b1b70>, verb_extension=<colcon_core.verb.build.BuildVerb object at 0x76ed7f93a170>, main=<bound method BuildVerb.main of <colcon_core.verb.build.BuildVerb object at 0x76ed7f93a170>>, mixin_verb=('build',))
[0.240s] Level 1:colcon.colcon_core.package_discovery:discover_packages(colcon_meta) check parameters
[0.241s] Level 1:colcon.colcon_core.package_discovery:discover_packages(recursive) check parameters
[0.241s] Level 1:colcon.colcon_core.package_discovery:discover_packages(ignore) check parameters
[0.241s] Level 1:colcon.colcon_core.package_discovery:discover_packages(path) check parameters
[0.241s] Level 1:colcon.colcon_core.package_discovery:discover_packages(colcon_meta) discover
[0.241s] Level 1:colcon.colcon_core.package_discovery:discover_packages(recursive) discover
[0.241s] INFO:colcon.colcon_core.package_discovery:Crawling recursively for packages in '/home/delewlew/ros2_tutorial_workspace'
[0.241s] Level 1:colcon.colcon_core.package_identification:_identify(.) by extensions ['ignore', 'ignore_ament_install']
[0.241s] Level 1:colcon.colcon_core.package_identification:_identify(.) by extension 'ignore'
[0.241s] Level 1:colcon.colcon_core.package_identification:_identify(.) by extension 'ignore_ament_install'
[0.241s] Level 1:colcon.colcon_core.package_identification:_identify(.) by extensions ['colcon_pkg']
[0.241s] Level 1:colcon.colcon_core.package_identification:_identify(.) by extension 'colcon_pkg'
[0.241s] Level 1:colcon.colcon_core.package_identification:_identify(.) by extensions ['colcon_meta']
[0.241s] Level 1:colcon.colcon_core.package_identification:_identify(.) by extension 'colcon_meta'
[0.241s] Level 1:colcon.colcon_core.package_identification:_identify(.) by extensions ['ros']
[0.241s] Level 1:colcon.colcon_core.package_identification:_identify(.) by extension 'ros'
[0.250s] Level 1:colcon.colcon_core.package_identification:_identify(.) by extensions ['cmake', 'python']
[0.250s] Level 1:colcon.colcon_core.package_identification:_identify(.) by extension 'cmake'
[0.250s] Level 1:colcon.colcon_core.package_identification:_identify(.) by extension 'python'
[0.250s] Level 1:colcon.colcon_core.package_identification:_identify(.) by extensions ['python_setup_py']
[0.250s] Level 1:colcon.colcon_core.package_identification:_identify(.) by extension 'python_setup_py'
[0.251s] Level 1:colcon.colcon_core.package_identification:_identify(build) by extensions ['ignore', 'ignore_ament_install']
[0.251s] Level 1:colcon.colcon_core.package_identification:_identify(build) by extension 'ignore'
[0.251s] Level 1:colcon.colcon_core.package_identification:_identify(build) ignored
[0.251s] Level 1:colcon.colcon_core.package_identification:_identify(install) by extensions ['ignore', 'ignore_ament_install']
[0.251s] Level 1:colcon.colcon_core.package_identification:_identify(install) by extension 'ignore'
[0.251s] Level 1:colcon.colcon_core.package_identification:_identify(install) ignored
[0.251s] Level 1:colcon.colcon_core.package_identification:_identify(log) by extensions ['ignore', 'ignore_ament_install']
[0.251s] Level 1:colcon.colcon_core.package_identification:_identify(log) by extension 'ignore'
[0.251s] Level 1:colcon.colcon_core.package_identification:_identify(log) ignored
[0.251s] Level 1:colcon.colcon_core.package_identification:_identify(src) by extensions ['ignore', 'ignore_ament_install']
[0.251s] Level 1:colcon.colcon_core.package_identification:_identify(src) by extension 'ignore'
[0.251s] Level 1:colcon.colcon_core.package_identification:_identify(src) by extension 'ignore_ament_install'
[0.251s] Level 1:colcon.colcon_core.package_identification:_identify(src) by extensions ['colcon_pkg']
[0.251s] Level 1:colcon.colcon_core.package_identification:_identify(src) by extension 'colcon_pkg'
[0.251s] Level 1:colcon.colcon_core.package_identification:_identify(src) by extensions ['colcon_meta']
[0.251s] Level 1:colcon.colcon_core.package_identification:_identify(src) by extension 'colcon_meta'
[0.251s] Level 1:colcon.colcon_core.package_identification:_identify(src) by extensions ['ros']
[0.251s] Level 1:colcon.colcon_core.package_identification:_identify(src) by extension 'ros'
[0.251s] Level 1:colcon.colcon_core.package_identification:_identify(src) by extensions ['cmake', 'python']
[0.251s] Level 1:colcon.colcon_core.package_identification:_identify(src) by extension 'cmake'
[0.251s] Level 1:colcon.colcon_core.package_identification:_identify(src) by extension 'python'
[0.251s] Level 1:colcon.colcon_core.package_identification:_identify(src) by extensions ['python_setup_py']
[0.251s] Level 1:colcon.colcon_core.package_identification:_identify(src) by extension 'python_setup_py'
[0.251s] Level 1:colcon.colcon_core.package_identification:_identify(src/custom_publisher_package) by extensions ['ignore', 'ignore_ament_install']
[0.252s] Level 1:colcon.colcon_core.package_identification:_identify(src/custom_publisher_package) by extension 'ignore'
[0.252s] Level 1:colcon.colcon_core.package_identification:_identify(src/custom_publisher_package) by extension 'ignore_ament_install'
[0.252s] Level 1:colcon.colcon_core.package_identification:_identify(src/custom_publisher_package) by extensions ['colcon_pkg']
[0.252s] Level 1:colcon.colcon_core.package_identification:_identify(src/custom_publisher_package) by extension 'colcon_pkg'
[0.252s] Level 1:colcon.colcon_core.package_identification:_identify(src/custom_publisher_package) by extensions ['colcon_meta']
[0.252s] Level 1:colcon.colcon_core.package_identification:_identify(src/custom_publisher_package) by extension 'colcon_meta'
[0.252s] Level 1:colcon.colcon_core.package_identification:_identify(src/custom_publisher_package) by extensions ['ros']
[0.252s] Level 1:colcon.colcon_core.package_identification:_identify(src/custom_publisher_package) by extension 'ros'
[0.253s] DEBUG:colcon.colcon_core.package_identification:Package 'src/custom_publisher_package' with type 'ros.ament_python' and name 'custom_publisher_package'
[0.254s] Level 1:colcon.colcon_core.package_identification:_identify(src/package_with_interfaces) by extensions ['ignore', 'ignore_ament_install']
[0.254s] Level 1:colcon.colcon_core.package_identification:_identify(src/package_with_interfaces) by extension 'ignore'
[0.254s] Level 1:colcon.colcon_core.package_identification:_identify(src/package_with_interfaces) by extension 'ignore_ament_install'
[0.254s] Level 1:colcon.colcon_core.package_identification:_identify(src/package_with_interfaces) by extensions ['colcon_pkg']
[0.254s] Level 1:colcon.colcon_core.package_identification:_identify(src/package_with_interfaces) by extension 'colcon_pkg'
[0.254s] Level 1:colcon.colcon_core.package_identification:_identify(src/package_with_interfaces) by extensions ['colcon_meta']
[0.254s] Level 1:colcon.colcon_core.package_identification:_identify(src/package_with_interfaces) by extension 'colcon_meta'
[0.254s] Level 1:colcon.colcon_core.package_identification:_identify(src/package_with_interfaces) by extensions ['ros']
[0.254s] Level 1:colcon.colcon_core.package_identification:_identify(src/package_with_interfaces) by extension 'ros'
[0.254s] DEBUG:colcon.colcon_core.package_identification:Package 'src/package_with_interfaces' with type 'ros.ament_cmake' and name 'package_with_interfaces'
[0.254s] Level 1:colcon.colcon_core.package_identification:_identify(src/python_package_that_uses_parameters_and_launch_files) by extensions ['ignore', 'ignore_ament_install']
[0.255s] Level 1:colcon.colcon_core.package_identification:_identify(src/python_package_that_uses_parameters_and_launch_files) by extension 'ignore'
[0.255s] Level 1:colcon.colcon_core.package_identification:_identify(src/python_package_that_uses_parameters_and_launch_files) by extension 'ignore_ament_install'
[0.255s] Level 1:colcon.colcon_core.package_identification:_identify(src/python_package_that_uses_parameters_and_launch_files) by extensions ['colcon_pkg']
[0.255s] Level 1:colcon.colcon_core.package_identification:_identify(src/python_package_that_uses_parameters_and_launch_files) by extension 'colcon_pkg'
[0.255s] Level 1:colcon.colcon_core.package_identification:_identify(src/python_package_that_uses_parameters_and_launch_files) by extensions ['colcon_meta']
[0.255s] Level 1:colcon.colcon_core.package_identification:_identify(src/python_package_that_uses_parameters_and_launch_files) by extension 'colcon_meta'
[0.255s] Level 1:colcon.colcon_core.package_identification:_identify(src/python_package_that_uses_parameters_and_launch_files) by extensions ['ros']
[0.255s] Level 1:colcon.colcon_core.package_identification:_identify(src/python_package_that_uses_parameters_and_launch_files) by extension 'ros'
[0.255s] DEBUG:colcon.colcon_core.package_identification:Package 'src/python_package_that_uses_parameters_and_launch_files' with type 'ros.ament_python' and name 'python_package_that_uses_parameters_and_launch_files'
[0.255s] Level 1:colcon.colcon_core.package_identification:_identify(src/python_package_that_uses_the_messages) by extensions ['ignore', 'ignore_ament_install']
[0.255s] Level 1:colcon.colcon_core.package_identification:_identify(src/python_package_that_uses_the_messages) by extension 'ignore'
[0.255s] Level 1:colcon.colcon_core.package_identification:_identify(src/python_package_that_uses_the_messages) by extension 'ignore_ament_install'
[0.255s] Level 1:colcon.colcon_core.package_identification:_identify(src/python_package_that_uses_the_messages) by extensions ['colcon_pkg']
[0.255s] Level 1:colcon.colcon_core.package_identification:_identify(src/python_package_that_uses_the_messages) by extension 'colcon_pkg'
[0.255s] Level 1:colcon.colcon_core.package_identification:_identify(src/python_package_that_uses_the_messages) by extensions ['colcon_meta']
[0.255s] Level 1:colcon.colcon_core.package_identification:_identify(src/python_package_that_uses_the_messages) by extension 'colcon_meta'
[0.255s] Level 1:colcon.colcon_core.package_identification:_identify(src/python_package_that_uses_the_messages) by extensions ['ros']
[0.255s] Level 1:colcon.colcon_core.package_identification:_identify(src/python_package_that_uses_the_messages) by extension 'ros'
[0.256s] DEBUG:colcon.colcon_core.package_identification:Package 'src/python_package_that_uses_the_messages' with type 'ros.ament_python' and name 'python_package_that_uses_the_messages'
[0.256s] Level 1:colcon.colcon_core.package_discovery:discover_packages(recursive) using defaults
[0.256s] Level 1:colcon.colcon_core.package_discovery:discover_packages(ignore) discover
[0.256s] Level 1:colcon.colcon_core.package_discovery:discover_packages(ignore) using defaults
[0.256s] Level 1:colcon.colcon_core.package_discovery:discover_packages(path) discover
[0.256s] Level 1:colcon.colcon_core.package_discovery:discover_packages(path) using defaults
[0.280s] Level 1:colcon.colcon_core.package_discovery:discover_packages(prefix_path) check parameters
[0.280s] Level 1:colcon.colcon_core.package_discovery:discover_packages(prefix_path) discover
[0.281s] DEBUG:colcon.colcon_installed_package_information.package_discovery:Found 4 installed packages in /home/delewlew/ros2_tutorial_workspace/install
[0.282s] DEBUG:colcon.colcon_installed_package_information.package_discovery:Found 270 installed packages in /opt/ros/humble
[0.283s] Level 1:colcon.colcon_core.package_discovery:discover_packages(prefix_path) using defaults
[0.307s] Level 5:colcon.colcon_core.verb:set package 'custom_publisher_package' build argument 'cmake_args' from command line to 'None'
[0.307s] Level 5:colcon.colcon_core.verb:set package 'custom_publisher_package' build argument 'cmake_target' from command line to 'None'
[0.307s] Level 5:colcon.colcon_core.verb:set package 'custom_publisher_package' build argument 'cmake_target_skip_unavailable' from command line to 'False'
[0.307s] Level 5:colcon.colcon_core.verb:set package 'custom_publisher_package' build argument 'cmake_clean_cache' from command line to 'False'
[0.307s] Level 5:colcon.colcon_core.verb:set package 'custom_publisher_package' build argument 'cmake_clean_first' from command line to 'False'
[0.307s] Level 5:colcon.colcon_core.verb:set package 'custom_publisher_package' build argument 'cmake_force_configure' from command line to 'False'
[0.307s] Level 5:colcon.colcon_core.verb:set package 'custom_publisher_package' build argument 'ament_cmake_args' from command line to 'None'
[0.307s] Level 5:colcon.colcon_core.verb:set package 'custom_publisher_package' build argument 'catkin_cmake_args' from command line to 'None'
[0.307s] Level 5:colcon.colcon_core.verb:set package 'custom_publisher_package' build argument 'catkin_skip_building_tests' from command line to 'False'
[0.307s] DEBUG:colcon.colcon_core.verb:Building package 'custom_publisher_package' with the following arguments: {'ament_cmake_args': None, 'build_base': '/home/delewlew/ros2_tutorial_workspace/build/custom_publisher_package', 'catkin_cmake_args': None, 'catkin_skip_building_tests': False, 'cmake_args': None, 'cmake_clean_cache': False, 'cmake_clean_first': False, 'cmake_force_configure': False, 'cmake_target': None, 'cmake_target_skip_unavailable': False, 'install_base': '/home/delewlew/ros2_tutorial_workspace/install/custom_publisher_package', 'merge_install': False, 'path': '/home/delewlew/ros2_tutorial_workspace/src/custom_publisher_package', 'symlink_install': False, 'test_result_base': None}
[0.307s] Level 5:colcon.colcon_core.verb:set package 'package_with_interfaces' build argument 'cmake_args' from command line to 'None'
[0.307s] Level 5:colcon.colcon_core.verb:set package 'package_with_interfaces' build argument 'cmake_target' from command line to 'None'
[0.307s] Level 5:colcon.colcon_core.verb:set package 'package_with_interfaces' build argument 'cmake_target_skip_unavailable' from command line to 'False'
[0.307s] Level 5:colcon.colcon_core.verb:set package 'package_with_interfaces' build argument 'cmake_clean_cache' from command line to 'False'
[0.307s] Level 5:colcon.colcon_core.verb:set package 'package_with_interfaces' build argument 'cmake_clean_first' from command line to 'False'
[0.307s] Level 5:colcon.colcon_core.verb:set package 'package_with_interfaces' build argument 'cmake_force_configure' from command line to 'False'
[0.307s] Level 5:colcon.colcon_core.verb:set package 'package_with_interfaces' build argument 'ament_cmake_args' from command line to 'None'
[0.307s] Level 5:colcon.colcon_core.verb:set package 'package_with_interfaces' build argument 'catkin_cmake_args' from command line to 'None'
[0.307s] Level 5:colcon.colcon_core.verb:set package 'package_with_interfaces' build argument 'catkin_skip_building_tests' from command line to 'False'
[0.308s] DEBUG:colcon.colcon_core.verb:Building package 'package_with_interfaces' with the following arguments: {'ament_cmake_args': None, 'build_base': '/home/delewlew/ros2_tutorial_workspace/build/package_with_interfaces', 'catkin_cmake_args': None, 'catkin_skip_building_tests': False, 'cmake_args': None, 'cmake_clean_cache': False, 'cmake_clean_first': False, 'cmake_force_configure': False, 'cmake_target': None, 'cmake_target_skip_unavailable': False, 'install_base': '/home/delewlew/ros2_tutorial_workspace/install/package_with_interfaces', 'merge_install': False, 'path': '/home/delewlew/ros2_tutorial_workspace/src/package_with_interfaces', 'symlink_install': False, 'test_result_base': None}
[0.308s] Level 5:colcon.colcon_core.verb:set package 'python_package_that_uses_parameters_and_launch_files' build argument 'cmake_args' from command line to 'None'
[0.308s] Level 5:colcon.colcon_core.verb:set package 'python_package_that_uses_parameters_and_launch_files' build argument 'cmake_target' from command line to 'None'
[0.308s] Level 5:colcon.colcon_core.verb:set package 'python_package_that_uses_parameters_and_launch_files' build argument 'cmake_target_skip_unavailable' from command line to 'False'
[0.308s] Level 5:colcon.colcon_core.verb:set package 'python_package_that_uses_parameters_and_launch_files' build argument 'cmake_clean_cache' from command line to 'False'
[0.308s] Level 5:colcon.colcon_core.verb:set package 'python_package_that_uses_parameters_and_launch_files' build argument 'cmake_clean_first' from command line to 'False'
[0.308s] Level 5:colcon.colcon_core.verb:set package 'python_package_that_uses_parameters_and_launch_files' build argument 'cmake_force_configure' from command line to 'False'
[0.308s] Level 5:colcon.colcon_core.verb:set package 'python_package_that_uses_parameters_and_launch_files' build argument 'ament_cmake_args' from command line to 'None'
[0.308s] Level 5:colcon.colcon_core.verb:set package 'python_package_that_uses_parameters_and_launch_files' build argument 'catkin_cmake_args' from command line to 'None'
[0.308s] Level 5:colcon.colcon_core.verb:set package 'python_package_that_uses_parameters_and_launch_files' build argument 'catkin_skip_building_tests' from command line to 'False'
[0.308s] DEBUG:colcon.colcon_core.verb:Building package 'python_package_that_uses_parameters_and_launch_files' with the following arguments: {'ament_cmake_args': None, 'build_base': '/home/delewlew/ros2_tutorial_workspace/build/python_package_that_uses_parameters_and_launch_files', 'catkin_cmake_args': None, 'catkin_skip_building_tests': False, 'cmake_args': None, 'cmake_clean_cache': False, 'cmake_clean_first': False, 'cmake_force_configure': False, 'cmake_target': None, 'cmake_target_skip_unavailable': False, 'install_base': '/home/delewlew/ros2_tutorial_workspace/install/python_package_that_uses_parameters_and_launch_files', 'merge_install': False, 'path': '/home/delewlew/ros2_tutorial_workspace/src/python_package_that_uses_parameters_and_launch_files', 'symlink_install': False, 'test_result_base': None}
[0.308s] Level 5:colcon.colcon_core.verb:set package 'python_package_that_uses_the_messages' build argument 'cmake_args' from command line to 'None'
[0.308s] Level 5:colcon.colcon_core.verb:set package 'python_package_that_uses_the_messages' build argument 'cmake_target' from command line to 'None'
[0.308s] Level 5:colcon.colcon_core.verb:set package 'python_package_that_uses_the_messages' build argument 'cmake_target_skip_unavailable' from command line to 'False'
[0.308s] Level 5:colcon.colcon_core.verb:set package 'python_package_that_uses_the_messages' build argument 'cmake_clean_cache' from command line to 'False'
[0.308s] Level 5:colcon.colcon_core.verb:set package 'python_package_that_uses_the_messages' build argument 'cmake_clean_first' from command line to 'False'
[0.308s] Level 5:colcon.colcon_core.verb:set package 'python_package_that_uses_the_messages' build argument 'cmake_force_configure' from command line to 'False'
[0.308s] Level 5:colcon.colcon_core.verb:set package 'python_package_that_uses_the_messages' build argument 'ament_cmake_args' from command line to 'None'
[0.308s] Level 5:colcon.colcon_core.verb:set package 'python_package_that_uses_the_messages' build argument 'catkin_cmake_args' from command line to 'None'
[0.308s] Level 5:colcon.colcon_core.verb:set package 'python_package_that_uses_the_messages' build argument 'catkin_skip_building_tests' from command line to 'False'
[0.308s] DEBUG:colcon.colcon_core.verb:Building package 'python_package_that_uses_the_messages' with the following arguments: {'ament_cmake_args': None, 'build_base': '/home/delewlew/ros2_tutorial_workspace/build/python_package_that_uses_the_messages', 'catkin_cmake_args': None, 'catkin_skip_building_tests': False, 'cmake_args': None, 'cmake_clean_cache': False, 'cmake_clean_first': False, 'cmake_force_configure': False, 'cmake_target': None, 'cmake_target_skip_unavailable': False, 'install_base': '/home/delewlew/ros2_tutorial_workspace/install/python_package_that_uses_the_messages', 'merge_install': False, 'path': '/home/delewlew/ros2_tutorial_workspace/src/python_package_that_uses_the_messages', 'symlink_install': False, 'test_result_base': None}
[0.308s] INFO:colcon.colcon_core.executor:Executing jobs using 'parallel' executor
[0.310s] DEBUG:colcon.colcon_parallel_executor.executor.parallel:run_until_complete
[0.310s] INFO:colcon.colcon_ros.task.ament_cmake.build:Building ROS package in '/home/delewlew/ros2_tutorial_workspace/src/package_with_interfaces' with build type 'ament_cmake'
[0.310s] INFO:colcon.colcon_cmake.task.cmake.build:Building CMake package in '/home/delewlew/ros2_tutorial_workspace/src/package_with_interfaces'
[0.312s] INFO:colcon.colcon_core.plugin_system:Skipping extension 'colcon_core.shell.bat': Not used on non-Windows systems
[0.313s] INFO:colcon.colcon_core.shell:Skip shell extension 'powershell' for command environment: Not usable outside of PowerShell
[0.313s] DEBUG:colcon.colcon_core.shell:Skip shell extension 'dsv' for command environment
[0.316s] INFO:colcon.colcon_ros.task.ament_python.build:Building ROS package in '/home/delewlew/ros2_tutorial_workspace/src/custom_publisher_package' with build type 'ament_python'
[0.317s] Level 1:colcon.colcon_core.shell:create_environment_hook('custom_publisher_package', 'ament_prefix_path')
[0.317s] INFO:colcon.colcon_core.shell:Creating environment hook '/home/delewlew/ros2_tutorial_workspace/install/custom_publisher_package/share/custom_publisher_package/hook/ament_prefix_path.ps1'
[0.318s] INFO:colcon.colcon_core.shell:Creating environment descriptor '/home/delewlew/ros2_tutorial_workspace/install/custom_publisher_package/share/custom_publisher_package/hook/ament_prefix_path.dsv'
[0.319s] INFO:colcon.colcon_core.shell:Creating environment hook '/home/delewlew/ros2_tutorial_workspace/install/custom_publisher_package/share/custom_publisher_package/hook/ament_prefix_path.sh'
[0.320s] INFO:colcon.colcon_core.shell:Skip shell extension 'powershell' for command environment: Not usable outside of PowerShell
[0.320s] DEBUG:colcon.colcon_core.shell:Skip shell extension 'dsv' for command environment
[0.337s] DEBUG:colcon.colcon_core.event_handler.log_command:Invoking command in '/home/delewlew/ros2_tutorial_workspace/build/package_with_interfaces': CMAKE_PREFIX_PATH=${CMAKE_PREFIX_PATH}:/home/delewlew/ros2_tutorial_workspace/install/python_package_that_uses_the_messages:/home/delewlew/ros2_tutorial_workspace/install/python_package_that_uses_parameters_and_launch_files:/home/delewlew/ros2_tutorial_workspace/install/custom_publisher_package:/opt/ros/humble /usr/bin/cmake --build /home/delewlew/ros2_tutorial_workspace/build/package_with_interfaces -- -j12 -l12
[0.735s] INFO:colcon.colcon_core.task.python.build:Building Python package in '/home/delewlew/ros2_tutorial_workspace/src/custom_publisher_package'
[0.736s] INFO:colcon.colcon_core.shell:Skip shell extension 'powershell' for command environment: Not usable outside of PowerShell
[0.736s] DEBUG:colcon.colcon_core.shell:Skip shell extension 'dsv' for command environment
[0.884s] DEBUG:colcon.colcon_core.event_handler.log_command:Invoked command in '/home/delewlew/ros2_tutorial_workspace/build/package_with_interfaces' returned '0': CMAKE_PREFIX_PATH=${CMAKE_PREFIX_PATH}:/home/delewlew/ros2_tutorial_workspace/install/python_package_that_uses_the_messages:/home/delewlew/ros2_tutorial_workspace/install/python_package_that_uses_parameters_and_launch_files:/home/delewlew/ros2_tutorial_workspace/install/custom_publisher_package:/opt/ros/humble /usr/bin/cmake --build /home/delewlew/ros2_tutorial_workspace/build/package_with_interfaces -- -j12 -l12
[1.076s] DEBUG:colcon.colcon_core.event_handler.log_command:Invoking command in '/home/delewlew/ros2_tutorial_workspace/build/package_with_interfaces': CMAKE_PREFIX_PATH=${CMAKE_PREFIX_PATH}:/home/delewlew/ros2_tutorial_workspace/install/python_package_that_uses_the_messages:/home/delewlew/ros2_tutorial_workspace/install/python_package_that_uses_parameters_and_launch_files:/home/delewlew/ros2_tutorial_workspace/install/custom_publisher_package:/opt/ros/humble /usr/bin/cmake --install /home/delewlew/ros2_tutorial_workspace/build/package_with_interfaces
[1.128s] DEBUG:colcon.colcon_core.event_handler.log_command:Invoking command in '/home/delewlew/ros2_tutorial_workspace/src/custom_publisher_package': PYTHONPATH=/home/delewlew/ros2_tutorial_workspace/build/custom_publisher_package/prefix_override:/usr/lib/python3/dist-packages/colcon_core/task/python/colcon_distutils_commands:/home/delewlew/ros2_tutorial_workspace/install/custom_publisher_package/lib/python3.10/site-packages:${PYTHONPATH} /usr/bin/python3 -W ignore:setup.py install is deprecated setup.py egg_info --egg-base ../../build/custom_publisher_package build --build-base /home/delewlew/ros2_tutorial_workspace/build/custom_publisher_package/build install --record /home/delewlew/ros2_tutorial_workspace/build/custom_publisher_package/install.log --single-version-externally-managed install_data
[1.153s] Level 1:colcon.colcon_core.environment:create_environment_scripts_only(package_with_interfaces)
[1.155s] DEBUG:colcon.colcon_core.event_handler.log_command:Invoked command in '/home/delewlew/ros2_tutorial_workspace/build/package_with_interfaces' returned '0': CMAKE_PREFIX_PATH=${CMAKE_PREFIX_PATH}:/home/delewlew/ros2_tutorial_workspace/install/python_package_that_uses_the_messages:/home/delewlew/ros2_tutorial_workspace/install/python_package_that_uses_parameters_and_launch_files:/home/delewlew/ros2_tutorial_workspace/install/custom_publisher_package:/opt/ros/humble /usr/bin/cmake --install /home/delewlew/ros2_tutorial_workspace/build/package_with_interfaces
[1.160s] Level 1:colcon.colcon_core.environment:checking '/home/delewlew/ros2_tutorial_workspace/install/package_with_interfaces' for CMake module files
[1.161s] Level 1:colcon.colcon_core.environment:checking '/home/delewlew/ros2_tutorial_workspace/install/package_with_interfaces' for CMake config files
[1.161s] Level 1:colcon.colcon_core.shell:create_environment_hook('package_with_interfaces', 'cmake_prefix_path')
[1.162s] INFO:colcon.colcon_core.shell:Creating environment hook '/home/delewlew/ros2_tutorial_workspace/install/package_with_interfaces/share/package_with_interfaces/hook/cmake_prefix_path.ps1'
[1.162s] INFO:colcon.colcon_core.shell:Creating environment descriptor '/home/delewlew/ros2_tutorial_workspace/install/package_with_interfaces/share/package_with_interfaces/hook/cmake_prefix_path.dsv'
[1.163s] INFO:colcon.colcon_core.shell:Creating environment hook '/home/delewlew/ros2_tutorial_workspace/install/package_with_interfaces/share/package_with_interfaces/hook/cmake_prefix_path.sh'
[1.164s] Level 1:colcon.colcon_core.environment:checking '/home/delewlew/ros2_tutorial_workspace/install/package_with_interfaces/lib'
[1.164s] Level 1:colcon.colcon_core.shell:create_environment_hook('package_with_interfaces', 'ld_library_path_lib')
[1.164s] INFO:colcon.colcon_core.shell:Creating environment hook '/home/delewlew/ros2_tutorial_workspace/install/package_with_interfaces/share/package_with_interfaces/hook/ld_library_path_lib.ps1'
[1.165s] INFO:colcon.colcon_core.shell:Creating environment descriptor '/home/delewlew/ros2_tutorial_workspace/install/package_with_interfaces/share/package_with_interfaces/hook/ld_library_path_lib.dsv'
[1.165s] INFO:colcon.colcon_core.shell:Creating environment hook '/home/delewlew/ros2_tutorial_workspace/install/package_with_interfaces/share/package_with_interfaces/hook/ld_library_path_lib.sh'
[1.165s] Level 1:colcon.colcon_core.environment:checking '/home/delewlew/ros2_tutorial_workspace/install/package_with_interfaces/bin'
[1.166s] Level 1:colcon.colcon_core.environment:checking '/home/delewlew/ros2_tutorial_workspace/install/package_with_interfaces/lib/pkgconfig/package_with_interfaces.pc'
[1.166s] Level 1:colcon.colcon_core.environment:checking '/home/delewlew/ros2_tutorial_workspace/install/package_with_interfaces/lib/python3.10/site-packages'
[1.166s] Level 1:colcon.colcon_core.environment:checking '/home/delewlew/ros2_tutorial_workspace/install/package_with_interfaces/bin'
[1.166s] INFO:colcon.colcon_core.shell:Creating package script '/home/delewlew/ros2_tutorial_workspace/install/package_with_interfaces/share/package_with_interfaces/package.ps1'
[1.167s] INFO:colcon.colcon_core.shell:Creating package descriptor '/home/delewlew/ros2_tutorial_workspace/install/package_with_interfaces/share/package_with_interfaces/package.dsv'
[1.168s] INFO:colcon.colcon_core.shell:Creating package script '/home/delewlew/ros2_tutorial_workspace/install/package_with_interfaces/share/package_with_interfaces/package.sh'
[1.168s] INFO:colcon.colcon_core.shell:Creating package script '/home/delewlew/ros2_tutorial_workspace/install/package_with_interfaces/share/package_with_interfaces/package.bash'
[1.169s] INFO:colcon.colcon_core.shell:Creating package script '/home/delewlew/ros2_tutorial_workspace/install/package_with_interfaces/share/package_with_interfaces/package.zsh'
[1.170s] Level 1:colcon.colcon_core.environment:create_file_with_runtime_dependencies(/home/delewlew/ros2_tutorial_workspace/install/package_with_interfaces/share/colcon-core/packages/package_with_interfaces)
[1.327s] Level 1:colcon.colcon_core.environment:create_environment_scripts_only(package_with_interfaces)
[1.328s] Level 1:colcon.colcon_core.environment:checking '/home/delewlew/ros2_tutorial_workspace/install/package_with_interfaces' for CMake module files
[1.329s] Level 1:colcon.colcon_core.environment:checking '/home/delewlew/ros2_tutorial_workspace/install/package_with_interfaces' for CMake config files
[1.330s] Level 1:colcon.colcon_core.shell:create_environment_hook('package_with_interfaces', 'cmake_prefix_path')
[1.330s] INFO:colcon.colcon_core.shell:Creating environment hook '/home/delewlew/ros2_tutorial_workspace/install/package_with_interfaces/share/package_with_interfaces/hook/cmake_prefix_path.ps1'
[1.331s] INFO:colcon.colcon_core.shell:Creating environment descriptor '/home/delewlew/ros2_tutorial_workspace/install/package_with_interfaces/share/package_with_interfaces/hook/cmake_prefix_path.dsv'
[1.332s] INFO:colcon.colcon_core.shell:Creating environment hook '/home/delewlew/ros2_tutorial_workspace/install/package_with_interfaces/share/package_with_interfaces/hook/cmake_prefix_path.sh'
[1.333s] Level 1:colcon.colcon_core.environment:checking '/home/delewlew/ros2_tutorial_workspace/install/package_with_interfaces/lib'
[1.333s] Level 1:colcon.colcon_core.shell:create_environment_hook('package_with_interfaces', 'ld_library_path_lib')
[1.334s] INFO:colcon.colcon_core.shell:Creating environment hook '/home/delewlew/ros2_tutorial_workspace/install/package_with_interfaces/share/package_with_interfaces/hook/ld_library_path_lib.ps1'
[1.334s] INFO:colcon.colcon_core.shell:Creating environment descriptor '/home/delewlew/ros2_tutorial_workspace/install/package_with_interfaces/share/package_with_interfaces/hook/ld_library_path_lib.dsv'
[1.335s] INFO:colcon.colcon_core.shell:Creating environment hook '/home/delewlew/ros2_tutorial_workspace/install/package_with_interfaces/share/package_with_interfaces/hook/ld_library_path_lib.sh'
[1.336s] Level 1:colcon.colcon_core.environment:checking '/home/delewlew/ros2_tutorial_workspace/install/package_with_interfaces/bin'
[1.336s] Level 1:colcon.colcon_core.environment:checking '/home/delewlew/ros2_tutorial_workspace/install/package_with_interfaces/lib/pkgconfig/package_with_interfaces.pc'
[1.337s] Level 1:colcon.colcon_core.environment:checking '/home/delewlew/ros2_tutorial_workspace/install/package_with_interfaces/lib/python3.10/site-packages'
[1.337s] Level 1:colcon.colcon_core.environment:checking '/home/delewlew/ros2_tutorial_workspace/install/package_with_interfaces/bin'
[1.338s] INFO:colcon.colcon_core.shell:Creating package script '/home/delewlew/ros2_tutorial_workspace/install/package_with_interfaces/share/package_with_interfaces/package.ps1'
[1.339s] INFO:colcon.colcon_core.shell:Creating package descriptor '/home/delewlew/ros2_tutorial_workspace/install/package_with_interfaces/share/package_with_interfaces/package.dsv'
[1.340s] INFO:colcon.colcon_core.shell:Creating package script '/home/delewlew/ros2_tutorial_workspace/install/package_with_interfaces/share/package_with_interfaces/package.sh'
[1.342s] INFO:colcon.colcon_core.shell:Creating package script '/home/delewlew/ros2_tutorial_workspace/install/package_with_interfaces/share/package_with_interfaces/package.bash'
[1.343s] INFO:colcon.colcon_core.shell:Creating package script '/home/delewlew/ros2_tutorial_workspace/install/package_with_interfaces/share/package_with_interfaces/package.zsh'
[1.345s] Level 1:colcon.colcon_core.environment:create_file_with_runtime_dependencies(/home/delewlew/ros2_tutorial_workspace/install/package_with_interfaces/share/colcon-core/packages/package_with_interfaces)
[1.346s] INFO:colcon.colcon_ros.task.ament_python.build:Building ROS package in '/home/delewlew/ros2_tutorial_workspace/src/python_package_that_uses_parameters_and_launch_files' with build type 'ament_python'
[1.346s] Level 1:colcon.colcon_core.shell:create_environment_hook('python_package_that_uses_parameters_and_launch_files', 'ament_prefix_path')
[1.347s] INFO:colcon.colcon_core.shell:Creating environment hook '/home/delewlew/ros2_tutorial_workspace/install/python_package_that_uses_parameters_and_launch_files/share/python_package_that_uses_parameters_and_launch_files/hook/ament_prefix_path.ps1'
[1.349s] INFO:colcon.colcon_core.shell:Creating environment descriptor '/home/delewlew/ros2_tutorial_workspace/install/python_package_that_uses_parameters_and_launch_files/share/python_package_that_uses_parameters_and_launch_files/hook/ament_prefix_path.dsv'
[1.352s] INFO:colcon.colcon_core.shell:Creating environment hook '/home/delewlew/ros2_tutorial_workspace/install/python_package_that_uses_parameters_and_launch_files/share/python_package_that_uses_parameters_and_launch_files/hook/ament_prefix_path.sh'
[1.354s] INFO:colcon.colcon_core.shell:Skip shell extension 'powershell' for command environment: Not usable outside of PowerShell
[1.355s] DEBUG:colcon.colcon_core.shell:Skip shell extension 'dsv' for command environment
[1.359s] INFO:colcon.colcon_ros.task.ament_python.build:Building ROS package in '/home/delewlew/ros2_tutorial_workspace/src/python_package_that_uses_the_messages' with build type 'ament_python'
[1.359s] Level 1:colcon.colcon_core.shell:create_environment_hook('python_package_that_uses_the_messages', 'ament_prefix_path')
[1.360s] INFO:colcon.colcon_core.shell:Creating environment hook '/home/delewlew/ros2_tutorial_workspace/install/python_package_that_uses_the_messages/share/python_package_that_uses_the_messages/hook/ament_prefix_path.ps1'
[1.361s] INFO:colcon.colcon_core.shell:Creating environment descriptor '/home/delewlew/ros2_tutorial_workspace/install/python_package_that_uses_the_messages/share/python_package_that_uses_the_messages/hook/ament_prefix_path.dsv'
[1.361s] INFO:colcon.colcon_core.shell:Creating environment hook '/home/delewlew/ros2_tutorial_workspace/install/python_package_that_uses_the_messages/share/python_package_that_uses_the_messages/hook/ament_prefix_path.sh'
[1.362s] INFO:colcon.colcon_core.shell:Skip shell extension 'powershell' for command environment: Not usable outside of PowerShell
[1.362s] DEBUG:colcon.colcon_core.shell:Skip shell extension 'dsv' for command environment
[1.606s] INFO:colcon.colcon_core.task.python.build:Building Python package in '/home/delewlew/ros2_tutorial_workspace/src/python_package_that_uses_parameters_and_launch_files'
[1.606s] INFO:colcon.colcon_core.shell:Skip shell extension 'powershell' for command environment: Not usable outside of PowerShell
[1.607s] DEBUG:colcon.colcon_core.shell:Skip shell extension 'dsv' for command environment
[1.806s] INFO:colcon.colcon_core.task.python.build:Building Python package in '/home/delewlew/ros2_tutorial_workspace/src/python_package_that_uses_the_messages'
[1.806s] INFO:colcon.colcon_core.shell:Skip shell extension 'powershell' for command environment: Not usable outside of PowerShell
[1.806s] DEBUG:colcon.colcon_core.shell:Skip shell extension 'dsv' for command environment
[1.810s] Level 1:colcon.colcon_core.environment:checking '/home/delewlew/ros2_tutorial_workspace/install/custom_publisher_package' for CMake module files
[1.811s] DEBUG:colcon.colcon_core.event_handler.log_command:Invoked command in '/home/delewlew/ros2_tutorial_workspace/src/custom_publisher_package' returned '0': PYTHONPATH=/home/delewlew/ros2_tutorial_workspace/build/custom_publisher_package/prefix_override:/usr/lib/python3/dist-packages/colcon_core/task/python/colcon_distutils_commands:/home/delewlew/ros2_tutorial_workspace/install/custom_publisher_package/lib/python3.10/site-packages:${PYTHONPATH} /usr/bin/python3 -W ignore:setup.py install is deprecated setup.py egg_info --egg-base ../../build/custom_publisher_package build --build-base /home/delewlew/ros2_tutorial_workspace/build/custom_publisher_package/build install --record /home/delewlew/ros2_tutorial_workspace/build/custom_publisher_package/install.log --single-version-externally-managed install_data
[1.811s] Level 1:colcon.colcon_core.environment:checking '/home/delewlew/ros2_tutorial_workspace/install/custom_publisher_package' for CMake config files
[1.811s] Level 1:colcon.colcon_core.environment:checking '/home/delewlew/ros2_tutorial_workspace/install/custom_publisher_package/lib'
[1.812s] Level 1:colcon.colcon_core.environment:checking '/home/delewlew/ros2_tutorial_workspace/install/custom_publisher_package/bin'
[1.812s] Level 1:colcon.colcon_core.environment:checking '/home/delewlew/ros2_tutorial_workspace/install/custom_publisher_package/lib/pkgconfig/custom_publisher_package.pc'
[1.812s] Level 1:colcon.colcon_core.environment:checking '/home/delewlew/ros2_tutorial_workspace/install/custom_publisher_package/lib/python3.10/site-packages'
[1.812s] Level 1:colcon.colcon_core.shell:create_environment_hook('custom_publisher_package', 'pythonpath')
[1.812s] INFO:colcon.colcon_core.shell:Creating environment hook '/home/delewlew/ros2_tutorial_workspace/install/custom_publisher_package/share/custom_publisher_package/hook/pythonpath.ps1'
[1.812s] INFO:colcon.colcon_core.shell:Creating environment descriptor '/home/delewlew/ros2_tutorial_workspace/install/custom_publisher_package/share/custom_publisher_package/hook/pythonpath.dsv'
[1.813s] INFO:colcon.colcon_core.shell:Creating environment hook '/home/delewlew/ros2_tutorial_workspace/install/custom_publisher_package/share/custom_publisher_package/hook/pythonpath.sh'
[1.814s] Level 1:colcon.colcon_core.environment:checking '/home/delewlew/ros2_tutorial_workspace/install/custom_publisher_package/bin'
[1.815s] Level 1:colcon.colcon_core.environment:create_environment_scripts_only(custom_publisher_package)
[1.815s] INFO:colcon.colcon_core.shell:Creating package script '/home/delewlew/ros2_tutorial_workspace/install/custom_publisher_package/share/custom_publisher_package/package.ps1'
[1.816s] INFO:colcon.colcon_core.shell:Creating package descriptor '/home/delewlew/ros2_tutorial_workspace/install/custom_publisher_package/share/custom_publisher_package/package.dsv'
[1.816s] INFO:colcon.colcon_core.shell:Creating package script '/home/delewlew/ros2_tutorial_workspace/install/custom_publisher_package/share/custom_publisher_package/package.sh'
[1.817s] INFO:colcon.colcon_core.shell:Creating package script '/home/delewlew/ros2_tutorial_workspace/install/custom_publisher_package/share/custom_publisher_package/package.bash'
[1.817s] INFO:colcon.colcon_core.shell:Creating package script '/home/delewlew/ros2_tutorial_workspace/install/custom_publisher_package/share/custom_publisher_package/package.zsh'
[1.818s] Level 1:colcon.colcon_core.environment:create_file_with_runtime_dependencies(/home/delewlew/ros2_tutorial_workspace/install/custom_publisher_package/share/colcon-core/packages/custom_publisher_package)
[2.130s] DEBUG:colcon.colcon_core.event_handler.log_command:Invoking command in '/home/delewlew/ros2_tutorial_workspace/src/python_package_that_uses_the_messages': PYTHONPATH=/home/delewlew/ros2_tutorial_workspace/build/python_package_that_uses_the_messages/prefix_override:/usr/lib/python3/dist-packages/colcon_core/task/python/colcon_distutils_commands:/home/delewlew/ros2_tutorial_workspace/install/python_package_that_uses_the_messages/lib/python3.10/site-packages:${PYTHONPATH} /usr/bin/python3 -W ignore:setup.py install is deprecated setup.py egg_info --egg-base ../../build/python_package_that_uses_the_messages build --build-base /home/delewlew/ros2_tutorial_workspace/build/python_package_that_uses_the_messages/build install --record /home/delewlew/ros2_tutorial_workspace/build/python_package_that_uses_the_messages/install.log --single-version-externally-managed install_data
[2.147s] DEBUG:colcon.colcon_core.event_handler.log_command:Invoking command in '/home/delewlew/ros2_tutorial_workspace/src/python_package_that_uses_parameters_and_launch_files': PYTHONPATH=/home/delewlew/ros2_tutorial_workspace/build/python_package_that_uses_parameters_and_launch_files/prefix_override:/usr/lib/python3/dist-packages/colcon_core/task/python/colcon_distutils_commands:/home/delewlew/ros2_tutorial_workspace/install/python_package_that_uses_parameters_and_launch_files/lib/python3.10/site-packages:${PYTHONPATH} /usr/bin/python3 -W ignore:setup.py install is deprecated setup.py egg_info --egg-base ../../build/python_package_that_uses_parameters_and_launch_files build --build-base /home/delewlew/ros2_tutorial_workspace/build/python_package_that_uses_parameters_and_launch_files/build install --record /home/delewlew/ros2_tutorial_workspace/build/python_package_that_uses_parameters_and_launch_files/install.log --single-version-externally-managed install_data
[2.424s] Level 1:colcon.colcon_core.environment:checking '/home/delewlew/ros2_tutorial_workspace/install/python_package_that_uses_parameters_and_launch_files' for CMake module files
[2.425s] DEBUG:colcon.colcon_core.event_handler.log_command:Invoked command in '/home/delewlew/ros2_tutorial_workspace/src/python_package_that_uses_parameters_and_launch_files' returned '0': PYTHONPATH=/home/delewlew/ros2_tutorial_workspace/build/python_package_that_uses_parameters_and_launch_files/prefix_override:/usr/lib/python3/dist-packages/colcon_core/task/python/colcon_distutils_commands:/home/delewlew/ros2_tutorial_workspace/install/python_package_that_uses_parameters_and_launch_files/lib/python3.10/site-packages:${PYTHONPATH} /usr/bin/python3 -W ignore:setup.py install is deprecated setup.py egg_info --egg-base ../../build/python_package_that_uses_parameters_and_launch_files build --build-base /home/delewlew/ros2_tutorial_workspace/build/python_package_that_uses_parameters_and_launch_files/build install --record /home/delewlew/ros2_tutorial_workspace/build/python_package_that_uses_parameters_and_launch_files/install.log --single-version-externally-managed install_data
[2.426s] Level 1:colcon.colcon_core.environment:checking '/home/delewlew/ros2_tutorial_workspace/install/python_package_that_uses_parameters_and_launch_files' for CMake config files
[2.427s] Level 1:colcon.colcon_core.environment:checking '/home/delewlew/ros2_tutorial_workspace/install/python_package_that_uses_parameters_and_launch_files/lib'
[2.427s] Level 1:colcon.colcon_core.environment:checking '/home/delewlew/ros2_tutorial_workspace/install/python_package_that_uses_parameters_and_launch_files/bin'
[2.427s] Level 1:colcon.colcon_core.environment:checking '/home/delewlew/ros2_tutorial_workspace/install/python_package_that_uses_parameters_and_launch_files/lib/pkgconfig/python_package_that_uses_parameters_and_launch_files.pc'
[2.427s] Level 1:colcon.colcon_core.environment:checking '/home/delewlew/ros2_tutorial_workspace/install/python_package_that_uses_parameters_and_launch_files/lib/python3.10/site-packages'
[2.427s] Level 1:colcon.colcon_core.shell:create_environment_hook('python_package_that_uses_parameters_and_launch_files', 'pythonpath')
[2.428s] INFO:colcon.colcon_core.shell:Creating environment hook '/home/delewlew/ros2_tutorial_workspace/install/python_package_that_uses_parameters_and_launch_files/share/python_package_that_uses_parameters_and_launch_files/hook/pythonpath.ps1'
[2.428s] INFO:colcon.colcon_core.shell:Creating environment descriptor '/home/delewlew/ros2_tutorial_workspace/install/python_package_that_uses_parameters_and_launch_files/share/python_package_that_uses_parameters_and_launch_files/hook/pythonpath.dsv'
[2.429s] INFO:colcon.colcon_core.shell:Creating environment hook '/home/delewlew/ros2_tutorial_workspace/install/python_package_that_uses_parameters_and_launch_files/share/python_package_that_uses_parameters_and_launch_files/hook/pythonpath.sh'
[2.430s] Level 1:colcon.colcon_core.environment:checking '/home/delewlew/ros2_tutorial_workspace/install/python_package_that_uses_parameters_and_launch_files/bin'
[2.430s] Level 1:colcon.colcon_core.environment:create_environment_scripts_only(python_package_that_uses_parameters_and_launch_files)
[2.431s] INFO:colcon.colcon_core.shell:Creating package script '/home/delewlew/ros2_tutorial_workspace/install/python_package_that_uses_parameters_and_launch_files/share/python_package_that_uses_parameters_and_launch_files/package.ps1'
[2.432s] INFO:colcon.colcon_core.shell:Creating package descriptor '/home/delewlew/ros2_tutorial_workspace/install/python_package_that_uses_parameters_and_launch_files/share/python_package_that_uses_parameters_and_launch_files/package.dsv'
[2.432s] INFO:colcon.colcon_core.shell:Creating package script '/home/delewlew/ros2_tutorial_workspace/install/python_package_that_uses_parameters_and_launch_files/share/python_package_that_uses_parameters_and_launch_files/package.sh'
[2.433s] INFO:colcon.colcon_core.shell:Creating package script '/home/delewlew/ros2_tutorial_workspace/install/python_package_that_uses_parameters_and_launch_files/share/python_package_that_uses_parameters_and_launch_files/package.bash'
[2.433s] INFO:colcon.colcon_core.shell:Creating package script '/home/delewlew/ros2_tutorial_workspace/install/python_package_that_uses_parameters_and_launch_files/share/python_package_that_uses_parameters_and_launch_files/package.zsh'
[2.433s] Level 1:colcon.colcon_core.environment:create_file_with_runtime_dependencies(/home/delewlew/ros2_tutorial_workspace/install/python_package_that_uses_parameters_and_launch_files/share/colcon-core/packages/python_package_that_uses_parameters_and_launch_files)
[2.436s] Level 1:colcon.colcon_core.environment:checking '/home/delewlew/ros2_tutorial_workspace/install/python_package_that_uses_the_messages' for CMake module files
[2.438s] DEBUG:colcon.colcon_core.event_handler.log_command:Invoked command in '/home/delewlew/ros2_tutorial_workspace/src/python_package_that_uses_the_messages' returned '0': PYTHONPATH=/home/delewlew/ros2_tutorial_workspace/build/python_package_that_uses_the_messages/prefix_override:/usr/lib/python3/dist-packages/colcon_core/task/python/colcon_distutils_commands:/home/delewlew/ros2_tutorial_workspace/install/python_package_that_uses_the_messages/lib/python3.10/site-packages:${PYTHONPATH} /usr/bin/python3 -W ignore:setup.py install is deprecated setup.py egg_info --egg-base ../../build/python_package_that_uses_the_messages build --build-base /home/delewlew/ros2_tutorial_workspace/build/python_package_that_uses_the_messages/build install --record /home/delewlew/ros2_tutorial_workspace/build/python_package_that_uses_the_messages/install.log --single-version-externally-managed install_data
[2.438s] Level 1:colcon.colcon_core.environment:checking '/home/delewlew/ros2_tutorial_workspace/install/python_package_that_uses_the_messages' for CMake config files
[2.439s] Level 1:colcon.colcon_core.environment:checking '/home/delewlew/ros2_tutorial_workspace/install/python_package_that_uses_the_messages/lib'
[2.439s] Level 1:colcon.colcon_core.environment:checking '/home/delewlew/ros2_tutorial_workspace/install/python_package_that_uses_the_messages/bin'
[2.439s] Level 1:colcon.colcon_core.environment:checking '/home/delewlew/ros2_tutorial_workspace/install/python_package_that_uses_the_messages/lib/pkgconfig/python_package_that_uses_the_messages.pc'
[2.440s] Level 1:colcon.colcon_core.environment:checking '/home/delewlew/ros2_tutorial_workspace/install/python_package_that_uses_the_messages/lib/python3.10/site-packages'
[2.440s] Level 1:colcon.colcon_core.shell:create_environment_hook('python_package_that_uses_the_messages', 'pythonpath')
[2.440s] INFO:colcon.colcon_core.shell:Creating environment hook '/home/delewlew/ros2_tutorial_workspace/install/python_package_that_uses_the_messages/share/python_package_that_uses_the_messages/hook/pythonpath.ps1'
[2.441s] INFO:colcon.colcon_core.shell:Creating environment descriptor '/home/delewlew/ros2_tutorial_workspace/install/python_package_that_uses_the_messages/share/python_package_that_uses_the_messages/hook/pythonpath.dsv'
[2.442s] INFO:colcon.colcon_core.shell:Creating environment hook '/home/delewlew/ros2_tutorial_workspace/install/python_package_that_uses_the_messages/share/python_package_that_uses_the_messages/hook/pythonpath.sh'
[2.444s] Level 1:colcon.colcon_core.environment:checking '/home/delewlew/ros2_tutorial_workspace/install/python_package_that_uses_the_messages/bin'
[2.444s] Level 1:colcon.colcon_core.environment:create_environment_scripts_only(python_package_that_uses_the_messages)
[2.445s] INFO:colcon.colcon_core.shell:Creating package script '/home/delewlew/ros2_tutorial_workspace/install/python_package_that_uses_the_messages/share/python_package_that_uses_the_messages/package.ps1'
[2.446s] INFO:colcon.colcon_core.shell:Creating package descriptor '/home/delewlew/ros2_tutorial_workspace/install/python_package_that_uses_the_messages/share/python_package_that_uses_the_messages/package.dsv'
[2.448s] INFO:colcon.colcon_core.shell:Creating package script '/home/delewlew/ros2_tutorial_workspace/install/python_package_that_uses_the_messages/share/python_package_that_uses_the_messages/package.sh'
[2.448s] INFO:colcon.colcon_core.shell:Creating package script '/home/delewlew/ros2_tutorial_workspace/install/python_package_that_uses_the_messages/share/python_package_that_uses_the_messages/package.bash'
[2.450s] INFO:colcon.colcon_core.shell:Creating package script '/home/delewlew/ros2_tutorial_workspace/install/python_package_that_uses_the_messages/share/python_package_that_uses_the_messages/package.zsh'
[2.452s] Level 1:colcon.colcon_core.environment:create_file_with_runtime_dependencies(/home/delewlew/ros2_tutorial_workspace/install/python_package_that_uses_the_messages/share/colcon-core/packages/python_package_that_uses_the_messages)
[2.453s] DEBUG:colcon.colcon_parallel_executor.executor.parallel:closing loop
[2.454s] DEBUG:colcon.colcon_parallel_executor.executor.parallel:loop closed
[2.454s] DEBUG:colcon.colcon_parallel_executor.executor.parallel:run_until_complete finished with '0'
[2.454s] DEBUG:colcon.colcon_core.event_reactor:joining thread
[2.462s] INFO:colcon.colcon_core.plugin_system:Skipping extension 'colcon_notification.desktop_notification.terminal_notifier': Not used on non-Darwin systems
[2.462s] INFO:colcon.colcon_core.plugin_system:Skipping extension 'colcon_notification.desktop_notification.win32': Not used on non-Windows systems
[2.462s] INFO:colcon.colcon_notification.desktop_notification:Sending desktop notification using 'notify2'
[2.482s] DEBUG:colcon.colcon_core.event_reactor:joined thread
[2.483s] INFO:colcon.colcon_core.shell:Creating prefix script '/home/delewlew/ros2_tutorial_workspace/install/local_setup.ps1'
[2.484s] INFO:colcon.colcon_core.shell:Creating prefix util module '/home/delewlew/ros2_tutorial_workspace/install/_local_setup_util_ps1.py'
[2.487s] INFO:colcon.colcon_core.shell:Creating prefix chain script '/home/delewlew/ros2_tutorial_workspace/install/setup.ps1'
[2.490s] INFO:colcon.colcon_core.shell:Creating prefix script '/home/delewlew/ros2_tutorial_workspace/install/local_setup.sh'
[2.492s] INFO:colcon.colcon_core.shell:Creating prefix util module '/home/delewlew/ros2_tutorial_workspace/install/_local_setup_util_sh.py'
[2.494s] INFO:colcon.colcon_core.shell:Creating prefix chain script '/home/delewlew/ros2_tutorial_workspace/install/setup.sh'
[2.498s] INFO:colcon.colcon_core.shell:Creating prefix script '/home/delewlew/ros2_tutorial_workspace/install/local_setup.bash'
[2.500s] INFO:colcon.colcon_core.shell:Creating prefix chain script '/home/delewlew/ros2_tutorial_workspace/install/setup.bash'
[2.504s] INFO:colcon.colcon_core.shell:Creating prefix script '/home/delewlew/ros2_tutorial_workspace/install/local_setup.zsh'
[2.506s] INFO:colcon.colcon_core.shell:Creating prefix chain script '/home/delewlew/ros2_tutorial_workspace/install/setup.zsh'
