[0.081s] DEBUG:colcon:Command line arguments: ['/usr/bin/colcon', 'build']
[0.081s] DEBUG:colcon:Parsed command line arguments: Namespace(log_base=None, log_level=None, verb_name='build', build_base='build', install_base='install', merge_install=False, symlink_install=False, test_result_base=None, continue_on_error=False, executor='parallel', parallel_workers=12, event_handlers=None, ignore_user_meta=False, metas=['./colcon.meta'], base_paths=['.'], packages_ignore=None, packages_ignore_regex=None, paths=None, packages_up_to=None, packages_up_to_regex=None, packages_above=None, packages_above_and_dependencies=None, packages_above_depth=None, packages_select_by_dep=None, packages_skip_by_dep=None, packages_skip_up_to=None, packages_select_build_failed=False, packages_skip_build_finished=False, packages_select_test_failures=False, packages_skip_test_passed=False, packages_select=None, packages_skip=None, packages_select_regex=None, packages_skip_regex=None, packages_start=None, packages_end=None, allow_overriding=[], cmake_args=None, cmake_target=None, cmake_target_skip_unavailable=False, cmake_clean_cache=False, cmake_clean_first=False, cmake_force_configure=False, ament_cmake_args=None, catkin_cmake_args=None, catkin_skip_building_tests=False, mixin_files=None, mixin=None, verb_parser=<colcon_mixin.mixin.mixin_argument.MixinArgumentDecorator object at 0x7a64733ae5f0>, verb_extension=<colcon_core.verb.build.BuildVerb object at 0x7a647352ac80>, main=<bound method BuildVerb.main of <colcon_core.verb.build.BuildVerb object at 0x7a647352ac80>>, mixin_verb=('build',))
[0.196s] Level 1:colcon.colcon_core.package_discovery:discover_packages(colcon_meta) check parameters
[0.196s] Level 1:colcon.colcon_core.package_discovery:discover_packages(recursive) check parameters
[0.196s] Level 1:colcon.colcon_core.package_discovery:discover_packages(ignore) check parameters
[0.196s] Level 1:colcon.colcon_core.package_discovery:discover_packages(path) check parameters
[0.196s] Level 1:colcon.colcon_core.package_discovery:discover_packages(colcon_meta) discover
[0.196s] Level 1:colcon.colcon_core.package_discovery:discover_packages(recursive) discover
[0.197s] INFO:colcon.colcon_core.package_discovery:Crawling recursively for packages in '/home/delewlew/ros2_tutorial_workspace_2/src'
[0.197s] Level 1:colcon.colcon_core.package_identification:_identify(.) by extensions ['ignore', 'ignore_ament_install']
[0.197s] Level 1:colcon.colcon_core.package_identification:_identify(.) by extension 'ignore'
[0.197s] Level 1:colcon.colcon_core.package_identification:_identify(.) by extension 'ignore_ament_install'
[0.197s] Level 1:colcon.colcon_core.package_identification:_identify(.) by extensions ['colcon_pkg']
[0.197s] Level 1:colcon.colcon_core.package_identification:_identify(.) by extension 'colcon_pkg'
[0.197s] Level 1:colcon.colcon_core.package_identification:_identify(.) by extensions ['colcon_meta']
[0.197s] Level 1:colcon.colcon_core.package_identification:_identify(.) by extension 'colcon_meta'
[0.197s] Level 1:colcon.colcon_core.package_identification:_identify(.) by extensions ['ros']
[0.197s] Level 1:colcon.colcon_core.package_identification:_identify(.) by extension 'ros'
[0.205s] Level 1:colcon.colcon_core.package_identification:_identify(.) by extensions ['cmake', 'python']
[0.205s] Level 1:colcon.colcon_core.package_identification:_identify(.) by extension 'cmake'
[0.206s] Level 1:colcon.colcon_core.package_identification:_identify(.) by extension 'python'
[0.206s] Level 1:colcon.colcon_core.package_identification:_identify(.) by extensions ['python_setup_py']
[0.206s] Level 1:colcon.colcon_core.package_identification:_identify(.) by extension 'python_setup_py'
[0.206s] Level 1:colcon.colcon_core.package_identification:_identify(build) by extensions ['ignore', 'ignore_ament_install']
[0.206s] Level 1:colcon.colcon_core.package_identification:_identify(build) by extension 'ignore'
[0.206s] Level 1:colcon.colcon_core.package_identification:_identify(build) ignored
[0.206s] Level 1:colcon.colcon_core.package_identification:_identify(install) by extensions ['ignore', 'ignore_ament_install']
[0.206s] Level 1:colcon.colcon_core.package_identification:_identify(install) by extension 'ignore'
[0.206s] Level 1:colcon.colcon_core.package_identification:_identify(install) ignored
[0.206s] Level 1:colcon.colcon_core.package_identification:_identify(log) by extensions ['ignore', 'ignore_ament_install']
[0.206s] Level 1:colcon.colcon_core.package_identification:_identify(log) by extension 'ignore'
[0.206s] Level 1:colcon.colcon_core.package_identification:_identify(log) ignored
[0.206s] Level 1:colcon.colcon_core.package_identification:_identify(package_with_interfaces) by extensions ['ignore', 'ignore_ament_install']
[0.206s] Level 1:colcon.colcon_core.package_identification:_identify(package_with_interfaces) by extension 'ignore'
[0.206s] Level 1:colcon.colcon_core.package_identification:_identify(package_with_interfaces) by extension 'ignore_ament_install'
[0.206s] Level 1:colcon.colcon_core.package_identification:_identify(package_with_interfaces) by extensions ['colcon_pkg']
[0.206s] Level 1:colcon.colcon_core.package_identification:_identify(package_with_interfaces) by extension 'colcon_pkg'
[0.206s] Level 1:colcon.colcon_core.package_identification:_identify(package_with_interfaces) by extensions ['colcon_meta']
[0.206s] Level 1:colcon.colcon_core.package_identification:_identify(package_with_interfaces) by extension 'colcon_meta'
[0.206s] Level 1:colcon.colcon_core.package_identification:_identify(package_with_interfaces) by extensions ['ros']
[0.206s] Level 1:colcon.colcon_core.package_identification:_identify(package_with_interfaces) by extension 'ros'
[0.208s] DEBUG:colcon.colcon_core.package_identification:Package 'package_with_interfaces' with type 'ros.ament_cmake' and name 'package_with_interfaces'
[0.208s] Level 1:colcon.colcon_core.package_identification:_identify(python_package_that_uses_paramameters_and_launch_files) by extensions ['ignore', 'ignore_ament_install']
[0.208s] Level 1:colcon.colcon_core.package_identification:_identify(python_package_that_uses_paramameters_and_launch_files) by extension 'ignore'
[0.209s] Level 1:colcon.colcon_core.package_identification:_identify(python_package_that_uses_paramameters_and_launch_files) by extension 'ignore_ament_install'
[0.209s] Level 1:colcon.colcon_core.package_identification:_identify(python_package_that_uses_paramameters_and_launch_files) by extensions ['colcon_pkg']
[0.209s] Level 1:colcon.colcon_core.package_identification:_identify(python_package_that_uses_paramameters_and_launch_files) by extension 'colcon_pkg'
[0.209s] Level 1:colcon.colcon_core.package_identification:_identify(python_package_that_uses_paramameters_and_launch_files) by extensions ['colcon_meta']
[0.209s] Level 1:colcon.colcon_core.package_identification:_identify(python_package_that_uses_paramameters_and_launch_files) by extension 'colcon_meta'
[0.209s] Level 1:colcon.colcon_core.package_identification:_identify(python_package_that_uses_paramameters_and_launch_files) by extensions ['ros']
[0.209s] Level 1:colcon.colcon_core.package_identification:_identify(python_package_that_uses_paramameters_and_launch_files) by extension 'ros'
[0.209s] DEBUG:colcon.colcon_core.package_identification:Package 'python_package_that_uses_paramameters_and_launch_files' with type 'ros.ament_python' and name 'python_package_that_uses_paramameters_and_launch_files'
[0.209s] Level 1:colcon.colcon_core.package_identification:_identify(python_package_that_uses_the_library) by extensions ['ignore', 'ignore_ament_install']
[0.209s] Level 1:colcon.colcon_core.package_identification:_identify(python_package_that_uses_the_library) by extension 'ignore'
[0.209s] Level 1:colcon.colcon_core.package_identification:_identify(python_package_that_uses_the_library) by extension 'ignore_ament_install'
[0.209s] Level 1:colcon.colcon_core.package_identification:_identify(python_package_that_uses_the_library) by extensions ['colcon_pkg']
[0.210s] Level 1:colcon.colcon_core.package_identification:_identify(python_package_that_uses_the_library) by extension 'colcon_pkg'
[0.210s] Level 1:colcon.colcon_core.package_identification:_identify(python_package_that_uses_the_library) by extensions ['colcon_meta']
[0.210s] Level 1:colcon.colcon_core.package_identification:_identify(python_package_that_uses_the_library) by extension 'colcon_meta'
[0.210s] Level 1:colcon.colcon_core.package_identification:_identify(python_package_that_uses_the_library) by extensions ['ros']
[0.210s] Level 1:colcon.colcon_core.package_identification:_identify(python_package_that_uses_the_library) by extension 'ros'
[0.210s] DEBUG:colcon.colcon_core.package_identification:Package 'python_package_that_uses_the_library' with type 'ros.ament_python' and name 'python_package_that_uses_the_library'
[0.210s] Level 1:colcon.colcon_core.package_identification:_identify(python_package_that_uses_the_messages) by extensions ['ignore', 'ignore_ament_install']
[0.210s] Level 1:colcon.colcon_core.package_identification:_identify(python_package_that_uses_the_messages) by extension 'ignore'
[0.210s] Level 1:colcon.colcon_core.package_identification:_identify(python_package_that_uses_the_messages) by extension 'ignore_ament_install'
[0.210s] Level 1:colcon.colcon_core.package_identification:_identify(python_package_that_uses_the_messages) by extensions ['colcon_pkg']
[0.210s] Level 1:colcon.colcon_core.package_identification:_identify(python_package_that_uses_the_messages) by extension 'colcon_pkg'
[0.210s] Level 1:colcon.colcon_core.package_identification:_identify(python_package_that_uses_the_messages) by extensions ['colcon_meta']
[0.210s] Level 1:colcon.colcon_core.package_identification:_identify(python_package_that_uses_the_messages) by extension 'colcon_meta'
[0.210s] Level 1:colcon.colcon_core.package_identification:_identify(python_package_that_uses_the_messages) by extensions ['ros']
[0.210s] Level 1:colcon.colcon_core.package_identification:_identify(python_package_that_uses_the_messages) by extension 'ros'
[0.211s] DEBUG:colcon.colcon_core.package_identification:Package 'python_package_that_uses_the_messages' with type 'ros.ament_python' and name 'python_package_that_uses_the_messages'
[0.211s] Level 1:colcon.colcon_core.package_identification:_identify(python_package_that_uses_the_services) by extensions ['ignore', 'ignore_ament_install']
[0.211s] Level 1:colcon.colcon_core.package_identification:_identify(python_package_that_uses_the_services) by extension 'ignore'
[0.211s] Level 1:colcon.colcon_core.package_identification:_identify(python_package_that_uses_the_services) by extension 'ignore_ament_install'
[0.211s] Level 1:colcon.colcon_core.package_identification:_identify(python_package_that_uses_the_services) by extensions ['colcon_pkg']
[0.211s] Level 1:colcon.colcon_core.package_identification:_identify(python_package_that_uses_the_services) by extension 'colcon_pkg'
[0.211s] Level 1:colcon.colcon_core.package_identification:_identify(python_package_that_uses_the_services) by extensions ['colcon_meta']
[0.211s] Level 1:colcon.colcon_core.package_identification:_identify(python_package_that_uses_the_services) by extension 'colcon_meta'
[0.211s] Level 1:colcon.colcon_core.package_identification:_identify(python_package_that_uses_the_services) by extensions ['ros']
[0.211s] Level 1:colcon.colcon_core.package_identification:_identify(python_package_that_uses_the_services) by extension 'ros'
[0.212s] DEBUG:colcon.colcon_core.package_identification:Package 'python_package_that_uses_the_services' with type 'ros.ament_python' and name 'python_package_that_uses_the_services'
[0.212s] Level 1:colcon.colcon_core.package_identification:_identify(python_package_with_a_library) by extensions ['ignore', 'ignore_ament_install']
[0.212s] Level 1:colcon.colcon_core.package_identification:_identify(python_package_with_a_library) by extension 'ignore'
[0.212s] Level 1:colcon.colcon_core.package_identification:_identify(python_package_with_a_library) by extension 'ignore_ament_install'
[0.212s] Level 1:colcon.colcon_core.package_identification:_identify(python_package_with_a_library) by extensions ['colcon_pkg']
[0.212s] Level 1:colcon.colcon_core.package_identification:_identify(python_package_with_a_library) by extension 'colcon_pkg'
[0.212s] Level 1:colcon.colcon_core.package_identification:_identify(python_package_with_a_library) by extensions ['colcon_meta']
[0.212s] Level 1:colcon.colcon_core.package_identification:_identify(python_package_with_a_library) by extension 'colcon_meta'
[0.212s] Level 1:colcon.colcon_core.package_identification:_identify(python_package_with_a_library) by extensions ['ros']
[0.212s] Level 1:colcon.colcon_core.package_identification:_identify(python_package_with_a_library) by extension 'ros'
[0.212s] DEBUG:colcon.colcon_core.package_identification:Package 'python_package_with_a_library' with type 'ros.ament_python' and name 'python_package_with_a_library'
[0.212s] Level 1:colcon.colcon_core.package_identification:_identify(python_package_with_a_node) by extensions ['ignore', 'ignore_ament_install']
[0.212s] Level 1:colcon.colcon_core.package_identification:_identify(python_package_with_a_node) by extension 'ignore'
[0.212s] Level 1:colcon.colcon_core.package_identification:_identify(python_package_with_a_node) by extension 'ignore_ament_install'
[0.212s] Level 1:colcon.colcon_core.package_identification:_identify(python_package_with_a_node) by extensions ['colcon_pkg']
[0.213s] Level 1:colcon.colcon_core.package_identification:_identify(python_package_with_a_node) by extension 'colcon_pkg'
[0.213s] Level 1:colcon.colcon_core.package_identification:_identify(python_package_with_a_node) by extensions ['colcon_meta']
[0.213s] Level 1:colcon.colcon_core.package_identification:_identify(python_package_with_a_node) by extension 'colcon_meta'
[0.213s] Level 1:colcon.colcon_core.package_identification:_identify(python_package_with_a_node) by extensions ['ros']
[0.213s] Level 1:colcon.colcon_core.package_identification:_identify(python_package_with_a_node) by extension 'ros'
[0.213s] DEBUG:colcon.colcon_core.package_identification:Package 'python_package_with_a_node' with type 'ros.ament_python' and name 'python_package_with_a_node'
[0.213s] Level 1:colcon.colcon_core.package_identification:_identify(the_simplest_python_package) by extensions ['ignore', 'ignore_ament_install']
[0.213s] Level 1:colcon.colcon_core.package_identification:_identify(the_simplest_python_package) by extension 'ignore'
[0.213s] Level 1:colcon.colcon_core.package_identification:_identify(the_simplest_python_package) by extension 'ignore_ament_install'
[0.213s] Level 1:colcon.colcon_core.package_identification:_identify(the_simplest_python_package) by extensions ['colcon_pkg']
[0.213s] Level 1:colcon.colcon_core.package_identification:_identify(the_simplest_python_package) by extension 'colcon_pkg'
[0.213s] Level 1:colcon.colcon_core.package_identification:_identify(the_simplest_python_package) by extensions ['colcon_meta']
[0.213s] Level 1:colcon.colcon_core.package_identification:_identify(the_simplest_python_package) by extension 'colcon_meta'
[0.213s] Level 1:colcon.colcon_core.package_identification:_identify(the_simplest_python_package) by extensions ['ros']
[0.213s] Level 1:colcon.colcon_core.package_identification:_identify(the_simplest_python_package) by extension 'ros'
[0.214s] DEBUG:colcon.colcon_core.package_identification:Package 'the_simplest_python_package' with type 'ros.ament_python' and name 'the_simplest_python_package'
[0.214s] Level 1:colcon.colcon_core.package_discovery:discover_packages(recursive) using defaults
[0.214s] Level 1:colcon.colcon_core.package_discovery:discover_packages(ignore) discover
[0.214s] Level 1:colcon.colcon_core.package_discovery:discover_packages(ignore) using defaults
[0.214s] Level 1:colcon.colcon_core.package_discovery:discover_packages(path) discover
[0.214s] Level 1:colcon.colcon_core.package_discovery:discover_packages(path) using defaults
[0.238s] Level 1:colcon.colcon_core.package_discovery:discover_packages(prefix_path) check parameters
[0.238s] Level 1:colcon.colcon_core.package_discovery:discover_packages(prefix_path) discover
[0.239s] DEBUG:colcon.colcon_installed_package_information.package_discovery:Found 8 installed packages in /home/delewlew/ros2_tutorial_workspace_2/src/install
[0.240s] DEBUG:colcon.colcon_installed_package_information.package_discovery:Found 270 installed packages in /opt/ros/humble
[0.241s] Level 1:colcon.colcon_core.package_discovery:discover_packages(prefix_path) using defaults
[0.266s] Level 5:colcon.colcon_core.verb:set package 'package_with_interfaces' build argument 'cmake_args' from command line to 'None'
[0.266s] Level 5:colcon.colcon_core.verb:set package 'package_with_interfaces' build argument 'cmake_target' from command line to 'None'
[0.266s] Level 5:colcon.colcon_core.verb:set package 'package_with_interfaces' build argument 'cmake_target_skip_unavailable' from command line to 'False'
[0.266s] Level 5:colcon.colcon_core.verb:set package 'package_with_interfaces' build argument 'cmake_clean_cache' from command line to 'False'
[0.266s] Level 5:colcon.colcon_core.verb:set package 'package_with_interfaces' build argument 'cmake_clean_first' from command line to 'False'
[0.266s] Level 5:colcon.colcon_core.verb:set package 'package_with_interfaces' build argument 'cmake_force_configure' from command line to 'False'
[0.266s] Level 5:colcon.colcon_core.verb:set package 'package_with_interfaces' build argument 'ament_cmake_args' from command line to 'None'
[0.266s] Level 5:colcon.colcon_core.verb:set package 'package_with_interfaces' build argument 'catkin_cmake_args' from command line to 'None'
[0.266s] Level 5:colcon.colcon_core.verb:set package 'package_with_interfaces' build argument 'catkin_skip_building_tests' from command line to 'False'
[0.266s] DEBUG:colcon.colcon_core.verb:Building package 'package_with_interfaces' with the following arguments: {'ament_cmake_args': None, 'build_base': '/home/delewlew/ros2_tutorial_workspace_2/src/build/package_with_interfaces', 'catkin_cmake_args': None, 'catkin_skip_building_tests': False, 'cmake_args': None, 'cmake_clean_cache': False, 'cmake_clean_first': False, 'cmake_force_configure': False, 'cmake_target': None, 'cmake_target_skip_unavailable': False, 'install_base': '/home/delewlew/ros2_tutorial_workspace_2/src/install/package_with_interfaces', 'merge_install': False, 'path': '/home/delewlew/ros2_tutorial_workspace_2/src/package_with_interfaces', 'symlink_install': False, 'test_result_base': None}
[0.266s] Level 5:colcon.colcon_core.verb:set package 'python_package_that_uses_the_messages' build argument 'cmake_args' from command line to 'None'
[0.266s] Level 5:colcon.colcon_core.verb:set package 'python_package_that_uses_the_messages' build argument 'cmake_target' from command line to 'None'
[0.266s] Level 5:colcon.colcon_core.verb:set package 'python_package_that_uses_the_messages' build argument 'cmake_target_skip_unavailable' from command line to 'False'
[0.266s] Level 5:colcon.colcon_core.verb:set package 'python_package_that_uses_the_messages' build argument 'cmake_clean_cache' from command line to 'False'
[0.266s] Level 5:colcon.colcon_core.verb:set package 'python_package_that_uses_the_messages' build argument 'cmake_clean_first' from command line to 'False'
[0.266s] Level 5:colcon.colcon_core.verb:set package 'python_package_that_uses_the_messages' build argument 'cmake_force_configure' from command line to 'False'
[0.266s] Level 5:colcon.colcon_core.verb:set package 'python_package_that_uses_the_messages' build argument 'ament_cmake_args' from command line to 'None'
[0.266s] Level 5:colcon.colcon_core.verb:set package 'python_package_that_uses_the_messages' build argument 'catkin_cmake_args' from command line to 'None'
[0.266s] Level 5:colcon.colcon_core.verb:set package 'python_package_that_uses_the_messages' build argument 'catkin_skip_building_tests' from command line to 'False'
[0.266s] DEBUG:colcon.colcon_core.verb:Building package 'python_package_that_uses_the_messages' with the following arguments: {'ament_cmake_args': None, 'build_base': '/home/delewlew/ros2_tutorial_workspace_2/src/build/python_package_that_uses_the_messages', 'catkin_cmake_args': None, 'catkin_skip_building_tests': False, 'cmake_args': None, 'cmake_clean_cache': False, 'cmake_clean_first': False, 'cmake_force_configure': False, 'cmake_target': None, 'cmake_target_skip_unavailable': False, 'install_base': '/home/delewlew/ros2_tutorial_workspace_2/src/install/python_package_that_uses_the_messages', 'merge_install': False, 'path': '/home/delewlew/ros2_tutorial_workspace_2/src/python_package_that_uses_the_messages', 'symlink_install': False, 'test_result_base': None}
[0.267s] Level 5:colcon.colcon_core.verb:set package 'python_package_that_uses_the_services' build argument 'cmake_args' from command line to 'None'
[0.267s] Level 5:colcon.colcon_core.verb:set package 'python_package_that_uses_the_services' build argument 'cmake_target' from command line to 'None'
[0.267s] Level 5:colcon.colcon_core.verb:set package 'python_package_that_uses_the_services' build argument 'cmake_target_skip_unavailable' from command line to 'False'
[0.267s] Level 5:colcon.colcon_core.verb:set package 'python_package_that_uses_the_services' build argument 'cmake_clean_cache' from command line to 'False'
[0.267s] Level 5:colcon.colcon_core.verb:set package 'python_package_that_uses_the_services' build argument 'cmake_clean_first' from command line to 'False'
[0.267s] Level 5:colcon.colcon_core.verb:set package 'python_package_that_uses_the_services' build argument 'cmake_force_configure' from command line to 'False'
[0.267s] Level 5:colcon.colcon_core.verb:set package 'python_package_that_uses_the_services' build argument 'ament_cmake_args' from command line to 'None'
[0.267s] Level 5:colcon.colcon_core.verb:set package 'python_package_that_uses_the_services' build argument 'catkin_cmake_args' from command line to 'None'
[0.267s] Level 5:colcon.colcon_core.verb:set package 'python_package_that_uses_the_services' build argument 'catkin_skip_building_tests' from command line to 'False'
[0.267s] DEBUG:colcon.colcon_core.verb:Building package 'python_package_that_uses_the_services' with the following arguments: {'ament_cmake_args': None, 'build_base': '/home/delewlew/ros2_tutorial_workspace_2/src/build/python_package_that_uses_the_services', 'catkin_cmake_args': None, 'catkin_skip_building_tests': False, 'cmake_args': None, 'cmake_clean_cache': False, 'cmake_clean_first': False, 'cmake_force_configure': False, 'cmake_target': None, 'cmake_target_skip_unavailable': False, 'install_base': '/home/delewlew/ros2_tutorial_workspace_2/src/install/python_package_that_uses_the_services', 'merge_install': False, 'path': '/home/delewlew/ros2_tutorial_workspace_2/src/python_package_that_uses_the_services', 'symlink_install': False, 'test_result_base': None}
[0.267s] Level 5:colcon.colcon_core.verb:set package 'python_package_with_a_library' build argument 'cmake_args' from command line to 'None'
[0.267s] Level 5:colcon.colcon_core.verb:set package 'python_package_with_a_library' build argument 'cmake_target' from command line to 'None'
[0.267s] Level 5:colcon.colcon_core.verb:set package 'python_package_with_a_library' build argument 'cmake_target_skip_unavailable' from command line to 'False'
[0.267s] Level 5:colcon.colcon_core.verb:set package 'python_package_with_a_library' build argument 'cmake_clean_cache' from command line to 'False'
[0.267s] Level 5:colcon.colcon_core.verb:set package 'python_package_with_a_library' build argument 'cmake_clean_first' from command line to 'False'
[0.267s] Level 5:colcon.colcon_core.verb:set package 'python_package_with_a_library' build argument 'cmake_force_configure' from command line to 'False'
[0.267s] Level 5:colcon.colcon_core.verb:set package 'python_package_with_a_library' build argument 'ament_cmake_args' from command line to 'None'
[0.267s] Level 5:colcon.colcon_core.verb:set package 'python_package_with_a_library' build argument 'catkin_cmake_args' from command line to 'None'
[0.267s] Level 5:colcon.colcon_core.verb:set package 'python_package_with_a_library' build argument 'catkin_skip_building_tests' from command line to 'False'
[0.267s] DEBUG:colcon.colcon_core.verb:Building package 'python_package_with_a_library' with the following arguments: {'ament_cmake_args': None, 'build_base': '/home/delewlew/ros2_tutorial_workspace_2/src/build/python_package_with_a_library', 'catkin_cmake_args': None, 'catkin_skip_building_tests': False, 'cmake_args': None, 'cmake_clean_cache': False, 'cmake_clean_first': False, 'cmake_force_configure': False, 'cmake_target': None, 'cmake_target_skip_unavailable': False, 'install_base': '/home/delewlew/ros2_tutorial_workspace_2/src/install/python_package_with_a_library', 'merge_install': False, 'path': '/home/delewlew/ros2_tutorial_workspace_2/src/python_package_with_a_library', 'symlink_install': False, 'test_result_base': None}
[0.267s] Level 5:colcon.colcon_core.verb:set package 'python_package_with_a_node' build argument 'cmake_args' from command line to 'None'
[0.267s] Level 5:colcon.colcon_core.verb:set package 'python_package_with_a_node' build argument 'cmake_target' from command line to 'None'
[0.267s] Level 5:colcon.colcon_core.verb:set package 'python_package_with_a_node' build argument 'cmake_target_skip_unavailable' from command line to 'False'
[0.267s] Level 5:colcon.colcon_core.verb:set package 'python_package_with_a_node' build argument 'cmake_clean_cache' from command line to 'False'
[0.267s] Level 5:colcon.colcon_core.verb:set package 'python_package_with_a_node' build argument 'cmake_clean_first' from command line to 'False'
[0.267s] Level 5:colcon.colcon_core.verb:set package 'python_package_with_a_node' build argument 'cmake_force_configure' from command line to 'False'
[0.267s] Level 5:colcon.colcon_core.verb:set package 'python_package_with_a_node' build argument 'ament_cmake_args' from command line to 'None'
[0.267s] Level 5:colcon.colcon_core.verb:set package 'python_package_with_a_node' build argument 'catkin_cmake_args' from command line to 'None'
[0.267s] Level 5:colcon.colcon_core.verb:set package 'python_package_with_a_node' build argument 'catkin_skip_building_tests' from command line to 'False'
[0.267s] DEBUG:colcon.colcon_core.verb:Building package 'python_package_with_a_node' with the following arguments: {'ament_cmake_args': None, 'build_base': '/home/delewlew/ros2_tutorial_workspace_2/src/build/python_package_with_a_node', 'catkin_cmake_args': None, 'catkin_skip_building_tests': False, 'cmake_args': None, 'cmake_clean_cache': False, 'cmake_clean_first': False, 'cmake_force_configure': False, 'cmake_target': None, 'cmake_target_skip_unavailable': False, 'install_base': '/home/delewlew/ros2_tutorial_workspace_2/src/install/python_package_with_a_node', 'merge_install': False, 'path': '/home/delewlew/ros2_tutorial_workspace_2/src/python_package_with_a_node', 'symlink_install': False, 'test_result_base': None}
[0.268s] Level 5:colcon.colcon_core.verb:set package 'the_simplest_python_package' build argument 'cmake_args' from command line to 'None'
[0.268s] Level 5:colcon.colcon_core.verb:set package 'the_simplest_python_package' build argument 'cmake_target' from command line to 'None'
[0.268s] Level 5:colcon.colcon_core.verb:set package 'the_simplest_python_package' build argument 'cmake_target_skip_unavailable' from command line to 'False'
[0.268s] Level 5:colcon.colcon_core.verb:set package 'the_simplest_python_package' build argument 'cmake_clean_cache' from command line to 'False'
[0.268s] Level 5:colcon.colcon_core.verb:set package 'the_simplest_python_package' build argument 'cmake_clean_first' from command line to 'False'
[0.268s] Level 5:colcon.colcon_core.verb:set package 'the_simplest_python_package' build argument 'cmake_force_configure' from command line to 'False'
[0.268s] Level 5:colcon.colcon_core.verb:set package 'the_simplest_python_package' build argument 'ament_cmake_args' from command line to 'None'
[0.268s] Level 5:colcon.colcon_core.verb:set package 'the_simplest_python_package' build argument 'catkin_cmake_args' from command line to 'None'
[0.268s] Level 5:colcon.colcon_core.verb:set package 'the_simplest_python_package' build argument 'catkin_skip_building_tests' from command line to 'False'
[0.268s] DEBUG:colcon.colcon_core.verb:Building package 'the_simplest_python_package' with the following arguments: {'ament_cmake_args': None, 'build_base': '/home/delewlew/ros2_tutorial_workspace_2/src/build/the_simplest_python_package', 'catkin_cmake_args': None, 'catkin_skip_building_tests': False, 'cmake_args': None, 'cmake_clean_cache': False, 'cmake_clean_first': False, 'cmake_force_configure': False, 'cmake_target': None, 'cmake_target_skip_unavailable': False, 'install_base': '/home/delewlew/ros2_tutorial_workspace_2/src/install/the_simplest_python_package', 'merge_install': False, 'path': '/home/delewlew/ros2_tutorial_workspace_2/src/the_simplest_python_package', 'symlink_install': False, 'test_result_base': None}
[0.268s] Level 5:colcon.colcon_core.verb:set package 'python_package_that_uses_paramameters_and_launch_files' build argument 'cmake_args' from command line to 'None'
[0.268s] Level 5:colcon.colcon_core.verb:set package 'python_package_that_uses_paramameters_and_launch_files' build argument 'cmake_target' from command line to 'None'
[0.268s] Level 5:colcon.colcon_core.verb:set package 'python_package_that_uses_paramameters_and_launch_files' build argument 'cmake_target_skip_unavailable' from command line to 'False'
[0.268s] Level 5:colcon.colcon_core.verb:set package 'python_package_that_uses_paramameters_and_launch_files' build argument 'cmake_clean_cache' from command line to 'False'
[0.268s] Level 5:colcon.colcon_core.verb:set package 'python_package_that_uses_paramameters_and_launch_files' build argument 'cmake_clean_first' from command line to 'False'
[0.268s] Level 5:colcon.colcon_core.verb:set package 'python_package_that_uses_paramameters_and_launch_files' build argument 'cmake_force_configure' from command line to 'False'
[0.268s] Level 5:colcon.colcon_core.verb:set package 'python_package_that_uses_paramameters_and_launch_files' build argument 'ament_cmake_args' from command line to 'None'
[0.268s] Level 5:colcon.colcon_core.verb:set package 'python_package_that_uses_paramameters_and_launch_files' build argument 'catkin_cmake_args' from command line to 'None'
[0.268s] Level 5:colcon.colcon_core.verb:set package 'python_package_that_uses_paramameters_and_launch_files' build argument 'catkin_skip_building_tests' from command line to 'False'
[0.268s] DEBUG:colcon.colcon_core.verb:Building package 'python_package_that_uses_paramameters_and_launch_files' with the following arguments: {'ament_cmake_args': None, 'build_base': '/home/delewlew/ros2_tutorial_workspace_2/src/build/python_package_that_uses_paramameters_and_launch_files', 'catkin_cmake_args': None, 'catkin_skip_building_tests': False, 'cmake_args': None, 'cmake_clean_cache': False, 'cmake_clean_first': False, 'cmake_force_configure': False, 'cmake_target': None, 'cmake_target_skip_unavailable': False, 'install_base': '/home/delewlew/ros2_tutorial_workspace_2/src/install/python_package_that_uses_paramameters_and_launch_files', 'merge_install': False, 'path': '/home/delewlew/ros2_tutorial_workspace_2/src/python_package_that_uses_paramameters_and_launch_files', 'symlink_install': False, 'test_result_base': None}
[0.268s] Level 5:colcon.colcon_core.verb:set package 'python_package_that_uses_the_library' build argument 'cmake_args' from command line to 'None'
[0.268s] Level 5:colcon.colcon_core.verb:set package 'python_package_that_uses_the_library' build argument 'cmake_target' from command line to 'None'
[0.268s] Level 5:colcon.colcon_core.verb:set package 'python_package_that_uses_the_library' build argument 'cmake_target_skip_unavailable' from command line to 'False'
[0.268s] Level 5:colcon.colcon_core.verb:set package 'python_package_that_uses_the_library' build argument 'cmake_clean_cache' from command line to 'False'
[0.268s] Level 5:colcon.colcon_core.verb:set package 'python_package_that_uses_the_library' build argument 'cmake_clean_first' from command line to 'False'
[0.269s] Level 5:colcon.colcon_core.verb:set package 'python_package_that_uses_the_library' build argument 'cmake_force_configure' from command line to 'False'
[0.269s] Level 5:colcon.colcon_core.verb:set package 'python_package_that_uses_the_library' build argument 'ament_cmake_args' from command line to 'None'
[0.269s] Level 5:colcon.colcon_core.verb:set package 'python_package_that_uses_the_library' build argument 'catkin_cmake_args' from command line to 'None'
[0.269s] Level 5:colcon.colcon_core.verb:set package 'python_package_that_uses_the_library' build argument 'catkin_skip_building_tests' from command line to 'False'
[0.269s] DEBUG:colcon.colcon_core.verb:Building package 'python_package_that_uses_the_library' with the following arguments: {'ament_cmake_args': None, 'build_base': '/home/delewlew/ros2_tutorial_workspace_2/src/build/python_package_that_uses_the_library', 'catkin_cmake_args': None, 'catkin_skip_building_tests': False, 'cmake_args': None, 'cmake_clean_cache': False, 'cmake_clean_first': False, 'cmake_force_configure': False, 'cmake_target': None, 'cmake_target_skip_unavailable': False, 'install_base': '/home/delewlew/ros2_tutorial_workspace_2/src/install/python_package_that_uses_the_library', 'merge_install': False, 'path': '/home/delewlew/ros2_tutorial_workspace_2/src/python_package_that_uses_the_library', 'symlink_install': False, 'test_result_base': None}
[0.269s] INFO:colcon.colcon_core.executor:Executing jobs using 'parallel' executor
[0.270s] DEBUG:colcon.colcon_parallel_executor.executor.parallel:run_until_complete
[0.270s] INFO:colcon.colcon_ros.task.ament_cmake.build:Building ROS package in '/home/delewlew/ros2_tutorial_workspace_2/src/package_with_interfaces' with build type 'ament_cmake'
[0.270s] INFO:colcon.colcon_cmake.task.cmake.build:Building CMake package in '/home/delewlew/ros2_tutorial_workspace_2/src/package_with_interfaces'
[0.273s] INFO:colcon.colcon_core.plugin_system:Skipping extension 'colcon_core.shell.bat': Not used on non-Windows systems
[0.273s] INFO:colcon.colcon_core.shell:Skip shell extension 'powershell' for command environment: Not usable outside of PowerShell
[0.273s] DEBUG:colcon.colcon_core.shell:Skip shell extension 'dsv' for command environment
[0.277s] INFO:colcon.colcon_ros.task.ament_python.build:Building ROS package in '/home/delewlew/ros2_tutorial_workspace_2/src/python_package_with_a_library' with build type 'ament_python'
[0.277s] Level 1:colcon.colcon_core.shell:create_environment_hook('python_package_with_a_library', 'ament_prefix_path')
[0.277s] INFO:colcon.colcon_core.shell:Creating environment hook '/home/delewlew/ros2_tutorial_workspace_2/src/install/python_package_with_a_library/share/python_package_with_a_library/hook/ament_prefix_path.ps1'
[0.278s] INFO:colcon.colcon_core.shell:Creating environment descriptor '/home/delewlew/ros2_tutorial_workspace_2/src/install/python_package_with_a_library/share/python_package_with_a_library/hook/ament_prefix_path.dsv'
[0.279s] INFO:colcon.colcon_core.shell:Creating environment hook '/home/delewlew/ros2_tutorial_workspace_2/src/install/python_package_with_a_library/share/python_package_with_a_library/hook/ament_prefix_path.sh'
[0.280s] INFO:colcon.colcon_core.shell:Skip shell extension 'powershell' for command environment: Not usable outside of PowerShell
[0.280s] DEBUG:colcon.colcon_core.shell:Skip shell extension 'dsv' for command environment
[0.285s] INFO:colcon.colcon_ros.task.ament_python.build:Building ROS package in '/home/delewlew/ros2_tutorial_workspace_2/src/python_package_that_uses_the_messages' with build type 'ament_python'
[0.285s] Level 1:colcon.colcon_core.shell:create_environment_hook('python_package_that_uses_the_messages', 'ament_prefix_path')
[0.286s] INFO:colcon.colcon_core.shell:Creating environment hook '/home/delewlew/ros2_tutorial_workspace_2/src/install/python_package_that_uses_the_messages/share/python_package_that_uses_the_messages/hook/ament_prefix_path.ps1'
[0.287s] INFO:colcon.colcon_core.shell:Creating environment descriptor '/home/delewlew/ros2_tutorial_workspace_2/src/install/python_package_that_uses_the_messages/share/python_package_that_uses_the_messages/hook/ament_prefix_path.dsv'
[0.288s] INFO:colcon.colcon_core.shell:Creating environment hook '/home/delewlew/ros2_tutorial_workspace_2/src/install/python_package_that_uses_the_messages/share/python_package_that_uses_the_messages/hook/ament_prefix_path.sh'
[0.289s] INFO:colcon.colcon_core.shell:Skip shell extension 'powershell' for command environment: Not usable outside of PowerShell
[0.289s] DEBUG:colcon.colcon_core.shell:Skip shell extension 'dsv' for command environment
[0.295s] INFO:colcon.colcon_ros.task.ament_python.build:Building ROS package in '/home/delewlew/ros2_tutorial_workspace_2/src/python_package_that_uses_the_services' with build type 'ament_python'
[0.295s] Level 1:colcon.colcon_core.shell:create_environment_hook('python_package_that_uses_the_services', 'ament_prefix_path')
[0.296s] INFO:colcon.colcon_core.shell:Creating environment hook '/home/delewlew/ros2_tutorial_workspace_2/src/install/python_package_that_uses_the_services/share/python_package_that_uses_the_services/hook/ament_prefix_path.ps1'
[0.297s] INFO:colcon.colcon_core.shell:Creating environment descriptor '/home/delewlew/ros2_tutorial_workspace_2/src/install/python_package_that_uses_the_services/share/python_package_that_uses_the_services/hook/ament_prefix_path.dsv'
[0.298s] INFO:colcon.colcon_core.shell:Creating environment hook '/home/delewlew/ros2_tutorial_workspace_2/src/install/python_package_that_uses_the_services/share/python_package_that_uses_the_services/hook/ament_prefix_path.sh'
[0.300s] INFO:colcon.colcon_core.shell:Skip shell extension 'powershell' for command environment: Not usable outside of PowerShell
[0.300s] DEBUG:colcon.colcon_core.shell:Skip shell extension 'dsv' for command environment
[0.310s] INFO:colcon.colcon_ros.task.ament_python.build:Building ROS package in '/home/delewlew/ros2_tutorial_workspace_2/src/python_package_with_a_node' with build type 'ament_python'
[0.310s] Level 1:colcon.colcon_core.shell:create_environment_hook('python_package_with_a_node', 'ament_prefix_path')
[0.311s] INFO:colcon.colcon_core.shell:Creating environment hook '/home/delewlew/ros2_tutorial_workspace_2/src/install/python_package_with_a_node/share/python_package_with_a_node/hook/ament_prefix_path.ps1'
[0.312s] INFO:colcon.colcon_core.shell:Creating environment descriptor '/home/delewlew/ros2_tutorial_workspace_2/src/install/python_package_with_a_node/share/python_package_with_a_node/hook/ament_prefix_path.dsv'
[0.313s] INFO:colcon.colcon_core.shell:Creating environment hook '/home/delewlew/ros2_tutorial_workspace_2/src/install/python_package_with_a_node/share/python_package_with_a_node/hook/ament_prefix_path.sh'
[0.315s] INFO:colcon.colcon_core.shell:Skip shell extension 'powershell' for command environment: Not usable outside of PowerShell
[0.315s] DEBUG:colcon.colcon_core.shell:Skip shell extension 'dsv' for command environment
[0.325s] INFO:colcon.colcon_ros.task.ament_python.build:Building ROS package in '/home/delewlew/ros2_tutorial_workspace_2/src/the_simplest_python_package' with build type 'ament_python'
[0.325s] Level 1:colcon.colcon_core.shell:create_environment_hook('the_simplest_python_package', 'ament_prefix_path')
[0.326s] INFO:colcon.colcon_core.shell:Creating environment hook '/home/delewlew/ros2_tutorial_workspace_2/src/install/the_simplest_python_package/share/the_simplest_python_package/hook/ament_prefix_path.ps1'
[0.326s] INFO:colcon.colcon_core.shell:Creating environment descriptor '/home/delewlew/ros2_tutorial_workspace_2/src/install/the_simplest_python_package/share/the_simplest_python_package/hook/ament_prefix_path.dsv'
[0.327s] INFO:colcon.colcon_core.shell:Creating environment hook '/home/delewlew/ros2_tutorial_workspace_2/src/install/the_simplest_python_package/share/the_simplest_python_package/hook/ament_prefix_path.sh'
[0.328s] INFO:colcon.colcon_core.shell:Skip shell extension 'powershell' for command environment: Not usable outside of PowerShell
[0.329s] DEBUG:colcon.colcon_core.shell:Skip shell extension 'dsv' for command environment
[0.354s] DEBUG:colcon.colcon_core.event_handler.log_command:Invoking command in '/home/delewlew/ros2_tutorial_workspace_2/src/build/package_with_interfaces': CMAKE_PREFIX_PATH=${CMAKE_PREFIX_PATH}:/home/delewlew/ros2_tutorial_workspace_2/src/install/python_package_that_uses_paramameters_and_launch_files:/home/delewlew/ros2_tutorial_workspace_2/src/install/the_simplest_python_package:/home/delewlew/ros2_tutorial_workspace_2/src/install/python_package_with_a_node:/home/delewlew/ros2_tutorial_workspace_2/src/install/python_package_that_uses_the_library:/home/delewlew/ros2_tutorial_workspace_2/src/install/python_package_with_a_library:/home/delewlew/ros2_tutorial_workspace_2/src/install/python_package_that_uses_the_services:/home/delewlew/ros2_tutorial_workspace_2/src/install/python_package_that_uses_the_messages:/opt/ros/humble /usr/bin/cmake --build /home/delewlew/ros2_tutorial_workspace_2/src/build/package_with_interfaces -- -j12 -l12
[0.768s] INFO:colcon.colcon_core.task.python.build:Building Python package in '/home/delewlew/ros2_tutorial_workspace_2/src/python_package_with_a_library'
[0.769s] INFO:colcon.colcon_core.shell:Skip shell extension 'powershell' for command environment: Not usable outside of PowerShell
[0.769s] DEBUG:colcon.colcon_core.shell:Skip shell extension 'dsv' for command environment
[1.005s] INFO:colcon.colcon_core.task.python.build:Building Python package in '/home/delewlew/ros2_tutorial_workspace_2/src/python_package_that_uses_the_messages'
[1.005s] INFO:colcon.colcon_core.shell:Skip shell extension 'powershell' for command environment: Not usable outside of PowerShell
[1.005s] DEBUG:colcon.colcon_core.shell:Skip shell extension 'dsv' for command environment
[1.206s] INFO:colcon.colcon_core.task.python.build:Building Python package in '/home/delewlew/ros2_tutorial_workspace_2/src/python_package_that_uses_the_services'
[1.206s] INFO:colcon.colcon_core.shell:Skip shell extension 'powershell' for command environment: Not usable outside of PowerShell
[1.206s] DEBUG:colcon.colcon_core.shell:Skip shell extension 'dsv' for command environment
[1.404s] INFO:colcon.colcon_core.task.python.build:Building Python package in '/home/delewlew/ros2_tutorial_workspace_2/src/python_package_with_a_node'
[1.405s] INFO:colcon.colcon_core.shell:Skip shell extension 'powershell' for command environment: Not usable outside of PowerShell
[1.405s] DEBUG:colcon.colcon_core.shell:Skip shell extension 'dsv' for command environment
[1.419s] DEBUG:colcon.colcon_core.event_handler.log_command:Invoked command in '/home/delewlew/ros2_tutorial_workspace_2/src/build/package_with_interfaces' returned '0': CMAKE_PREFIX_PATH=${CMAKE_PREFIX_PATH}:/home/delewlew/ros2_tutorial_workspace_2/src/install/python_package_that_uses_paramameters_and_launch_files:/home/delewlew/ros2_tutorial_workspace_2/src/install/the_simplest_python_package:/home/delewlew/ros2_tutorial_workspace_2/src/install/python_package_with_a_node:/home/delewlew/ros2_tutorial_workspace_2/src/install/python_package_that_uses_the_library:/home/delewlew/ros2_tutorial_workspace_2/src/install/python_package_with_a_library:/home/delewlew/ros2_tutorial_workspace_2/src/install/python_package_that_uses_the_services:/home/delewlew/ros2_tutorial_workspace_2/src/install/python_package_that_uses_the_messages:/opt/ros/humble /usr/bin/cmake --build /home/delewlew/ros2_tutorial_workspace_2/src/build/package_with_interfaces -- -j12 -l12
[1.699s] INFO:colcon.colcon_core.task.python.build:Building Python package in '/home/delewlew/ros2_tutorial_workspace_2/src/the_simplest_python_package'
[1.700s] INFO:colcon.colcon_core.shell:Skip shell extension 'powershell' for command environment: Not usable outside of PowerShell
[1.700s] DEBUG:colcon.colcon_core.shell:Skip shell extension 'dsv' for command environment
[1.743s] DEBUG:colcon.colcon_core.event_handler.log_command:Invoking command in '/home/delewlew/ros2_tutorial_workspace_2/src/build/package_with_interfaces': CMAKE_PREFIX_PATH=${CMAKE_PREFIX_PATH}:/home/delewlew/ros2_tutorial_workspace_2/src/install/python_package_that_uses_paramameters_and_launch_files:/home/delewlew/ros2_tutorial_workspace_2/src/install/the_simplest_python_package:/home/delewlew/ros2_tutorial_workspace_2/src/install/python_package_with_a_node:/home/delewlew/ros2_tutorial_workspace_2/src/install/python_package_that_uses_the_library:/home/delewlew/ros2_tutorial_workspace_2/src/install/python_package_with_a_library:/home/delewlew/ros2_tutorial_workspace_2/src/install/python_package_that_uses_the_services:/home/delewlew/ros2_tutorial_workspace_2/src/install/python_package_that_uses_the_messages:/opt/ros/humble /usr/bin/cmake --install /home/delewlew/ros2_tutorial_workspace_2/src/build/package_with_interfaces
[1.848s] Level 1:colcon.colcon_core.environment:create_environment_scripts_only(package_with_interfaces)
[1.850s] DEBUG:colcon.colcon_core.event_handler.log_command:Invoked command in '/home/delewlew/ros2_tutorial_workspace_2/src/build/package_with_interfaces' returned '0': CMAKE_PREFIX_PATH=${CMAKE_PREFIX_PATH}:/home/delewlew/ros2_tutorial_workspace_2/src/install/python_package_that_uses_paramameters_and_launch_files:/home/delewlew/ros2_tutorial_workspace_2/src/install/the_simplest_python_package:/home/delewlew/ros2_tutorial_workspace_2/src/install/python_package_with_a_node:/home/delewlew/ros2_tutorial_workspace_2/src/install/python_package_that_uses_the_library:/home/delewlew/ros2_tutorial_workspace_2/src/install/python_package_with_a_library:/home/delewlew/ros2_tutorial_workspace_2/src/install/python_package_that_uses_the_services:/home/delewlew/ros2_tutorial_workspace_2/src/install/python_package_that_uses_the_messages:/opt/ros/humble /usr/bin/cmake --install /home/delewlew/ros2_tutorial_workspace_2/src/build/package_with_interfaces
[1.856s] Level 1:colcon.colcon_core.environment:checking '/home/delewlew/ros2_tutorial_workspace_2/src/install/package_with_interfaces' for CMake module files
[1.858s] Level 1:colcon.colcon_core.environment:checking '/home/delewlew/ros2_tutorial_workspace_2/src/install/package_with_interfaces' for CMake config files
[1.859s] Level 1:colcon.colcon_core.shell:create_environment_hook('package_with_interfaces', 'cmake_prefix_path')
[1.860s] INFO:colcon.colcon_core.shell:Creating environment hook '/home/delewlew/ros2_tutorial_workspace_2/src/install/package_with_interfaces/share/package_with_interfaces/hook/cmake_prefix_path.ps1'
[1.860s] INFO:colcon.colcon_core.shell:Creating environment descriptor '/home/delewlew/ros2_tutorial_workspace_2/src/install/package_with_interfaces/share/package_with_interfaces/hook/cmake_prefix_path.dsv'
[1.861s] INFO:colcon.colcon_core.shell:Creating environment hook '/home/delewlew/ros2_tutorial_workspace_2/src/install/package_with_interfaces/share/package_with_interfaces/hook/cmake_prefix_path.sh'
[1.862s] Level 1:colcon.colcon_core.environment:checking '/home/delewlew/ros2_tutorial_workspace_2/src/install/package_with_interfaces/lib'
[1.862s] Level 1:colcon.colcon_core.shell:create_environment_hook('package_with_interfaces', 'ld_library_path_lib')
[1.863s] INFO:colcon.colcon_core.shell:Creating environment hook '/home/delewlew/ros2_tutorial_workspace_2/src/install/package_with_interfaces/share/package_with_interfaces/hook/ld_library_path_lib.ps1'
[1.863s] INFO:colcon.colcon_core.shell:Creating environment descriptor '/home/delewlew/ros2_tutorial_workspace_2/src/install/package_with_interfaces/share/package_with_interfaces/hook/ld_library_path_lib.dsv'
[1.864s] INFO:colcon.colcon_core.shell:Creating environment hook '/home/delewlew/ros2_tutorial_workspace_2/src/install/package_with_interfaces/share/package_with_interfaces/hook/ld_library_path_lib.sh'
[1.865s] Level 1:colcon.colcon_core.environment:checking '/home/delewlew/ros2_tutorial_workspace_2/src/install/package_with_interfaces/bin'
[1.865s] Level 1:colcon.colcon_core.environment:checking '/home/delewlew/ros2_tutorial_workspace_2/src/install/package_with_interfaces/lib/pkgconfig/package_with_interfaces.pc'
[1.865s] Level 1:colcon.colcon_core.environment:checking '/home/delewlew/ros2_tutorial_workspace_2/src/install/package_with_interfaces/lib/python3.10/site-packages'
[1.865s] Level 1:colcon.colcon_core.environment:checking '/home/delewlew/ros2_tutorial_workspace_2/src/install/package_with_interfaces/bin'
[1.866s] INFO:colcon.colcon_core.shell:Creating package script '/home/delewlew/ros2_tutorial_workspace_2/src/install/package_with_interfaces/share/package_with_interfaces/package.ps1'
[1.867s] INFO:colcon.colcon_core.shell:Creating package descriptor '/home/delewlew/ros2_tutorial_workspace_2/src/install/package_with_interfaces/share/package_with_interfaces/package.dsv'
[1.868s] INFO:colcon.colcon_core.shell:Creating package script '/home/delewlew/ros2_tutorial_workspace_2/src/install/package_with_interfaces/share/package_with_interfaces/package.sh'
[1.869s] INFO:colcon.colcon_core.shell:Creating package script '/home/delewlew/ros2_tutorial_workspace_2/src/install/package_with_interfaces/share/package_with_interfaces/package.bash'
[1.870s] INFO:colcon.colcon_core.shell:Creating package script '/home/delewlew/ros2_tutorial_workspace_2/src/install/package_with_interfaces/share/package_with_interfaces/package.zsh'
[1.871s] Level 1:colcon.colcon_core.environment:create_file_with_runtime_dependencies(/home/delewlew/ros2_tutorial_workspace_2/src/install/package_with_interfaces/share/colcon-core/packages/package_with_interfaces)
[2.062s] Level 1:colcon.colcon_core.environment:create_environment_scripts_only(package_with_interfaces)
[2.062s] Level 1:colcon.colcon_core.environment:checking '/home/delewlew/ros2_tutorial_workspace_2/src/install/package_with_interfaces' for CMake module files
[2.063s] Level 1:colcon.colcon_core.environment:checking '/home/delewlew/ros2_tutorial_workspace_2/src/install/package_with_interfaces' for CMake config files
[2.064s] Level 1:colcon.colcon_core.shell:create_environment_hook('package_with_interfaces', 'cmake_prefix_path')
[2.064s] INFO:colcon.colcon_core.shell:Creating environment hook '/home/delewlew/ros2_tutorial_workspace_2/src/install/package_with_interfaces/share/package_with_interfaces/hook/cmake_prefix_path.ps1'
[2.065s] INFO:colcon.colcon_core.shell:Creating environment descriptor '/home/delewlew/ros2_tutorial_workspace_2/src/install/package_with_interfaces/share/package_with_interfaces/hook/cmake_prefix_path.dsv'
[2.066s] INFO:colcon.colcon_core.shell:Creating environment hook '/home/delewlew/ros2_tutorial_workspace_2/src/install/package_with_interfaces/share/package_with_interfaces/hook/cmake_prefix_path.sh'
[2.067s] Level 1:colcon.colcon_core.environment:checking '/home/delewlew/ros2_tutorial_workspace_2/src/install/package_with_interfaces/lib'
[2.067s] Level 1:colcon.colcon_core.shell:create_environment_hook('package_with_interfaces', 'ld_library_path_lib')
[2.067s] INFO:colcon.colcon_core.shell:Creating environment hook '/home/delewlew/ros2_tutorial_workspace_2/src/install/package_with_interfaces/share/package_with_interfaces/hook/ld_library_path_lib.ps1'
[2.068s] INFO:colcon.colcon_core.shell:Creating environment descriptor '/home/delewlew/ros2_tutorial_workspace_2/src/install/package_with_interfaces/share/package_with_interfaces/hook/ld_library_path_lib.dsv'
[2.068s] INFO:colcon.colcon_core.shell:Creating environment hook '/home/delewlew/ros2_tutorial_workspace_2/src/install/package_with_interfaces/share/package_with_interfaces/hook/ld_library_path_lib.sh'
[2.069s] Level 1:colcon.colcon_core.environment:checking '/home/delewlew/ros2_tutorial_workspace_2/src/install/package_with_interfaces/bin'
[2.069s] Level 1:colcon.colcon_core.environment:checking '/home/delewlew/ros2_tutorial_workspace_2/src/install/package_with_interfaces/lib/pkgconfig/package_with_interfaces.pc'
[2.070s] Level 1:colcon.colcon_core.environment:checking '/home/delewlew/ros2_tutorial_workspace_2/src/install/package_with_interfaces/lib/python3.10/site-packages'
[2.070s] Level 1:colcon.colcon_core.environment:checking '/home/delewlew/ros2_tutorial_workspace_2/src/install/package_with_interfaces/bin'
[2.071s] INFO:colcon.colcon_core.shell:Creating package script '/home/delewlew/ros2_tutorial_workspace_2/src/install/package_with_interfaces/share/package_with_interfaces/package.ps1'
[2.071s] INFO:colcon.colcon_core.shell:Creating package descriptor '/home/delewlew/ros2_tutorial_workspace_2/src/install/package_with_interfaces/share/package_with_interfaces/package.dsv'
[2.072s] INFO:colcon.colcon_core.shell:Creating package script '/home/delewlew/ros2_tutorial_workspace_2/src/install/package_with_interfaces/share/package_with_interfaces/package.sh'
[2.073s] INFO:colcon.colcon_core.shell:Creating package script '/home/delewlew/ros2_tutorial_workspace_2/src/install/package_with_interfaces/share/package_with_interfaces/package.bash'
[2.074s] INFO:colcon.colcon_core.shell:Creating package script '/home/delewlew/ros2_tutorial_workspace_2/src/install/package_with_interfaces/share/package_with_interfaces/package.zsh'
[2.075s] Level 1:colcon.colcon_core.environment:create_file_with_runtime_dependencies(/home/delewlew/ros2_tutorial_workspace_2/src/install/package_with_interfaces/share/colcon-core/packages/package_with_interfaces)
[2.076s] INFO:colcon.colcon_ros.task.ament_python.build:Building ROS package in '/home/delewlew/ros2_tutorial_workspace_2/src/python_package_that_uses_paramameters_and_launch_files' with build type 'ament_python'
[2.076s] Level 1:colcon.colcon_core.shell:create_environment_hook('python_package_that_uses_paramameters_and_launch_files', 'ament_prefix_path')
[2.076s] INFO:colcon.colcon_core.shell:Creating environment hook '/home/delewlew/ros2_tutorial_workspace_2/src/install/python_package_that_uses_paramameters_and_launch_files/share/python_package_that_uses_paramameters_and_launch_files/hook/ament_prefix_path.ps1'
[2.078s] INFO:colcon.colcon_core.shell:Creating environment descriptor '/home/delewlew/ros2_tutorial_workspace_2/src/install/python_package_that_uses_paramameters_and_launch_files/share/python_package_that_uses_paramameters_and_launch_files/hook/ament_prefix_path.dsv'
[2.078s] INFO:colcon.colcon_core.shell:Creating environment hook '/home/delewlew/ros2_tutorial_workspace_2/src/install/python_package_that_uses_paramameters_and_launch_files/share/python_package_that_uses_paramameters_and_launch_files/hook/ament_prefix_path.sh'
[2.080s] INFO:colcon.colcon_core.shell:Skip shell extension 'powershell' for command environment: Not usable outside of PowerShell
[2.080s] DEBUG:colcon.colcon_core.shell:Skip shell extension 'dsv' for command environment
[2.556s] INFO:colcon.colcon_core.task.python.build:Building Python package in '/home/delewlew/ros2_tutorial_workspace_2/src/python_package_that_uses_paramameters_and_launch_files'
[2.557s] INFO:colcon.colcon_core.shell:Skip shell extension 'powershell' for command environment: Not usable outside of PowerShell
[2.557s] DEBUG:colcon.colcon_core.shell:Skip shell extension 'dsv' for command environment
[2.577s] DEBUG:colcon.colcon_core.event_handler.log_command:Invoking command in '/home/delewlew/ros2_tutorial_workspace_2/src/python_package_with_a_library': PYTHONPATH=/home/delewlew/ros2_tutorial_workspace_2/src/build/python_package_with_a_library/prefix_override:/usr/lib/python3/dist-packages/colcon_core/task/python/colcon_distutils_commands:/home/delewlew/ros2_tutorial_workspace_2/src/install/python_package_with_a_library/lib/python3.10/site-packages:${PYTHONPATH} /usr/bin/python3 -W ignore:setup.py install is deprecated setup.py egg_info --egg-base ../build/python_package_with_a_library build --build-base /home/delewlew/ros2_tutorial_workspace_2/src/build/python_package_with_a_library/build install --record /home/delewlew/ros2_tutorial_workspace_2/src/build/python_package_with_a_library/install.log --single-version-externally-managed install_data
[2.585s] DEBUG:colcon.colcon_core.event_handler.log_command:Invoking command in '/home/delewlew/ros2_tutorial_workspace_2/src/python_package_with_a_node': PYTHONPATH=/home/delewlew/ros2_tutorial_workspace_2/src/build/python_package_with_a_node/prefix_override:/usr/lib/python3/dist-packages/colcon_core/task/python/colcon_distutils_commands:/home/delewlew/ros2_tutorial_workspace_2/src/install/python_package_with_a_node/lib/python3.10/site-packages:${PYTHONPATH} /usr/bin/python3 -W ignore:setup.py install is deprecated setup.py egg_info --egg-base ../build/python_package_with_a_node build --build-base /home/delewlew/ros2_tutorial_workspace_2/src/build/python_package_with_a_node/build install --record /home/delewlew/ros2_tutorial_workspace_2/src/build/python_package_with_a_node/install.log --single-version-externally-managed install_data
[2.591s] DEBUG:colcon.colcon_core.event_handler.log_command:Invoking command in '/home/delewlew/ros2_tutorial_workspace_2/src/python_package_that_uses_the_messages': PYTHONPATH=/home/delewlew/ros2_tutorial_workspace_2/src/build/python_package_that_uses_the_messages/prefix_override:/usr/lib/python3/dist-packages/colcon_core/task/python/colcon_distutils_commands:/home/delewlew/ros2_tutorial_workspace_2/src/install/python_package_that_uses_the_messages/lib/python3.10/site-packages:${PYTHONPATH} /usr/bin/python3 -W ignore:setup.py install is deprecated setup.py egg_info --egg-base ../build/python_package_that_uses_the_messages build --build-base /home/delewlew/ros2_tutorial_workspace_2/src/build/python_package_that_uses_the_messages/build install --record /home/delewlew/ros2_tutorial_workspace_2/src/build/python_package_that_uses_the_messages/install.log --single-version-externally-managed install_data
[2.594s] DEBUG:colcon.colcon_core.event_handler.log_command:Invoking command in '/home/delewlew/ros2_tutorial_workspace_2/src/python_package_that_uses_the_services': PYTHONPATH=/home/delewlew/ros2_tutorial_workspace_2/src/build/python_package_that_uses_the_services/prefix_override:/usr/lib/python3/dist-packages/colcon_core/task/python/colcon_distutils_commands:/home/delewlew/ros2_tutorial_workspace_2/src/install/python_package_that_uses_the_services/lib/python3.10/site-packages:${PYTHONPATH} /usr/bin/python3 -W ignore:setup.py install is deprecated setup.py egg_info --egg-base ../build/python_package_that_uses_the_services build --build-base /home/delewlew/ros2_tutorial_workspace_2/src/build/python_package_that_uses_the_services/build install --record /home/delewlew/ros2_tutorial_workspace_2/src/build/python_package_that_uses_the_services/install.log --single-version-externally-managed install_data
[2.604s] DEBUG:colcon.colcon_core.event_handler.log_command:Invoking command in '/home/delewlew/ros2_tutorial_workspace_2/src/the_simplest_python_package': PYTHONPATH=/home/delewlew/ros2_tutorial_workspace_2/src/build/the_simplest_python_package/prefix_override:/usr/lib/python3/dist-packages/colcon_core/task/python/colcon_distutils_commands:/home/delewlew/ros2_tutorial_workspace_2/src/install/the_simplest_python_package/lib/python3.10/site-packages:${PYTHONPATH} /usr/bin/python3 -W ignore:setup.py install is deprecated setup.py egg_info --egg-base ../build/the_simplest_python_package build --build-base /home/delewlew/ros2_tutorial_workspace_2/src/build/the_simplest_python_package/build install --record /home/delewlew/ros2_tutorial_workspace_2/src/build/the_simplest_python_package/install.log --single-version-externally-managed install_data
[3.013s] Level 1:colcon.colcon_core.environment:checking '/home/delewlew/ros2_tutorial_workspace_2/src/install/python_package_with_a_library' for CMake module files
[3.015s] DEBUG:colcon.colcon_core.event_handler.log_command:Invoked command in '/home/delewlew/ros2_tutorial_workspace_2/src/python_package_with_a_library' returned '0': PYTHONPATH=/home/delewlew/ros2_tutorial_workspace_2/src/build/python_package_with_a_library/prefix_override:/usr/lib/python3/dist-packages/colcon_core/task/python/colcon_distutils_commands:/home/delewlew/ros2_tutorial_workspace_2/src/install/python_package_with_a_library/lib/python3.10/site-packages:${PYTHONPATH} /usr/bin/python3 -W ignore:setup.py install is deprecated setup.py egg_info --egg-base ../build/python_package_with_a_library build --build-base /home/delewlew/ros2_tutorial_workspace_2/src/build/python_package_with_a_library/build install --record /home/delewlew/ros2_tutorial_workspace_2/src/build/python_package_with_a_library/install.log --single-version-externally-managed install_data
[3.016s] Level 1:colcon.colcon_core.environment:checking '/home/delewlew/ros2_tutorial_workspace_2/src/install/python_package_with_a_library' for CMake config files
[3.017s] Level 1:colcon.colcon_core.environment:checking '/home/delewlew/ros2_tutorial_workspace_2/src/install/python_package_with_a_library/lib'
[3.017s] Level 1:colcon.colcon_core.environment:checking '/home/delewlew/ros2_tutorial_workspace_2/src/install/python_package_with_a_library/bin'
[3.017s] Level 1:colcon.colcon_core.environment:checking '/home/delewlew/ros2_tutorial_workspace_2/src/install/python_package_with_a_library/lib/pkgconfig/python_package_with_a_library.pc'
[3.018s] Level 1:colcon.colcon_core.environment:checking '/home/delewlew/ros2_tutorial_workspace_2/src/install/python_package_with_a_library/lib/python3.10/site-packages'
[3.018s] Level 1:colcon.colcon_core.shell:create_environment_hook('python_package_with_a_library', 'pythonpath')
[3.019s] INFO:colcon.colcon_core.shell:Creating environment hook '/home/delewlew/ros2_tutorial_workspace_2/src/install/python_package_with_a_library/share/python_package_with_a_library/hook/pythonpath.ps1'
[3.020s] INFO:colcon.colcon_core.shell:Creating environment descriptor '/home/delewlew/ros2_tutorial_workspace_2/src/install/python_package_with_a_library/share/python_package_with_a_library/hook/pythonpath.dsv'
[3.021s] INFO:colcon.colcon_core.shell:Creating environment hook '/home/delewlew/ros2_tutorial_workspace_2/src/install/python_package_with_a_library/share/python_package_with_a_library/hook/pythonpath.sh'
[3.023s] Level 1:colcon.colcon_core.environment:checking '/home/delewlew/ros2_tutorial_workspace_2/src/install/python_package_with_a_library/bin'
[3.023s] Level 1:colcon.colcon_core.environment:create_environment_scripts_only(python_package_with_a_library)
[3.024s] INFO:colcon.colcon_core.shell:Creating package script '/home/delewlew/ros2_tutorial_workspace_2/src/install/python_package_with_a_library/share/python_package_with_a_library/package.ps1'
[3.025s] INFO:colcon.colcon_core.shell:Creating package descriptor '/home/delewlew/ros2_tutorial_workspace_2/src/install/python_package_with_a_library/share/python_package_with_a_library/package.dsv'
[3.027s] INFO:colcon.colcon_core.shell:Creating package script '/home/delewlew/ros2_tutorial_workspace_2/src/install/python_package_with_a_library/share/python_package_with_a_library/package.sh'
[3.028s] INFO:colcon.colcon_core.shell:Creating package script '/home/delewlew/ros2_tutorial_workspace_2/src/install/python_package_with_a_library/share/python_package_with_a_library/package.bash'
[3.028s] INFO:colcon.colcon_core.shell:Creating package script '/home/delewlew/ros2_tutorial_workspace_2/src/install/python_package_with_a_library/share/python_package_with_a_library/package.zsh'
[3.029s] Level 1:colcon.colcon_core.environment:create_file_with_runtime_dependencies(/home/delewlew/ros2_tutorial_workspace_2/src/install/python_package_with_a_library/share/colcon-core/packages/python_package_with_a_library)
[3.030s] INFO:colcon.colcon_ros.task.ament_python.build:Building ROS package in '/home/delewlew/ros2_tutorial_workspace_2/src/python_package_that_uses_the_library' with build type 'ament_python'
[3.030s] Level 1:colcon.colcon_core.shell:create_environment_hook('python_package_that_uses_the_library', 'ament_prefix_path')
[3.031s] INFO:colcon.colcon_core.shell:Creating environment hook '/home/delewlew/ros2_tutorial_workspace_2/src/install/python_package_that_uses_the_library/share/python_package_that_uses_the_library/hook/ament_prefix_path.ps1'
[3.032s] INFO:colcon.colcon_core.shell:Creating environment descriptor '/home/delewlew/ros2_tutorial_workspace_2/src/install/python_package_that_uses_the_library/share/python_package_that_uses_the_library/hook/ament_prefix_path.dsv'
[3.032s] INFO:colcon.colcon_core.shell:Creating environment hook '/home/delewlew/ros2_tutorial_workspace_2/src/install/python_package_that_uses_the_library/share/python_package_that_uses_the_library/hook/ament_prefix_path.sh'
[3.034s] INFO:colcon.colcon_core.shell:Skip shell extension 'powershell' for command environment: Not usable outside of PowerShell
[3.034s] DEBUG:colcon.colcon_core.shell:Skip shell extension 'dsv' for command environment
[3.462s] INFO:colcon.colcon_core.task.python.build:Building Python package in '/home/delewlew/ros2_tutorial_workspace_2/src/python_package_that_uses_the_library'
[3.462s] INFO:colcon.colcon_core.shell:Skip shell extension 'powershell' for command environment: Not usable outside of PowerShell
[3.462s] DEBUG:colcon.colcon_core.shell:Skip shell extension 'dsv' for command environment
[3.474s] Level 1:colcon.colcon_core.environment:checking '/home/delewlew/ros2_tutorial_workspace_2/src/install/python_package_with_a_node' for CMake module files
[3.475s] Level 1:colcon.colcon_core.environment:checking '/home/delewlew/ros2_tutorial_workspace_2/src/install/python_package_with_a_node' for CMake config files
[3.476s] DEBUG:colcon.colcon_core.event_handler.log_command:Invoking command in '/home/delewlew/ros2_tutorial_workspace_2/src/python_package_that_uses_paramameters_and_launch_files': PYTHONPATH=/home/delewlew/ros2_tutorial_workspace_2/src/build/python_package_that_uses_paramameters_and_launch_files/prefix_override:/usr/lib/python3/dist-packages/colcon_core/task/python/colcon_distutils_commands:/home/delewlew/ros2_tutorial_workspace_2/src/install/python_package_that_uses_paramameters_and_launch_files/lib/python3.10/site-packages:${PYTHONPATH} /usr/bin/python3 -W ignore:setup.py install is deprecated setup.py egg_info --egg-base ../build/python_package_that_uses_paramameters_and_launch_files build --build-base /home/delewlew/ros2_tutorial_workspace_2/src/build/python_package_that_uses_paramameters_and_launch_files/build install --record /home/delewlew/ros2_tutorial_workspace_2/src/build/python_package_that_uses_paramameters_and_launch_files/install.log --single-version-externally-managed install_data
[3.477s] DEBUG:colcon.colcon_core.event_handler.log_command:Invoked command in '/home/delewlew/ros2_tutorial_workspace_2/src/python_package_with_a_node' returned '0': PYTHONPATH=/home/delewlew/ros2_tutorial_workspace_2/src/build/python_package_with_a_node/prefix_override:/usr/lib/python3/dist-packages/colcon_core/task/python/colcon_distutils_commands:/home/delewlew/ros2_tutorial_workspace_2/src/install/python_package_with_a_node/lib/python3.10/site-packages:${PYTHONPATH} /usr/bin/python3 -W ignore:setup.py install is deprecated setup.py egg_info --egg-base ../build/python_package_with_a_node build --build-base /home/delewlew/ros2_tutorial_workspace_2/src/build/python_package_with_a_node/build install --record /home/delewlew/ros2_tutorial_workspace_2/src/build/python_package_with_a_node/install.log --single-version-externally-managed install_data
[3.477s] Level 1:colcon.colcon_core.environment:checking '/home/delewlew/ros2_tutorial_workspace_2/src/install/python_package_with_a_node/lib'
[3.477s] Level 1:colcon.colcon_core.environment:checking '/home/delewlew/ros2_tutorial_workspace_2/src/install/python_package_with_a_node/bin'
[3.478s] Level 1:colcon.colcon_core.environment:checking '/home/delewlew/ros2_tutorial_workspace_2/src/install/python_package_with_a_node/lib/pkgconfig/python_package_with_a_node.pc'
[3.478s] Level 1:colcon.colcon_core.environment:checking '/home/delewlew/ros2_tutorial_workspace_2/src/install/python_package_with_a_node/lib/python3.10/site-packages'
[3.478s] Level 1:colcon.colcon_core.shell:create_environment_hook('python_package_with_a_node', 'pythonpath')
[3.478s] INFO:colcon.colcon_core.shell:Creating environment hook '/home/delewlew/ros2_tutorial_workspace_2/src/install/python_package_with_a_node/share/python_package_with_a_node/hook/pythonpath.ps1'
[3.478s] INFO:colcon.colcon_core.shell:Creating environment descriptor '/home/delewlew/ros2_tutorial_workspace_2/src/install/python_package_with_a_node/share/python_package_with_a_node/hook/pythonpath.dsv'
[3.479s] INFO:colcon.colcon_core.shell:Creating environment hook '/home/delewlew/ros2_tutorial_workspace_2/src/install/python_package_with_a_node/share/python_package_with_a_node/hook/pythonpath.sh'
[3.480s] Level 1:colcon.colcon_core.environment:checking '/home/delewlew/ros2_tutorial_workspace_2/src/install/python_package_with_a_node/bin'
[3.480s] Level 1:colcon.colcon_core.environment:create_environment_scripts_only(python_package_with_a_node)
[3.480s] INFO:colcon.colcon_core.shell:Creating package script '/home/delewlew/ros2_tutorial_workspace_2/src/install/python_package_with_a_node/share/python_package_with_a_node/package.ps1'
[3.480s] INFO:colcon.colcon_core.shell:Creating package descriptor '/home/delewlew/ros2_tutorial_workspace_2/src/install/python_package_with_a_node/share/python_package_with_a_node/package.dsv'
[3.481s] INFO:colcon.colcon_core.shell:Creating package script '/home/delewlew/ros2_tutorial_workspace_2/src/install/python_package_with_a_node/share/python_package_with_a_node/package.sh'
[3.481s] INFO:colcon.colcon_core.shell:Creating package script '/home/delewlew/ros2_tutorial_workspace_2/src/install/python_package_with_a_node/share/python_package_with_a_node/package.bash'
[3.482s] INFO:colcon.colcon_core.shell:Creating package script '/home/delewlew/ros2_tutorial_workspace_2/src/install/python_package_with_a_node/share/python_package_with_a_node/package.zsh'
[3.482s] Level 1:colcon.colcon_core.environment:create_file_with_runtime_dependencies(/home/delewlew/ros2_tutorial_workspace_2/src/install/python_package_with_a_node/share/colcon-core/packages/python_package_with_a_node)
[3.483s] Level 1:colcon.colcon_core.environment:checking '/home/delewlew/ros2_tutorial_workspace_2/src/install/python_package_that_uses_the_messages' for CMake module files
[3.484s] Level 1:colcon.colcon_core.environment:checking '/home/delewlew/ros2_tutorial_workspace_2/src/install/python_package_that_uses_the_messages' for CMake config files
[3.484s] DEBUG:colcon.colcon_core.event_handler.log_command:Invoked command in '/home/delewlew/ros2_tutorial_workspace_2/src/python_package_that_uses_the_messages' returned '0': PYTHONPATH=/home/delewlew/ros2_tutorial_workspace_2/src/build/python_package_that_uses_the_messages/prefix_override:/usr/lib/python3/dist-packages/colcon_core/task/python/colcon_distutils_commands:/home/delewlew/ros2_tutorial_workspace_2/src/install/python_package_that_uses_the_messages/lib/python3.10/site-packages:${PYTHONPATH} /usr/bin/python3 -W ignore:setup.py install is deprecated setup.py egg_info --egg-base ../build/python_package_that_uses_the_messages build --build-base /home/delewlew/ros2_tutorial_workspace_2/src/build/python_package_that_uses_the_messages/build install --record /home/delewlew/ros2_tutorial_workspace_2/src/build/python_package_that_uses_the_messages/install.log --single-version-externally-managed install_data
[3.485s] Level 1:colcon.colcon_core.environment:checking '/home/delewlew/ros2_tutorial_workspace_2/src/install/python_package_that_uses_the_messages/lib'
[3.485s] Level 1:colcon.colcon_core.environment:checking '/home/delewlew/ros2_tutorial_workspace_2/src/install/python_package_that_uses_the_messages/bin'
[3.486s] Level 1:colcon.colcon_core.environment:checking '/home/delewlew/ros2_tutorial_workspace_2/src/install/python_package_that_uses_the_messages/lib/pkgconfig/python_package_that_uses_the_messages.pc'
[3.486s] Level 1:colcon.colcon_core.environment:checking '/home/delewlew/ros2_tutorial_workspace_2/src/install/python_package_that_uses_the_messages/lib/python3.10/site-packages'
[3.486s] Level 1:colcon.colcon_core.shell:create_environment_hook('python_package_that_uses_the_messages', 'pythonpath')
[3.487s] INFO:colcon.colcon_core.shell:Creating environment hook '/home/delewlew/ros2_tutorial_workspace_2/src/install/python_package_that_uses_the_messages/share/python_package_that_uses_the_messages/hook/pythonpath.ps1'
[3.487s] INFO:colcon.colcon_core.shell:Creating environment descriptor '/home/delewlew/ros2_tutorial_workspace_2/src/install/python_package_that_uses_the_messages/share/python_package_that_uses_the_messages/hook/pythonpath.dsv'
[3.488s] INFO:colcon.colcon_core.shell:Creating environment hook '/home/delewlew/ros2_tutorial_workspace_2/src/install/python_package_that_uses_the_messages/share/python_package_that_uses_the_messages/hook/pythonpath.sh'
[3.490s] Level 1:colcon.colcon_core.environment:checking '/home/delewlew/ros2_tutorial_workspace_2/src/install/python_package_that_uses_the_messages/bin'
[3.490s] Level 1:colcon.colcon_core.environment:create_environment_scripts_only(python_package_that_uses_the_messages)
[3.490s] INFO:colcon.colcon_core.shell:Creating package script '/home/delewlew/ros2_tutorial_workspace_2/src/install/python_package_that_uses_the_messages/share/python_package_that_uses_the_messages/package.ps1'
[3.492s] INFO:colcon.colcon_core.shell:Creating package descriptor '/home/delewlew/ros2_tutorial_workspace_2/src/install/python_package_that_uses_the_messages/share/python_package_that_uses_the_messages/package.dsv'
[3.493s] INFO:colcon.colcon_core.shell:Creating package script '/home/delewlew/ros2_tutorial_workspace_2/src/install/python_package_that_uses_the_messages/share/python_package_that_uses_the_messages/package.sh'
[3.494s] INFO:colcon.colcon_core.shell:Creating package script '/home/delewlew/ros2_tutorial_workspace_2/src/install/python_package_that_uses_the_messages/share/python_package_that_uses_the_messages/package.bash'
[3.495s] INFO:colcon.colcon_core.shell:Creating package script '/home/delewlew/ros2_tutorial_workspace_2/src/install/python_package_that_uses_the_messages/share/python_package_that_uses_the_messages/package.zsh'
[3.496s] Level 1:colcon.colcon_core.environment:create_file_with_runtime_dependencies(/home/delewlew/ros2_tutorial_workspace_2/src/install/python_package_that_uses_the_messages/share/colcon-core/packages/python_package_that_uses_the_messages)
[3.497s] Level 1:colcon.colcon_core.environment:checking '/home/delewlew/ros2_tutorial_workspace_2/src/install/python_package_that_uses_the_services' for CMake module files
[3.499s] Level 1:colcon.colcon_core.environment:checking '/home/delewlew/ros2_tutorial_workspace_2/src/install/python_package_that_uses_the_services' for CMake config files
[3.500s] DEBUG:colcon.colcon_core.event_handler.log_command:Invoked command in '/home/delewlew/ros2_tutorial_workspace_2/src/python_package_that_uses_the_services' returned '0': PYTHONPATH=/home/delewlew/ros2_tutorial_workspace_2/src/build/python_package_that_uses_the_services/prefix_override:/usr/lib/python3/dist-packages/colcon_core/task/python/colcon_distutils_commands:/home/delewlew/ros2_tutorial_workspace_2/src/install/python_package_that_uses_the_services/lib/python3.10/site-packages:${PYTHONPATH} /usr/bin/python3 -W ignore:setup.py install is deprecated setup.py egg_info --egg-base ../build/python_package_that_uses_the_services build --build-base /home/delewlew/ros2_tutorial_workspace_2/src/build/python_package_that_uses_the_services/build install --record /home/delewlew/ros2_tutorial_workspace_2/src/build/python_package_that_uses_the_services/install.log --single-version-externally-managed install_data
[3.501s] Level 1:colcon.colcon_core.environment:checking '/home/delewlew/ros2_tutorial_workspace_2/src/install/python_package_that_uses_the_services/lib'
[3.501s] Level 1:colcon.colcon_core.environment:checking '/home/delewlew/ros2_tutorial_workspace_2/src/install/python_package_that_uses_the_services/bin'
[3.502s] Level 1:colcon.colcon_core.environment:checking '/home/delewlew/ros2_tutorial_workspace_2/src/install/python_package_that_uses_the_services/lib/pkgconfig/python_package_that_uses_the_services.pc'
[3.502s] Level 1:colcon.colcon_core.environment:checking '/home/delewlew/ros2_tutorial_workspace_2/src/install/python_package_that_uses_the_services/lib/python3.10/site-packages'
[3.502s] Level 1:colcon.colcon_core.shell:create_environment_hook('python_package_that_uses_the_services', 'pythonpath')
[3.503s] INFO:colcon.colcon_core.shell:Creating environment hook '/home/delewlew/ros2_tutorial_workspace_2/src/install/python_package_that_uses_the_services/share/python_package_that_uses_the_services/hook/pythonpath.ps1'
[3.504s] INFO:colcon.colcon_core.shell:Creating environment descriptor '/home/delewlew/ros2_tutorial_workspace_2/src/install/python_package_that_uses_the_services/share/python_package_that_uses_the_services/hook/pythonpath.dsv'
[3.505s] INFO:colcon.colcon_core.shell:Creating environment hook '/home/delewlew/ros2_tutorial_workspace_2/src/install/python_package_that_uses_the_services/share/python_package_that_uses_the_services/hook/pythonpath.sh'
[3.506s] Level 1:colcon.colcon_core.environment:checking '/home/delewlew/ros2_tutorial_workspace_2/src/install/python_package_that_uses_the_services/bin'
[3.506s] Level 1:colcon.colcon_core.environment:create_environment_scripts_only(python_package_that_uses_the_services)
[3.507s] INFO:colcon.colcon_core.shell:Creating package script '/home/delewlew/ros2_tutorial_workspace_2/src/install/python_package_that_uses_the_services/share/python_package_that_uses_the_services/package.ps1'
[3.508s] INFO:colcon.colcon_core.shell:Creating package descriptor '/home/delewlew/ros2_tutorial_workspace_2/src/install/python_package_that_uses_the_services/share/python_package_that_uses_the_services/package.dsv'
[3.509s] INFO:colcon.colcon_core.shell:Creating package script '/home/delewlew/ros2_tutorial_workspace_2/src/install/python_package_that_uses_the_services/share/python_package_that_uses_the_services/package.sh'
[3.509s] INFO:colcon.colcon_core.shell:Creating package script '/home/delewlew/ros2_tutorial_workspace_2/src/install/python_package_that_uses_the_services/share/python_package_that_uses_the_services/package.bash'
[3.510s] INFO:colcon.colcon_core.shell:Creating package script '/home/delewlew/ros2_tutorial_workspace_2/src/install/python_package_that_uses_the_services/share/python_package_that_uses_the_services/package.zsh'
[3.511s] Level 1:colcon.colcon_core.environment:create_file_with_runtime_dependencies(/home/delewlew/ros2_tutorial_workspace_2/src/install/python_package_that_uses_the_services/share/colcon-core/packages/python_package_that_uses_the_services)
[3.512s] Level 1:colcon.colcon_core.environment:checking '/home/delewlew/ros2_tutorial_workspace_2/src/install/the_simplest_python_package' for CMake module files
[3.513s] Level 1:colcon.colcon_core.environment:checking '/home/delewlew/ros2_tutorial_workspace_2/src/install/the_simplest_python_package' for CMake config files
[3.514s] DEBUG:colcon.colcon_core.event_handler.log_command:Invoked command in '/home/delewlew/ros2_tutorial_workspace_2/src/the_simplest_python_package' returned '0': PYTHONPATH=/home/delewlew/ros2_tutorial_workspace_2/src/build/the_simplest_python_package/prefix_override:/usr/lib/python3/dist-packages/colcon_core/task/python/colcon_distutils_commands:/home/delewlew/ros2_tutorial_workspace_2/src/install/the_simplest_python_package/lib/python3.10/site-packages:${PYTHONPATH} /usr/bin/python3 -W ignore:setup.py install is deprecated setup.py egg_info --egg-base ../build/the_simplest_python_package build --build-base /home/delewlew/ros2_tutorial_workspace_2/src/build/the_simplest_python_package/build install --record /home/delewlew/ros2_tutorial_workspace_2/src/build/the_simplest_python_package/install.log --single-version-externally-managed install_data
[3.514s] Level 1:colcon.colcon_core.environment:checking '/home/delewlew/ros2_tutorial_workspace_2/src/install/the_simplest_python_package/lib'
[3.514s] Level 1:colcon.colcon_core.environment:checking '/home/delewlew/ros2_tutorial_workspace_2/src/install/the_simplest_python_package/bin'
[3.514s] Level 1:colcon.colcon_core.environment:checking '/home/delewlew/ros2_tutorial_workspace_2/src/install/the_simplest_python_package/lib/pkgconfig/the_simplest_python_package.pc'
[3.515s] Level 1:colcon.colcon_core.environment:checking '/home/delewlew/ros2_tutorial_workspace_2/src/install/the_simplest_python_package/lib/python3.10/site-packages'
[3.515s] Level 1:colcon.colcon_core.shell:create_environment_hook('the_simplest_python_package', 'pythonpath')
[3.515s] INFO:colcon.colcon_core.shell:Creating environment hook '/home/delewlew/ros2_tutorial_workspace_2/src/install/the_simplest_python_package/share/the_simplest_python_package/hook/pythonpath.ps1'
[3.515s] INFO:colcon.colcon_core.shell:Creating environment descriptor '/home/delewlew/ros2_tutorial_workspace_2/src/install/the_simplest_python_package/share/the_simplest_python_package/hook/pythonpath.dsv'
[3.515s] INFO:colcon.colcon_core.shell:Creating environment hook '/home/delewlew/ros2_tutorial_workspace_2/src/install/the_simplest_python_package/share/the_simplest_python_package/hook/pythonpath.sh'
[3.516s] Level 1:colcon.colcon_core.environment:checking '/home/delewlew/ros2_tutorial_workspace_2/src/install/the_simplest_python_package/bin'
[3.516s] Level 1:colcon.colcon_core.environment:create_environment_scripts_only(the_simplest_python_package)
[3.516s] INFO:colcon.colcon_core.shell:Creating package script '/home/delewlew/ros2_tutorial_workspace_2/src/install/the_simplest_python_package/share/the_simplest_python_package/package.ps1'
[3.517s] INFO:colcon.colcon_core.shell:Creating package descriptor '/home/delewlew/ros2_tutorial_workspace_2/src/install/the_simplest_python_package/share/the_simplest_python_package/package.dsv'
[3.517s] INFO:colcon.colcon_core.shell:Creating package script '/home/delewlew/ros2_tutorial_workspace_2/src/install/the_simplest_python_package/share/the_simplest_python_package/package.sh'
[3.518s] INFO:colcon.colcon_core.shell:Creating package script '/home/delewlew/ros2_tutorial_workspace_2/src/install/the_simplest_python_package/share/the_simplest_python_package/package.bash'
[3.518s] INFO:colcon.colcon_core.shell:Creating package script '/home/delewlew/ros2_tutorial_workspace_2/src/install/the_simplest_python_package/share/the_simplest_python_package/package.zsh'
[3.519s] Level 1:colcon.colcon_core.environment:create_file_with_runtime_dependencies(/home/delewlew/ros2_tutorial_workspace_2/src/install/the_simplest_python_package/share/colcon-core/packages/the_simplest_python_package)
[3.843s] Level 1:colcon.colcon_core.environment:checking '/home/delewlew/ros2_tutorial_workspace_2/src/install/python_package_that_uses_paramameters_and_launch_files' for CMake module files
[3.845s] DEBUG:colcon.colcon_core.event_handler.log_command:Invoked command in '/home/delewlew/ros2_tutorial_workspace_2/src/python_package_that_uses_paramameters_and_launch_files' returned '0': PYTHONPATH=/home/delewlew/ros2_tutorial_workspace_2/src/build/python_package_that_uses_paramameters_and_launch_files/prefix_override:/usr/lib/python3/dist-packages/colcon_core/task/python/colcon_distutils_commands:/home/delewlew/ros2_tutorial_workspace_2/src/install/python_package_that_uses_paramameters_and_launch_files/lib/python3.10/site-packages:${PYTHONPATH} /usr/bin/python3 -W ignore:setup.py install is deprecated setup.py egg_info --egg-base ../build/python_package_that_uses_paramameters_and_launch_files build --build-base /home/delewlew/ros2_tutorial_workspace_2/src/build/python_package_that_uses_paramameters_and_launch_files/build install --record /home/delewlew/ros2_tutorial_workspace_2/src/build/python_package_that_uses_paramameters_and_launch_files/install.log --single-version-externally-managed install_data
[3.845s] Level 1:colcon.colcon_core.environment:checking '/home/delewlew/ros2_tutorial_workspace_2/src/install/python_package_that_uses_paramameters_and_launch_files' for CMake config files
[3.846s] Level 1:colcon.colcon_core.environment:checking '/home/delewlew/ros2_tutorial_workspace_2/src/install/python_package_that_uses_paramameters_and_launch_files/lib'
[3.846s] Level 1:colcon.colcon_core.environment:checking '/home/delewlew/ros2_tutorial_workspace_2/src/install/python_package_that_uses_paramameters_and_launch_files/bin'
[3.846s] Level 1:colcon.colcon_core.environment:checking '/home/delewlew/ros2_tutorial_workspace_2/src/install/python_package_that_uses_paramameters_and_launch_files/lib/pkgconfig/python_package_that_uses_paramameters_and_launch_files.pc'
[3.847s] Level 1:colcon.colcon_core.environment:checking '/home/delewlew/ros2_tutorial_workspace_2/src/install/python_package_that_uses_paramameters_and_launch_files/lib/python3.10/site-packages'
[3.847s] Level 1:colcon.colcon_core.shell:create_environment_hook('python_package_that_uses_paramameters_and_launch_files', 'pythonpath')
[3.847s] INFO:colcon.colcon_core.shell:Creating environment hook '/home/delewlew/ros2_tutorial_workspace_2/src/install/python_package_that_uses_paramameters_and_launch_files/share/python_package_that_uses_paramameters_and_launch_files/hook/pythonpath.ps1'
[3.848s] INFO:colcon.colcon_core.shell:Creating environment descriptor '/home/delewlew/ros2_tutorial_workspace_2/src/install/python_package_that_uses_paramameters_and_launch_files/share/python_package_that_uses_paramameters_and_launch_files/hook/pythonpath.dsv'
[3.849s] INFO:colcon.colcon_core.shell:Creating environment hook '/home/delewlew/ros2_tutorial_workspace_2/src/install/python_package_that_uses_paramameters_and_launch_files/share/python_package_that_uses_paramameters_and_launch_files/hook/pythonpath.sh'
[3.850s] Level 1:colcon.colcon_core.environment:checking '/home/delewlew/ros2_tutorial_workspace_2/src/install/python_package_that_uses_paramameters_and_launch_files/bin'
[3.850s] Level 1:colcon.colcon_core.environment:create_environment_scripts_only(python_package_that_uses_paramameters_and_launch_files)
[3.850s] INFO:colcon.colcon_core.shell:Creating package script '/home/delewlew/ros2_tutorial_workspace_2/src/install/python_package_that_uses_paramameters_and_launch_files/share/python_package_that_uses_paramameters_and_launch_files/package.ps1'
[3.851s] INFO:colcon.colcon_core.shell:Creating package descriptor '/home/delewlew/ros2_tutorial_workspace_2/src/install/python_package_that_uses_paramameters_and_launch_files/share/python_package_that_uses_paramameters_and_launch_files/package.dsv'
[3.852s] INFO:colcon.colcon_core.shell:Creating package script '/home/delewlew/ros2_tutorial_workspace_2/src/install/python_package_that_uses_paramameters_and_launch_files/share/python_package_that_uses_paramameters_and_launch_files/package.sh'
[3.853s] INFO:colcon.colcon_core.shell:Creating package script '/home/delewlew/ros2_tutorial_workspace_2/src/install/python_package_that_uses_paramameters_and_launch_files/share/python_package_that_uses_paramameters_and_launch_files/package.bash'
[3.854s] INFO:colcon.colcon_core.shell:Creating package script '/home/delewlew/ros2_tutorial_workspace_2/src/install/python_package_that_uses_paramameters_and_launch_files/share/python_package_that_uses_paramameters_and_launch_files/package.zsh'
[3.855s] Level 1:colcon.colcon_core.environment:create_file_with_runtime_dependencies(/home/delewlew/ros2_tutorial_workspace_2/src/install/python_package_that_uses_paramameters_and_launch_files/share/colcon-core/packages/python_package_that_uses_paramameters_and_launch_files)
[3.922s] DEBUG:colcon.colcon_core.event_handler.log_command:Invoking command in '/home/delewlew/ros2_tutorial_workspace_2/src/python_package_that_uses_the_library': AMENT_PREFIX_PATH=/home/delewlew/ros2_tutorial_workspace_2/src/install/python_package_with_a_library:/home/delewlew/ros2_tutorial_workspace_2/src/install/python_package_that_uses_paramameters_and_launch_files:/home/delewlew/ros2_tutorial_workspace_2/src/install/the_simplest_python_package:/home/delewlew/ros2_tutorial_workspace_2/src/install/python_package_with_a_node:/home/delewlew/ros2_tutorial_workspace_2/src/install/python_package_that_uses_the_library:/home/delewlew/ros2_tutorial_workspace_2/src/install/python_package_that_uses_the_services:/home/delewlew/ros2_tutorial_workspace_2/src/install/python_package_that_uses_the_messages:/home/delewlew/ros2_tutorial_workspace_2/src/install/package_with_interfaces:/opt/ros/humble PYTHONPATH=/home/delewlew/ros2_tutorial_workspace_2/src/build/python_package_that_uses_the_library/prefix_override:/usr/lib/python3/dist-packages/colcon_core/task/python/colcon_distutils_commands:/home/delewlew/ros2_tutorial_workspace_2/src/install/python_package_that_uses_the_library/lib/python3.10/site-packages:/home/delewlew/ros2_tutorial_workspace_2/src/install/python_package_with_a_library/lib/python3.10/site-packages:/home/delewlew/ros2_tutorial_workspace_2/src/install/python_package_that_uses_paramameters_and_launch_files/lib/python3.10/site-packages:/home/delewlew/ros2_tutorial_workspace_2/src/install/the_simplest_python_package/lib/python3.10/site-packages:/home/delewlew/ros2_tutorial_workspace_2/src/install/python_package_with_a_node/lib/python3.10/site-packages:/home/delewlew/ros2_tutorial_workspace_2/src/install/python_package_that_uses_the_library/lib/python3.10/site-packages:/home/delewlew/ros2_tutorial_workspace_2/src/install/python_package_that_uses_the_services/lib/python3.10/site-packages:/home/delewlew/ros2_tutorial_workspace_2/src/install/python_package_that_uses_the_messages/lib/python3.10/site-packages:/home/delewlew/ros2_tutorial_workspace_2/src/install/package_with_interfaces/local/lib/python3.10/dist-packages:/opt/ros/humble/lib/python3.10/site-packages:/opt/ros/humble/local/lib/python3.10/dist-packages /usr/bin/python3 -W ignore:setup.py install is deprecated setup.py egg_info --egg-base ../build/python_package_that_uses_the_library build --build-base /home/delewlew/ros2_tutorial_workspace_2/src/build/python_package_that_uses_the_library/build install --record /home/delewlew/ros2_tutorial_workspace_2/src/build/python_package_that_uses_the_library/install.log --single-version-externally-managed install_data
[4.171s] Level 1:colcon.colcon_core.environment:checking '/home/delewlew/ros2_tutorial_workspace_2/src/install/python_package_that_uses_the_library' for CMake module files
[4.172s] DEBUG:colcon.colcon_core.event_handler.log_command:Invoked command in '/home/delewlew/ros2_tutorial_workspace_2/src/python_package_that_uses_the_library' returned '0': AMENT_PREFIX_PATH=/home/delewlew/ros2_tutorial_workspace_2/src/install/python_package_with_a_library:/home/delewlew/ros2_tutorial_workspace_2/src/install/python_package_that_uses_paramameters_and_launch_files:/home/delewlew/ros2_tutorial_workspace_2/src/install/the_simplest_python_package:/home/delewlew/ros2_tutorial_workspace_2/src/install/python_package_with_a_node:/home/delewlew/ros2_tutorial_workspace_2/src/install/python_package_that_uses_the_library:/home/delewlew/ros2_tutorial_workspace_2/src/install/python_package_that_uses_the_services:/home/delewlew/ros2_tutorial_workspace_2/src/install/python_package_that_uses_the_messages:/home/delewlew/ros2_tutorial_workspace_2/src/install/package_with_interfaces:/opt/ros/humble PYTHONPATH=/home/delewlew/ros2_tutorial_workspace_2/src/build/python_package_that_uses_the_library/prefix_override:/usr/lib/python3/dist-packages/colcon_core/task/python/colcon_distutils_commands:/home/delewlew/ros2_tutorial_workspace_2/src/install/python_package_that_uses_the_library/lib/python3.10/site-packages:/home/delewlew/ros2_tutorial_workspace_2/src/install/python_package_with_a_library/lib/python3.10/site-packages:/home/delewlew/ros2_tutorial_workspace_2/src/install/python_package_that_uses_paramameters_and_launch_files/lib/python3.10/site-packages:/home/delewlew/ros2_tutorial_workspace_2/src/install/the_simplest_python_package/lib/python3.10/site-packages:/home/delewlew/ros2_tutorial_workspace_2/src/install/python_package_with_a_node/lib/python3.10/site-packages:/home/delewlew/ros2_tutorial_workspace_2/src/install/python_package_that_uses_the_library/lib/python3.10/site-packages:/home/delewlew/ros2_tutorial_workspace_2/src/install/python_package_that_uses_the_services/lib/python3.10/site-packages:/home/delewlew/ros2_tutorial_workspace_2/src/install/python_package_that_uses_the_messages/lib/python3.10/site-packages:/home/delewlew/ros2_tutorial_workspace_2/src/install/package_with_interfaces/local/lib/python3.10/dist-packages:/opt/ros/humble/lib/python3.10/site-packages:/opt/ros/humble/local/lib/python3.10/dist-packages /usr/bin/python3 -W ignore:setup.py install is deprecated setup.py egg_info --egg-base ../build/python_package_that_uses_the_library build --build-base /home/delewlew/ros2_tutorial_workspace_2/src/build/python_package_that_uses_the_library/build install --record /home/delewlew/ros2_tutorial_workspace_2/src/build/python_package_that_uses_the_library/install.log --single-version-externally-managed install_data
[4.173s] Level 1:colcon.colcon_core.environment:checking '/home/delewlew/ros2_tutorial_workspace_2/src/install/python_package_that_uses_the_library' for CMake config files
[4.173s] Level 1:colcon.colcon_core.environment:checking '/home/delewlew/ros2_tutorial_workspace_2/src/install/python_package_that_uses_the_library/lib'
[4.173s] Level 1:colcon.colcon_core.environment:checking '/home/delewlew/ros2_tutorial_workspace_2/src/install/python_package_that_uses_the_library/bin'
[4.173s] Level 1:colcon.colcon_core.environment:checking '/home/delewlew/ros2_tutorial_workspace_2/src/install/python_package_that_uses_the_library/lib/pkgconfig/python_package_that_uses_the_library.pc'
[4.173s] Level 1:colcon.colcon_core.environment:checking '/home/delewlew/ros2_tutorial_workspace_2/src/install/python_package_that_uses_the_library/lib/python3.10/site-packages'
[4.174s] Level 1:colcon.colcon_core.shell:create_environment_hook('python_package_that_uses_the_library', 'pythonpath')
[4.174s] INFO:colcon.colcon_core.shell:Creating environment hook '/home/delewlew/ros2_tutorial_workspace_2/src/install/python_package_that_uses_the_library/share/python_package_that_uses_the_library/hook/pythonpath.ps1'
[4.174s] INFO:colcon.colcon_core.shell:Creating environment descriptor '/home/delewlew/ros2_tutorial_workspace_2/src/install/python_package_that_uses_the_library/share/python_package_that_uses_the_library/hook/pythonpath.dsv'
[4.175s] INFO:colcon.colcon_core.shell:Creating environment hook '/home/delewlew/ros2_tutorial_workspace_2/src/install/python_package_that_uses_the_library/share/python_package_that_uses_the_library/hook/pythonpath.sh'
[4.175s] Level 1:colcon.colcon_core.environment:checking '/home/delewlew/ros2_tutorial_workspace_2/src/install/python_package_that_uses_the_library/bin'
[4.175s] Level 1:colcon.colcon_core.environment:create_environment_scripts_only(python_package_that_uses_the_library)
[4.176s] INFO:colcon.colcon_core.shell:Creating package script '/home/delewlew/ros2_tutorial_workspace_2/src/install/python_package_that_uses_the_library/share/python_package_that_uses_the_library/package.ps1'
[4.176s] INFO:colcon.colcon_core.shell:Creating package descriptor '/home/delewlew/ros2_tutorial_workspace_2/src/install/python_package_that_uses_the_library/share/python_package_that_uses_the_library/package.dsv'
[4.176s] INFO:colcon.colcon_core.shell:Creating package script '/home/delewlew/ros2_tutorial_workspace_2/src/install/python_package_that_uses_the_library/share/python_package_that_uses_the_library/package.sh'
[4.177s] INFO:colcon.colcon_core.shell:Creating package script '/home/delewlew/ros2_tutorial_workspace_2/src/install/python_package_that_uses_the_library/share/python_package_that_uses_the_library/package.bash'
[4.177s] INFO:colcon.colcon_core.shell:Creating package script '/home/delewlew/ros2_tutorial_workspace_2/src/install/python_package_that_uses_the_library/share/python_package_that_uses_the_library/package.zsh'
[4.177s] Level 1:colcon.colcon_core.environment:create_file_with_runtime_dependencies(/home/delewlew/ros2_tutorial_workspace_2/src/install/python_package_that_uses_the_library/share/colcon-core/packages/python_package_that_uses_the_library)
[4.178s] DEBUG:colcon.colcon_parallel_executor.executor.parallel:closing loop
[4.178s] DEBUG:colcon.colcon_parallel_executor.executor.parallel:loop closed
[4.178s] DEBUG:colcon.colcon_parallel_executor.executor.parallel:run_until_complete finished with '0'
[4.178s] DEBUG:colcon.colcon_core.event_reactor:joining thread
[4.187s] INFO:colcon.colcon_core.plugin_system:Skipping extension 'colcon_notification.desktop_notification.terminal_notifier': Not used on non-Darwin systems
[4.187s] INFO:colcon.colcon_core.plugin_system:Skipping extension 'colcon_notification.desktop_notification.win32': Not used on non-Windows systems
[4.187s] INFO:colcon.colcon_notification.desktop_notification:Sending desktop notification using 'notify2'
[4.214s] DEBUG:colcon.colcon_core.event_reactor:joined thread
[4.215s] INFO:colcon.colcon_core.shell:Creating prefix script '/home/delewlew/ros2_tutorial_workspace_2/src/install/local_setup.ps1'
[4.217s] INFO:colcon.colcon_core.shell:Creating prefix util module '/home/delewlew/ros2_tutorial_workspace_2/src/install/_local_setup_util_ps1.py'
[4.222s] INFO:colcon.colcon_core.shell:Creating prefix chain script '/home/delewlew/ros2_tutorial_workspace_2/src/install/setup.ps1'
[4.226s] INFO:colcon.colcon_core.shell:Creating prefix script '/home/delewlew/ros2_tutorial_workspace_2/src/install/local_setup.sh'
[4.228s] INFO:colcon.colcon_core.shell:Creating prefix util module '/home/delewlew/ros2_tutorial_workspace_2/src/install/_local_setup_util_sh.py'
[4.231s] INFO:colcon.colcon_core.shell:Creating prefix chain script '/home/delewlew/ros2_tutorial_workspace_2/src/install/setup.sh'
[4.234s] INFO:colcon.colcon_core.shell:Creating prefix script '/home/delewlew/ros2_tutorial_workspace_2/src/install/local_setup.bash'
[4.235s] INFO:colcon.colcon_core.shell:Creating prefix chain script '/home/delewlew/ros2_tutorial_workspace_2/src/install/setup.bash'
[4.237s] INFO:colcon.colcon_core.shell:Creating prefix script '/home/delewlew/ros2_tutorial_workspace_2/src/install/local_setup.zsh'
[4.237s] INFO:colcon.colcon_core.shell:Creating prefix chain script '/home/delewlew/ros2_tutorial_workspace_2/src/install/setup.zsh'
