[1.427s] Invoking command in '/home/delewlew/ros2_tutorial_workspace_2/src/python_package_with_a_library': PYTHONPATH=/home/delewlew/ros2_tutorial_workspace_2/src/build/python_package_with_a_library/prefix_override:/usr/lib/python3/dist-packages/colcon_core/task/python/colcon_distutils_commands:/home/delewlew/ros2_tutorial_workspace_2/src/install/python_package_with_a_library/lib/python3.10/site-packages:${PYTHONPATH} /usr/bin/python3 -W ignore:setup.py install is deprecated setup.py egg_info --egg-base ../build/python_package_with_a_library build --build-base /home/delewlew/ros2_tutorial_workspace_2/src/build/python_package_with_a_library/build install --record /home/delewlew/ros2_tutorial_workspace_2/src/build/python_package_with_a_library/install.log --single-version-externally-managed install_data
[1.699s] running egg_info
[1.700s] writing ../build/python_package_with_a_library/python_package_with_a_library.egg-info/PKG-INFO
[1.700s] writing dependency_links to ../build/python_package_with_a_library/python_package_with_a_library.egg-info/dependency_links.txt
[1.700s] writing entry points to ../build/python_package_with_a_library/python_package_with_a_library.egg-info/entry_points.txt
[1.701s] writing requirements to ../build/python_package_with_a_library/python_package_with_a_library.egg-info/requires.txt
[1.701s] writing top-level names to ../build/python_package_with_a_library/python_package_with_a_library.egg-info/top_level.txt
[1.702s] reading manifest file '../build/python_package_with_a_library/python_package_with_a_library.egg-info/SOURCES.txt'
[1.703s] writing manifest file '../build/python_package_with_a_library/python_package_with_a_library.egg-info/SOURCES.txt'
[1.703s] running build
[1.703s] running build_py
[1.704s] running install
[1.704s] running install_lib
[1.706s] running install_data
[1.706s] running install_egg_info
[1.708s] removing '/home/delewlew/ros2_tutorial_workspace_2/src/install/python_package_with_a_library/lib/python3.10/site-packages/python_package_with_a_library-0.0.0-py3.10.egg-info' (and everything under it)
[1.709s] Copying ../build/python_package_with_a_library/python_package_with_a_library.egg-info to /home/delewlew/ros2_tutorial_workspace_2/src/install/python_package_with_a_library/lib/python3.10/site-packages/python_package_with_a_library-0.0.0-py3.10.egg-info
[1.709s] running install_scripts
[1.726s] writing list of installed files to '/home/delewlew/ros2_tutorial_workspace_2/src/build/python_package_with_a_library/install.log'
[1.750s] Invoked command in '/home/delewlew/ros2_tutorial_workspace_2/src/python_package_with_a_library' returned '0': PYTHONPATH=/home/delewlew/ros2_tutorial_workspace_2/src/build/python_package_with_a_library/prefix_override:/usr/lib/python3/dist-packages/colcon_core/task/python/colcon_distutils_commands:/home/delewlew/ros2_tutorial_workspace_2/src/install/python_package_with_a_library/lib/python3.10/site-packages:${PYTHONPATH} /usr/bin/python3 -W ignore:setup.py install is deprecated setup.py egg_info --egg-base ../build/python_package_with_a_library build --build-base /home/delewlew/ros2_tutorial_workspace_2/src/build/python_package_with_a_library/build install --record /home/delewlew/ros2_tutorial_workspace_2/src/build/python_package_with_a_library/install.log --single-version-externally-managed install_data
