[2.636s] Invoking command in '/home/delewlew/software_for_robotics_part2/src/bt_demos': PYTHONPATH=/home/delewlew/software_for_robotics_part2/build/bt_demos/prefix_override:/usr/lib/python3/dist-packages/colcon_core/task/python/colcon_distutils_commands:/home/delewlew/software_for_robotics_part2/install/bt_demos/lib/python3.10/site-packages:${PYTHONPATH} /usr/bin/python3 -W ignore:setup.py install is deprecated setup.py egg_info --egg-base ../../build/bt_demos build --build-base /home/delewlew/software_for_robotics_part2/build/bt_demos/build install --record /home/delewlew/software_for_robotics_part2/build/bt_demos/install.log --single-version-externally-managed install_data
[3.260s] running egg_info
[3.260s] writing ../../build/bt_demos/bt_demos.egg-info/PKG-INFO
[3.261s] writing dependency_links to ../../build/bt_demos/bt_demos.egg-info/dependency_links.txt
[3.261s] writing entry points to ../../build/bt_demos/bt_demos.egg-info/entry_points.txt
[3.261s] writing requirements to ../../build/bt_demos/bt_demos.egg-info/requires.txt
[3.262s] writing top-level names to ../../build/bt_demos/bt_demos.egg-info/top_level.txt
[3.267s] reading manifest file '../../build/bt_demos/bt_demos.egg-info/SOURCES.txt'
[3.267s] writing manifest file '../../build/bt_demos/bt_demos.egg-info/SOURCES.txt'
[3.267s] running build
[3.267s] running build_py
[3.268s] running install
[3.269s] running install_lib
[3.271s] running install_data
[3.271s] copying behavior_tree_xml/week11_exercise_2_nav.xml -> /home/delewlew/software_for_robotics_part2/install/bt_demos/share/bt_demos/behavior_tree_xml
[3.272s] running install_egg_info
[3.275s] removing '/home/delewlew/software_for_robotics_part2/install/bt_demos/lib/python3.10/site-packages/bt_demos-0.0.0-py3.10.egg-info' (and everything under it)
[3.275s] Copying ../../build/bt_demos/bt_demos.egg-info to /home/delewlew/software_for_robotics_part2/install/bt_demos/lib/python3.10/site-packages/bt_demos-0.0.0-py3.10.egg-info
[3.276s] running install_scripts
[3.296s] writing list of installed files to '/home/delewlew/software_for_robotics_part2/build/bt_demos/install.log'
[3.327s] Invoked command in '/home/delewlew/software_for_robotics_part2/src/bt_demos' returned '0': PYTHONPATH=/home/delewlew/software_for_robotics_part2/build/bt_demos/prefix_override:/usr/lib/python3/dist-packages/colcon_core/task/python/colcon_distutils_commands:/home/delewlew/software_for_robotics_part2/install/bt_demos/lib/python3.10/site-packages:${PYTHONPATH} /usr/bin/python3 -W ignore:setup.py install is deprecated setup.py egg_info --egg-base ../../build/bt_demos build --build-base /home/delewlew/software_for_robotics_part2/build/bt_demos/build install --record /home/delewlew/software_for_robotics_part2/build/bt_demos/install.log --single-version-externally-managed install_data
