[0.741s] Invoking command in '/home/delewlew/ros2_tutorial_workspace_2/src/python_package_that_uses_the_library': AMENT_PREFIX_PATH=/home/delewlew/ros2_tutorial_workspace_2/install/python_package_with_a_library:${AMENT_PREFIX_PATH} PYTHONPATH=/home/delewlew/ros2_tutorial_workspace_2/build/python_package_that_uses_the_library/prefix_override:/usr/lib/python3/dist-packages/colcon_core/task/python/colcon_distutils_commands:/home/delewlew/ros2_tutorial_workspace_2/install/python_package_that_uses_the_library/lib/python3.10/site-packages:/home/delewlew/ros2_tutorial_workspace_2/install/python_package_with_a_library/lib/python3.10/site-packages:${PYTHONPATH} /usr/bin/python3 -W ignore:setup.py install is deprecated setup.py egg_info --egg-base ../../build/python_package_that_uses_the_library build --build-base /home/delewlew/ros2_tutorial_workspace_2/build/python_package_that_uses_the_library/build install --record /home/delewlew/ros2_tutorial_workspace_2/build/python_package_that_uses_the_library/install.log --single-version-externally-managed install_data
[0.951s] running egg_info
[0.951s] creating ../../build/python_package_that_uses_the_library/python_package_that_uses_the_library.egg-info
[0.952s] writing ../../build/python_package_that_uses_the_library/python_package_that_uses_the_library.egg-info/PKG-INFO
[0.952s] writing dependency_links to ../../build/python_package_that_uses_the_library/python_package_that_uses_the_library.egg-info/dependency_links.txt
[0.953s] writing entry points to ../../build/python_package_that_uses_the_library/python_package_that_uses_the_library.egg-info/entry_points.txt
[0.953s] writing requirements to ../../build/python_package_that_uses_the_library/python_package_that_uses_the_library.egg-info/requires.txt
[0.953s] writing top-level names to ../../build/python_package_that_uses_the_library/python_package_that_uses_the_library.egg-info/top_level.txt
[0.953s] writing manifest file '../../build/python_package_that_uses_the_library/python_package_that_uses_the_library.egg-info/SOURCES.txt'
[0.955s] reading manifest file '../../build/python_package_that_uses_the_library/python_package_that_uses_the_library.egg-info/SOURCES.txt'
[0.956s] writing manifest file '../../build/python_package_that_uses_the_library/python_package_that_uses_the_library.egg-info/SOURCES.txt'
[0.956s] running build
[0.956s] running build_py
[0.956s] creating /home/delewlew/ros2_tutorial_workspace_2/build/python_package_that_uses_the_library/build
[0.956s] creating /home/delewlew/ros2_tutorial_workspace_2/build/python_package_that_uses_the_library/build/lib
[0.956s] creating /home/delewlew/ros2_tutorial_workspace_2/build/python_package_that_uses_the_library/build/lib/python_package_that_uses_the_library
[0.956s] copying python_package_that_uses_the_library/node_that_uses_the_library.py -> /home/delewlew/ros2_tutorial_workspace_2/build/python_package_that_uses_the_library/build/lib/python_package_that_uses_the_library
[0.958s] copying python_package_that_uses_the_library/__init__.py -> /home/delewlew/ros2_tutorial_workspace_2/build/python_package_that_uses_the_library/build/lib/python_package_that_uses_the_library
[0.958s] running install
[0.958s] running install_lib
[0.959s] creating /home/delewlew/ros2_tutorial_workspace_2/install/python_package_that_uses_the_library/lib/python3.10/site-packages/python_package_that_uses_the_library
[0.959s] copying /home/delewlew/ros2_tutorial_workspace_2/build/python_package_that_uses_the_library/build/lib/python_package_that_uses_the_library/node_that_uses_the_library.py -> /home/delewlew/ros2_tutorial_workspace_2/install/python_package_that_uses_the_library/lib/python3.10/site-packages/python_package_that_uses_the_library
[0.959s] copying /home/delewlew/ros2_tutorial_workspace_2/build/python_package_that_uses_the_library/build/lib/python_package_that_uses_the_library/__init__.py -> /home/delewlew/ros2_tutorial_workspace_2/install/python_package_that_uses_the_library/lib/python3.10/site-packages/python_package_that_uses_the_library
[0.960s] byte-compiling /home/delewlew/ros2_tutorial_workspace_2/install/python_package_that_uses_the_library/lib/python3.10/site-packages/python_package_that_uses_the_library/node_that_uses_the_library.py to node_that_uses_the_library.cpython-310.pyc
[0.960s] byte-compiling /home/delewlew/ros2_tutorial_workspace_2/install/python_package_that_uses_the_library/lib/python3.10/site-packages/python_package_that_uses_the_library/__init__.py to __init__.cpython-310.pyc
[0.961s] running install_data
[0.961s] creating /home/delewlew/ros2_tutorial_workspace_2/install/python_package_that_uses_the_library/share/ament_index
[0.961s] creating /home/delewlew/ros2_tutorial_workspace_2/install/python_package_that_uses_the_library/share/ament_index/resource_index
[0.961s] creating /home/delewlew/ros2_tutorial_workspace_2/install/python_package_that_uses_the_library/share/ament_index/resource_index/packages
[0.961s] copying resource/python_package_that_uses_the_library -> /home/delewlew/ros2_tutorial_workspace_2/install/python_package_that_uses_the_library/share/ament_index/resource_index/packages
[0.961s] copying package.xml -> /home/delewlew/ros2_tutorial_workspace_2/install/python_package_that_uses_the_library/share/python_package_that_uses_the_library
[0.961s] running install_egg_info
[0.963s] Copying ../../build/python_package_that_uses_the_library/python_package_that_uses_the_library.egg-info to /home/delewlew/ros2_tutorial_workspace_2/install/python_package_that_uses_the_library/lib/python3.10/site-packages/python_package_that_uses_the_library-0.0.0-py3.10.egg-info
[0.964s] running install_scripts
[0.986s] Installing node_that_uses_the_library script to /home/delewlew/ros2_tutorial_workspace_2/install/python_package_that_uses_the_library/lib/python_package_that_uses_the_library
[0.986s] writing list of installed files to '/home/delewlew/ros2_tutorial_workspace_2/build/python_package_that_uses_the_library/install.log'
[1.009s] Invoked command in '/home/delewlew/ros2_tutorial_workspace_2/src/python_package_that_uses_the_library' returned '0': AMENT_PREFIX_PATH=/home/delewlew/ros2_tutorial_workspace_2/install/python_package_with_a_library:${AMENT_PREFIX_PATH} PYTHONPATH=/home/delewlew/ros2_tutorial_workspace_2/build/python_package_that_uses_the_library/prefix_override:/usr/lib/python3/dist-packages/colcon_core/task/python/colcon_distutils_commands:/home/delewlew/ros2_tutorial_workspace_2/install/python_package_that_uses_the_library/lib/python3.10/site-packages:/home/delewlew/ros2_tutorial_workspace_2/install/python_package_with_a_library/lib/python3.10/site-packages:${PYTHONPATH} /usr/bin/python3 -W ignore:setup.py install is deprecated setup.py egg_info --egg-base ../../build/python_package_that_uses_the_library build --build-base /home/delewlew/ros2_tutorial_workspace_2/build/python_package_that_uses_the_library/build install --record /home/delewlew/ros2_tutorial_workspace_2/build/python_package_that_uses_the_library/install.log --single-version-externally-managed install_data
