[0.732s] Invoking command in '/home/delewlew/ros2_tutorial_workspace_2/src/python_package_with_a_node': PYTHONPATH=/home/delewlew/ros2_tutorial_workspace_2/build/python_package_with_a_node/prefix_override:/usr/lib/python3/dist-packages/colcon_core/task/python/colcon_distutils_commands:/home/delewlew/ros2_tutorial_workspace_2/install/python_package_with_a_node/lib/python3.10/site-packages:${PYTHONPATH} /usr/bin/python3 -W ignore:setup.py install is deprecated setup.py egg_info --egg-base ../../build/python_package_with_a_node build --build-base /home/delewlew/ros2_tutorial_workspace_2/build/python_package_with_a_node/build install --record /home/delewlew/ros2_tutorial_workspace_2/build/python_package_with_a_node/install.log --single-version-externally-managed install_data
[0.954s] running egg_info
[0.955s] creating ../../build/python_package_with_a_node/python_package_with_a_node.egg-info
[0.955s] writing ../../build/python_package_with_a_node/python_package_with_a_node.egg-info/PKG-INFO
[0.955s] writing dependency_links to ../../build/python_package_with_a_node/python_package_with_a_node.egg-info/dependency_links.txt
[0.956s] writing entry points to ../../build/python_package_with_a_node/python_package_with_a_node.egg-info/entry_points.txt
[0.956s] writing requirements to ../../build/python_package_with_a_node/python_package_with_a_node.egg-info/requires.txt
[0.956s] writing top-level names to ../../build/python_package_with_a_node/python_package_with_a_node.egg-info/top_level.txt
[0.956s] writing manifest file '../../build/python_package_with_a_node/python_package_with_a_node.egg-info/SOURCES.txt'
[0.957s] reading manifest file '../../build/python_package_with_a_node/python_package_with_a_node.egg-info/SOURCES.txt'
[0.958s] writing manifest file '../../build/python_package_with_a_node/python_package_with_a_node.egg-info/SOURCES.txt'
[0.958s] running build
[0.958s] running build_py
[0.959s] creating /home/delewlew/ros2_tutorial_workspace_2/build/python_package_with_a_node/build
[0.959s] creating /home/delewlew/ros2_tutorial_workspace_2/build/python_package_with_a_node/build/lib
[0.959s] creating /home/delewlew/ros2_tutorial_workspace_2/build/python_package_with_a_node/build/lib/python_package_with_a_node
[0.959s] copying python_package_with_a_node/sample_python_node.py -> /home/delewlew/ros2_tutorial_workspace_2/build/python_package_with_a_node/build/lib/python_package_with_a_node
[0.959s] copying python_package_with_a_node/__init__.py -> /home/delewlew/ros2_tutorial_workspace_2/build/python_package_with_a_node/build/lib/python_package_with_a_node
[0.959s] running install
[0.959s] running install_lib
[0.960s] creating /home/delewlew/ros2_tutorial_workspace_2/install/python_package_with_a_node/lib/python3.10/site-packages/python_package_with_a_node
[0.960s] copying /home/delewlew/ros2_tutorial_workspace_2/build/python_package_with_a_node/build/lib/python_package_with_a_node/sample_python_node.py -> /home/delewlew/ros2_tutorial_workspace_2/install/python_package_with_a_node/lib/python3.10/site-packages/python_package_with_a_node
[0.960s] copying /home/delewlew/ros2_tutorial_workspace_2/build/python_package_with_a_node/build/lib/python_package_with_a_node/__init__.py -> /home/delewlew/ros2_tutorial_workspace_2/install/python_package_with_a_node/lib/python3.10/site-packages/python_package_with_a_node
[0.961s] byte-compiling /home/delewlew/ros2_tutorial_workspace_2/install/python_package_with_a_node/lib/python3.10/site-packages/python_package_with_a_node/sample_python_node.py to sample_python_node.cpython-310.pyc
[0.961s] byte-compiling /home/delewlew/ros2_tutorial_workspace_2/install/python_package_with_a_node/lib/python3.10/site-packages/python_package_with_a_node/__init__.py to __init__.cpython-310.pyc
[0.962s] running install_data
[0.962s] creating /home/delewlew/ros2_tutorial_workspace_2/install/python_package_with_a_node/share/ament_index
[0.962s] creating /home/delewlew/ros2_tutorial_workspace_2/install/python_package_with_a_node/share/ament_index/resource_index
[0.962s] creating /home/delewlew/ros2_tutorial_workspace_2/install/python_package_with_a_node/share/ament_index/resource_index/packages
[0.962s] copying resource/python_package_with_a_node -> /home/delewlew/ros2_tutorial_workspace_2/install/python_package_with_a_node/share/ament_index/resource_index/packages
[0.962s] copying package.xml -> /home/delewlew/ros2_tutorial_workspace_2/install/python_package_with_a_node/share/python_package_with_a_node
[0.962s] running install_egg_info
[0.964s] Copying ../../build/python_package_with_a_node/python_package_with_a_node.egg-info to /home/delewlew/ros2_tutorial_workspace_2/install/python_package_with_a_node/lib/python3.10/site-packages/python_package_with_a_node-0.0.0-py3.10.egg-info
[0.965s] running install_scripts
[0.984s] Installing sample_python_node script to /home/delewlew/ros2_tutorial_workspace_2/install/python_package_with_a_node/lib/python_package_with_a_node
[0.984s] writing list of installed files to '/home/delewlew/ros2_tutorial_workspace_2/build/python_package_with_a_node/install.log'
[1.005s] Invoked command in '/home/delewlew/ros2_tutorial_workspace_2/src/python_package_with_a_node' returned '0': PYTHONPATH=/home/delewlew/ros2_tutorial_workspace_2/build/python_package_with_a_node/prefix_override:/usr/lib/python3/dist-packages/colcon_core/task/python/colcon_distutils_commands:/home/delewlew/ros2_tutorial_workspace_2/install/python_package_with_a_node/lib/python3.10/site-packages:${PYTHONPATH} /usr/bin/python3 -W ignore:setup.py install is deprecated setup.py egg_info --egg-base ../../build/python_package_with_a_node build --build-base /home/delewlew/ros2_tutorial_workspace_2/build/python_package_with_a_node/build install --record /home/delewlew/ros2_tutorial_workspace_2/build/python_package_with_a_node/install.log --single-version-externally-managed install_data
