[0.274s] Invoking command in '/home/delewlew/ros2_tutorial_workspace_2/build/package_with_interfaces': CMAKE_PREFIX_PATH=/opt/ros/humble /usr/bin/cmake --build /home/delewlew/ros2_tutorial_workspace_2/build/package_with_interfaces -- -j12 -l12
[0.948s] [35m[1mConsolidate compiler generated dependencies of target package_with_interfaces__rosidl_generator_c[0m
[0.948s] [  2%] Built target package_with_interfaces__cpp
[0.948s] [ 12%] Built target package_with_interfaces__rosidl_generator_c
[0.948s] [ 12%] Built target ament_cmake_python_copy_package_with_interfaces
[0.948s] [35m[1mConsolidate compiler generated dependencies of target package_with_interfaces__rosidl_typesupport_introspection_cpp[0m
[0.948s] [35m[1mConsolidate compiler generated dependencies of target package_with_interfaces__rosidl_typesupport_cpp[0m
[0.948s] [35m[1mConsolidate compiler generated dependencies of target package_with_interfaces__rosidl_typesupport_fastrtps_cpp[0m
[0.948s] [35m[1mConsolidate compiler generated dependencies of target package_with_interfaces__rosidl_typesupport_c[0m
[0.949s] [35m[1mConsolidate compiler generated dependencies of target package_with_interfaces__rosidl_typesupport_introspection_c[0m
[0.949s] [35m[1mConsolidate compiler generated dependencies of target package_with_interfaces__rosidl_typesupport_fastrtps_c[0m
[0.949s] [ 23%] Built target package_with_interfaces__rosidl_typesupport_c
[0.949s] [ 43%] Built target package_with_interfaces__rosidl_typesupport_introspection_cpp
[0.949s] [ 43%] Built target package_with_interfaces__rosidl_typesupport_cpp
[0.949s] [ 53%] Built target package_with_interfaces__rosidl_typesupport_introspection_c
[0.949s] [ 64%] Built target package_with_interfaces__rosidl_typesupport_fastrtps_cpp
[0.949s] [ 74%] Built target package_with_interfaces__rosidl_typesupport_fastrtps_c
[0.949s] [ 74%] Built target package_with_interfaces
[0.949s] [ 76%] Built target package_with_interfaces__py
[0.950s] [35m[1mConsolidate compiler generated dependencies of target package_with_interfaces__rosidl_generator_py[0m
[0.950s] [ 84%] Built target package_with_interfaces__rosidl_generator_py
[0.950s] [35m[1mConsolidate compiler generated dependencies of target package_with_interfaces__rosidl_typesupport_c__pyext[0m
[0.950s] [35m[1mConsolidate compiler generated dependencies of target package_with_interfaces__rosidl_typesupport_fastrtps_c__pyext[0m
[0.950s] [35m[1mConsolidate compiler generated dependencies of target package_with_interfaces__rosidl_typesupport_introspection_c__pyext[0m
[0.950s] [ 89%] Built target package_with_interfaces__rosidl_typesupport_c__pyext
[0.950s] [ 94%] Built target package_with_interfaces__rosidl_typesupport_fastrtps_c__pyext
[0.951s] [100%] Built target package_with_interfaces__rosidl_typesupport_introspection_c__pyext
[0.951s] running egg_info
[0.951s] writing package_with_interfaces.egg-info/PKG-INFO
[0.951s] writing dependency_links to package_with_interfaces.egg-info/dependency_links.txt
[0.951s] writing top-level names to package_with_interfaces.egg-info/top_level.txt
[0.951s] reading manifest file 'package_with_interfaces.egg-info/SOURCES.txt'
[0.951s] writing manifest file 'package_with_interfaces.egg-info/SOURCES.txt'
[0.975s] [100%] Built target ament_cmake_python_build_package_with_interfaces_egg
[1.199s] Invoked command in '/home/delewlew/ros2_tutorial_workspace_2/build/package_with_interfaces' returned '0': CMAKE_PREFIX_PATH=/opt/ros/humble /usr/bin/cmake --build /home/delewlew/ros2_tutorial_workspace_2/build/package_with_interfaces -- -j12 -l12
[1.400s] Invoking command in '/home/delewlew/ros2_tutorial_workspace_2/build/package_with_interfaces': CMAKE_PREFIX_PATH=/opt/ros/humble /usr/bin/cmake --install /home/delewlew/ros2_tutorial_workspace_2/build/package_with_interfaces
[1.414s] -- Install configuration: ""
[1.417s] -- Up-to-date: /home/delewlew/ros2_tutorial_workspace_2/install/package_with_interfaces/share/ament_index/resource_index/rosidl_interfaces/package_with_interfaces
[1.418s] -- Up-to-date: /home/delewlew/ros2_tutorial_workspace_2/install/package_with_interfaces/include/package_with_interfaces/package_with_interfaces
[1.418s] -- Up-to-date: /home/delewlew/ros2_tutorial_workspace_2/install/package_with_interfaces/include/package_with_interfaces/package_with_interfaces/msg
[1.419s] -- Up-to-date: /home/delewlew/ros2_tutorial_workspace_2/install/package_with_interfaces/include/package_with_interfaces/package_with_interfaces/msg/amazing_quote.h
[1.420s] -- Up-to-date: /home/delewlew/ros2_tutorial_workspace_2/install/package_with_interfaces/include/package_with_interfaces/package_with_interfaces/msg/rosidl_generator_c__visibility_control.h
[1.420s] -- Up-to-date: /home/delewlew/ros2_tutorial_workspace_2/install/package_with_interfaces/include/package_with_interfaces/package_with_interfaces/msg/detail
[1.421s] -- Up-to-date: /home/delewlew/ros2_tutorial_workspace_2/install/package_with_interfaces/include/package_with_interfaces/package_with_interfaces/msg/detail/amazing_quote__functions.c
[1.421s] -- Up-to-date: /home/delewlew/ros2_tutorial_workspace_2/install/package_with_interfaces/include/package_with_interfaces/package_with_interfaces/msg/detail/amazing_quote__type_support.h
[1.421s] -- Up-to-date: /home/delewlew/ros2_tutorial_workspace_2/install/package_with_interfaces/include/package_with_interfaces/package_with_interfaces/msg/detail/amazing_quote__struct.h
[1.422s] -- Up-to-date: /home/delewlew/ros2_tutorial_workspace_2/install/package_with_interfaces/include/package_with_interfaces/package_with_interfaces/msg/detail/amazing_quote__functions.h
[1.422s] -- Up-to-date: /home/delewlew/ros2_tutorial_workspace_2/install/package_with_interfaces/include/package_with_interfaces/package_with_interfaces/srv
[1.422s] -- Up-to-date: /home/delewlew/ros2_tutorial_workspace_2/install/package_with_interfaces/include/package_with_interfaces/package_with_interfaces/srv/what_is_the_point.h
[1.423s] -- Up-to-date: /home/delewlew/ros2_tutorial_workspace_2/install/package_with_interfaces/include/package_with_interfaces/package_with_interfaces/srv/detail
[1.423s] -- Up-to-date: /home/delewlew/ros2_tutorial_workspace_2/install/package_with_interfaces/include/package_with_interfaces/package_with_interfaces/srv/detail/what_is_the_point__functions.c
[1.423s] -- Up-to-date: /home/delewlew/ros2_tutorial_workspace_2/install/package_with_interfaces/include/package_with_interfaces/package_with_interfaces/srv/detail/what_is_the_point__struct.h
[1.423s] -- Up-to-date: /home/delewlew/ros2_tutorial_workspace_2/install/package_with_interfaces/include/package_with_interfaces/package_with_interfaces/srv/detail/what_is_the_point__functions.h
[1.424s] -- Up-to-date: /home/delewlew/ros2_tutorial_workspace_2/install/package_with_interfaces/include/package_with_interfaces/package_with_interfaces/srv/detail/what_is_the_point__type_support.h
[1.424s] -- Up-to-date: /home/delewlew/ros2_tutorial_workspace_2/install/package_with_interfaces/share/package_with_interfaces/environment/library_path.sh
[1.424s] -- Up-to-date: /home/delewlew/ros2_tutorial_workspace_2/install/package_with_interfaces/share/package_with_interfaces/environment/library_path.dsv
[1.425s] -- Up-to-date: /home/delewlew/ros2_tutorial_workspace_2/install/package_with_interfaces/lib/libpackage_with_interfaces__rosidl_generator_c.so
[1.425s] -- Up-to-date: /home/delewlew/ros2_tutorial_workspace_2/install/package_with_interfaces/include/package_with_interfaces/package_with_interfaces
[1.425s] -- Up-to-date: /home/delewlew/ros2_tutorial_workspace_2/install/package_with_interfaces/include/package_with_interfaces/package_with_interfaces/msg
[1.425s] -- Up-to-date: /home/delewlew/ros2_tutorial_workspace_2/install/package_with_interfaces/include/package_with_interfaces/package_with_interfaces/msg/detail
[1.425s] -- Up-to-date: /home/delewlew/ros2_tutorial_workspace_2/install/package_with_interfaces/include/package_with_interfaces/package_with_interfaces/msg/detail/amazing_quote__rosidl_typesupport_fastrtps_c.h
[1.425s] -- Up-to-date: /home/delewlew/ros2_tutorial_workspace_2/install/package_with_interfaces/include/package_with_interfaces/package_with_interfaces/msg/rosidl_typesupport_fastrtps_c__visibility_control.h
[1.425s] -- Up-to-date: /home/delewlew/ros2_tutorial_workspace_2/install/package_with_interfaces/include/package_with_interfaces/package_with_interfaces/srv
[1.425s] -- Up-to-date: /home/delewlew/ros2_tutorial_workspace_2/install/package_with_interfaces/include/package_with_interfaces/package_with_interfaces/srv/detail
[1.425s] -- Up-to-date: /home/delewlew/ros2_tutorial_workspace_2/install/package_with_interfaces/include/package_with_interfaces/package_with_interfaces/srv/detail/what_is_the_point__rosidl_typesupport_fastrtps_c.h
[1.430s] -- Up-to-date: /home/delewlew/ros2_tutorial_workspace_2/install/package_with_interfaces/lib/libpackage_with_interfaces__rosidl_typesupport_fastrtps_c.so
[1.431s] -- Up-to-date: /home/delewlew/ros2_tutorial_workspace_2/install/package_with_interfaces/include/package_with_interfaces/package_with_interfaces
[1.432s] -- Up-to-date: /home/delewlew/ros2_tutorial_workspace_2/install/package_with_interfaces/include/package_with_interfaces/package_with_interfaces/msg
[1.432s] -- Up-to-date: /home/delewlew/ros2_tutorial_workspace_2/install/package_with_interfaces/include/package_with_interfaces/package_with_interfaces/msg/amazing_quote.hpp
[1.433s] -- Up-to-date: /home/delewlew/ros2_tutorial_workspace_2/install/package_with_interfaces/include/package_with_interfaces/package_with_interfaces/msg/detail
[1.433s] -- Up-to-date: /home/delewlew/ros2_tutorial_workspace_2/install/package_with_interfaces/include/package_with_interfaces/package_with_interfaces/msg/detail/amazing_quote__builder.hpp
[1.433s] -- Up-to-date: /home/delewlew/ros2_tutorial_workspace_2/install/package_with_interfaces/include/package_with_interfaces/package_with_interfaces/msg/detail/amazing_quote__struct.hpp
[1.433s] -- Up-to-date: /home/delewlew/ros2_tutorial_workspace_2/install/package_with_interfaces/include/package_with_interfaces/package_with_interfaces/msg/detail/amazing_quote__traits.hpp
[1.433s] -- Up-to-date: /home/delewlew/ros2_tutorial_workspace_2/install/package_with_interfaces/include/package_with_interfaces/package_with_interfaces/srv
[1.433s] -- Up-to-date: /home/delewlew/ros2_tutorial_workspace_2/install/package_with_interfaces/include/package_with_interfaces/package_with_interfaces/srv/detail
[1.434s] -- Up-to-date: /home/delewlew/ros2_tutorial_workspace_2/install/package_with_interfaces/include/package_with_interfaces/package_with_interfaces/srv/detail/what_is_the_point__builder.hpp
[1.434s] -- Up-to-date: /home/delewlew/ros2_tutorial_workspace_2/install/package_with_interfaces/include/package_with_interfaces/package_with_interfaces/srv/detail/what_is_the_point__struct.hpp
[1.434s] -- Up-to-date: /home/delewlew/ros2_tutorial_workspace_2/install/package_with_interfaces/include/package_with_interfaces/package_with_interfaces/srv/detail/what_is_the_point__traits.hpp
[1.434s] -- Up-to-date: /home/delewlew/ros2_tutorial_workspace_2/install/package_with_interfaces/include/package_with_interfaces/package_with_interfaces/srv/what_is_the_point.hpp
[1.435s] -- Up-to-date: /home/delewlew/ros2_tutorial_workspace_2/install/package_with_interfaces/include/package_with_interfaces/package_with_interfaces
[1.435s] -- Up-to-date: /home/delewlew/ros2_tutorial_workspace_2/install/package_with_interfaces/include/package_with_interfaces/package_with_interfaces/msg
[1.435s] -- Up-to-date: /home/delewlew/ros2_tutorial_workspace_2/install/package_with_interfaces/include/package_with_interfaces/package_with_interfaces/msg/rosidl_typesupport_fastrtps_cpp__visibility_control.h
[1.436s] -- Up-to-date: /home/delewlew/ros2_tutorial_workspace_2/install/package_with_interfaces/include/package_with_interfaces/package_with_interfaces/msg/detail
[1.436s] -- Up-to-date: /home/delewlew/ros2_tutorial_workspace_2/install/package_with_interfaces/include/package_with_interfaces/package_with_interfaces/msg/detail/amazing_quote__rosidl_typesupport_fastrtps_cpp.hpp
[1.436s] -- Up-to-date: /home/delewlew/ros2_tutorial_workspace_2/install/package_with_interfaces/include/package_with_interfaces/package_with_interfaces/msg/detail/dds_fastrtps
[1.436s] -- Up-to-date: /home/delewlew/ros2_tutorial_workspace_2/install/package_with_interfaces/include/package_with_interfaces/package_with_interfaces/srv
[1.437s] -- Up-to-date: /home/delewlew/ros2_tutorial_workspace_2/install/package_with_interfaces/include/package_with_interfaces/package_with_interfaces/srv/detail
[1.437s] -- Up-to-date: /home/delewlew/ros2_tutorial_workspace_2/install/package_with_interfaces/include/package_with_interfaces/package_with_interfaces/srv/detail/what_is_the_point__rosidl_typesupport_fastrtps_cpp.hpp
[1.437s] -- Up-to-date: /home/delewlew/ros2_tutorial_workspace_2/install/package_with_interfaces/include/package_with_interfaces/package_with_interfaces/srv/detail/dds_fastrtps
[1.437s] -- Up-to-date: /home/delewlew/ros2_tutorial_workspace_2/install/package_with_interfaces/lib/libpackage_with_interfaces__rosidl_typesupport_fastrtps_cpp.so
[1.437s] -- Up-to-date: /home/delewlew/ros2_tutorial_workspace_2/install/package_with_interfaces/include/package_with_interfaces/package_with_interfaces
[1.437s] -- Up-to-date: /home/delewlew/ros2_tutorial_workspace_2/install/package_with_interfaces/include/package_with_interfaces/package_with_interfaces/msg
[1.437s] -- Up-to-date: /home/delewlew/ros2_tutorial_workspace_2/install/package_with_interfaces/include/package_with_interfaces/package_with_interfaces/msg/rosidl_typesupport_introspection_c__visibility_control.h
[1.438s] -- Up-to-date: /home/delewlew/ros2_tutorial_workspace_2/install/package_with_interfaces/include/package_with_interfaces/package_with_interfaces/msg/detail
[1.438s] -- Up-to-date: /home/delewlew/ros2_tutorial_workspace_2/install/package_with_interfaces/include/package_with_interfaces/package_with_interfaces/msg/detail/amazing_quote__rosidl_typesupport_introspection_c.h
[1.438s] -- Up-to-date: /home/delewlew/ros2_tutorial_workspace_2/install/package_with_interfaces/include/package_with_interfaces/package_with_interfaces/msg/detail/amazing_quote__type_support.c
[1.438s] -- Up-to-date: /home/delewlew/ros2_tutorial_workspace_2/install/package_with_interfaces/include/package_with_interfaces/package_with_interfaces/srv
[1.438s] -- Up-to-date: /home/delewlew/ros2_tutorial_workspace_2/install/package_with_interfaces/include/package_with_interfaces/package_with_interfaces/srv/detail
[1.439s] -- Up-to-date: /home/delewlew/ros2_tutorial_workspace_2/install/package_with_interfaces/include/package_with_interfaces/package_with_interfaces/srv/detail/what_is_the_point__rosidl_typesupport_introspection_c.h
[1.439s] -- Up-to-date: /home/delewlew/ros2_tutorial_workspace_2/install/package_with_interfaces/include/package_with_interfaces/package_with_interfaces/srv/detail/what_is_the_point__type_support.c
[1.439s] -- Up-to-date: /home/delewlew/ros2_tutorial_workspace_2/install/package_with_interfaces/lib/libpackage_with_interfaces__rosidl_typesupport_introspection_c.so
[1.440s] -- Up-to-date: /home/delewlew/ros2_tutorial_workspace_2/install/package_with_interfaces/lib/libpackage_with_interfaces__rosidl_typesupport_c.so
[1.440s] -- Up-to-date: /home/delewlew/ros2_tutorial_workspace_2/install/package_with_interfaces/include/package_with_interfaces/package_with_interfaces
[1.440s] -- Up-to-date: /home/delewlew/ros2_tutorial_workspace_2/install/package_with_interfaces/include/package_with_interfaces/package_with_interfaces/msg
[1.440s] -- Up-to-date: /home/delewlew/ros2_tutorial_workspace_2/install/package_with_interfaces/include/package_with_interfaces/package_with_interfaces/msg/detail
[1.441s] -- Up-to-date: /home/delewlew/ros2_tutorial_workspace_2/install/package_with_interfaces/include/package_with_interfaces/package_with_interfaces/msg/detail/amazing_quote__rosidl_typesupport_introspection_cpp.hpp
[1.441s] -- Up-to-date: /home/delewlew/ros2_tutorial_workspace_2/install/package_with_interfaces/include/package_with_interfaces/package_with_interfaces/msg/detail/amazing_quote__type_support.cpp
[1.441s] -- Up-to-date: /home/delewlew/ros2_tutorial_workspace_2/install/package_with_interfaces/include/package_with_interfaces/package_with_interfaces/srv
[1.441s] -- Up-to-date: /home/delewlew/ros2_tutorial_workspace_2/install/package_with_interfaces/include/package_with_interfaces/package_with_interfaces/srv/detail
[1.442s] -- Up-to-date: /home/delewlew/ros2_tutorial_workspace_2/install/package_with_interfaces/include/package_with_interfaces/package_with_interfaces/srv/detail/what_is_the_point__type_support.cpp
[1.442s] -- Up-to-date: /home/delewlew/ros2_tutorial_workspace_2/install/package_with_interfaces/include/package_with_interfaces/package_with_interfaces/srv/detail/what_is_the_point__rosidl_typesupport_introspection_cpp.hpp
[1.442s] -- Up-to-date: /home/delewlew/ros2_tutorial_workspace_2/install/package_with_interfaces/lib/libpackage_with_interfaces__rosidl_typesupport_introspection_cpp.so
[1.442s] -- Up-to-date: /home/delewlew/ros2_tutorial_workspace_2/install/package_with_interfaces/lib/libpackage_with_interfaces__rosidl_typesupport_cpp.so
[1.443s] -- Up-to-date: /home/delewlew/ros2_tutorial_workspace_2/install/package_with_interfaces/share/package_with_interfaces/environment/pythonpath.sh
[1.443s] -- Up-to-date: /home/delewlew/ros2_tutorial_workspace_2/install/package_with_interfaces/share/package_with_interfaces/environment/pythonpath.dsv
[1.444s] -- Up-to-date: /home/delewlew/ros2_tutorial_workspace_2/install/package_with_interfaces/local/lib/python3.10/dist-packages/package_with_interfaces-0.0.0-py3.10.egg-info
[1.444s] -- Installing: /home/delewlew/ros2_tutorial_workspace_2/install/package_with_interfaces/local/lib/python3.10/dist-packages/package_with_interfaces-0.0.0-py3.10.egg-info/PKG-INFO
[1.444s] -- Installing: /home/delewlew/ros2_tutorial_workspace_2/install/package_with_interfaces/local/lib/python3.10/dist-packages/package_with_interfaces-0.0.0-py3.10.egg-info/dependency_links.txt
[1.444s] -- Installing: /home/delewlew/ros2_tutorial_workspace_2/install/package_with_interfaces/local/lib/python3.10/dist-packages/package_with_interfaces-0.0.0-py3.10.egg-info/SOURCES.txt
[1.445s] -- Installing: /home/delewlew/ros2_tutorial_workspace_2/install/package_with_interfaces/local/lib/python3.10/dist-packages/package_with_interfaces-0.0.0-py3.10.egg-info/top_level.txt
[1.445s] -- Up-to-date: /home/delewlew/ros2_tutorial_workspace_2/install/package_with_interfaces/local/lib/python3.10/dist-packages/package_with_interfaces
[1.445s] -- Up-to-date: /home/delewlew/ros2_tutorial_workspace_2/install/package_with_interfaces/local/lib/python3.10/dist-packages/package_with_interfaces/_package_with_interfaces_s.ep.rosidl_typesupport_fastrtps_c.c
[1.445s] -- Up-to-date: /home/delewlew/ros2_tutorial_workspace_2/install/package_with_interfaces/local/lib/python3.10/dist-packages/package_with_interfaces/libpackage_with_interfaces__rosidl_generator_py.so
[1.446s] -- Up-to-date: /home/delewlew/ros2_tutorial_workspace_2/install/package_with_interfaces/local/lib/python3.10/dist-packages/package_with_interfaces/_package_with_interfaces_s.ep.rosidl_typesupport_introspection_c.c
[1.446s] -- Up-to-date: /home/delewlew/ros2_tutorial_workspace_2/install/package_with_interfaces/local/lib/python3.10/dist-packages/package_with_interfaces/package_with_interfaces_s__rosidl_typesupport_introspection_c.cpython-310-x86_64-linux-gnu.so
[1.447s] -- Up-to-date: /home/delewlew/ros2_tutorial_workspace_2/install/package_with_interfaces/local/lib/python3.10/dist-packages/package_with_interfaces/msg
[1.447s] -- Up-to-date: /home/delewlew/ros2_tutorial_workspace_2/install/package_with_interfaces/local/lib/python3.10/dist-packages/package_with_interfaces/msg/_amazing_quote_s.c
[1.447s] -- Up-to-date: /home/delewlew/ros2_tutorial_workspace_2/install/package_with_interfaces/local/lib/python3.10/dist-packages/package_with_interfaces/msg/_amazing_quote.py
[1.447s] -- Up-to-date: /home/delewlew/ros2_tutorial_workspace_2/install/package_with_interfaces/local/lib/python3.10/dist-packages/package_with_interfaces/msg/__init__.py
[1.447s] -- Up-to-date: /home/delewlew/ros2_tutorial_workspace_2/install/package_with_interfaces/local/lib/python3.10/dist-packages/package_with_interfaces/_package_with_interfaces_s.ep.rosidl_typesupport_c.c
[1.447s] -- Up-to-date: /home/delewlew/ros2_tutorial_workspace_2/install/package_with_interfaces/local/lib/python3.10/dist-packages/package_with_interfaces/package_with_interfaces_s__rosidl_typesupport_c.cpython-310-x86_64-linux-gnu.so
[1.447s] -- Up-to-date: /home/delewlew/ros2_tutorial_workspace_2/install/package_with_interfaces/local/lib/python3.10/dist-packages/package_with_interfaces/srv
[1.448s] -- Up-to-date: /home/delewlew/ros2_tutorial_workspace_2/install/package_with_interfaces/local/lib/python3.10/dist-packages/package_with_interfaces/srv/_what_is_the_point.py
[1.448s] -- Up-to-date: /home/delewlew/ros2_tutorial_workspace_2/install/package_with_interfaces/local/lib/python3.10/dist-packages/package_with_interfaces/srv/_what_is_the_point_s.c
[1.448s] -- Up-to-date: /home/delewlew/ros2_tutorial_workspace_2/install/package_with_interfaces/local/lib/python3.10/dist-packages/package_with_interfaces/srv/__init__.py
[1.448s] -- Up-to-date: /home/delewlew/ros2_tutorial_workspace_2/install/package_with_interfaces/local/lib/python3.10/dist-packages/package_with_interfaces/package_with_interfaces_s__rosidl_typesupport_fastrtps_c.cpython-310-x86_64-linux-gnu.so
[1.448s] -- Up-to-date: /home/delewlew/ros2_tutorial_workspace_2/install/package_with_interfaces/local/lib/python3.10/dist-packages/package_with_interfaces/__init__.py
[1.499s] Listing '/home/delewlew/ros2_tutorial_workspace_2/install/package_with_interfaces/local/lib/python3.10/dist-packages/package_with_interfaces'...
[1.499s] Listing '/home/delewlew/ros2_tutorial_workspace_2/install/package_with_interfaces/local/lib/python3.10/dist-packages/package_with_interfaces/msg'...
[1.499s] Listing '/home/delewlew/ros2_tutorial_workspace_2/install/package_with_interfaces/local/lib/python3.10/dist-packages/package_with_interfaces/srv'...
[1.510s] -- Up-to-date: /home/delewlew/ros2_tutorial_workspace_2/install/package_with_interfaces/local/lib/python3.10/dist-packages/package_with_interfaces/package_with_interfaces_s__rosidl_typesupport_fastrtps_c.cpython-310-x86_64-linux-gnu.so
[1.512s] -- Up-to-date: /home/delewlew/ros2_tutorial_workspace_2/install/package_with_interfaces/local/lib/python3.10/dist-packages/package_with_interfaces/package_with_interfaces_s__rosidl_typesupport_introspection_c.cpython-310-x86_64-linux-gnu.so
[1.514s] -- Up-to-date: /home/delewlew/ros2_tutorial_workspace_2/install/package_with_interfaces/local/lib/python3.10/dist-packages/package_with_interfaces/package_with_interfaces_s__rosidl_typesupport_c.cpython-310-x86_64-linux-gnu.so
[1.515s] -- Up-to-date: /home/delewlew/ros2_tutorial_workspace_2/install/package_with_interfaces/lib/libpackage_with_interfaces__rosidl_generator_py.so
[1.516s] -- Up-to-date: /home/delewlew/ros2_tutorial_workspace_2/install/package_with_interfaces/share/package_with_interfaces/msg/AmazingQuote.idl
[1.517s] -- Up-to-date: /home/delewlew/ros2_tutorial_workspace_2/install/package_with_interfaces/share/package_with_interfaces/srv/WhatIsThePoint.idl
[1.517s] -- Up-to-date: /home/delewlew/ros2_tutorial_workspace_2/install/package_with_interfaces/share/package_with_interfaces/msg/AmazingQuote.msg
[1.517s] -- Up-to-date: /home/delewlew/ros2_tutorial_workspace_2/install/package_with_interfaces/share/package_with_interfaces/srv/WhatIsThePoint.srv
[1.518s] -- Up-to-date: /home/delewlew/ros2_tutorial_workspace_2/install/package_with_interfaces/share/package_with_interfaces/srv/WhatIsThePoint_Request.msg
[1.518s] -- Up-to-date: /home/delewlew/ros2_tutorial_workspace_2/install/package_with_interfaces/share/package_with_interfaces/srv/WhatIsThePoint_Response.msg
[1.518s] -- Up-to-date: /home/delewlew/ros2_tutorial_workspace_2/install/package_with_interfaces/share/ament_index/resource_index/package_run_dependencies/package_with_interfaces
[1.518s] -- Up-to-date: /home/delewlew/ros2_tutorial_workspace_2/install/package_with_interfaces/share/ament_index/resource_index/parent_prefix_path/package_with_interfaces
[1.519s] -- Up-to-date: /home/delewlew/ros2_tutorial_workspace_2/install/package_with_interfaces/share/package_with_interfaces/environment/ament_prefix_path.sh
[1.519s] -- Up-to-date: /home/delewlew/ros2_tutorial_workspace_2/install/package_with_interfaces/share/package_with_interfaces/environment/ament_prefix_path.dsv
[1.519s] -- Up-to-date: /home/delewlew/ros2_tutorial_workspace_2/install/package_with_interfaces/share/package_with_interfaces/environment/path.sh
[1.520s] -- Up-to-date: /home/delewlew/ros2_tutorial_workspace_2/install/package_with_interfaces/share/package_with_interfaces/environment/path.dsv
[1.520s] -- Up-to-date: /home/delewlew/ros2_tutorial_workspace_2/install/package_with_interfaces/share/package_with_interfaces/local_setup.bash
[1.520s] -- Up-to-date: /home/delewlew/ros2_tutorial_workspace_2/install/package_with_interfaces/share/package_with_interfaces/local_setup.sh
[1.520s] -- Up-to-date: /home/delewlew/ros2_tutorial_workspace_2/install/package_with_interfaces/share/package_with_interfaces/local_setup.zsh
[1.521s] -- Up-to-date: /home/delewlew/ros2_tutorial_workspace_2/install/package_with_interfaces/share/package_with_interfaces/local_setup.dsv
[1.521s] -- Installing: /home/delewlew/ros2_tutorial_workspace_2/install/package_with_interfaces/share/package_with_interfaces/package.dsv
[1.522s] -- Up-to-date: /home/delewlew/ros2_tutorial_workspace_2/install/package_with_interfaces/share/ament_index/resource_index/packages/package_with_interfaces
[1.524s] -- Up-to-date: /home/delewlew/ros2_tutorial_workspace_2/install/package_with_interfaces/share/package_with_interfaces/cmake/export_package_with_interfaces__rosidl_generator_cExport.cmake
[1.525s] -- Up-to-date: /home/delewlew/ros2_tutorial_workspace_2/install/package_with_interfaces/share/package_with_interfaces/cmake/export_package_with_interfaces__rosidl_generator_cExport-noconfig.cmake
[1.532s] -- Up-to-date: /home/delewlew/ros2_tutorial_workspace_2/install/package_with_interfaces/share/package_with_interfaces/cmake/export_package_with_interfaces__rosidl_typesupport_fastrtps_cExport.cmake
[1.533s] -- Up-to-date: /home/delewlew/ros2_tutorial_workspace_2/install/package_with_interfaces/share/package_with_interfaces/cmake/export_package_with_interfaces__rosidl_typesupport_fastrtps_cExport-noconfig.cmake
[1.533s] -- Up-to-date: /home/delewlew/ros2_tutorial_workspace_2/install/package_with_interfaces/share/package_with_interfaces/cmake/export_package_with_interfaces__rosidl_generator_cppExport.cmake
[1.535s] -- Up-to-date: /home/delewlew/ros2_tutorial_workspace_2/install/package_with_interfaces/share/package_with_interfaces/cmake/export_package_with_interfaces__rosidl_typesupport_fastrtps_cppExport.cmake
[1.536s] -- Up-to-date: /home/delewlew/ros2_tutorial_workspace_2/install/package_with_interfaces/share/package_with_interfaces/cmake/export_package_with_interfaces__rosidl_typesupport_fastrtps_cppExport-noconfig.cmake
[1.537s] -- Up-to-date: /home/delewlew/ros2_tutorial_workspace_2/install/package_with_interfaces/share/package_with_interfaces/cmake/package_with_interfaces__rosidl_typesupport_introspection_cExport.cmake
[1.537s] -- Up-to-date: /home/delewlew/ros2_tutorial_workspace_2/install/package_with_interfaces/share/package_with_interfaces/cmake/package_with_interfaces__rosidl_typesupport_introspection_cExport-noconfig.cmake
[1.538s] -- Up-to-date: /home/delewlew/ros2_tutorial_workspace_2/install/package_with_interfaces/share/package_with_interfaces/cmake/package_with_interfaces__rosidl_typesupport_cExport.cmake
[1.539s] -- Up-to-date: /home/delewlew/ros2_tutorial_workspace_2/install/package_with_interfaces/share/package_with_interfaces/cmake/package_with_interfaces__rosidl_typesupport_cExport-noconfig.cmake
[1.540s] -- Up-to-date: /home/delewlew/ros2_tutorial_workspace_2/install/package_with_interfaces/share/package_with_interfaces/cmake/package_with_interfaces__rosidl_typesupport_introspection_cppExport.cmake
[1.540s] -- Up-to-date: /home/delewlew/ros2_tutorial_workspace_2/install/package_with_interfaces/share/package_with_interfaces/cmake/package_with_interfaces__rosidl_typesupport_introspection_cppExport-noconfig.cmake
[1.541s] -- Up-to-date: /home/delewlew/ros2_tutorial_workspace_2/install/package_with_interfaces/share/package_with_interfaces/cmake/package_with_interfaces__rosidl_typesupport_cppExport.cmake
[1.541s] -- Up-to-date: /home/delewlew/ros2_tutorial_workspace_2/install/package_with_interfaces/share/package_with_interfaces/cmake/package_with_interfaces__rosidl_typesupport_cppExport-noconfig.cmake
[1.542s] -- Up-to-date: /home/delewlew/ros2_tutorial_workspace_2/install/package_with_interfaces/share/package_with_interfaces/cmake/export_package_with_interfaces__rosidl_generator_pyExport.cmake
[1.542s] -- Up-to-date: /home/delewlew/ros2_tutorial_workspace_2/install/package_with_interfaces/share/package_with_interfaces/cmake/export_package_with_interfaces__rosidl_generator_pyExport-noconfig.cmake
[1.543s] -- Up-to-date: /home/delewlew/ros2_tutorial_workspace_2/install/package_with_interfaces/share/package_with_interfaces/cmake/rosidl_cmake-extras.cmake
[1.543s] -- Up-to-date: /home/delewlew/ros2_tutorial_workspace_2/install/package_with_interfaces/share/package_with_interfaces/cmake/ament_cmake_export_dependencies-extras.cmake
[1.543s] -- Up-to-date: /home/delewlew/ros2_tutorial_workspace_2/install/package_with_interfaces/share/package_with_interfaces/cmake/ament_cmake_export_include_directories-extras.cmake
[1.543s] -- Up-to-date: /home/delewlew/ros2_tutorial_workspace_2/install/package_with_interfaces/share/package_with_interfaces/cmake/ament_cmake_export_libraries-extras.cmake
[1.544s] -- Up-to-date: /home/delewlew/ros2_tutorial_workspace_2/install/package_with_interfaces/share/package_with_interfaces/cmake/ament_cmake_export_targets-extras.cmake
[1.544s] -- Up-to-date: /home/delewlew/ros2_tutorial_workspace_2/install/package_with_interfaces/share/package_with_interfaces/cmake/rosidl_cmake_export_typesupport_targets-extras.cmake
[1.544s] -- Up-to-date: /home/delewlew/ros2_tutorial_workspace_2/install/package_with_interfaces/share/package_with_interfaces/cmake/rosidl_cmake_export_typesupport_libraries-extras.cmake
[1.544s] -- Up-to-date: /home/delewlew/ros2_tutorial_workspace_2/install/package_with_interfaces/share/package_with_interfaces/cmake/package_with_interfacesConfig.cmake
[1.544s] -- Up-to-date: /home/delewlew/ros2_tutorial_workspace_2/install/package_with_interfaces/share/package_with_interfaces/cmake/package_with_interfacesConfig-version.cmake
[1.545s] -- Up-to-date: /home/delewlew/ros2_tutorial_workspace_2/install/package_with_interfaces/share/package_with_interfaces/package.xml
[1.549s] Invoked command in '/home/delewlew/ros2_tutorial_workspace_2/build/package_with_interfaces' returned '0': CMAKE_PREFIX_PATH=/opt/ros/humble /usr/bin/cmake --install /home/delewlew/ros2_tutorial_workspace_2/build/package_with_interfaces
