[2.610s] Invoking command in '/home/delewlew/software_for_robotics_part2/src/gz_example_robot_description': PYTHONPATH=/home/delewlew/software_for_robotics_part2/build/gz_example_robot_description/prefix_override:/usr/lib/python3/dist-packages/colcon_core/task/python/colcon_distutils_commands:/home/delewlew/software_for_robotics_part2/install/gz_example_robot_description/lib/python3.10/site-packages:${PYTHONPATH} /usr/bin/python3 -W ignore:setup.py install is deprecated setup.py egg_info --egg-base ../../build/gz_example_robot_description build --build-base /home/delewlew/software_for_robotics_part2/build/gz_example_robot_description/build install --record /home/delewlew/software_for_robotics_part2/build/gz_example_robot_description/install.log --single-version-externally-managed install_data
[2.954s] running egg_info
[2.956s] creating ../../build/gz_example_robot_description/gz_example_robot_description.egg-info
[2.956s] writing ../../build/gz_example_robot_description/gz_example_robot_description.egg-info/PKG-INFO
[2.957s] writing dependency_links to ../../build/gz_example_robot_description/gz_example_robot_description.egg-info/dependency_links.txt
[2.957s] writing entry points to ../../build/gz_example_robot_description/gz_example_robot_description.egg-info/entry_points.txt
[2.957s] writing requirements to ../../build/gz_example_robot_description/gz_example_robot_description.egg-info/requires.txt
[2.957s] writing top-level names to ../../build/gz_example_robot_description/gz_example_robot_description.egg-info/top_level.txt
[2.957s] writing manifest file '../../build/gz_example_robot_description/gz_example_robot_description.egg-info/SOURCES.txt'
[2.958s] reading manifest file '../../build/gz_example_robot_description/gz_example_robot_description.egg-info/SOURCES.txt'
[2.960s] writing manifest file '../../build/gz_example_robot_description/gz_example_robot_description.egg-info/SOURCES.txt'
[2.961s] running build
[2.961s] running build_py
[2.961s] creating /home/delewlew/software_for_robotics_part2/build/gz_example_robot_description/build
[2.962s] creating /home/delewlew/software_for_robotics_part2/build/gz_example_robot_description/build/lib
[2.962s] creating /home/delewlew/software_for_robotics_part2/build/gz_example_robot_description/build/lib/gz_example_robot_description
[2.962s] copying gz_example_robot_description/__init__.py -> /home/delewlew/software_for_robotics_part2/build/gz_example_robot_description/build/lib/gz_example_robot_description
[2.962s] running install
[2.962s] running install_lib
[2.962s] creating /home/delewlew/software_for_robotics_part2/install/gz_example_robot_description/lib/python3.10/site-packages/gz_example_robot_description
[2.963s] copying /home/delewlew/software_for_robotics_part2/build/gz_example_robot_description/build/lib/gz_example_robot_description/__init__.py -> /home/delewlew/software_for_robotics_part2/install/gz_example_robot_description/lib/python3.10/site-packages/gz_example_robot_description
[2.963s] byte-compiling /home/delewlew/software_for_robotics_part2/install/gz_example_robot_description/lib/python3.10/site-packages/gz_example_robot_description/__init__.py to __init__.cpython-310.pyc
[2.964s] running install_data
[2.964s] creating /home/delewlew/software_for_robotics_part2/install/gz_example_robot_description/share/ament_index
[2.964s] creating /home/delewlew/software_for_robotics_part2/install/gz_example_robot_description/share/ament_index/resource_index
[2.964s] creating /home/delewlew/software_for_robotics_part2/install/gz_example_robot_description/share/ament_index/resource_index/packages
[2.965s] copying resource/gz_example_robot_description -> /home/delewlew/software_for_robotics_part2/install/gz_example_robot_description/share/ament_index/resource_index/packages
[2.965s] copying package.xml -> /home/delewlew/software_for_robotics_part2/install/gz_example_robot_description/share/gz_example_robot_description
[2.965s] creating /home/delewlew/software_for_robotics_part2/install/gz_example_robot_description/share/gz_example_robot_description/launch
[2.965s] copying launch/sim_robot.launch.py -> /home/delewlew/software_for_robotics_part2/install/gz_example_robot_description/share/gz_example_robot_description/launch
[2.965s] copying launch/view_model.launch.py -> /home/delewlew/software_for_robotics_part2/install/gz_example_robot_description/share/gz_example_robot_description/launch
[2.965s] creating /home/delewlew/software_for_robotics_part2/install/gz_example_robot_description/share/gz_example_robot_description/urdf
[2.966s] copying urdf/diff_drive_simulation copy.urdf -> /home/delewlew/software_for_robotics_part2/install/gz_example_robot_description/share/gz_example_robot_description/urdf
[2.966s] copying urdf/diff_drive.urdf -> /home/delewlew/software_for_robotics_part2/install/gz_example_robot_description/share/gz_example_robot_description/urdf
[2.966s] copying urdf/diff_drive_simulation.urdf.xacro -> /home/delewlew/software_for_robotics_part2/install/gz_example_robot_description/share/gz_example_robot_description/urdf
[2.966s] creating /home/delewlew/software_for_robotics_part2/install/gz_example_robot_description/share/gz_example_robot_description/rviz
[2.966s] copying rviz/view_model.rviz -> /home/delewlew/software_for_robotics_part2/install/gz_example_robot_description/share/gz_example_robot_description/rviz
[2.967s] copying rviz/nav2.rviz -> /home/delewlew/software_for_robotics_part2/install/gz_example_robot_description/share/gz_example_robot_description/rviz
[2.967s] creating /home/delewlew/software_for_robotics_part2/install/gz_example_robot_description/share/gz_example_robot_description/worlds
[2.967s] copying worlds/gemstone.sdf -> /home/delewlew/software_for_robotics_part2/install/gz_example_robot_description/share/gz_example_robot_description/worlds
[2.967s] copying worlds/tb3.sdf -> /home/delewlew/software_for_robotics_part2/install/gz_example_robot_description/share/gz_example_robot_description/worlds
[2.967s] copying worlds/meshes/wall.dae -> /home/delewlew/software_for_robotics_part2/install/gz_example_robot_description/share/gz_example_robot_description/worlds
[2.967s] copying worlds/meshes/hexagon.dae -> /home/delewlew/software_for_robotics_part2/install/gz_example_robot_description/share/gz_example_robot_description/worlds
[2.967s] creating /home/delewlew/software_for_robotics_part2/install/gz_example_robot_description/share/gz_example_robot_description/config
[2.967s] copying config/ekf_node.yaml -> /home/delewlew/software_for_robotics_part2/install/gz_example_robot_description/share/gz_example_robot_description/config
[2.968s] copying config/diff_drive_control.yaml -> /home/delewlew/software_for_robotics_part2/install/gz_example_robot_description/share/gz_example_robot_description/config
[2.968s] creating /home/delewlew/software_for_robotics_part2/install/gz_example_robot_description/share/gz_example_robot_description/maps
[2.968s] copying maps/turtlebot3_world.pgm -> /home/delewlew/software_for_robotics_part2/install/gz_example_robot_description/share/gz_example_robot_description/maps
[2.968s] running install_egg_info
[2.968s] Copying ../../build/gz_example_robot_description/gz_example_robot_description.egg-info to /home/delewlew/software_for_robotics_part2/install/gz_example_robot_description/lib/python3.10/site-packages/gz_example_robot_description-0.0.0-py3.10.egg-info
[2.969s] running install_scripts
[3.002s] writing list of installed files to '/home/delewlew/software_for_robotics_part2/build/gz_example_robot_description/install.log'
[3.037s] Invoked command in '/home/delewlew/software_for_robotics_part2/src/gz_example_robot_description' returned '0': PYTHONPATH=/home/delewlew/software_for_robotics_part2/build/gz_example_robot_description/prefix_override:/usr/lib/python3/dist-packages/colcon_core/task/python/colcon_distutils_commands:/home/delewlew/software_for_robotics_part2/install/gz_example_robot_description/lib/python3.10/site-packages:${PYTHONPATH} /usr/bin/python3 -W ignore:setup.py install is deprecated setup.py egg_info --egg-base ../../build/gz_example_robot_description build --build-base /home/delewlew/software_for_robotics_part2/build/gz_example_robot_description/build install --record /home/delewlew/software_for_robotics_part2/build/gz_example_robot_description/install.log --single-version-externally-managed install_data
