[0.867s] Invoking command in '/home/delewlew/ros2_tutorial_workspace_2/src/python_package_that_uses_the_library': AMENT_PREFIX_PATH=/home/delewlew/ros2_tutorial_workspace_2/install/python_package_with_a_library:${AMENT_PREFIX_PATH} PYTHONPATH=/home/delewlew/ros2_tutorial_workspace_2/build/python_package_that_uses_the_library/prefix_override:/usr/lib/python3/dist-packages/colcon_core/task/python/colcon_distutils_commands:/home/delewlew/ros2_tutorial_workspace_2/install/python_package_that_uses_the_library/lib/python3.10/site-packages:/home/delewlew/ros2_tutorial_workspace_2/install/python_package_with_a_library/lib/python3.10/site-packages:${PYTHONPATH} /usr/bin/python3 -W ignore:setup.py install is deprecated setup.py egg_info --egg-base ../../build/python_package_that_uses_the_library build --build-base /home/delewlew/ros2_tutorial_workspace_2/build/python_package_that_uses_the_library/build install --record /home/delewlew/ros2_tutorial_workspace_2/build/python_package_that_uses_the_library/install.log --single-version-externally-managed install_data
[1.064s] running egg_info
[1.064s] writing ../../build/python_package_that_uses_the_library/python_package_that_uses_the_library.egg-info/PKG-INFO
[1.065s] writing dependency_links to ../../build/python_package_that_uses_the_library/python_package_that_uses_the_library.egg-info/dependency_links.txt
[1.065s] writing entry points to ../../build/python_package_that_uses_the_library/python_package_that_uses_the_library.egg-info/entry_points.txt
[1.065s] writing requirements to ../../build/python_package_that_uses_the_library/python_package_that_uses_the_library.egg-info/requires.txt
[1.065s] writing top-level names to ../../build/python_package_that_uses_the_library/python_package_that_uses_the_library.egg-info/top_level.txt
[1.066s] reading manifest file '../../build/python_package_that_uses_the_library/python_package_that_uses_the_library.egg-info/SOURCES.txt'
[1.067s] writing manifest file '../../build/python_package_that_uses_the_library/python_package_that_uses_the_library.egg-info/SOURCES.txt'
[1.067s] running build
[1.068s] running build_py
[1.068s] running install
[1.068s] running install_lib
[1.069s] running install_data
[1.069s] running install_egg_info
[1.071s] removing '/home/delewlew/ros2_tutorial_workspace_2/install/python_package_that_uses_the_library/lib/python3.10/site-packages/python_package_that_uses_the_library-0.0.0-py3.10.egg-info' (and everything under it)
[1.072s] Copying ../../build/python_package_that_uses_the_library/python_package_that_uses_the_library.egg-info to /home/delewlew/ros2_tutorial_workspace_2/install/python_package_that_uses_the_library/lib/python3.10/site-packages/python_package_that_uses_the_library-0.0.0-py3.10.egg-info
[1.072s] running install_scripts
[1.100s] Installing node_that_uses_the_library script to /home/delewlew/ros2_tutorial_workspace_2/install/python_package_that_uses_the_library/lib/python_package_that_uses_the_library
[1.100s] writing list of installed files to '/home/delewlew/ros2_tutorial_workspace_2/build/python_package_that_uses_the_library/install.log'
[1.122s] Invoked command in '/home/delewlew/ros2_tutorial_workspace_2/src/python_package_that_uses_the_library' returned '0': AMENT_PREFIX_PATH=/home/delewlew/ros2_tutorial_workspace_2/install/python_package_with_a_library:${AMENT_PREFIX_PATH} PYTHONPATH=/home/delewlew/ros2_tutorial_workspace_2/build/python_package_that_uses_the_library/prefix_override:/usr/lib/python3/dist-packages/colcon_core/task/python/colcon_distutils_commands:/home/delewlew/ros2_tutorial_workspace_2/install/python_package_that_uses_the_library/lib/python3.10/site-packages:/home/delewlew/ros2_tutorial_workspace_2/install/python_package_with_a_library/lib/python3.10/site-packages:${PYTHONPATH} /usr/bin/python3 -W ignore:setup.py install is deprecated setup.py egg_info --egg-base ../../build/python_package_that_uses_the_library build --build-base /home/delewlew/ros2_tutorial_workspace_2/build/python_package_that_uses_the_library/build install --record /home/delewlew/ros2_tutorial_workspace_2/build/python_package_that_uses_the_library/install.log --single-version-externally-managed install_data
