[4.605s] Invoking command in '/home/delewlew/software_for_robotics_part2/src/bt_demos': PYTHONPATH=/home/delewlew/software_for_robotics_part2/build/bt_demos/prefix_override:/usr/lib/python3/dist-packages/colcon_core/task/python/colcon_distutils_commands:/home/delewlew/software_for_robotics_part2/install/bt_demos/lib/python3.10/site-packages:${PYTHONPATH} /usr/bin/python3 -W ignore:setup.py install is deprecated setup.py egg_info --egg-base ../../build/bt_demos build --build-base /home/delewlew/software_for_robotics_part2/build/bt_demos/build install --record /home/delewlew/software_for_robotics_part2/build/bt_demos/install.log --single-version-externally-managed install_data
[5.284s] running egg_info
[5.286s] writing ../../build/bt_demos/bt_demos.egg-info/PKG-INFO
[5.286s] writing dependency_links to ../../build/bt_demos/bt_demos.egg-info/dependency_links.txt
[5.288s] writing entry points to ../../build/bt_demos/bt_demos.egg-info/entry_points.txt
[5.289s] writing requirements to ../../build/bt_demos/bt_demos.egg-info/requires.txt
[5.289s] writing top-level names to ../../build/bt_demos/bt_demos.egg-info/top_level.txt
[5.298s] reading manifest file '../../build/bt_demos/bt_demos.egg-info/SOURCES.txt'
[5.302s] writing manifest file '../../build/bt_demos/bt_demos.egg-info/SOURCES.txt'
[5.302s] running build
[5.303s] running build_py
[5.306s] running install
[5.310s] running install_lib
[5.315s] running install_data
[5.320s] running install_egg_info
[5.326s] removing '/home/delewlew/software_for_robotics_part2/install/bt_demos/lib/python3.10/site-packages/bt_demos-0.0.0-py3.10.egg-info' (and everything under it)
[5.326s] Copying ../../build/bt_demos/bt_demos.egg-info to /home/delewlew/software_for_robotics_part2/install/bt_demos/lib/python3.10/site-packages/bt_demos-0.0.0-py3.10.egg-info
[5.326s] running install_scripts
[5.413s] writing list of installed files to '/home/delewlew/software_for_robotics_part2/build/bt_demos/install.log'
[5.512s] Invoked command in '/home/delewlew/software_for_robotics_part2/src/bt_demos' returned '0': PYTHONPATH=/home/delewlew/software_for_robotics_part2/build/bt_demos/prefix_override:/usr/lib/python3/dist-packages/colcon_core/task/python/colcon_distutils_commands:/home/delewlew/software_for_robotics_part2/install/bt_demos/lib/python3.10/site-packages:${PYTHONPATH} /usr/bin/python3 -W ignore:setup.py install is deprecated setup.py egg_info --egg-base ../../build/bt_demos build --build-base /home/delewlew/software_for_robotics_part2/build/bt_demos/build install --record /home/delewlew/software_for_robotics_part2/build/bt_demos/install.log --single-version-externally-managed install_data
