running egg_info
writing ../build/python_package_with_a_library/python_package_with_a_library.egg-info/PKG-INFO
writing dependency_links to ../build/python_package_with_a_library/python_package_with_a_library.egg-info/dependency_links.txt
writing entry points to ../build/python_package_with_a_library/python_package_with_a_library.egg-info/entry_points.txt
writing requirements to ../build/python_package_with_a_library/python_package_with_a_library.egg-info/requires.txt
writing top-level names to ../build/python_package_with_a_library/python_package_with_a_library.egg-info/top_level.txt
reading manifest file '../build/python_package_with_a_library/python_package_with_a_library.egg-info/SOURCES.txt'
writing manifest file '../build/python_package_with_a_library/python_package_with_a_library.egg-info/SOURCES.txt'
running build
running build_py
copying python_package_with_a_library/sample_python_library/_sample_class.py -> /home/delewlew/ros2_tutorial_workspace_2/src/build/python_package_with_a_library/build/lib/python_package_with_a_library/sample_python_library
running install
running install_lib
copying /home/delewlew/ros2_tutorial_workspace_2/src/build/python_package_with_a_library/build/lib/python_package_with_a_library/sample_python_library/_sample_class.py -> /home/delewlew/ros2_tutorial_workspace_2/src/install/python_package_with_a_library/lib/python3.10/site-packages/python_package_with_a_library/sample_python_library
byte-compiling /home/delewlew/ros2_tutorial_workspace_2/src/install/python_package_with_a_library/lib/python3.10/site-packages/python_package_with_a_library/sample_python_library/_sample_class.py to _sample_class.cpython-310.pyc
running install_data
running install_egg_info
removing '/home/delewlew/ros2_tutorial_workspace_2/src/install/python_package_with_a_library/lib/python3.10/site-packages/python_package_with_a_library-0.0.0-py3.10.egg-info' (and everything under it)
Copying ../build/python_package_with_a_library/python_package_with_a_library.egg-info to /home/delewlew/ros2_tutorial_workspace_2/src/install/python_package_with_a_library/lib/python3.10/site-packages/python_package_with_a_library-0.0.0-py3.10.egg-info
running install_scripts
writing list of installed files to '/home/delewlew/ros2_tutorial_workspace_2/src/build/python_package_with_a_library/install.log'
