[0.016s] Invoking command in '/home/delewlew/ros2_tutorial_workspace/build/package_with_interfaces': CMAKE_PREFIX_PATH=${CMAKE_PREFIX_PATH}:/opt/ros/humble /usr/bin/cmake --build /home/delewlew/ros2_tutorial_workspace/build/package_with_interfaces -- -j12 -l12
[0.103s] [  2%] Built target package_with_interfaces__cpp
[0.104s] [ 12%] Built target package_with_interfaces__rosidl_generator_c
[0.132s] [ 12%] Built target ament_cmake_python_copy_package_with_interfaces
[0.158s] [ 23%] Built target package_with_interfaces__rosidl_typesupport_introspection_c
[0.162s] [ 35%] Built target package_with_interfaces__rosidl_typesupport_fastrtps_cpp
[0.162s] [ 43%] Built target package_with_interfaces__rosidl_typesupport_introspection_cpp
[0.169s] [ 53%] Built target package_with_interfaces__rosidl_typesupport_cpp
[0.175s] [ 64%] Built target package_with_interfaces__rosidl_typesupport_c
[0.176s] [ 74%] Built target package_with_interfaces__rosidl_typesupport_fastrtps_c
[0.205s] [ 74%] Built target package_with_interfaces
[0.240s] [ 76%] Built target package_with_interfaces__py
[0.277s] [ 84%] Built target package_with_interfaces__rosidl_generator_py
[0.314s] [ 89%] Built target package_with_interfaces__rosidl_typesupport_fastrtps_c__pyext
[0.315s] [ 94%] Built target package_with_interfaces__rosidl_typesupport_c__pyext
[0.321s] [100%] Built target package_with_interfaces__rosidl_typesupport_introspection_c__pyext
[0.408s] running egg_info
[0.409s] writing package_with_interfaces.egg-info/PKG-INFO
[0.410s] writing dependency_links to package_with_interfaces.egg-info/dependency_links.txt
[0.410s] writing top-level names to package_with_interfaces.egg-info/top_level.txt
[0.412s] reading manifest file 'package_with_interfaces.egg-info/SOURCES.txt'
[0.413s] writing manifest file 'package_with_interfaces.egg-info/SOURCES.txt'
[0.442s] [100%] Built target ament_cmake_python_build_package_with_interfaces_egg
[0.463s] Invoked command in '/home/delewlew/ros2_tutorial_workspace/build/package_with_interfaces' returned '0': CMAKE_PREFIX_PATH=${CMAKE_PREFIX_PATH}:/opt/ros/humble /usr/bin/cmake --build /home/delewlew/ros2_tutorial_workspace/build/package_with_interfaces -- -j12 -l12
[0.621s] Invoking command in '/home/delewlew/ros2_tutorial_workspace/build/package_with_interfaces': CMAKE_PREFIX_PATH=${CMAKE_PREFIX_PATH}:/opt/ros/humble /usr/bin/cmake --install /home/delewlew/ros2_tutorial_workspace/build/package_with_interfaces
[0.638s] -- Install configuration: ""
[0.639s] -- Up-to-date: /home/delewlew/ros2_tutorial_workspace/install/package_with_interfaces/share/ament_index/resource_index/rosidl_interfaces/package_with_interfaces
[0.639s] -- Up-to-date: /home/delewlew/ros2_tutorial_workspace/install/package_with_interfaces/include/package_with_interfaces/package_with_interfaces
[0.639s] -- Up-to-date: /home/delewlew/ros2_tutorial_workspace/install/package_with_interfaces/include/package_with_interfaces/package_with_interfaces/msg
[0.639s] -- Up-to-date: /home/delewlew/ros2_tutorial_workspace/install/package_with_interfaces/include/package_with_interfaces/package_with_interfaces/msg/amazing_quote.h
[0.639s] -- Up-to-date: /home/delewlew/ros2_tutorial_workspace/install/package_with_interfaces/include/package_with_interfaces/package_with_interfaces/msg/rosidl_generator_c__visibility_control.h
[0.640s] -- Up-to-date: /home/delewlew/ros2_tutorial_workspace/install/package_with_interfaces/include/package_with_interfaces/package_with_interfaces/msg/detail
[0.640s] -- Up-to-date: /home/delewlew/ros2_tutorial_workspace/install/package_with_interfaces/include/package_with_interfaces/package_with_interfaces/msg/detail/amazing_quote__functions.c
[0.640s] -- Up-to-date: /home/delewlew/ros2_tutorial_workspace/install/package_with_interfaces/include/package_with_interfaces/package_with_interfaces/msg/detail/amazing_quote__type_support.h
[0.640s] -- Up-to-date: /home/delewlew/ros2_tutorial_workspace/install/package_with_interfaces/include/package_with_interfaces/package_with_interfaces/msg/detail/amazing_quote__struct.h
[0.640s] -- Up-to-date: /home/delewlew/ros2_tutorial_workspace/install/package_with_interfaces/include/package_with_interfaces/package_with_interfaces/msg/detail/amazing_quote__functions.h
[0.640s] -- Up-to-date: /home/delewlew/ros2_tutorial_workspace/install/package_with_interfaces/include/package_with_interfaces/package_with_interfaces/srv
[0.640s] -- Up-to-date: /home/delewlew/ros2_tutorial_workspace/install/package_with_interfaces/include/package_with_interfaces/package_with_interfaces/srv/what_is_the_point.h
[0.641s] -- Up-to-date: /home/delewlew/ros2_tutorial_workspace/install/package_with_interfaces/include/package_with_interfaces/package_with_interfaces/srv/detail
[0.641s] -- Up-to-date: /home/delewlew/ros2_tutorial_workspace/install/package_with_interfaces/include/package_with_interfaces/package_with_interfaces/srv/detail/what_is_the_point__functions.c
[0.642s] -- Up-to-date: /home/delewlew/ros2_tutorial_workspace/install/package_with_interfaces/include/package_with_interfaces/package_with_interfaces/srv/detail/what_is_the_point__struct.h
[0.642s] -- Up-to-date: /home/delewlew/ros2_tutorial_workspace/install/package_with_interfaces/include/package_with_interfaces/package_with_interfaces/srv/detail/what_is_the_point__functions.h
[0.642s] -- Up-to-date: /home/delewlew/ros2_tutorial_workspace/install/package_with_interfaces/include/package_with_interfaces/package_with_interfaces/srv/detail/what_is_the_point__type_support.h
[0.642s] -- Up-to-date: /home/delewlew/ros2_tutorial_workspace/install/package_with_interfaces/share/package_with_interfaces/environment/library_path.sh
[0.642s] -- Up-to-date: /home/delewlew/ros2_tutorial_workspace/install/package_with_interfaces/share/package_with_interfaces/environment/library_path.dsv
[0.642s] -- Up-to-date: /home/delewlew/ros2_tutorial_workspace/install/package_with_interfaces/lib/libpackage_with_interfaces__rosidl_generator_c.so
[0.643s] -- Up-to-date: /home/delewlew/ros2_tutorial_workspace/install/package_with_interfaces/include/package_with_interfaces/package_with_interfaces
[0.643s] -- Up-to-date: /home/delewlew/ros2_tutorial_workspace/install/package_with_interfaces/include/package_with_interfaces/package_with_interfaces/msg
[0.643s] -- Up-to-date: /home/delewlew/ros2_tutorial_workspace/install/package_with_interfaces/include/package_with_interfaces/package_with_interfaces/msg/detail
[0.643s] -- Up-to-date: /home/delewlew/ros2_tutorial_workspace/install/package_with_interfaces/include/package_with_interfaces/package_with_interfaces/msg/detail/amazing_quote__rosidl_typesupport_fastrtps_c.h
[0.643s] -- Up-to-date: /home/delewlew/ros2_tutorial_workspace/install/package_with_interfaces/include/package_with_interfaces/package_with_interfaces/msg/rosidl_typesupport_fastrtps_c__visibility_control.h
[0.643s] -- Up-to-date: /home/delewlew/ros2_tutorial_workspace/install/package_with_interfaces/include/package_with_interfaces/package_with_interfaces/srv
[0.644s] -- Up-to-date: /home/delewlew/ros2_tutorial_workspace/install/package_with_interfaces/include/package_with_interfaces/package_with_interfaces/srv/detail
[0.644s] -- Up-to-date: /home/delewlew/ros2_tutorial_workspace/install/package_with_interfaces/include/package_with_interfaces/package_with_interfaces/srv/detail/what_is_the_point__rosidl_typesupport_fastrtps_c.h
[0.644s] -- Up-to-date: /home/delewlew/ros2_tutorial_workspace/install/package_with_interfaces/lib/libpackage_with_interfaces__rosidl_typesupport_fastrtps_c.so
[0.644s] -- Up-to-date: /home/delewlew/ros2_tutorial_workspace/install/package_with_interfaces/include/package_with_interfaces/package_with_interfaces
[0.645s] -- Up-to-date: /home/delewlew/ros2_tutorial_workspace/install/package_with_interfaces/include/package_with_interfaces/package_with_interfaces/msg
[0.645s] -- Up-to-date: /home/delewlew/ros2_tutorial_workspace/install/package_with_interfaces/include/package_with_interfaces/package_with_interfaces/msg/amazing_quote.hpp
[0.645s] -- Up-to-date: /home/delewlew/ros2_tutorial_workspace/install/package_with_interfaces/include/package_with_interfaces/package_with_interfaces/msg/detail
[0.645s] -- Up-to-date: /home/delewlew/ros2_tutorial_workspace/install/package_with_interfaces/include/package_with_interfaces/package_with_interfaces/msg/detail/amazing_quote__builder.hpp
[0.646s] -- Up-to-date: /home/delewlew/ros2_tutorial_workspace/install/package_with_interfaces/include/package_with_interfaces/package_with_interfaces/msg/detail/amazing_quote__struct.hpp
[0.646s] -- Up-to-date: /home/delewlew/ros2_tutorial_workspace/install/package_with_interfaces/include/package_with_interfaces/package_with_interfaces/msg/detail/amazing_quote__traits.hpp
[0.646s] -- Up-to-date: /home/delewlew/ros2_tutorial_workspace/install/package_with_interfaces/include/package_with_interfaces/package_with_interfaces/srv
[0.646s] -- Up-to-date: /home/delewlew/ros2_tutorial_workspace/install/package_with_interfaces/include/package_with_interfaces/package_with_interfaces/srv/detail
[0.646s] -- Up-to-date: /home/delewlew/ros2_tutorial_workspace/install/package_with_interfaces/include/package_with_interfaces/package_with_interfaces/srv/detail/what_is_the_point__builder.hpp
[0.646s] -- Up-to-date: /home/delewlew/ros2_tutorial_workspace/install/package_with_interfaces/include/package_with_interfaces/package_with_interfaces/srv/detail/what_is_the_point__struct.hpp
[0.647s] -- Up-to-date: /home/delewlew/ros2_tutorial_workspace/install/package_with_interfaces/include/package_with_interfaces/package_with_interfaces/srv/detail/what_is_the_point__traits.hpp
[0.647s] -- Up-to-date: /home/delewlew/ros2_tutorial_workspace/install/package_with_interfaces/include/package_with_interfaces/package_with_interfaces/srv/what_is_the_point.hpp
[0.647s] -- Up-to-date: /home/delewlew/ros2_tutorial_workspace/install/package_with_interfaces/include/package_with_interfaces/package_with_interfaces
[0.647s] -- Up-to-date: /home/delewlew/ros2_tutorial_workspace/install/package_with_interfaces/include/package_with_interfaces/package_with_interfaces/msg
[0.647s] -- Up-to-date: /home/delewlew/ros2_tutorial_workspace/install/package_with_interfaces/include/package_with_interfaces/package_with_interfaces/msg/rosidl_typesupport_fastrtps_cpp__visibility_control.h
[0.647s] -- Up-to-date: /home/delewlew/ros2_tutorial_workspace/install/package_with_interfaces/include/package_with_interfaces/package_with_interfaces/msg/detail
[0.647s] -- Up-to-date: /home/delewlew/ros2_tutorial_workspace/install/package_with_interfaces/include/package_with_interfaces/package_with_interfaces/msg/detail/amazing_quote__rosidl_typesupport_fastrtps_cpp.hpp
[0.647s] -- Up-to-date: /home/delewlew/ros2_tutorial_workspace/install/package_with_interfaces/include/package_with_interfaces/package_with_interfaces/msg/detail/dds_fastrtps
[0.647s] -- Up-to-date: /home/delewlew/ros2_tutorial_workspace/install/package_with_interfaces/include/package_with_interfaces/package_with_interfaces/srv
[0.648s] -- Up-to-date: /home/delewlew/ros2_tutorial_workspace/install/package_with_interfaces/include/package_with_interfaces/package_with_interfaces/srv/detail
[0.648s] -- Up-to-date: /home/delewlew/ros2_tutorial_workspace/install/package_with_interfaces/include/package_with_interfaces/package_with_interfaces/srv/detail/what_is_the_point__rosidl_typesupport_fastrtps_cpp.hpp
[0.648s] -- Up-to-date: /home/delewlew/ros2_tutorial_workspace/install/package_with_interfaces/include/package_with_interfaces/package_with_interfaces/srv/detail/dds_fastrtps
[0.648s] -- Up-to-date: /home/delewlew/ros2_tutorial_workspace/install/package_with_interfaces/lib/libpackage_with_interfaces__rosidl_typesupport_fastrtps_cpp.so
[0.648s] -- Up-to-date: /home/delewlew/ros2_tutorial_workspace/install/package_with_interfaces/include/package_with_interfaces/package_with_interfaces
[0.648s] -- Up-to-date: /home/delewlew/ros2_tutorial_workspace/install/package_with_interfaces/include/package_with_interfaces/package_with_interfaces/msg
[0.648s] -- Up-to-date: /home/delewlew/ros2_tutorial_workspace/install/package_with_interfaces/include/package_with_interfaces/package_with_interfaces/msg/rosidl_typesupport_introspection_c__visibility_control.h
[0.648s] -- Up-to-date: /home/delewlew/ros2_tutorial_workspace/install/package_with_interfaces/include/package_with_interfaces/package_with_interfaces/msg/detail
[0.648s] -- Up-to-date: /home/delewlew/ros2_tutorial_workspace/install/package_with_interfaces/include/package_with_interfaces/package_with_interfaces/msg/detail/amazing_quote__rosidl_typesupport_introspection_c.h
[0.648s] -- Up-to-date: /home/delewlew/ros2_tutorial_workspace/install/package_with_interfaces/include/package_with_interfaces/package_with_interfaces/msg/detail/amazing_quote__type_support.c
[0.648s] -- Up-to-date: /home/delewlew/ros2_tutorial_workspace/install/package_with_interfaces/include/package_with_interfaces/package_with_interfaces/srv
[0.648s] -- Up-to-date: /home/delewlew/ros2_tutorial_workspace/install/package_with_interfaces/include/package_with_interfaces/package_with_interfaces/srv/detail
[0.648s] -- Up-to-date: /home/delewlew/ros2_tutorial_workspace/install/package_with_interfaces/include/package_with_interfaces/package_with_interfaces/srv/detail/what_is_the_point__rosidl_typesupport_introspection_c.h
[0.648s] -- Up-to-date: /home/delewlew/ros2_tutorial_workspace/install/package_with_interfaces/include/package_with_interfaces/package_with_interfaces/srv/detail/what_is_the_point__type_support.c
[0.648s] -- Up-to-date: /home/delewlew/ros2_tutorial_workspace/install/package_with_interfaces/lib/libpackage_with_interfaces__rosidl_typesupport_introspection_c.so
[0.648s] -- Up-to-date: /home/delewlew/ros2_tutorial_workspace/install/package_with_interfaces/lib/libpackage_with_interfaces__rosidl_typesupport_c.so
[0.648s] -- Up-to-date: /home/delewlew/ros2_tutorial_workspace/install/package_with_interfaces/include/package_with_interfaces/package_with_interfaces
[0.648s] -- Up-to-date: /home/delewlew/ros2_tutorial_workspace/install/package_with_interfaces/include/package_with_interfaces/package_with_interfaces/msg
[0.648s] -- Up-to-date: /home/delewlew/ros2_tutorial_workspace/install/package_with_interfaces/include/package_with_interfaces/package_with_interfaces/msg/detail
[0.648s] -- Up-to-date: /home/delewlew/ros2_tutorial_workspace/install/package_with_interfaces/include/package_with_interfaces/package_with_interfaces/msg/detail/amazing_quote__rosidl_typesupport_introspection_cpp.hpp
[0.648s] -- Up-to-date: /home/delewlew/ros2_tutorial_workspace/install/package_with_interfaces/include/package_with_interfaces/package_with_interfaces/msg/detail/amazing_quote__type_support.cpp
[0.648s] -- Up-to-date: /home/delewlew/ros2_tutorial_workspace/install/package_with_interfaces/include/package_with_interfaces/package_with_interfaces/srv
[0.648s] -- Up-to-date: /home/delewlew/ros2_tutorial_workspace/install/package_with_interfaces/include/package_with_interfaces/package_with_interfaces/srv/detail
[0.648s] -- Up-to-date: /home/delewlew/ros2_tutorial_workspace/install/package_with_interfaces/include/package_with_interfaces/package_with_interfaces/srv/detail/what_is_the_point__type_support.cpp
[0.649s] -- Up-to-date: /home/delewlew/ros2_tutorial_workspace/install/package_with_interfaces/include/package_with_interfaces/package_with_interfaces/srv/detail/what_is_the_point__rosidl_typesupport_introspection_cpp.hpp
[0.649s] -- Up-to-date: /home/delewlew/ros2_tutorial_workspace/install/package_with_interfaces/lib/libpackage_with_interfaces__rosidl_typesupport_introspection_cpp.so
[0.649s] -- Up-to-date: /home/delewlew/ros2_tutorial_workspace/install/package_with_interfaces/lib/libpackage_with_interfaces__rosidl_typesupport_cpp.so
[0.649s] -- Up-to-date: /home/delewlew/ros2_tutorial_workspace/install/package_with_interfaces/share/package_with_interfaces/environment/pythonpath.sh
[0.649s] -- Up-to-date: /home/delewlew/ros2_tutorial_workspace/install/package_with_interfaces/share/package_with_interfaces/environment/pythonpath.dsv
[0.649s] -- Up-to-date: /home/delewlew/ros2_tutorial_workspace/install/package_with_interfaces/local/lib/python3.10/dist-packages/package_with_interfaces-0.0.0-py3.10.egg-info
[0.649s] -- Installing: /home/delewlew/ros2_tutorial_workspace/install/package_with_interfaces/local/lib/python3.10/dist-packages/package_with_interfaces-0.0.0-py3.10.egg-info/PKG-INFO
[0.649s] -- Installing: /home/delewlew/ros2_tutorial_workspace/install/package_with_interfaces/local/lib/python3.10/dist-packages/package_with_interfaces-0.0.0-py3.10.egg-info/dependency_links.txt
[0.649s] -- Installing: /home/delewlew/ros2_tutorial_workspace/install/package_with_interfaces/local/lib/python3.10/dist-packages/package_with_interfaces-0.0.0-py3.10.egg-info/SOURCES.txt
[0.649s] -- Installing: /home/delewlew/ros2_tutorial_workspace/install/package_with_interfaces/local/lib/python3.10/dist-packages/package_with_interfaces-0.0.0-py3.10.egg-info/top_level.txt
[0.649s] -- Up-to-date: /home/delewlew/ros2_tutorial_workspace/install/package_with_interfaces/local/lib/python3.10/dist-packages/package_with_interfaces
[0.649s] -- Up-to-date: /home/delewlew/ros2_tutorial_workspace/install/package_with_interfaces/local/lib/python3.10/dist-packages/package_with_interfaces/_package_with_interfaces_s.ep.rosidl_typesupport_fastrtps_c.c
[0.649s] -- Up-to-date: /home/delewlew/ros2_tutorial_workspace/install/package_with_interfaces/local/lib/python3.10/dist-packages/package_with_interfaces/libpackage_with_interfaces__rosidl_generator_py.so
[0.649s] -- Up-to-date: /home/delewlew/ros2_tutorial_workspace/install/package_with_interfaces/local/lib/python3.10/dist-packages/package_with_interfaces/_package_with_interfaces_s.ep.rosidl_typesupport_introspection_c.c
[0.649s] -- Up-to-date: /home/delewlew/ros2_tutorial_workspace/install/package_with_interfaces/local/lib/python3.10/dist-packages/package_with_interfaces/package_with_interfaces_s__rosidl_typesupport_introspection_c.cpython-310-x86_64-linux-gnu.so
[0.649s] -- Up-to-date: /home/delewlew/ros2_tutorial_workspace/install/package_with_interfaces/local/lib/python3.10/dist-packages/package_with_interfaces/msg
[0.649s] -- Up-to-date: /home/delewlew/ros2_tutorial_workspace/install/package_with_interfaces/local/lib/python3.10/dist-packages/package_with_interfaces/msg/_amazing_quote_s.c
[0.649s] -- Up-to-date: /home/delewlew/ros2_tutorial_workspace/install/package_with_interfaces/local/lib/python3.10/dist-packages/package_with_interfaces/msg/_amazing_quote.py
[0.649s] -- Up-to-date: /home/delewlew/ros2_tutorial_workspace/install/package_with_interfaces/local/lib/python3.10/dist-packages/package_with_interfaces/msg/__init__.py
[0.649s] -- Up-to-date: /home/delewlew/ros2_tutorial_workspace/install/package_with_interfaces/local/lib/python3.10/dist-packages/package_with_interfaces/_package_with_interfaces_s.ep.rosidl_typesupport_c.c
[0.649s] -- Up-to-date: /home/delewlew/ros2_tutorial_workspace/install/package_with_interfaces/local/lib/python3.10/dist-packages/package_with_interfaces/package_with_interfaces_s__rosidl_typesupport_c.cpython-310-x86_64-linux-gnu.so
[0.649s] -- Up-to-date: /home/delewlew/ros2_tutorial_workspace/install/package_with_interfaces/local/lib/python3.10/dist-packages/package_with_interfaces/srv
[0.649s] -- Up-to-date: /home/delewlew/ros2_tutorial_workspace/install/package_with_interfaces/local/lib/python3.10/dist-packages/package_with_interfaces/srv/_what_is_the_point.py
[0.649s] -- Up-to-date: /home/delewlew/ros2_tutorial_workspace/install/package_with_interfaces/local/lib/python3.10/dist-packages/package_with_interfaces/srv/_what_is_the_point_s.c
[0.649s] -- Up-to-date: /home/delewlew/ros2_tutorial_workspace/install/package_with_interfaces/local/lib/python3.10/dist-packages/package_with_interfaces/srv/__init__.py
[0.649s] -- Up-to-date: /home/delewlew/ros2_tutorial_workspace/install/package_with_interfaces/local/lib/python3.10/dist-packages/package_with_interfaces/package_with_interfaces_s__rosidl_typesupport_fastrtps_c.cpython-310-x86_64-linux-gnu.so
[0.650s] -- Up-to-date: /home/delewlew/ros2_tutorial_workspace/install/package_with_interfaces/local/lib/python3.10/dist-packages/package_with_interfaces/__init__.py
[0.674s] Listing '/home/delewlew/ros2_tutorial_workspace/install/package_with_interfaces/local/lib/python3.10/dist-packages/package_with_interfaces'...
[0.674s] Listing '/home/delewlew/ros2_tutorial_workspace/install/package_with_interfaces/local/lib/python3.10/dist-packages/package_with_interfaces/msg'...
[0.674s] Listing '/home/delewlew/ros2_tutorial_workspace/install/package_with_interfaces/local/lib/python3.10/dist-packages/package_with_interfaces/srv'...
[0.677s] -- Up-to-date: /home/delewlew/ros2_tutorial_workspace/install/package_with_interfaces/local/lib/python3.10/dist-packages/package_with_interfaces/package_with_interfaces_s__rosidl_typesupport_fastrtps_c.cpython-310-x86_64-linux-gnu.so
[0.677s] -- Up-to-date: /home/delewlew/ros2_tutorial_workspace/install/package_with_interfaces/local/lib/python3.10/dist-packages/package_with_interfaces/package_with_interfaces_s__rosidl_typesupport_introspection_c.cpython-310-x86_64-linux-gnu.so
[0.678s] -- Up-to-date: /home/delewlew/ros2_tutorial_workspace/install/package_with_interfaces/local/lib/python3.10/dist-packages/package_with_interfaces/package_with_interfaces_s__rosidl_typesupport_c.cpython-310-x86_64-linux-gnu.so
[0.678s] -- Up-to-date: /home/delewlew/ros2_tutorial_workspace/install/package_with_interfaces/lib/libpackage_with_interfaces__rosidl_generator_py.so
[0.679s] -- Up-to-date: /home/delewlew/ros2_tutorial_workspace/install/package_with_interfaces/share/package_with_interfaces/msg/AmazingQuote.idl
[0.679s] -- Up-to-date: /home/delewlew/ros2_tutorial_workspace/install/package_with_interfaces/share/package_with_interfaces/srv/WhatIsThePoint.idl
[0.679s] -- Up-to-date: /home/delewlew/ros2_tutorial_workspace/install/package_with_interfaces/share/package_with_interfaces/msg/AmazingQuote.msg
[0.679s] -- Up-to-date: /home/delewlew/ros2_tutorial_workspace/install/package_with_interfaces/share/package_with_interfaces/srv/WhatIsThePoint.srv
[0.679s] -- Up-to-date: /home/delewlew/ros2_tutorial_workspace/install/package_with_interfaces/share/package_with_interfaces/srv/WhatIsThePoint_Request.msg
[0.680s] -- Up-to-date: /home/delewlew/ros2_tutorial_workspace/install/package_with_interfaces/share/package_with_interfaces/srv/WhatIsThePoint_Response.msg
[0.680s] -- Up-to-date: /home/delewlew/ros2_tutorial_workspace/install/package_with_interfaces/share/ament_index/resource_index/package_run_dependencies/package_with_interfaces
[0.680s] -- Up-to-date: /home/delewlew/ros2_tutorial_workspace/install/package_with_interfaces/share/ament_index/resource_index/parent_prefix_path/package_with_interfaces
[0.680s] -- Up-to-date: /home/delewlew/ros2_tutorial_workspace/install/package_with_interfaces/share/package_with_interfaces/environment/ament_prefix_path.sh
[0.680s] -- Up-to-date: /home/delewlew/ros2_tutorial_workspace/install/package_with_interfaces/share/package_with_interfaces/environment/ament_prefix_path.dsv
[0.680s] -- Up-to-date: /home/delewlew/ros2_tutorial_workspace/install/package_with_interfaces/share/package_with_interfaces/environment/path.sh
[0.681s] -- Up-to-date: /home/delewlew/ros2_tutorial_workspace/install/package_with_interfaces/share/package_with_interfaces/environment/path.dsv
[0.681s] -- Up-to-date: /home/delewlew/ros2_tutorial_workspace/install/package_with_interfaces/share/package_with_interfaces/local_setup.bash
[0.681s] -- Up-to-date: /home/delewlew/ros2_tutorial_workspace/install/package_with_interfaces/share/package_with_interfaces/local_setup.sh
[0.681s] -- Up-to-date: /home/delewlew/ros2_tutorial_workspace/install/package_with_interfaces/share/package_with_interfaces/local_setup.zsh
[0.681s] -- Up-to-date: /home/delewlew/ros2_tutorial_workspace/install/package_with_interfaces/share/package_with_interfaces/local_setup.dsv
[0.681s] -- Installing: /home/delewlew/ros2_tutorial_workspace/install/package_with_interfaces/share/package_with_interfaces/package.dsv
[0.681s] -- Up-to-date: /home/delewlew/ros2_tutorial_workspace/install/package_with_interfaces/share/ament_index/resource_index/packages/package_with_interfaces
[0.681s] -- Up-to-date: /home/delewlew/ros2_tutorial_workspace/install/package_with_interfaces/share/package_with_interfaces/cmake/export_package_with_interfaces__rosidl_generator_cExport.cmake
[0.682s] -- Up-to-date: /home/delewlew/ros2_tutorial_workspace/install/package_with_interfaces/share/package_with_interfaces/cmake/export_package_with_interfaces__rosidl_generator_cExport-noconfig.cmake
[0.682s] -- Up-to-date: /home/delewlew/ros2_tutorial_workspace/install/package_with_interfaces/share/package_with_interfaces/cmake/export_package_with_interfaces__rosidl_typesupport_fastrtps_cExport.cmake
[0.682s] -- Up-to-date: /home/delewlew/ros2_tutorial_workspace/install/package_with_interfaces/share/package_with_interfaces/cmake/export_package_with_interfaces__rosidl_typesupport_fastrtps_cExport-noconfig.cmake
[0.682s] -- Up-to-date: /home/delewlew/ros2_tutorial_workspace/install/package_with_interfaces/share/package_with_interfaces/cmake/export_package_with_interfaces__rosidl_generator_cppExport.cmake
[0.682s] -- Up-to-date: /home/delewlew/ros2_tutorial_workspace/install/package_with_interfaces/share/package_with_interfaces/cmake/export_package_with_interfaces__rosidl_typesupport_fastrtps_cppExport.cmake
[0.682s] -- Up-to-date: /home/delewlew/ros2_tutorial_workspace/install/package_with_interfaces/share/package_with_interfaces/cmake/export_package_with_interfaces__rosidl_typesupport_fastrtps_cppExport-noconfig.cmake
[0.682s] -- Up-to-date: /home/delewlew/ros2_tutorial_workspace/install/package_with_interfaces/share/package_with_interfaces/cmake/package_with_interfaces__rosidl_typesupport_introspection_cExport.cmake
[0.683s] -- Up-to-date: /home/delewlew/ros2_tutorial_workspace/install/package_with_interfaces/share/package_with_interfaces/cmake/package_with_interfaces__rosidl_typesupport_introspection_cExport-noconfig.cmake
[0.683s] -- Up-to-date: /home/delewlew/ros2_tutorial_workspace/install/package_with_interfaces/share/package_with_interfaces/cmake/package_with_interfaces__rosidl_typesupport_cExport.cmake
[0.683s] -- Up-to-date: /home/delewlew/ros2_tutorial_workspace/install/package_with_interfaces/share/package_with_interfaces/cmake/package_with_interfaces__rosidl_typesupport_cExport-noconfig.cmake
[0.683s] -- Up-to-date: /home/delewlew/ros2_tutorial_workspace/install/package_with_interfaces/share/package_with_interfaces/cmake/package_with_interfaces__rosidl_typesupport_introspection_cppExport.cmake
[0.683s] -- Up-to-date: /home/delewlew/ros2_tutorial_workspace/install/package_with_interfaces/share/package_with_interfaces/cmake/package_with_interfaces__rosidl_typesupport_introspection_cppExport-noconfig.cmake
[0.683s] -- Up-to-date: /home/delewlew/ros2_tutorial_workspace/install/package_with_interfaces/share/package_with_interfaces/cmake/package_with_interfaces__rosidl_typesupport_cppExport.cmake
[0.683s] -- Up-to-date: /home/delewlew/ros2_tutorial_workspace/install/package_with_interfaces/share/package_with_interfaces/cmake/package_with_interfaces__rosidl_typesupport_cppExport-noconfig.cmake
[0.683s] -- Up-to-date: /home/delewlew/ros2_tutorial_workspace/install/package_with_interfaces/share/package_with_interfaces/cmake/export_package_with_interfaces__rosidl_generator_pyExport.cmake
[0.683s] -- Up-to-date: /home/delewlew/ros2_tutorial_workspace/install/package_with_interfaces/share/package_with_interfaces/cmake/export_package_with_interfaces__rosidl_generator_pyExport-noconfig.cmake
[0.684s] -- Up-to-date: /home/delewlew/ros2_tutorial_workspace/install/package_with_interfaces/share/package_with_interfaces/cmake/rosidl_cmake-extras.cmake
[0.684s] -- Up-to-date: /home/delewlew/ros2_tutorial_workspace/install/package_with_interfaces/share/package_with_interfaces/cmake/ament_cmake_export_dependencies-extras.cmake
[0.684s] -- Up-to-date: /home/delewlew/ros2_tutorial_workspace/install/package_with_interfaces/share/package_with_interfaces/cmake/ament_cmake_export_include_directories-extras.cmake
[0.684s] -- Up-to-date: /home/delewlew/ros2_tutorial_workspace/install/package_with_interfaces/share/package_with_interfaces/cmake/ament_cmake_export_libraries-extras.cmake
[0.684s] -- Up-to-date: /home/delewlew/ros2_tutorial_workspace/install/package_with_interfaces/share/package_with_interfaces/cmake/ament_cmake_export_targets-extras.cmake
[0.684s] -- Up-to-date: /home/delewlew/ros2_tutorial_workspace/install/package_with_interfaces/share/package_with_interfaces/cmake/rosidl_cmake_export_typesupport_targets-extras.cmake
[0.684s] -- Up-to-date: /home/delewlew/ros2_tutorial_workspace/install/package_with_interfaces/share/package_with_interfaces/cmake/rosidl_cmake_export_typesupport_libraries-extras.cmake
[0.684s] -- Up-to-date: /home/delewlew/ros2_tutorial_workspace/install/package_with_interfaces/share/package_with_interfaces/cmake/package_with_interfacesConfig.cmake
[0.684s] -- Up-to-date: /home/delewlew/ros2_tutorial_workspace/install/package_with_interfaces/share/package_with_interfaces/cmake/package_with_interfacesConfig-version.cmake
[0.684s] -- Up-to-date: /home/delewlew/ros2_tutorial_workspace/install/package_with_interfaces/share/package_with_interfaces/package.xml
[0.686s] Invoked command in '/home/delewlew/ros2_tutorial_workspace/build/package_with_interfaces' returned '0': CMAKE_PREFIX_PATH=${CMAKE_PREFIX_PATH}:/opt/ros/humble /usr/bin/cmake --install /home/delewlew/ros2_tutorial_workspace/build/package_with_interfaces
