running egg_info
creating ../build/rat_description_pkg/rat_description_pkg.egg-info
writing ../build/rat_description_pkg/rat_description_pkg.egg-info/PKG-INFO
writing dependency_links to ../build/rat_description_pkg/rat_description_pkg.egg-info/dependency_links.txt
writing entry points to ../build/rat_description_pkg/rat_description_pkg.egg-info/entry_points.txt
writing requirements to ../build/rat_description_pkg/rat_description_pkg.egg-info/requires.txt
writing top-level names to ../build/rat_description_pkg/rat_description_pkg.egg-info/top_level.txt
writing manifest file '../build/rat_description_pkg/rat_description_pkg.egg-info/SOURCES.txt'
reading manifest file '../build/rat_description_pkg/rat_description_pkg.egg-info/SOURCES.txt'
writing manifest file '../build/rat_description_pkg/rat_description_pkg.egg-info/SOURCES.txt'
running build
running build_py
running install
running install_lib
running install_data
creating /home/delewlew/assessments/week7/src/install/rat_description_pkg/share/rat_description_pkg/urdf
copying urdf/brianna.urdf -> /home/delewlew/assessments/week7/src/install/rat_description_pkg/share/rat_description_pkg/urdf
creating /home/delewlew/assessments/week7/src/install/rat_description_pkg/share/rat_description_pkg/meshes
running install_egg_info
Copying ../build/rat_description_pkg/rat_description_pkg.egg-info to /home/delewlew/assessments/week7/src/install/rat_description_pkg/lib/python3.10/site-packages/rat_description_pkg-0.0.0-py3.10.egg-info
running install_scripts
writing list of installed files to '/home/delewlew/assessments/week7/src/build/rat_description_pkg/install.log'
