[3.143s] Invoking command in '/home/delewlew/ros2_tutorial_workspace_2/src/python_package_that_uses_the_services': PYTHONPATH=/home/delewlew/ros2_tutorial_workspace_2/build/python_package_that_uses_the_services/prefix_override:/usr/lib/python3/dist-packages/colcon_core/task/python/colcon_distutils_commands:/home/delewlew/ros2_tutorial_workspace_2/install/python_package_that_uses_the_services/lib/python3.10/site-packages:${PYTHONPATH} /usr/bin/python3 -W ignore:setup.py install is deprecated setup.py egg_info --egg-base ../../build/python_package_that_uses_the_services build --build-base /home/delewlew/ros2_tutorial_workspace_2/build/python_package_that_uses_the_services/build install --record /home/delewlew/ros2_tutorial_workspace_2/build/python_package_that_uses_the_services/install.log --single-version-externally-managed install_data
[3.840s] running egg_info
[3.842s] writing ../../build/python_package_that_uses_the_services/python_package_that_uses_the_services.egg-info/PKG-INFO
[3.843s] writing dependency_links to ../../build/python_package_that_uses_the_services/python_package_that_uses_the_services.egg-info/dependency_links.txt
[3.844s] writing entry points to ../../build/python_package_that_uses_the_services/python_package_that_uses_the_services.egg-info/entry_points.txt
[3.844s] writing requirements to ../../build/python_package_that_uses_the_services/python_package_that_uses_the_services.egg-info/requires.txt
[3.845s] writing top-level names to ../../build/python_package_that_uses_the_services/python_package_that_uses_the_services.egg-info/top_level.txt
[3.852s] reading manifest file '../../build/python_package_that_uses_the_services/python_package_that_uses_the_services.egg-info/SOURCES.txt'
[3.855s] writing manifest file '../../build/python_package_that_uses_the_services/python_package_that_uses_the_services.egg-info/SOURCES.txt'
[3.856s] running build
[3.856s] running build_py
[3.859s] running install
[3.860s] running install_lib
[3.865s] running install_data
[3.866s] running install_egg_info
[3.870s] removing '/home/delewlew/ros2_tutorial_workspace_2/install/python_package_that_uses_the_services/lib/python3.10/site-packages/python_package_that_uses_the_services-0.0.0-py3.10.egg-info' (and everything under it)
[3.871s] Copying ../../build/python_package_that_uses_the_services/python_package_that_uses_the_services.egg-info to /home/delewlew/ros2_tutorial_workspace_2/install/python_package_that_uses_the_services/lib/python3.10/site-packages/python_package_that_uses_the_services-0.0.0-py3.10.egg-info
[3.874s] running install_scripts
[3.941s] Installing what_is_the_point_service_client_node script to /home/delewlew/ros2_tutorial_workspace_2/install/python_package_that_uses_the_services/lib/python_package_that_uses_the_services
[3.943s] Installing what_is_the_point_service_server_node script to /home/delewlew/ros2_tutorial_workspace_2/install/python_package_that_uses_the_services/lib/python_package_that_uses_the_services
[3.944s] writing list of installed files to '/home/delewlew/ros2_tutorial_workspace_2/build/python_package_that_uses_the_services/install.log'
[4.200s] Invoked command in '/home/delewlew/ros2_tutorial_workspace_2/src/python_package_that_uses_the_services' returned '0': PYTHONPATH=/home/delewlew/ros2_tutorial_workspace_2/build/python_package_that_uses_the_services/prefix_override:/usr/lib/python3/dist-packages/colcon_core/task/python/colcon_distutils_commands:/home/delewlew/ros2_tutorial_workspace_2/install/python_package_that_uses_the_services/lib/python3.10/site-packages:${PYTHONPATH} /usr/bin/python3 -W ignore:setup.py install is deprecated setup.py egg_info --egg-base ../../build/python_package_that_uses_the_services build --build-base /home/delewlew/ros2_tutorial_workspace_2/build/python_package_that_uses_the_services/build install --record /home/delewlew/ros2_tutorial_workspace_2/build/python_package_that_uses_the_services/install.log --single-version-externally-managed install_data
