[2.820s] Invoking command in '/home/delewlew/software_for_robotics_part2/src/week10_exercise_2': PYTHONPATH=/home/delewlew/software_for_robotics_part2/build/week10_exercise_2/prefix_override:/usr/lib/python3/dist-packages/colcon_core/task/python/colcon_distutils_commands:/home/delewlew/software_for_robotics_part2/install/week10_exercise_2/lib/python3.10/site-packages:${PYTHONPATH} /usr/bin/python3 -W ignore:setup.py install is deprecated setup.py egg_info --egg-base ../../build/week10_exercise_2 build --build-base /home/delewlew/software_for_robotics_part2/build/week10_exercise_2/build install --record /home/delewlew/software_for_robotics_part2/build/week10_exercise_2/install.log --single-version-externally-managed install_data
[3.222s] running egg_info
[3.223s] writing ../../build/week10_exercise_2/week10_exercise_2.egg-info/PKG-INFO
[3.223s] writing dependency_links to ../../build/week10_exercise_2/week10_exercise_2.egg-info/dependency_links.txt
[3.224s] writing entry points to ../../build/week10_exercise_2/week10_exercise_2.egg-info/entry_points.txt
[3.224s] writing requirements to ../../build/week10_exercise_2/week10_exercise_2.egg-info/requires.txt
[3.224s] writing top-level names to ../../build/week10_exercise_2/week10_exercise_2.egg-info/top_level.txt
[3.226s] reading manifest file '../../build/week10_exercise_2/week10_exercise_2.egg-info/SOURCES.txt'
[3.228s] writing manifest file '../../build/week10_exercise_2/week10_exercise_2.egg-info/SOURCES.txt'
[3.228s] running build
[3.228s] running build_py
[3.230s] running install
[3.230s] running install_lib
[3.232s] running install_data
[3.232s] running install_egg_info
[3.235s] removing '/home/delewlew/software_for_robotics_part2/install/week10_exercise_2/lib/python3.10/site-packages/week10_exercise_2-0.0.0-py3.10.egg-info' (and everything under it)
[3.236s] Copying ../../build/week10_exercise_2/week10_exercise_2.egg-info to /home/delewlew/software_for_robotics_part2/install/week10_exercise_2/lib/python3.10/site-packages/week10_exercise_2-0.0.0-py3.10.egg-info
[3.236s] running install_scripts
[3.272s] writing list of installed files to '/home/delewlew/software_for_robotics_part2/build/week10_exercise_2/install.log'
[3.314s] Invoked command in '/home/delewlew/software_for_robotics_part2/src/week10_exercise_2' returned '0': PYTHONPATH=/home/delewlew/software_for_robotics_part2/build/week10_exercise_2/prefix_override:/usr/lib/python3/dist-packages/colcon_core/task/python/colcon_distutils_commands:/home/delewlew/software_for_robotics_part2/install/week10_exercise_2/lib/python3.10/site-packages:${PYTHONPATH} /usr/bin/python3 -W ignore:setup.py install is deprecated setup.py egg_info --egg-base ../../build/week10_exercise_2 build --build-base /home/delewlew/software_for_robotics_part2/build/week10_exercise_2/build install --record /home/delewlew/software_for_robotics_part2/build/week10_exercise_2/install.log --single-version-externally-managed install_data
