[2.844s] Invoking command in '/home/delewlew/software_for_robotics_part2/src/gz_example_robot_description': PYTHONPATH=/home/delewlew/software_for_robotics_part2/build/gz_example_robot_description/prefix_override:/usr/lib/python3/dist-packages/colcon_core/task/python/colcon_distutils_commands:/home/delewlew/software_for_robotics_part2/install/gz_example_robot_description/lib/python3.10/site-packages:${PYTHONPATH} /usr/bin/python3 -W ignore:setup.py install is deprecated setup.py egg_info --egg-base ../../build/gz_example_robot_description build --build-base /home/delewlew/software_for_robotics_part2/build/gz_example_robot_description/build install --record /home/delewlew/software_for_robotics_part2/build/gz_example_robot_description/install.log --single-version-externally-managed install_data
[3.482s] running egg_info
[3.483s] writing ../../build/gz_example_robot_description/gz_example_robot_description.egg-info/PKG-INFO
[3.483s] writing dependency_links to ../../build/gz_example_robot_description/gz_example_robot_description.egg-info/dependency_links.txt
[3.484s] writing entry points to ../../build/gz_example_robot_description/gz_example_robot_description.egg-info/entry_points.txt
[3.484s] writing requirements to ../../build/gz_example_robot_description/gz_example_robot_description.egg-info/requires.txt
[3.484s] writing top-level names to ../../build/gz_example_robot_description/gz_example_robot_description.egg-info/top_level.txt
[3.491s] reading manifest file '../../build/gz_example_robot_description/gz_example_robot_description.egg-info/SOURCES.txt'
[3.495s] writing manifest file '../../build/gz_example_robot_description/gz_example_robot_description.egg-info/SOURCES.txt'
[3.496s] running build
[3.496s] running build_py
[3.496s] running install
[3.497s] running install_lib
[3.499s] running install_data
[3.500s] running install_egg_info
[3.506s] removing '/home/delewlew/software_for_robotics_part2/install/gz_example_robot_description/lib/python3.10/site-packages/gz_example_robot_description-0.0.0-py3.10.egg-info' (and everything under it)
[3.506s] Copying ../../build/gz_example_robot_description/gz_example_robot_description.egg-info to /home/delewlew/software_for_robotics_part2/install/gz_example_robot_description/lib/python3.10/site-packages/gz_example_robot_description-0.0.0-py3.10.egg-info
[3.514s] running install_scripts
[3.534s] writing list of installed files to '/home/delewlew/software_for_robotics_part2/build/gz_example_robot_description/install.log'
[3.559s] Invoked command in '/home/delewlew/software_for_robotics_part2/src/gz_example_robot_description' returned '0': PYTHONPATH=/home/delewlew/software_for_robotics_part2/build/gz_example_robot_description/prefix_override:/usr/lib/python3/dist-packages/colcon_core/task/python/colcon_distutils_commands:/home/delewlew/software_for_robotics_part2/install/gz_example_robot_description/lib/python3.10/site-packages:${PYTHONPATH} /usr/bin/python3 -W ignore:setup.py install is deprecated setup.py egg_info --egg-base ../../build/gz_example_robot_description build --build-base /home/delewlew/software_for_robotics_part2/build/gz_example_robot_description/build install --record /home/delewlew/software_for_robotics_part2/build/gz_example_robot_description/install.log --single-version-externally-managed install_data
