[2.053s] Invoking command in '/home/delewlew/ros2_tutorial_workspace_2/src/python_package_with_a_library': PYTHONPATH=/home/delewlew/ros2_tutorial_workspace_2/src/build/python_package_with_a_library/prefix_override:/usr/lib/python3/dist-packages/colcon_core/task/python/colcon_distutils_commands:/home/delewlew/ros2_tutorial_workspace_2/src/install/python_package_with_a_library/lib/python3.10/site-packages:${PYTHONPATH} /usr/bin/python3 -W ignore:setup.py install is deprecated setup.py egg_info --egg-base ../build/python_package_with_a_library build --build-base /home/delewlew/ros2_tutorial_workspace_2/src/build/python_package_with_a_library/build install --record /home/delewlew/ros2_tutorial_workspace_2/src/build/python_package_with_a_library/install.log --single-version-externally-managed install_data
[2.612s] running egg_info
[2.614s] creating ../build/python_package_with_a_library/python_package_with_a_library.egg-info
[2.615s] writing ../build/python_package_with_a_library/python_package_with_a_library.egg-info/PKG-INFO
[2.617s] writing dependency_links to ../build/python_package_with_a_library/python_package_with_a_library.egg-info/dependency_links.txt
[2.617s] writing entry points to ../build/python_package_with_a_library/python_package_with_a_library.egg-info/entry_points.txt
[2.617s] writing requirements to ../build/python_package_with_a_library/python_package_with_a_library.egg-info/requires.txt
[2.618s] writing top-level names to ../build/python_package_with_a_library/python_package_with_a_library.egg-info/top_level.txt
[2.618s] writing manifest file '../build/python_package_with_a_library/python_package_with_a_library.egg-info/SOURCES.txt'
[2.624s] reading manifest file '../build/python_package_with_a_library/python_package_with_a_library.egg-info/SOURCES.txt'
[2.625s] writing manifest file '../build/python_package_with_a_library/python_package_with_a_library.egg-info/SOURCES.txt'
[2.625s] running build
[2.625s] running build_py
[2.625s] creating /home/delewlew/ros2_tutorial_workspace_2/src/build/python_package_with_a_library/build
[2.626s] creating /home/delewlew/ros2_tutorial_workspace_2/src/build/python_package_with_a_library/build/lib
[2.626s] creating /home/delewlew/ros2_tutorial_workspace_2/src/build/python_package_with_a_library/build/lib/python_package_with_a_library
[2.626s] copying python_package_with_a_library/__init__.py -> /home/delewlew/ros2_tutorial_workspace_2/src/build/python_package_with_a_library/build/lib/python_package_with_a_library
[2.627s] creating /home/delewlew/ros2_tutorial_workspace_2/src/build/python_package_with_a_library/build/lib/python_package_with_a_library/sample_python_library
[2.627s] copying python_package_with_a_library/sample_python_library/_sample_class.py -> /home/delewlew/ros2_tutorial_workspace_2/src/build/python_package_with_a_library/build/lib/python_package_with_a_library/sample_python_library
[2.627s] copying python_package_with_a_library/sample_python_library/_sample_function.py -> /home/delewlew/ros2_tutorial_workspace_2/src/build/python_package_with_a_library/build/lib/python_package_with_a_library/sample_python_library
[2.627s] copying python_package_with_a_library/sample_python_library/__init__.py -> /home/delewlew/ros2_tutorial_workspace_2/src/build/python_package_with_a_library/build/lib/python_package_with_a_library/sample_python_library
[2.627s] running install
[2.628s] running install_lib
[2.628s] creating /home/delewlew/ros2_tutorial_workspace_2/src/install/python_package_with_a_library/lib/python3.10/site-packages/python_package_with_a_library
[2.629s] creating /home/delewlew/ros2_tutorial_workspace_2/src/install/python_package_with_a_library/lib/python3.10/site-packages/python_package_with_a_library/sample_python_library
[2.629s] copying /home/delewlew/ros2_tutorial_workspace_2/src/build/python_package_with_a_library/build/lib/python_package_with_a_library/sample_python_library/_sample_class.py -> /home/delewlew/ros2_tutorial_workspace_2/src/install/python_package_with_a_library/lib/python3.10/site-packages/python_package_with_a_library/sample_python_library
[2.630s] copying /home/delewlew/ros2_tutorial_workspace_2/src/build/python_package_with_a_library/build/lib/python_package_with_a_library/sample_python_library/_sample_function.py -> /home/delewlew/ros2_tutorial_workspace_2/src/install/python_package_with_a_library/lib/python3.10/site-packages/python_package_with_a_library/sample_python_library
[2.631s] copying /home/delewlew/ros2_tutorial_workspace_2/src/build/python_package_with_a_library/build/lib/python_package_with_a_library/sample_python_library/__init__.py -> /home/delewlew/ros2_tutorial_workspace_2/src/install/python_package_with_a_library/lib/python3.10/site-packages/python_package_with_a_library/sample_python_library
[2.631s] copying /home/delewlew/ros2_tutorial_workspace_2/src/build/python_package_with_a_library/build/lib/python_package_with_a_library/__init__.py -> /home/delewlew/ros2_tutorial_workspace_2/src/install/python_package_with_a_library/lib/python3.10/site-packages/python_package_with_a_library
[2.632s] byte-compiling /home/delewlew/ros2_tutorial_workspace_2/src/install/python_package_with_a_library/lib/python3.10/site-packages/python_package_with_a_library/sample_python_library/_sample_class.py to _sample_class.cpython-310.pyc
[2.632s] byte-compiling /home/delewlew/ros2_tutorial_workspace_2/src/install/python_package_with_a_library/lib/python3.10/site-packages/python_package_with_a_library/sample_python_library/_sample_function.py to _sample_function.cpython-310.pyc
[2.632s] byte-compiling /home/delewlew/ros2_tutorial_workspace_2/src/install/python_package_with_a_library/lib/python3.10/site-packages/python_package_with_a_library/sample_python_library/__init__.py to __init__.cpython-310.pyc
[2.633s] byte-compiling /home/delewlew/ros2_tutorial_workspace_2/src/install/python_package_with_a_library/lib/python3.10/site-packages/python_package_with_a_library/__init__.py to __init__.cpython-310.pyc
[2.633s] running install_data
[2.634s] creating /home/delewlew/ros2_tutorial_workspace_2/src/install/python_package_with_a_library/share/ament_index
[2.634s] creating /home/delewlew/ros2_tutorial_workspace_2/src/install/python_package_with_a_library/share/ament_index/resource_index
[2.634s] creating /home/delewlew/ros2_tutorial_workspace_2/src/install/python_package_with_a_library/share/ament_index/resource_index/packages
[2.634s] copying resource/python_package_with_a_library -> /home/delewlew/ros2_tutorial_workspace_2/src/install/python_package_with_a_library/share/ament_index/resource_index/packages
[2.634s] copying package.xml -> /home/delewlew/ros2_tutorial_workspace_2/src/install/python_package_with_a_library/share/python_package_with_a_library
[2.634s] running install_egg_info
[2.639s] Copying ../build/python_package_with_a_library/python_package_with_a_library.egg-info to /home/delewlew/ros2_tutorial_workspace_2/src/install/python_package_with_a_library/lib/python3.10/site-packages/python_package_with_a_library-0.0.0-py3.10.egg-info
[2.639s] running install_scripts
[2.693s] writing list of installed files to '/home/delewlew/ros2_tutorial_workspace_2/src/build/python_package_with_a_library/install.log'
[2.751s] Invoked command in '/home/delewlew/ros2_tutorial_workspace_2/src/python_package_with_a_library' returned '0': PYTHONPATH=/home/delewlew/ros2_tutorial_workspace_2/src/build/python_package_with_a_library/prefix_override:/usr/lib/python3/dist-packages/colcon_core/task/python/colcon_distutils_commands:/home/delewlew/ros2_tutorial_workspace_2/src/install/python_package_with_a_library/lib/python3.10/site-packages:${PYTHONPATH} /usr/bin/python3 -W ignore:setup.py install is deprecated setup.py egg_info --egg-base ../build/python_package_with_a_library build --build-base /home/delewlew/ros2_tutorial_workspace_2/src/build/python_package_with_a_library/build install --record /home/delewlew/ros2_tutorial_workspace_2/src/build/python_package_with_a_library/install.log --single-version-externally-managed install_data
