[0.108s] DEBUG:colcon:Command line arguments: ['/usr/bin/colcon', 'build']
[0.108s] DEBUG:colcon:Parsed command line arguments: Namespace(log_base=None, log_level=None, verb_name='build', build_base='build', install_base='install', merge_install=False, symlink_install=False, test_result_base=None, continue_on_error=False, executor='parallel', parallel_workers=12, event_handlers=None, ignore_user_meta=False, metas=['./colcon.meta'], base_paths=['.'], packages_ignore=None, packages_ignore_regex=None, paths=None, packages_up_to=None, packages_up_to_regex=None, packages_above=None, packages_above_and_dependencies=None, packages_above_depth=None, packages_select_by_dep=None, packages_skip_by_dep=None, packages_skip_up_to=None, packages_select_build_failed=False, packages_skip_build_finished=False, packages_select_test_failures=False, packages_skip_test_passed=False, packages_select=None, packages_skip=None, packages_select_regex=None, packages_skip_regex=None, packages_start=None, packages_end=None, allow_overriding=[], cmake_args=None, cmake_target=None, cmake_target_skip_unavailable=False, cmake_clean_cache=False, cmake_clean_first=False, cmake_force_configure=False, ament_cmake_args=None, catkin_cmake_args=None, catkin_skip_building_tests=False, mixin_files=None, mixin=None, verb_parser=<colcon_mixin.mixin.mixin_argument.MixinArgumentDecorator object at 0x7ddf8a451c30>, verb_extension=<colcon_core.verb.build.BuildVerb object at 0x7ddf8a55e350>, main=<bound method BuildVerb.main of <colcon_core.verb.build.BuildVerb object at 0x7ddf8a55e350>>, mixin_verb=('build',))
[0.261s] Level 1:colcon.colcon_core.package_discovery:discover_packages(colcon_meta) check parameters
[0.261s] Level 1:colcon.colcon_core.package_discovery:discover_packages(recursive) check parameters
[0.261s] Level 1:colcon.colcon_core.package_discovery:discover_packages(ignore) check parameters
[0.261s] Level 1:colcon.colcon_core.package_discovery:discover_packages(path) check parameters
[0.261s] Level 1:colcon.colcon_core.package_discovery:discover_packages(colcon_meta) discover
[0.261s] Level 1:colcon.colcon_core.package_discovery:discover_packages(recursive) discover
[0.261s] INFO:colcon.colcon_core.package_discovery:Crawling recursively for packages in '/home/delewlew/assessments/coursework1/src'
[0.261s] Level 1:colcon.colcon_core.package_identification:_identify(.) by extensions ['ignore', 'ignore_ament_install']
[0.262s] Level 1:colcon.colcon_core.package_identification:_identify(.) by extension 'ignore'
[0.262s] Level 1:colcon.colcon_core.package_identification:_identify(.) by extension 'ignore_ament_install'
[0.262s] Level 1:colcon.colcon_core.package_identification:_identify(.) by extensions ['colcon_pkg']
[0.262s] Level 1:colcon.colcon_core.package_identification:_identify(.) by extension 'colcon_pkg'
[0.262s] Level 1:colcon.colcon_core.package_identification:_identify(.) by extensions ['colcon_meta']
[0.262s] Level 1:colcon.colcon_core.package_identification:_identify(.) by extension 'colcon_meta'
[0.262s] Level 1:colcon.colcon_core.package_identification:_identify(.) by extensions ['ros']
[0.262s] Level 1:colcon.colcon_core.package_identification:_identify(.) by extension 'ros'
[0.270s] Level 1:colcon.colcon_core.package_identification:_identify(.) by extensions ['cmake', 'python']
[0.270s] Level 1:colcon.colcon_core.package_identification:_identify(.) by extension 'cmake'
[0.270s] Level 1:colcon.colcon_core.package_identification:_identify(.) by extension 'python'
[0.270s] Level 1:colcon.colcon_core.package_identification:_identify(.) by extensions ['python_setup_py']
[0.270s] Level 1:colcon.colcon_core.package_identification:_identify(.) by extension 'python_setup_py'
[0.270s] Level 1:colcon.colcon_core.package_identification:_identify(build) by extensions ['ignore', 'ignore_ament_install']
[0.270s] Level 1:colcon.colcon_core.package_identification:_identify(build) by extension 'ignore'
[0.270s] Level 1:colcon.colcon_core.package_identification:_identify(build) ignored
[0.271s] Level 1:colcon.colcon_core.package_identification:_identify(cooing_code_controller) by extensions ['ignore', 'ignore_ament_install']
[0.271s] Level 1:colcon.colcon_core.package_identification:_identify(cooing_code_controller) by extension 'ignore'
[0.271s] Level 1:colcon.colcon_core.package_identification:_identify(cooing_code_controller) by extension 'ignore_ament_install'
[0.271s] Level 1:colcon.colcon_core.package_identification:_identify(cooing_code_controller) by extensions ['colcon_pkg']
[0.271s] Level 1:colcon.colcon_core.package_identification:_identify(cooing_code_controller) by extension 'colcon_pkg'
[0.271s] Level 1:colcon.colcon_core.package_identification:_identify(cooing_code_controller) by extensions ['colcon_meta']
[0.271s] Level 1:colcon.colcon_core.package_identification:_identify(cooing_code_controller) by extension 'colcon_meta'
[0.271s] Level 1:colcon.colcon_core.package_identification:_identify(cooing_code_controller) by extensions ['ros']
[0.271s] Level 1:colcon.colcon_core.package_identification:_identify(cooing_code_controller) by extension 'ros'
[0.273s] DEBUG:colcon.colcon_core.package_identification:Package 'cooing_code_controller' with type 'ros.ament_python' and name 'cooing_code_controller'
[0.274s] Level 1:colcon.colcon_core.package_identification:_identify(cooing_code_interfaces) by extensions ['ignore', 'ignore_ament_install']
[0.274s] Level 1:colcon.colcon_core.package_identification:_identify(cooing_code_interfaces) by extension 'ignore'
[0.274s] Level 1:colcon.colcon_core.package_identification:_identify(cooing_code_interfaces) by extension 'ignore_ament_install'
[0.274s] Level 1:colcon.colcon_core.package_identification:_identify(cooing_code_interfaces) by extensions ['colcon_pkg']
[0.274s] Level 1:colcon.colcon_core.package_identification:_identify(cooing_code_interfaces) by extension 'colcon_pkg'
[0.274s] Level 1:colcon.colcon_core.package_identification:_identify(cooing_code_interfaces) by extensions ['colcon_meta']
[0.274s] Level 1:colcon.colcon_core.package_identification:_identify(cooing_code_interfaces) by extension 'colcon_meta'
[0.274s] Level 1:colcon.colcon_core.package_identification:_identify(cooing_code_interfaces) by extensions ['ros']
[0.274s] Level 1:colcon.colcon_core.package_identification:_identify(cooing_code_interfaces) by extension 'ros'
[0.275s] DEBUG:colcon.colcon_core.package_identification:Package 'cooing_code_interfaces' with type 'ros.ament_cmake' and name 'cooing_code_interfaces'
[0.275s] Level 1:colcon.colcon_core.package_identification:_identify(cooing_code_pkg) by extensions ['ignore', 'ignore_ament_install']
[0.275s] Level 1:colcon.colcon_core.package_identification:_identify(cooing_code_pkg) by extension 'ignore'
[0.275s] Level 1:colcon.colcon_core.package_identification:_identify(cooing_code_pkg) by extension 'ignore_ament_install'
[0.275s] Level 1:colcon.colcon_core.package_identification:_identify(cooing_code_pkg) by extensions ['colcon_pkg']
[0.275s] Level 1:colcon.colcon_core.package_identification:_identify(cooing_code_pkg) by extension 'colcon_pkg'
[0.275s] Level 1:colcon.colcon_core.package_identification:_identify(cooing_code_pkg) by extensions ['colcon_meta']
[0.275s] Level 1:colcon.colcon_core.package_identification:_identify(cooing_code_pkg) by extension 'colcon_meta'
[0.275s] Level 1:colcon.colcon_core.package_identification:_identify(cooing_code_pkg) by extensions ['ros']
[0.275s] Level 1:colcon.colcon_core.package_identification:_identify(cooing_code_pkg) by extension 'ros'
[0.276s] DEBUG:colcon.colcon_core.package_identification:Package 'cooing_code_pkg' with type 'ros.ament_python' and name 'cooing_code_pkg'
[0.276s] Level 1:colcon.colcon_core.package_identification:_identify(install) by extensions ['ignore', 'ignore_ament_install']
[0.276s] Level 1:colcon.colcon_core.package_identification:_identify(install) by extension 'ignore'
[0.276s] Level 1:colcon.colcon_core.package_identification:_identify(install) ignored
[0.276s] Level 1:colcon.colcon_core.package_identification:_identify(log) by extensions ['ignore', 'ignore_ament_install']
[0.276s] Level 1:colcon.colcon_core.package_identification:_identify(log) by extension 'ignore'
[0.276s] Level 1:colcon.colcon_core.package_identification:_identify(log) ignored
[0.276s] Level 1:colcon.colcon_core.package_discovery:discover_packages(recursive) using defaults
[0.276s] Level 1:colcon.colcon_core.package_discovery:discover_packages(ignore) discover
[0.276s] Level 1:colcon.colcon_core.package_discovery:discover_packages(ignore) using defaults
[0.276s] Level 1:colcon.colcon_core.package_discovery:discover_packages(path) discover
[0.276s] Level 1:colcon.colcon_core.package_discovery:discover_packages(path) using defaults
[0.313s] Level 1:colcon.colcon_core.package_discovery:discover_packages(prefix_path) check parameters
[0.313s] Level 1:colcon.colcon_core.package_discovery:discover_packages(prefix_path) discover
[0.315s] DEBUG:colcon.colcon_installed_package_information.package_discovery:Found 288 installed packages in /opt/ros/humble
[0.316s] Level 1:colcon.colcon_core.package_discovery:discover_packages(prefix_path) using defaults
[0.350s] Level 5:colcon.colcon_core.verb:set package 'cooing_code_controller' build argument 'cmake_args' from command line to 'None'
[0.350s] Level 5:colcon.colcon_core.verb:set package 'cooing_code_controller' build argument 'cmake_target' from command line to 'None'
[0.350s] Level 5:colcon.colcon_core.verb:set package 'cooing_code_controller' build argument 'cmake_target_skip_unavailable' from command line to 'False'
[0.350s] Level 5:colcon.colcon_core.verb:set package 'cooing_code_controller' build argument 'cmake_clean_cache' from command line to 'False'
[0.350s] Level 5:colcon.colcon_core.verb:set package 'cooing_code_controller' build argument 'cmake_clean_first' from command line to 'False'
[0.350s] Level 5:colcon.colcon_core.verb:set package 'cooing_code_controller' build argument 'cmake_force_configure' from command line to 'False'
[0.350s] Level 5:colcon.colcon_core.verb:set package 'cooing_code_controller' build argument 'ament_cmake_args' from command line to 'None'
[0.350s] Level 5:colcon.colcon_core.verb:set package 'cooing_code_controller' build argument 'catkin_cmake_args' from command line to 'None'
[0.350s] Level 5:colcon.colcon_core.verb:set package 'cooing_code_controller' build argument 'catkin_skip_building_tests' from command line to 'False'
[0.350s] DEBUG:colcon.colcon_core.verb:Building package 'cooing_code_controller' with the following arguments: {'ament_cmake_args': None, 'build_base': '/home/delewlew/assessments/coursework1/src/build/cooing_code_controller', 'catkin_cmake_args': None, 'catkin_skip_building_tests': False, 'cmake_args': None, 'cmake_clean_cache': False, 'cmake_clean_first': False, 'cmake_force_configure': False, 'cmake_target': None, 'cmake_target_skip_unavailable': False, 'install_base': '/home/delewlew/assessments/coursework1/src/install/cooing_code_controller', 'merge_install': False, 'path': '/home/delewlew/assessments/coursework1/src/cooing_code_controller', 'symlink_install': False, 'test_result_base': None}
[0.350s] Level 5:colcon.colcon_core.verb:set package 'cooing_code_interfaces' build argument 'cmake_args' from command line to 'None'
[0.350s] Level 5:colcon.colcon_core.verb:set package 'cooing_code_interfaces' build argument 'cmake_target' from command line to 'None'
[0.350s] Level 5:colcon.colcon_core.verb:set package 'cooing_code_interfaces' build argument 'cmake_target_skip_unavailable' from command line to 'False'
[0.350s] Level 5:colcon.colcon_core.verb:set package 'cooing_code_interfaces' build argument 'cmake_clean_cache' from command line to 'False'
[0.350s] Level 5:colcon.colcon_core.verb:set package 'cooing_code_interfaces' build argument 'cmake_clean_first' from command line to 'False'
[0.350s] Level 5:colcon.colcon_core.verb:set package 'cooing_code_interfaces' build argument 'cmake_force_configure' from command line to 'False'
[0.350s] Level 5:colcon.colcon_core.verb:set package 'cooing_code_interfaces' build argument 'ament_cmake_args' from command line to 'None'
[0.350s] Level 5:colcon.colcon_core.verb:set package 'cooing_code_interfaces' build argument 'catkin_cmake_args' from command line to 'None'
[0.350s] Level 5:colcon.colcon_core.verb:set package 'cooing_code_interfaces' build argument 'catkin_skip_building_tests' from command line to 'False'
[0.350s] DEBUG:colcon.colcon_core.verb:Building package 'cooing_code_interfaces' with the following arguments: {'ament_cmake_args': None, 'build_base': '/home/delewlew/assessments/coursework1/src/build/cooing_code_interfaces', 'catkin_cmake_args': None, 'catkin_skip_building_tests': False, 'cmake_args': None, 'cmake_clean_cache': False, 'cmake_clean_first': False, 'cmake_force_configure': False, 'cmake_target': None, 'cmake_target_skip_unavailable': False, 'install_base': '/home/delewlew/assessments/coursework1/src/install/cooing_code_interfaces', 'merge_install': False, 'path': '/home/delewlew/assessments/coursework1/src/cooing_code_interfaces', 'symlink_install': False, 'test_result_base': None}
[0.351s] Level 5:colcon.colcon_core.verb:set package 'cooing_code_pkg' build argument 'cmake_args' from command line to 'None'
[0.351s] Level 5:colcon.colcon_core.verb:set package 'cooing_code_pkg' build argument 'cmake_target' from command line to 'None'
[0.351s] Level 5:colcon.colcon_core.verb:set package 'cooing_code_pkg' build argument 'cmake_target_skip_unavailable' from command line to 'False'
[0.351s] Level 5:colcon.colcon_core.verb:set package 'cooing_code_pkg' build argument 'cmake_clean_cache' from command line to 'False'
[0.351s] Level 5:colcon.colcon_core.verb:set package 'cooing_code_pkg' build argument 'cmake_clean_first' from command line to 'False'
[0.351s] Level 5:colcon.colcon_core.verb:set package 'cooing_code_pkg' build argument 'cmake_force_configure' from command line to 'False'
[0.351s] Level 5:colcon.colcon_core.verb:set package 'cooing_code_pkg' build argument 'ament_cmake_args' from command line to 'None'
[0.351s] Level 5:colcon.colcon_core.verb:set package 'cooing_code_pkg' build argument 'catkin_cmake_args' from command line to 'None'
[0.351s] Level 5:colcon.colcon_core.verb:set package 'cooing_code_pkg' build argument 'catkin_skip_building_tests' from command line to 'False'
[0.351s] DEBUG:colcon.colcon_core.verb:Building package 'cooing_code_pkg' with the following arguments: {'ament_cmake_args': None, 'build_base': '/home/delewlew/assessments/coursework1/src/build/cooing_code_pkg', 'catkin_cmake_args': None, 'catkin_skip_building_tests': False, 'cmake_args': None, 'cmake_clean_cache': False, 'cmake_clean_first': False, 'cmake_force_configure': False, 'cmake_target': None, 'cmake_target_skip_unavailable': False, 'install_base': '/home/delewlew/assessments/coursework1/src/install/cooing_code_pkg', 'merge_install': False, 'path': '/home/delewlew/assessments/coursework1/src/cooing_code_pkg', 'symlink_install': False, 'test_result_base': None}
[0.351s] INFO:colcon.colcon_core.executor:Executing jobs using 'parallel' executor
[0.352s] DEBUG:colcon.colcon_parallel_executor.executor.parallel:run_until_complete
[0.352s] INFO:colcon.colcon_ros.task.ament_cmake.build:Building ROS package in '/home/delewlew/assessments/coursework1/src/cooing_code_interfaces' with build type 'ament_cmake'
[0.352s] INFO:colcon.colcon_cmake.task.cmake.build:Building CMake package in '/home/delewlew/assessments/coursework1/src/cooing_code_interfaces'
[0.354s] INFO:colcon.colcon_core.plugin_system:Skipping extension 'colcon_core.shell.bat': Not used on non-Windows systems
[0.354s] INFO:colcon.colcon_core.shell:Skip shell extension 'powershell' for command environment: Not usable outside of PowerShell
[0.354s] DEBUG:colcon.colcon_core.shell:Skip shell extension 'dsv' for command environment
[0.357s] INFO:colcon.colcon_ros.task.ament_python.build:Building ROS package in '/home/delewlew/assessments/coursework1/src/cooing_code_controller' with build type 'ament_python'
[0.357s] Level 1:colcon.colcon_core.shell:create_environment_hook('cooing_code_controller', 'ament_prefix_path')
[0.357s] INFO:colcon.colcon_core.shell:Creating environment hook '/home/delewlew/assessments/coursework1/src/install/cooing_code_controller/share/cooing_code_controller/hook/ament_prefix_path.ps1'
[0.358s] INFO:colcon.colcon_core.shell:Creating environment descriptor '/home/delewlew/assessments/coursework1/src/install/cooing_code_controller/share/cooing_code_controller/hook/ament_prefix_path.dsv'
[0.359s] INFO:colcon.colcon_core.shell:Creating environment hook '/home/delewlew/assessments/coursework1/src/install/cooing_code_controller/share/cooing_code_controller/hook/ament_prefix_path.sh'
[0.360s] INFO:colcon.colcon_core.shell:Skip shell extension 'powershell' for command environment: Not usable outside of PowerShell
[0.360s] DEBUG:colcon.colcon_core.shell:Skip shell extension 'dsv' for command environment
[0.372s] DEBUG:colcon.colcon_core.event_handler.log_command:Invoking command in '/home/delewlew/assessments/coursework1/src/build/cooing_code_interfaces': CMAKE_PREFIX_PATH=/opt/ros/humble /usr/bin/cmake --build /home/delewlew/assessments/coursework1/src/build/cooing_code_interfaces -- -j12 -l12
[0.897s] INFO:colcon.colcon_core.task.python.build:Building Python package in '/home/delewlew/assessments/coursework1/src/cooing_code_controller'
[0.897s] INFO:colcon.colcon_core.shell:Skip shell extension 'powershell' for command environment: Not usable outside of PowerShell
[0.897s] DEBUG:colcon.colcon_core.shell:Skip shell extension 'dsv' for command environment
[1.150s] DEBUG:colcon.colcon_core.event_handler.log_command:Invoked command in '/home/delewlew/assessments/coursework1/src/build/cooing_code_interfaces' returned '0': CMAKE_PREFIX_PATH=/opt/ros/humble /usr/bin/cmake --build /home/delewlew/assessments/coursework1/src/build/cooing_code_interfaces -- -j12 -l12
[1.486s] DEBUG:colcon.colcon_core.event_handler.log_command:Invoking command in '/home/delewlew/assessments/coursework1/src/build/cooing_code_interfaces': CMAKE_PREFIX_PATH=/opt/ros/humble /usr/bin/cmake --install /home/delewlew/assessments/coursework1/src/build/cooing_code_interfaces
[1.585s] Level 1:colcon.colcon_core.environment:create_environment_scripts_only(cooing_code_interfaces)
[1.595s] DEBUG:colcon.colcon_core.event_handler.log_command:Invoked command in '/home/delewlew/assessments/coursework1/src/build/cooing_code_interfaces' returned '0': CMAKE_PREFIX_PATH=/opt/ros/humble /usr/bin/cmake --install /home/delewlew/assessments/coursework1/src/build/cooing_code_interfaces
[1.596s] Level 1:colcon.colcon_core.environment:checking '/home/delewlew/assessments/coursework1/src/install/cooing_code_interfaces' for CMake module files
[1.597s] Level 1:colcon.colcon_core.environment:checking '/home/delewlew/assessments/coursework1/src/install/cooing_code_interfaces' for CMake config files
[1.598s] Level 1:colcon.colcon_core.shell:create_environment_hook('cooing_code_interfaces', 'cmake_prefix_path')
[1.598s] INFO:colcon.colcon_core.shell:Creating environment hook '/home/delewlew/assessments/coursework1/src/install/cooing_code_interfaces/share/cooing_code_interfaces/hook/cmake_prefix_path.ps1'
[1.599s] INFO:colcon.colcon_core.shell:Creating environment descriptor '/home/delewlew/assessments/coursework1/src/install/cooing_code_interfaces/share/cooing_code_interfaces/hook/cmake_prefix_path.dsv'
[1.599s] INFO:colcon.colcon_core.shell:Creating environment hook '/home/delewlew/assessments/coursework1/src/install/cooing_code_interfaces/share/cooing_code_interfaces/hook/cmake_prefix_path.sh'
[1.601s] Level 1:colcon.colcon_core.environment:checking '/home/delewlew/assessments/coursework1/src/install/cooing_code_interfaces/lib'
[1.601s] Level 1:colcon.colcon_core.shell:create_environment_hook('cooing_code_interfaces', 'ld_library_path_lib')
[1.601s] INFO:colcon.colcon_core.shell:Creating environment hook '/home/delewlew/assessments/coursework1/src/install/cooing_code_interfaces/share/cooing_code_interfaces/hook/ld_library_path_lib.ps1'
[1.602s] INFO:colcon.colcon_core.shell:Creating environment descriptor '/home/delewlew/assessments/coursework1/src/install/cooing_code_interfaces/share/cooing_code_interfaces/hook/ld_library_path_lib.dsv'
[1.603s] INFO:colcon.colcon_core.shell:Creating environment hook '/home/delewlew/assessments/coursework1/src/install/cooing_code_interfaces/share/cooing_code_interfaces/hook/ld_library_path_lib.sh'
[1.606s] Level 1:colcon.colcon_core.environment:checking '/home/delewlew/assessments/coursework1/src/install/cooing_code_interfaces/bin'
[1.606s] Level 1:colcon.colcon_core.environment:checking '/home/delewlew/assessments/coursework1/src/install/cooing_code_interfaces/lib/pkgconfig/cooing_code_interfaces.pc'
[1.607s] Level 1:colcon.colcon_core.environment:checking '/home/delewlew/assessments/coursework1/src/install/cooing_code_interfaces/lib/python3.10/site-packages'
[1.607s] Level 1:colcon.colcon_core.environment:checking '/home/delewlew/assessments/coursework1/src/install/cooing_code_interfaces/bin'
[1.608s] INFO:colcon.colcon_core.shell:Creating package script '/home/delewlew/assessments/coursework1/src/install/cooing_code_interfaces/share/cooing_code_interfaces/package.ps1'
[1.610s] INFO:colcon.colcon_core.shell:Creating package descriptor '/home/delewlew/assessments/coursework1/src/install/cooing_code_interfaces/share/cooing_code_interfaces/package.dsv'
[1.611s] INFO:colcon.colcon_core.shell:Creating package script '/home/delewlew/assessments/coursework1/src/install/cooing_code_interfaces/share/cooing_code_interfaces/package.sh'
[1.613s] INFO:colcon.colcon_core.shell:Creating package script '/home/delewlew/assessments/coursework1/src/install/cooing_code_interfaces/share/cooing_code_interfaces/package.bash'
[1.615s] INFO:colcon.colcon_core.shell:Creating package script '/home/delewlew/assessments/coursework1/src/install/cooing_code_interfaces/share/cooing_code_interfaces/package.zsh'
[1.617s] Level 1:colcon.colcon_core.environment:create_file_with_runtime_dependencies(/home/delewlew/assessments/coursework1/src/install/cooing_code_interfaces/share/colcon-core/packages/cooing_code_interfaces)
[1.638s] DEBUG:colcon.colcon_core.event_handler.log_command:Invoking command in '/home/delewlew/assessments/coursework1/src/cooing_code_controller': PYTHONPATH=/home/delewlew/assessments/coursework1/src/build/cooing_code_controller/prefix_override:/usr/lib/python3/dist-packages/colcon_core/task/python/colcon_distutils_commands:/home/delewlew/assessments/coursework1/src/install/cooing_code_controller/lib/python3.10/site-packages:${PYTHONPATH} /usr/bin/python3 -W ignore:setup.py install is deprecated setup.py egg_info --egg-base ../build/cooing_code_controller build --build-base /home/delewlew/assessments/coursework1/src/build/cooing_code_controller/build install --record /home/delewlew/assessments/coursework1/src/build/cooing_code_controller/install.log --single-version-externally-managed install_data
[1.919s] Level 1:colcon.colcon_core.environment:create_environment_scripts_only(cooing_code_interfaces)
[1.920s] Level 1:colcon.colcon_core.environment:checking '/home/delewlew/assessments/coursework1/src/install/cooing_code_interfaces' for CMake module files
[1.921s] Level 1:colcon.colcon_core.environment:checking '/home/delewlew/assessments/coursework1/src/install/cooing_code_interfaces' for CMake config files
[1.922s] Level 1:colcon.colcon_core.shell:create_environment_hook('cooing_code_interfaces', 'cmake_prefix_path')
[1.922s] INFO:colcon.colcon_core.shell:Creating environment hook '/home/delewlew/assessments/coursework1/src/install/cooing_code_interfaces/share/cooing_code_interfaces/hook/cmake_prefix_path.ps1'
[1.923s] INFO:colcon.colcon_core.shell:Creating environment descriptor '/home/delewlew/assessments/coursework1/src/install/cooing_code_interfaces/share/cooing_code_interfaces/hook/cmake_prefix_path.dsv'
[1.924s] INFO:colcon.colcon_core.shell:Creating environment hook '/home/delewlew/assessments/coursework1/src/install/cooing_code_interfaces/share/cooing_code_interfaces/hook/cmake_prefix_path.sh'
[1.925s] Level 1:colcon.colcon_core.environment:checking '/home/delewlew/assessments/coursework1/src/install/cooing_code_interfaces/lib'
[1.925s] Level 1:colcon.colcon_core.shell:create_environment_hook('cooing_code_interfaces', 'ld_library_path_lib')
[1.925s] INFO:colcon.colcon_core.shell:Creating environment hook '/home/delewlew/assessments/coursework1/src/install/cooing_code_interfaces/share/cooing_code_interfaces/hook/ld_library_path_lib.ps1'
[1.926s] INFO:colcon.colcon_core.shell:Creating environment descriptor '/home/delewlew/assessments/coursework1/src/install/cooing_code_interfaces/share/cooing_code_interfaces/hook/ld_library_path_lib.dsv'
[1.926s] INFO:colcon.colcon_core.shell:Creating environment hook '/home/delewlew/assessments/coursework1/src/install/cooing_code_interfaces/share/cooing_code_interfaces/hook/ld_library_path_lib.sh'
[1.927s] Level 1:colcon.colcon_core.environment:checking '/home/delewlew/assessments/coursework1/src/install/cooing_code_interfaces/bin'
[1.927s] Level 1:colcon.colcon_core.environment:checking '/home/delewlew/assessments/coursework1/src/install/cooing_code_interfaces/lib/pkgconfig/cooing_code_interfaces.pc'
[1.927s] Level 1:colcon.colcon_core.environment:checking '/home/delewlew/assessments/coursework1/src/install/cooing_code_interfaces/lib/python3.10/site-packages'
[1.928s] Level 1:colcon.colcon_core.environment:checking '/home/delewlew/assessments/coursework1/src/install/cooing_code_interfaces/bin'
[1.928s] INFO:colcon.colcon_core.shell:Creating package script '/home/delewlew/assessments/coursework1/src/install/cooing_code_interfaces/share/cooing_code_interfaces/package.ps1'
[1.930s] INFO:colcon.colcon_core.shell:Creating package descriptor '/home/delewlew/assessments/coursework1/src/install/cooing_code_interfaces/share/cooing_code_interfaces/package.dsv'
[1.930s] INFO:colcon.colcon_core.shell:Creating package script '/home/delewlew/assessments/coursework1/src/install/cooing_code_interfaces/share/cooing_code_interfaces/package.sh'
[1.931s] INFO:colcon.colcon_core.shell:Creating package script '/home/delewlew/assessments/coursework1/src/install/cooing_code_interfaces/share/cooing_code_interfaces/package.bash'
[1.932s] INFO:colcon.colcon_core.shell:Creating package script '/home/delewlew/assessments/coursework1/src/install/cooing_code_interfaces/share/cooing_code_interfaces/package.zsh'
[1.932s] Level 1:colcon.colcon_core.environment:create_file_with_runtime_dependencies(/home/delewlew/assessments/coursework1/src/install/cooing_code_interfaces/share/colcon-core/packages/cooing_code_interfaces)
[1.933s] INFO:colcon.colcon_ros.task.ament_python.build:Building ROS package in '/home/delewlew/assessments/coursework1/src/cooing_code_pkg' with build type 'ament_python'
[1.933s] Level 1:colcon.colcon_core.shell:create_environment_hook('cooing_code_pkg', 'ament_prefix_path')
[1.934s] INFO:colcon.colcon_core.shell:Creating environment hook '/home/delewlew/assessments/coursework1/src/install/cooing_code_pkg/share/cooing_code_pkg/hook/ament_prefix_path.ps1'
[1.935s] INFO:colcon.colcon_core.shell:Creating environment descriptor '/home/delewlew/assessments/coursework1/src/install/cooing_code_pkg/share/cooing_code_pkg/hook/ament_prefix_path.dsv'
[1.936s] INFO:colcon.colcon_core.shell:Creating environment hook '/home/delewlew/assessments/coursework1/src/install/cooing_code_pkg/share/cooing_code_pkg/hook/ament_prefix_path.sh'
[1.938s] INFO:colcon.colcon_core.shell:Skip shell extension 'powershell' for command environment: Not usable outside of PowerShell
[1.938s] DEBUG:colcon.colcon_core.shell:Skip shell extension 'dsv' for command environment
[2.411s] INFO:colcon.colcon_core.task.python.build:Building Python package in '/home/delewlew/assessments/coursework1/src/cooing_code_pkg'
[2.412s] INFO:colcon.colcon_core.shell:Skip shell extension 'powershell' for command environment: Not usable outside of PowerShell
[2.412s] DEBUG:colcon.colcon_core.shell:Skip shell extension 'dsv' for command environment
[2.418s] Level 1:colcon.colcon_core.environment:checking '/home/delewlew/assessments/coursework1/src/install/cooing_code_controller' for CMake module files
[2.420s] DEBUG:colcon.colcon_core.event_handler.log_command:Invoked command in '/home/delewlew/assessments/coursework1/src/cooing_code_controller' returned '0': PYTHONPATH=/home/delewlew/assessments/coursework1/src/build/cooing_code_controller/prefix_override:/usr/lib/python3/dist-packages/colcon_core/task/python/colcon_distutils_commands:/home/delewlew/assessments/coursework1/src/install/cooing_code_controller/lib/python3.10/site-packages:${PYTHONPATH} /usr/bin/python3 -W ignore:setup.py install is deprecated setup.py egg_info --egg-base ../build/cooing_code_controller build --build-base /home/delewlew/assessments/coursework1/src/build/cooing_code_controller/build install --record /home/delewlew/assessments/coursework1/src/build/cooing_code_controller/install.log --single-version-externally-managed install_data
[2.420s] Level 1:colcon.colcon_core.environment:checking '/home/delewlew/assessments/coursework1/src/install/cooing_code_controller' for CMake config files
[2.422s] Level 1:colcon.colcon_core.environment:checking '/home/delewlew/assessments/coursework1/src/install/cooing_code_controller/lib'
[2.423s] Level 1:colcon.colcon_core.environment:checking '/home/delewlew/assessments/coursework1/src/install/cooing_code_controller/bin'
[2.423s] Level 1:colcon.colcon_core.environment:checking '/home/delewlew/assessments/coursework1/src/install/cooing_code_controller/lib/pkgconfig/cooing_code_controller.pc'
[2.423s] Level 1:colcon.colcon_core.environment:checking '/home/delewlew/assessments/coursework1/src/install/cooing_code_controller/lib/python3.10/site-packages'
[2.424s] Level 1:colcon.colcon_core.shell:create_environment_hook('cooing_code_controller', 'pythonpath')
[2.424s] INFO:colcon.colcon_core.shell:Creating environment hook '/home/delewlew/assessments/coursework1/src/install/cooing_code_controller/share/cooing_code_controller/hook/pythonpath.ps1'
[2.426s] INFO:colcon.colcon_core.shell:Creating environment descriptor '/home/delewlew/assessments/coursework1/src/install/cooing_code_controller/share/cooing_code_controller/hook/pythonpath.dsv'
[2.429s] INFO:colcon.colcon_core.shell:Creating environment hook '/home/delewlew/assessments/coursework1/src/install/cooing_code_controller/share/cooing_code_controller/hook/pythonpath.sh'
[2.431s] Level 1:colcon.colcon_core.environment:checking '/home/delewlew/assessments/coursework1/src/install/cooing_code_controller/bin'
[2.431s] Level 1:colcon.colcon_core.environment:create_environment_scripts_only(cooing_code_controller)
[2.431s] INFO:colcon.colcon_core.shell:Creating package script '/home/delewlew/assessments/coursework1/src/install/cooing_code_controller/share/cooing_code_controller/package.ps1'
[2.432s] INFO:colcon.colcon_core.shell:Creating package descriptor '/home/delewlew/assessments/coursework1/src/install/cooing_code_controller/share/cooing_code_controller/package.dsv'
[2.433s] INFO:colcon.colcon_core.shell:Creating package script '/home/delewlew/assessments/coursework1/src/install/cooing_code_controller/share/cooing_code_controller/package.sh'
[2.434s] INFO:colcon.colcon_core.shell:Creating package script '/home/delewlew/assessments/coursework1/src/install/cooing_code_controller/share/cooing_code_controller/package.bash'
[2.435s] INFO:colcon.colcon_core.shell:Creating package script '/home/delewlew/assessments/coursework1/src/install/cooing_code_controller/share/cooing_code_controller/package.zsh'
[2.436s] Level 1:colcon.colcon_core.environment:create_file_with_runtime_dependencies(/home/delewlew/assessments/coursework1/src/install/cooing_code_controller/share/colcon-core/packages/cooing_code_controller)
[2.957s] DEBUG:colcon.colcon_core.event_handler.log_command:Invoking command in '/home/delewlew/assessments/coursework1/src/cooing_code_pkg': AMENT_PREFIX_PATH=/home/delewlew/assessments/coursework1/src/install/cooing_code_interfaces:${AMENT_PREFIX_PATH} CMAKE_PREFIX_PATH=/home/delewlew/assessments/coursework1/src/install/cooing_code_interfaces LD_LIBRARY_PATH=/home/delewlew/assessments/coursework1/src/install/cooing_code_interfaces/lib:${LD_LIBRARY_PATH} PYTHONPATH=/home/delewlew/assessments/coursework1/src/build/cooing_code_pkg/prefix_override:/usr/lib/python3/dist-packages/colcon_core/task/python/colcon_distutils_commands:/home/delewlew/assessments/coursework1/src/install/cooing_code_pkg/lib/python3.10/site-packages:/home/delewlew/assessments/coursework1/src/install/cooing_code_interfaces/local/lib/python3.10/dist-packages:${PYTHONPATH} /usr/bin/python3 -W ignore:setup.py install is deprecated setup.py egg_info --egg-base ../build/cooing_code_pkg build --build-base /home/delewlew/assessments/coursework1/src/build/cooing_code_pkg/build install --record /home/delewlew/assessments/coursework1/src/build/cooing_code_pkg/install.log --single-version-externally-managed install_data
[3.397s] Level 1:colcon.colcon_core.environment:checking '/home/delewlew/assessments/coursework1/src/install/cooing_code_pkg' for CMake module files
[3.398s] DEBUG:colcon.colcon_core.event_handler.log_command:Invoked command in '/home/delewlew/assessments/coursework1/src/cooing_code_pkg' returned '0': AMENT_PREFIX_PATH=/home/delewlew/assessments/coursework1/src/install/cooing_code_interfaces:${AMENT_PREFIX_PATH} CMAKE_PREFIX_PATH=/home/delewlew/assessments/coursework1/src/install/cooing_code_interfaces LD_LIBRARY_PATH=/home/delewlew/assessments/coursework1/src/install/cooing_code_interfaces/lib:${LD_LIBRARY_PATH} PYTHONPATH=/home/delewlew/assessments/coursework1/src/build/cooing_code_pkg/prefix_override:/usr/lib/python3/dist-packages/colcon_core/task/python/colcon_distutils_commands:/home/delewlew/assessments/coursework1/src/install/cooing_code_pkg/lib/python3.10/site-packages:/home/delewlew/assessments/coursework1/src/install/cooing_code_interfaces/local/lib/python3.10/dist-packages:${PYTHONPATH} /usr/bin/python3 -W ignore:setup.py install is deprecated setup.py egg_info --egg-base ../build/cooing_code_pkg build --build-base /home/delewlew/assessments/coursework1/src/build/cooing_code_pkg/build install --record /home/delewlew/assessments/coursework1/src/build/cooing_code_pkg/install.log --single-version-externally-managed install_data
[3.399s] Level 1:colcon.colcon_core.environment:checking '/home/delewlew/assessments/coursework1/src/install/cooing_code_pkg' for CMake config files
[3.401s] Level 1:colcon.colcon_core.environment:checking '/home/delewlew/assessments/coursework1/src/install/cooing_code_pkg/lib'
[3.401s] Level 1:colcon.colcon_core.environment:checking '/home/delewlew/assessments/coursework1/src/install/cooing_code_pkg/bin'
[3.401s] Level 1:colcon.colcon_core.environment:checking '/home/delewlew/assessments/coursework1/src/install/cooing_code_pkg/lib/pkgconfig/cooing_code_pkg.pc'
[3.402s] Level 1:colcon.colcon_core.environment:checking '/home/delewlew/assessments/coursework1/src/install/cooing_code_pkg/lib/python3.10/site-packages'
[3.402s] Level 1:colcon.colcon_core.shell:create_environment_hook('cooing_code_pkg', 'pythonpath')
[3.403s] INFO:colcon.colcon_core.shell:Creating environment hook '/home/delewlew/assessments/coursework1/src/install/cooing_code_pkg/share/cooing_code_pkg/hook/pythonpath.ps1'
[3.404s] INFO:colcon.colcon_core.shell:Creating environment descriptor '/home/delewlew/assessments/coursework1/src/install/cooing_code_pkg/share/cooing_code_pkg/hook/pythonpath.dsv'
[3.405s] INFO:colcon.colcon_core.shell:Creating environment hook '/home/delewlew/assessments/coursework1/src/install/cooing_code_pkg/share/cooing_code_pkg/hook/pythonpath.sh'
[3.407s] Level 1:colcon.colcon_core.environment:checking '/home/delewlew/assessments/coursework1/src/install/cooing_code_pkg/bin'
[3.407s] Level 1:colcon.colcon_core.environment:create_environment_scripts_only(cooing_code_pkg)
[3.408s] INFO:colcon.colcon_core.shell:Creating package script '/home/delewlew/assessments/coursework1/src/install/cooing_code_pkg/share/cooing_code_pkg/package.ps1'
[3.409s] INFO:colcon.colcon_core.shell:Creating package descriptor '/home/delewlew/assessments/coursework1/src/install/cooing_code_pkg/share/cooing_code_pkg/package.dsv'
[3.411s] INFO:colcon.colcon_core.shell:Creating package script '/home/delewlew/assessments/coursework1/src/install/cooing_code_pkg/share/cooing_code_pkg/package.sh'
[3.412s] INFO:colcon.colcon_core.shell:Creating package script '/home/delewlew/assessments/coursework1/src/install/cooing_code_pkg/share/cooing_code_pkg/package.bash'
[3.413s] INFO:colcon.colcon_core.shell:Creating package script '/home/delewlew/assessments/coursework1/src/install/cooing_code_pkg/share/cooing_code_pkg/package.zsh'
[3.414s] Level 1:colcon.colcon_core.environment:create_file_with_runtime_dependencies(/home/delewlew/assessments/coursework1/src/install/cooing_code_pkg/share/colcon-core/packages/cooing_code_pkg)
[3.415s] DEBUG:colcon.colcon_parallel_executor.executor.parallel:closing loop
[3.415s] DEBUG:colcon.colcon_parallel_executor.executor.parallel:loop closed
[3.416s] DEBUG:colcon.colcon_parallel_executor.executor.parallel:run_until_complete finished with '0'
[3.416s] DEBUG:colcon.colcon_core.event_reactor:joining thread
[3.426s] INFO:colcon.colcon_core.plugin_system:Skipping extension 'colcon_notification.desktop_notification.terminal_notifier': Not used on non-Darwin systems
[3.427s] INFO:colcon.colcon_core.plugin_system:Skipping extension 'colcon_notification.desktop_notification.win32': Not used on non-Windows systems
[3.427s] INFO:colcon.colcon_notification.desktop_notification:Sending desktop notification using 'notify2'
[3.468s] DEBUG:colcon.colcon_core.event_reactor:joined thread
[3.468s] INFO:colcon.colcon_core.shell:Creating prefix script '/home/delewlew/assessments/coursework1/src/install/local_setup.ps1'
[3.470s] INFO:colcon.colcon_core.shell:Creating prefix util module '/home/delewlew/assessments/coursework1/src/install/_local_setup_util_ps1.py'
[3.473s] INFO:colcon.colcon_core.shell:Creating prefix chain script '/home/delewlew/assessments/coursework1/src/install/setup.ps1'
[3.475s] INFO:colcon.colcon_core.shell:Creating prefix script '/home/delewlew/assessments/coursework1/src/install/local_setup.sh'
[3.476s] INFO:colcon.colcon_core.shell:Creating prefix util module '/home/delewlew/assessments/coursework1/src/install/_local_setup_util_sh.py'
[3.477s] INFO:colcon.colcon_core.shell:Creating prefix chain script '/home/delewlew/assessments/coursework1/src/install/setup.sh'
[3.479s] INFO:colcon.colcon_core.shell:Creating prefix script '/home/delewlew/assessments/coursework1/src/install/local_setup.bash'
[3.480s] INFO:colcon.colcon_core.shell:Creating prefix chain script '/home/delewlew/assessments/coursework1/src/install/setup.bash'
[3.482s] INFO:colcon.colcon_core.shell:Creating prefix script '/home/delewlew/assessments/coursework1/src/install/local_setup.zsh'
[3.484s] INFO:colcon.colcon_core.shell:Creating prefix chain script '/home/delewlew/assessments/coursework1/src/install/setup.zsh'
