/home/delewlew/assessments/week9/install/example_gz_robot/lib/python3.10/site-packages/example_gz_robot/__init__.py
/home/delewlew/assessments/week9/install/example_gz_robot/lib/python3.10/site-packages/example_gz_robot/__pycache__/__init__.cpython-310.pyc
/home/delewlew/assessments/week9/install/example_gz_robot/share/ament_index/resource_index/packages/example_gz_robot
/home/delewlew/assessments/week9/install/example_gz_robot/share/example_gz_robot/package.xml
/home/delewlew/assessments/week9/install/example_gz_robot/share/example_gz_robot/launch/cats_paw.launch.py
/home/delewlew/assessments/week9/install/example_gz_robot/share/example_gz_robot/launch/simulation_bringup.launch.py
/home/delewlew/assessments/week9/install/example_gz_robot/share/example_gz_robot/launch/sim_robot.launch.py
/home/delewlew/assessments/week9/install/example_gz_robot/share/example_gz_robot/launch/localisation.launch.py
/home/delewlew/assessments/week9/install/example_gz_robot/share/example_gz_robot/launch/map_server.launch.py
/home/delewlew/assessments/week9/install/example_gz_robot/share/example_gz_robot/launch/slam.launch.py
/home/delewlew/assessments/week9/install/example_gz_robot/share/example_gz_robot/rviz/localisation.rviz
/home/delewlew/assessments/week9/install/example_gz_robot/share/example_gz_robot/rviz/slam.rviz
/home/delewlew/assessments/week9/install/example_gz_robot/share/example_gz_robot/worlds/assessment_env.sdf
/home/delewlew/assessments/week9/install/example_gz_robot/share/example_gz_robot/worlds/tb3.sdf
/home/delewlew/assessments/week9/install/example_gz_robot/share/example_gz_robot/worlds/wall.dae
/home/delewlew/assessments/week9/install/example_gz_robot/share/example_gz_robot/worlds/hexagon.dae
/home/delewlew/assessments/week9/install/example_gz_robot/share/example_gz_robot/config
/home/delewlew/assessments/week9/install/example_gz_robot/share/example_gz_robot/maps/turtlebot3_world.yaml
/home/delewlew/assessments/week9/install/example_gz_robot/share/example_gz_robot/maps/turtlebot3_world.pgm
/home/delewlew/assessments/week9/install/example_gz_robot/lib/python3.10/site-packages/example_gz_robot-0.0.0-py3.10.egg-info/PKG-INFO
/home/delewlew/assessments/week9/install/example_gz_robot/lib/python3.10/site-packages/example_gz_robot-0.0.0-py3.10.egg-info/zip-safe
/home/delewlew/assessments/week9/install/example_gz_robot/lib/python3.10/site-packages/example_gz_robot-0.0.0-py3.10.egg-info/dependency_links.txt
/home/delewlew/assessments/week9/install/example_gz_robot/lib/python3.10/site-packages/example_gz_robot-0.0.0-py3.10.egg-info/SOURCES.txt
/home/delewlew/assessments/week9/install/example_gz_robot/lib/python3.10/site-packages/example_gz_robot-0.0.0-py3.10.egg-info/entry_points.txt
/home/delewlew/assessments/week9/install/example_gz_robot/lib/python3.10/site-packages/example_gz_robot-0.0.0-py3.10.egg-info/requires.txt
/home/delewlew/assessments/week9/install/example_gz_robot/lib/python3.10/site-packages/example_gz_robot-0.0.0-py3.10.egg-info/top_level.txt
