[0.096s] DEBUG:colcon:Command line arguments: ['/usr/bin/colcon', 'build']
[0.096s] DEBUG:colcon:Parsed command line arguments: Namespace(log_base=None, log_level=None, verb_name='build', build_base='build', install_base='install', merge_install=False, symlink_install=False, test_result_base=None, continue_on_error=False, executor='parallel', parallel_workers=12, event_handlers=None, ignore_user_meta=False, metas=['./colcon.meta'], base_paths=['.'], packages_ignore=None, packages_ignore_regex=None, paths=None, packages_up_to=None, packages_up_to_regex=None, packages_above=None, packages_above_and_dependencies=None, packages_above_depth=None, packages_select_by_dep=None, packages_skip_by_dep=None, packages_skip_up_to=None, packages_select_build_failed=False, packages_skip_build_finished=False, packages_select_test_failures=False, packages_skip_test_passed=False, packages_select=None, packages_skip=None, packages_select_regex=None, packages_skip_regex=None, packages_start=None, packages_end=None, allow_overriding=[], cmake_args=None, cmake_target=None, cmake_target_skip_unavailable=False, cmake_clean_cache=False, cmake_clean_first=False, cmake_force_configure=False, ament_cmake_args=None, catkin_cmake_args=None, catkin_skip_building_tests=False, mixin_files=None, mixin=None, verb_parser=<colcon_mixin.mixin.mixin_argument.MixinArgumentDecorator object at 0x7762027563e0>, verb_extension=<colcon_core.verb.build.BuildVerb object at 0x7762028569e0>, main=<bound method BuildVerb.main of <colcon_core.verb.build.BuildVerb object at 0x7762028569e0>>, mixin_verb=('build',))
[0.232s] Level 1:colcon.colcon_core.package_discovery:discover_packages(colcon_meta) check parameters
[0.232s] Level 1:colcon.colcon_core.package_discovery:discover_packages(recursive) check parameters
[0.232s] Level 1:colcon.colcon_core.package_discovery:discover_packages(ignore) check parameters
[0.232s] Level 1:colcon.colcon_core.package_discovery:discover_packages(path) check parameters
[0.232s] Level 1:colcon.colcon_core.package_discovery:discover_packages(colcon_meta) discover
[0.232s] Level 1:colcon.colcon_core.package_discovery:discover_packages(recursive) discover
[0.232s] INFO:colcon.colcon_core.package_discovery:Crawling recursively for packages in '/home/delewlew/assessments/week9'
[0.232s] Level 1:colcon.colcon_core.package_identification:_identify(.) by extensions ['ignore', 'ignore_ament_install']
[0.232s] Level 1:colcon.colcon_core.package_identification:_identify(.) by extension 'ignore'
[0.232s] Level 1:colcon.colcon_core.package_identification:_identify(.) by extension 'ignore_ament_install'
[0.232s] Level 1:colcon.colcon_core.package_identification:_identify(.) by extensions ['colcon_pkg']
[0.232s] Level 1:colcon.colcon_core.package_identification:_identify(.) by extension 'colcon_pkg'
[0.233s] Level 1:colcon.colcon_core.package_identification:_identify(.) by extensions ['colcon_meta']
[0.233s] Level 1:colcon.colcon_core.package_identification:_identify(.) by extension 'colcon_meta'
[0.233s] Level 1:colcon.colcon_core.package_identification:_identify(.) by extensions ['ros']
[0.233s] Level 1:colcon.colcon_core.package_identification:_identify(.) by extension 'ros'
[0.242s] Level 1:colcon.colcon_core.package_identification:_identify(.) by extensions ['cmake', 'python']
[0.242s] Level 1:colcon.colcon_core.package_identification:_identify(.) by extension 'cmake'
[0.242s] Level 1:colcon.colcon_core.package_identification:_identify(.) by extension 'python'
[0.242s] Level 1:colcon.colcon_core.package_identification:_identify(.) by extensions ['python_setup_py']
[0.242s] Level 1:colcon.colcon_core.package_identification:_identify(.) by extension 'python_setup_py'
[0.243s] Level 1:colcon.colcon_core.package_identification:_identify(build) by extensions ['ignore', 'ignore_ament_install']
[0.243s] Level 1:colcon.colcon_core.package_identification:_identify(build) by extension 'ignore'
[0.243s] Level 1:colcon.colcon_core.package_identification:_identify(build) ignored
[0.243s] Level 1:colcon.colcon_core.package_identification:_identify(install) by extensions ['ignore', 'ignore_ament_install']
[0.243s] Level 1:colcon.colcon_core.package_identification:_identify(install) by extension 'ignore'
[0.243s] Level 1:colcon.colcon_core.package_identification:_identify(install) ignored
[0.243s] Level 1:colcon.colcon_core.package_identification:_identify(log) by extensions ['ignore', 'ignore_ament_install']
[0.243s] Level 1:colcon.colcon_core.package_identification:_identify(log) by extension 'ignore'
[0.243s] Level 1:colcon.colcon_core.package_identification:_identify(log) ignored
[0.243s] Level 1:colcon.colcon_core.package_identification:_identify(src) by extensions ['ignore', 'ignore_ament_install']
[0.243s] Level 1:colcon.colcon_core.package_identification:_identify(src) by extension 'ignore'
[0.243s] Level 1:colcon.colcon_core.package_identification:_identify(src) by extension 'ignore_ament_install'
[0.243s] Level 1:colcon.colcon_core.package_identification:_identify(src) by extensions ['colcon_pkg']
[0.243s] Level 1:colcon.colcon_core.package_identification:_identify(src) by extension 'colcon_pkg'
[0.243s] Level 1:colcon.colcon_core.package_identification:_identify(src) by extensions ['colcon_meta']
[0.243s] Level 1:colcon.colcon_core.package_identification:_identify(src) by extension 'colcon_meta'
[0.243s] Level 1:colcon.colcon_core.package_identification:_identify(src) by extensions ['ros']
[0.243s] Level 1:colcon.colcon_core.package_identification:_identify(src) by extension 'ros'
[0.243s] Level 1:colcon.colcon_core.package_identification:_identify(src) by extensions ['cmake', 'python']
[0.243s] Level 1:colcon.colcon_core.package_identification:_identify(src) by extension 'cmake'
[0.243s] Level 1:colcon.colcon_core.package_identification:_identify(src) by extension 'python'
[0.243s] Level 1:colcon.colcon_core.package_identification:_identify(src) by extensions ['python_setup_py']
[0.243s] Level 1:colcon.colcon_core.package_identification:_identify(src) by extension 'python_setup_py'
[0.244s] Level 1:colcon.colcon_core.package_identification:_identify(src/CA9_incomplete) by extensions ['ignore', 'ignore_ament_install']
[0.244s] Level 1:colcon.colcon_core.package_identification:_identify(src/CA9_incomplete) by extension 'ignore'
[0.244s] Level 1:colcon.colcon_core.package_identification:_identify(src/CA9_incomplete) by extension 'ignore_ament_install'
[0.244s] Level 1:colcon.colcon_core.package_identification:_identify(src/CA9_incomplete) by extensions ['colcon_pkg']
[0.244s] Level 1:colcon.colcon_core.package_identification:_identify(src/CA9_incomplete) by extension 'colcon_pkg'
[0.244s] Level 1:colcon.colcon_core.package_identification:_identify(src/CA9_incomplete) by extensions ['colcon_meta']
[0.244s] Level 1:colcon.colcon_core.package_identification:_identify(src/CA9_incomplete) by extension 'colcon_meta'
[0.244s] Level 1:colcon.colcon_core.package_identification:_identify(src/CA9_incomplete) by extensions ['ros']
[0.244s] Level 1:colcon.colcon_core.package_identification:_identify(src/CA9_incomplete) by extension 'ros'
[0.244s] Level 1:colcon.colcon_core.package_identification:_identify(src/CA9_incomplete) by extensions ['cmake', 'python']
[0.244s] Level 1:colcon.colcon_core.package_identification:_identify(src/CA9_incomplete) by extension 'cmake'
[0.244s] Level 1:colcon.colcon_core.package_identification:_identify(src/CA9_incomplete) by extension 'python'
[0.244s] Level 1:colcon.colcon_core.package_identification:_identify(src/CA9_incomplete) by extensions ['python_setup_py']
[0.244s] Level 1:colcon.colcon_core.package_identification:_identify(src/CA9_incomplete) by extension 'python_setup_py'
[0.244s] Level 1:colcon.colcon_core.package_identification:_identify(src/CA9_incomplete/example_gz_robot) by extensions ['ignore', 'ignore_ament_install']
[0.244s] Level 1:colcon.colcon_core.package_identification:_identify(src/CA9_incomplete/example_gz_robot) by extension 'ignore'
[0.244s] Level 1:colcon.colcon_core.package_identification:_identify(src/CA9_incomplete/example_gz_robot) by extension 'ignore_ament_install'
[0.244s] Level 1:colcon.colcon_core.package_identification:_identify(src/CA9_incomplete/example_gz_robot) by extensions ['colcon_pkg']
[0.244s] Level 1:colcon.colcon_core.package_identification:_identify(src/CA9_incomplete/example_gz_robot) by extension 'colcon_pkg'
[0.244s] Level 1:colcon.colcon_core.package_identification:_identify(src/CA9_incomplete/example_gz_robot) by extensions ['colcon_meta']
[0.244s] Level 1:colcon.colcon_core.package_identification:_identify(src/CA9_incomplete/example_gz_robot) by extension 'colcon_meta'
[0.244s] Level 1:colcon.colcon_core.package_identification:_identify(src/CA9_incomplete/example_gz_robot) by extensions ['ros']
[0.244s] Level 1:colcon.colcon_core.package_identification:_identify(src/CA9_incomplete/example_gz_robot) by extension 'ros'
[0.246s] DEBUG:colcon.colcon_core.package_identification:Package 'src/CA9_incomplete/example_gz_robot' with type 'ros.ament_python' and name 'example_gz_robot'
[0.246s] Level 1:colcon.colcon_core.package_identification:_identify(src/CA9_incomplete/example_urdf_robot) by extensions ['ignore', 'ignore_ament_install']
[0.247s] Level 1:colcon.colcon_core.package_identification:_identify(src/CA9_incomplete/example_urdf_robot) by extension 'ignore'
[0.247s] Level 1:colcon.colcon_core.package_identification:_identify(src/CA9_incomplete/example_urdf_robot) by extension 'ignore_ament_install'
[0.247s] Level 1:colcon.colcon_core.package_identification:_identify(src/CA9_incomplete/example_urdf_robot) by extensions ['colcon_pkg']
[0.247s] Level 1:colcon.colcon_core.package_identification:_identify(src/CA9_incomplete/example_urdf_robot) by extension 'colcon_pkg'
[0.247s] Level 1:colcon.colcon_core.package_identification:_identify(src/CA9_incomplete/example_urdf_robot) by extensions ['colcon_meta']
[0.247s] Level 1:colcon.colcon_core.package_identification:_identify(src/CA9_incomplete/example_urdf_robot) by extension 'colcon_meta'
[0.247s] Level 1:colcon.colcon_core.package_identification:_identify(src/CA9_incomplete/example_urdf_robot) by extensions ['ros']
[0.247s] Level 1:colcon.colcon_core.package_identification:_identify(src/CA9_incomplete/example_urdf_robot) by extension 'ros'
[0.247s] DEBUG:colcon.colcon_core.package_identification:Package 'src/CA9_incomplete/example_urdf_robot' with type 'ros.ament_python' and name 'example_urdf_robot'
[0.247s] Level 1:colcon.colcon_core.package_discovery:discover_packages(recursive) using defaults
[0.247s] Level 1:colcon.colcon_core.package_discovery:discover_packages(ignore) discover
[0.247s] Level 1:colcon.colcon_core.package_discovery:discover_packages(ignore) using defaults
[0.247s] Level 1:colcon.colcon_core.package_discovery:discover_packages(path) discover
[0.247s] Level 1:colcon.colcon_core.package_discovery:discover_packages(path) using defaults
[0.272s] Level 1:colcon.colcon_core.package_discovery:discover_packages(prefix_path) check parameters
[0.273s] Level 1:colcon.colcon_core.package_discovery:discover_packages(prefix_path) discover
[0.274s] DEBUG:colcon.colcon_installed_package_information.package_discovery:Found 331 installed packages in /opt/ros/humble
[0.275s] Level 1:colcon.colcon_core.package_discovery:discover_packages(prefix_path) using defaults
[0.309s] Level 5:colcon.colcon_core.verb:set package 'example_gz_robot' build argument 'cmake_args' from command line to 'None'
[0.309s] Level 5:colcon.colcon_core.verb:set package 'example_gz_robot' build argument 'cmake_target' from command line to 'None'
[0.309s] Level 5:colcon.colcon_core.verb:set package 'example_gz_robot' build argument 'cmake_target_skip_unavailable' from command line to 'False'
[0.309s] Level 5:colcon.colcon_core.verb:set package 'example_gz_robot' build argument 'cmake_clean_cache' from command line to 'False'
[0.309s] Level 5:colcon.colcon_core.verb:set package 'example_gz_robot' build argument 'cmake_clean_first' from command line to 'False'
[0.309s] Level 5:colcon.colcon_core.verb:set package 'example_gz_robot' build argument 'cmake_force_configure' from command line to 'False'
[0.309s] Level 5:colcon.colcon_core.verb:set package 'example_gz_robot' build argument 'ament_cmake_args' from command line to 'None'
[0.309s] Level 5:colcon.colcon_core.verb:set package 'example_gz_robot' build argument 'catkin_cmake_args' from command line to 'None'
[0.310s] Level 5:colcon.colcon_core.verb:set package 'example_gz_robot' build argument 'catkin_skip_building_tests' from command line to 'False'
[0.310s] DEBUG:colcon.colcon_core.verb:Building package 'example_gz_robot' with the following arguments: {'ament_cmake_args': None, 'build_base': '/home/delewlew/assessments/week9/build/example_gz_robot', 'catkin_cmake_args': None, 'catkin_skip_building_tests': False, 'cmake_args': None, 'cmake_clean_cache': False, 'cmake_clean_first': False, 'cmake_force_configure': False, 'cmake_target': None, 'cmake_target_skip_unavailable': False, 'install_base': '/home/delewlew/assessments/week9/install/example_gz_robot', 'merge_install': False, 'path': '/home/delewlew/assessments/week9/src/CA9_incomplete/example_gz_robot', 'symlink_install': False, 'test_result_base': None}
[0.310s] Level 5:colcon.colcon_core.verb:set package 'example_urdf_robot' build argument 'cmake_args' from command line to 'None'
[0.310s] Level 5:colcon.colcon_core.verb:set package 'example_urdf_robot' build argument 'cmake_target' from command line to 'None'
[0.310s] Level 5:colcon.colcon_core.verb:set package 'example_urdf_robot' build argument 'cmake_target_skip_unavailable' from command line to 'False'
[0.310s] Level 5:colcon.colcon_core.verb:set package 'example_urdf_robot' build argument 'cmake_clean_cache' from command line to 'False'
[0.310s] Level 5:colcon.colcon_core.verb:set package 'example_urdf_robot' build argument 'cmake_clean_first' from command line to 'False'
[0.310s] Level 5:colcon.colcon_core.verb:set package 'example_urdf_robot' build argument 'cmake_force_configure' from command line to 'False'
[0.310s] Level 5:colcon.colcon_core.verb:set package 'example_urdf_robot' build argument 'ament_cmake_args' from command line to 'None'
[0.310s] Level 5:colcon.colcon_core.verb:set package 'example_urdf_robot' build argument 'catkin_cmake_args' from command line to 'None'
[0.310s] Level 5:colcon.colcon_core.verb:set package 'example_urdf_robot' build argument 'catkin_skip_building_tests' from command line to 'False'
[0.310s] DEBUG:colcon.colcon_core.verb:Building package 'example_urdf_robot' with the following arguments: {'ament_cmake_args': None, 'build_base': '/home/delewlew/assessments/week9/build/example_urdf_robot', 'catkin_cmake_args': None, 'catkin_skip_building_tests': False, 'cmake_args': None, 'cmake_clean_cache': False, 'cmake_clean_first': False, 'cmake_force_configure': False, 'cmake_target': None, 'cmake_target_skip_unavailable': False, 'install_base': '/home/delewlew/assessments/week9/install/example_urdf_robot', 'merge_install': False, 'path': '/home/delewlew/assessments/week9/src/CA9_incomplete/example_urdf_robot', 'symlink_install': False, 'test_result_base': None}
[0.310s] INFO:colcon.colcon_core.executor:Executing jobs using 'parallel' executor
[0.311s] DEBUG:colcon.colcon_parallel_executor.executor.parallel:run_until_complete
[0.312s] INFO:colcon.colcon_ros.task.ament_python.build:Building ROS package in '/home/delewlew/assessments/week9/src/CA9_incomplete/example_gz_robot' with build type 'ament_python'
[0.312s] Level 1:colcon.colcon_core.shell:create_environment_hook('example_gz_robot', 'ament_prefix_path')
[0.314s] INFO:colcon.colcon_core.plugin_system:Skipping extension 'colcon_core.shell.bat': Not used on non-Windows systems
[0.314s] INFO:colcon.colcon_core.shell:Creating environment hook '/home/delewlew/assessments/week9/install/example_gz_robot/share/example_gz_robot/hook/ament_prefix_path.ps1'
[0.315s] INFO:colcon.colcon_core.shell:Creating environment descriptor '/home/delewlew/assessments/week9/install/example_gz_robot/share/example_gz_robot/hook/ament_prefix_path.dsv'
[0.316s] INFO:colcon.colcon_core.shell:Creating environment hook '/home/delewlew/assessments/week9/install/example_gz_robot/share/example_gz_robot/hook/ament_prefix_path.sh'
[0.317s] INFO:colcon.colcon_core.shell:Skip shell extension 'powershell' for command environment: Not usable outside of PowerShell
[0.317s] DEBUG:colcon.colcon_core.shell:Skip shell extension 'dsv' for command environment
[0.320s] INFO:colcon.colcon_ros.task.ament_python.build:Building ROS package in '/home/delewlew/assessments/week9/src/CA9_incomplete/example_urdf_robot' with build type 'ament_python'
[0.320s] Level 1:colcon.colcon_core.shell:create_environment_hook('example_urdf_robot', 'ament_prefix_path')
[0.320s] INFO:colcon.colcon_core.shell:Creating environment hook '/home/delewlew/assessments/week9/install/example_urdf_robot/share/example_urdf_robot/hook/ament_prefix_path.ps1'
[0.321s] INFO:colcon.colcon_core.shell:Creating environment descriptor '/home/delewlew/assessments/week9/install/example_urdf_robot/share/example_urdf_robot/hook/ament_prefix_path.dsv'
[0.322s] INFO:colcon.colcon_core.shell:Creating environment hook '/home/delewlew/assessments/week9/install/example_urdf_robot/share/example_urdf_robot/hook/ament_prefix_path.sh'
[0.323s] INFO:colcon.colcon_core.shell:Skip shell extension 'powershell' for command environment: Not usable outside of PowerShell
[0.323s] DEBUG:colcon.colcon_core.shell:Skip shell extension 'dsv' for command environment
[0.562s] INFO:colcon.colcon_core.task.python.build:Building Python package in '/home/delewlew/assessments/week9/src/CA9_incomplete/example_gz_robot'
[0.562s] INFO:colcon.colcon_core.shell:Skip shell extension 'powershell' for command environment: Not usable outside of PowerShell
[0.562s] DEBUG:colcon.colcon_core.shell:Skip shell extension 'dsv' for command environment
[0.809s] INFO:colcon.colcon_core.task.python.build:Building Python package in '/home/delewlew/assessments/week9/src/CA9_incomplete/example_urdf_robot'
[0.810s] INFO:colcon.colcon_core.shell:Skip shell extension 'powershell' for command environment: Not usable outside of PowerShell
[0.810s] DEBUG:colcon.colcon_core.shell:Skip shell extension 'dsv' for command environment
[1.160s] DEBUG:colcon.colcon_core.event_handler.log_command:Invoking command in '/home/delewlew/assessments/week9/src/CA9_incomplete/example_gz_robot': PYTHONPATH=/home/delewlew/assessments/week9/build/example_gz_robot/prefix_override:/usr/lib/python3/dist-packages/colcon_core/task/python/colcon_distutils_commands:/home/delewlew/assessments/week9/install/example_gz_robot/lib/python3.10/site-packages:${PYTHONPATH} /usr/bin/python3 -W ignore:setup.py install is deprecated setup.py egg_info --egg-base ../../../build/example_gz_robot build --build-base /home/delewlew/assessments/week9/build/example_gz_robot/build install --record /home/delewlew/assessments/week9/build/example_gz_robot/install.log --single-version-externally-managed install_data
[1.161s] DEBUG:colcon.colcon_core.event_handler.log_command:Invoking command in '/home/delewlew/assessments/week9/src/CA9_incomplete/example_urdf_robot': PYTHONPATH=/home/delewlew/assessments/week9/build/example_urdf_robot/prefix_override:/usr/lib/python3/dist-packages/colcon_core/task/python/colcon_distutils_commands:/home/delewlew/assessments/week9/install/example_urdf_robot/lib/python3.10/site-packages:${PYTHONPATH} /usr/bin/python3 -W ignore:setup.py install is deprecated setup.py egg_info --egg-base ../../../build/example_urdf_robot build --build-base /home/delewlew/assessments/week9/build/example_urdf_robot/build install --record /home/delewlew/assessments/week9/build/example_urdf_robot/install.log --single-version-externally-managed install_data
[1.497s] DEBUG:colcon.colcon_core.event_handler.log_command:Invoked command in '/home/delewlew/assessments/week9/src/CA9_incomplete/example_gz_robot' returned '0': PYTHONPATH=/home/delewlew/assessments/week9/build/example_gz_robot/prefix_override:/usr/lib/python3/dist-packages/colcon_core/task/python/colcon_distutils_commands:/home/delewlew/assessments/week9/install/example_gz_robot/lib/python3.10/site-packages:${PYTHONPATH} /usr/bin/python3 -W ignore:setup.py install is deprecated setup.py egg_info --egg-base ../../../build/example_gz_robot build --build-base /home/delewlew/assessments/week9/build/example_gz_robot/build install --record /home/delewlew/assessments/week9/build/example_gz_robot/install.log --single-version-externally-managed install_data
[1.500s] Level 1:colcon.colcon_core.environment:checking '/home/delewlew/assessments/week9/install/example_gz_robot' for CMake module files
[1.501s] Level 1:colcon.colcon_core.environment:checking '/home/delewlew/assessments/week9/install/example_gz_robot' for CMake config files
[1.501s] Level 1:colcon.colcon_core.environment:checking '/home/delewlew/assessments/week9/install/example_gz_robot/lib'
[1.502s] Level 1:colcon.colcon_core.environment:checking '/home/delewlew/assessments/week9/install/example_gz_robot/bin'
[1.502s] Level 1:colcon.colcon_core.environment:checking '/home/delewlew/assessments/week9/install/example_gz_robot/lib/pkgconfig/example_gz_robot.pc'
[1.502s] Level 1:colcon.colcon_core.environment:checking '/home/delewlew/assessments/week9/install/example_gz_robot/lib/python3.10/site-packages'
[1.502s] Level 1:colcon.colcon_core.shell:create_environment_hook('example_gz_robot', 'pythonpath')
[1.502s] INFO:colcon.colcon_core.shell:Creating environment hook '/home/delewlew/assessments/week9/install/example_gz_robot/share/example_gz_robot/hook/pythonpath.ps1'
[1.503s] INFO:colcon.colcon_core.shell:Creating environment descriptor '/home/delewlew/assessments/week9/install/example_gz_robot/share/example_gz_robot/hook/pythonpath.dsv'
[1.503s] INFO:colcon.colcon_core.shell:Creating environment hook '/home/delewlew/assessments/week9/install/example_gz_robot/share/example_gz_robot/hook/pythonpath.sh'
[1.504s] Level 1:colcon.colcon_core.environment:checking '/home/delewlew/assessments/week9/install/example_gz_robot/bin'
[1.504s] Level 1:colcon.colcon_core.environment:create_environment_scripts_only(example_gz_robot)
[1.504s] INFO:colcon.colcon_core.shell:Creating package script '/home/delewlew/assessments/week9/install/example_gz_robot/share/example_gz_robot/package.ps1'
[1.505s] INFO:colcon.colcon_core.shell:Creating package descriptor '/home/delewlew/assessments/week9/install/example_gz_robot/share/example_gz_robot/package.dsv'
[1.505s] INFO:colcon.colcon_core.shell:Creating package script '/home/delewlew/assessments/week9/install/example_gz_robot/share/example_gz_robot/package.sh'
[1.506s] INFO:colcon.colcon_core.shell:Creating package script '/home/delewlew/assessments/week9/install/example_gz_robot/share/example_gz_robot/package.bash'
[1.507s] INFO:colcon.colcon_core.shell:Creating package script '/home/delewlew/assessments/week9/install/example_gz_robot/share/example_gz_robot/package.zsh'
[1.507s] Level 1:colcon.colcon_core.environment:create_file_with_runtime_dependencies(/home/delewlew/assessments/week9/install/example_gz_robot/share/colcon-core/packages/example_gz_robot)
[1.510s] Level 1:colcon.colcon_core.environment:checking '/home/delewlew/assessments/week9/install/example_urdf_robot' for CMake module files
[1.511s] DEBUG:colcon.colcon_core.event_handler.log_command:Invoked command in '/home/delewlew/assessments/week9/src/CA9_incomplete/example_urdf_robot' returned '0': PYTHONPATH=/home/delewlew/assessments/week9/build/example_urdf_robot/prefix_override:/usr/lib/python3/dist-packages/colcon_core/task/python/colcon_distutils_commands:/home/delewlew/assessments/week9/install/example_urdf_robot/lib/python3.10/site-packages:${PYTHONPATH} /usr/bin/python3 -W ignore:setup.py install is deprecated setup.py egg_info --egg-base ../../../build/example_urdf_robot build --build-base /home/delewlew/assessments/week9/build/example_urdf_robot/build install --record /home/delewlew/assessments/week9/build/example_urdf_robot/install.log --single-version-externally-managed install_data
[1.511s] Level 1:colcon.colcon_core.environment:checking '/home/delewlew/assessments/week9/install/example_urdf_robot' for CMake config files
[1.512s] Level 1:colcon.colcon_core.environment:checking '/home/delewlew/assessments/week9/install/example_urdf_robot/lib'
[1.512s] Level 1:colcon.colcon_core.environment:checking '/home/delewlew/assessments/week9/install/example_urdf_robot/bin'
[1.512s] Level 1:colcon.colcon_core.environment:checking '/home/delewlew/assessments/week9/install/example_urdf_robot/lib/pkgconfig/example_urdf_robot.pc'
[1.512s] Level 1:colcon.colcon_core.environment:checking '/home/delewlew/assessments/week9/install/example_urdf_robot/lib/python3.10/site-packages'
[1.512s] Level 1:colcon.colcon_core.shell:create_environment_hook('example_urdf_robot', 'pythonpath')
[1.513s] INFO:colcon.colcon_core.shell:Creating environment hook '/home/delewlew/assessments/week9/install/example_urdf_robot/share/example_urdf_robot/hook/pythonpath.ps1'
[1.513s] INFO:colcon.colcon_core.shell:Creating environment descriptor '/home/delewlew/assessments/week9/install/example_urdf_robot/share/example_urdf_robot/hook/pythonpath.dsv'
[1.513s] INFO:colcon.colcon_core.shell:Creating environment hook '/home/delewlew/assessments/week9/install/example_urdf_robot/share/example_urdf_robot/hook/pythonpath.sh'
[1.514s] Level 1:colcon.colcon_core.environment:checking '/home/delewlew/assessments/week9/install/example_urdf_robot/bin'
[1.514s] Level 1:colcon.colcon_core.environment:create_environment_scripts_only(example_urdf_robot)
[1.514s] INFO:colcon.colcon_core.shell:Creating package script '/home/delewlew/assessments/week9/install/example_urdf_robot/share/example_urdf_robot/package.ps1'
[1.515s] INFO:colcon.colcon_core.shell:Creating package descriptor '/home/delewlew/assessments/week9/install/example_urdf_robot/share/example_urdf_robot/package.dsv'
[1.515s] INFO:colcon.colcon_core.shell:Creating package script '/home/delewlew/assessments/week9/install/example_urdf_robot/share/example_urdf_robot/package.sh'
[1.516s] INFO:colcon.colcon_core.shell:Creating package script '/home/delewlew/assessments/week9/install/example_urdf_robot/share/example_urdf_robot/package.bash'
[1.516s] INFO:colcon.colcon_core.shell:Creating package script '/home/delewlew/assessments/week9/install/example_urdf_robot/share/example_urdf_robot/package.zsh'
[1.516s] Level 1:colcon.colcon_core.environment:create_file_with_runtime_dependencies(/home/delewlew/assessments/week9/install/example_urdf_robot/share/colcon-core/packages/example_urdf_robot)
[1.516s] DEBUG:colcon.colcon_parallel_executor.executor.parallel:closing loop
[1.517s] DEBUG:colcon.colcon_parallel_executor.executor.parallel:loop closed
[1.517s] DEBUG:colcon.colcon_parallel_executor.executor.parallel:run_until_complete finished with '0'
[1.517s] DEBUG:colcon.colcon_core.event_reactor:joining thread
[1.530s] INFO:colcon.colcon_core.plugin_system:Skipping extension 'colcon_notification.desktop_notification.terminal_notifier': Not used on non-Darwin systems
[1.530s] INFO:colcon.colcon_core.plugin_system:Skipping extension 'colcon_notification.desktop_notification.win32': Not used on non-Windows systems
[1.530s] INFO:colcon.colcon_notification.desktop_notification:Sending desktop notification using 'notify2'
[1.548s] DEBUG:colcon.colcon_core.event_reactor:joined thread
[1.549s] INFO:colcon.colcon_core.shell:Creating prefix script '/home/delewlew/assessments/week9/install/local_setup.ps1'
[1.550s] INFO:colcon.colcon_core.shell:Creating prefix util module '/home/delewlew/assessments/week9/install/_local_setup_util_ps1.py'
[1.553s] INFO:colcon.colcon_core.shell:Creating prefix chain script '/home/delewlew/assessments/week9/install/setup.ps1'
[1.554s] INFO:colcon.colcon_core.shell:Creating prefix script '/home/delewlew/assessments/week9/install/local_setup.sh'
[1.556s] INFO:colcon.colcon_core.shell:Creating prefix util module '/home/delewlew/assessments/week9/install/_local_setup_util_sh.py'
[1.558s] INFO:colcon.colcon_core.shell:Creating prefix chain script '/home/delewlew/assessments/week9/install/setup.sh'
[1.561s] INFO:colcon.colcon_core.shell:Creating prefix script '/home/delewlew/assessments/week9/install/local_setup.bash'
[1.563s] INFO:colcon.colcon_core.shell:Creating prefix chain script '/home/delewlew/assessments/week9/install/setup.bash'
[1.566s] INFO:colcon.colcon_core.shell:Creating prefix script '/home/delewlew/assessments/week9/install/local_setup.zsh'
[1.568s] INFO:colcon.colcon_core.shell:Creating prefix chain script '/home/delewlew/assessments/week9/install/setup.zsh'
