[0.079s] Invoking command in '/home/delewlew/assessments/coursework1/src/build/cooing_code_interfaces': CMAKE_PREFIX_PATH=${CMAKE_PREFIX_PATH}:/home/delewlew/assessments/coursework1/src/install/cooing_code_pkg:/home/delewlew/assessments/coursework1/src/install/cooing_code_controller:/opt/ros/humble /usr/bin/cmake --build /home/delewlew/assessments/coursework1/src/build/cooing_code_interfaces -- -j12 -l12
[0.261s] [ 10%] Built target cooing_code_interfaces__rosidl_generator_c
[0.277s] [ 12%] Built target cooing_code_interfaces__cpp
[0.303s] [ 12%] Built target ament_cmake_python_copy_cooing_code_interfaces
[0.344s] [ 23%] Built target cooing_code_interfaces__rosidl_typesupport_c
[0.358s] [ 34%] Built target cooing_code_interfaces__rosidl_typesupport_introspection_c
[0.358s] [ 45%] Built target cooing_code_interfaces__rosidl_typesupport_cpp
[0.369s] [ 56%] Built target cooing_code_interfaces__rosidl_typesupport_fastrtps_c
[0.374s] [ 67%] Built target cooing_code_interfaces__rosidl_typesupport_fastrtps_cpp
[0.389s] [ 78%] Built target cooing_code_interfaces__rosidl_typesupport_introspection_cpp
[0.465s] [ 78%] Built target cooing_code_interfaces
[0.549s] [ 80%] Built target cooing_code_interfaces__py
[0.650s] [ 89%] Built target cooing_code_interfaces__rosidl_generator_py
[0.742s] [ 92%] Built target cooing_code_interfaces__rosidl_typesupport_introspection_c__pyext
[0.748s] [ 96%] Built target cooing_code_interfaces__rosidl_typesupport_fastrtps_c__pyext
[0.757s] [100%] Built target cooing_code_interfaces__rosidl_typesupport_c__pyext
[1.168s] running egg_info
[1.169s] writing cooing_code_interfaces.egg-info/PKG-INFO
[1.170s] writing dependency_links to cooing_code_interfaces.egg-info/dependency_links.txt
[1.171s] writing top-level names to cooing_code_interfaces.egg-info/top_level.txt
[1.175s] reading manifest file 'cooing_code_interfaces.egg-info/SOURCES.txt'
[1.177s] writing manifest file 'cooing_code_interfaces.egg-info/SOURCES.txt'
[1.251s] [100%] Built target ament_cmake_python_build_cooing_code_interfaces_egg
[1.284s] Invoked command in '/home/delewlew/assessments/coursework1/src/build/cooing_code_interfaces' returned '0': CMAKE_PREFIX_PATH=${CMAKE_PREFIX_PATH}:/home/delewlew/assessments/coursework1/src/install/cooing_code_pkg:/home/delewlew/assessments/coursework1/src/install/cooing_code_controller:/opt/ros/humble /usr/bin/cmake --build /home/delewlew/assessments/coursework1/src/build/cooing_code_interfaces -- -j12 -l12
[1.635s] Invoking command in '/home/delewlew/assessments/coursework1/src/build/cooing_code_interfaces': CMAKE_PREFIX_PATH=${CMAKE_PREFIX_PATH}:/home/delewlew/assessments/coursework1/src/install/cooing_code_pkg:/home/delewlew/assessments/coursework1/src/install/cooing_code_controller:/opt/ros/humble /usr/bin/cmake --install /home/delewlew/assessments/coursework1/src/build/cooing_code_interfaces
[1.654s] -- Install configuration: ""
[1.654s] -- Up-to-date: /home/delewlew/assessments/coursework1/src/install/cooing_code_interfaces/share/ament_index/resource_index/rosidl_interfaces/cooing_code_interfaces
[1.656s] -- Up-to-date: /home/delewlew/assessments/coursework1/src/install/cooing_code_interfaces/include/cooing_code_interfaces/cooing_code_interfaces
[1.656s] -- Up-to-date: /home/delewlew/assessments/coursework1/src/install/cooing_code_interfaces/include/cooing_code_interfaces/cooing_code_interfaces/msg
[1.657s] -- Up-to-date: /home/delewlew/assessments/coursework1/src/install/cooing_code_interfaces/include/cooing_code_interfaces/cooing_code_interfaces/msg/wheel_velocities.h
[1.657s] -- Up-to-date: /home/delewlew/assessments/coursework1/src/install/cooing_code_interfaces/include/cooing_code_interfaces/cooing_code_interfaces/msg/rosidl_generator_c__visibility_control.h
[1.658s] -- Up-to-date: /home/delewlew/assessments/coursework1/src/install/cooing_code_interfaces/include/cooing_code_interfaces/cooing_code_interfaces/msg/detail
[1.658s] -- Up-to-date: /home/delewlew/assessments/coursework1/src/install/cooing_code_interfaces/include/cooing_code_interfaces/cooing_code_interfaces/msg/detail/wheel_velocities__functions.h
[1.659s] -- Up-to-date: /home/delewlew/assessments/coursework1/src/install/cooing_code_interfaces/include/cooing_code_interfaces/cooing_code_interfaces/msg/detail/task_space_pose__type_support.h
[1.659s] -- Up-to-date: /home/delewlew/assessments/coursework1/src/install/cooing_code_interfaces/include/cooing_code_interfaces/cooing_code_interfaces/msg/detail/wheel_velocities__struct.h
[1.659s] -- Up-to-date: /home/delewlew/assessments/coursework1/src/install/cooing_code_interfaces/include/cooing_code_interfaces/cooing_code_interfaces/msg/detail/task_space_pose__functions.c
[1.660s] -- Up-to-date: /home/delewlew/assessments/coursework1/src/install/cooing_code_interfaces/include/cooing_code_interfaces/cooing_code_interfaces/msg/detail/wheel_velocities__functions.c
[1.660s] -- Up-to-date: /home/delewlew/assessments/coursework1/src/install/cooing_code_interfaces/include/cooing_code_interfaces/cooing_code_interfaces/msg/detail/task_space_pose__struct.h
[1.660s] -- Up-to-date: /home/delewlew/assessments/coursework1/src/install/cooing_code_interfaces/include/cooing_code_interfaces/cooing_code_interfaces/msg/detail/task_space_pose__functions.h
[1.660s] -- Up-to-date: /home/delewlew/assessments/coursework1/src/install/cooing_code_interfaces/include/cooing_code_interfaces/cooing_code_interfaces/msg/detail/wheel_velocities__type_support.h
[1.661s] -- Up-to-date: /home/delewlew/assessments/coursework1/src/install/cooing_code_interfaces/include/cooing_code_interfaces/cooing_code_interfaces/msg/task_space_pose.h
[1.661s] -- Up-to-date: /home/delewlew/assessments/coursework1/src/install/cooing_code_interfaces/include/cooing_code_interfaces/cooing_code_interfaces/srv
[1.661s] -- Up-to-date: /home/delewlew/assessments/coursework1/src/install/cooing_code_interfaces/include/cooing_code_interfaces/cooing_code_interfaces/srv/turn_robot_off.h
[1.662s] -- Up-to-date: /home/delewlew/assessments/coursework1/src/install/cooing_code_interfaces/include/cooing_code_interfaces/cooing_code_interfaces/srv/detail
[1.662s] -- Up-to-date: /home/delewlew/assessments/coursework1/src/install/cooing_code_interfaces/include/cooing_code_interfaces/cooing_code_interfaces/srv/detail/turn_robot_on__functions.c
[1.662s] -- Up-to-date: /home/delewlew/assessments/coursework1/src/install/cooing_code_interfaces/include/cooing_code_interfaces/cooing_code_interfaces/srv/detail/turn_robot_on__type_support.h
[1.662s] -- Up-to-date: /home/delewlew/assessments/coursework1/src/install/cooing_code_interfaces/include/cooing_code_interfaces/cooing_code_interfaces/srv/detail/turn_robot_off__type_support.h
[1.663s] -- Up-to-date: /home/delewlew/assessments/coursework1/src/install/cooing_code_interfaces/include/cooing_code_interfaces/cooing_code_interfaces/srv/detail/turn_robot_off__struct.h
[1.663s] -- Up-to-date: /home/delewlew/assessments/coursework1/src/install/cooing_code_interfaces/include/cooing_code_interfaces/cooing_code_interfaces/srv/detail/turn_robot_off__functions.c
[1.664s] -- Up-to-date: /home/delewlew/assessments/coursework1/src/install/cooing_code_interfaces/include/cooing_code_interfaces/cooing_code_interfaces/srv/detail/turn_robot_off__functions.h
[1.664s] -- Up-to-date: /home/delewlew/assessments/coursework1/src/install/cooing_code_interfaces/include/cooing_code_interfaces/cooing_code_interfaces/srv/detail/turn_robot_on__struct.h
[1.664s] -- Up-to-date: /home/delewlew/assessments/coursework1/src/install/cooing_code_interfaces/include/cooing_code_interfaces/cooing_code_interfaces/srv/detail/turn_robot_on__functions.h
[1.664s] -- Up-to-date: /home/delewlew/assessments/coursework1/src/install/cooing_code_interfaces/include/cooing_code_interfaces/cooing_code_interfaces/srv/turn_robot_on.h
[1.664s] -- Up-to-date: /home/delewlew/assessments/coursework1/src/install/cooing_code_interfaces/share/cooing_code_interfaces/environment/library_path.sh
[1.665s] -- Up-to-date: /home/delewlew/assessments/coursework1/src/install/cooing_code_interfaces/share/cooing_code_interfaces/environment/library_path.dsv
[1.665s] -- Up-to-date: /home/delewlew/assessments/coursework1/src/install/cooing_code_interfaces/lib/libcooing_code_interfaces__rosidl_generator_c.so
[1.665s] -- Up-to-date: /home/delewlew/assessments/coursework1/src/install/cooing_code_interfaces/include/cooing_code_interfaces/cooing_code_interfaces
[1.666s] -- Up-to-date: /home/delewlew/assessments/coursework1/src/install/cooing_code_interfaces/include/cooing_code_interfaces/cooing_code_interfaces/msg
[1.666s] -- Up-to-date: /home/delewlew/assessments/coursework1/src/install/cooing_code_interfaces/include/cooing_code_interfaces/cooing_code_interfaces/msg/detail
[1.666s] -- Up-to-date: /home/delewlew/assessments/coursework1/src/install/cooing_code_interfaces/include/cooing_code_interfaces/cooing_code_interfaces/msg/detail/task_space_pose__rosidl_typesupport_fastrtps_c.h
[1.666s] -- Up-to-date: /home/delewlew/assessments/coursework1/src/install/cooing_code_interfaces/include/cooing_code_interfaces/cooing_code_interfaces/msg/detail/wheel_velocities__rosidl_typesupport_fastrtps_c.h
[1.667s] -- Up-to-date: /home/delewlew/assessments/coursework1/src/install/cooing_code_interfaces/include/cooing_code_interfaces/cooing_code_interfaces/msg/rosidl_typesupport_fastrtps_c__visibility_control.h
[1.667s] -- Up-to-date: /home/delewlew/assessments/coursework1/src/install/cooing_code_interfaces/include/cooing_code_interfaces/cooing_code_interfaces/srv
[1.667s] -- Up-to-date: /home/delewlew/assessments/coursework1/src/install/cooing_code_interfaces/include/cooing_code_interfaces/cooing_code_interfaces/srv/detail
[1.667s] -- Up-to-date: /home/delewlew/assessments/coursework1/src/install/cooing_code_interfaces/include/cooing_code_interfaces/cooing_code_interfaces/srv/detail/turn_robot_off__rosidl_typesupport_fastrtps_c.h
[1.668s] -- Up-to-date: /home/delewlew/assessments/coursework1/src/install/cooing_code_interfaces/include/cooing_code_interfaces/cooing_code_interfaces/srv/detail/turn_robot_on__rosidl_typesupport_fastrtps_c.h
[1.668s] -- Up-to-date: /home/delewlew/assessments/coursework1/src/install/cooing_code_interfaces/lib/libcooing_code_interfaces__rosidl_typesupport_fastrtps_c.so
[1.668s] -- Up-to-date: /home/delewlew/assessments/coursework1/src/install/cooing_code_interfaces/include/cooing_code_interfaces/cooing_code_interfaces
[1.669s] -- Up-to-date: /home/delewlew/assessments/coursework1/src/install/cooing_code_interfaces/include/cooing_code_interfaces/cooing_code_interfaces/msg
[1.669s] -- Up-to-date: /home/delewlew/assessments/coursework1/src/install/cooing_code_interfaces/include/cooing_code_interfaces/cooing_code_interfaces/msg/rosidl_typesupport_introspection_c__visibility_control.h
[1.669s] -- Up-to-date: /home/delewlew/assessments/coursework1/src/install/cooing_code_interfaces/include/cooing_code_interfaces/cooing_code_interfaces/msg/detail
[1.669s] -- Up-to-date: /home/delewlew/assessments/coursework1/src/install/cooing_code_interfaces/include/cooing_code_interfaces/cooing_code_interfaces/msg/detail/wheel_velocities__type_support.c
[1.670s] -- Up-to-date: /home/delewlew/assessments/coursework1/src/install/cooing_code_interfaces/include/cooing_code_interfaces/cooing_code_interfaces/msg/detail/wheel_velocities__rosidl_typesupport_introspection_c.h
[1.670s] -- Up-to-date: /home/delewlew/assessments/coursework1/src/install/cooing_code_interfaces/include/cooing_code_interfaces/cooing_code_interfaces/msg/detail/task_space_pose__type_support.c
[1.670s] -- Up-to-date: /home/delewlew/assessments/coursework1/src/install/cooing_code_interfaces/include/cooing_code_interfaces/cooing_code_interfaces/msg/detail/task_space_pose__rosidl_typesupport_introspection_c.h
[1.671s] -- Up-to-date: /home/delewlew/assessments/coursework1/src/install/cooing_code_interfaces/include/cooing_code_interfaces/cooing_code_interfaces/srv
[1.671s] -- Up-to-date: /home/delewlew/assessments/coursework1/src/install/cooing_code_interfaces/include/cooing_code_interfaces/cooing_code_interfaces/srv/detail
[1.671s] -- Up-to-date: /home/delewlew/assessments/coursework1/src/install/cooing_code_interfaces/include/cooing_code_interfaces/cooing_code_interfaces/srv/detail/turn_robot_off__rosidl_typesupport_introspection_c.h
[1.672s] -- Up-to-date: /home/delewlew/assessments/coursework1/src/install/cooing_code_interfaces/include/cooing_code_interfaces/cooing_code_interfaces/srv/detail/turn_robot_on__type_support.c
[1.672s] -- Up-to-date: /home/delewlew/assessments/coursework1/src/install/cooing_code_interfaces/include/cooing_code_interfaces/cooing_code_interfaces/srv/detail/turn_robot_on__rosidl_typesupport_introspection_c.h
[1.673s] -- Up-to-date: /home/delewlew/assessments/coursework1/src/install/cooing_code_interfaces/include/cooing_code_interfaces/cooing_code_interfaces/srv/detail/turn_robot_off__type_support.c
[1.673s] -- Up-to-date: /home/delewlew/assessments/coursework1/src/install/cooing_code_interfaces/lib/libcooing_code_interfaces__rosidl_typesupport_introspection_c.so
[1.673s] -- Up-to-date: /home/delewlew/assessments/coursework1/src/install/cooing_code_interfaces/lib/libcooing_code_interfaces__rosidl_typesupport_c.so
[1.673s] -- Up-to-date: /home/delewlew/assessments/coursework1/src/install/cooing_code_interfaces/include/cooing_code_interfaces/cooing_code_interfaces
[1.674s] -- Up-to-date: /home/delewlew/assessments/coursework1/src/install/cooing_code_interfaces/include/cooing_code_interfaces/cooing_code_interfaces/msg
[1.674s] -- Up-to-date: /home/delewlew/assessments/coursework1/src/install/cooing_code_interfaces/include/cooing_code_interfaces/cooing_code_interfaces/msg/detail
[1.674s] -- Up-to-date: /home/delewlew/assessments/coursework1/src/install/cooing_code_interfaces/include/cooing_code_interfaces/cooing_code_interfaces/msg/detail/task_space_pose__struct.hpp
[1.674s] -- Up-to-date: /home/delewlew/assessments/coursework1/src/install/cooing_code_interfaces/include/cooing_code_interfaces/cooing_code_interfaces/msg/detail/wheel_velocities__builder.hpp
[1.675s] -- Up-to-date: /home/delewlew/assessments/coursework1/src/install/cooing_code_interfaces/include/cooing_code_interfaces/cooing_code_interfaces/msg/detail/wheel_velocities__struct.hpp
[1.675s] -- Up-to-date: /home/delewlew/assessments/coursework1/src/install/cooing_code_interfaces/include/cooing_code_interfaces/cooing_code_interfaces/msg/detail/task_space_pose__builder.hpp
[1.675s] -- Up-to-date: /home/delewlew/assessments/coursework1/src/install/cooing_code_interfaces/include/cooing_code_interfaces/cooing_code_interfaces/msg/detail/task_space_pose__traits.hpp
[1.675s] -- Up-to-date: /home/delewlew/assessments/coursework1/src/install/cooing_code_interfaces/include/cooing_code_interfaces/cooing_code_interfaces/msg/detail/wheel_velocities__traits.hpp
[1.675s] -- Up-to-date: /home/delewlew/assessments/coursework1/src/install/cooing_code_interfaces/include/cooing_code_interfaces/cooing_code_interfaces/msg/wheel_velocities.hpp
[1.676s] -- Up-to-date: /home/delewlew/assessments/coursework1/src/install/cooing_code_interfaces/include/cooing_code_interfaces/cooing_code_interfaces/msg/task_space_pose.hpp
[1.676s] -- Up-to-date: /home/delewlew/assessments/coursework1/src/install/cooing_code_interfaces/include/cooing_code_interfaces/cooing_code_interfaces/srv
[1.676s] -- Up-to-date: /home/delewlew/assessments/coursework1/src/install/cooing_code_interfaces/include/cooing_code_interfaces/cooing_code_interfaces/srv/turn_robot_on.hpp
[1.676s] -- Up-to-date: /home/delewlew/assessments/coursework1/src/install/cooing_code_interfaces/include/cooing_code_interfaces/cooing_code_interfaces/srv/turn_robot_off.hpp
[1.676s] -- Up-to-date: /home/delewlew/assessments/coursework1/src/install/cooing_code_interfaces/include/cooing_code_interfaces/cooing_code_interfaces/srv/detail
[1.677s] -- Up-to-date: /home/delewlew/assessments/coursework1/src/install/cooing_code_interfaces/include/cooing_code_interfaces/cooing_code_interfaces/srv/detail/turn_robot_on__builder.hpp
[1.677s] -- Up-to-date: /home/delewlew/assessments/coursework1/src/install/cooing_code_interfaces/include/cooing_code_interfaces/cooing_code_interfaces/srv/detail/turn_robot_off__builder.hpp
[1.677s] -- Up-to-date: /home/delewlew/assessments/coursework1/src/install/cooing_code_interfaces/include/cooing_code_interfaces/cooing_code_interfaces/srv/detail/turn_robot_off__struct.hpp
[1.677s] -- Up-to-date: /home/delewlew/assessments/coursework1/src/install/cooing_code_interfaces/include/cooing_code_interfaces/cooing_code_interfaces/srv/detail/turn_robot_on__struct.hpp
[1.678s] -- Up-to-date: /home/delewlew/assessments/coursework1/src/install/cooing_code_interfaces/include/cooing_code_interfaces/cooing_code_interfaces/srv/detail/turn_robot_off__traits.hpp
[1.678s] -- Up-to-date: /home/delewlew/assessments/coursework1/src/install/cooing_code_interfaces/include/cooing_code_interfaces/cooing_code_interfaces/srv/detail/turn_robot_on__traits.hpp
[1.678s] -- Up-to-date: /home/delewlew/assessments/coursework1/src/install/cooing_code_interfaces/include/cooing_code_interfaces/cooing_code_interfaces
[1.678s] -- Up-to-date: /home/delewlew/assessments/coursework1/src/install/cooing_code_interfaces/include/cooing_code_interfaces/cooing_code_interfaces/msg
[1.679s] -- Up-to-date: /home/delewlew/assessments/coursework1/src/install/cooing_code_interfaces/include/cooing_code_interfaces/cooing_code_interfaces/msg/rosidl_typesupport_fastrtps_cpp__visibility_control.h
[1.679s] -- Up-to-date: /home/delewlew/assessments/coursework1/src/install/cooing_code_interfaces/include/cooing_code_interfaces/cooing_code_interfaces/msg/detail
[1.679s] -- Up-to-date: /home/delewlew/assessments/coursework1/src/install/cooing_code_interfaces/include/cooing_code_interfaces/cooing_code_interfaces/msg/detail/wheel_velocities__rosidl_typesupport_fastrtps_cpp.hpp
[1.679s] -- Up-to-date: /home/delewlew/assessments/coursework1/src/install/cooing_code_interfaces/include/cooing_code_interfaces/cooing_code_interfaces/msg/detail/dds_fastrtps
[1.679s] -- Up-to-date: /home/delewlew/assessments/coursework1/src/install/cooing_code_interfaces/include/cooing_code_interfaces/cooing_code_interfaces/msg/detail/task_space_pose__rosidl_typesupport_fastrtps_cpp.hpp
[1.679s] -- Up-to-date: /home/delewlew/assessments/coursework1/src/install/cooing_code_interfaces/include/cooing_code_interfaces/cooing_code_interfaces/srv
[1.680s] -- Up-to-date: /home/delewlew/assessments/coursework1/src/install/cooing_code_interfaces/include/cooing_code_interfaces/cooing_code_interfaces/srv/detail
[1.680s] -- Up-to-date: /home/delewlew/assessments/coursework1/src/install/cooing_code_interfaces/include/cooing_code_interfaces/cooing_code_interfaces/srv/detail/dds_fastrtps
[1.680s] -- Up-to-date: /home/delewlew/assessments/coursework1/src/install/cooing_code_interfaces/include/cooing_code_interfaces/cooing_code_interfaces/srv/detail/turn_robot_on__rosidl_typesupport_fastrtps_cpp.hpp
[1.680s] -- Up-to-date: /home/delewlew/assessments/coursework1/src/install/cooing_code_interfaces/include/cooing_code_interfaces/cooing_code_interfaces/srv/detail/turn_robot_off__rosidl_typesupport_fastrtps_cpp.hpp
[1.680s] -- Up-to-date: /home/delewlew/assessments/coursework1/src/install/cooing_code_interfaces/lib/libcooing_code_interfaces__rosidl_typesupport_fastrtps_cpp.so
[1.681s] -- Up-to-date: /home/delewlew/assessments/coursework1/src/install/cooing_code_interfaces/include/cooing_code_interfaces/cooing_code_interfaces
[1.681s] -- Up-to-date: /home/delewlew/assessments/coursework1/src/install/cooing_code_interfaces/include/cooing_code_interfaces/cooing_code_interfaces/msg
[1.681s] -- Up-to-date: /home/delewlew/assessments/coursework1/src/install/cooing_code_interfaces/include/cooing_code_interfaces/cooing_code_interfaces/msg/detail
[1.681s] -- Up-to-date: /home/delewlew/assessments/coursework1/src/install/cooing_code_interfaces/include/cooing_code_interfaces/cooing_code_interfaces/msg/detail/task_space_pose__type_support.cpp
[1.681s] -- Up-to-date: /home/delewlew/assessments/coursework1/src/install/cooing_code_interfaces/include/cooing_code_interfaces/cooing_code_interfaces/msg/detail/task_space_pose__rosidl_typesupport_introspection_cpp.hpp
[1.682s] -- Up-to-date: /home/delewlew/assessments/coursework1/src/install/cooing_code_interfaces/include/cooing_code_interfaces/cooing_code_interfaces/msg/detail/wheel_velocities__type_support.cpp
[1.682s] -- Up-to-date: /home/delewlew/assessments/coursework1/src/install/cooing_code_interfaces/include/cooing_code_interfaces/cooing_code_interfaces/msg/detail/wheel_velocities__rosidl_typesupport_introspection_cpp.hpp
[1.682s] -- Up-to-date: /home/delewlew/assessments/coursework1/src/install/cooing_code_interfaces/include/cooing_code_interfaces/cooing_code_interfaces/srv
[1.682s] -- Up-to-date: /home/delewlew/assessments/coursework1/src/install/cooing_code_interfaces/include/cooing_code_interfaces/cooing_code_interfaces/srv/detail
[1.682s] -- Up-to-date: /home/delewlew/assessments/coursework1/src/install/cooing_code_interfaces/include/cooing_code_interfaces/cooing_code_interfaces/srv/detail/turn_robot_on__rosidl_typesupport_introspection_cpp.hpp
[1.682s] -- Up-to-date: /home/delewlew/assessments/coursework1/src/install/cooing_code_interfaces/include/cooing_code_interfaces/cooing_code_interfaces/srv/detail/turn_robot_on__type_support.cpp
[1.683s] -- Up-to-date: /home/delewlew/assessments/coursework1/src/install/cooing_code_interfaces/include/cooing_code_interfaces/cooing_code_interfaces/srv/detail/turn_robot_off__type_support.cpp
[1.683s] -- Up-to-date: /home/delewlew/assessments/coursework1/src/install/cooing_code_interfaces/include/cooing_code_interfaces/cooing_code_interfaces/srv/detail/turn_robot_off__rosidl_typesupport_introspection_cpp.hpp
[1.683s] -- Up-to-date: /home/delewlew/assessments/coursework1/src/install/cooing_code_interfaces/lib/libcooing_code_interfaces__rosidl_typesupport_introspection_cpp.so
[1.683s] -- Up-to-date: /home/delewlew/assessments/coursework1/src/install/cooing_code_interfaces/lib/libcooing_code_interfaces__rosidl_typesupport_cpp.so
[1.683s] -- Up-to-date: /home/delewlew/assessments/coursework1/src/install/cooing_code_interfaces/share/cooing_code_interfaces/environment/pythonpath.sh
[1.684s] -- Up-to-date: /home/delewlew/assessments/coursework1/src/install/cooing_code_interfaces/share/cooing_code_interfaces/environment/pythonpath.dsv
[1.684s] -- Up-to-date: /home/delewlew/assessments/coursework1/src/install/cooing_code_interfaces/local/lib/python3.10/dist-packages/cooing_code_interfaces-0.0.0-py3.10.egg-info
[1.684s] -- Installing: /home/delewlew/assessments/coursework1/src/install/cooing_code_interfaces/local/lib/python3.10/dist-packages/cooing_code_interfaces-0.0.0-py3.10.egg-info/PKG-INFO
[1.684s] -- Installing: /home/delewlew/assessments/coursework1/src/install/cooing_code_interfaces/local/lib/python3.10/dist-packages/cooing_code_interfaces-0.0.0-py3.10.egg-info/dependency_links.txt
[1.684s] -- Installing: /home/delewlew/assessments/coursework1/src/install/cooing_code_interfaces/local/lib/python3.10/dist-packages/cooing_code_interfaces-0.0.0-py3.10.egg-info/SOURCES.txt
[1.685s] -- Installing: /home/delewlew/assessments/coursework1/src/install/cooing_code_interfaces/local/lib/python3.10/dist-packages/cooing_code_interfaces-0.0.0-py3.10.egg-info/top_level.txt
[1.685s] -- Up-to-date: /home/delewlew/assessments/coursework1/src/install/cooing_code_interfaces/local/lib/python3.10/dist-packages/cooing_code_interfaces
[1.685s] -- Up-to-date: /home/delewlew/assessments/coursework1/src/install/cooing_code_interfaces/local/lib/python3.10/dist-packages/cooing_code_interfaces/libcooing_code_interfaces__rosidl_generator_py.so
[1.685s] -- Up-to-date: /home/delewlew/assessments/coursework1/src/install/cooing_code_interfaces/local/lib/python3.10/dist-packages/cooing_code_interfaces/cooing_code_interfaces_s__rosidl_typesupport_fastrtps_c.cpython-310-x86_64-linux-gnu.so
[1.685s] -- Up-to-date: /home/delewlew/assessments/coursework1/src/install/cooing_code_interfaces/local/lib/python3.10/dist-packages/cooing_code_interfaces/cooing_code_interfaces_s__rosidl_typesupport_c.cpython-310-x86_64-linux-gnu.so
[1.686s] -- Up-to-date: /home/delewlew/assessments/coursework1/src/install/cooing_code_interfaces/local/lib/python3.10/dist-packages/cooing_code_interfaces/cooing_code_interfaces_s__rosidl_typesupport_introspection_c.cpython-310-x86_64-linux-gnu.so
[1.686s] -- Up-to-date: /home/delewlew/assessments/coursework1/src/install/cooing_code_interfaces/local/lib/python3.10/dist-packages/cooing_code_interfaces/_cooing_code_interfaces_s.ep.rosidl_typesupport_c.c
[1.686s] -- Up-to-date: /home/delewlew/assessments/coursework1/src/install/cooing_code_interfaces/local/lib/python3.10/dist-packages/cooing_code_interfaces/_cooing_code_interfaces_s.ep.rosidl_typesupport_fastrtps_c.c
[1.687s] -- Up-to-date: /home/delewlew/assessments/coursework1/src/install/cooing_code_interfaces/local/lib/python3.10/dist-packages/cooing_code_interfaces/_cooing_code_interfaces_s.ep.rosidl_typesupport_introspection_c.c
[1.687s] -- Up-to-date: /home/delewlew/assessments/coursework1/src/install/cooing_code_interfaces/local/lib/python3.10/dist-packages/cooing_code_interfaces/msg
[1.687s] -- Up-to-date: /home/delewlew/assessments/coursework1/src/install/cooing_code_interfaces/local/lib/python3.10/dist-packages/cooing_code_interfaces/msg/_task_space_pose.py
[1.687s] -- Up-to-date: /home/delewlew/assessments/coursework1/src/install/cooing_code_interfaces/local/lib/python3.10/dist-packages/cooing_code_interfaces/msg/_wheel_velocities_s.c
[1.687s] -- Up-to-date: /home/delewlew/assessments/coursework1/src/install/cooing_code_interfaces/local/lib/python3.10/dist-packages/cooing_code_interfaces/msg/_task_space_pose_s.c
[1.688s] -- Up-to-date: /home/delewlew/assessments/coursework1/src/install/cooing_code_interfaces/local/lib/python3.10/dist-packages/cooing_code_interfaces/msg/_wheel_velocities.py
[1.688s] -- Up-to-date: /home/delewlew/assessments/coursework1/src/install/cooing_code_interfaces/local/lib/python3.10/dist-packages/cooing_code_interfaces/msg/__init__.py
[1.688s] -- Up-to-date: /home/delewlew/assessments/coursework1/src/install/cooing_code_interfaces/local/lib/python3.10/dist-packages/cooing_code_interfaces/srv
[1.688s] -- Up-to-date: /home/delewlew/assessments/coursework1/src/install/cooing_code_interfaces/local/lib/python3.10/dist-packages/cooing_code_interfaces/srv/_turn_robot_on.py
[1.688s] -- Up-to-date: /home/delewlew/assessments/coursework1/src/install/cooing_code_interfaces/local/lib/python3.10/dist-packages/cooing_code_interfaces/srv/_turn_robot_off.py
[1.689s] -- Up-to-date: /home/delewlew/assessments/coursework1/src/install/cooing_code_interfaces/local/lib/python3.10/dist-packages/cooing_code_interfaces/srv/_turn_robot_on_s.c
[1.689s] -- Up-to-date: /home/delewlew/assessments/coursework1/src/install/cooing_code_interfaces/local/lib/python3.10/dist-packages/cooing_code_interfaces/srv/_turn_robot_off_s.c
[1.689s] -- Up-to-date: /home/delewlew/assessments/coursework1/src/install/cooing_code_interfaces/local/lib/python3.10/dist-packages/cooing_code_interfaces/srv/__init__.py
[1.689s] -- Up-to-date: /home/delewlew/assessments/coursework1/src/install/cooing_code_interfaces/local/lib/python3.10/dist-packages/cooing_code_interfaces/__init__.py
[1.767s] Listing '/home/delewlew/assessments/coursework1/src/install/cooing_code_interfaces/local/lib/python3.10/dist-packages/cooing_code_interfaces'...
[1.768s] Listing '/home/delewlew/assessments/coursework1/src/install/cooing_code_interfaces/local/lib/python3.10/dist-packages/cooing_code_interfaces/msg'...
[1.768s] Listing '/home/delewlew/assessments/coursework1/src/install/cooing_code_interfaces/local/lib/python3.10/dist-packages/cooing_code_interfaces/srv'...
[1.777s] -- Up-to-date: /home/delewlew/assessments/coursework1/src/install/cooing_code_interfaces/local/lib/python3.10/dist-packages/cooing_code_interfaces/cooing_code_interfaces_s__rosidl_typesupport_fastrtps_c.cpython-310-x86_64-linux-gnu.so
[1.778s] -- Up-to-date: /home/delewlew/assessments/coursework1/src/install/cooing_code_interfaces/local/lib/python3.10/dist-packages/cooing_code_interfaces/cooing_code_interfaces_s__rosidl_typesupport_introspection_c.cpython-310-x86_64-linux-gnu.so
[1.779s] -- Up-to-date: /home/delewlew/assessments/coursework1/src/install/cooing_code_interfaces/local/lib/python3.10/dist-packages/cooing_code_interfaces/cooing_code_interfaces_s__rosidl_typesupport_c.cpython-310-x86_64-linux-gnu.so
[1.780s] -- Up-to-date: /home/delewlew/assessments/coursework1/src/install/cooing_code_interfaces/lib/libcooing_code_interfaces__rosidl_generator_py.so
[1.784s] -- Up-to-date: /home/delewlew/assessments/coursework1/src/install/cooing_code_interfaces/share/cooing_code_interfaces/msg/WheelVelocities.idl
[1.785s] -- Up-to-date: /home/delewlew/assessments/coursework1/src/install/cooing_code_interfaces/share/cooing_code_interfaces/msg/TaskSpacePose.idl
[1.785s] -- Up-to-date: /home/delewlew/assessments/coursework1/src/install/cooing_code_interfaces/share/cooing_code_interfaces/srv/TurnRobotOn.idl
[1.785s] -- Up-to-date: /home/delewlew/assessments/coursework1/src/install/cooing_code_interfaces/share/cooing_code_interfaces/srv/TurnRobotOff.idl
[1.786s] -- Up-to-date: /home/delewlew/assessments/coursework1/src/install/cooing_code_interfaces/share/cooing_code_interfaces/msg/WheelVelocities.msg
[1.786s] -- Up-to-date: /home/delewlew/assessments/coursework1/src/install/cooing_code_interfaces/share/cooing_code_interfaces/msg/TaskSpacePose.msg
[1.786s] -- Up-to-date: /home/delewlew/assessments/coursework1/src/install/cooing_code_interfaces/share/cooing_code_interfaces/srv/TurnRobotOn.srv
[1.786s] -- Up-to-date: /home/delewlew/assessments/coursework1/src/install/cooing_code_interfaces/share/cooing_code_interfaces/srv/TurnRobotOn_Request.msg
[1.787s] -- Up-to-date: /home/delewlew/assessments/coursework1/src/install/cooing_code_interfaces/share/cooing_code_interfaces/srv/TurnRobotOn_Response.msg
[1.787s] -- Up-to-date: /home/delewlew/assessments/coursework1/src/install/cooing_code_interfaces/share/cooing_code_interfaces/srv/TurnRobotOff.srv
[1.787s] -- Up-to-date: /home/delewlew/assessments/coursework1/src/install/cooing_code_interfaces/share/cooing_code_interfaces/srv/TurnRobotOff_Request.msg
[1.787s] -- Up-to-date: /home/delewlew/assessments/coursework1/src/install/cooing_code_interfaces/share/cooing_code_interfaces/srv/TurnRobotOff_Response.msg
[1.788s] -- Up-to-date: /home/delewlew/assessments/coursework1/src/install/cooing_code_interfaces/share/ament_index/resource_index/package_run_dependencies/cooing_code_interfaces
[1.789s] -- Up-to-date: /home/delewlew/assessments/coursework1/src/install/cooing_code_interfaces/share/ament_index/resource_index/parent_prefix_path/cooing_code_interfaces
[1.789s] -- Up-to-date: /home/delewlew/assessments/coursework1/src/install/cooing_code_interfaces/share/cooing_code_interfaces/environment/ament_prefix_path.sh
[1.789s] -- Up-to-date: /home/delewlew/assessments/coursework1/src/install/cooing_code_interfaces/share/cooing_code_interfaces/environment/ament_prefix_path.dsv
[1.790s] -- Up-to-date: /home/delewlew/assessments/coursework1/src/install/cooing_code_interfaces/share/cooing_code_interfaces/environment/path.sh
[1.790s] -- Up-to-date: /home/delewlew/assessments/coursework1/src/install/cooing_code_interfaces/share/cooing_code_interfaces/environment/path.dsv
[1.791s] -- Up-to-date: /home/delewlew/assessments/coursework1/src/install/cooing_code_interfaces/share/cooing_code_interfaces/local_setup.bash
[1.791s] -- Up-to-date: /home/delewlew/assessments/coursework1/src/install/cooing_code_interfaces/share/cooing_code_interfaces/local_setup.sh
[1.791s] -- Up-to-date: /home/delewlew/assessments/coursework1/src/install/cooing_code_interfaces/share/cooing_code_interfaces/local_setup.zsh
[1.792s] -- Up-to-date: /home/delewlew/assessments/coursework1/src/install/cooing_code_interfaces/share/cooing_code_interfaces/local_setup.dsv
[1.792s] -- Installing: /home/delewlew/assessments/coursework1/src/install/cooing_code_interfaces/share/cooing_code_interfaces/package.dsv
[1.792s] -- Up-to-date: /home/delewlew/assessments/coursework1/src/install/cooing_code_interfaces/share/ament_index/resource_index/packages/cooing_code_interfaces
[1.793s] -- Up-to-date: /home/delewlew/assessments/coursework1/src/install/cooing_code_interfaces/share/cooing_code_interfaces/cmake/export_cooing_code_interfaces__rosidl_generator_cExport.cmake
[1.793s] -- Up-to-date: /home/delewlew/assessments/coursework1/src/install/cooing_code_interfaces/share/cooing_code_interfaces/cmake/export_cooing_code_interfaces__rosidl_generator_cExport-noconfig.cmake
[1.793s] -- Up-to-date: /home/delewlew/assessments/coursework1/src/install/cooing_code_interfaces/share/cooing_code_interfaces/cmake/export_cooing_code_interfaces__rosidl_typesupport_fastrtps_cExport.cmake
[1.793s] -- Up-to-date: /home/delewlew/assessments/coursework1/src/install/cooing_code_interfaces/share/cooing_code_interfaces/cmake/export_cooing_code_interfaces__rosidl_typesupport_fastrtps_cExport-noconfig.cmake
[1.794s] -- Up-to-date: /home/delewlew/assessments/coursework1/src/install/cooing_code_interfaces/share/cooing_code_interfaces/cmake/cooing_code_interfaces__rosidl_typesupport_introspection_cExport.cmake
[1.794s] -- Up-to-date: /home/delewlew/assessments/coursework1/src/install/cooing_code_interfaces/share/cooing_code_interfaces/cmake/cooing_code_interfaces__rosidl_typesupport_introspection_cExport-noconfig.cmake
[1.794s] -- Up-to-date: /home/delewlew/assessments/coursework1/src/install/cooing_code_interfaces/share/cooing_code_interfaces/cmake/cooing_code_interfaces__rosidl_typesupport_cExport.cmake
[1.794s] -- Up-to-date: /home/delewlew/assessments/coursework1/src/install/cooing_code_interfaces/share/cooing_code_interfaces/cmake/cooing_code_interfaces__rosidl_typesupport_cExport-noconfig.cmake
[1.794s] -- Up-to-date: /home/delewlew/assessments/coursework1/src/install/cooing_code_interfaces/share/cooing_code_interfaces/cmake/export_cooing_code_interfaces__rosidl_generator_cppExport.cmake
[1.795s] -- Up-to-date: /home/delewlew/assessments/coursework1/src/install/cooing_code_interfaces/share/cooing_code_interfaces/cmake/export_cooing_code_interfaces__rosidl_typesupport_fastrtps_cppExport.cmake
[1.795s] -- Up-to-date: /home/delewlew/assessments/coursework1/src/install/cooing_code_interfaces/share/cooing_code_interfaces/cmake/export_cooing_code_interfaces__rosidl_typesupport_fastrtps_cppExport-noconfig.cmake
[1.795s] -- Up-to-date: /home/delewlew/assessments/coursework1/src/install/cooing_code_interfaces/share/cooing_code_interfaces/cmake/cooing_code_interfaces__rosidl_typesupport_introspection_cppExport.cmake
[1.795s] -- Up-to-date: /home/delewlew/assessments/coursework1/src/install/cooing_code_interfaces/share/cooing_code_interfaces/cmake/cooing_code_interfaces__rosidl_typesupport_introspection_cppExport-noconfig.cmake
[1.796s] -- Up-to-date: /home/delewlew/assessments/coursework1/src/install/cooing_code_interfaces/share/cooing_code_interfaces/cmake/cooing_code_interfaces__rosidl_typesupport_cppExport.cmake
[1.796s] -- Up-to-date: /home/delewlew/assessments/coursework1/src/install/cooing_code_interfaces/share/cooing_code_interfaces/cmake/cooing_code_interfaces__rosidl_typesupport_cppExport-noconfig.cmake
[1.796s] -- Up-to-date: /home/delewlew/assessments/coursework1/src/install/cooing_code_interfaces/share/cooing_code_interfaces/cmake/export_cooing_code_interfaces__rosidl_generator_pyExport.cmake
[1.797s] -- Up-to-date: /home/delewlew/assessments/coursework1/src/install/cooing_code_interfaces/share/cooing_code_interfaces/cmake/export_cooing_code_interfaces__rosidl_generator_pyExport-noconfig.cmake
[1.797s] -- Up-to-date: /home/delewlew/assessments/coursework1/src/install/cooing_code_interfaces/share/cooing_code_interfaces/cmake/rosidl_cmake-extras.cmake
[1.797s] -- Up-to-date: /home/delewlew/assessments/coursework1/src/install/cooing_code_interfaces/share/cooing_code_interfaces/cmake/ament_cmake_export_include_directories-extras.cmake
[1.798s] -- Up-to-date: /home/delewlew/assessments/coursework1/src/install/cooing_code_interfaces/share/cooing_code_interfaces/cmake/ament_cmake_export_libraries-extras.cmake
[1.798s] -- Up-to-date: /home/delewlew/assessments/coursework1/src/install/cooing_code_interfaces/share/cooing_code_interfaces/cmake/ament_cmake_export_targets-extras.cmake
[1.798s] -- Up-to-date: /home/delewlew/assessments/coursework1/src/install/cooing_code_interfaces/share/cooing_code_interfaces/cmake/rosidl_cmake_export_typesupport_targets-extras.cmake
[1.798s] -- Up-to-date: /home/delewlew/assessments/coursework1/src/install/cooing_code_interfaces/share/cooing_code_interfaces/cmake/ament_cmake_export_dependencies-extras.cmake
[1.799s] -- Up-to-date: /home/delewlew/assessments/coursework1/src/install/cooing_code_interfaces/share/cooing_code_interfaces/cmake/rosidl_cmake_export_typesupport_libraries-extras.cmake
[1.800s] -- Up-to-date: /home/delewlew/assessments/coursework1/src/install/cooing_code_interfaces/share/cooing_code_interfaces/cmake/cooing_code_interfacesConfig.cmake
[1.800s] -- Up-to-date: /home/delewlew/assessments/coursework1/src/install/cooing_code_interfaces/share/cooing_code_interfaces/cmake/cooing_code_interfacesConfig-version.cmake
[1.800s] -- Up-to-date: /home/delewlew/assessments/coursework1/src/install/cooing_code_interfaces/share/cooing_code_interfaces/package.xml
[1.803s] Invoked command in '/home/delewlew/assessments/coursework1/src/build/cooing_code_interfaces' returned '0': CMAKE_PREFIX_PATH=${CMAKE_PREFIX_PATH}:/home/delewlew/assessments/coursework1/src/install/cooing_code_pkg:/home/delewlew/assessments/coursework1/src/install/cooing_code_controller:/opt/ros/humble /usr/bin/cmake --install /home/delewlew/assessments/coursework1/src/build/cooing_code_interfaces
