[0.703s] Invoking command in '/home/delewlew/assessments/coursework1/src/cooing_code_pkg': AMENT_PREFIX_PATH=/home/delewlew/assessments/coursework1/src/install/cooing_code_interfaces:${AMENT_PREFIX_PATH} CMAKE_PREFIX_PATH=/home/delewlew/assessments/coursework1/src/install/cooing_code_interfaces LD_LIBRARY_PATH=/home/delewlew/assessments/coursework1/src/install/cooing_code_interfaces/lib:${LD_LIBRARY_PATH} PYTHONPATH=/home/delewlew/assessments/coursework1/src/build/cooing_code_pkg/prefix_override:/usr/lib/python3/dist-packages/colcon_core/task/python/colcon_distutils_commands:/home/delewlew/assessments/coursework1/src/install/cooing_code_pkg/lib/python3.10/site-packages:/home/delewlew/assessments/coursework1/src/install/cooing_code_interfaces/local/lib/python3.10/dist-packages:${PYTHONPATH} /usr/bin/python3 -W ignore:setup.py install is deprecated setup.py egg_info --egg-base ../build/cooing_code_pkg build --build-base /home/delewlew/assessments/coursework1/src/build/cooing_code_pkg/build install --record /home/delewlew/assessments/coursework1/src/build/cooing_code_pkg/install.log --single-version-externally-managed install_data
[0.932s] running egg_info
[0.933s] writing ../build/cooing_code_pkg/cooing_code_pkg.egg-info/PKG-INFO
[0.934s] writing dependency_links to ../build/cooing_code_pkg/cooing_code_pkg.egg-info/dependency_links.txt
[0.934s] writing entry points to ../build/cooing_code_pkg/cooing_code_pkg.egg-info/entry_points.txt
[0.934s] writing requirements to ../build/cooing_code_pkg/cooing_code_pkg.egg-info/requires.txt
[0.934s] writing top-level names to ../build/cooing_code_pkg/cooing_code_pkg.egg-info/top_level.txt
[0.936s] reading manifest file '../build/cooing_code_pkg/cooing_code_pkg.egg-info/SOURCES.txt'
[0.937s] writing manifest file '../build/cooing_code_pkg/cooing_code_pkg.egg-info/SOURCES.txt'
[0.937s] running build
[0.937s] running build_py
[0.937s] running install
[0.938s] running install_lib
[0.939s] running install_data
[0.939s] running install_egg_info
[0.940s] removing '/home/delewlew/assessments/coursework1/src/install/cooing_code_pkg/lib/python3.10/site-packages/cooing_code_pkg-0.0.0-py3.10.egg-info' (and everything under it)
[0.940s] Copying ../build/cooing_code_pkg/cooing_code_pkg.egg-info to /home/delewlew/assessments/coursework1/src/install/cooing_code_pkg/lib/python3.10/site-packages/cooing_code_pkg-0.0.0-py3.10.egg-info
[0.941s] running install_scripts
[0.967s] Installing cooing_code_node script to /home/delewlew/assessments/coursework1/src/install/cooing_code_pkg/lib/cooing_code_pkg
[0.968s] writing list of installed files to '/home/delewlew/assessments/coursework1/src/build/cooing_code_pkg/install.log'
[1.004s] Invoked command in '/home/delewlew/assessments/coursework1/src/cooing_code_pkg' returned '0': AMENT_PREFIX_PATH=/home/delewlew/assessments/coursework1/src/install/cooing_code_interfaces:${AMENT_PREFIX_PATH} CMAKE_PREFIX_PATH=/home/delewlew/assessments/coursework1/src/install/cooing_code_interfaces LD_LIBRARY_PATH=/home/delewlew/assessments/coursework1/src/install/cooing_code_interfaces/lib:${LD_LIBRARY_PATH} PYTHONPATH=/home/delewlew/assessments/coursework1/src/build/cooing_code_pkg/prefix_override:/usr/lib/python3/dist-packages/colcon_core/task/python/colcon_distutils_commands:/home/delewlew/assessments/coursework1/src/install/cooing_code_pkg/lib/python3.10/site-packages:/home/delewlew/assessments/coursework1/src/install/cooing_code_interfaces/local/lib/python3.10/dist-packages:${PYTHONPATH} /usr/bin/python3 -W ignore:setup.py install is deprecated setup.py egg_info --egg-base ../build/cooing_code_pkg build --build-base /home/delewlew/assessments/coursework1/src/build/cooing_code_pkg/build install --record /home/delewlew/assessments/coursework1/src/build/cooing_code_pkg/install.log --single-version-externally-managed install_data
