[2.309s] Invoking command in '/home/delewlew/software_for_robotics_part2/src/example_urdf_description': PYTHONPATH=/home/delewlew/software_for_robotics_part2/build/example_urdf_description/prefix_override:/usr/lib/python3/dist-packages/colcon_core/task/python/colcon_distutils_commands:/home/delewlew/software_for_robotics_part2/install/example_urdf_description/lib/python3.10/site-packages:${PYTHONPATH} /usr/bin/python3 -W ignore:setup.py install is deprecated setup.py egg_info --egg-base ../../build/example_urdf_description build --build-base /home/delewlew/software_for_robotics_part2/build/example_urdf_description/build install --record /home/delewlew/software_for_robotics_part2/build/example_urdf_description/install.log --single-version-externally-managed install_data
[3.115s] running egg_info
[3.117s] writing ../../build/example_urdf_description/example_urdf_description.egg-info/PKG-INFO
[3.118s] writing dependency_links to ../../build/example_urdf_description/example_urdf_description.egg-info/dependency_links.txt
[3.118s] writing entry points to ../../build/example_urdf_description/example_urdf_description.egg-info/entry_points.txt
[3.118s] writing requirements to ../../build/example_urdf_description/example_urdf_description.egg-info/requires.txt
[3.119s] writing top-level names to ../../build/example_urdf_description/example_urdf_description.egg-info/top_level.txt
[3.123s] reading manifest file '../../build/example_urdf_description/example_urdf_description.egg-info/SOURCES.txt'
[3.124s] adding license file 'LICENSE'
[3.126s] writing manifest file '../../build/example_urdf_description/example_urdf_description.egg-info/SOURCES.txt'
[3.126s] running build
[3.127s] running build_py
[3.129s] running install
[3.130s] running install_lib
[3.135s] running install_data
[3.135s] running install_egg_info
[3.141s] removing '/home/delewlew/software_for_robotics_part2/install/example_urdf_description/lib/python3.10/site-packages/example_urdf_description-0.0.0-py3.10.egg-info' (and everything under it)
[3.141s] Copying ../../build/example_urdf_description/example_urdf_description.egg-info to /home/delewlew/software_for_robotics_part2/install/example_urdf_description/lib/python3.10/site-packages/example_urdf_description-0.0.0-py3.10.egg-info
[3.143s] running install_scripts
[3.203s] writing list of installed files to '/home/delewlew/software_for_robotics_part2/build/example_urdf_description/install.log'
[3.252s] Invoked command in '/home/delewlew/software_for_robotics_part2/src/example_urdf_description' returned '0': PYTHONPATH=/home/delewlew/software_for_robotics_part2/build/example_urdf_description/prefix_override:/usr/lib/python3/dist-packages/colcon_core/task/python/colcon_distutils_commands:/home/delewlew/software_for_robotics_part2/install/example_urdf_description/lib/python3.10/site-packages:${PYTHONPATH} /usr/bin/python3 -W ignore:setup.py install is deprecated setup.py egg_info --egg-base ../../build/example_urdf_description build --build-base /home/delewlew/software_for_robotics_part2/build/example_urdf_description/build install --record /home/delewlew/software_for_robotics_part2/build/example_urdf_description/install.log --single-version-externally-managed install_data
