[1.995s] Invoking command in '/home/delewlew/ros2_tutorial_workspace_2/src/python_package_that_uses_the_services': PYTHONPATH=/home/delewlew/ros2_tutorial_workspace_2/src/build/python_package_that_uses_the_services/prefix_override:/usr/lib/python3/dist-packages/colcon_core/task/python/colcon_distutils_commands:/home/delewlew/ros2_tutorial_workspace_2/src/install/python_package_that_uses_the_services/lib/python3.10/site-packages:${PYTHONPATH} /usr/bin/python3 -W ignore:setup.py install is deprecated setup.py egg_info --egg-base ../build/python_package_that_uses_the_services build --build-base /home/delewlew/ros2_tutorial_workspace_2/src/build/python_package_that_uses_the_services/build install --record /home/delewlew/ros2_tutorial_workspace_2/src/build/python_package_that_uses_the_services/install.log --single-version-externally-managed install_data
[2.327s] running egg_info
[2.328s] creating ../build/python_package_that_uses_the_services/python_package_that_uses_the_services.egg-info
[2.328s] writing ../build/python_package_that_uses_the_services/python_package_that_uses_the_services.egg-info/PKG-INFO
[2.328s] writing dependency_links to ../build/python_package_that_uses_the_services/python_package_that_uses_the_services.egg-info/dependency_links.txt
[2.328s] writing entry points to ../build/python_package_that_uses_the_services/python_package_that_uses_the_services.egg-info/entry_points.txt
[2.328s] writing requirements to ../build/python_package_that_uses_the_services/python_package_that_uses_the_services.egg-info/requires.txt
[2.329s] writing top-level names to ../build/python_package_that_uses_the_services/python_package_that_uses_the_services.egg-info/top_level.txt
[2.329s] writing manifest file '../build/python_package_that_uses_the_services/python_package_that_uses_the_services.egg-info/SOURCES.txt'
[2.333s] reading manifest file '../build/python_package_that_uses_the_services/python_package_that_uses_the_services.egg-info/SOURCES.txt'
[2.333s] writing manifest file '../build/python_package_that_uses_the_services/python_package_that_uses_the_services.egg-info/SOURCES.txt'
[2.334s] running build
[2.334s] running build_py
[2.334s] creating /home/delewlew/ros2_tutorial_workspace_2/src/build/python_package_that_uses_the_services/build
[2.334s] creating /home/delewlew/ros2_tutorial_workspace_2/src/build/python_package_that_uses_the_services/build/lib
[2.335s] creating /home/delewlew/ros2_tutorial_workspace_2/src/build/python_package_that_uses_the_services/build/lib/python_package_that_uses_the_services
[2.335s] copying python_package_that_uses_the_services/what_is_the_point_service_client_node.py -> /home/delewlew/ros2_tutorial_workspace_2/src/build/python_package_that_uses_the_services/build/lib/python_package_that_uses_the_services
[2.335s] copying python_package_that_uses_the_services/what_is_the_point_service_server_node.py -> /home/delewlew/ros2_tutorial_workspace_2/src/build/python_package_that_uses_the_services/build/lib/python_package_that_uses_the_services
[2.335s] copying python_package_that_uses_the_services/__init__.py -> /home/delewlew/ros2_tutorial_workspace_2/src/build/python_package_that_uses_the_services/build/lib/python_package_that_uses_the_services
[2.336s] running install
[2.336s] running install_lib
[2.337s] creating /home/delewlew/ros2_tutorial_workspace_2/src/install/python_package_that_uses_the_services/lib/python3.10/site-packages/python_package_that_uses_the_services
[2.337s] copying /home/delewlew/ros2_tutorial_workspace_2/src/build/python_package_that_uses_the_services/build/lib/python_package_that_uses_the_services/what_is_the_point_service_client_node.py -> /home/delewlew/ros2_tutorial_workspace_2/src/install/python_package_that_uses_the_services/lib/python3.10/site-packages/python_package_that_uses_the_services
[2.338s] copying /home/delewlew/ros2_tutorial_workspace_2/src/build/python_package_that_uses_the_services/build/lib/python_package_that_uses_the_services/what_is_the_point_service_server_node.py -> /home/delewlew/ros2_tutorial_workspace_2/src/install/python_package_that_uses_the_services/lib/python3.10/site-packages/python_package_that_uses_the_services
[2.338s] copying /home/delewlew/ros2_tutorial_workspace_2/src/build/python_package_that_uses_the_services/build/lib/python_package_that_uses_the_services/__init__.py -> /home/delewlew/ros2_tutorial_workspace_2/src/install/python_package_that_uses_the_services/lib/python3.10/site-packages/python_package_that_uses_the_services
[2.338s] byte-compiling /home/delewlew/ros2_tutorial_workspace_2/src/install/python_package_that_uses_the_services/lib/python3.10/site-packages/python_package_that_uses_the_services/what_is_the_point_service_client_node.py to what_is_the_point_service_client_node.cpython-310.pyc
[2.340s] byte-compiling /home/delewlew/ros2_tutorial_workspace_2/src/install/python_package_that_uses_the_services/lib/python3.10/site-packages/python_package_that_uses_the_services/what_is_the_point_service_server_node.py to what_is_the_point_service_server_node.cpython-310.pyc
[2.341s] byte-compiling /home/delewlew/ros2_tutorial_workspace_2/src/install/python_package_that_uses_the_services/lib/python3.10/site-packages/python_package_that_uses_the_services/__init__.py to __init__.cpython-310.pyc
[2.341s] running install_data
[2.341s] creating /home/delewlew/ros2_tutorial_workspace_2/src/install/python_package_that_uses_the_services/share/ament_index
[2.342s] creating /home/delewlew/ros2_tutorial_workspace_2/src/install/python_package_that_uses_the_services/share/ament_index/resource_index
[2.342s] creating /home/delewlew/ros2_tutorial_workspace_2/src/install/python_package_that_uses_the_services/share/ament_index/resource_index/packages
[2.342s] copying resource/python_package_that_uses_the_services -> /home/delewlew/ros2_tutorial_workspace_2/src/install/python_package_that_uses_the_services/share/ament_index/resource_index/packages
[2.342s] copying package.xml -> /home/delewlew/ros2_tutorial_workspace_2/src/install/python_package_that_uses_the_services/share/python_package_that_uses_the_services
[2.342s] running install_egg_info
[2.345s] Copying ../build/python_package_that_uses_the_services/python_package_that_uses_the_services.egg-info to /home/delewlew/ros2_tutorial_workspace_2/src/install/python_package_that_uses_the_services/lib/python3.10/site-packages/python_package_that_uses_the_services-0.0.0-py3.10.egg-info
[2.346s] running install_scripts
[2.376s] Installing what_is_the_point_service_client_node script to /home/delewlew/ros2_tutorial_workspace_2/src/install/python_package_that_uses_the_services/lib/python_package_that_uses_the_services
[2.377s] Installing what_is_the_point_service_server_node script to /home/delewlew/ros2_tutorial_workspace_2/src/install/python_package_that_uses_the_services/lib/python_package_that_uses_the_services
[2.377s] writing list of installed files to '/home/delewlew/ros2_tutorial_workspace_2/src/build/python_package_that_uses_the_services/install.log'
[2.408s] Invoked command in '/home/delewlew/ros2_tutorial_workspace_2/src/python_package_that_uses_the_services' returned '0': PYTHONPATH=/home/delewlew/ros2_tutorial_workspace_2/src/build/python_package_that_uses_the_services/prefix_override:/usr/lib/python3/dist-packages/colcon_core/task/python/colcon_distutils_commands:/home/delewlew/ros2_tutorial_workspace_2/src/install/python_package_that_uses_the_services/lib/python3.10/site-packages:${PYTHONPATH} /usr/bin/python3 -W ignore:setup.py install is deprecated setup.py egg_info --egg-base ../build/python_package_that_uses_the_services build --build-base /home/delewlew/ros2_tutorial_workspace_2/src/build/python_package_that_uses_the_services/build install --record /home/delewlew/ros2_tutorial_workspace_2/src/build/python_package_that_uses_the_services/install.log --single-version-externally-managed install_data
