[0.063s] Invoking command in '/home/delewlew/ros2_tutorial_workspace_2/src/build/package_with_interfaces': CMAKE_PREFIX_PATH=${CMAKE_PREFIX_PATH}:/home/delewlew/ros2_tutorial_workspace_2/src/install/python_package_that_uses_paramameters_and_launch_files:/home/delewlew/ros2_tutorial_workspace_2/src/install/the_simplest_python_package:/home/delewlew/ros2_tutorial_workspace_2/src/install/python_package_with_a_node:/home/delewlew/ros2_tutorial_workspace_2/src/install/python_package_that_uses_the_library:/home/delewlew/ros2_tutorial_workspace_2/src/install/python_package_with_a_library:/home/delewlew/ros2_tutorial_workspace_2/src/install/python_package_that_uses_the_services:/home/delewlew/ros2_tutorial_workspace_2/src/install/python_package_that_uses_the_messages:/opt/ros/humble /usr/bin/cmake --build /home/delewlew/ros2_tutorial_workspace_2/src/build/package_with_interfaces -- -j12 -l12
[1.115s] [ 10%] Built target package_with_interfaces__rosidl_generator_c
[1.115s] [ 12%] Built target package_with_interfaces__cpp
[1.115s] [ 12%] Built target ament_cmake_python_copy_package_with_interfaces
[1.116s] [ 23%] Built target package_with_interfaces__rosidl_typesupport_cpp
[1.116s] [ 33%] Built target package_with_interfaces__rosidl_typesupport_introspection_c
[1.116s] [ 53%] Built target package_with_interfaces__rosidl_typesupport_c
[1.116s] [ 53%] Built target package_with_interfaces__rosidl_typesupport_fastrtps_c
[1.116s] [ 64%] Built target package_with_interfaces__rosidl_typesupport_fastrtps_cpp
[1.116s] [ 74%] Built target package_with_interfaces__rosidl_typesupport_introspection_cpp
[1.116s] [ 74%] Built target package_with_interfaces
[1.116s] [ 76%] Built target package_with_interfaces__py
[1.116s] [ 84%] Built target package_with_interfaces__rosidl_generator_py
[1.117s] [ 89%] Built target package_with_interfaces__rosidl_typesupport_c__pyext
[1.117s] [100%] Built target package_with_interfaces__rosidl_typesupport_fastrtps_c__pyext
[1.117s] [100%] Built target package_with_interfaces__rosidl_typesupport_introspection_c__pyext
[1.117s] running egg_info
[1.117s] writing package_with_interfaces.egg-info/PKG-INFO
[1.117s] writing dependency_links to package_with_interfaces.egg-info/dependency_links.txt
[1.117s] writing top-level names to package_with_interfaces.egg-info/top_level.txt
[1.117s] reading manifest file 'package_with_interfaces.egg-info/SOURCES.txt'
[1.117s] writing manifest file 'package_with_interfaces.egg-info/SOURCES.txt'
[1.117s] [100%] Built target ament_cmake_python_build_package_with_interfaces_egg
[1.325s] Invoked command in '/home/delewlew/ros2_tutorial_workspace_2/src/build/package_with_interfaces' returned '0': CMAKE_PREFIX_PATH=${CMAKE_PREFIX_PATH}:/home/delewlew/ros2_tutorial_workspace_2/src/install/python_package_that_uses_paramameters_and_launch_files:/home/delewlew/ros2_tutorial_workspace_2/src/install/the_simplest_python_package:/home/delewlew/ros2_tutorial_workspace_2/src/install/python_package_with_a_node:/home/delewlew/ros2_tutorial_workspace_2/src/install/python_package_that_uses_the_library:/home/delewlew/ros2_tutorial_workspace_2/src/install/python_package_with_a_library:/home/delewlew/ros2_tutorial_workspace_2/src/install/python_package_that_uses_the_services:/home/delewlew/ros2_tutorial_workspace_2/src/install/python_package_that_uses_the_messages:/opt/ros/humble /usr/bin/cmake --build /home/delewlew/ros2_tutorial_workspace_2/src/build/package_with_interfaces -- -j12 -l12
[1.556s] Invoking command in '/home/delewlew/ros2_tutorial_workspace_2/src/build/package_with_interfaces': CMAKE_PREFIX_PATH=${CMAKE_PREFIX_PATH}:/home/delewlew/ros2_tutorial_workspace_2/src/install/python_package_that_uses_paramameters_and_launch_files:/home/delewlew/ros2_tutorial_workspace_2/src/install/the_simplest_python_package:/home/delewlew/ros2_tutorial_workspace_2/src/install/python_package_with_a_node:/home/delewlew/ros2_tutorial_workspace_2/src/install/python_package_that_uses_the_library:/home/delewlew/ros2_tutorial_workspace_2/src/install/python_package_with_a_library:/home/delewlew/ros2_tutorial_workspace_2/src/install/python_package_that_uses_the_services:/home/delewlew/ros2_tutorial_workspace_2/src/install/python_package_that_uses_the_messages:/opt/ros/humble /usr/bin/cmake --install /home/delewlew/ros2_tutorial_workspace_2/src/build/package_with_interfaces
[1.567s] -- Install configuration: ""
[1.567s] -- Up-to-date: /home/delewlew/ros2_tutorial_workspace_2/src/install/package_with_interfaces/share/ament_index/resource_index/rosidl_interfaces/package_with_interfaces
[1.568s] -- Up-to-date: /home/delewlew/ros2_tutorial_workspace_2/src/install/package_with_interfaces/include/package_with_interfaces/package_with_interfaces
[1.568s] -- Up-to-date: /home/delewlew/ros2_tutorial_workspace_2/src/install/package_with_interfaces/include/package_with_interfaces/package_with_interfaces/msg
[1.568s] -- Up-to-date: /home/delewlew/ros2_tutorial_workspace_2/src/install/package_with_interfaces/include/package_with_interfaces/package_with_interfaces/msg/amazing_quote.h
[1.568s] -- Up-to-date: /home/delewlew/ros2_tutorial_workspace_2/src/install/package_with_interfaces/include/package_with_interfaces/package_with_interfaces/msg/rosidl_generator_c__visibility_control.h
[1.569s] -- Up-to-date: /home/delewlew/ros2_tutorial_workspace_2/src/install/package_with_interfaces/include/package_with_interfaces/package_with_interfaces/msg/detail
[1.569s] -- Up-to-date: /home/delewlew/ros2_tutorial_workspace_2/src/install/package_with_interfaces/include/package_with_interfaces/package_with_interfaces/msg/detail/amazing_quote__functions.c
[1.569s] -- Up-to-date: /home/delewlew/ros2_tutorial_workspace_2/src/install/package_with_interfaces/include/package_with_interfaces/package_with_interfaces/msg/detail/amazing_quote__type_support.h
[1.569s] -- Up-to-date: /home/delewlew/ros2_tutorial_workspace_2/src/install/package_with_interfaces/include/package_with_interfaces/package_with_interfaces/msg/detail/amazing_quote__struct.h
[1.569s] -- Up-to-date: /home/delewlew/ros2_tutorial_workspace_2/src/install/package_with_interfaces/include/package_with_interfaces/package_with_interfaces/msg/detail/amazing_quote__functions.h
[1.569s] -- Up-to-date: /home/delewlew/ros2_tutorial_workspace_2/src/install/package_with_interfaces/include/package_with_interfaces/package_with_interfaces/srv
[1.570s] -- Up-to-date: /home/delewlew/ros2_tutorial_workspace_2/src/install/package_with_interfaces/include/package_with_interfaces/package_with_interfaces/srv/what_is_the_point.h
[1.570s] -- Up-to-date: /home/delewlew/ros2_tutorial_workspace_2/src/install/package_with_interfaces/include/package_with_interfaces/package_with_interfaces/srv/detail
[1.570s] -- Up-to-date: /home/delewlew/ros2_tutorial_workspace_2/src/install/package_with_interfaces/include/package_with_interfaces/package_with_interfaces/srv/detail/what_is_the_point__functions.c
[1.570s] -- Up-to-date: /home/delewlew/ros2_tutorial_workspace_2/src/install/package_with_interfaces/include/package_with_interfaces/package_with_interfaces/srv/detail/what_is_the_point__struct.h
[1.571s] -- Up-to-date: /home/delewlew/ros2_tutorial_workspace_2/src/install/package_with_interfaces/include/package_with_interfaces/package_with_interfaces/srv/detail/what_is_the_point__functions.h
[1.571s] -- Up-to-date: /home/delewlew/ros2_tutorial_workspace_2/src/install/package_with_interfaces/include/package_with_interfaces/package_with_interfaces/srv/detail/what_is_the_point__type_support.h
[1.571s] -- Up-to-date: /home/delewlew/ros2_tutorial_workspace_2/src/install/package_with_interfaces/share/package_with_interfaces/environment/library_path.sh
[1.571s] -- Up-to-date: /home/delewlew/ros2_tutorial_workspace_2/src/install/package_with_interfaces/share/package_with_interfaces/environment/library_path.dsv
[1.572s] -- Up-to-date: /home/delewlew/ros2_tutorial_workspace_2/src/install/package_with_interfaces/lib/libpackage_with_interfaces__rosidl_generator_c.so
[1.572s] -- Up-to-date: /home/delewlew/ros2_tutorial_workspace_2/src/install/package_with_interfaces/include/package_with_interfaces/package_with_interfaces
[1.572s] -- Up-to-date: /home/delewlew/ros2_tutorial_workspace_2/src/install/package_with_interfaces/include/package_with_interfaces/package_with_interfaces/msg
[1.572s] -- Up-to-date: /home/delewlew/ros2_tutorial_workspace_2/src/install/package_with_interfaces/include/package_with_interfaces/package_with_interfaces/msg/detail
[1.572s] -- Up-to-date: /home/delewlew/ros2_tutorial_workspace_2/src/install/package_with_interfaces/include/package_with_interfaces/package_with_interfaces/msg/detail/amazing_quote__rosidl_typesupport_fastrtps_c.h
[1.572s] -- Up-to-date: /home/delewlew/ros2_tutorial_workspace_2/src/install/package_with_interfaces/include/package_with_interfaces/package_with_interfaces/msg/rosidl_typesupport_fastrtps_c__visibility_control.h
[1.573s] -- Up-to-date: /home/delewlew/ros2_tutorial_workspace_2/src/install/package_with_interfaces/include/package_with_interfaces/package_with_interfaces/srv
[1.573s] -- Up-to-date: /home/delewlew/ros2_tutorial_workspace_2/src/install/package_with_interfaces/include/package_with_interfaces/package_with_interfaces/srv/detail
[1.573s] -- Up-to-date: /home/delewlew/ros2_tutorial_workspace_2/src/install/package_with_interfaces/include/package_with_interfaces/package_with_interfaces/srv/detail/what_is_the_point__rosidl_typesupport_fastrtps_c.h
[1.573s] -- Up-to-date: /home/delewlew/ros2_tutorial_workspace_2/src/install/package_with_interfaces/lib/libpackage_with_interfaces__rosidl_typesupport_fastrtps_c.so
[1.573s] -- Up-to-date: /home/delewlew/ros2_tutorial_workspace_2/src/install/package_with_interfaces/include/package_with_interfaces/package_with_interfaces
[1.573s] -- Up-to-date: /home/delewlew/ros2_tutorial_workspace_2/src/install/package_with_interfaces/include/package_with_interfaces/package_with_interfaces/msg
[1.573s] -- Up-to-date: /home/delewlew/ros2_tutorial_workspace_2/src/install/package_with_interfaces/include/package_with_interfaces/package_with_interfaces/msg/amazing_quote.hpp
[1.574s] -- Up-to-date: /home/delewlew/ros2_tutorial_workspace_2/src/install/package_with_interfaces/include/package_with_interfaces/package_with_interfaces/msg/detail
[1.574s] -- Up-to-date: /home/delewlew/ros2_tutorial_workspace_2/src/install/package_with_interfaces/include/package_with_interfaces/package_with_interfaces/msg/detail/amazing_quote__builder.hpp
[1.574s] -- Up-to-date: /home/delewlew/ros2_tutorial_workspace_2/src/install/package_with_interfaces/include/package_with_interfaces/package_with_interfaces/msg/detail/amazing_quote__struct.hpp
[1.574s] -- Up-to-date: /home/delewlew/ros2_tutorial_workspace_2/src/install/package_with_interfaces/include/package_with_interfaces/package_with_interfaces/msg/detail/amazing_quote__traits.hpp
[1.574s] -- Up-to-date: /home/delewlew/ros2_tutorial_workspace_2/src/install/package_with_interfaces/include/package_with_interfaces/package_with_interfaces/srv
[1.575s] -- Up-to-date: /home/delewlew/ros2_tutorial_workspace_2/src/install/package_with_interfaces/include/package_with_interfaces/package_with_interfaces/srv/detail
[1.575s] -- Up-to-date: /home/delewlew/ros2_tutorial_workspace_2/src/install/package_with_interfaces/include/package_with_interfaces/package_with_interfaces/srv/detail/what_is_the_point__builder.hpp
[1.575s] -- Up-to-date: /home/delewlew/ros2_tutorial_workspace_2/src/install/package_with_interfaces/include/package_with_interfaces/package_with_interfaces/srv/detail/what_is_the_point__struct.hpp
[1.575s] -- Up-to-date: /home/delewlew/ros2_tutorial_workspace_2/src/install/package_with_interfaces/include/package_with_interfaces/package_with_interfaces/srv/detail/what_is_the_point__traits.hpp
[1.576s] -- Up-to-date: /home/delewlew/ros2_tutorial_workspace_2/src/install/package_with_interfaces/include/package_with_interfaces/package_with_interfaces/srv/what_is_the_point.hpp
[1.576s] -- Up-to-date: /home/delewlew/ros2_tutorial_workspace_2/src/install/package_with_interfaces/include/package_with_interfaces/package_with_interfaces
[1.576s] -- Up-to-date: /home/delewlew/ros2_tutorial_workspace_2/src/install/package_with_interfaces/include/package_with_interfaces/package_with_interfaces/msg
[1.576s] -- Up-to-date: /home/delewlew/ros2_tutorial_workspace_2/src/install/package_with_interfaces/include/package_with_interfaces/package_with_interfaces/msg/rosidl_typesupport_fastrtps_cpp__visibility_control.h
[1.576s] -- Up-to-date: /home/delewlew/ros2_tutorial_workspace_2/src/install/package_with_interfaces/include/package_with_interfaces/package_with_interfaces/msg/detail
[1.576s] -- Up-to-date: /home/delewlew/ros2_tutorial_workspace_2/src/install/package_with_interfaces/include/package_with_interfaces/package_with_interfaces/msg/detail/amazing_quote__rosidl_typesupport_fastrtps_cpp.hpp
[1.577s] -- Up-to-date: /home/delewlew/ros2_tutorial_workspace_2/src/install/package_with_interfaces/include/package_with_interfaces/package_with_interfaces/msg/detail/dds_fastrtps
[1.577s] -- Up-to-date: /home/delewlew/ros2_tutorial_workspace_2/src/install/package_with_interfaces/include/package_with_interfaces/package_with_interfaces/srv
[1.577s] -- Up-to-date: /home/delewlew/ros2_tutorial_workspace_2/src/install/package_with_interfaces/include/package_with_interfaces/package_with_interfaces/srv/detail
[1.577s] -- Up-to-date: /home/delewlew/ros2_tutorial_workspace_2/src/install/package_with_interfaces/include/package_with_interfaces/package_with_interfaces/srv/detail/what_is_the_point__rosidl_typesupport_fastrtps_cpp.hpp
[1.577s] -- Up-to-date: /home/delewlew/ros2_tutorial_workspace_2/src/install/package_with_interfaces/include/package_with_interfaces/package_with_interfaces/srv/detail/dds_fastrtps
[1.577s] -- Up-to-date: /home/delewlew/ros2_tutorial_workspace_2/src/install/package_with_interfaces/lib/libpackage_with_interfaces__rosidl_typesupport_fastrtps_cpp.so
[1.577s] -- Up-to-date: /home/delewlew/ros2_tutorial_workspace_2/src/install/package_with_interfaces/include/package_with_interfaces/package_with_interfaces
[1.578s] -- Up-to-date: /home/delewlew/ros2_tutorial_workspace_2/src/install/package_with_interfaces/include/package_with_interfaces/package_with_interfaces/msg
[1.578s] -- Up-to-date: /home/delewlew/ros2_tutorial_workspace_2/src/install/package_with_interfaces/include/package_with_interfaces/package_with_interfaces/msg/rosidl_typesupport_introspection_c__visibility_control.h
[1.578s] -- Up-to-date: /home/delewlew/ros2_tutorial_workspace_2/src/install/package_with_interfaces/include/package_with_interfaces/package_with_interfaces/msg/detail
[1.579s] -- Up-to-date: /home/delewlew/ros2_tutorial_workspace_2/src/install/package_with_interfaces/include/package_with_interfaces/package_with_interfaces/msg/detail/amazing_quote__rosidl_typesupport_introspection_c.h
[1.579s] -- Up-to-date: /home/delewlew/ros2_tutorial_workspace_2/src/install/package_with_interfaces/include/package_with_interfaces/package_with_interfaces/msg/detail/amazing_quote__type_support.c
[1.579s] -- Up-to-date: /home/delewlew/ros2_tutorial_workspace_2/src/install/package_with_interfaces/include/package_with_interfaces/package_with_interfaces/srv
[1.579s] -- Up-to-date: /home/delewlew/ros2_tutorial_workspace_2/src/install/package_with_interfaces/include/package_with_interfaces/package_with_interfaces/srv/detail
[1.579s] -- Up-to-date: /home/delewlew/ros2_tutorial_workspace_2/src/install/package_with_interfaces/include/package_with_interfaces/package_with_interfaces/srv/detail/what_is_the_point__rosidl_typesupport_introspection_c.h
[1.580s] -- Up-to-date: /home/delewlew/ros2_tutorial_workspace_2/src/install/package_with_interfaces/include/package_with_interfaces/package_with_interfaces/srv/detail/what_is_the_point__type_support.c
[1.580s] -- Up-to-date: /home/delewlew/ros2_tutorial_workspace_2/src/install/package_with_interfaces/lib/libpackage_with_interfaces__rosidl_typesupport_introspection_c.so
[1.580s] -- Up-to-date: /home/delewlew/ros2_tutorial_workspace_2/src/install/package_with_interfaces/lib/libpackage_with_interfaces__rosidl_typesupport_c.so
[1.580s] -- Up-to-date: /home/delewlew/ros2_tutorial_workspace_2/src/install/package_with_interfaces/include/package_with_interfaces/package_with_interfaces
[1.580s] -- Up-to-date: /home/delewlew/ros2_tutorial_workspace_2/src/install/package_with_interfaces/include/package_with_interfaces/package_with_interfaces/msg
[1.581s] -- Up-to-date: /home/delewlew/ros2_tutorial_workspace_2/src/install/package_with_interfaces/include/package_with_interfaces/package_with_interfaces/msg/detail
[1.581s] -- Up-to-date: /home/delewlew/ros2_tutorial_workspace_2/src/install/package_with_interfaces/include/package_with_interfaces/package_with_interfaces/msg/detail/amazing_quote__rosidl_typesupport_introspection_cpp.hpp
[1.581s] -- Up-to-date: /home/delewlew/ros2_tutorial_workspace_2/src/install/package_with_interfaces/include/package_with_interfaces/package_with_interfaces/msg/detail/amazing_quote__type_support.cpp
[1.581s] -- Up-to-date: /home/delewlew/ros2_tutorial_workspace_2/src/install/package_with_interfaces/include/package_with_interfaces/package_with_interfaces/srv
[1.581s] -- Up-to-date: /home/delewlew/ros2_tutorial_workspace_2/src/install/package_with_interfaces/include/package_with_interfaces/package_with_interfaces/srv/detail
[1.581s] -- Up-to-date: /home/delewlew/ros2_tutorial_workspace_2/src/install/package_with_interfaces/include/package_with_interfaces/package_with_interfaces/srv/detail/what_is_the_point__type_support.cpp
[1.582s] -- Up-to-date: /home/delewlew/ros2_tutorial_workspace_2/src/install/package_with_interfaces/include/package_with_interfaces/package_with_interfaces/srv/detail/what_is_the_point__rosidl_typesupport_introspection_cpp.hpp
[1.582s] -- Up-to-date: /home/delewlew/ros2_tutorial_workspace_2/src/install/package_with_interfaces/lib/libpackage_with_interfaces__rosidl_typesupport_introspection_cpp.so
[1.582s] -- Up-to-date: /home/delewlew/ros2_tutorial_workspace_2/src/install/package_with_interfaces/lib/libpackage_with_interfaces__rosidl_typesupport_cpp.so
[1.582s] -- Up-to-date: /home/delewlew/ros2_tutorial_workspace_2/src/install/package_with_interfaces/share/package_with_interfaces/environment/pythonpath.sh
[1.582s] -- Up-to-date: /home/delewlew/ros2_tutorial_workspace_2/src/install/package_with_interfaces/share/package_with_interfaces/environment/pythonpath.dsv
[1.582s] -- Up-to-date: /home/delewlew/ros2_tutorial_workspace_2/src/install/package_with_interfaces/local/lib/python3.10/dist-packages/package_with_interfaces-0.0.0-py3.10.egg-info
[1.582s] -- Installing: /home/delewlew/ros2_tutorial_workspace_2/src/install/package_with_interfaces/local/lib/python3.10/dist-packages/package_with_interfaces-0.0.0-py3.10.egg-info/PKG-INFO
[1.583s] -- Installing: /home/delewlew/ros2_tutorial_workspace_2/src/install/package_with_interfaces/local/lib/python3.10/dist-packages/package_with_interfaces-0.0.0-py3.10.egg-info/dependency_links.txt
[1.583s] -- Installing: /home/delewlew/ros2_tutorial_workspace_2/src/install/package_with_interfaces/local/lib/python3.10/dist-packages/package_with_interfaces-0.0.0-py3.10.egg-info/SOURCES.txt
[1.583s] -- Installing: /home/delewlew/ros2_tutorial_workspace_2/src/install/package_with_interfaces/local/lib/python3.10/dist-packages/package_with_interfaces-0.0.0-py3.10.egg-info/top_level.txt
[1.583s] -- Up-to-date: /home/delewlew/ros2_tutorial_workspace_2/src/install/package_with_interfaces/local/lib/python3.10/dist-packages/package_with_interfaces
[1.583s] -- Up-to-date: /home/delewlew/ros2_tutorial_workspace_2/src/install/package_with_interfaces/local/lib/python3.10/dist-packages/package_with_interfaces/_package_with_interfaces_s.ep.rosidl_typesupport_fastrtps_c.c
[1.583s] -- Up-to-date: /home/delewlew/ros2_tutorial_workspace_2/src/install/package_with_interfaces/local/lib/python3.10/dist-packages/package_with_interfaces/libpackage_with_interfaces__rosidl_generator_py.so
[1.583s] -- Up-to-date: /home/delewlew/ros2_tutorial_workspace_2/src/install/package_with_interfaces/local/lib/python3.10/dist-packages/package_with_interfaces/_package_with_interfaces_s.ep.rosidl_typesupport_introspection_c.c
[1.584s] -- Up-to-date: /home/delewlew/ros2_tutorial_workspace_2/src/install/package_with_interfaces/local/lib/python3.10/dist-packages/package_with_interfaces/package_with_interfaces_s__rosidl_typesupport_introspection_c.cpython-310-x86_64-linux-gnu.so
[1.584s] -- Up-to-date: /home/delewlew/ros2_tutorial_workspace_2/src/install/package_with_interfaces/local/lib/python3.10/dist-packages/package_with_interfaces/msg
[1.584s] -- Up-to-date: /home/delewlew/ros2_tutorial_workspace_2/src/install/package_with_interfaces/local/lib/python3.10/dist-packages/package_with_interfaces/msg/_amazing_quote_s.c
[1.584s] -- Up-to-date: /home/delewlew/ros2_tutorial_workspace_2/src/install/package_with_interfaces/local/lib/python3.10/dist-packages/package_with_interfaces/msg/_amazing_quote.py
[1.584s] -- Up-to-date: /home/delewlew/ros2_tutorial_workspace_2/src/install/package_with_interfaces/local/lib/python3.10/dist-packages/package_with_interfaces/msg/__init__.py
[1.584s] -- Up-to-date: /home/delewlew/ros2_tutorial_workspace_2/src/install/package_with_interfaces/local/lib/python3.10/dist-packages/package_with_interfaces/_package_with_interfaces_s.ep.rosidl_typesupport_c.c
[1.584s] -- Up-to-date: /home/delewlew/ros2_tutorial_workspace_2/src/install/package_with_interfaces/local/lib/python3.10/dist-packages/package_with_interfaces/package_with_interfaces_s__rosidl_typesupport_c.cpython-310-x86_64-linux-gnu.so
[1.585s] -- Up-to-date: /home/delewlew/ros2_tutorial_workspace_2/src/install/package_with_interfaces/local/lib/python3.10/dist-packages/package_with_interfaces/srv
[1.585s] -- Up-to-date: /home/delewlew/ros2_tutorial_workspace_2/src/install/package_with_interfaces/local/lib/python3.10/dist-packages/package_with_interfaces/srv/_what_is_the_point.py
[1.585s] -- Up-to-date: /home/delewlew/ros2_tutorial_workspace_2/src/install/package_with_interfaces/local/lib/python3.10/dist-packages/package_with_interfaces/srv/_what_is_the_point_s.c
[1.585s] -- Up-to-date: /home/delewlew/ros2_tutorial_workspace_2/src/install/package_with_interfaces/local/lib/python3.10/dist-packages/package_with_interfaces/srv/__init__.py
[1.585s] -- Up-to-date: /home/delewlew/ros2_tutorial_workspace_2/src/install/package_with_interfaces/local/lib/python3.10/dist-packages/package_with_interfaces/package_with_interfaces_s__rosidl_typesupport_fastrtps_c.cpython-310-x86_64-linux-gnu.so
[1.585s] -- Up-to-date: /home/delewlew/ros2_tutorial_workspace_2/src/install/package_with_interfaces/local/lib/python3.10/dist-packages/package_with_interfaces/__init__.py
[1.626s] Listing '/home/delewlew/ros2_tutorial_workspace_2/src/install/package_with_interfaces/local/lib/python3.10/dist-packages/package_with_interfaces'...
[1.627s] Listing '/home/delewlew/ros2_tutorial_workspace_2/src/install/package_with_interfaces/local/lib/python3.10/dist-packages/package_with_interfaces/msg'...
[1.627s] Listing '/home/delewlew/ros2_tutorial_workspace_2/src/install/package_with_interfaces/local/lib/python3.10/dist-packages/package_with_interfaces/srv'...
[1.633s] -- Up-to-date: /home/delewlew/ros2_tutorial_workspace_2/src/install/package_with_interfaces/local/lib/python3.10/dist-packages/package_with_interfaces/package_with_interfaces_s__rosidl_typesupport_fastrtps_c.cpython-310-x86_64-linux-gnu.so
[1.634s] -- Up-to-date: /home/delewlew/ros2_tutorial_workspace_2/src/install/package_with_interfaces/local/lib/python3.10/dist-packages/package_with_interfaces/package_with_interfaces_s__rosidl_typesupport_introspection_c.cpython-310-x86_64-linux-gnu.so
[1.634s] -- Up-to-date: /home/delewlew/ros2_tutorial_workspace_2/src/install/package_with_interfaces/local/lib/python3.10/dist-packages/package_with_interfaces/package_with_interfaces_s__rosidl_typesupport_c.cpython-310-x86_64-linux-gnu.so
[1.634s] -- Up-to-date: /home/delewlew/ros2_tutorial_workspace_2/src/install/package_with_interfaces/lib/libpackage_with_interfaces__rosidl_generator_py.so
[1.635s] -- Up-to-date: /home/delewlew/ros2_tutorial_workspace_2/src/install/package_with_interfaces/share/package_with_interfaces/msg/AmazingQuote.idl
[1.635s] -- Up-to-date: /home/delewlew/ros2_tutorial_workspace_2/src/install/package_with_interfaces/share/package_with_interfaces/srv/WhatIsThePoint.idl
[1.635s] -- Up-to-date: /home/delewlew/ros2_tutorial_workspace_2/src/install/package_with_interfaces/share/package_with_interfaces/msg/AmazingQuote.msg
[1.636s] -- Up-to-date: /home/delewlew/ros2_tutorial_workspace_2/src/install/package_with_interfaces/share/package_with_interfaces/srv/WhatIsThePoint.srv
[1.636s] -- Up-to-date: /home/delewlew/ros2_tutorial_workspace_2/src/install/package_with_interfaces/share/package_with_interfaces/srv/WhatIsThePoint_Request.msg
[1.636s] -- Up-to-date: /home/delewlew/ros2_tutorial_workspace_2/src/install/package_with_interfaces/share/package_with_interfaces/srv/WhatIsThePoint_Response.msg
[1.636s] -- Up-to-date: /home/delewlew/ros2_tutorial_workspace_2/src/install/package_with_interfaces/share/ament_index/resource_index/package_run_dependencies/package_with_interfaces
[1.637s] -- Up-to-date: /home/delewlew/ros2_tutorial_workspace_2/src/install/package_with_interfaces/share/ament_index/resource_index/parent_prefix_path/package_with_interfaces
[1.637s] -- Up-to-date: /home/delewlew/ros2_tutorial_workspace_2/src/install/package_with_interfaces/share/package_with_interfaces/environment/ament_prefix_path.sh
[1.637s] -- Up-to-date: /home/delewlew/ros2_tutorial_workspace_2/src/install/package_with_interfaces/share/package_with_interfaces/environment/ament_prefix_path.dsv
[1.637s] -- Up-to-date: /home/delewlew/ros2_tutorial_workspace_2/src/install/package_with_interfaces/share/package_with_interfaces/environment/path.sh
[1.637s] -- Up-to-date: /home/delewlew/ros2_tutorial_workspace_2/src/install/package_with_interfaces/share/package_with_interfaces/environment/path.dsv
[1.638s] -- Up-to-date: /home/delewlew/ros2_tutorial_workspace_2/src/install/package_with_interfaces/share/package_with_interfaces/local_setup.bash
[1.638s] -- Up-to-date: /home/delewlew/ros2_tutorial_workspace_2/src/install/package_with_interfaces/share/package_with_interfaces/local_setup.sh
[1.638s] -- Up-to-date: /home/delewlew/ros2_tutorial_workspace_2/src/install/package_with_interfaces/share/package_with_interfaces/local_setup.zsh
[1.638s] -- Up-to-date: /home/delewlew/ros2_tutorial_workspace_2/src/install/package_with_interfaces/share/package_with_interfaces/local_setup.dsv
[1.639s] -- Installing: /home/delewlew/ros2_tutorial_workspace_2/src/install/package_with_interfaces/share/package_with_interfaces/package.dsv
[1.639s] -- Up-to-date: /home/delewlew/ros2_tutorial_workspace_2/src/install/package_with_interfaces/share/ament_index/resource_index/packages/package_with_interfaces
[1.640s] -- Up-to-date: /home/delewlew/ros2_tutorial_workspace_2/src/install/package_with_interfaces/share/package_with_interfaces/cmake/export_package_with_interfaces__rosidl_generator_cExport.cmake
[1.640s] -- Up-to-date: /home/delewlew/ros2_tutorial_workspace_2/src/install/package_with_interfaces/share/package_with_interfaces/cmake/export_package_with_interfaces__rosidl_generator_cExport-noconfig.cmake
[1.640s] -- Up-to-date: /home/delewlew/ros2_tutorial_workspace_2/src/install/package_with_interfaces/share/package_with_interfaces/cmake/export_package_with_interfaces__rosidl_typesupport_fastrtps_cExport.cmake
[1.642s] -- Up-to-date: /home/delewlew/ros2_tutorial_workspace_2/src/install/package_with_interfaces/share/package_with_interfaces/cmake/export_package_with_interfaces__rosidl_typesupport_fastrtps_cExport-noconfig.cmake
[1.642s] -- Up-to-date: /home/delewlew/ros2_tutorial_workspace_2/src/install/package_with_interfaces/share/package_with_interfaces/cmake/export_package_with_interfaces__rosidl_generator_cppExport.cmake
[1.643s] -- Up-to-date: /home/delewlew/ros2_tutorial_workspace_2/src/install/package_with_interfaces/share/package_with_interfaces/cmake/export_package_with_interfaces__rosidl_typesupport_fastrtps_cppExport.cmake
[1.644s] -- Up-to-date: /home/delewlew/ros2_tutorial_workspace_2/src/install/package_with_interfaces/share/package_with_interfaces/cmake/export_package_with_interfaces__rosidl_typesupport_fastrtps_cppExport-noconfig.cmake
[1.645s] -- Up-to-date: /home/delewlew/ros2_tutorial_workspace_2/src/install/package_with_interfaces/share/package_with_interfaces/cmake/package_with_interfaces__rosidl_typesupport_introspection_cExport.cmake
[1.646s] -- Up-to-date: /home/delewlew/ros2_tutorial_workspace_2/src/install/package_with_interfaces/share/package_with_interfaces/cmake/package_with_interfaces__rosidl_typesupport_introspection_cExport-noconfig.cmake
[1.646s] -- Up-to-date: /home/delewlew/ros2_tutorial_workspace_2/src/install/package_with_interfaces/share/package_with_interfaces/cmake/package_with_interfaces__rosidl_typesupport_cExport.cmake
[1.647s] -- Up-to-date: /home/delewlew/ros2_tutorial_workspace_2/src/install/package_with_interfaces/share/package_with_interfaces/cmake/package_with_interfaces__rosidl_typesupport_cExport-noconfig.cmake
[1.647s] -- Up-to-date: /home/delewlew/ros2_tutorial_workspace_2/src/install/package_with_interfaces/share/package_with_interfaces/cmake/package_with_interfaces__rosidl_typesupport_introspection_cppExport.cmake
[1.647s] -- Up-to-date: /home/delewlew/ros2_tutorial_workspace_2/src/install/package_with_interfaces/share/package_with_interfaces/cmake/package_with_interfaces__rosidl_typesupport_introspection_cppExport-noconfig.cmake
[1.648s] -- Up-to-date: /home/delewlew/ros2_tutorial_workspace_2/src/install/package_with_interfaces/share/package_with_interfaces/cmake/package_with_interfaces__rosidl_typesupport_cppExport.cmake
[1.648s] -- Up-to-date: /home/delewlew/ros2_tutorial_workspace_2/src/install/package_with_interfaces/share/package_with_interfaces/cmake/package_with_interfaces__rosidl_typesupport_cppExport-noconfig.cmake
[1.648s] -- Up-to-date: /home/delewlew/ros2_tutorial_workspace_2/src/install/package_with_interfaces/share/package_with_interfaces/cmake/export_package_with_interfaces__rosidl_generator_pyExport.cmake
[1.648s] -- Up-to-date: /home/delewlew/ros2_tutorial_workspace_2/src/install/package_with_interfaces/share/package_with_interfaces/cmake/export_package_with_interfaces__rosidl_generator_pyExport-noconfig.cmake
[1.648s] -- Up-to-date: /home/delewlew/ros2_tutorial_workspace_2/src/install/package_with_interfaces/share/package_with_interfaces/cmake/rosidl_cmake-extras.cmake
[1.648s] -- Up-to-date: /home/delewlew/ros2_tutorial_workspace_2/src/install/package_with_interfaces/share/package_with_interfaces/cmake/ament_cmake_export_dependencies-extras.cmake
[1.649s] -- Up-to-date: /home/delewlew/ros2_tutorial_workspace_2/src/install/package_with_interfaces/share/package_with_interfaces/cmake/ament_cmake_export_include_directories-extras.cmake
[1.649s] -- Up-to-date: /home/delewlew/ros2_tutorial_workspace_2/src/install/package_with_interfaces/share/package_with_interfaces/cmake/ament_cmake_export_libraries-extras.cmake
[1.649s] -- Up-to-date: /home/delewlew/ros2_tutorial_workspace_2/src/install/package_with_interfaces/share/package_with_interfaces/cmake/ament_cmake_export_targets-extras.cmake
[1.649s] -- Up-to-date: /home/delewlew/ros2_tutorial_workspace_2/src/install/package_with_interfaces/share/package_with_interfaces/cmake/rosidl_cmake_export_typesupport_targets-extras.cmake
[1.649s] -- Up-to-date: /home/delewlew/ros2_tutorial_workspace_2/src/install/package_with_interfaces/share/package_with_interfaces/cmake/rosidl_cmake_export_typesupport_libraries-extras.cmake
[1.650s] -- Up-to-date: /home/delewlew/ros2_tutorial_workspace_2/src/install/package_with_interfaces/share/package_with_interfaces/cmake/package_with_interfacesConfig.cmake
[1.650s] -- Up-to-date: /home/delewlew/ros2_tutorial_workspace_2/src/install/package_with_interfaces/share/package_with_interfaces/cmake/package_with_interfacesConfig-version.cmake
[1.650s] -- Up-to-date: /home/delewlew/ros2_tutorial_workspace_2/src/install/package_with_interfaces/share/package_with_interfaces/package.xml
[1.655s] Invoked command in '/home/delewlew/ros2_tutorial_workspace_2/src/build/package_with_interfaces' returned '0': CMAKE_PREFIX_PATH=${CMAKE_PREFIX_PATH}:/home/delewlew/ros2_tutorial_workspace_2/src/install/python_package_that_uses_paramameters_and_launch_files:/home/delewlew/ros2_tutorial_workspace_2/src/install/the_simplest_python_package:/home/delewlew/ros2_tutorial_workspace_2/src/install/python_package_with_a_node:/home/delewlew/ros2_tutorial_workspace_2/src/install/python_package_that_uses_the_library:/home/delewlew/ros2_tutorial_workspace_2/src/install/python_package_with_a_library:/home/delewlew/ros2_tutorial_workspace_2/src/install/python_package_that_uses_the_services:/home/delewlew/ros2_tutorial_workspace_2/src/install/python_package_that_uses_the_messages:/opt/ros/humble /usr/bin/cmake --install /home/delewlew/ros2_tutorial_workspace_2/src/build/package_with_interfaces
