[8.667s] Invoking command in '/home/delewlew/software_for_robotics_part2/src/navigation_demos': PYTHONPATH=/home/delewlew/software_for_robotics_part2/build/navigation_demos/prefix_override:/usr/lib/python3/dist-packages/colcon_core/task/python/colcon_distutils_commands:/home/delewlew/software_for_robotics_part2/install/navigation_demos/lib/python3.10/site-packages:${PYTHONPATH} /usr/bin/python3 -W ignore:setup.py install is deprecated setup.py egg_info --egg-base ../../build/navigation_demos build --build-base /home/delewlew/software_for_robotics_part2/build/navigation_demos/build install --record /home/delewlew/software_for_robotics_part2/build/navigation_demos/install.log --single-version-externally-managed install_data
[9.844s] running egg_info
[9.844s] writing ../../build/navigation_demos/navigation_demos.egg-info/PKG-INFO
[9.846s] writing dependency_links to ../../build/navigation_demos/navigation_demos.egg-info/dependency_links.txt
[9.848s] writing entry points to ../../build/navigation_demos/navigation_demos.egg-info/entry_points.txt
[9.849s] writing requirements to ../../build/navigation_demos/navigation_demos.egg-info/requires.txt
[9.850s] writing top-level names to ../../build/navigation_demos/navigation_demos.egg-info/top_level.txt
[9.857s] reading manifest file '../../build/navigation_demos/navigation_demos.egg-info/SOURCES.txt'
[9.863s] writing manifest file '../../build/navigation_demos/navigation_demos.egg-info/SOURCES.txt'
[9.864s] running build
[9.864s] running build_py
[9.868s] running install
[9.872s] running install_lib
[9.875s] running install_data
[9.880s] running install_egg_info
[9.889s] removing '/home/delewlew/software_for_robotics_part2/install/navigation_demos/lib/python3.10/site-packages/navigation_demos-0.0.0-py3.10.egg-info' (and everything under it)
[9.890s] Copying ../../build/navigation_demos/navigation_demos.egg-info to /home/delewlew/software_for_robotics_part2/install/navigation_demos/lib/python3.10/site-packages/navigation_demos-0.0.0-py3.10.egg-info
[9.894s] running install_scripts
[9.991s] writing list of installed files to '/home/delewlew/software_for_robotics_part2/build/navigation_demos/install.log'
[10.098s] Invoked command in '/home/delewlew/software_for_robotics_part2/src/navigation_demos' returned '0': PYTHONPATH=/home/delewlew/software_for_robotics_part2/build/navigation_demos/prefix_override:/usr/lib/python3/dist-packages/colcon_core/task/python/colcon_distutils_commands:/home/delewlew/software_for_robotics_part2/install/navigation_demos/lib/python3.10/site-packages:${PYTHONPATH} /usr/bin/python3 -W ignore:setup.py install is deprecated setup.py egg_info --egg-base ../../build/navigation_demos build --build-base /home/delewlew/software_for_robotics_part2/build/navigation_demos/build install --record /home/delewlew/software_for_robotics_part2/build/navigation_demos/install.log --single-version-externally-managed install_data
