[0.038s] Invoking command in '/home/delewlew/assessments/coursework1/src/build/cooing_code_interfaces': CMAKE_PREFIX_PATH=${CMAKE_PREFIX_PATH}:/home/delewlew/assessments/coursework1/src/install/cooing_code_pkg:/home/delewlew/assessments/coursework1/src/install/cooing_code_controller:/opt/ros/humble /usr/bin/cmake --build /home/delewlew/assessments/coursework1/src/build/cooing_code_interfaces -- -j12 -l12
[0.163s] [  1%] Built target cooing_code_interfaces__cpp
[0.182s] [ 12%] Built target cooing_code_interfaces__rosidl_generator_c
[0.203s] [ 12%] Built target ament_cmake_python_copy_cooing_code_interfaces
[0.221s] [ 23%] Built target cooing_code_interfaces__rosidl_typesupport_cpp
[0.232s] [ 34%] Built target cooing_code_interfaces__rosidl_typesupport_fastrtps_cpp
[0.234s] [ 45%] Built target cooing_code_interfaces__rosidl_typesupport_c
[0.235s] [ 65%] Built target cooing_code_interfaces__rosidl_typesupport_fastrtps_c
[0.236s] [ 67%] Built target cooing_code_interfaces__rosidl_typesupport_introspection_cpp
[0.243s] [ 78%] Built target cooing_code_interfaces__rosidl_typesupport_introspection_c
[0.278s] [ 78%] Built target cooing_code_interfaces
[0.311s] [ 80%] Built target cooing_code_interfaces__py
[0.361s] [ 89%] Built target cooing_code_interfaces__rosidl_generator_py
[0.400s] [ 92%] Built target cooing_code_interfaces__rosidl_typesupport_c__pyext
[0.405s] [ 96%] Built target cooing_code_interfaces__rosidl_typesupport_fastrtps_c__pyext
[0.405s] [100%] Built target cooing_code_interfaces__rosidl_typesupport_introspection_c__pyext
[0.647s] running egg_info
[0.648s] writing cooing_code_interfaces.egg-info/PKG-INFO
[0.649s] writing dependency_links to cooing_code_interfaces.egg-info/dependency_links.txt
[0.649s] writing top-level names to cooing_code_interfaces.egg-info/top_level.txt
[0.651s] reading manifest file 'cooing_code_interfaces.egg-info/SOURCES.txt'
[0.651s] writing manifest file 'cooing_code_interfaces.egg-info/SOURCES.txt'
[0.684s] [100%] Built target ament_cmake_python_build_cooing_code_interfaces_egg
[0.703s] Invoked command in '/home/delewlew/assessments/coursework1/src/build/cooing_code_interfaces' returned '0': CMAKE_PREFIX_PATH=${CMAKE_PREFIX_PATH}:/home/delewlew/assessments/coursework1/src/install/cooing_code_pkg:/home/delewlew/assessments/coursework1/src/install/cooing_code_controller:/opt/ros/humble /usr/bin/cmake --build /home/delewlew/assessments/coursework1/src/build/cooing_code_interfaces -- -j12 -l12
[0.932s] Invoking command in '/home/delewlew/assessments/coursework1/src/build/cooing_code_interfaces': CMAKE_PREFIX_PATH=${CMAKE_PREFIX_PATH}:/home/delewlew/assessments/coursework1/src/install/cooing_code_pkg:/home/delewlew/assessments/coursework1/src/install/cooing_code_controller:/opt/ros/humble /usr/bin/cmake --install /home/delewlew/assessments/coursework1/src/build/cooing_code_interfaces
[0.943s] -- Install configuration: ""
[0.944s] -- Up-to-date: /home/delewlew/assessments/coursework1/src/install/cooing_code_interfaces/share/ament_index/resource_index/rosidl_interfaces/cooing_code_interfaces
[0.944s] -- Up-to-date: /home/delewlew/assessments/coursework1/src/install/cooing_code_interfaces/include/cooing_code_interfaces/cooing_code_interfaces
[0.944s] -- Up-to-date: /home/delewlew/assessments/coursework1/src/install/cooing_code_interfaces/include/cooing_code_interfaces/cooing_code_interfaces/msg
[0.944s] -- Up-to-date: /home/delewlew/assessments/coursework1/src/install/cooing_code_interfaces/include/cooing_code_interfaces/cooing_code_interfaces/msg/wheel_velocities.h
[0.944s] -- Up-to-date: /home/delewlew/assessments/coursework1/src/install/cooing_code_interfaces/include/cooing_code_interfaces/cooing_code_interfaces/msg/rosidl_generator_c__visibility_control.h
[0.945s] -- Up-to-date: /home/delewlew/assessments/coursework1/src/install/cooing_code_interfaces/include/cooing_code_interfaces/cooing_code_interfaces/msg/detail
[0.945s] -- Up-to-date: /home/delewlew/assessments/coursework1/src/install/cooing_code_interfaces/include/cooing_code_interfaces/cooing_code_interfaces/msg/detail/wheel_velocities__functions.h
[0.945s] -- Up-to-date: /home/delewlew/assessments/coursework1/src/install/cooing_code_interfaces/include/cooing_code_interfaces/cooing_code_interfaces/msg/detail/task_space_pose__type_support.h
[0.945s] -- Up-to-date: /home/delewlew/assessments/coursework1/src/install/cooing_code_interfaces/include/cooing_code_interfaces/cooing_code_interfaces/msg/detail/wheel_velocities__struct.h
[0.945s] -- Up-to-date: /home/delewlew/assessments/coursework1/src/install/cooing_code_interfaces/include/cooing_code_interfaces/cooing_code_interfaces/msg/detail/task_space_pose__functions.c
[0.945s] -- Up-to-date: /home/delewlew/assessments/coursework1/src/install/cooing_code_interfaces/include/cooing_code_interfaces/cooing_code_interfaces/msg/detail/wheel_velocities__functions.c
[0.946s] -- Up-to-date: /home/delewlew/assessments/coursework1/src/install/cooing_code_interfaces/include/cooing_code_interfaces/cooing_code_interfaces/msg/detail/task_space_pose__struct.h
[0.946s] -- Up-to-date: /home/delewlew/assessments/coursework1/src/install/cooing_code_interfaces/include/cooing_code_interfaces/cooing_code_interfaces/msg/detail/task_space_pose__functions.h
[0.946s] -- Up-to-date: /home/delewlew/assessments/coursework1/src/install/cooing_code_interfaces/include/cooing_code_interfaces/cooing_code_interfaces/msg/detail/wheel_velocities__type_support.h
[0.946s] -- Up-to-date: /home/delewlew/assessments/coursework1/src/install/cooing_code_interfaces/include/cooing_code_interfaces/cooing_code_interfaces/msg/task_space_pose.h
[0.946s] -- Up-to-date: /home/delewlew/assessments/coursework1/src/install/cooing_code_interfaces/include/cooing_code_interfaces/cooing_code_interfaces/srv
[0.946s] -- Up-to-date: /home/delewlew/assessments/coursework1/src/install/cooing_code_interfaces/include/cooing_code_interfaces/cooing_code_interfaces/srv/turn_robot_off.h
[0.946s] -- Up-to-date: /home/delewlew/assessments/coursework1/src/install/cooing_code_interfaces/include/cooing_code_interfaces/cooing_code_interfaces/srv/detail
[0.947s] -- Up-to-date: /home/delewlew/assessments/coursework1/src/install/cooing_code_interfaces/include/cooing_code_interfaces/cooing_code_interfaces/srv/detail/turn_robot_on__functions.c
[0.947s] -- Up-to-date: /home/delewlew/assessments/coursework1/src/install/cooing_code_interfaces/include/cooing_code_interfaces/cooing_code_interfaces/srv/detail/turn_robot_on__type_support.h
[0.947s] -- Up-to-date: /home/delewlew/assessments/coursework1/src/install/cooing_code_interfaces/include/cooing_code_interfaces/cooing_code_interfaces/srv/detail/turn_robot_off__type_support.h
[0.947s] -- Up-to-date: /home/delewlew/assessments/coursework1/src/install/cooing_code_interfaces/include/cooing_code_interfaces/cooing_code_interfaces/srv/detail/turn_robot_off__struct.h
[0.947s] -- Up-to-date: /home/delewlew/assessments/coursework1/src/install/cooing_code_interfaces/include/cooing_code_interfaces/cooing_code_interfaces/srv/detail/turn_robot_off__functions.c
[0.947s] -- Up-to-date: /home/delewlew/assessments/coursework1/src/install/cooing_code_interfaces/include/cooing_code_interfaces/cooing_code_interfaces/srv/detail/turn_robot_off__functions.h
[0.947s] -- Up-to-date: /home/delewlew/assessments/coursework1/src/install/cooing_code_interfaces/include/cooing_code_interfaces/cooing_code_interfaces/srv/detail/turn_robot_on__struct.h
[0.947s] -- Up-to-date: /home/delewlew/assessments/coursework1/src/install/cooing_code_interfaces/include/cooing_code_interfaces/cooing_code_interfaces/srv/detail/turn_robot_on__functions.h
[0.948s] -- Up-to-date: /home/delewlew/assessments/coursework1/src/install/cooing_code_interfaces/include/cooing_code_interfaces/cooing_code_interfaces/srv/turn_robot_on.h
[0.948s] -- Up-to-date: /home/delewlew/assessments/coursework1/src/install/cooing_code_interfaces/share/cooing_code_interfaces/environment/library_path.sh
[0.948s] -- Up-to-date: /home/delewlew/assessments/coursework1/src/install/cooing_code_interfaces/share/cooing_code_interfaces/environment/library_path.dsv
[0.948s] -- Up-to-date: /home/delewlew/assessments/coursework1/src/install/cooing_code_interfaces/lib/libcooing_code_interfaces__rosidl_generator_c.so
[0.948s] -- Up-to-date: /home/delewlew/assessments/coursework1/src/install/cooing_code_interfaces/include/cooing_code_interfaces/cooing_code_interfaces
[0.948s] -- Up-to-date: /home/delewlew/assessments/coursework1/src/install/cooing_code_interfaces/include/cooing_code_interfaces/cooing_code_interfaces/msg
[0.949s] -- Up-to-date: /home/delewlew/assessments/coursework1/src/install/cooing_code_interfaces/include/cooing_code_interfaces/cooing_code_interfaces/msg/detail
[0.949s] -- Up-to-date: /home/delewlew/assessments/coursework1/src/install/cooing_code_interfaces/include/cooing_code_interfaces/cooing_code_interfaces/msg/detail/task_space_pose__rosidl_typesupport_fastrtps_c.h
[0.949s] -- Up-to-date: /home/delewlew/assessments/coursework1/src/install/cooing_code_interfaces/include/cooing_code_interfaces/cooing_code_interfaces/msg/detail/wheel_velocities__rosidl_typesupport_fastrtps_c.h
[0.949s] -- Up-to-date: /home/delewlew/assessments/coursework1/src/install/cooing_code_interfaces/include/cooing_code_interfaces/cooing_code_interfaces/msg/rosidl_typesupport_fastrtps_c__visibility_control.h
[0.949s] -- Up-to-date: /home/delewlew/assessments/coursework1/src/install/cooing_code_interfaces/include/cooing_code_interfaces/cooing_code_interfaces/srv
[0.949s] -- Up-to-date: /home/delewlew/assessments/coursework1/src/install/cooing_code_interfaces/include/cooing_code_interfaces/cooing_code_interfaces/srv/detail
[0.949s] -- Up-to-date: /home/delewlew/assessments/coursework1/src/install/cooing_code_interfaces/include/cooing_code_interfaces/cooing_code_interfaces/srv/detail/turn_robot_off__rosidl_typesupport_fastrtps_c.h
[0.950s] -- Up-to-date: /home/delewlew/assessments/coursework1/src/install/cooing_code_interfaces/include/cooing_code_interfaces/cooing_code_interfaces/srv/detail/turn_robot_on__rosidl_typesupport_fastrtps_c.h
[0.950s] -- Up-to-date: /home/delewlew/assessments/coursework1/src/install/cooing_code_interfaces/lib/libcooing_code_interfaces__rosidl_typesupport_fastrtps_c.so
[0.950s] -- Up-to-date: /home/delewlew/assessments/coursework1/src/install/cooing_code_interfaces/include/cooing_code_interfaces/cooing_code_interfaces
[0.950s] -- Up-to-date: /home/delewlew/assessments/coursework1/src/install/cooing_code_interfaces/include/cooing_code_interfaces/cooing_code_interfaces/msg
[0.950s] -- Up-to-date: /home/delewlew/assessments/coursework1/src/install/cooing_code_interfaces/include/cooing_code_interfaces/cooing_code_interfaces/msg/rosidl_typesupport_introspection_c__visibility_control.h
[0.950s] -- Up-to-date: /home/delewlew/assessments/coursework1/src/install/cooing_code_interfaces/include/cooing_code_interfaces/cooing_code_interfaces/msg/detail
[0.950s] -- Up-to-date: /home/delewlew/assessments/coursework1/src/install/cooing_code_interfaces/include/cooing_code_interfaces/cooing_code_interfaces/msg/detail/wheel_velocities__type_support.c
[0.950s] -- Up-to-date: /home/delewlew/assessments/coursework1/src/install/cooing_code_interfaces/include/cooing_code_interfaces/cooing_code_interfaces/msg/detail/wheel_velocities__rosidl_typesupport_introspection_c.h
[0.951s] -- Up-to-date: /home/delewlew/assessments/coursework1/src/install/cooing_code_interfaces/include/cooing_code_interfaces/cooing_code_interfaces/msg/detail/task_space_pose__type_support.c
[0.951s] -- Up-to-date: /home/delewlew/assessments/coursework1/src/install/cooing_code_interfaces/include/cooing_code_interfaces/cooing_code_interfaces/msg/detail/task_space_pose__rosidl_typesupport_introspection_c.h
[0.951s] -- Up-to-date: /home/delewlew/assessments/coursework1/src/install/cooing_code_interfaces/include/cooing_code_interfaces/cooing_code_interfaces/srv
[0.951s] -- Up-to-date: /home/delewlew/assessments/coursework1/src/install/cooing_code_interfaces/include/cooing_code_interfaces/cooing_code_interfaces/srv/detail
[0.951s] -- Up-to-date: /home/delewlew/assessments/coursework1/src/install/cooing_code_interfaces/include/cooing_code_interfaces/cooing_code_interfaces/srv/detail/turn_robot_off__rosidl_typesupport_introspection_c.h
[0.951s] -- Up-to-date: /home/delewlew/assessments/coursework1/src/install/cooing_code_interfaces/include/cooing_code_interfaces/cooing_code_interfaces/srv/detail/turn_robot_on__type_support.c
[0.951s] -- Up-to-date: /home/delewlew/assessments/coursework1/src/install/cooing_code_interfaces/include/cooing_code_interfaces/cooing_code_interfaces/srv/detail/turn_robot_on__rosidl_typesupport_introspection_c.h
[0.952s] -- Up-to-date: /home/delewlew/assessments/coursework1/src/install/cooing_code_interfaces/include/cooing_code_interfaces/cooing_code_interfaces/srv/detail/turn_robot_off__type_support.c
[0.952s] -- Up-to-date: /home/delewlew/assessments/coursework1/src/install/cooing_code_interfaces/lib/libcooing_code_interfaces__rosidl_typesupport_introspection_c.so
[0.952s] -- Up-to-date: /home/delewlew/assessments/coursework1/src/install/cooing_code_interfaces/lib/libcooing_code_interfaces__rosidl_typesupport_c.so
[0.952s] -- Up-to-date: /home/delewlew/assessments/coursework1/src/install/cooing_code_interfaces/include/cooing_code_interfaces/cooing_code_interfaces
[0.952s] -- Up-to-date: /home/delewlew/assessments/coursework1/src/install/cooing_code_interfaces/include/cooing_code_interfaces/cooing_code_interfaces/msg
[0.952s] -- Up-to-date: /home/delewlew/assessments/coursework1/src/install/cooing_code_interfaces/include/cooing_code_interfaces/cooing_code_interfaces/msg/detail
[0.952s] -- Up-to-date: /home/delewlew/assessments/coursework1/src/install/cooing_code_interfaces/include/cooing_code_interfaces/cooing_code_interfaces/msg/detail/task_space_pose__struct.hpp
[0.952s] -- Up-to-date: /home/delewlew/assessments/coursework1/src/install/cooing_code_interfaces/include/cooing_code_interfaces/cooing_code_interfaces/msg/detail/wheel_velocities__builder.hpp
[0.953s] -- Up-to-date: /home/delewlew/assessments/coursework1/src/install/cooing_code_interfaces/include/cooing_code_interfaces/cooing_code_interfaces/msg/detail/wheel_velocities__struct.hpp
[0.953s] -- Up-to-date: /home/delewlew/assessments/coursework1/src/install/cooing_code_interfaces/include/cooing_code_interfaces/cooing_code_interfaces/msg/detail/task_space_pose__builder.hpp
[0.953s] -- Up-to-date: /home/delewlew/assessments/coursework1/src/install/cooing_code_interfaces/include/cooing_code_interfaces/cooing_code_interfaces/msg/detail/task_space_pose__traits.hpp
[0.953s] -- Up-to-date: /home/delewlew/assessments/coursework1/src/install/cooing_code_interfaces/include/cooing_code_interfaces/cooing_code_interfaces/msg/detail/wheel_velocities__traits.hpp
[0.953s] -- Up-to-date: /home/delewlew/assessments/coursework1/src/install/cooing_code_interfaces/include/cooing_code_interfaces/cooing_code_interfaces/msg/wheel_velocities.hpp
[0.953s] -- Up-to-date: /home/delewlew/assessments/coursework1/src/install/cooing_code_interfaces/include/cooing_code_interfaces/cooing_code_interfaces/msg/task_space_pose.hpp
[0.953s] -- Up-to-date: /home/delewlew/assessments/coursework1/src/install/cooing_code_interfaces/include/cooing_code_interfaces/cooing_code_interfaces/srv
[0.954s] -- Up-to-date: /home/delewlew/assessments/coursework1/src/install/cooing_code_interfaces/include/cooing_code_interfaces/cooing_code_interfaces/srv/turn_robot_on.hpp
[0.954s] -- Up-to-date: /home/delewlew/assessments/coursework1/src/install/cooing_code_interfaces/include/cooing_code_interfaces/cooing_code_interfaces/srv/turn_robot_off.hpp
[0.954s] -- Up-to-date: /home/delewlew/assessments/coursework1/src/install/cooing_code_interfaces/include/cooing_code_interfaces/cooing_code_interfaces/srv/detail
[0.954s] -- Up-to-date: /home/delewlew/assessments/coursework1/src/install/cooing_code_interfaces/include/cooing_code_interfaces/cooing_code_interfaces/srv/detail/turn_robot_on__builder.hpp
[0.954s] -- Up-to-date: /home/delewlew/assessments/coursework1/src/install/cooing_code_interfaces/include/cooing_code_interfaces/cooing_code_interfaces/srv/detail/turn_robot_off__builder.hpp
[0.954s] -- Up-to-date: /home/delewlew/assessments/coursework1/src/install/cooing_code_interfaces/include/cooing_code_interfaces/cooing_code_interfaces/srv/detail/turn_robot_off__struct.hpp
[0.954s] -- Up-to-date: /home/delewlew/assessments/coursework1/src/install/cooing_code_interfaces/include/cooing_code_interfaces/cooing_code_interfaces/srv/detail/turn_robot_on__struct.hpp
[0.954s] -- Up-to-date: /home/delewlew/assessments/coursework1/src/install/cooing_code_interfaces/include/cooing_code_interfaces/cooing_code_interfaces/srv/detail/turn_robot_off__traits.hpp
[0.954s] -- Up-to-date: /home/delewlew/assessments/coursework1/src/install/cooing_code_interfaces/include/cooing_code_interfaces/cooing_code_interfaces/srv/detail/turn_robot_on__traits.hpp
[0.954s] -- Up-to-date: /home/delewlew/assessments/coursework1/src/install/cooing_code_interfaces/include/cooing_code_interfaces/cooing_code_interfaces
[0.954s] -- Up-to-date: /home/delewlew/assessments/coursework1/src/install/cooing_code_interfaces/include/cooing_code_interfaces/cooing_code_interfaces/msg
[0.954s] -- Up-to-date: /home/delewlew/assessments/coursework1/src/install/cooing_code_interfaces/include/cooing_code_interfaces/cooing_code_interfaces/msg/rosidl_typesupport_fastrtps_cpp__visibility_control.h
[0.954s] -- Up-to-date: /home/delewlew/assessments/coursework1/src/install/cooing_code_interfaces/include/cooing_code_interfaces/cooing_code_interfaces/msg/detail
[0.954s] -- Up-to-date: /home/delewlew/assessments/coursework1/src/install/cooing_code_interfaces/include/cooing_code_interfaces/cooing_code_interfaces/msg/detail/wheel_velocities__rosidl_typesupport_fastrtps_cpp.hpp
[0.954s] -- Up-to-date: /home/delewlew/assessments/coursework1/src/install/cooing_code_interfaces/include/cooing_code_interfaces/cooing_code_interfaces/msg/detail/dds_fastrtps
[0.955s] -- Up-to-date: /home/delewlew/assessments/coursework1/src/install/cooing_code_interfaces/include/cooing_code_interfaces/cooing_code_interfaces/msg/detail/task_space_pose__rosidl_typesupport_fastrtps_cpp.hpp
[0.955s] -- Up-to-date: /home/delewlew/assessments/coursework1/src/install/cooing_code_interfaces/include/cooing_code_interfaces/cooing_code_interfaces/srv
[0.955s] -- Up-to-date: /home/delewlew/assessments/coursework1/src/install/cooing_code_interfaces/include/cooing_code_interfaces/cooing_code_interfaces/srv/detail
[0.955s] -- Up-to-date: /home/delewlew/assessments/coursework1/src/install/cooing_code_interfaces/include/cooing_code_interfaces/cooing_code_interfaces/srv/detail/dds_fastrtps
[0.955s] -- Up-to-date: /home/delewlew/assessments/coursework1/src/install/cooing_code_interfaces/include/cooing_code_interfaces/cooing_code_interfaces/srv/detail/turn_robot_on__rosidl_typesupport_fastrtps_cpp.hpp
[0.955s] -- Up-to-date: /home/delewlew/assessments/coursework1/src/install/cooing_code_interfaces/include/cooing_code_interfaces/cooing_code_interfaces/srv/detail/turn_robot_off__rosidl_typesupport_fastrtps_cpp.hpp
[0.955s] -- Up-to-date: /home/delewlew/assessments/coursework1/src/install/cooing_code_interfaces/lib/libcooing_code_interfaces__rosidl_typesupport_fastrtps_cpp.so
[0.955s] -- Up-to-date: /home/delewlew/assessments/coursework1/src/install/cooing_code_interfaces/include/cooing_code_interfaces/cooing_code_interfaces
[0.955s] -- Up-to-date: /home/delewlew/assessments/coursework1/src/install/cooing_code_interfaces/include/cooing_code_interfaces/cooing_code_interfaces/msg
[0.955s] -- Up-to-date: /home/delewlew/assessments/coursework1/src/install/cooing_code_interfaces/include/cooing_code_interfaces/cooing_code_interfaces/msg/detail
[0.955s] -- Up-to-date: /home/delewlew/assessments/coursework1/src/install/cooing_code_interfaces/include/cooing_code_interfaces/cooing_code_interfaces/msg/detail/task_space_pose__type_support.cpp
[0.956s] -- Up-to-date: /home/delewlew/assessments/coursework1/src/install/cooing_code_interfaces/include/cooing_code_interfaces/cooing_code_interfaces/msg/detail/task_space_pose__rosidl_typesupport_introspection_cpp.hpp
[0.956s] -- Up-to-date: /home/delewlew/assessments/coursework1/src/install/cooing_code_interfaces/include/cooing_code_interfaces/cooing_code_interfaces/msg/detail/wheel_velocities__type_support.cpp
[0.956s] -- Up-to-date: /home/delewlew/assessments/coursework1/src/install/cooing_code_interfaces/include/cooing_code_interfaces/cooing_code_interfaces/msg/detail/wheel_velocities__rosidl_typesupport_introspection_cpp.hpp
[0.956s] -- Up-to-date: /home/delewlew/assessments/coursework1/src/install/cooing_code_interfaces/include/cooing_code_interfaces/cooing_code_interfaces/srv
[0.956s] -- Up-to-date: /home/delewlew/assessments/coursework1/src/install/cooing_code_interfaces/include/cooing_code_interfaces/cooing_code_interfaces/srv/detail
[0.956s] -- Up-to-date: /home/delewlew/assessments/coursework1/src/install/cooing_code_interfaces/include/cooing_code_interfaces/cooing_code_interfaces/srv/detail/turn_robot_on__rosidl_typesupport_introspection_cpp.hpp
[0.956s] -- Up-to-date: /home/delewlew/assessments/coursework1/src/install/cooing_code_interfaces/include/cooing_code_interfaces/cooing_code_interfaces/srv/detail/turn_robot_on__type_support.cpp
[0.956s] -- Up-to-date: /home/delewlew/assessments/coursework1/src/install/cooing_code_interfaces/include/cooing_code_interfaces/cooing_code_interfaces/srv/detail/turn_robot_off__type_support.cpp
[0.956s] -- Up-to-date: /home/delewlew/assessments/coursework1/src/install/cooing_code_interfaces/include/cooing_code_interfaces/cooing_code_interfaces/srv/detail/turn_robot_off__rosidl_typesupport_introspection_cpp.hpp
[0.956s] -- Up-to-date: /home/delewlew/assessments/coursework1/src/install/cooing_code_interfaces/lib/libcooing_code_interfaces__rosidl_typesupport_introspection_cpp.so
[0.956s] -- Up-to-date: /home/delewlew/assessments/coursework1/src/install/cooing_code_interfaces/lib/libcooing_code_interfaces__rosidl_typesupport_cpp.so
[0.956s] -- Up-to-date: /home/delewlew/assessments/coursework1/src/install/cooing_code_interfaces/share/cooing_code_interfaces/environment/pythonpath.sh
[0.956s] -- Up-to-date: /home/delewlew/assessments/coursework1/src/install/cooing_code_interfaces/share/cooing_code_interfaces/environment/pythonpath.dsv
[0.957s] -- Up-to-date: /home/delewlew/assessments/coursework1/src/install/cooing_code_interfaces/local/lib/python3.10/dist-packages/cooing_code_interfaces-0.0.0-py3.10.egg-info
[0.957s] -- Installing: /home/delewlew/assessments/coursework1/src/install/cooing_code_interfaces/local/lib/python3.10/dist-packages/cooing_code_interfaces-0.0.0-py3.10.egg-info/PKG-INFO
[0.957s] -- Installing: /home/delewlew/assessments/coursework1/src/install/cooing_code_interfaces/local/lib/python3.10/dist-packages/cooing_code_interfaces-0.0.0-py3.10.egg-info/dependency_links.txt
[0.957s] -- Installing: /home/delewlew/assessments/coursework1/src/install/cooing_code_interfaces/local/lib/python3.10/dist-packages/cooing_code_interfaces-0.0.0-py3.10.egg-info/SOURCES.txt
[0.957s] -- Installing: /home/delewlew/assessments/coursework1/src/install/cooing_code_interfaces/local/lib/python3.10/dist-packages/cooing_code_interfaces-0.0.0-py3.10.egg-info/top_level.txt
[0.957s] -- Up-to-date: /home/delewlew/assessments/coursework1/src/install/cooing_code_interfaces/local/lib/python3.10/dist-packages/cooing_code_interfaces
[0.957s] -- Up-to-date: /home/delewlew/assessments/coursework1/src/install/cooing_code_interfaces/local/lib/python3.10/dist-packages/cooing_code_interfaces/libcooing_code_interfaces__rosidl_generator_py.so
[0.957s] -- Up-to-date: /home/delewlew/assessments/coursework1/src/install/cooing_code_interfaces/local/lib/python3.10/dist-packages/cooing_code_interfaces/cooing_code_interfaces_s__rosidl_typesupport_fastrtps_c.cpython-310-x86_64-linux-gnu.so
[0.957s] -- Up-to-date: /home/delewlew/assessments/coursework1/src/install/cooing_code_interfaces/local/lib/python3.10/dist-packages/cooing_code_interfaces/cooing_code_interfaces_s__rosidl_typesupport_c.cpython-310-x86_64-linux-gnu.so
[0.957s] -- Up-to-date: /home/delewlew/assessments/coursework1/src/install/cooing_code_interfaces/local/lib/python3.10/dist-packages/cooing_code_interfaces/cooing_code_interfaces_s__rosidl_typesupport_introspection_c.cpython-310-x86_64-linux-gnu.so
[0.957s] -- Up-to-date: /home/delewlew/assessments/coursework1/src/install/cooing_code_interfaces/local/lib/python3.10/dist-packages/cooing_code_interfaces/_cooing_code_interfaces_s.ep.rosidl_typesupport_c.c
[0.958s] -- Up-to-date: /home/delewlew/assessments/coursework1/src/install/cooing_code_interfaces/local/lib/python3.10/dist-packages/cooing_code_interfaces/_cooing_code_interfaces_s.ep.rosidl_typesupport_fastrtps_c.c
[0.958s] -- Up-to-date: /home/delewlew/assessments/coursework1/src/install/cooing_code_interfaces/local/lib/python3.10/dist-packages/cooing_code_interfaces/_cooing_code_interfaces_s.ep.rosidl_typesupport_introspection_c.c
[0.958s] -- Up-to-date: /home/delewlew/assessments/coursework1/src/install/cooing_code_interfaces/local/lib/python3.10/dist-packages/cooing_code_interfaces/msg
[0.958s] -- Up-to-date: /home/delewlew/assessments/coursework1/src/install/cooing_code_interfaces/local/lib/python3.10/dist-packages/cooing_code_interfaces/msg/_task_space_pose.py
[0.958s] -- Up-to-date: /home/delewlew/assessments/coursework1/src/install/cooing_code_interfaces/local/lib/python3.10/dist-packages/cooing_code_interfaces/msg/_wheel_velocities_s.c
[0.958s] -- Up-to-date: /home/delewlew/assessments/coursework1/src/install/cooing_code_interfaces/local/lib/python3.10/dist-packages/cooing_code_interfaces/msg/_task_space_pose_s.c
[0.958s] -- Up-to-date: /home/delewlew/assessments/coursework1/src/install/cooing_code_interfaces/local/lib/python3.10/dist-packages/cooing_code_interfaces/msg/_wheel_velocities.py
[0.958s] -- Up-to-date: /home/delewlew/assessments/coursework1/src/install/cooing_code_interfaces/local/lib/python3.10/dist-packages/cooing_code_interfaces/msg/__init__.py
[0.958s] -- Up-to-date: /home/delewlew/assessments/coursework1/src/install/cooing_code_interfaces/local/lib/python3.10/dist-packages/cooing_code_interfaces/srv
[0.958s] -- Up-to-date: /home/delewlew/assessments/coursework1/src/install/cooing_code_interfaces/local/lib/python3.10/dist-packages/cooing_code_interfaces/srv/_turn_robot_on.py
[0.958s] -- Up-to-date: /home/delewlew/assessments/coursework1/src/install/cooing_code_interfaces/local/lib/python3.10/dist-packages/cooing_code_interfaces/srv/_turn_robot_off.py
[0.958s] -- Up-to-date: /home/delewlew/assessments/coursework1/src/install/cooing_code_interfaces/local/lib/python3.10/dist-packages/cooing_code_interfaces/srv/_turn_robot_on_s.c
[0.959s] -- Up-to-date: /home/delewlew/assessments/coursework1/src/install/cooing_code_interfaces/local/lib/python3.10/dist-packages/cooing_code_interfaces/srv/_turn_robot_off_s.c
[0.959s] -- Up-to-date: /home/delewlew/assessments/coursework1/src/install/cooing_code_interfaces/local/lib/python3.10/dist-packages/cooing_code_interfaces/srv/__init__.py
[0.959s] -- Up-to-date: /home/delewlew/assessments/coursework1/src/install/cooing_code_interfaces/local/lib/python3.10/dist-packages/cooing_code_interfaces/__init__.py
[0.997s] Listing '/home/delewlew/assessments/coursework1/src/install/cooing_code_interfaces/local/lib/python3.10/dist-packages/cooing_code_interfaces'...
[0.998s] Listing '/home/delewlew/assessments/coursework1/src/install/cooing_code_interfaces/local/lib/python3.10/dist-packages/cooing_code_interfaces/msg'...
[0.998s] Listing '/home/delewlew/assessments/coursework1/src/install/cooing_code_interfaces/local/lib/python3.10/dist-packages/cooing_code_interfaces/srv'...
[1.006s] -- Up-to-date: /home/delewlew/assessments/coursework1/src/install/cooing_code_interfaces/local/lib/python3.10/dist-packages/cooing_code_interfaces/cooing_code_interfaces_s__rosidl_typesupport_fastrtps_c.cpython-310-x86_64-linux-gnu.so
[1.007s] -- Up-to-date: /home/delewlew/assessments/coursework1/src/install/cooing_code_interfaces/local/lib/python3.10/dist-packages/cooing_code_interfaces/cooing_code_interfaces_s__rosidl_typesupport_introspection_c.cpython-310-x86_64-linux-gnu.so
[1.008s] -- Up-to-date: /home/delewlew/assessments/coursework1/src/install/cooing_code_interfaces/local/lib/python3.10/dist-packages/cooing_code_interfaces/cooing_code_interfaces_s__rosidl_typesupport_c.cpython-310-x86_64-linux-gnu.so
[1.009s] -- Up-to-date: /home/delewlew/assessments/coursework1/src/install/cooing_code_interfaces/lib/libcooing_code_interfaces__rosidl_generator_py.so
[1.009s] -- Up-to-date: /home/delewlew/assessments/coursework1/src/install/cooing_code_interfaces/share/cooing_code_interfaces/msg/WheelVelocities.idl
[1.009s] -- Up-to-date: /home/delewlew/assessments/coursework1/src/install/cooing_code_interfaces/share/cooing_code_interfaces/msg/TaskSpacePose.idl
[1.010s] -- Up-to-date: /home/delewlew/assessments/coursework1/src/install/cooing_code_interfaces/share/cooing_code_interfaces/srv/TurnRobotOn.idl
[1.011s] -- Up-to-date: /home/delewlew/assessments/coursework1/src/install/cooing_code_interfaces/share/cooing_code_interfaces/srv/TurnRobotOff.idl
[1.012s] -- Up-to-date: /home/delewlew/assessments/coursework1/src/install/cooing_code_interfaces/share/cooing_code_interfaces/msg/WheelVelocities.msg
[1.012s] -- Up-to-date: /home/delewlew/assessments/coursework1/src/install/cooing_code_interfaces/share/cooing_code_interfaces/msg/TaskSpacePose.msg
[1.012s] -- Up-to-date: /home/delewlew/assessments/coursework1/src/install/cooing_code_interfaces/share/cooing_code_interfaces/srv/TurnRobotOn.srv
[1.013s] -- Up-to-date: /home/delewlew/assessments/coursework1/src/install/cooing_code_interfaces/share/cooing_code_interfaces/srv/TurnRobotOn_Request.msg
[1.013s] -- Up-to-date: /home/delewlew/assessments/coursework1/src/install/cooing_code_interfaces/share/cooing_code_interfaces/srv/TurnRobotOn_Response.msg
[1.014s] -- Up-to-date: /home/delewlew/assessments/coursework1/src/install/cooing_code_interfaces/share/cooing_code_interfaces/srv/TurnRobotOff.srv
[1.014s] -- Up-to-date: /home/delewlew/assessments/coursework1/src/install/cooing_code_interfaces/share/cooing_code_interfaces/srv/TurnRobotOff_Request.msg
[1.014s] -- Up-to-date: /home/delewlew/assessments/coursework1/src/install/cooing_code_interfaces/share/cooing_code_interfaces/srv/TurnRobotOff_Response.msg
[1.015s] -- Up-to-date: /home/delewlew/assessments/coursework1/src/install/cooing_code_interfaces/share/ament_index/resource_index/package_run_dependencies/cooing_code_interfaces
[1.015s] -- Up-to-date: /home/delewlew/assessments/coursework1/src/install/cooing_code_interfaces/share/ament_index/resource_index/parent_prefix_path/cooing_code_interfaces
[1.015s] -- Up-to-date: /home/delewlew/assessments/coursework1/src/install/cooing_code_interfaces/share/cooing_code_interfaces/environment/ament_prefix_path.sh
[1.015s] -- Up-to-date: /home/delewlew/assessments/coursework1/src/install/cooing_code_interfaces/share/cooing_code_interfaces/environment/ament_prefix_path.dsv
[1.015s] -- Up-to-date: /home/delewlew/assessments/coursework1/src/install/cooing_code_interfaces/share/cooing_code_interfaces/environment/path.sh
[1.015s] -- Up-to-date: /home/delewlew/assessments/coursework1/src/install/cooing_code_interfaces/share/cooing_code_interfaces/environment/path.dsv
[1.016s] -- Up-to-date: /home/delewlew/assessments/coursework1/src/install/cooing_code_interfaces/share/cooing_code_interfaces/local_setup.bash
[1.016s] -- Up-to-date: /home/delewlew/assessments/coursework1/src/install/cooing_code_interfaces/share/cooing_code_interfaces/local_setup.sh
[1.016s] -- Up-to-date: /home/delewlew/assessments/coursework1/src/install/cooing_code_interfaces/share/cooing_code_interfaces/local_setup.zsh
[1.016s] -- Up-to-date: /home/delewlew/assessments/coursework1/src/install/cooing_code_interfaces/share/cooing_code_interfaces/local_setup.dsv
[1.017s] -- Installing: /home/delewlew/assessments/coursework1/src/install/cooing_code_interfaces/share/cooing_code_interfaces/package.dsv
[1.017s] -- Up-to-date: /home/delewlew/assessments/coursework1/src/install/cooing_code_interfaces/share/ament_index/resource_index/packages/cooing_code_interfaces
[1.017s] -- Up-to-date: /home/delewlew/assessments/coursework1/src/install/cooing_code_interfaces/share/cooing_code_interfaces/cmake/export_cooing_code_interfaces__rosidl_generator_cExport.cmake
[1.017s] -- Up-to-date: /home/delewlew/assessments/coursework1/src/install/cooing_code_interfaces/share/cooing_code_interfaces/cmake/export_cooing_code_interfaces__rosidl_generator_cExport-noconfig.cmake
[1.018s] -- Up-to-date: /home/delewlew/assessments/coursework1/src/install/cooing_code_interfaces/share/cooing_code_interfaces/cmake/export_cooing_code_interfaces__rosidl_typesupport_fastrtps_cExport.cmake
[1.018s] -- Up-to-date: /home/delewlew/assessments/coursework1/src/install/cooing_code_interfaces/share/cooing_code_interfaces/cmake/export_cooing_code_interfaces__rosidl_typesupport_fastrtps_cExport-noconfig.cmake
[1.018s] -- Up-to-date: /home/delewlew/assessments/coursework1/src/install/cooing_code_interfaces/share/cooing_code_interfaces/cmake/cooing_code_interfaces__rosidl_typesupport_introspection_cExport.cmake
[1.018s] -- Up-to-date: /home/delewlew/assessments/coursework1/src/install/cooing_code_interfaces/share/cooing_code_interfaces/cmake/cooing_code_interfaces__rosidl_typesupport_introspection_cExport-noconfig.cmake
[1.018s] -- Up-to-date: /home/delewlew/assessments/coursework1/src/install/cooing_code_interfaces/share/cooing_code_interfaces/cmake/cooing_code_interfaces__rosidl_typesupport_cExport.cmake
[1.018s] -- Up-to-date: /home/delewlew/assessments/coursework1/src/install/cooing_code_interfaces/share/cooing_code_interfaces/cmake/cooing_code_interfaces__rosidl_typesupport_cExport-noconfig.cmake
[1.019s] -- Up-to-date: /home/delewlew/assessments/coursework1/src/install/cooing_code_interfaces/share/cooing_code_interfaces/cmake/export_cooing_code_interfaces__rosidl_generator_cppExport.cmake
[1.019s] -- Up-to-date: /home/delewlew/assessments/coursework1/src/install/cooing_code_interfaces/share/cooing_code_interfaces/cmake/export_cooing_code_interfaces__rosidl_typesupport_fastrtps_cppExport.cmake
[1.019s] -- Up-to-date: /home/delewlew/assessments/coursework1/src/install/cooing_code_interfaces/share/cooing_code_interfaces/cmake/export_cooing_code_interfaces__rosidl_typesupport_fastrtps_cppExport-noconfig.cmake
[1.019s] -- Up-to-date: /home/delewlew/assessments/coursework1/src/install/cooing_code_interfaces/share/cooing_code_interfaces/cmake/cooing_code_interfaces__rosidl_typesupport_introspection_cppExport.cmake
[1.019s] -- Up-to-date: /home/delewlew/assessments/coursework1/src/install/cooing_code_interfaces/share/cooing_code_interfaces/cmake/cooing_code_interfaces__rosidl_typesupport_introspection_cppExport-noconfig.cmake
[1.020s] -- Up-to-date: /home/delewlew/assessments/coursework1/src/install/cooing_code_interfaces/share/cooing_code_interfaces/cmake/cooing_code_interfaces__rosidl_typesupport_cppExport.cmake
[1.020s] -- Up-to-date: /home/delewlew/assessments/coursework1/src/install/cooing_code_interfaces/share/cooing_code_interfaces/cmake/cooing_code_interfaces__rosidl_typesupport_cppExport-noconfig.cmake
[1.020s] -- Up-to-date: /home/delewlew/assessments/coursework1/src/install/cooing_code_interfaces/share/cooing_code_interfaces/cmake/export_cooing_code_interfaces__rosidl_generator_pyExport.cmake
[1.021s] -- Up-to-date: /home/delewlew/assessments/coursework1/src/install/cooing_code_interfaces/share/cooing_code_interfaces/cmake/export_cooing_code_interfaces__rosidl_generator_pyExport-noconfig.cmake
[1.022s] -- Up-to-date: /home/delewlew/assessments/coursework1/src/install/cooing_code_interfaces/share/cooing_code_interfaces/cmake/rosidl_cmake-extras.cmake
[1.024s] -- Up-to-date: /home/delewlew/assessments/coursework1/src/install/cooing_code_interfaces/share/cooing_code_interfaces/cmake/ament_cmake_export_include_directories-extras.cmake
[1.024s] -- Up-to-date: /home/delewlew/assessments/coursework1/src/install/cooing_code_interfaces/share/cooing_code_interfaces/cmake/ament_cmake_export_libraries-extras.cmake
[1.024s] -- Up-to-date: /home/delewlew/assessments/coursework1/src/install/cooing_code_interfaces/share/cooing_code_interfaces/cmake/ament_cmake_export_targets-extras.cmake
[1.024s] -- Up-to-date: /home/delewlew/assessments/coursework1/src/install/cooing_code_interfaces/share/cooing_code_interfaces/cmake/rosidl_cmake_export_typesupport_targets-extras.cmake
[1.024s] -- Up-to-date: /home/delewlew/assessments/coursework1/src/install/cooing_code_interfaces/share/cooing_code_interfaces/cmake/ament_cmake_export_dependencies-extras.cmake
[1.024s] -- Up-to-date: /home/delewlew/assessments/coursework1/src/install/cooing_code_interfaces/share/cooing_code_interfaces/cmake/rosidl_cmake_export_typesupport_libraries-extras.cmake
[1.024s] -- Up-to-date: /home/delewlew/assessments/coursework1/src/install/cooing_code_interfaces/share/cooing_code_interfaces/cmake/cooing_code_interfacesConfig.cmake
[1.025s] -- Up-to-date: /home/delewlew/assessments/coursework1/src/install/cooing_code_interfaces/share/cooing_code_interfaces/cmake/cooing_code_interfacesConfig-version.cmake
[1.025s] -- Up-to-date: /home/delewlew/assessments/coursework1/src/install/cooing_code_interfaces/share/cooing_code_interfaces/package.xml
[1.025s] Invoked command in '/home/delewlew/assessments/coursework1/src/build/cooing_code_interfaces' returned '0': CMAKE_PREFIX_PATH=${CMAKE_PREFIX_PATH}:/home/delewlew/assessments/coursework1/src/install/cooing_code_pkg:/home/delewlew/assessments/coursework1/src/install/cooing_code_controller:/opt/ros/humble /usr/bin/cmake --install /home/delewlew/assessments/coursework1/src/build/cooing_code_interfaces
