[0.294s] Invoking command in '/home/delewlew/ros2_tutorial_workspace_2/src/build/package_with_interfaces': CMAKE_PREFIX_PATH=/opt/ros/humble /usr/bin/cmake /home/delewlew/ros2_tutorial_workspace_2/src/package_with_interfaces -DCMAKE_INSTALL_PREFIX=/home/delewlew/ros2_tutorial_workspace_2/src/install/package_with_interfaces
[0.995s] -- The C compiler identification is GNU 11.4.0
[0.995s] -- The CXX compiler identification is GNU 11.4.0
[0.995s] -- Detecting C compiler ABI info
[0.995s] -- Detecting C compiler ABI info - done
[0.996s] -- Check for working C compiler: /usr/bin/cc - skipped
[0.996s] -- Detecting C compile features
[0.996s] -- Detecting C compile features - done
[0.996s] -- Detecting CXX compiler ABI info
[1.042s] -- Detecting CXX compiler ABI info - done
[1.050s] -- Check for working CXX compiler: /usr/bin/c++ - skipped
[1.050s] -- Detecting CXX compile features
[1.051s] -- Detecting CXX compile features - done
[1.058s] -- Found ament_cmake: 1.3.10 (/opt/ros/humble/share/ament_cmake/cmake)
[1.230s] -- Found Python3: /usr/bin/python3 (found version "3.10.12") found components: Interpreter 
[1.379s] -- Found geometry_msgs: 4.2.4 (/opt/ros/humble/share/geometry_msgs/cmake)
[1.442s] -- Found rosidl_generator_c: 3.1.5 (/opt/ros/humble/share/rosidl_generator_c/cmake)
[1.457s] -- Found rosidl_adapter: 3.1.5 (/opt/ros/humble/share/rosidl_adapter/cmake)
[1.475s] -- Found rosidl_generator_cpp: 3.1.5 (/opt/ros/humble/share/rosidl_generator_cpp/cmake)
[1.500s] -- Using all available rosidl_typesupport_c: rosidl_typesupport_fastrtps_c;rosidl_typesupport_introspection_c
[1.520s] -- Using all available rosidl_typesupport_cpp: rosidl_typesupport_fastrtps_cpp;rosidl_typesupport_introspection_cpp
[1.586s] -- Found rosidl_default_generators: 1.2.0 (/opt/ros/humble/share/rosidl_default_generators/cmake)
[1.871s] -- Found ament_cmake_ros: 0.10.0 (/opt/ros/humble/share/ament_cmake_ros/cmake)
[2.253s] -- Using all available rosidl_typesupport_c: rosidl_typesupport_fastrtps_c;rosidl_typesupport_introspection_c
[2.409s] -- Using all available rosidl_typesupport_cpp: rosidl_typesupport_fastrtps_cpp;rosidl_typesupport_introspection_cpp
[2.441s] -- Found PythonInterp: /usr/bin/python3 (found suitable version "3.10.12", minimum required is "3.6") 
[2.444s] -- Found python_cmake_module: 0.10.0 (/opt/ros/humble/share/python_cmake_module/cmake)
[2.474s] -- Found PythonLibs: /usr/lib/x86_64-linux-gnu/libpython3.10.so (found suitable version "3.10.12", minimum required is "3.5") 
[2.474s] -- Using PYTHON_EXECUTABLE: /usr/bin/python3
[2.475s] -- Using PYTHON_INCLUDE_DIRS: /usr/include/python3.10
[2.475s] -- Using PYTHON_LIBRARIES: /usr/lib/x86_64-linux-gnu/libpython3.10.so
[2.492s] -- Found PythonExtra: .so  
[2.548s] -- Found ament_lint_auto: 0.12.11 (/opt/ros/humble/share/ament_lint_auto/cmake)
[2.582s] -- Added test 'lint_cmake' to check CMake code style
[2.584s] -- Added test 'xmllint' to check XML markup files
[2.587s] -- Configuring done
[2.616s] -- Generating done
[2.618s] -- Build files have been written to: /home/delewlew/ros2_tutorial_workspace_2/src/build/package_with_interfaces
