[0.053s] Invoking command in '/home/delewlew/assessments/coursework1/src/build/cooing_code_interfaces': CMAKE_PREFIX_PATH=${CMAKE_PREFIX_PATH}:/home/delewlew/assessments/coursework1/src/install/cooing_code_pkg:/home/delewlew/assessments/coursework1/src/install/cooing_code_controller:/opt/ros/humble /usr/bin/cmake --build /home/delewlew/assessments/coursework1/src/build/cooing_code_interfaces -- -j12 -l12
[0.235s] [  1%] Built target cooing_code_interfaces__cpp
[0.282s] [ 12%] Built target cooing_code_interfaces__rosidl_generator_c
[0.322s] [ 12%] Built target ament_cmake_python_copy_cooing_code_interfaces
[0.344s] [ 23%] Built target cooing_code_interfaces__rosidl_typesupport_cpp
[0.359s] [ 34%] Built target cooing_code_interfaces__rosidl_typesupport_introspection_cpp
[0.365s] [ 45%] Built target cooing_code_interfaces__rosidl_typesupport_fastrtps_cpp
[0.395s] [ 56%] Built target cooing_code_interfaces__rosidl_typesupport_fastrtps_c
[0.406s] [ 67%] Built target cooing_code_interfaces__rosidl_typesupport_c
[0.420s] [ 78%] Built target cooing_code_interfaces__rosidl_typesupport_introspection_c
[0.517s] [ 78%] Built target cooing_code_interfaces
[0.614s] [ 80%] Built target cooing_code_interfaces__py
[0.712s] [ 89%] Built target cooing_code_interfaces__rosidl_generator_py
[0.803s] [ 92%] Built target cooing_code_interfaces__rosidl_typesupport_fastrtps_c__pyext
[0.813s] [ 96%] Built target cooing_code_interfaces__rosidl_typesupport_introspection_c__pyext
[0.815s] [100%] Built target cooing_code_interfaces__rosidl_typesupport_c__pyext
[1.174s] running egg_info
[1.179s] writing cooing_code_interfaces.egg-info/PKG-INFO
[1.179s] writing dependency_links to cooing_code_interfaces.egg-info/dependency_links.txt
[1.179s] writing top-level names to cooing_code_interfaces.egg-info/top_level.txt
[1.187s] reading manifest file 'cooing_code_interfaces.egg-info/SOURCES.txt'
[1.189s] writing manifest file 'cooing_code_interfaces.egg-info/SOURCES.txt'
[1.295s] [100%] Built target ament_cmake_python_build_cooing_code_interfaces_egg
[1.347s] Invoked command in '/home/delewlew/assessments/coursework1/src/build/cooing_code_interfaces' returned '0': CMAKE_PREFIX_PATH=${CMAKE_PREFIX_PATH}:/home/delewlew/assessments/coursework1/src/install/cooing_code_pkg:/home/delewlew/assessments/coursework1/src/install/cooing_code_controller:/opt/ros/humble /usr/bin/cmake --build /home/delewlew/assessments/coursework1/src/build/cooing_code_interfaces -- -j12 -l12
[1.904s] Invoking command in '/home/delewlew/assessments/coursework1/src/build/cooing_code_interfaces': CMAKE_PREFIX_PATH=${CMAKE_PREFIX_PATH}:/home/delewlew/assessments/coursework1/src/install/cooing_code_pkg:/home/delewlew/assessments/coursework1/src/install/cooing_code_controller:/opt/ros/humble /usr/bin/cmake --install /home/delewlew/assessments/coursework1/src/build/cooing_code_interfaces
[1.928s] -- Install configuration: ""
[1.928s] -- Up-to-date: /home/delewlew/assessments/coursework1/src/install/cooing_code_interfaces/share/ament_index/resource_index/rosidl_interfaces/cooing_code_interfaces
[1.928s] -- Up-to-date: /home/delewlew/assessments/coursework1/src/install/cooing_code_interfaces/include/cooing_code_interfaces/cooing_code_interfaces
[1.929s] -- Up-to-date: /home/delewlew/assessments/coursework1/src/install/cooing_code_interfaces/include/cooing_code_interfaces/cooing_code_interfaces/msg
[1.930s] -- Up-to-date: /home/delewlew/assessments/coursework1/src/install/cooing_code_interfaces/include/cooing_code_interfaces/cooing_code_interfaces/msg/wheel_velocities.h
[1.930s] -- Up-to-date: /home/delewlew/assessments/coursework1/src/install/cooing_code_interfaces/include/cooing_code_interfaces/cooing_code_interfaces/msg/rosidl_generator_c__visibility_control.h
[1.930s] -- Up-to-date: /home/delewlew/assessments/coursework1/src/install/cooing_code_interfaces/include/cooing_code_interfaces/cooing_code_interfaces/msg/detail
[1.930s] -- Up-to-date: /home/delewlew/assessments/coursework1/src/install/cooing_code_interfaces/include/cooing_code_interfaces/cooing_code_interfaces/msg/detail/wheel_velocities__functions.h
[1.931s] -- Up-to-date: /home/delewlew/assessments/coursework1/src/install/cooing_code_interfaces/include/cooing_code_interfaces/cooing_code_interfaces/msg/detail/task_space_pose__type_support.h
[1.931s] -- Up-to-date: /home/delewlew/assessments/coursework1/src/install/cooing_code_interfaces/include/cooing_code_interfaces/cooing_code_interfaces/msg/detail/wheel_velocities__struct.h
[1.931s] -- Up-to-date: /home/delewlew/assessments/coursework1/src/install/cooing_code_interfaces/include/cooing_code_interfaces/cooing_code_interfaces/msg/detail/task_space_pose__functions.c
[1.931s] -- Up-to-date: /home/delewlew/assessments/coursework1/src/install/cooing_code_interfaces/include/cooing_code_interfaces/cooing_code_interfaces/msg/detail/wheel_velocities__functions.c
[1.932s] -- Up-to-date: /home/delewlew/assessments/coursework1/src/install/cooing_code_interfaces/include/cooing_code_interfaces/cooing_code_interfaces/msg/detail/task_space_pose__struct.h
[1.932s] -- Up-to-date: /home/delewlew/assessments/coursework1/src/install/cooing_code_interfaces/include/cooing_code_interfaces/cooing_code_interfaces/msg/detail/task_space_pose__functions.h
[1.932s] -- Up-to-date: /home/delewlew/assessments/coursework1/src/install/cooing_code_interfaces/include/cooing_code_interfaces/cooing_code_interfaces/msg/detail/wheel_velocities__type_support.h
[1.932s] -- Up-to-date: /home/delewlew/assessments/coursework1/src/install/cooing_code_interfaces/include/cooing_code_interfaces/cooing_code_interfaces/msg/task_space_pose.h
[1.932s] -- Up-to-date: /home/delewlew/assessments/coursework1/src/install/cooing_code_interfaces/include/cooing_code_interfaces/cooing_code_interfaces/srv
[1.933s] -- Up-to-date: /home/delewlew/assessments/coursework1/src/install/cooing_code_interfaces/include/cooing_code_interfaces/cooing_code_interfaces/srv/turn_robot_off.h
[1.933s] -- Up-to-date: /home/delewlew/assessments/coursework1/src/install/cooing_code_interfaces/include/cooing_code_interfaces/cooing_code_interfaces/srv/detail
[1.933s] -- Up-to-date: /home/delewlew/assessments/coursework1/src/install/cooing_code_interfaces/include/cooing_code_interfaces/cooing_code_interfaces/srv/detail/turn_robot_on__functions.c
[1.933s] -- Up-to-date: /home/delewlew/assessments/coursework1/src/install/cooing_code_interfaces/include/cooing_code_interfaces/cooing_code_interfaces/srv/detail/turn_robot_on__type_support.h
[1.934s] -- Up-to-date: /home/delewlew/assessments/coursework1/src/install/cooing_code_interfaces/include/cooing_code_interfaces/cooing_code_interfaces/srv/detail/turn_robot_off__type_support.h
[1.934s] -- Up-to-date: /home/delewlew/assessments/coursework1/src/install/cooing_code_interfaces/include/cooing_code_interfaces/cooing_code_interfaces/srv/detail/turn_robot_off__struct.h
[1.934s] -- Up-to-date: /home/delewlew/assessments/coursework1/src/install/cooing_code_interfaces/include/cooing_code_interfaces/cooing_code_interfaces/srv/detail/turn_robot_off__functions.c
[1.934s] -- Up-to-date: /home/delewlew/assessments/coursework1/src/install/cooing_code_interfaces/include/cooing_code_interfaces/cooing_code_interfaces/srv/detail/turn_robot_off__functions.h
[1.935s] -- Up-to-date: /home/delewlew/assessments/coursework1/src/install/cooing_code_interfaces/include/cooing_code_interfaces/cooing_code_interfaces/srv/detail/turn_robot_on__struct.h
[1.935s] -- Up-to-date: /home/delewlew/assessments/coursework1/src/install/cooing_code_interfaces/include/cooing_code_interfaces/cooing_code_interfaces/srv/detail/turn_robot_on__functions.h
[1.935s] -- Up-to-date: /home/delewlew/assessments/coursework1/src/install/cooing_code_interfaces/include/cooing_code_interfaces/cooing_code_interfaces/srv/turn_robot_on.h
[1.935s] -- Up-to-date: /home/delewlew/assessments/coursework1/src/install/cooing_code_interfaces/share/cooing_code_interfaces/environment/library_path.sh
[1.936s] -- Up-to-date: /home/delewlew/assessments/coursework1/src/install/cooing_code_interfaces/share/cooing_code_interfaces/environment/library_path.dsv
[1.937s] -- Up-to-date: /home/delewlew/assessments/coursework1/src/install/cooing_code_interfaces/lib/libcooing_code_interfaces__rosidl_generator_c.so
[1.937s] -- Up-to-date: /home/delewlew/assessments/coursework1/src/install/cooing_code_interfaces/include/cooing_code_interfaces/cooing_code_interfaces
[1.938s] -- Up-to-date: /home/delewlew/assessments/coursework1/src/install/cooing_code_interfaces/include/cooing_code_interfaces/cooing_code_interfaces/msg
[1.938s] -- Up-to-date: /home/delewlew/assessments/coursework1/src/install/cooing_code_interfaces/include/cooing_code_interfaces/cooing_code_interfaces/msg/detail
[1.939s] -- Up-to-date: /home/delewlew/assessments/coursework1/src/install/cooing_code_interfaces/include/cooing_code_interfaces/cooing_code_interfaces/msg/detail/task_space_pose__rosidl_typesupport_fastrtps_c.h
[1.939s] -- Up-to-date: /home/delewlew/assessments/coursework1/src/install/cooing_code_interfaces/include/cooing_code_interfaces/cooing_code_interfaces/msg/detail/wheel_velocities__rosidl_typesupport_fastrtps_c.h
[1.939s] -- Up-to-date: /home/delewlew/assessments/coursework1/src/install/cooing_code_interfaces/include/cooing_code_interfaces/cooing_code_interfaces/msg/rosidl_typesupport_fastrtps_c__visibility_control.h
[1.939s] -- Up-to-date: /home/delewlew/assessments/coursework1/src/install/cooing_code_interfaces/include/cooing_code_interfaces/cooing_code_interfaces/srv
[1.940s] -- Up-to-date: /home/delewlew/assessments/coursework1/src/install/cooing_code_interfaces/include/cooing_code_interfaces/cooing_code_interfaces/srv/detail
[1.940s] -- Up-to-date: /home/delewlew/assessments/coursework1/src/install/cooing_code_interfaces/include/cooing_code_interfaces/cooing_code_interfaces/srv/detail/turn_robot_off__rosidl_typesupport_fastrtps_c.h
[1.940s] -- Up-to-date: /home/delewlew/assessments/coursework1/src/install/cooing_code_interfaces/include/cooing_code_interfaces/cooing_code_interfaces/srv/detail/turn_robot_on__rosidl_typesupport_fastrtps_c.h
[1.940s] -- Up-to-date: /home/delewlew/assessments/coursework1/src/install/cooing_code_interfaces/lib/libcooing_code_interfaces__rosidl_typesupport_fastrtps_c.so
[1.940s] -- Up-to-date: /home/delewlew/assessments/coursework1/src/install/cooing_code_interfaces/include/cooing_code_interfaces/cooing_code_interfaces
[1.941s] -- Up-to-date: /home/delewlew/assessments/coursework1/src/install/cooing_code_interfaces/include/cooing_code_interfaces/cooing_code_interfaces/msg
[1.941s] -- Up-to-date: /home/delewlew/assessments/coursework1/src/install/cooing_code_interfaces/include/cooing_code_interfaces/cooing_code_interfaces/msg/rosidl_typesupport_introspection_c__visibility_control.h
[1.942s] -- Up-to-date: /home/delewlew/assessments/coursework1/src/install/cooing_code_interfaces/include/cooing_code_interfaces/cooing_code_interfaces/msg/detail
[1.942s] -- Up-to-date: /home/delewlew/assessments/coursework1/src/install/cooing_code_interfaces/include/cooing_code_interfaces/cooing_code_interfaces/msg/detail/wheel_velocities__type_support.c
[1.942s] -- Up-to-date: /home/delewlew/assessments/coursework1/src/install/cooing_code_interfaces/include/cooing_code_interfaces/cooing_code_interfaces/msg/detail/wheel_velocities__rosidl_typesupport_introspection_c.h
[1.942s] -- Up-to-date: /home/delewlew/assessments/coursework1/src/install/cooing_code_interfaces/include/cooing_code_interfaces/cooing_code_interfaces/msg/detail/task_space_pose__type_support.c
[1.942s] -- Up-to-date: /home/delewlew/assessments/coursework1/src/install/cooing_code_interfaces/include/cooing_code_interfaces/cooing_code_interfaces/msg/detail/task_space_pose__rosidl_typesupport_introspection_c.h
[1.943s] -- Up-to-date: /home/delewlew/assessments/coursework1/src/install/cooing_code_interfaces/include/cooing_code_interfaces/cooing_code_interfaces/srv
[1.943s] -- Up-to-date: /home/delewlew/assessments/coursework1/src/install/cooing_code_interfaces/include/cooing_code_interfaces/cooing_code_interfaces/srv/detail
[1.943s] -- Up-to-date: /home/delewlew/assessments/coursework1/src/install/cooing_code_interfaces/include/cooing_code_interfaces/cooing_code_interfaces/srv/detail/turn_robot_off__rosidl_typesupport_introspection_c.h
[1.944s] -- Up-to-date: /home/delewlew/assessments/coursework1/src/install/cooing_code_interfaces/include/cooing_code_interfaces/cooing_code_interfaces/srv/detail/turn_robot_on__type_support.c
[1.944s] -- Up-to-date: /home/delewlew/assessments/coursework1/src/install/cooing_code_interfaces/include/cooing_code_interfaces/cooing_code_interfaces/srv/detail/turn_robot_on__rosidl_typesupport_introspection_c.h
[1.944s] -- Up-to-date: /home/delewlew/assessments/coursework1/src/install/cooing_code_interfaces/include/cooing_code_interfaces/cooing_code_interfaces/srv/detail/turn_robot_off__type_support.c
[1.944s] -- Up-to-date: /home/delewlew/assessments/coursework1/src/install/cooing_code_interfaces/lib/libcooing_code_interfaces__rosidl_typesupport_introspection_c.so
[1.944s] -- Up-to-date: /home/delewlew/assessments/coursework1/src/install/cooing_code_interfaces/lib/libcooing_code_interfaces__rosidl_typesupport_c.so
[1.945s] -- Up-to-date: /home/delewlew/assessments/coursework1/src/install/cooing_code_interfaces/include/cooing_code_interfaces/cooing_code_interfaces
[1.945s] -- Up-to-date: /home/delewlew/assessments/coursework1/src/install/cooing_code_interfaces/include/cooing_code_interfaces/cooing_code_interfaces/msg
[1.945s] -- Up-to-date: /home/delewlew/assessments/coursework1/src/install/cooing_code_interfaces/include/cooing_code_interfaces/cooing_code_interfaces/msg/detail
[1.945s] -- Up-to-date: /home/delewlew/assessments/coursework1/src/install/cooing_code_interfaces/include/cooing_code_interfaces/cooing_code_interfaces/msg/detail/task_space_pose__struct.hpp
[1.945s] -- Up-to-date: /home/delewlew/assessments/coursework1/src/install/cooing_code_interfaces/include/cooing_code_interfaces/cooing_code_interfaces/msg/detail/wheel_velocities__builder.hpp
[1.946s] -- Up-to-date: /home/delewlew/assessments/coursework1/src/install/cooing_code_interfaces/include/cooing_code_interfaces/cooing_code_interfaces/msg/detail/wheel_velocities__struct.hpp
[1.946s] -- Up-to-date: /home/delewlew/assessments/coursework1/src/install/cooing_code_interfaces/include/cooing_code_interfaces/cooing_code_interfaces/msg/detail/task_space_pose__builder.hpp
[1.947s] -- Up-to-date: /home/delewlew/assessments/coursework1/src/install/cooing_code_interfaces/include/cooing_code_interfaces/cooing_code_interfaces/msg/detail/task_space_pose__traits.hpp
[1.947s] -- Up-to-date: /home/delewlew/assessments/coursework1/src/install/cooing_code_interfaces/include/cooing_code_interfaces/cooing_code_interfaces/msg/detail/wheel_velocities__traits.hpp
[1.947s] -- Up-to-date: /home/delewlew/assessments/coursework1/src/install/cooing_code_interfaces/include/cooing_code_interfaces/cooing_code_interfaces/msg/wheel_velocities.hpp
[1.947s] -- Up-to-date: /home/delewlew/assessments/coursework1/src/install/cooing_code_interfaces/include/cooing_code_interfaces/cooing_code_interfaces/msg/task_space_pose.hpp
[1.947s] -- Up-to-date: /home/delewlew/assessments/coursework1/src/install/cooing_code_interfaces/include/cooing_code_interfaces/cooing_code_interfaces/srv
[1.947s] -- Up-to-date: /home/delewlew/assessments/coursework1/src/install/cooing_code_interfaces/include/cooing_code_interfaces/cooing_code_interfaces/srv/turn_robot_on.hpp
[1.948s] -- Up-to-date: /home/delewlew/assessments/coursework1/src/install/cooing_code_interfaces/include/cooing_code_interfaces/cooing_code_interfaces/srv/turn_robot_off.hpp
[1.948s] -- Up-to-date: /home/delewlew/assessments/coursework1/src/install/cooing_code_interfaces/include/cooing_code_interfaces/cooing_code_interfaces/srv/detail
[1.948s] -- Up-to-date: /home/delewlew/assessments/coursework1/src/install/cooing_code_interfaces/include/cooing_code_interfaces/cooing_code_interfaces/srv/detail/turn_robot_on__builder.hpp
[1.948s] -- Up-to-date: /home/delewlew/assessments/coursework1/src/install/cooing_code_interfaces/include/cooing_code_interfaces/cooing_code_interfaces/srv/detail/turn_robot_off__builder.hpp
[1.948s] -- Up-to-date: /home/delewlew/assessments/coursework1/src/install/cooing_code_interfaces/include/cooing_code_interfaces/cooing_code_interfaces/srv/detail/turn_robot_off__struct.hpp
[1.949s] -- Up-to-date: /home/delewlew/assessments/coursework1/src/install/cooing_code_interfaces/include/cooing_code_interfaces/cooing_code_interfaces/srv/detail/turn_robot_on__struct.hpp
[1.949s] -- Up-to-date: /home/delewlew/assessments/coursework1/src/install/cooing_code_interfaces/include/cooing_code_interfaces/cooing_code_interfaces/srv/detail/turn_robot_off__traits.hpp
[1.949s] -- Up-to-date: /home/delewlew/assessments/coursework1/src/install/cooing_code_interfaces/include/cooing_code_interfaces/cooing_code_interfaces/srv/detail/turn_robot_on__traits.hpp
[1.949s] -- Up-to-date: /home/delewlew/assessments/coursework1/src/install/cooing_code_interfaces/include/cooing_code_interfaces/cooing_code_interfaces
[1.949s] -- Up-to-date: /home/delewlew/assessments/coursework1/src/install/cooing_code_interfaces/include/cooing_code_interfaces/cooing_code_interfaces/msg
[1.949s] -- Up-to-date: /home/delewlew/assessments/coursework1/src/install/cooing_code_interfaces/include/cooing_code_interfaces/cooing_code_interfaces/msg/rosidl_typesupport_fastrtps_cpp__visibility_control.h
[1.949s] -- Up-to-date: /home/delewlew/assessments/coursework1/src/install/cooing_code_interfaces/include/cooing_code_interfaces/cooing_code_interfaces/msg/detail
[1.950s] -- Up-to-date: /home/delewlew/assessments/coursework1/src/install/cooing_code_interfaces/include/cooing_code_interfaces/cooing_code_interfaces/msg/detail/wheel_velocities__rosidl_typesupport_fastrtps_cpp.hpp
[1.950s] -- Up-to-date: /home/delewlew/assessments/coursework1/src/install/cooing_code_interfaces/include/cooing_code_interfaces/cooing_code_interfaces/msg/detail/dds_fastrtps
[1.950s] -- Up-to-date: /home/delewlew/assessments/coursework1/src/install/cooing_code_interfaces/include/cooing_code_interfaces/cooing_code_interfaces/msg/detail/task_space_pose__rosidl_typesupport_fastrtps_cpp.hpp
[1.950s] -- Up-to-date: /home/delewlew/assessments/coursework1/src/install/cooing_code_interfaces/include/cooing_code_interfaces/cooing_code_interfaces/srv
[1.950s] -- Up-to-date: /home/delewlew/assessments/coursework1/src/install/cooing_code_interfaces/include/cooing_code_interfaces/cooing_code_interfaces/srv/detail
[1.950s] -- Up-to-date: /home/delewlew/assessments/coursework1/src/install/cooing_code_interfaces/include/cooing_code_interfaces/cooing_code_interfaces/srv/detail/dds_fastrtps
[1.950s] -- Up-to-date: /home/delewlew/assessments/coursework1/src/install/cooing_code_interfaces/include/cooing_code_interfaces/cooing_code_interfaces/srv/detail/turn_robot_on__rosidl_typesupport_fastrtps_cpp.hpp
[1.951s] -- Up-to-date: /home/delewlew/assessments/coursework1/src/install/cooing_code_interfaces/include/cooing_code_interfaces/cooing_code_interfaces/srv/detail/turn_robot_off__rosidl_typesupport_fastrtps_cpp.hpp
[1.951s] -- Up-to-date: /home/delewlew/assessments/coursework1/src/install/cooing_code_interfaces/lib/libcooing_code_interfaces__rosidl_typesupport_fastrtps_cpp.so
[1.951s] -- Up-to-date: /home/delewlew/assessments/coursework1/src/install/cooing_code_interfaces/include/cooing_code_interfaces/cooing_code_interfaces
[1.951s] -- Up-to-date: /home/delewlew/assessments/coursework1/src/install/cooing_code_interfaces/include/cooing_code_interfaces/cooing_code_interfaces/msg
[1.951s] -- Up-to-date: /home/delewlew/assessments/coursework1/src/install/cooing_code_interfaces/include/cooing_code_interfaces/cooing_code_interfaces/msg/detail
[1.951s] -- Up-to-date: /home/delewlew/assessments/coursework1/src/install/cooing_code_interfaces/include/cooing_code_interfaces/cooing_code_interfaces/msg/detail/task_space_pose__type_support.cpp
[1.951s] -- Up-to-date: /home/delewlew/assessments/coursework1/src/install/cooing_code_interfaces/include/cooing_code_interfaces/cooing_code_interfaces/msg/detail/task_space_pose__rosidl_typesupport_introspection_cpp.hpp
[1.952s] -- Up-to-date: /home/delewlew/assessments/coursework1/src/install/cooing_code_interfaces/include/cooing_code_interfaces/cooing_code_interfaces/msg/detail/wheel_velocities__type_support.cpp
[1.952s] -- Up-to-date: /home/delewlew/assessments/coursework1/src/install/cooing_code_interfaces/include/cooing_code_interfaces/cooing_code_interfaces/msg/detail/wheel_velocities__rosidl_typesupport_introspection_cpp.hpp
[1.952s] -- Up-to-date: /home/delewlew/assessments/coursework1/src/install/cooing_code_interfaces/include/cooing_code_interfaces/cooing_code_interfaces/srv
[1.952s] -- Up-to-date: /home/delewlew/assessments/coursework1/src/install/cooing_code_interfaces/include/cooing_code_interfaces/cooing_code_interfaces/srv/detail
[1.952s] -- Up-to-date: /home/delewlew/assessments/coursework1/src/install/cooing_code_interfaces/include/cooing_code_interfaces/cooing_code_interfaces/srv/detail/turn_robot_on__rosidl_typesupport_introspection_cpp.hpp
[1.952s] -- Up-to-date: /home/delewlew/assessments/coursework1/src/install/cooing_code_interfaces/include/cooing_code_interfaces/cooing_code_interfaces/srv/detail/turn_robot_on__type_support.cpp
[1.952s] -- Up-to-date: /home/delewlew/assessments/coursework1/src/install/cooing_code_interfaces/include/cooing_code_interfaces/cooing_code_interfaces/srv/detail/turn_robot_off__type_support.cpp
[1.953s] -- Up-to-date: /home/delewlew/assessments/coursework1/src/install/cooing_code_interfaces/include/cooing_code_interfaces/cooing_code_interfaces/srv/detail/turn_robot_off__rosidl_typesupport_introspection_cpp.hpp
[1.953s] -- Up-to-date: /home/delewlew/assessments/coursework1/src/install/cooing_code_interfaces/lib/libcooing_code_interfaces__rosidl_typesupport_introspection_cpp.so
[1.953s] -- Up-to-date: /home/delewlew/assessments/coursework1/src/install/cooing_code_interfaces/lib/libcooing_code_interfaces__rosidl_typesupport_cpp.so
[1.953s] -- Up-to-date: /home/delewlew/assessments/coursework1/src/install/cooing_code_interfaces/share/cooing_code_interfaces/environment/pythonpath.sh
[1.953s] -- Up-to-date: /home/delewlew/assessments/coursework1/src/install/cooing_code_interfaces/share/cooing_code_interfaces/environment/pythonpath.dsv
[1.953s] -- Up-to-date: /home/delewlew/assessments/coursework1/src/install/cooing_code_interfaces/local/lib/python3.10/dist-packages/cooing_code_interfaces-0.0.0-py3.10.egg-info
[1.953s] -- Installing: /home/delewlew/assessments/coursework1/src/install/cooing_code_interfaces/local/lib/python3.10/dist-packages/cooing_code_interfaces-0.0.0-py3.10.egg-info/PKG-INFO
[1.954s] -- Installing: /home/delewlew/assessments/coursework1/src/install/cooing_code_interfaces/local/lib/python3.10/dist-packages/cooing_code_interfaces-0.0.0-py3.10.egg-info/dependency_links.txt
[1.954s] -- Installing: /home/delewlew/assessments/coursework1/src/install/cooing_code_interfaces/local/lib/python3.10/dist-packages/cooing_code_interfaces-0.0.0-py3.10.egg-info/SOURCES.txt
[1.954s] -- Installing: /home/delewlew/assessments/coursework1/src/install/cooing_code_interfaces/local/lib/python3.10/dist-packages/cooing_code_interfaces-0.0.0-py3.10.egg-info/top_level.txt
[1.954s] -- Up-to-date: /home/delewlew/assessments/coursework1/src/install/cooing_code_interfaces/local/lib/python3.10/dist-packages/cooing_code_interfaces
[1.954s] -- Up-to-date: /home/delewlew/assessments/coursework1/src/install/cooing_code_interfaces/local/lib/python3.10/dist-packages/cooing_code_interfaces/libcooing_code_interfaces__rosidl_generator_py.so
[1.954s] -- Up-to-date: /home/delewlew/assessments/coursework1/src/install/cooing_code_interfaces/local/lib/python3.10/dist-packages/cooing_code_interfaces/cooing_code_interfaces_s__rosidl_typesupport_fastrtps_c.cpython-310-x86_64-linux-gnu.so
[1.954s] -- Up-to-date: /home/delewlew/assessments/coursework1/src/install/cooing_code_interfaces/local/lib/python3.10/dist-packages/cooing_code_interfaces/cooing_code_interfaces_s__rosidl_typesupport_c.cpython-310-x86_64-linux-gnu.so
[1.954s] -- Up-to-date: /home/delewlew/assessments/coursework1/src/install/cooing_code_interfaces/local/lib/python3.10/dist-packages/cooing_code_interfaces/cooing_code_interfaces_s__rosidl_typesupport_introspection_c.cpython-310-x86_64-linux-gnu.so
[1.955s] -- Up-to-date: /home/delewlew/assessments/coursework1/src/install/cooing_code_interfaces/local/lib/python3.10/dist-packages/cooing_code_interfaces/_cooing_code_interfaces_s.ep.rosidl_typesupport_c.c
[1.955s] -- Up-to-date: /home/delewlew/assessments/coursework1/src/install/cooing_code_interfaces/local/lib/python3.10/dist-packages/cooing_code_interfaces/_cooing_code_interfaces_s.ep.rosidl_typesupport_fastrtps_c.c
[1.955s] -- Up-to-date: /home/delewlew/assessments/coursework1/src/install/cooing_code_interfaces/local/lib/python3.10/dist-packages/cooing_code_interfaces/_cooing_code_interfaces_s.ep.rosidl_typesupport_introspection_c.c
[1.955s] -- Up-to-date: /home/delewlew/assessments/coursework1/src/install/cooing_code_interfaces/local/lib/python3.10/dist-packages/cooing_code_interfaces/msg
[1.956s] -- Up-to-date: /home/delewlew/assessments/coursework1/src/install/cooing_code_interfaces/local/lib/python3.10/dist-packages/cooing_code_interfaces/msg/_task_space_pose.py
[1.956s] -- Up-to-date: /home/delewlew/assessments/coursework1/src/install/cooing_code_interfaces/local/lib/python3.10/dist-packages/cooing_code_interfaces/msg/_wheel_velocities_s.c
[1.956s] -- Up-to-date: /home/delewlew/assessments/coursework1/src/install/cooing_code_interfaces/local/lib/python3.10/dist-packages/cooing_code_interfaces/msg/_task_space_pose_s.c
[1.956s] -- Up-to-date: /home/delewlew/assessments/coursework1/src/install/cooing_code_interfaces/local/lib/python3.10/dist-packages/cooing_code_interfaces/msg/_wheel_velocities.py
[1.956s] -- Up-to-date: /home/delewlew/assessments/coursework1/src/install/cooing_code_interfaces/local/lib/python3.10/dist-packages/cooing_code_interfaces/msg/__init__.py
[1.956s] -- Up-to-date: /home/delewlew/assessments/coursework1/src/install/cooing_code_interfaces/local/lib/python3.10/dist-packages/cooing_code_interfaces/srv
[1.956s] -- Up-to-date: /home/delewlew/assessments/coursework1/src/install/cooing_code_interfaces/local/lib/python3.10/dist-packages/cooing_code_interfaces/srv/_turn_robot_on.py
[1.956s] -- Up-to-date: /home/delewlew/assessments/coursework1/src/install/cooing_code_interfaces/local/lib/python3.10/dist-packages/cooing_code_interfaces/srv/_turn_robot_off.py
[1.957s] -- Up-to-date: /home/delewlew/assessments/coursework1/src/install/cooing_code_interfaces/local/lib/python3.10/dist-packages/cooing_code_interfaces/srv/_turn_robot_on_s.c
[1.957s] -- Up-to-date: /home/delewlew/assessments/coursework1/src/install/cooing_code_interfaces/local/lib/python3.10/dist-packages/cooing_code_interfaces/srv/_turn_robot_off_s.c
[1.957s] -- Up-to-date: /home/delewlew/assessments/coursework1/src/install/cooing_code_interfaces/local/lib/python3.10/dist-packages/cooing_code_interfaces/srv/__init__.py
[1.957s] -- Up-to-date: /home/delewlew/assessments/coursework1/src/install/cooing_code_interfaces/local/lib/python3.10/dist-packages/cooing_code_interfaces/__init__.py
[2.094s] Listing '/home/delewlew/assessments/coursework1/src/install/cooing_code_interfaces/local/lib/python3.10/dist-packages/cooing_code_interfaces'...
[2.095s] Listing '/home/delewlew/assessments/coursework1/src/install/cooing_code_interfaces/local/lib/python3.10/dist-packages/cooing_code_interfaces/msg'...
[2.095s] Listing '/home/delewlew/assessments/coursework1/src/install/cooing_code_interfaces/local/lib/python3.10/dist-packages/cooing_code_interfaces/srv'...
[2.109s] -- Up-to-date: /home/delewlew/assessments/coursework1/src/install/cooing_code_interfaces/local/lib/python3.10/dist-packages/cooing_code_interfaces/cooing_code_interfaces_s__rosidl_typesupport_fastrtps_c.cpython-310-x86_64-linux-gnu.so
[2.110s] -- Up-to-date: /home/delewlew/assessments/coursework1/src/install/cooing_code_interfaces/local/lib/python3.10/dist-packages/cooing_code_interfaces/cooing_code_interfaces_s__rosidl_typesupport_introspection_c.cpython-310-x86_64-linux-gnu.so
[2.111s] -- Up-to-date: /home/delewlew/assessments/coursework1/src/install/cooing_code_interfaces/local/lib/python3.10/dist-packages/cooing_code_interfaces/cooing_code_interfaces_s__rosidl_typesupport_c.cpython-310-x86_64-linux-gnu.so
[2.112s] -- Up-to-date: /home/delewlew/assessments/coursework1/src/install/cooing_code_interfaces/lib/libcooing_code_interfaces__rosidl_generator_py.so
[2.112s] -- Up-to-date: /home/delewlew/assessments/coursework1/src/install/cooing_code_interfaces/share/cooing_code_interfaces/msg/WheelVelocities.idl
[2.113s] -- Up-to-date: /home/delewlew/assessments/coursework1/src/install/cooing_code_interfaces/share/cooing_code_interfaces/msg/TaskSpacePose.idl
[2.113s] -- Up-to-date: /home/delewlew/assessments/coursework1/src/install/cooing_code_interfaces/share/cooing_code_interfaces/srv/TurnRobotOn.idl
[2.113s] -- Up-to-date: /home/delewlew/assessments/coursework1/src/install/cooing_code_interfaces/share/cooing_code_interfaces/srv/TurnRobotOff.idl
[2.113s] -- Up-to-date: /home/delewlew/assessments/coursework1/src/install/cooing_code_interfaces/share/cooing_code_interfaces/msg/WheelVelocities.msg
[2.113s] -- Up-to-date: /home/delewlew/assessments/coursework1/src/install/cooing_code_interfaces/share/cooing_code_interfaces/msg/TaskSpacePose.msg
[2.114s] -- Up-to-date: /home/delewlew/assessments/coursework1/src/install/cooing_code_interfaces/share/cooing_code_interfaces/srv/TurnRobotOn.srv
[2.114s] -- Up-to-date: /home/delewlew/assessments/coursework1/src/install/cooing_code_interfaces/share/cooing_code_interfaces/srv/TurnRobotOn_Request.msg
[2.114s] -- Up-to-date: /home/delewlew/assessments/coursework1/src/install/cooing_code_interfaces/share/cooing_code_interfaces/srv/TurnRobotOn_Response.msg
[2.114s] -- Up-to-date: /home/delewlew/assessments/coursework1/src/install/cooing_code_interfaces/share/cooing_code_interfaces/srv/TurnRobotOff.srv
[2.114s] -- Up-to-date: /home/delewlew/assessments/coursework1/src/install/cooing_code_interfaces/share/cooing_code_interfaces/srv/TurnRobotOff_Request.msg
[2.115s] -- Up-to-date: /home/delewlew/assessments/coursework1/src/install/cooing_code_interfaces/share/cooing_code_interfaces/srv/TurnRobotOff_Response.msg
[2.115s] -- Up-to-date: /home/delewlew/assessments/coursework1/src/install/cooing_code_interfaces/share/ament_index/resource_index/package_run_dependencies/cooing_code_interfaces
[2.116s] -- Up-to-date: /home/delewlew/assessments/coursework1/src/install/cooing_code_interfaces/share/ament_index/resource_index/parent_prefix_path/cooing_code_interfaces
[2.116s] -- Up-to-date: /home/delewlew/assessments/coursework1/src/install/cooing_code_interfaces/share/cooing_code_interfaces/environment/ament_prefix_path.sh
[2.116s] -- Up-to-date: /home/delewlew/assessments/coursework1/src/install/cooing_code_interfaces/share/cooing_code_interfaces/environment/ament_prefix_path.dsv
[2.116s] -- Up-to-date: /home/delewlew/assessments/coursework1/src/install/cooing_code_interfaces/share/cooing_code_interfaces/environment/path.sh
[2.117s] -- Up-to-date: /home/delewlew/assessments/coursework1/src/install/cooing_code_interfaces/share/cooing_code_interfaces/environment/path.dsv
[2.117s] -- Up-to-date: /home/delewlew/assessments/coursework1/src/install/cooing_code_interfaces/share/cooing_code_interfaces/local_setup.bash
[2.117s] -- Up-to-date: /home/delewlew/assessments/coursework1/src/install/cooing_code_interfaces/share/cooing_code_interfaces/local_setup.sh
[2.118s] -- Up-to-date: /home/delewlew/assessments/coursework1/src/install/cooing_code_interfaces/share/cooing_code_interfaces/local_setup.zsh
[2.118s] -- Up-to-date: /home/delewlew/assessments/coursework1/src/install/cooing_code_interfaces/share/cooing_code_interfaces/local_setup.dsv
[2.118s] -- Installing: /home/delewlew/assessments/coursework1/src/install/cooing_code_interfaces/share/cooing_code_interfaces/package.dsv
[2.118s] -- Up-to-date: /home/delewlew/assessments/coursework1/src/install/cooing_code_interfaces/share/ament_index/resource_index/packages/cooing_code_interfaces
[2.118s] -- Up-to-date: /home/delewlew/assessments/coursework1/src/install/cooing_code_interfaces/share/cooing_code_interfaces/cmake/export_cooing_code_interfaces__rosidl_generator_cExport.cmake
[2.118s] -- Up-to-date: /home/delewlew/assessments/coursework1/src/install/cooing_code_interfaces/share/cooing_code_interfaces/cmake/export_cooing_code_interfaces__rosidl_generator_cExport-noconfig.cmake
[2.119s] -- Up-to-date: /home/delewlew/assessments/coursework1/src/install/cooing_code_interfaces/share/cooing_code_interfaces/cmake/export_cooing_code_interfaces__rosidl_typesupport_fastrtps_cExport.cmake
[2.119s] -- Up-to-date: /home/delewlew/assessments/coursework1/src/install/cooing_code_interfaces/share/cooing_code_interfaces/cmake/export_cooing_code_interfaces__rosidl_typesupport_fastrtps_cExport-noconfig.cmake
[2.119s] -- Up-to-date: /home/delewlew/assessments/coursework1/src/install/cooing_code_interfaces/share/cooing_code_interfaces/cmake/cooing_code_interfaces__rosidl_typesupport_introspection_cExport.cmake
[2.119s] -- Up-to-date: /home/delewlew/assessments/coursework1/src/install/cooing_code_interfaces/share/cooing_code_interfaces/cmake/cooing_code_interfaces__rosidl_typesupport_introspection_cExport-noconfig.cmake
[2.119s] -- Up-to-date: /home/delewlew/assessments/coursework1/src/install/cooing_code_interfaces/share/cooing_code_interfaces/cmake/cooing_code_interfaces__rosidl_typesupport_cExport.cmake
[2.119s] -- Up-to-date: /home/delewlew/assessments/coursework1/src/install/cooing_code_interfaces/share/cooing_code_interfaces/cmake/cooing_code_interfaces__rosidl_typesupport_cExport-noconfig.cmake
[2.119s] -- Up-to-date: /home/delewlew/assessments/coursework1/src/install/cooing_code_interfaces/share/cooing_code_interfaces/cmake/export_cooing_code_interfaces__rosidl_generator_cppExport.cmake
[2.120s] -- Up-to-date: /home/delewlew/assessments/coursework1/src/install/cooing_code_interfaces/share/cooing_code_interfaces/cmake/export_cooing_code_interfaces__rosidl_typesupport_fastrtps_cppExport.cmake
[2.120s] -- Up-to-date: /home/delewlew/assessments/coursework1/src/install/cooing_code_interfaces/share/cooing_code_interfaces/cmake/export_cooing_code_interfaces__rosidl_typesupport_fastrtps_cppExport-noconfig.cmake
[2.120s] -- Up-to-date: /home/delewlew/assessments/coursework1/src/install/cooing_code_interfaces/share/cooing_code_interfaces/cmake/cooing_code_interfaces__rosidl_typesupport_introspection_cppExport.cmake
[2.120s] -- Up-to-date: /home/delewlew/assessments/coursework1/src/install/cooing_code_interfaces/share/cooing_code_interfaces/cmake/cooing_code_interfaces__rosidl_typesupport_introspection_cppExport-noconfig.cmake
[2.120s] -- Up-to-date: /home/delewlew/assessments/coursework1/src/install/cooing_code_interfaces/share/cooing_code_interfaces/cmake/cooing_code_interfaces__rosidl_typesupport_cppExport.cmake
[2.121s] -- Up-to-date: /home/delewlew/assessments/coursework1/src/install/cooing_code_interfaces/share/cooing_code_interfaces/cmake/cooing_code_interfaces__rosidl_typesupport_cppExport-noconfig.cmake
[2.121s] -- Up-to-date: /home/delewlew/assessments/coursework1/src/install/cooing_code_interfaces/share/cooing_code_interfaces/cmake/export_cooing_code_interfaces__rosidl_generator_pyExport.cmake
[2.121s] -- Up-to-date: /home/delewlew/assessments/coursework1/src/install/cooing_code_interfaces/share/cooing_code_interfaces/cmake/export_cooing_code_interfaces__rosidl_generator_pyExport-noconfig.cmake
[2.121s] -- Up-to-date: /home/delewlew/assessments/coursework1/src/install/cooing_code_interfaces/share/cooing_code_interfaces/cmake/rosidl_cmake-extras.cmake
[2.121s] -- Up-to-date: /home/delewlew/assessments/coursework1/src/install/cooing_code_interfaces/share/cooing_code_interfaces/cmake/ament_cmake_export_include_directories-extras.cmake
[2.121s] -- Up-to-date: /home/delewlew/assessments/coursework1/src/install/cooing_code_interfaces/share/cooing_code_interfaces/cmake/ament_cmake_export_libraries-extras.cmake
[2.121s] -- Up-to-date: /home/delewlew/assessments/coursework1/src/install/cooing_code_interfaces/share/cooing_code_interfaces/cmake/ament_cmake_export_targets-extras.cmake
[2.121s] -- Up-to-date: /home/delewlew/assessments/coursework1/src/install/cooing_code_interfaces/share/cooing_code_interfaces/cmake/rosidl_cmake_export_typesupport_targets-extras.cmake
[2.122s] -- Up-to-date: /home/delewlew/assessments/coursework1/src/install/cooing_code_interfaces/share/cooing_code_interfaces/cmake/ament_cmake_export_dependencies-extras.cmake
[2.122s] -- Up-to-date: /home/delewlew/assessments/coursework1/src/install/cooing_code_interfaces/share/cooing_code_interfaces/cmake/rosidl_cmake_export_typesupport_libraries-extras.cmake
[2.122s] -- Up-to-date: /home/delewlew/assessments/coursework1/src/install/cooing_code_interfaces/share/cooing_code_interfaces/cmake/cooing_code_interfacesConfig.cmake
[2.122s] -- Up-to-date: /home/delewlew/assessments/coursework1/src/install/cooing_code_interfaces/share/cooing_code_interfaces/cmake/cooing_code_interfacesConfig-version.cmake
[2.122s] -- Up-to-date: /home/delewlew/assessments/coursework1/src/install/cooing_code_interfaces/share/cooing_code_interfaces/package.xml
[2.127s] Invoked command in '/home/delewlew/assessments/coursework1/src/build/cooing_code_interfaces' returned '0': CMAKE_PREFIX_PATH=${CMAKE_PREFIX_PATH}:/home/delewlew/assessments/coursework1/src/install/cooing_code_pkg:/home/delewlew/assessments/coursework1/src/install/cooing_code_controller:/opt/ros/humble /usr/bin/cmake --install /home/delewlew/assessments/coursework1/src/build/cooing_code_interfaces
