[0.931s] Invoking command in '/home/delewlew/assessments/week9/src/CA9_incomplete/example_urdf_robot': PYTHONPATH=/home/delewlew/assessments/week9/build/example_urdf_robot/prefix_override:/usr/lib/python3/dist-packages/colcon_core/task/python/colcon_distutils_commands:/home/delewlew/assessments/week9/install/example_urdf_robot/lib/python3.10/site-packages:${PYTHONPATH} /usr/bin/python3 -W ignore:setup.py install is deprecated setup.py egg_info --egg-base ../../../build/example_urdf_robot build --build-base /home/delewlew/assessments/week9/build/example_urdf_robot/build install --record /home/delewlew/assessments/week9/build/example_urdf_robot/install.log --single-version-externally-managed install_data
[1.198s] running egg_info
[1.198s] writing ../../../build/example_urdf_robot/example_urdf_robot.egg-info/PKG-INFO
[1.199s] writing dependency_links to ../../../build/example_urdf_robot/example_urdf_robot.egg-info/dependency_links.txt
[1.199s] writing entry points to ../../../build/example_urdf_robot/example_urdf_robot.egg-info/entry_points.txt
[1.199s] writing requirements to ../../../build/example_urdf_robot/example_urdf_robot.egg-info/requires.txt
[1.199s] writing top-level names to ../../../build/example_urdf_robot/example_urdf_robot.egg-info/top_level.txt
[1.201s] reading manifest file '../../../build/example_urdf_robot/example_urdf_robot.egg-info/SOURCES.txt'
[1.201s] adding license file 'LICENSE'
[1.202s] writing manifest file '../../../build/example_urdf_robot/example_urdf_robot.egg-info/SOURCES.txt'
[1.202s] running build
[1.202s] running build_py
[1.202s] running install
[1.202s] running install_lib
[1.204s] running install_data
[1.204s] running install_egg_info
[1.206s] removing '/home/delewlew/assessments/week9/install/example_urdf_robot/lib/python3.10/site-packages/example_urdf_robot-0.0.0-py3.10.egg-info' (and everything under it)
[1.207s] Copying ../../../build/example_urdf_robot/example_urdf_robot.egg-info to /home/delewlew/assessments/week9/install/example_urdf_robot/lib/python3.10/site-packages/example_urdf_robot-0.0.0-py3.10.egg-info
[1.208s] running install_scripts
[1.240s] writing list of installed files to '/home/delewlew/assessments/week9/build/example_urdf_robot/install.log'
[1.269s] Invoked command in '/home/delewlew/assessments/week9/src/CA9_incomplete/example_urdf_robot' returned '0': PYTHONPATH=/home/delewlew/assessments/week9/build/example_urdf_robot/prefix_override:/usr/lib/python3/dist-packages/colcon_core/task/python/colcon_distutils_commands:/home/delewlew/assessments/week9/install/example_urdf_robot/lib/python3.10/site-packages:${PYTHONPATH} /usr/bin/python3 -W ignore:setup.py install is deprecated setup.py egg_info --egg-base ../../../build/example_urdf_robot build --build-base /home/delewlew/assessments/week9/build/example_urdf_robot/build install --record /home/delewlew/assessments/week9/build/example_urdf_robot/install.log --single-version-externally-managed install_data
