[1.268s] Invoking command in '/home/delewlew/ros2_tutorial_workspace_2/src/the_simplest_python_package': PYTHONPATH=/home/delewlew/ros2_tutorial_workspace_2/src/build/the_simplest_python_package/prefix_override:/usr/lib/python3/dist-packages/colcon_core/task/python/colcon_distutils_commands:/home/delewlew/ros2_tutorial_workspace_2/src/install/the_simplest_python_package/lib/python3.10/site-packages:${PYTHONPATH} /usr/bin/python3 -W ignore:setup.py install is deprecated setup.py egg_info --egg-base ../build/the_simplest_python_package build --build-base /home/delewlew/ros2_tutorial_workspace_2/src/build/the_simplest_python_package/build install --record /home/delewlew/ros2_tutorial_workspace_2/src/build/the_simplest_python_package/install.log --single-version-externally-managed install_data
[1.658s] running egg_info
[1.659s] creating ../build/the_simplest_python_package/the_simplest_python_package.egg-info
[1.660s] writing ../build/the_simplest_python_package/the_simplest_python_package.egg-info/PKG-INFO
[1.660s] writing dependency_links to ../build/the_simplest_python_package/the_simplest_python_package.egg-info/dependency_links.txt
[1.660s] writing entry points to ../build/the_simplest_python_package/the_simplest_python_package.egg-info/entry_points.txt
[1.660s] writing requirements to ../build/the_simplest_python_package/the_simplest_python_package.egg-info/requires.txt
[1.661s] writing top-level names to ../build/the_simplest_python_package/the_simplest_python_package.egg-info/top_level.txt
[1.661s] writing manifest file '../build/the_simplest_python_package/the_simplest_python_package.egg-info/SOURCES.txt'
[1.664s] reading manifest file '../build/the_simplest_python_package/the_simplest_python_package.egg-info/SOURCES.txt'
[1.665s] writing manifest file '../build/the_simplest_python_package/the_simplest_python_package.egg-info/SOURCES.txt'
[1.666s] running build
[1.666s] running build_py
[1.666s] creating /home/delewlew/ros2_tutorial_workspace_2/src/build/the_simplest_python_package/build
[1.666s] creating /home/delewlew/ros2_tutorial_workspace_2/src/build/the_simplest_python_package/build/lib
[1.667s] creating /home/delewlew/ros2_tutorial_workspace_2/src/build/the_simplest_python_package/build/lib/the_simplest_python_package
[1.667s] copying the_simplest_python_package/__init__.py -> /home/delewlew/ros2_tutorial_workspace_2/src/build/the_simplest_python_package/build/lib/the_simplest_python_package
[1.667s] running install
[1.667s] running install_lib
[1.668s] creating /home/delewlew/ros2_tutorial_workspace_2/src/install/the_simplest_python_package/lib/python3.10/site-packages/the_simplest_python_package
[1.669s] copying /home/delewlew/ros2_tutorial_workspace_2/src/build/the_simplest_python_package/build/lib/the_simplest_python_package/__init__.py -> /home/delewlew/ros2_tutorial_workspace_2/src/install/the_simplest_python_package/lib/python3.10/site-packages/the_simplest_python_package
[1.670s] byte-compiling /home/delewlew/ros2_tutorial_workspace_2/src/install/the_simplest_python_package/lib/python3.10/site-packages/the_simplest_python_package/__init__.py to __init__.cpython-310.pyc
[1.670s] running install_data
[1.671s] creating /home/delewlew/ros2_tutorial_workspace_2/src/install/the_simplest_python_package/share/ament_index
[1.671s] creating /home/delewlew/ros2_tutorial_workspace_2/src/install/the_simplest_python_package/share/ament_index/resource_index
[1.671s] creating /home/delewlew/ros2_tutorial_workspace_2/src/install/the_simplest_python_package/share/ament_index/resource_index/packages
[1.671s] copying resource/the_simplest_python_package -> /home/delewlew/ros2_tutorial_workspace_2/src/install/the_simplest_python_package/share/ament_index/resource_index/packages
[1.671s] copying package.xml -> /home/delewlew/ros2_tutorial_workspace_2/src/install/the_simplest_python_package/share/the_simplest_python_package
[1.671s] running install_egg_info
[1.674s] Copying ../build/the_simplest_python_package/the_simplest_python_package.egg-info to /home/delewlew/ros2_tutorial_workspace_2/src/install/the_simplest_python_package/lib/python3.10/site-packages/the_simplest_python_package-0.0.0-py3.10.egg-info
[1.675s] running install_scripts
[1.712s] writing list of installed files to '/home/delewlew/ros2_tutorial_workspace_2/src/build/the_simplest_python_package/install.log'
[1.761s] Invoked command in '/home/delewlew/ros2_tutorial_workspace_2/src/the_simplest_python_package' returned '0': PYTHONPATH=/home/delewlew/ros2_tutorial_workspace_2/src/build/the_simplest_python_package/prefix_override:/usr/lib/python3/dist-packages/colcon_core/task/python/colcon_distutils_commands:/home/delewlew/ros2_tutorial_workspace_2/src/install/the_simplest_python_package/lib/python3.10/site-packages:${PYTHONPATH} /usr/bin/python3 -W ignore:setup.py install is deprecated setup.py egg_info --egg-base ../build/the_simplest_python_package build --build-base /home/delewlew/ros2_tutorial_workspace_2/src/build/the_simplest_python_package/build install --record /home/delewlew/ros2_tutorial_workspace_2/src/build/the_simplest_python_package/install.log --single-version-externally-managed install_data
