running egg_info
creating ../build/cesky_fousek_pkg/cesky_fousek_pkg.egg-info
writing ../build/cesky_fousek_pkg/cesky_fousek_pkg.egg-info/PKG-INFO
writing dependency_links to ../build/cesky_fousek_pkg/cesky_fousek_pkg.egg-info/dependency_links.txt
writing entry points to ../build/cesky_fousek_pkg/cesky_fousek_pkg.egg-info/entry_points.txt
writing requirements to ../build/cesky_fousek_pkg/cesky_fousek_pkg.egg-info/requires.txt
writing top-level names to ../build/cesky_fousek_pkg/cesky_fousek_pkg.egg-info/top_level.txt
writing manifest file '../build/cesky_fousek_pkg/cesky_fousek_pkg.egg-info/SOURCES.txt'
reading manifest file '../build/cesky_fousek_pkg/cesky_fousek_pkg.egg-info/SOURCES.txt'
writing manifest file '../build/cesky_fousek_pkg/cesky_fousek_pkg.egg-info/SOURCES.txt'
running build
running build_py
creating /home/delewlew/assessments/week10/build/cesky_fousek_pkg/build
creating /home/delewlew/assessments/week10/build/cesky_fousek_pkg/build/lib
creating /home/delewlew/assessments/week10/build/cesky_fousek_pkg/build/lib/cesky_fousek_pkg
copying cesky_fousek_pkg/__init__.py -> /home/delewlew/assessments/week10/build/cesky_fousek_pkg/build/lib/cesky_fousek_pkg
running install
running install_lib
creating /home/delewlew/assessments/week10/install/cesky_fousek_pkg/lib/python3.10/site-packages/cesky_fousek_pkg
copying /home/delewlew/assessments/week10/build/cesky_fousek_pkg/build/lib/cesky_fousek_pkg/__init__.py -> /home/delewlew/assessments/week10/install/cesky_fousek_pkg/lib/python3.10/site-packages/cesky_fousek_pkg
byte-compiling /home/delewlew/assessments/week10/install/cesky_fousek_pkg/lib/python3.10/site-packages/cesky_fousek_pkg/__init__.py to __init__.cpython-310.pyc
running install_data
creating /home/delewlew/assessments/week10/install/cesky_fousek_pkg/share/ament_index
creating /home/delewlew/assessments/week10/install/cesky_fousek_pkg/share/ament_index/resource_index
creating /home/delewlew/assessments/week10/install/cesky_fousek_pkg/share/ament_index/resource_index/packages
copying resource/cesky_fousek_pkg -> /home/delewlew/assessments/week10/install/cesky_fousek_pkg/share/ament_index/resource_index/packages
copying package.xml -> /home/delewlew/assessments/week10/install/cesky_fousek_pkg/share/cesky_fousek_pkg
creating /home/delewlew/assessments/week10/install/cesky_fousek_pkg/share/cesky_fousek_pkg/launch
creating /home/delewlew/assessments/week10/install/cesky_fousek_pkg/share/cesky_fousek_pkg/config
copying config/decelea.yaml -> /home/delewlew/assessments/week10/install/cesky_fousek_pkg/share/cesky_fousek_pkg/config
copying config/tingi.yaml -> /home/delewlew/assessments/week10/install/cesky_fousek_pkg/share/cesky_fousek_pkg/config
running install_egg_info
Copying ../build/cesky_fousek_pkg/cesky_fousek_pkg.egg-info to /home/delewlew/assessments/week10/install/cesky_fousek_pkg/lib/python3.10/site-packages/cesky_fousek_pkg-0.0.0-py3.10.egg-info
running install_scripts
writing list of installed files to '/home/delewlew/assessments/week10/build/cesky_fousek_pkg/install.log'
