running egg_info
creating ../../../build/example_gz_robot/example_gz_robot.egg-info
writing ../../../build/example_gz_robot/example_gz_robot.egg-info/PKG-INFO
writing dependency_links to ../../../build/example_gz_robot/example_gz_robot.egg-info/dependency_links.txt
writing entry points to ../../../build/example_gz_robot/example_gz_robot.egg-info/entry_points.txt
writing requirements to ../../../build/example_gz_robot/example_gz_robot.egg-info/requires.txt
writing top-level names to ../../../build/example_gz_robot/example_gz_robot.egg-info/top_level.txt
writing manifest file '../../../build/example_gz_robot/example_gz_robot.egg-info/SOURCES.txt'
reading manifest file '../../../build/example_gz_robot/example_gz_robot.egg-info/SOURCES.txt'
writing manifest file '../../../build/example_gz_robot/example_gz_robot.egg-info/SOURCES.txt'
running build
running build_py
creating /home/delewlew/assessments/week9/build/example_gz_robot/build
creating /home/delewlew/assessments/week9/build/example_gz_robot/build/lib
creating /home/delewlew/assessments/week9/build/example_gz_robot/build/lib/example_gz_robot
copying example_gz_robot/__init__.py -> /home/delewlew/assessments/week9/build/example_gz_robot/build/lib/example_gz_robot
running install
running install_lib
creating /home/delewlew/assessments/week9/install/example_gz_robot/lib/python3.10/site-packages/example_gz_robot
copying /home/delewlew/assessments/week9/build/example_gz_robot/build/lib/example_gz_robot/__init__.py -> /home/delewlew/assessments/week9/install/example_gz_robot/lib/python3.10/site-packages/example_gz_robot
byte-compiling /home/delewlew/assessments/week9/install/example_gz_robot/lib/python3.10/site-packages/example_gz_robot/__init__.py to __init__.cpython-310.pyc
running install_data
creating /home/delewlew/assessments/week9/install/example_gz_robot/share/ament_index
creating /home/delewlew/assessments/week9/install/example_gz_robot/share/ament_index/resource_index
creating /home/delewlew/assessments/week9/install/example_gz_robot/share/ament_index/resource_index/packages
copying resource/example_gz_robot -> /home/delewlew/assessments/week9/install/example_gz_robot/share/ament_index/resource_index/packages
copying package.xml -> /home/delewlew/assessments/week9/install/example_gz_robot/share/example_gz_robot
creating /home/delewlew/assessments/week9/install/example_gz_robot/share/example_gz_robot/launch
copying launch/cats_paw.launch.py -> /home/delewlew/assessments/week9/install/example_gz_robot/share/example_gz_robot/launch
copying launch/simulation_bringup.launch.py -> /home/delewlew/assessments/week9/install/example_gz_robot/share/example_gz_robot/launch
copying launch/sim_robot.launch.py -> /home/delewlew/assessments/week9/install/example_gz_robot/share/example_gz_robot/launch
copying launch/localisation.launch.py -> /home/delewlew/assessments/week9/install/example_gz_robot/share/example_gz_robot/launch
copying launch/map_server.launch.py -> /home/delewlew/assessments/week9/install/example_gz_robot/share/example_gz_robot/launch
copying launch/slam.launch.py -> /home/delewlew/assessments/week9/install/example_gz_robot/share/example_gz_robot/launch
creating /home/delewlew/assessments/week9/install/example_gz_robot/share/example_gz_robot/rviz
copying rviz/localisation.rviz -> /home/delewlew/assessments/week9/install/example_gz_robot/share/example_gz_robot/rviz
copying rviz/slam.rviz -> /home/delewlew/assessments/week9/install/example_gz_robot/share/example_gz_robot/rviz
creating /home/delewlew/assessments/week9/install/example_gz_robot/share/example_gz_robot/worlds
copying worlds/assessment_env.sdf -> /home/delewlew/assessments/week9/install/example_gz_robot/share/example_gz_robot/worlds
copying worlds/tb3.sdf -> /home/delewlew/assessments/week9/install/example_gz_robot/share/example_gz_robot/worlds
copying worlds/meshes/wall.dae -> /home/delewlew/assessments/week9/install/example_gz_robot/share/example_gz_robot/worlds
copying worlds/meshes/hexagon.dae -> /home/delewlew/assessments/week9/install/example_gz_robot/share/example_gz_robot/worlds
creating /home/delewlew/assessments/week9/install/example_gz_robot/share/example_gz_robot/config
creating /home/delewlew/assessments/week9/install/example_gz_robot/share/example_gz_robot/maps
copying maps/turtlebot3_world.yaml -> /home/delewlew/assessments/week9/install/example_gz_robot/share/example_gz_robot/maps
copying maps/turtlebot3_world.pgm -> /home/delewlew/assessments/week9/install/example_gz_robot/share/example_gz_robot/maps
running install_egg_info
Copying ../../../build/example_gz_robot/example_gz_robot.egg-info to /home/delewlew/assessments/week9/install/example_gz_robot/lib/python3.10/site-packages/example_gz_robot-0.0.0-py3.10.egg-info
running install_scripts
writing list of installed files to '/home/delewlew/assessments/week9/build/example_gz_robot/install.log'
