[0.479s] DEBUG:colcon:Command line arguments: ['/usr/bin/colcon', 'build']
[0.479s] DEBUG:colcon:Parsed command line arguments: Namespace(log_base=None, log_level=None, verb_name='build', build_base='build', install_base='install', merge_install=False, symlink_install=False, test_result_base=None, continue_on_error=False, executor='parallel', parallel_workers=12, event_handlers=None, ignore_user_meta=False, metas=['./colcon.meta'], base_paths=['.'], packages_ignore=None, packages_ignore_regex=None, paths=None, packages_up_to=None, packages_up_to_regex=None, packages_above=None, packages_above_and_dependencies=None, packages_above_depth=None, packages_select_by_dep=None, packages_skip_by_dep=None, packages_skip_up_to=None, packages_select_build_failed=False, packages_skip_build_finished=False, packages_select_test_failures=False, packages_skip_test_passed=False, packages_select=None, packages_skip=None, packages_select_regex=None, packages_skip_regex=None, packages_start=None, packages_end=None, allow_overriding=[], cmake_args=None, cmake_target=None, cmake_target_skip_unavailable=False, cmake_clean_cache=False, cmake_clean_first=False, cmake_force_configure=False, ament_cmake_args=None, catkin_cmake_args=None, catkin_skip_building_tests=False, mixin_files=None, mixin=None, verb_parser=<colcon_mixin.mixin.mixin_argument.MixinArgumentDecorator object at 0x7b6d7494da80>, verb_extension=<colcon_core.verb.build.BuildVerb object at 0x7b6d74a5e1a0>, main=<bound method BuildVerb.main of <colcon_core.verb.build.BuildVerb object at 0x7b6d74a5e1a0>>, mixin_verb=('build',))
[0.839s] Level 1:colcon.colcon_core.package_discovery:discover_packages(colcon_meta) check parameters
[0.839s] Level 1:colcon.colcon_core.package_discovery:discover_packages(recursive) check parameters
[0.839s] Level 1:colcon.colcon_core.package_discovery:discover_packages(ignore) check parameters
[0.839s] Level 1:colcon.colcon_core.package_discovery:discover_packages(path) check parameters
[0.839s] Level 1:colcon.colcon_core.package_discovery:discover_packages(colcon_meta) discover
[0.839s] Level 1:colcon.colcon_core.package_discovery:discover_packages(recursive) discover
[0.840s] INFO:colcon.colcon_core.package_discovery:Crawling recursively for packages in '/home/delewlew/assessments/week4'
[0.840s] Level 1:colcon.colcon_core.package_identification:_identify(.) by extensions ['ignore', 'ignore_ament_install']
[0.840s] Level 1:colcon.colcon_core.package_identification:_identify(.) by extension 'ignore'
[0.840s] Level 1:colcon.colcon_core.package_identification:_identify(.) by extension 'ignore_ament_install'
[0.840s] Level 1:colcon.colcon_core.package_identification:_identify(.) by extensions ['colcon_pkg']
[0.840s] Level 1:colcon.colcon_core.package_identification:_identify(.) by extension 'colcon_pkg'
[0.840s] Level 1:colcon.colcon_core.package_identification:_identify(.) by extensions ['colcon_meta']
[0.840s] Level 1:colcon.colcon_core.package_identification:_identify(.) by extension 'colcon_meta'
[0.840s] Level 1:colcon.colcon_core.package_identification:_identify(.) by extensions ['ros']
[0.840s] Level 1:colcon.colcon_core.package_identification:_identify(.) by extension 'ros'
[0.856s] Level 1:colcon.colcon_core.package_identification:_identify(.) by extensions ['cmake', 'python']
[0.857s] Level 1:colcon.colcon_core.package_identification:_identify(.) by extension 'cmake'
[0.857s] Level 1:colcon.colcon_core.package_identification:_identify(.) by extension 'python'
[0.857s] Level 1:colcon.colcon_core.package_identification:_identify(.) by extensions ['python_setup_py']
[0.857s] Level 1:colcon.colcon_core.package_identification:_identify(.) by extension 'python_setup_py'
[0.857s] Level 1:colcon.colcon_core.package_identification:_identify(build) by extensions ['ignore', 'ignore_ament_install']
[0.857s] Level 1:colcon.colcon_core.package_identification:_identify(build) by extension 'ignore'
[0.857s] Level 1:colcon.colcon_core.package_identification:_identify(build) ignored
[0.857s] Level 1:colcon.colcon_core.package_identification:_identify(install) by extensions ['ignore', 'ignore_ament_install']
[0.857s] Level 1:colcon.colcon_core.package_identification:_identify(install) by extension 'ignore'
[0.857s] Level 1:colcon.colcon_core.package_identification:_identify(install) ignored
[0.857s] Level 1:colcon.colcon_core.package_identification:_identify(log) by extensions ['ignore', 'ignore_ament_install']
[0.857s] Level 1:colcon.colcon_core.package_identification:_identify(log) by extension 'ignore'
[0.857s] Level 1:colcon.colcon_core.package_identification:_identify(log) ignored
[0.858s] Level 1:colcon.colcon_core.package_identification:_identify(src) by extensions ['ignore', 'ignore_ament_install']
[0.858s] Level 1:colcon.colcon_core.package_identification:_identify(src) by extension 'ignore'
[0.858s] Level 1:colcon.colcon_core.package_identification:_identify(src) by extension 'ignore_ament_install'
[0.859s] Level 1:colcon.colcon_core.package_identification:_identify(src) by extensions ['colcon_pkg']
[0.859s] Level 1:colcon.colcon_core.package_identification:_identify(src) by extension 'colcon_pkg'
[0.859s] Level 1:colcon.colcon_core.package_identification:_identify(src) by extensions ['colcon_meta']
[0.859s] Level 1:colcon.colcon_core.package_identification:_identify(src) by extension 'colcon_meta'
[0.859s] Level 1:colcon.colcon_core.package_identification:_identify(src) by extensions ['ros']
[0.859s] Level 1:colcon.colcon_core.package_identification:_identify(src) by extension 'ros'
[0.859s] Level 1:colcon.colcon_core.package_identification:_identify(src) by extensions ['cmake', 'python']
[0.859s] Level 1:colcon.colcon_core.package_identification:_identify(src) by extension 'cmake'
[0.859s] Level 1:colcon.colcon_core.package_identification:_identify(src) by extension 'python'
[0.859s] Level 1:colcon.colcon_core.package_identification:_identify(src) by extensions ['python_setup_py']
[0.859s] Level 1:colcon.colcon_core.package_identification:_identify(src) by extension 'python_setup_py'
[0.860s] Level 1:colcon.colcon_core.package_identification:_identify(src/build) by extensions ['ignore', 'ignore_ament_install']
[0.860s] Level 1:colcon.colcon_core.package_identification:_identify(src/build) by extension 'ignore'
[0.860s] Level 1:colcon.colcon_core.package_identification:_identify(src/build) ignored
[0.861s] Level 1:colcon.colcon_core.package_identification:_identify(src/install) by extensions ['ignore', 'ignore_ament_install']
[0.861s] Level 1:colcon.colcon_core.package_identification:_identify(src/install) by extension 'ignore'
[0.861s] Level 1:colcon.colcon_core.package_identification:_identify(src/install) ignored
[0.862s] Level 1:colcon.colcon_core.package_identification:_identify(src/leeds) by extensions ['ignore', 'ignore_ament_install']
[0.862s] Level 1:colcon.colcon_core.package_identification:_identify(src/leeds) by extension 'ignore'
[0.862s] Level 1:colcon.colcon_core.package_identification:_identify(src/leeds) by extension 'ignore_ament_install'
[0.862s] Level 1:colcon.colcon_core.package_identification:_identify(src/leeds) by extensions ['colcon_pkg']
[0.862s] Level 1:colcon.colcon_core.package_identification:_identify(src/leeds) by extension 'colcon_pkg'
[0.862s] Level 1:colcon.colcon_core.package_identification:_identify(src/leeds) by extensions ['colcon_meta']
[0.862s] Level 1:colcon.colcon_core.package_identification:_identify(src/leeds) by extension 'colcon_meta'
[0.862s] Level 1:colcon.colcon_core.package_identification:_identify(src/leeds) by extensions ['ros']
[0.862s] Level 1:colcon.colcon_core.package_identification:_identify(src/leeds) by extension 'ros'
[0.868s] DEBUG:colcon.colcon_core.package_identification:Package 'src/leeds' with type 'ros.ament_cmake' and name 'leeds'
[0.868s] Level 1:colcon.colcon_core.package_identification:_identify(src/log) by extensions ['ignore', 'ignore_ament_install']
[0.868s] Level 1:colcon.colcon_core.package_identification:_identify(src/log) by extension 'ignore'
[0.868s] Level 1:colcon.colcon_core.package_identification:_identify(src/log) ignored
[0.869s] Level 1:colcon.colcon_core.package_identification:_identify(src/mazda) by extensions ['ignore', 'ignore_ament_install']
[0.870s] Level 1:colcon.colcon_core.package_identification:_identify(src/mazda) by extension 'ignore'
[0.870s] Level 1:colcon.colcon_core.package_identification:_identify(src/mazda) by extension 'ignore_ament_install'
[0.870s] Level 1:colcon.colcon_core.package_identification:_identify(src/mazda) by extensions ['colcon_pkg']
[0.870s] Level 1:colcon.colcon_core.package_identification:_identify(src/mazda) by extension 'colcon_pkg'
[0.870s] Level 1:colcon.colcon_core.package_identification:_identify(src/mazda) by extensions ['colcon_meta']
[0.870s] Level 1:colcon.colcon_core.package_identification:_identify(src/mazda) by extension 'colcon_meta'
[0.870s] Level 1:colcon.colcon_core.package_identification:_identify(src/mazda) by extensions ['ros']
[0.870s] Level 1:colcon.colcon_core.package_identification:_identify(src/mazda) by extension 'ros'
[0.871s] DEBUG:colcon.colcon_core.package_identification:Package 'src/mazda' with type 'ros.ament_python' and name 'mazda'
[0.872s] Level 1:colcon.colcon_core.package_identification:_identify(src/residence_hall) by extensions ['ignore', 'ignore_ament_install']
[0.872s] Level 1:colcon.colcon_core.package_identification:_identify(src/residence_hall) by extension 'ignore'
[0.872s] Level 1:colcon.colcon_core.package_identification:_identify(src/residence_hall) by extension 'ignore_ament_install'
[0.872s] Level 1:colcon.colcon_core.package_identification:_identify(src/residence_hall) by extensions ['colcon_pkg']
[0.872s] Level 1:colcon.colcon_core.package_identification:_identify(src/residence_hall) by extension 'colcon_pkg'
[0.872s] Level 1:colcon.colcon_core.package_identification:_identify(src/residence_hall) by extensions ['colcon_meta']
[0.872s] Level 1:colcon.colcon_core.package_identification:_identify(src/residence_hall) by extension 'colcon_meta'
[0.872s] Level 1:colcon.colcon_core.package_identification:_identify(src/residence_hall) by extensions ['ros']
[0.872s] Level 1:colcon.colcon_core.package_identification:_identify(src/residence_hall) by extension 'ros'
[0.873s] DEBUG:colcon.colcon_core.package_identification:Package 'src/residence_hall' with type 'ros.ament_python' and name 'residence_hall'
[0.873s] Level 1:colcon.colcon_core.package_discovery:discover_packages(recursive) using defaults
[0.873s] Level 1:colcon.colcon_core.package_discovery:discover_packages(ignore) discover
[0.873s] Level 1:colcon.colcon_core.package_discovery:discover_packages(ignore) using defaults
[0.873s] Level 1:colcon.colcon_core.package_discovery:discover_packages(path) discover
[0.873s] Level 1:colcon.colcon_core.package_discovery:discover_packages(path) using defaults
[0.920s] Level 1:colcon.colcon_core.package_discovery:discover_packages(prefix_path) check parameters
[0.920s] Level 1:colcon.colcon_core.package_discovery:discover_packages(prefix_path) discover
[0.925s] DEBUG:colcon.colcon_installed_package_information.package_discovery:Found 270 installed packages in /opt/ros/humble
[0.934s] Level 1:colcon.colcon_core.package_discovery:discover_packages(prefix_path) using defaults
[0.962s] Level 5:colcon.colcon_core.verb:set package 'leeds' build argument 'cmake_args' from command line to 'None'
[0.962s] Level 5:colcon.colcon_core.verb:set package 'leeds' build argument 'cmake_target' from command line to 'None'
[0.962s] Level 5:colcon.colcon_core.verb:set package 'leeds' build argument 'cmake_target_skip_unavailable' from command line to 'False'
[0.962s] Level 5:colcon.colcon_core.verb:set package 'leeds' build argument 'cmake_clean_cache' from command line to 'False'
[0.962s] Level 5:colcon.colcon_core.verb:set package 'leeds' build argument 'cmake_clean_first' from command line to 'False'
[0.962s] Level 5:colcon.colcon_core.verb:set package 'leeds' build argument 'cmake_force_configure' from command line to 'False'
[0.962s] Level 5:colcon.colcon_core.verb:set package 'leeds' build argument 'ament_cmake_args' from command line to 'None'
[0.962s] Level 5:colcon.colcon_core.verb:set package 'leeds' build argument 'catkin_cmake_args' from command line to 'None'
[0.962s] Level 5:colcon.colcon_core.verb:set package 'leeds' build argument 'catkin_skip_building_tests' from command line to 'False'
[0.962s] DEBUG:colcon.colcon_core.verb:Building package 'leeds' with the following arguments: {'ament_cmake_args': None, 'build_base': '/home/delewlew/assessments/week4/build/leeds', 'catkin_cmake_args': None, 'catkin_skip_building_tests': False, 'cmake_args': None, 'cmake_clean_cache': False, 'cmake_clean_first': False, 'cmake_force_configure': False, 'cmake_target': None, 'cmake_target_skip_unavailable': False, 'install_base': '/home/delewlew/assessments/week4/install/leeds', 'merge_install': False, 'path': '/home/delewlew/assessments/week4/src/leeds', 'symlink_install': False, 'test_result_base': None}
[0.962s] Level 5:colcon.colcon_core.verb:set package 'mazda' build argument 'cmake_args' from command line to 'None'
[0.963s] Level 5:colcon.colcon_core.verb:set package 'mazda' build argument 'cmake_target' from command line to 'None'
[0.963s] Level 5:colcon.colcon_core.verb:set package 'mazda' build argument 'cmake_target_skip_unavailable' from command line to 'False'
[0.963s] Level 5:colcon.colcon_core.verb:set package 'mazda' build argument 'cmake_clean_cache' from command line to 'False'
[0.963s] Level 5:colcon.colcon_core.verb:set package 'mazda' build argument 'cmake_clean_first' from command line to 'False'
[0.963s] Level 5:colcon.colcon_core.verb:set package 'mazda' build argument 'cmake_force_configure' from command line to 'False'
[0.963s] Level 5:colcon.colcon_core.verb:set package 'mazda' build argument 'ament_cmake_args' from command line to 'None'
[0.963s] Level 5:colcon.colcon_core.verb:set package 'mazda' build argument 'catkin_cmake_args' from command line to 'None'
[0.963s] Level 5:colcon.colcon_core.verb:set package 'mazda' build argument 'catkin_skip_building_tests' from command line to 'False'
[0.963s] DEBUG:colcon.colcon_core.verb:Building package 'mazda' with the following arguments: {'ament_cmake_args': None, 'build_base': '/home/delewlew/assessments/week4/build/mazda', 'catkin_cmake_args': None, 'catkin_skip_building_tests': False, 'cmake_args': None, 'cmake_clean_cache': False, 'cmake_clean_first': False, 'cmake_force_configure': False, 'cmake_target': None, 'cmake_target_skip_unavailable': False, 'install_base': '/home/delewlew/assessments/week4/install/mazda', 'merge_install': False, 'path': '/home/delewlew/assessments/week4/src/mazda', 'symlink_install': False, 'test_result_base': None}
[0.963s] Level 5:colcon.colcon_core.verb:set package 'residence_hall' build argument 'cmake_args' from command line to 'None'
[0.963s] Level 5:colcon.colcon_core.verb:set package 'residence_hall' build argument 'cmake_target' from command line to 'None'
[0.963s] Level 5:colcon.colcon_core.verb:set package 'residence_hall' build argument 'cmake_target_skip_unavailable' from command line to 'False'
[0.963s] Level 5:colcon.colcon_core.verb:set package 'residence_hall' build argument 'cmake_clean_cache' from command line to 'False'
[0.963s] Level 5:colcon.colcon_core.verb:set package 'residence_hall' build argument 'cmake_clean_first' from command line to 'False'
[0.963s] Level 5:colcon.colcon_core.verb:set package 'residence_hall' build argument 'cmake_force_configure' from command line to 'False'
[0.963s] Level 5:colcon.colcon_core.verb:set package 'residence_hall' build argument 'ament_cmake_args' from command line to 'None'
[0.963s] Level 5:colcon.colcon_core.verb:set package 'residence_hall' build argument 'catkin_cmake_args' from command line to 'None'
[0.963s] Level 5:colcon.colcon_core.verb:set package 'residence_hall' build argument 'catkin_skip_building_tests' from command line to 'False'
[0.963s] DEBUG:colcon.colcon_core.verb:Building package 'residence_hall' with the following arguments: {'ament_cmake_args': None, 'build_base': '/home/delewlew/assessments/week4/build/residence_hall', 'catkin_cmake_args': None, 'catkin_skip_building_tests': False, 'cmake_args': None, 'cmake_clean_cache': False, 'cmake_clean_first': False, 'cmake_force_configure': False, 'cmake_target': None, 'cmake_target_skip_unavailable': False, 'install_base': '/home/delewlew/assessments/week4/install/residence_hall', 'merge_install': False, 'path': '/home/delewlew/assessments/week4/src/residence_hall', 'symlink_install': False, 'test_result_base': None}
[0.963s] INFO:colcon.colcon_core.executor:Executing jobs using 'parallel' executor
[0.964s] DEBUG:colcon.colcon_parallel_executor.executor.parallel:run_until_complete
[0.965s] INFO:colcon.colcon_ros.task.ament_cmake.build:Building ROS package in '/home/delewlew/assessments/week4/src/leeds' with build type 'ament_cmake'
[0.965s] INFO:colcon.colcon_cmake.task.cmake.build:Building CMake package in '/home/delewlew/assessments/week4/src/leeds'
[0.975s] INFO:colcon.colcon_core.plugin_system:Skipping extension 'colcon_core.shell.bat': Not used on non-Windows systems
[0.975s] INFO:colcon.colcon_core.shell:Skip shell extension 'powershell' for command environment: Not usable outside of PowerShell
[0.975s] DEBUG:colcon.colcon_core.shell:Skip shell extension 'dsv' for command environment
[0.979s] INFO:colcon.colcon_ros.task.ament_python.build:Building ROS package in '/home/delewlew/assessments/week4/src/mazda' with build type 'ament_python'
[0.979s] Level 1:colcon.colcon_core.shell:create_environment_hook('mazda', 'ament_prefix_path')
[0.980s] INFO:colcon.colcon_core.shell:Creating environment hook '/home/delewlew/assessments/week4/install/mazda/share/mazda/hook/ament_prefix_path.ps1'
[0.984s] INFO:colcon.colcon_core.shell:Creating environment descriptor '/home/delewlew/assessments/week4/install/mazda/share/mazda/hook/ament_prefix_path.dsv'
[0.985s] INFO:colcon.colcon_core.shell:Creating environment hook '/home/delewlew/assessments/week4/install/mazda/share/mazda/hook/ament_prefix_path.sh'
[0.987s] INFO:colcon.colcon_core.shell:Skip shell extension 'powershell' for command environment: Not usable outside of PowerShell
[0.988s] DEBUG:colcon.colcon_core.shell:Skip shell extension 'dsv' for command environment
[0.992s] INFO:colcon.colcon_ros.task.ament_python.build:Building ROS package in '/home/delewlew/assessments/week4/src/residence_hall' with build type 'ament_python'
[0.992s] Level 1:colcon.colcon_core.shell:create_environment_hook('residence_hall', 'ament_prefix_path')
[0.993s] INFO:colcon.colcon_core.shell:Creating environment hook '/home/delewlew/assessments/week4/install/residence_hall/share/residence_hall/hook/ament_prefix_path.ps1'
[0.996s] INFO:colcon.colcon_core.shell:Creating environment descriptor '/home/delewlew/assessments/week4/install/residence_hall/share/residence_hall/hook/ament_prefix_path.dsv'
[0.997s] INFO:colcon.colcon_core.shell:Creating environment hook '/home/delewlew/assessments/week4/install/residence_hall/share/residence_hall/hook/ament_prefix_path.sh'
[0.998s] INFO:colcon.colcon_core.shell:Skip shell extension 'powershell' for command environment: Not usable outside of PowerShell
[0.998s] DEBUG:colcon.colcon_core.shell:Skip shell extension 'dsv' for command environment
[1.016s] DEBUG:colcon.colcon_core.event_handler.log_command:Invoking command in '/home/delewlew/assessments/week4/build/leeds': CMAKE_PREFIX_PATH=/opt/ros/humble /usr/bin/cmake /home/delewlew/assessments/week4/src/leeds -DCMAKE_INSTALL_PREFIX=/home/delewlew/assessments/week4/install/leeds
[1.396s] INFO:colcon.colcon_core.task.python.build:Building Python package in '/home/delewlew/assessments/week4/src/mazda'
[1.396s] INFO:colcon.colcon_core.shell:Skip shell extension 'powershell' for command environment: Not usable outside of PowerShell
[1.397s] DEBUG:colcon.colcon_core.shell:Skip shell extension 'dsv' for command environment
[1.712s] INFO:colcon.colcon_core.task.python.build:Building Python package in '/home/delewlew/assessments/week4/src/residence_hall'
[1.713s] INFO:colcon.colcon_core.shell:Skip shell extension 'powershell' for command environment: Not usable outside of PowerShell
[1.713s] DEBUG:colcon.colcon_core.shell:Skip shell extension 'dsv' for command environment
[2.216s] DEBUG:colcon.colcon_core.event_handler.log_command:Invoking command in '/home/delewlew/assessments/week4/src/mazda': PYTHONPATH=/home/delewlew/assessments/week4/build/mazda/prefix_override:/usr/lib/python3/dist-packages/colcon_core/task/python/colcon_distutils_commands:/home/delewlew/assessments/week4/install/mazda/lib/python3.10/site-packages:${PYTHONPATH} /usr/bin/python3 -W ignore:setup.py install is deprecated setup.py egg_info --egg-base ../../build/mazda build --build-base /home/delewlew/assessments/week4/build/mazda/build install --record /home/delewlew/assessments/week4/build/mazda/install.log --single-version-externally-managed install_data
[2.320s] DEBUG:colcon.colcon_core.event_handler.log_command:Invoking command in '/home/delewlew/assessments/week4/src/residence_hall': PYTHONPATH=/home/delewlew/assessments/week4/build/residence_hall/prefix_override:/usr/lib/python3/dist-packages/colcon_core/task/python/colcon_distutils_commands:/home/delewlew/assessments/week4/install/residence_hall/lib/python3.10/site-packages:${PYTHONPATH} /usr/bin/python3 -W ignore:setup.py install is deprecated setup.py egg_info --egg-base ../../build/residence_hall build --build-base /home/delewlew/assessments/week4/build/residence_hall/build install --record /home/delewlew/assessments/week4/build/residence_hall/install.log --single-version-externally-managed install_data
[2.679s] DEBUG:colcon.colcon_core.event_handler.log_command:Invoked command in '/home/delewlew/assessments/week4/src/mazda' returned '0': PYTHONPATH=/home/delewlew/assessments/week4/build/mazda/prefix_override:/usr/lib/python3/dist-packages/colcon_core/task/python/colcon_distutils_commands:/home/delewlew/assessments/week4/install/mazda/lib/python3.10/site-packages:${PYTHONPATH} /usr/bin/python3 -W ignore:setup.py install is deprecated setup.py egg_info --egg-base ../../build/mazda build --build-base /home/delewlew/assessments/week4/build/mazda/build install --record /home/delewlew/assessments/week4/build/mazda/install.log --single-version-externally-managed install_data
[2.691s] Level 1:colcon.colcon_core.environment:checking '/home/delewlew/assessments/week4/install/mazda' for CMake module files
[2.692s] Level 1:colcon.colcon_core.environment:checking '/home/delewlew/assessments/week4/install/mazda' for CMake config files
[2.693s] Level 1:colcon.colcon_core.environment:checking '/home/delewlew/assessments/week4/install/mazda/lib'
[2.693s] Level 1:colcon.colcon_core.environment:checking '/home/delewlew/assessments/week4/install/mazda/bin'
[2.693s] Level 1:colcon.colcon_core.environment:checking '/home/delewlew/assessments/week4/install/mazda/lib/pkgconfig/mazda.pc'
[2.694s] Level 1:colcon.colcon_core.environment:checking '/home/delewlew/assessments/week4/install/mazda/lib/python3.10/site-packages'
[2.694s] Level 1:colcon.colcon_core.shell:create_environment_hook('mazda', 'pythonpath')
[2.694s] INFO:colcon.colcon_core.shell:Creating environment hook '/home/delewlew/assessments/week4/install/mazda/share/mazda/hook/pythonpath.ps1'
[2.695s] INFO:colcon.colcon_core.shell:Creating environment descriptor '/home/delewlew/assessments/week4/install/mazda/share/mazda/hook/pythonpath.dsv'
[2.695s] INFO:colcon.colcon_core.shell:Creating environment hook '/home/delewlew/assessments/week4/install/mazda/share/mazda/hook/pythonpath.sh'
[2.696s] Level 1:colcon.colcon_core.environment:checking '/home/delewlew/assessments/week4/install/mazda/bin'
[2.696s] Level 1:colcon.colcon_core.environment:create_environment_scripts_only(mazda)
[2.697s] INFO:colcon.colcon_core.shell:Creating package script '/home/delewlew/assessments/week4/install/mazda/share/mazda/package.ps1'
[2.699s] INFO:colcon.colcon_core.shell:Creating package descriptor '/home/delewlew/assessments/week4/install/mazda/share/mazda/package.dsv'
[2.703s] INFO:colcon.colcon_core.shell:Creating package script '/home/delewlew/assessments/week4/install/mazda/share/mazda/package.sh'
[2.706s] INFO:colcon.colcon_core.shell:Creating package script '/home/delewlew/assessments/week4/install/mazda/share/mazda/package.bash'
[2.709s] INFO:colcon.colcon_core.shell:Creating package script '/home/delewlew/assessments/week4/install/mazda/share/mazda/package.zsh'
[2.711s] Level 1:colcon.colcon_core.environment:create_file_with_runtime_dependencies(/home/delewlew/assessments/week4/install/mazda/share/colcon-core/packages/mazda)
[2.713s] Level 1:colcon.colcon_core.environment:checking '/home/delewlew/assessments/week4/install/residence_hall' for CMake module files
[2.715s] DEBUG:colcon.colcon_core.event_handler.log_command:Invoked command in '/home/delewlew/assessments/week4/src/residence_hall' returned '0': PYTHONPATH=/home/delewlew/assessments/week4/build/residence_hall/prefix_override:/usr/lib/python3/dist-packages/colcon_core/task/python/colcon_distutils_commands:/home/delewlew/assessments/week4/install/residence_hall/lib/python3.10/site-packages:${PYTHONPATH} /usr/bin/python3 -W ignore:setup.py install is deprecated setup.py egg_info --egg-base ../../build/residence_hall build --build-base /home/delewlew/assessments/week4/build/residence_hall/build install --record /home/delewlew/assessments/week4/build/residence_hall/install.log --single-version-externally-managed install_data
[2.715s] Level 1:colcon.colcon_core.environment:checking '/home/delewlew/assessments/week4/install/residence_hall' for CMake config files
[2.716s] Level 1:colcon.colcon_core.environment:checking '/home/delewlew/assessments/week4/install/residence_hall/lib'
[2.716s] Level 1:colcon.colcon_core.environment:checking '/home/delewlew/assessments/week4/install/residence_hall/bin'
[2.716s] Level 1:colcon.colcon_core.environment:checking '/home/delewlew/assessments/week4/install/residence_hall/lib/pkgconfig/residence_hall.pc'
[2.716s] Level 1:colcon.colcon_core.environment:checking '/home/delewlew/assessments/week4/install/residence_hall/lib/python3.10/site-packages'
[2.716s] Level 1:colcon.colcon_core.shell:create_environment_hook('residence_hall', 'pythonpath')
[2.717s] INFO:colcon.colcon_core.shell:Creating environment hook '/home/delewlew/assessments/week4/install/residence_hall/share/residence_hall/hook/pythonpath.ps1'
[2.717s] INFO:colcon.colcon_core.shell:Creating environment descriptor '/home/delewlew/assessments/week4/install/residence_hall/share/residence_hall/hook/pythonpath.dsv'
[2.718s] INFO:colcon.colcon_core.shell:Creating environment hook '/home/delewlew/assessments/week4/install/residence_hall/share/residence_hall/hook/pythonpath.sh'
[2.719s] Level 1:colcon.colcon_core.environment:checking '/home/delewlew/assessments/week4/install/residence_hall/bin'
[2.719s] Level 1:colcon.colcon_core.environment:create_environment_scripts_only(residence_hall)
[2.720s] INFO:colcon.colcon_core.shell:Creating package script '/home/delewlew/assessments/week4/install/residence_hall/share/residence_hall/package.ps1'
[2.721s] INFO:colcon.colcon_core.shell:Creating package descriptor '/home/delewlew/assessments/week4/install/residence_hall/share/residence_hall/package.dsv'
[2.721s] INFO:colcon.colcon_core.shell:Creating package script '/home/delewlew/assessments/week4/install/residence_hall/share/residence_hall/package.sh'
[2.722s] INFO:colcon.colcon_core.shell:Creating package script '/home/delewlew/assessments/week4/install/residence_hall/share/residence_hall/package.bash'
[2.723s] INFO:colcon.colcon_core.shell:Creating package script '/home/delewlew/assessments/week4/install/residence_hall/share/residence_hall/package.zsh'
[2.724s] Level 1:colcon.colcon_core.environment:create_file_with_runtime_dependencies(/home/delewlew/assessments/week4/install/residence_hall/share/colcon-core/packages/residence_hall)
[2.874s] DEBUG:colcon.colcon_core.event_handler.log_command:Invoked command in '/home/delewlew/assessments/week4/build/leeds' returned '1': CMAKE_PREFIX_PATH=/opt/ros/humble /usr/bin/cmake /home/delewlew/assessments/week4/src/leeds -DCMAKE_INSTALL_PREFIX=/home/delewlew/assessments/week4/install/leeds
[2.885s] Level 1:colcon.colcon_core.environment:create_environment_scripts_only(leeds)
[2.886s] Level 1:colcon.colcon_core.environment:checking '/home/delewlew/assessments/week4/install/leeds' for CMake module files
[2.886s] Level 1:colcon.colcon_core.environment:checking '/home/delewlew/assessments/week4/install/leeds' for CMake config files
[2.887s] Level 1:colcon.colcon_core.environment:checking '/home/delewlew/assessments/week4/install/leeds/bin'
[2.887s] Level 1:colcon.colcon_core.environment:checking '/home/delewlew/assessments/week4/install/leeds/lib/pkgconfig/leeds.pc'
[2.887s] Level 1:colcon.colcon_core.environment:checking '/home/delewlew/assessments/week4/install/leeds/lib/python3.10/site-packages'
[2.888s] Level 1:colcon.colcon_core.environment:checking '/home/delewlew/assessments/week4/install/leeds/bin'
[2.888s] INFO:colcon.colcon_core.shell:Creating package script '/home/delewlew/assessments/week4/install/leeds/share/leeds/package.ps1'
[2.889s] INFO:colcon.colcon_core.shell:Creating package descriptor '/home/delewlew/assessments/week4/install/leeds/share/leeds/package.dsv'
[2.889s] INFO:colcon.colcon_core.shell:Creating package script '/home/delewlew/assessments/week4/install/leeds/share/leeds/package.sh'
[2.890s] INFO:colcon.colcon_core.shell:Creating package script '/home/delewlew/assessments/week4/install/leeds/share/leeds/package.bash'
[2.890s] INFO:colcon.colcon_core.shell:Creating package script '/home/delewlew/assessments/week4/install/leeds/share/leeds/package.zsh'
[2.891s] Level 1:colcon.colcon_core.environment:create_file_with_runtime_dependencies(/home/delewlew/assessments/week4/install/leeds/share/colcon-core/packages/leeds)
[2.902s] DEBUG:colcon.colcon_parallel_executor.executor.parallel:closing loop
[2.902s] DEBUG:colcon.colcon_parallel_executor.executor.parallel:loop closed
[2.902s] DEBUG:colcon.colcon_parallel_executor.executor.parallel:run_until_complete finished with '1'
[2.902s] DEBUG:colcon.colcon_core.event_reactor:joining thread
[2.914s] INFO:colcon.colcon_core.plugin_system:Skipping extension 'colcon_notification.desktop_notification.terminal_notifier': Not used on non-Darwin systems
[2.914s] INFO:colcon.colcon_core.plugin_system:Skipping extension 'colcon_notification.desktop_notification.win32': Not used on non-Windows systems
[2.914s] INFO:colcon.colcon_notification.desktop_notification:Sending desktop notification using 'notify2'
[2.947s] DEBUG:colcon.colcon_core.event_reactor:joined thread
[2.947s] INFO:colcon.colcon_core.shell:Creating prefix script '/home/delewlew/assessments/week4/install/local_setup.ps1'
[2.949s] INFO:colcon.colcon_core.shell:Creating prefix util module '/home/delewlew/assessments/week4/install/_local_setup_util_ps1.py'
[2.952s] INFO:colcon.colcon_core.shell:Creating prefix chain script '/home/delewlew/assessments/week4/install/setup.ps1'
[2.955s] INFO:colcon.colcon_core.shell:Creating prefix script '/home/delewlew/assessments/week4/install/local_setup.sh'
[2.958s] INFO:colcon.colcon_core.shell:Creating prefix util module '/home/delewlew/assessments/week4/install/_local_setup_util_sh.py'
[2.959s] INFO:colcon.colcon_core.shell:Creating prefix chain script '/home/delewlew/assessments/week4/install/setup.sh'
[2.966s] INFO:colcon.colcon_core.shell:Creating prefix script '/home/delewlew/assessments/week4/install/local_setup.bash'
[2.968s] INFO:colcon.colcon_core.shell:Creating prefix chain script '/home/delewlew/assessments/week4/install/setup.bash'
[2.970s] INFO:colcon.colcon_core.shell:Creating prefix script '/home/delewlew/assessments/week4/install/local_setup.zsh'
[2.971s] INFO:colcon.colcon_core.shell:Creating prefix chain script '/home/delewlew/assessments/week4/install/setup.zsh'
