[2.442s] Invoking command in '/home/delewlew/ros2_tutorial_workspace_2/src/python_package_that_uses_the_services': PYTHONPATH=/home/delewlew/ros2_tutorial_workspace_2/src/build/python_package_that_uses_the_services/prefix_override:/usr/lib/python3/dist-packages/colcon_core/task/python/colcon_distutils_commands:/home/delewlew/ros2_tutorial_workspace_2/src/install/python_package_that_uses_the_services/lib/python3.10/site-packages:${PYTHONPATH} /usr/bin/python3 -W ignore:setup.py install is deprecated setup.py egg_info --egg-base ../build/python_package_that_uses_the_services build --build-base /home/delewlew/ros2_tutorial_workspace_2/src/build/python_package_that_uses_the_services/build install --record /home/delewlew/ros2_tutorial_workspace_2/src/build/python_package_that_uses_the_services/install.log --single-version-externally-managed install_data
[2.882s] running egg_info
[2.885s] writing ../build/python_package_that_uses_the_services/python_package_that_uses_the_services.egg-info/PKG-INFO
[2.885s] writing dependency_links to ../build/python_package_that_uses_the_services/python_package_that_uses_the_services.egg-info/dependency_links.txt
[2.885s] writing entry points to ../build/python_package_that_uses_the_services/python_package_that_uses_the_services.egg-info/entry_points.txt
[2.886s] writing requirements to ../build/python_package_that_uses_the_services/python_package_that_uses_the_services.egg-info/requires.txt
[2.886s] writing top-level names to ../build/python_package_that_uses_the_services/python_package_that_uses_the_services.egg-info/top_level.txt
[2.891s] reading manifest file '../build/python_package_that_uses_the_services/python_package_that_uses_the_services.egg-info/SOURCES.txt'
[2.894s] writing manifest file '../build/python_package_that_uses_the_services/python_package_that_uses_the_services.egg-info/SOURCES.txt'
[2.895s] running build
[2.897s] running build_py
[2.898s] running install
[2.899s] running install_lib
[2.900s] running install_data
[2.901s] running install_egg_info
[2.901s] removing '/home/delewlew/ros2_tutorial_workspace_2/src/install/python_package_that_uses_the_services/lib/python3.10/site-packages/python_package_that_uses_the_services-0.0.0-py3.10.egg-info' (and everything under it)
[2.901s] Copying ../build/python_package_that_uses_the_services/python_package_that_uses_the_services.egg-info to /home/delewlew/ros2_tutorial_workspace_2/src/install/python_package_that_uses_the_services/lib/python3.10/site-packages/python_package_that_uses_the_services-0.0.0-py3.10.egg-info
[2.902s] running install_scripts
[2.941s] Installing what_is_the_point_service_client_node script to /home/delewlew/ros2_tutorial_workspace_2/src/install/python_package_that_uses_the_services/lib/python_package_that_uses_the_services
[2.942s] Installing what_is_the_point_service_server_node script to /home/delewlew/ros2_tutorial_workspace_2/src/install/python_package_that_uses_the_services/lib/python_package_that_uses_the_services
[2.942s] writing list of installed files to '/home/delewlew/ros2_tutorial_workspace_2/src/build/python_package_that_uses_the_services/install.log'
[2.995s] Invoked command in '/home/delewlew/ros2_tutorial_workspace_2/src/python_package_that_uses_the_services' returned '0': PYTHONPATH=/home/delewlew/ros2_tutorial_workspace_2/src/build/python_package_that_uses_the_services/prefix_override:/usr/lib/python3/dist-packages/colcon_core/task/python/colcon_distutils_commands:/home/delewlew/ros2_tutorial_workspace_2/src/install/python_package_that_uses_the_services/lib/python3.10/site-packages:${PYTHONPATH} /usr/bin/python3 -W ignore:setup.py install is deprecated setup.py egg_info --egg-base ../build/python_package_that_uses_the_services build --build-base /home/delewlew/ros2_tutorial_workspace_2/src/build/python_package_that_uses_the_services/build install --record /home/delewlew/ros2_tutorial_workspace_2/src/build/python_package_that_uses_the_services/install.log --single-version-externally-managed install_data
