[0.503s] Invoking command in '/home/delewlew/ros2_tutorial_workspace/src/python_package_that_uses_the_messages': AMENT_PREFIX_PATH=/home/delewlew/ros2_tutorial_workspace/install/package_with_interfaces:${AMENT_PREFIX_PATH} CMAKE_PREFIX_PATH=/home/delewlew/ros2_tutorial_workspace/install/package_with_interfaces LD_LIBRARY_PATH=/home/delewlew/ros2_tutorial_workspace/install/package_with_interfaces/lib:${LD_LIBRARY_PATH} PYTHONPATH=/home/delewlew/ros2_tutorial_workspace/build/python_package_that_uses_the_messages/prefix_override:/usr/lib/python3/dist-packages/colcon_core/task/python/colcon_distutils_commands:/home/delewlew/ros2_tutorial_workspace/install/python_package_that_uses_the_messages/lib/python3.10/site-packages:/home/delewlew/ros2_tutorial_workspace/install/package_with_interfaces/local/lib/python3.10/dist-packages:${PYTHONPATH} /usr/bin/python3 -W ignore:setup.py install is deprecated setup.py egg_info --egg-base ../../build/python_package_that_uses_the_messages build --build-base /home/delewlew/ros2_tutorial_workspace/build/python_package_that_uses_the_messages/build install --record /home/delewlew/ros2_tutorial_workspace/build/python_package_that_uses_the_messages/install.log --single-version-externally-managed install_data
[0.682s] running egg_info
[0.683s] writing ../../build/python_package_that_uses_the_messages/python_package_that_uses_the_messages.egg-info/PKG-INFO
[0.683s] writing dependency_links to ../../build/python_package_that_uses_the_messages/python_package_that_uses_the_messages.egg-info/dependency_links.txt
[0.684s] writing entry points to ../../build/python_package_that_uses_the_messages/python_package_that_uses_the_messages.egg-info/entry_points.txt
[0.684s] writing requirements to ../../build/python_package_that_uses_the_messages/python_package_that_uses_the_messages.egg-info/requires.txt
[0.684s] writing top-level names to ../../build/python_package_that_uses_the_messages/python_package_that_uses_the_messages.egg-info/top_level.txt
[0.685s] reading manifest file '../../build/python_package_that_uses_the_messages/python_package_that_uses_the_messages.egg-info/SOURCES.txt'
[0.686s] writing manifest file '../../build/python_package_that_uses_the_messages/python_package_that_uses_the_messages.egg-info/SOURCES.txt'
[0.686s] running build
[0.686s] running build_py
[0.687s] running install
[0.687s] running install_lib
[0.687s] running install_data
[0.688s] running install_egg_info
[0.689s] removing '/home/delewlew/ros2_tutorial_workspace/install/python_package_that_uses_the_messages/lib/python3.10/site-packages/python_package_that_uses_the_messages-0.0.0-py3.10.egg-info' (and everything under it)
[0.689s] Copying ../../build/python_package_that_uses_the_messages/python_package_that_uses_the_messages.egg-info to /home/delewlew/ros2_tutorial_workspace/install/python_package_that_uses_the_messages/lib/python3.10/site-packages/python_package_that_uses_the_messages-0.0.0-py3.10.egg-info
[0.690s] running install_scripts
[0.707s] Installing amazing_quote_publisher_node script to /home/delewlew/ros2_tutorial_workspace/install/python_package_that_uses_the_messages/lib/python_package_that_uses_the_messages
[0.707s] Installing amazing_quote_subscriber_node script to /home/delewlew/ros2_tutorial_workspace/install/python_package_that_uses_the_messages/lib/python_package_that_uses_the_messages
[0.707s] writing list of installed files to '/home/delewlew/ros2_tutorial_workspace/build/python_package_that_uses_the_messages/install.log'
[0.725s] Invoked command in '/home/delewlew/ros2_tutorial_workspace/src/python_package_that_uses_the_messages' returned '0': AMENT_PREFIX_PATH=/home/delewlew/ros2_tutorial_workspace/install/package_with_interfaces:${AMENT_PREFIX_PATH} CMAKE_PREFIX_PATH=/home/delewlew/ros2_tutorial_workspace/install/package_with_interfaces LD_LIBRARY_PATH=/home/delewlew/ros2_tutorial_workspace/install/package_with_interfaces/lib:${LD_LIBRARY_PATH} PYTHONPATH=/home/delewlew/ros2_tutorial_workspace/build/python_package_that_uses_the_messages/prefix_override:/usr/lib/python3/dist-packages/colcon_core/task/python/colcon_distutils_commands:/home/delewlew/ros2_tutorial_workspace/install/python_package_that_uses_the_messages/lib/python3.10/site-packages:/home/delewlew/ros2_tutorial_workspace/install/package_with_interfaces/local/lib/python3.10/dist-packages:${PYTHONPATH} /usr/bin/python3 -W ignore:setup.py install is deprecated setup.py egg_info --egg-base ../../build/python_package_that_uses_the_messages build --build-base /home/delewlew/ros2_tutorial_workspace/build/python_package_that_uses_the_messages/build install --record /home/delewlew/ros2_tutorial_workspace/build/python_package_that_uses_the_messages/install.log --single-version-externally-managed install_data
